[2024-12-29T00:03:59.352+0000] {processor.py:186} INFO - Started process (PID=124) to work on /home/airflow/.local/lib/python3.12/site-packages/airflow/example_dags/example_bash_operator.py
[2024-12-29T00:03:59.354+0000] {processor.py:914} INFO - Processing file /home/airflow/.local/lib/python3.12/site-packages/airflow/example_dags/example_bash_operator.py for tasks to queue
[2024-12-29T00:03:59.358+0000] {logging_mixin.py:190} INFO - [2024-12-29T00:03:59.357+0000] {dagbag.py:588} INFO - Filling up the DagBag from /home/airflow/.local/lib/python3.12/site-packages/airflow/example_dags/example_bash_operator.py
[2024-12-29T00:03:59.384+0000] {processor.py:925} INFO - DAG(s) 'example_bash_operator' retrieved from /home/airflow/.local/lib/python3.12/site-packages/airflow/example_dags/example_bash_operator.py
[2024-12-29T00:03:59.549+0000] {logging_mixin.py:190} INFO - [2024-12-29T00:03:59.548+0000] {override.py:1911} INFO - Created Permission View: can read on DAG:example_bash_operator
[2024-12-29T00:03:59.567+0000] {logging_mixin.py:190} INFO - [2024-12-29T00:03:59.567+0000] {override.py:1911} INFO - Created Permission View: can edit on DAG:example_bash_operator
[2024-12-29T00:03:59.580+0000] {logging_mixin.py:190} INFO - [2024-12-29T00:03:59.580+0000] {override.py:1911} INFO - Created Permission View: can delete on DAG:example_bash_operator
[2024-12-29T00:03:59.595+0000] {logging_mixin.py:190} INFO - [2024-12-29T00:03:59.594+0000] {override.py:1911} INFO - Created Permission View: can create on DAG Run:example_bash_operator
[2024-12-29T00:03:59.608+0000] {logging_mixin.py:190} INFO - [2024-12-29T00:03:59.607+0000] {override.py:1911} INFO - Created Permission View: can read on DAG Run:example_bash_operator
[2024-12-29T00:03:59.621+0000] {logging_mixin.py:190} INFO - [2024-12-29T00:03:59.621+0000] {override.py:1911} INFO - Created Permission View: can delete on DAG Run:example_bash_operator
[2024-12-29T00:03:59.634+0000] {logging_mixin.py:190} INFO - [2024-12-29T00:03:59.633+0000] {override.py:1911} INFO - Created Permission View: menu access on DAG Run:example_bash_operator
[2024-12-29T00:03:59.634+0000] {logging_mixin.py:190} INFO - [2024-12-29T00:03:59.634+0000] {dag.py:3239} INFO - Sync 1 DAGs
[2024-12-29T00:03:59.654+0000] {logging_mixin.py:190} INFO - [2024-12-29T00:03:59.654+0000] {dag.py:3262} INFO - Creating ORM DAG for example_bash_operator
[2024-12-29T00:03:59.670+0000] {logging_mixin.py:190} INFO - [2024-12-29T00:03:59.670+0000] {dag.py:4180} INFO - Setting next_dagrun for example_bash_operator to 2024-12-28 00:00:00+00:00, run_after=2024-12-29 00:00:00+00:00
[2024-12-29T00:03:59.699+0000] {processor.py:208} INFO - Processing /home/airflow/.local/lib/python3.12/site-packages/airflow/example_dags/example_bash_operator.py took 0.357 seconds
[2024-12-29T00:04:29.811+0000] {processor.py:186} INFO - Started process (PID=188) to work on /home/airflow/.local/lib/python3.12/site-packages/airflow/example_dags/example_bash_operator.py
[2024-12-29T00:04:29.813+0000] {processor.py:914} INFO - Processing file /home/airflow/.local/lib/python3.12/site-packages/airflow/example_dags/example_bash_operator.py for tasks to queue
[2024-12-29T00:04:29.815+0000] {logging_mixin.py:190} INFO - [2024-12-29T00:04:29.815+0000] {dagbag.py:588} INFO - Filling up the DagBag from /home/airflow/.local/lib/python3.12/site-packages/airflow/example_dags/example_bash_operator.py
[2024-12-29T00:04:29.830+0000] {processor.py:925} INFO - DAG(s) 'example_bash_operator' retrieved from /home/airflow/.local/lib/python3.12/site-packages/airflow/example_dags/example_bash_operator.py
[2024-12-29T00:04:29.875+0000] {logging_mixin.py:190} INFO - [2024-12-29T00:04:29.874+0000] {dag.py:3239} INFO - Sync 1 DAGs
[2024-12-29T00:04:29.908+0000] {logging_mixin.py:190} INFO - [2024-12-29T00:04:29.907+0000] {dag.py:4180} INFO - Setting next_dagrun for example_bash_operator to 2024-12-28 00:00:00+00:00, run_after=2024-12-29 00:00:00+00:00
[2024-12-29T00:04:29.934+0000] {processor.py:208} INFO - Processing /home/airflow/.local/lib/python3.12/site-packages/airflow/example_dags/example_bash_operator.py took 0.129 seconds
[2024-12-29T00:05:02.868+0000] {processor.py:186} INFO - Started process (PID=252) to work on /home/airflow/.local/lib/python3.12/site-packages/airflow/example_dags/example_bash_operator.py
[2024-12-29T00:05:02.869+0000] {processor.py:914} INFO - Processing file /home/airflow/.local/lib/python3.12/site-packages/airflow/example_dags/example_bash_operator.py for tasks to queue
[2024-12-29T00:05:02.873+0000] {logging_mixin.py:190} INFO - [2024-12-29T00:05:02.872+0000] {dagbag.py:588} INFO - Filling up the DagBag from /home/airflow/.local/lib/python3.12/site-packages/airflow/example_dags/example_bash_operator.py
[2024-12-29T00:05:02.893+0000] {processor.py:925} INFO - DAG(s) 'example_bash_operator' retrieved from /home/airflow/.local/lib/python3.12/site-packages/airflow/example_dags/example_bash_operator.py
[2024-12-29T00:05:02.937+0000] {logging_mixin.py:190} INFO - [2024-12-29T00:05:02.937+0000] {dag.py:3239} INFO - Sync 1 DAGs
[2024-12-29T00:05:02.971+0000] {logging_mixin.py:190} INFO - [2024-12-29T00:05:02.971+0000] {dag.py:4180} INFO - Setting next_dagrun for example_bash_operator to 2024-12-28 00:00:00+00:00, run_after=2024-12-29 00:00:00+00:00
[2024-12-29T00:05:03.003+0000] {processor.py:208} INFO - Processing /home/airflow/.local/lib/python3.12/site-packages/airflow/example_dags/example_bash_operator.py took 0.143 seconds
[2024-12-29T00:05:34.160+0000] {processor.py:186} INFO - Started process (PID=316) to work on /home/airflow/.local/lib/python3.12/site-packages/airflow/example_dags/example_bash_operator.py
[2024-12-29T00:05:34.161+0000] {processor.py:914} INFO - Processing file /home/airflow/.local/lib/python3.12/site-packages/airflow/example_dags/example_bash_operator.py for tasks to queue
[2024-12-29T00:05:34.164+0000] {logging_mixin.py:190} INFO - [2024-12-29T00:05:34.163+0000] {dagbag.py:588} INFO - Filling up the DagBag from /home/airflow/.local/lib/python3.12/site-packages/airflow/example_dags/example_bash_operator.py
[2024-12-29T00:05:34.180+0000] {processor.py:925} INFO - DAG(s) 'example_bash_operator' retrieved from /home/airflow/.local/lib/python3.12/site-packages/airflow/example_dags/example_bash_operator.py
[2024-12-29T00:05:34.216+0000] {logging_mixin.py:190} INFO - [2024-12-29T00:05:34.216+0000] {dag.py:3239} INFO - Sync 1 DAGs
[2024-12-29T00:05:34.246+0000] {logging_mixin.py:190} INFO - [2024-12-29T00:05:34.246+0000] {dag.py:4180} INFO - Setting next_dagrun for example_bash_operator to 2024-12-28 00:00:00+00:00, run_after=2024-12-29 00:00:00+00:00
[2024-12-29T00:05:34.273+0000] {processor.py:208} INFO - Processing /home/airflow/.local/lib/python3.12/site-packages/airflow/example_dags/example_bash_operator.py took 0.120 seconds
[2024-12-29T00:06:05.482+0000] {processor.py:186} INFO - Started process (PID=380) to work on /home/airflow/.local/lib/python3.12/site-packages/airflow/example_dags/example_bash_operator.py
[2024-12-29T00:06:05.484+0000] {processor.py:914} INFO - Processing file /home/airflow/.local/lib/python3.12/site-packages/airflow/example_dags/example_bash_operator.py for tasks to queue
[2024-12-29T00:06:05.489+0000] {logging_mixin.py:190} INFO - [2024-12-29T00:06:05.488+0000] {dagbag.py:588} INFO - Filling up the DagBag from /home/airflow/.local/lib/python3.12/site-packages/airflow/example_dags/example_bash_operator.py
[2024-12-29T00:06:05.507+0000] {processor.py:925} INFO - DAG(s) 'example_bash_operator' retrieved from /home/airflow/.local/lib/python3.12/site-packages/airflow/example_dags/example_bash_operator.py
[2024-12-29T00:06:05.541+0000] {logging_mixin.py:190} INFO - [2024-12-29T00:06:05.541+0000] {dag.py:3239} INFO - Sync 1 DAGs
[2024-12-29T00:06:05.571+0000] {logging_mixin.py:190} INFO - [2024-12-29T00:06:05.571+0000] {dag.py:4180} INFO - Setting next_dagrun for example_bash_operator to 2024-12-28 00:00:00+00:00, run_after=2024-12-29 00:00:00+00:00
[2024-12-29T00:06:05.596+0000] {processor.py:208} INFO - Processing /home/airflow/.local/lib/python3.12/site-packages/airflow/example_dags/example_bash_operator.py took 0.125 seconds
[2024-12-29T00:06:36.975+0000] {processor.py:186} INFO - Started process (PID=444) to work on /home/airflow/.local/lib/python3.12/site-packages/airflow/example_dags/example_bash_operator.py
[2024-12-29T00:06:36.976+0000] {processor.py:914} INFO - Processing file /home/airflow/.local/lib/python3.12/site-packages/airflow/example_dags/example_bash_operator.py for tasks to queue
[2024-12-29T00:06:36.979+0000] {logging_mixin.py:190} INFO - [2024-12-29T00:06:36.978+0000] {dagbag.py:588} INFO - Filling up the DagBag from /home/airflow/.local/lib/python3.12/site-packages/airflow/example_dags/example_bash_operator.py
[2024-12-29T00:06:36.999+0000] {processor.py:925} INFO - DAG(s) 'example_bash_operator' retrieved from /home/airflow/.local/lib/python3.12/site-packages/airflow/example_dags/example_bash_operator.py
[2024-12-29T00:06:37.041+0000] {logging_mixin.py:190} INFO - [2024-12-29T00:06:37.040+0000] {dag.py:3239} INFO - Sync 1 DAGs
[2024-12-29T00:06:37.076+0000] {logging_mixin.py:190} INFO - [2024-12-29T00:06:37.075+0000] {dag.py:4180} INFO - Setting next_dagrun for example_bash_operator to 2024-12-28 00:00:00+00:00, run_after=2024-12-29 00:00:00+00:00
[2024-12-29T00:06:37.106+0000] {processor.py:208} INFO - Processing /home/airflow/.local/lib/python3.12/site-packages/airflow/example_dags/example_bash_operator.py took 0.138 seconds
[2024-12-29T00:07:08.655+0000] {processor.py:186} INFO - Started process (PID=508) to work on /home/airflow/.local/lib/python3.12/site-packages/airflow/example_dags/example_bash_operator.py
[2024-12-29T00:07:08.657+0000] {processor.py:914} INFO - Processing file /home/airflow/.local/lib/python3.12/site-packages/airflow/example_dags/example_bash_operator.py for tasks to queue
[2024-12-29T00:07:08.661+0000] {logging_mixin.py:190} INFO - [2024-12-29T00:07:08.660+0000] {dagbag.py:588} INFO - Filling up the DagBag from /home/airflow/.local/lib/python3.12/site-packages/airflow/example_dags/example_bash_operator.py
[2024-12-29T00:07:08.684+0000] {processor.py:925} INFO - DAG(s) 'example_bash_operator' retrieved from /home/airflow/.local/lib/python3.12/site-packages/airflow/example_dags/example_bash_operator.py
[2024-12-29T00:07:08.727+0000] {logging_mixin.py:190} INFO - [2024-12-29T00:07:08.726+0000] {dag.py:3239} INFO - Sync 1 DAGs
[2024-12-29T00:07:08.767+0000] {logging_mixin.py:190} INFO - [2024-12-29T00:07:08.767+0000] {dag.py:4180} INFO - Setting next_dagrun for example_bash_operator to 2024-12-28 00:00:00+00:00, run_after=2024-12-29 00:00:00+00:00
[2024-12-29T00:07:08.807+0000] {processor.py:208} INFO - Processing /home/airflow/.local/lib/python3.12/site-packages/airflow/example_dags/example_bash_operator.py took 0.162 seconds
[2024-12-29T00:07:40.481+0000] {processor.py:186} INFO - Started process (PID=573) to work on /home/airflow/.local/lib/python3.12/site-packages/airflow/example_dags/example_bash_operator.py
[2024-12-29T00:07:40.482+0000] {processor.py:914} INFO - Processing file /home/airflow/.local/lib/python3.12/site-packages/airflow/example_dags/example_bash_operator.py for tasks to queue
[2024-12-29T00:07:40.485+0000] {logging_mixin.py:190} INFO - [2024-12-29T00:07:40.484+0000] {dagbag.py:588} INFO - Filling up the DagBag from /home/airflow/.local/lib/python3.12/site-packages/airflow/example_dags/example_bash_operator.py
[2024-12-29T00:07:40.503+0000] {processor.py:925} INFO - DAG(s) 'example_bash_operator' retrieved from /home/airflow/.local/lib/python3.12/site-packages/airflow/example_dags/example_bash_operator.py
[2024-12-29T00:07:40.542+0000] {logging_mixin.py:190} INFO - [2024-12-29T00:07:40.542+0000] {dag.py:3239} INFO - Sync 1 DAGs
[2024-12-29T00:07:40.575+0000] {logging_mixin.py:190} INFO - [2024-12-29T00:07:40.575+0000] {dag.py:4180} INFO - Setting next_dagrun for example_bash_operator to 2024-12-28 00:00:00+00:00, run_after=2024-12-29 00:00:00+00:00
[2024-12-29T00:07:40.606+0000] {processor.py:208} INFO - Processing /home/airflow/.local/lib/python3.12/site-packages/airflow/example_dags/example_bash_operator.py took 0.133 seconds
[2024-12-29T00:08:11.723+0000] {processor.py:186} INFO - Started process (PID=637) to work on /home/airflow/.local/lib/python3.12/site-packages/airflow/example_dags/example_bash_operator.py
[2024-12-29T00:08:11.724+0000] {processor.py:914} INFO - Processing file /home/airflow/.local/lib/python3.12/site-packages/airflow/example_dags/example_bash_operator.py for tasks to queue
[2024-12-29T00:08:11.726+0000] {logging_mixin.py:190} INFO - [2024-12-29T00:08:11.726+0000] {dagbag.py:588} INFO - Filling up the DagBag from /home/airflow/.local/lib/python3.12/site-packages/airflow/example_dags/example_bash_operator.py
[2024-12-29T00:08:11.739+0000] {processor.py:925} INFO - DAG(s) 'example_bash_operator' retrieved from /home/airflow/.local/lib/python3.12/site-packages/airflow/example_dags/example_bash_operator.py
[2024-12-29T00:08:11.773+0000] {logging_mixin.py:190} INFO - [2024-12-29T00:08:11.772+0000] {dag.py:3239} INFO - Sync 1 DAGs
[2024-12-29T00:08:11.801+0000] {logging_mixin.py:190} INFO - [2024-12-29T00:08:11.800+0000] {dag.py:4180} INFO - Setting next_dagrun for example_bash_operator to 2024-12-28 00:00:00+00:00, run_after=2024-12-29 00:00:00+00:00
[2024-12-29T00:08:11.823+0000] {processor.py:208} INFO - Processing /home/airflow/.local/lib/python3.12/site-packages/airflow/example_dags/example_bash_operator.py took 0.107 seconds
[2024-12-29T00:08:43.890+0000] {processor.py:186} INFO - Started process (PID=706) to work on /home/airflow/.local/lib/python3.12/site-packages/airflow/example_dags/example_bash_operator.py
[2024-12-29T00:08:43.892+0000] {processor.py:914} INFO - Processing file /home/airflow/.local/lib/python3.12/site-packages/airflow/example_dags/example_bash_operator.py for tasks to queue
[2024-12-29T00:08:43.895+0000] {logging_mixin.py:190} INFO - [2024-12-29T00:08:43.894+0000] {dagbag.py:588} INFO - Filling up the DagBag from /home/airflow/.local/lib/python3.12/site-packages/airflow/example_dags/example_bash_operator.py
[2024-12-29T00:08:43.911+0000] {processor.py:925} INFO - DAG(s) 'example_bash_operator' retrieved from /home/airflow/.local/lib/python3.12/site-packages/airflow/example_dags/example_bash_operator.py
[2024-12-29T00:08:43.952+0000] {logging_mixin.py:190} INFO - [2024-12-29T00:08:43.952+0000] {dag.py:3239} INFO - Sync 1 DAGs
[2024-12-29T00:08:43.991+0000] {logging_mixin.py:190} INFO - [2024-12-29T00:08:43.991+0000] {dag.py:4180} INFO - Setting next_dagrun for example_bash_operator to 2024-12-28 00:00:00+00:00, run_after=2024-12-29 00:00:00+00:00
[2024-12-29T00:08:44.026+0000] {processor.py:208} INFO - Processing /home/airflow/.local/lib/python3.12/site-packages/airflow/example_dags/example_bash_operator.py took 0.142 seconds
[2024-12-29T00:09:15.276+0000] {processor.py:186} INFO - Started process (PID=770) to work on /home/airflow/.local/lib/python3.12/site-packages/airflow/example_dags/example_bash_operator.py
[2024-12-29T00:09:15.277+0000] {processor.py:914} INFO - Processing file /home/airflow/.local/lib/python3.12/site-packages/airflow/example_dags/example_bash_operator.py for tasks to queue
[2024-12-29T00:09:15.280+0000] {logging_mixin.py:190} INFO - [2024-12-29T00:09:15.279+0000] {dagbag.py:588} INFO - Filling up the DagBag from /home/airflow/.local/lib/python3.12/site-packages/airflow/example_dags/example_bash_operator.py
[2024-12-29T00:09:15.294+0000] {processor.py:925} INFO - DAG(s) 'example_bash_operator' retrieved from /home/airflow/.local/lib/python3.12/site-packages/airflow/example_dags/example_bash_operator.py
[2024-12-29T00:09:15.330+0000] {logging_mixin.py:190} INFO - [2024-12-29T00:09:15.330+0000] {dag.py:3239} INFO - Sync 1 DAGs
[2024-12-29T00:09:15.362+0000] {logging_mixin.py:190} INFO - [2024-12-29T00:09:15.361+0000] {dag.py:4180} INFO - Setting next_dagrun for example_bash_operator to 2024-12-28 00:00:00+00:00, run_after=2024-12-29 00:00:00+00:00
[2024-12-29T00:09:15.388+0000] {processor.py:208} INFO - Processing /home/airflow/.local/lib/python3.12/site-packages/airflow/example_dags/example_bash_operator.py took 0.119 seconds
[2024-12-29T00:09:46.636+0000] {processor.py:186} INFO - Started process (PID=834) to work on /home/airflow/.local/lib/python3.12/site-packages/airflow/example_dags/example_bash_operator.py
[2024-12-29T00:09:46.638+0000] {processor.py:914} INFO - Processing file /home/airflow/.local/lib/python3.12/site-packages/airflow/example_dags/example_bash_operator.py for tasks to queue
[2024-12-29T00:09:46.641+0000] {logging_mixin.py:190} INFO - [2024-12-29T00:09:46.640+0000] {dagbag.py:588} INFO - Filling up the DagBag from /home/airflow/.local/lib/python3.12/site-packages/airflow/example_dags/example_bash_operator.py
[2024-12-29T00:09:46.656+0000] {processor.py:925} INFO - DAG(s) 'example_bash_operator' retrieved from /home/airflow/.local/lib/python3.12/site-packages/airflow/example_dags/example_bash_operator.py
[2024-12-29T00:09:46.693+0000] {logging_mixin.py:190} INFO - [2024-12-29T00:09:46.693+0000] {dag.py:3239} INFO - Sync 1 DAGs
[2024-12-29T00:09:46.730+0000] {logging_mixin.py:190} INFO - [2024-12-29T00:09:46.729+0000] {dag.py:4180} INFO - Setting next_dagrun for example_bash_operator to 2024-12-28 00:00:00+00:00, run_after=2024-12-29 00:00:00+00:00
[2024-12-29T00:09:46.763+0000] {processor.py:208} INFO - Processing /home/airflow/.local/lib/python3.12/site-packages/airflow/example_dags/example_bash_operator.py took 0.132 seconds
[2024-12-29T00:10:18.411+0000] {processor.py:186} INFO - Started process (PID=898) to work on /home/airflow/.local/lib/python3.12/site-packages/airflow/example_dags/example_bash_operator.py
[2024-12-29T00:10:18.413+0000] {processor.py:914} INFO - Processing file /home/airflow/.local/lib/python3.12/site-packages/airflow/example_dags/example_bash_operator.py for tasks to queue
[2024-12-29T00:10:18.416+0000] {logging_mixin.py:190} INFO - [2024-12-29T00:10:18.416+0000] {dagbag.py:588} INFO - Filling up the DagBag from /home/airflow/.local/lib/python3.12/site-packages/airflow/example_dags/example_bash_operator.py
[2024-12-29T00:10:18.440+0000] {processor.py:925} INFO - DAG(s) 'example_bash_operator' retrieved from /home/airflow/.local/lib/python3.12/site-packages/airflow/example_dags/example_bash_operator.py
[2024-12-29T00:10:18.486+0000] {logging_mixin.py:190} INFO - [2024-12-29T00:10:18.486+0000] {dag.py:3239} INFO - Sync 1 DAGs
[2024-12-29T00:10:18.524+0000] {logging_mixin.py:190} INFO - [2024-12-29T00:10:18.524+0000] {dag.py:4180} INFO - Setting next_dagrun for example_bash_operator to 2024-12-28 00:00:00+00:00, run_after=2024-12-29 00:00:00+00:00
[2024-12-29T00:10:18.556+0000] {processor.py:208} INFO - Processing /home/airflow/.local/lib/python3.12/site-packages/airflow/example_dags/example_bash_operator.py took 0.153 seconds
[2024-12-29T00:10:49.765+0000] {processor.py:186} INFO - Started process (PID=964) to work on /home/airflow/.local/lib/python3.12/site-packages/airflow/example_dags/example_bash_operator.py
[2024-12-29T00:10:49.767+0000] {processor.py:914} INFO - Processing file /home/airflow/.local/lib/python3.12/site-packages/airflow/example_dags/example_bash_operator.py for tasks to queue
[2024-12-29T00:10:49.769+0000] {logging_mixin.py:190} INFO - [2024-12-29T00:10:49.769+0000] {dagbag.py:588} INFO - Filling up the DagBag from /home/airflow/.local/lib/python3.12/site-packages/airflow/example_dags/example_bash_operator.py
[2024-12-29T00:10:49.783+0000] {processor.py:925} INFO - DAG(s) 'example_bash_operator' retrieved from /home/airflow/.local/lib/python3.12/site-packages/airflow/example_dags/example_bash_operator.py
[2024-12-29T00:10:49.812+0000] {logging_mixin.py:190} INFO - [2024-12-29T00:10:49.811+0000] {dag.py:3239} INFO - Sync 1 DAGs
[2024-12-29T00:10:49.838+0000] {logging_mixin.py:190} INFO - [2024-12-29T00:10:49.838+0000] {dag.py:4180} INFO - Setting next_dagrun for example_bash_operator to 2024-12-28 00:00:00+00:00, run_after=2024-12-29 00:00:00+00:00
[2024-12-29T00:10:49.861+0000] {processor.py:208} INFO - Processing /home/airflow/.local/lib/python3.12/site-packages/airflow/example_dags/example_bash_operator.py took 0.101 seconds
[2024-12-29T00:11:21.449+0000] {processor.py:186} INFO - Started process (PID=1029) to work on /home/airflow/.local/lib/python3.12/site-packages/airflow/example_dags/example_bash_operator.py
[2024-12-29T00:11:21.450+0000] {processor.py:914} INFO - Processing file /home/airflow/.local/lib/python3.12/site-packages/airflow/example_dags/example_bash_operator.py for tasks to queue
[2024-12-29T00:11:21.453+0000] {logging_mixin.py:190} INFO - [2024-12-29T00:11:21.452+0000] {dagbag.py:588} INFO - Filling up the DagBag from /home/airflow/.local/lib/python3.12/site-packages/airflow/example_dags/example_bash_operator.py
[2024-12-29T00:11:21.465+0000] {processor.py:925} INFO - DAG(s) 'example_bash_operator' retrieved from /home/airflow/.local/lib/python3.12/site-packages/airflow/example_dags/example_bash_operator.py
[2024-12-29T00:11:21.495+0000] {logging_mixin.py:190} INFO - [2024-12-29T00:11:21.494+0000] {dag.py:3239} INFO - Sync 1 DAGs
[2024-12-29T00:11:21.522+0000] {logging_mixin.py:190} INFO - [2024-12-29T00:11:21.522+0000] {dag.py:4180} INFO - Setting next_dagrun for example_bash_operator to 2024-12-28 00:00:00+00:00, run_after=2024-12-29 00:00:00+00:00
[2024-12-29T00:11:21.550+0000] {processor.py:208} INFO - Processing /home/airflow/.local/lib/python3.12/site-packages/airflow/example_dags/example_bash_operator.py took 0.106 seconds
[2024-12-29T00:11:53.171+0000] {processor.py:186} INFO - Started process (PID=1093) to work on /home/airflow/.local/lib/python3.12/site-packages/airflow/example_dags/example_bash_operator.py
[2024-12-29T00:11:53.173+0000] {processor.py:914} INFO - Processing file /home/airflow/.local/lib/python3.12/site-packages/airflow/example_dags/example_bash_operator.py for tasks to queue
[2024-12-29T00:11:53.176+0000] {logging_mixin.py:190} INFO - [2024-12-29T00:11:53.175+0000] {dagbag.py:588} INFO - Filling up the DagBag from /home/airflow/.local/lib/python3.12/site-packages/airflow/example_dags/example_bash_operator.py
[2024-12-29T00:11:53.196+0000] {processor.py:925} INFO - DAG(s) 'example_bash_operator' retrieved from /home/airflow/.local/lib/python3.12/site-packages/airflow/example_dags/example_bash_operator.py
[2024-12-29T00:11:53.241+0000] {logging_mixin.py:190} INFO - [2024-12-29T00:11:53.241+0000] {dag.py:3239} INFO - Sync 1 DAGs
[2024-12-29T00:11:53.277+0000] {logging_mixin.py:190} INFO - [2024-12-29T00:11:53.276+0000] {dag.py:4180} INFO - Setting next_dagrun for example_bash_operator to 2024-12-28 00:00:00+00:00, run_after=2024-12-29 00:00:00+00:00
[2024-12-29T00:11:53.310+0000] {processor.py:208} INFO - Processing /home/airflow/.local/lib/python3.12/site-packages/airflow/example_dags/example_bash_operator.py took 0.148 seconds
[2024-12-29T00:12:26.324+0000] {processor.py:186} INFO - Started process (PID=1164) to work on /home/airflow/.local/lib/python3.12/site-packages/airflow/example_dags/example_bash_operator.py
[2024-12-29T00:12:27.253+0000] {processor.py:914} INFO - Processing file /home/airflow/.local/lib/python3.12/site-packages/airflow/example_dags/example_bash_operator.py for tasks to queue
[2024-12-29T00:12:27.256+0000] {logging_mixin.py:190} INFO - [2024-12-29T00:12:27.255+0000] {dagbag.py:588} INFO - Filling up the DagBag from /home/airflow/.local/lib/python3.12/site-packages/airflow/example_dags/example_bash_operator.py
[2024-12-29T00:12:28.480+0000] {processor.py:925} INFO - DAG(s) 'example_bash_operator' retrieved from /home/airflow/.local/lib/python3.12/site-packages/airflow/example_dags/example_bash_operator.py
[2024-12-29T00:12:28.519+0000] {logging_mixin.py:190} INFO - [2024-12-29T00:12:28.519+0000] {dag.py:3239} INFO - Sync 1 DAGs
[2024-12-29T00:12:28.554+0000] {logging_mixin.py:190} INFO - [2024-12-29T00:12:28.554+0000] {dag.py:4180} INFO - Setting next_dagrun for example_bash_operator to 2024-12-28 00:00:00+00:00, run_after=2024-12-29 00:00:00+00:00
[2024-12-29T00:12:28.590+0000] {processor.py:208} INFO - Processing /home/airflow/.local/lib/python3.12/site-packages/airflow/example_dags/example_bash_operator.py took 2.274 seconds
[2024-12-29T00:12:59.324+0000] {processor.py:186} INFO - Started process (PID=1228) to work on /home/airflow/.local/lib/python3.12/site-packages/airflow/example_dags/example_bash_operator.py
[2024-12-29T00:12:59.326+0000] {processor.py:914} INFO - Processing file /home/airflow/.local/lib/python3.12/site-packages/airflow/example_dags/example_bash_operator.py for tasks to queue
[2024-12-29T00:12:59.329+0000] {logging_mixin.py:190} INFO - [2024-12-29T00:12:59.328+0000] {dagbag.py:588} INFO - Filling up the DagBag from /home/airflow/.local/lib/python3.12/site-packages/airflow/example_dags/example_bash_operator.py
[2024-12-29T00:12:59.344+0000] {processor.py:925} INFO - DAG(s) 'example_bash_operator' retrieved from /home/airflow/.local/lib/python3.12/site-packages/airflow/example_dags/example_bash_operator.py
[2024-12-29T00:12:59.381+0000] {logging_mixin.py:190} INFO - [2024-12-29T00:12:59.381+0000] {dag.py:3239} INFO - Sync 1 DAGs
[2024-12-29T00:12:59.413+0000] {logging_mixin.py:190} INFO - [2024-12-29T00:12:59.412+0000] {dag.py:4180} INFO - Setting next_dagrun for example_bash_operator to 2024-12-28 00:00:00+00:00, run_after=2024-12-29 00:00:00+00:00
[2024-12-29T00:12:59.443+0000] {processor.py:208} INFO - Processing /home/airflow/.local/lib/python3.12/site-packages/airflow/example_dags/example_bash_operator.py took 0.125 seconds
[2024-12-29T00:13:29.759+0000] {processor.py:186} INFO - Started process (PID=1293) to work on /home/airflow/.local/lib/python3.12/site-packages/airflow/example_dags/example_bash_operator.py
[2024-12-29T00:13:29.761+0000] {processor.py:914} INFO - Processing file /home/airflow/.local/lib/python3.12/site-packages/airflow/example_dags/example_bash_operator.py for tasks to queue
[2024-12-29T00:13:29.764+0000] {logging_mixin.py:190} INFO - [2024-12-29T00:13:29.763+0000] {dagbag.py:588} INFO - Filling up the DagBag from /home/airflow/.local/lib/python3.12/site-packages/airflow/example_dags/example_bash_operator.py
[2024-12-29T00:13:29.779+0000] {processor.py:925} INFO - DAG(s) 'example_bash_operator' retrieved from /home/airflow/.local/lib/python3.12/site-packages/airflow/example_dags/example_bash_operator.py
[2024-12-29T00:13:29.813+0000] {logging_mixin.py:190} INFO - [2024-12-29T00:13:29.813+0000] {dag.py:3239} INFO - Sync 1 DAGs
[2024-12-29T00:13:29.842+0000] {logging_mixin.py:190} INFO - [2024-12-29T00:13:29.842+0000] {dag.py:4180} INFO - Setting next_dagrun for example_bash_operator to 2024-12-28 00:00:00+00:00, run_after=2024-12-29 00:00:00+00:00
[2024-12-29T00:13:29.870+0000] {processor.py:208} INFO - Processing /home/airflow/.local/lib/python3.12/site-packages/airflow/example_dags/example_bash_operator.py took 0.117 seconds
[2024-12-29T00:14:00.098+0000] {processor.py:186} INFO - Started process (PID=1358) to work on /home/airflow/.local/lib/python3.12/site-packages/airflow/example_dags/example_bash_operator.py
[2024-12-29T00:14:00.100+0000] {processor.py:914} INFO - Processing file /home/airflow/.local/lib/python3.12/site-packages/airflow/example_dags/example_bash_operator.py for tasks to queue
[2024-12-29T00:14:00.104+0000] {logging_mixin.py:190} INFO - [2024-12-29T00:14:00.103+0000] {dagbag.py:588} INFO - Filling up the DagBag from /home/airflow/.local/lib/python3.12/site-packages/airflow/example_dags/example_bash_operator.py
[2024-12-29T00:14:00.125+0000] {processor.py:925} INFO - DAG(s) 'example_bash_operator' retrieved from /home/airflow/.local/lib/python3.12/site-packages/airflow/example_dags/example_bash_operator.py
[2024-12-29T00:14:00.170+0000] {logging_mixin.py:190} INFO - [2024-12-29T00:14:00.169+0000] {dag.py:3239} INFO - Sync 1 DAGs
[2024-12-29T00:14:00.205+0000] {logging_mixin.py:190} INFO - [2024-12-29T00:14:00.205+0000] {dag.py:4180} INFO - Setting next_dagrun for example_bash_operator to 2024-12-28 00:00:00+00:00, run_after=2024-12-29 00:00:00+00:00
[2024-12-29T00:14:00.242+0000] {processor.py:208} INFO - Processing /home/airflow/.local/lib/python3.12/site-packages/airflow/example_dags/example_bash_operator.py took 0.152 seconds
[2024-12-29T00:14:31.809+0000] {processor.py:186} INFO - Started process (PID=1423) to work on /home/airflow/.local/lib/python3.12/site-packages/airflow/example_dags/example_bash_operator.py
[2024-12-29T00:14:31.810+0000] {processor.py:914} INFO - Processing file /home/airflow/.local/lib/python3.12/site-packages/airflow/example_dags/example_bash_operator.py for tasks to queue
[2024-12-29T00:14:31.812+0000] {logging_mixin.py:190} INFO - [2024-12-29T00:14:31.812+0000] {dagbag.py:588} INFO - Filling up the DagBag from /home/airflow/.local/lib/python3.12/site-packages/airflow/example_dags/example_bash_operator.py
[2024-12-29T00:14:31.826+0000] {processor.py:925} INFO - DAG(s) 'example_bash_operator' retrieved from /home/airflow/.local/lib/python3.12/site-packages/airflow/example_dags/example_bash_operator.py
[2024-12-29T00:14:31.861+0000] {logging_mixin.py:190} INFO - [2024-12-29T00:14:31.861+0000] {dag.py:3239} INFO - Sync 1 DAGs
[2024-12-29T00:14:31.893+0000] {logging_mixin.py:190} INFO - [2024-12-29T00:14:31.892+0000] {dag.py:4180} INFO - Setting next_dagrun for example_bash_operator to 2024-12-28 00:00:00+00:00, run_after=2024-12-29 00:00:00+00:00
[2024-12-29T00:14:31.921+0000] {processor.py:208} INFO - Processing /home/airflow/.local/lib/python3.12/site-packages/airflow/example_dags/example_bash_operator.py took 0.119 seconds
[2024-12-29T00:15:02.592+0000] {processor.py:186} INFO - Started process (PID=1488) to work on /home/airflow/.local/lib/python3.12/site-packages/airflow/example_dags/example_bash_operator.py
[2024-12-29T00:15:02.594+0000] {processor.py:914} INFO - Processing file /home/airflow/.local/lib/python3.12/site-packages/airflow/example_dags/example_bash_operator.py for tasks to queue
[2024-12-29T00:15:02.597+0000] {logging_mixin.py:190} INFO - [2024-12-29T00:15:02.597+0000] {dagbag.py:588} INFO - Filling up the DagBag from /home/airflow/.local/lib/python3.12/site-packages/airflow/example_dags/example_bash_operator.py
[2024-12-29T00:15:02.614+0000] {processor.py:925} INFO - DAG(s) 'example_bash_operator' retrieved from /home/airflow/.local/lib/python3.12/site-packages/airflow/example_dags/example_bash_operator.py
[2024-12-29T00:15:02.658+0000] {logging_mixin.py:190} INFO - [2024-12-29T00:15:02.658+0000] {dag.py:3239} INFO - Sync 1 DAGs
[2024-12-29T00:15:02.691+0000] {logging_mixin.py:190} INFO - [2024-12-29T00:15:02.691+0000] {dag.py:4180} INFO - Setting next_dagrun for example_bash_operator to 2024-12-28 00:00:00+00:00, run_after=2024-12-29 00:00:00+00:00
[2024-12-29T00:15:02.719+0000] {processor.py:208} INFO - Processing /home/airflow/.local/lib/python3.12/site-packages/airflow/example_dags/example_bash_operator.py took 0.135 seconds
[2024-12-29T00:15:34.084+0000] {processor.py:186} INFO - Started process (PID=1553) to work on /home/airflow/.local/lib/python3.12/site-packages/airflow/example_dags/example_bash_operator.py
[2024-12-29T00:15:34.086+0000] {processor.py:914} INFO - Processing file /home/airflow/.local/lib/python3.12/site-packages/airflow/example_dags/example_bash_operator.py for tasks to queue
[2024-12-29T00:15:34.090+0000] {logging_mixin.py:190} INFO - [2024-12-29T00:15:34.089+0000] {dagbag.py:588} INFO - Filling up the DagBag from /home/airflow/.local/lib/python3.12/site-packages/airflow/example_dags/example_bash_operator.py
[2024-12-29T00:15:34.113+0000] {processor.py:925} INFO - DAG(s) 'example_bash_operator' retrieved from /home/airflow/.local/lib/python3.12/site-packages/airflow/example_dags/example_bash_operator.py
[2024-12-29T00:15:34.159+0000] {logging_mixin.py:190} INFO - [2024-12-29T00:15:34.158+0000] {dag.py:3239} INFO - Sync 1 DAGs
[2024-12-29T00:15:34.198+0000] {logging_mixin.py:190} INFO - [2024-12-29T00:15:34.198+0000] {dag.py:4180} INFO - Setting next_dagrun for example_bash_operator to 2024-12-28 00:00:00+00:00, run_after=2024-12-29 00:00:00+00:00
[2024-12-29T00:15:34.231+0000] {processor.py:208} INFO - Processing /home/airflow/.local/lib/python3.12/site-packages/airflow/example_dags/example_bash_operator.py took 0.157 seconds
[2024-12-29T00:16:05.727+0000] {processor.py:186} INFO - Started process (PID=1621) to work on /home/airflow/.local/lib/python3.12/site-packages/airflow/example_dags/example_bash_operator.py
[2024-12-29T00:16:05.728+0000] {processor.py:914} INFO - Processing file /home/airflow/.local/lib/python3.12/site-packages/airflow/example_dags/example_bash_operator.py for tasks to queue
[2024-12-29T00:16:05.732+0000] {logging_mixin.py:190} INFO - [2024-12-29T00:16:05.731+0000] {dagbag.py:588} INFO - Filling up the DagBag from /home/airflow/.local/lib/python3.12/site-packages/airflow/example_dags/example_bash_operator.py
[2024-12-29T00:16:05.748+0000] {processor.py:925} INFO - DAG(s) 'example_bash_operator' retrieved from /home/airflow/.local/lib/python3.12/site-packages/airflow/example_dags/example_bash_operator.py
[2024-12-29T00:16:05.791+0000] {logging_mixin.py:190} INFO - [2024-12-29T00:16:05.791+0000] {dag.py:3239} INFO - Sync 1 DAGs
[2024-12-29T00:16:05.820+0000] {logging_mixin.py:190} INFO - [2024-12-29T00:16:05.819+0000] {dag.py:4180} INFO - Setting next_dagrun for example_bash_operator to 2024-12-28 00:00:00+00:00, run_after=2024-12-29 00:00:00+00:00
[2024-12-29T00:16:05.846+0000] {processor.py:208} INFO - Processing /home/airflow/.local/lib/python3.12/site-packages/airflow/example_dags/example_bash_operator.py took 0.127 seconds
[2024-12-29T00:16:37.390+0000] {processor.py:186} INFO - Started process (PID=1689) to work on /home/airflow/.local/lib/python3.12/site-packages/airflow/example_dags/example_bash_operator.py
[2024-12-29T00:16:37.393+0000] {processor.py:914} INFO - Processing file /home/airflow/.local/lib/python3.12/site-packages/airflow/example_dags/example_bash_operator.py for tasks to queue
[2024-12-29T00:16:37.396+0000] {logging_mixin.py:190} INFO - [2024-12-29T00:16:37.396+0000] {dagbag.py:588} INFO - Filling up the DagBag from /home/airflow/.local/lib/python3.12/site-packages/airflow/example_dags/example_bash_operator.py
[2024-12-29T00:16:37.413+0000] {processor.py:925} INFO - DAG(s) 'example_bash_operator' retrieved from /home/airflow/.local/lib/python3.12/site-packages/airflow/example_dags/example_bash_operator.py
[2024-12-29T00:16:37.449+0000] {logging_mixin.py:190} INFO - [2024-12-29T00:16:37.448+0000] {dag.py:3239} INFO - Sync 1 DAGs
[2024-12-29T00:16:37.477+0000] {logging_mixin.py:190} INFO - [2024-12-29T00:16:37.477+0000] {dag.py:4180} INFO - Setting next_dagrun for example_bash_operator to 2024-12-28 00:00:00+00:00, run_after=2024-12-29 00:00:00+00:00
[2024-12-29T00:16:37.503+0000] {processor.py:208} INFO - Processing /home/airflow/.local/lib/python3.12/site-packages/airflow/example_dags/example_bash_operator.py took 0.120 seconds
[2024-12-29T00:20:00.859+0000] {processor.py:186} INFO - Started process (PID=122) to work on /home/airflow/.local/lib/python3.12/site-packages/airflow/example_dags/example_bash_operator.py
[2024-12-29T00:20:00.861+0000] {processor.py:914} INFO - Processing file /home/airflow/.local/lib/python3.12/site-packages/airflow/example_dags/example_bash_operator.py for tasks to queue
[2024-12-29T00:20:00.865+0000] {logging_mixin.py:190} INFO - [2024-12-29T00:20:00.864+0000] {dagbag.py:588} INFO - Filling up the DagBag from /home/airflow/.local/lib/python3.12/site-packages/airflow/example_dags/example_bash_operator.py
[2024-12-29T00:20:00.886+0000] {processor.py:925} INFO - DAG(s) 'example_bash_operator' retrieved from /home/airflow/.local/lib/python3.12/site-packages/airflow/example_dags/example_bash_operator.py
[2024-12-29T00:20:00.929+0000] {logging_mixin.py:190} INFO - [2024-12-29T00:20:00.929+0000] {dag.py:3239} INFO - Sync 1 DAGs
[2024-12-29T00:20:00.963+0000] {logging_mixin.py:190} INFO - [2024-12-29T00:20:00.963+0000] {dag.py:4180} INFO - Setting next_dagrun for example_bash_operator to 2024-12-28 00:00:00+00:00, run_after=2024-12-29 00:00:00+00:00
[2024-12-29T00:20:00.998+0000] {processor.py:208} INFO - Processing /home/airflow/.local/lib/python3.12/site-packages/airflow/example_dags/example_bash_operator.py took 0.147 seconds
[2024-12-29T00:20:32.990+0000] {processor.py:186} INFO - Started process (PID=187) to work on /home/airflow/.local/lib/python3.12/site-packages/airflow/example_dags/example_bash_operator.py
[2024-12-29T00:20:32.991+0000] {processor.py:914} INFO - Processing file /home/airflow/.local/lib/python3.12/site-packages/airflow/example_dags/example_bash_operator.py for tasks to queue
[2024-12-29T00:20:32.994+0000] {logging_mixin.py:190} INFO - [2024-12-29T00:20:32.993+0000] {dagbag.py:588} INFO - Filling up the DagBag from /home/airflow/.local/lib/python3.12/site-packages/airflow/example_dags/example_bash_operator.py
[2024-12-29T00:20:33.007+0000] {processor.py:925} INFO - DAG(s) 'example_bash_operator' retrieved from /home/airflow/.local/lib/python3.12/site-packages/airflow/example_dags/example_bash_operator.py
[2024-12-29T00:20:33.037+0000] {logging_mixin.py:190} INFO - [2024-12-29T00:20:33.036+0000] {dag.py:3239} INFO - Sync 1 DAGs
[2024-12-29T00:20:33.061+0000] {logging_mixin.py:190} INFO - [2024-12-29T00:20:33.061+0000] {dag.py:4180} INFO - Setting next_dagrun for example_bash_operator to 2024-12-28 00:00:00+00:00, run_after=2024-12-29 00:00:00+00:00
[2024-12-29T00:20:33.087+0000] {processor.py:208} INFO - Processing /home/airflow/.local/lib/python3.12/site-packages/airflow/example_dags/example_bash_operator.py took 0.103 seconds
[2024-12-29T00:21:05.390+0000] {processor.py:186} INFO - Started process (PID=252) to work on /home/airflow/.local/lib/python3.12/site-packages/airflow/example_dags/example_bash_operator.py
[2024-12-29T00:21:05.391+0000] {processor.py:914} INFO - Processing file /home/airflow/.local/lib/python3.12/site-packages/airflow/example_dags/example_bash_operator.py for tasks to queue
[2024-12-29T00:21:05.394+0000] {logging_mixin.py:190} INFO - [2024-12-29T00:21:05.393+0000] {dagbag.py:588} INFO - Filling up the DagBag from /home/airflow/.local/lib/python3.12/site-packages/airflow/example_dags/example_bash_operator.py
[2024-12-29T00:21:05.408+0000] {processor.py:925} INFO - DAG(s) 'example_bash_operator' retrieved from /home/airflow/.local/lib/python3.12/site-packages/airflow/example_dags/example_bash_operator.py
[2024-12-29T00:21:05.442+0000] {logging_mixin.py:190} INFO - [2024-12-29T00:21:05.442+0000] {dag.py:3239} INFO - Sync 1 DAGs
[2024-12-29T00:21:05.471+0000] {logging_mixin.py:190} INFO - [2024-12-29T00:21:05.470+0000] {dag.py:4180} INFO - Setting next_dagrun for example_bash_operator to 2024-12-28 00:00:00+00:00, run_after=2024-12-29 00:00:00+00:00
[2024-12-29T00:21:05.495+0000] {processor.py:208} INFO - Processing /home/airflow/.local/lib/python3.12/site-packages/airflow/example_dags/example_bash_operator.py took 0.114 seconds
[2024-12-29T00:21:36.666+0000] {processor.py:186} INFO - Started process (PID=317) to work on /home/airflow/.local/lib/python3.12/site-packages/airflow/example_dags/example_bash_operator.py
[2024-12-29T00:21:36.668+0000] {processor.py:914} INFO - Processing file /home/airflow/.local/lib/python3.12/site-packages/airflow/example_dags/example_bash_operator.py for tasks to queue
[2024-12-29T00:21:36.671+0000] {logging_mixin.py:190} INFO - [2024-12-29T00:21:36.670+0000] {dagbag.py:588} INFO - Filling up the DagBag from /home/airflow/.local/lib/python3.12/site-packages/airflow/example_dags/example_bash_operator.py
[2024-12-29T00:21:36.696+0000] {processor.py:925} INFO - DAG(s) 'example_bash_operator' retrieved from /home/airflow/.local/lib/python3.12/site-packages/airflow/example_dags/example_bash_operator.py
[2024-12-29T00:21:36.731+0000] {logging_mixin.py:190} INFO - [2024-12-29T00:21:36.731+0000] {dag.py:3239} INFO - Sync 1 DAGs
[2024-12-29T00:21:36.761+0000] {logging_mixin.py:190} INFO - [2024-12-29T00:21:36.761+0000] {dag.py:4180} INFO - Setting next_dagrun for example_bash_operator to 2024-12-28 00:00:00+00:00, run_after=2024-12-29 00:00:00+00:00
[2024-12-29T00:21:36.789+0000] {processor.py:208} INFO - Processing /home/airflow/.local/lib/python3.12/site-packages/airflow/example_dags/example_bash_operator.py took 0.129 seconds
[2024-12-29T00:22:08.345+0000] {processor.py:186} INFO - Started process (PID=382) to work on /home/airflow/.local/lib/python3.12/site-packages/airflow/example_dags/example_bash_operator.py
[2024-12-29T00:22:08.355+0000] {processor.py:914} INFO - Processing file /home/airflow/.local/lib/python3.12/site-packages/airflow/example_dags/example_bash_operator.py for tasks to queue
[2024-12-29T00:22:08.358+0000] {logging_mixin.py:190} INFO - [2024-12-29T00:22:08.357+0000] {dagbag.py:588} INFO - Filling up the DagBag from /home/airflow/.local/lib/python3.12/site-packages/airflow/example_dags/example_bash_operator.py
[2024-12-29T00:22:08.374+0000] {processor.py:925} INFO - DAG(s) 'example_bash_operator' retrieved from /home/airflow/.local/lib/python3.12/site-packages/airflow/example_dags/example_bash_operator.py
[2024-12-29T00:22:08.412+0000] {logging_mixin.py:190} INFO - [2024-12-29T00:22:08.412+0000] {dag.py:3239} INFO - Sync 1 DAGs
[2024-12-29T00:22:08.446+0000] {logging_mixin.py:190} INFO - [2024-12-29T00:22:08.446+0000] {dag.py:4180} INFO - Setting next_dagrun for example_bash_operator to 2024-12-28 00:00:00+00:00, run_after=2024-12-29 00:00:00+00:00
[2024-12-29T00:22:08.480+0000] {processor.py:208} INFO - Processing /home/airflow/.local/lib/python3.12/site-packages/airflow/example_dags/example_bash_operator.py took 0.142 seconds
[2024-12-29T00:22:39.194+0000] {processor.py:186} INFO - Started process (PID=453) to work on /home/airflow/.local/lib/python3.12/site-packages/airflow/example_dags/example_bash_operator.py
[2024-12-29T00:22:39.196+0000] {processor.py:914} INFO - Processing file /home/airflow/.local/lib/python3.12/site-packages/airflow/example_dags/example_bash_operator.py for tasks to queue
[2024-12-29T00:22:39.199+0000] {logging_mixin.py:190} INFO - [2024-12-29T00:22:39.199+0000] {dagbag.py:588} INFO - Filling up the DagBag from /home/airflow/.local/lib/python3.12/site-packages/airflow/example_dags/example_bash_operator.py
[2024-12-29T00:22:39.220+0000] {processor.py:925} INFO - DAG(s) 'example_bash_operator' retrieved from /home/airflow/.local/lib/python3.12/site-packages/airflow/example_dags/example_bash_operator.py
[2024-12-29T00:22:39.257+0000] {logging_mixin.py:190} INFO - [2024-12-29T00:22:39.257+0000] {dag.py:3239} INFO - Sync 1 DAGs
[2024-12-29T00:22:39.290+0000] {logging_mixin.py:190} INFO - [2024-12-29T00:22:39.290+0000] {dag.py:4180} INFO - Setting next_dagrun for example_bash_operator to 2024-12-28 00:00:00+00:00, run_after=2024-12-29 00:00:00+00:00
[2024-12-29T00:22:39.321+0000] {processor.py:208} INFO - Processing /home/airflow/.local/lib/python3.12/site-packages/airflow/example_dags/example_bash_operator.py took 0.134 seconds
[2024-12-29T00:23:12.108+0000] {processor.py:186} INFO - Started process (PID=518) to work on /home/airflow/.local/lib/python3.12/site-packages/airflow/example_dags/example_bash_operator.py
[2024-12-29T00:23:12.109+0000] {processor.py:914} INFO - Processing file /home/airflow/.local/lib/python3.12/site-packages/airflow/example_dags/example_bash_operator.py for tasks to queue
[2024-12-29T00:23:12.112+0000] {logging_mixin.py:190} INFO - [2024-12-29T00:23:12.112+0000] {dagbag.py:588} INFO - Filling up the DagBag from /home/airflow/.local/lib/python3.12/site-packages/airflow/example_dags/example_bash_operator.py
[2024-12-29T00:23:12.127+0000] {processor.py:925} INFO - DAG(s) 'example_bash_operator' retrieved from /home/airflow/.local/lib/python3.12/site-packages/airflow/example_dags/example_bash_operator.py
[2024-12-29T00:23:12.165+0000] {logging_mixin.py:190} INFO - [2024-12-29T00:23:12.164+0000] {dag.py:3239} INFO - Sync 1 DAGs
[2024-12-29T00:23:12.195+0000] {logging_mixin.py:190} INFO - [2024-12-29T00:23:12.195+0000] {dag.py:4180} INFO - Setting next_dagrun for example_bash_operator to 2024-12-28 00:00:00+00:00, run_after=2024-12-29 00:00:00+00:00
[2024-12-29T00:23:12.223+0000] {processor.py:208} INFO - Processing /home/airflow/.local/lib/python3.12/site-packages/airflow/example_dags/example_bash_operator.py took 0.121 seconds
[2024-12-29T00:23:43.548+0000] {processor.py:186} INFO - Started process (PID=584) to work on /home/airflow/.local/lib/python3.12/site-packages/airflow/example_dags/example_bash_operator.py
[2024-12-29T00:23:43.549+0000] {processor.py:914} INFO - Processing file /home/airflow/.local/lib/python3.12/site-packages/airflow/example_dags/example_bash_operator.py for tasks to queue
[2024-12-29T00:23:43.552+0000] {logging_mixin.py:190} INFO - [2024-12-29T00:23:43.552+0000] {dagbag.py:588} INFO - Filling up the DagBag from /home/airflow/.local/lib/python3.12/site-packages/airflow/example_dags/example_bash_operator.py
[2024-12-29T00:23:43.572+0000] {processor.py:925} INFO - DAG(s) 'example_bash_operator' retrieved from /home/airflow/.local/lib/python3.12/site-packages/airflow/example_dags/example_bash_operator.py
[2024-12-29T00:23:43.617+0000] {logging_mixin.py:190} INFO - [2024-12-29T00:23:43.616+0000] {dag.py:3239} INFO - Sync 1 DAGs
[2024-12-29T00:23:43.656+0000] {logging_mixin.py:190} INFO - [2024-12-29T00:23:43.656+0000] {dag.py:4180} INFO - Setting next_dagrun for example_bash_operator to 2024-12-28 00:00:00+00:00, run_after=2024-12-29 00:00:00+00:00
[2024-12-29T00:23:43.689+0000] {processor.py:208} INFO - Processing /home/airflow/.local/lib/python3.12/site-packages/airflow/example_dags/example_bash_operator.py took 0.149 seconds
[2024-12-29T00:24:14.650+0000] {processor.py:186} INFO - Started process (PID=649) to work on /home/airflow/.local/lib/python3.12/site-packages/airflow/example_dags/example_bash_operator.py
[2024-12-29T00:24:14.652+0000] {processor.py:914} INFO - Processing file /home/airflow/.local/lib/python3.12/site-packages/airflow/example_dags/example_bash_operator.py for tasks to queue
[2024-12-29T00:24:14.654+0000] {logging_mixin.py:190} INFO - [2024-12-29T00:24:14.654+0000] {dagbag.py:588} INFO - Filling up the DagBag from /home/airflow/.local/lib/python3.12/site-packages/airflow/example_dags/example_bash_operator.py
[2024-12-29T00:24:14.667+0000] {processor.py:925} INFO - DAG(s) 'example_bash_operator' retrieved from /home/airflow/.local/lib/python3.12/site-packages/airflow/example_dags/example_bash_operator.py
[2024-12-29T00:24:14.697+0000] {logging_mixin.py:190} INFO - [2024-12-29T00:24:14.696+0000] {dag.py:3239} INFO - Sync 1 DAGs
[2024-12-29T00:24:14.723+0000] {logging_mixin.py:190} INFO - [2024-12-29T00:24:14.722+0000] {dag.py:4180} INFO - Setting next_dagrun for example_bash_operator to 2024-12-28 00:00:00+00:00, run_after=2024-12-29 00:00:00+00:00
[2024-12-29T00:24:14.749+0000] {processor.py:208} INFO - Processing /home/airflow/.local/lib/python3.12/site-packages/airflow/example_dags/example_bash_operator.py took 0.104 seconds
[2024-12-29T00:24:45.850+0000] {processor.py:186} INFO - Started process (PID=714) to work on /home/airflow/.local/lib/python3.12/site-packages/airflow/example_dags/example_bash_operator.py
[2024-12-29T00:24:45.852+0000] {processor.py:914} INFO - Processing file /home/airflow/.local/lib/python3.12/site-packages/airflow/example_dags/example_bash_operator.py for tasks to queue
[2024-12-29T00:24:45.855+0000] {logging_mixin.py:190} INFO - [2024-12-29T00:24:45.854+0000] {dagbag.py:588} INFO - Filling up the DagBag from /home/airflow/.local/lib/python3.12/site-packages/airflow/example_dags/example_bash_operator.py
[2024-12-29T00:24:45.873+0000] {processor.py:925} INFO - DAG(s) 'example_bash_operator' retrieved from /home/airflow/.local/lib/python3.12/site-packages/airflow/example_dags/example_bash_operator.py
[2024-12-29T00:24:45.916+0000] {logging_mixin.py:190} INFO - [2024-12-29T00:24:45.916+0000] {dag.py:3239} INFO - Sync 1 DAGs
[2024-12-29T00:24:45.951+0000] {logging_mixin.py:190} INFO - [2024-12-29T00:24:45.951+0000] {dag.py:4180} INFO - Setting next_dagrun for example_bash_operator to 2024-12-28 00:00:00+00:00, run_after=2024-12-29 00:00:00+00:00
[2024-12-29T00:24:45.984+0000] {processor.py:208} INFO - Processing /home/airflow/.local/lib/python3.12/site-packages/airflow/example_dags/example_bash_operator.py took 0.141 seconds
[2024-12-29T00:25:17.066+0000] {processor.py:186} INFO - Started process (PID=779) to work on /home/airflow/.local/lib/python3.12/site-packages/airflow/example_dags/example_bash_operator.py
[2024-12-29T00:25:17.067+0000] {processor.py:914} INFO - Processing file /home/airflow/.local/lib/python3.12/site-packages/airflow/example_dags/example_bash_operator.py for tasks to queue
[2024-12-29T00:25:17.069+0000] {logging_mixin.py:190} INFO - [2024-12-29T00:25:17.069+0000] {dagbag.py:588} INFO - Filling up the DagBag from /home/airflow/.local/lib/python3.12/site-packages/airflow/example_dags/example_bash_operator.py
[2024-12-29T00:25:17.081+0000] {processor.py:925} INFO - DAG(s) 'example_bash_operator' retrieved from /home/airflow/.local/lib/python3.12/site-packages/airflow/example_dags/example_bash_operator.py
[2024-12-29T00:25:17.111+0000] {logging_mixin.py:190} INFO - [2024-12-29T00:25:17.111+0000] {dag.py:3239} INFO - Sync 1 DAGs
[2024-12-29T00:25:17.138+0000] {logging_mixin.py:190} INFO - [2024-12-29T00:25:17.137+0000] {dag.py:4180} INFO - Setting next_dagrun for example_bash_operator to 2024-12-28 00:00:00+00:00, run_after=2024-12-29 00:00:00+00:00
[2024-12-29T00:25:17.164+0000] {processor.py:208} INFO - Processing /home/airflow/.local/lib/python3.12/site-packages/airflow/example_dags/example_bash_operator.py took 0.103 seconds
[2024-12-29T00:25:48.547+0000] {processor.py:186} INFO - Started process (PID=844) to work on /home/airflow/.local/lib/python3.12/site-packages/airflow/example_dags/example_bash_operator.py
[2024-12-29T00:25:48.548+0000] {processor.py:914} INFO - Processing file /home/airflow/.local/lib/python3.12/site-packages/airflow/example_dags/example_bash_operator.py for tasks to queue
[2024-12-29T00:25:48.550+0000] {logging_mixin.py:190} INFO - [2024-12-29T00:25:48.550+0000] {dagbag.py:588} INFO - Filling up the DagBag from /home/airflow/.local/lib/python3.12/site-packages/airflow/example_dags/example_bash_operator.py
[2024-12-29T00:25:48.565+0000] {processor.py:925} INFO - DAG(s) 'example_bash_operator' retrieved from /home/airflow/.local/lib/python3.12/site-packages/airflow/example_dags/example_bash_operator.py
[2024-12-29T00:25:48.598+0000] {logging_mixin.py:190} INFO - [2024-12-29T00:25:48.597+0000] {dag.py:3239} INFO - Sync 1 DAGs
[2024-12-29T00:25:48.628+0000] {logging_mixin.py:190} INFO - [2024-12-29T00:25:48.627+0000] {dag.py:4180} INFO - Setting next_dagrun for example_bash_operator to 2024-12-28 00:00:00+00:00, run_after=2024-12-29 00:00:00+00:00
[2024-12-29T00:25:48.655+0000] {processor.py:208} INFO - Processing /home/airflow/.local/lib/python3.12/site-packages/airflow/example_dags/example_bash_operator.py took 0.115 seconds
[2024-12-29T00:26:19.618+0000] {processor.py:186} INFO - Started process (PID=909) to work on /home/airflow/.local/lib/python3.12/site-packages/airflow/example_dags/example_bash_operator.py
[2024-12-29T00:26:19.620+0000] {processor.py:914} INFO - Processing file /home/airflow/.local/lib/python3.12/site-packages/airflow/example_dags/example_bash_operator.py for tasks to queue
[2024-12-29T00:26:19.623+0000] {logging_mixin.py:190} INFO - [2024-12-29T00:26:19.622+0000] {dagbag.py:588} INFO - Filling up the DagBag from /home/airflow/.local/lib/python3.12/site-packages/airflow/example_dags/example_bash_operator.py
[2024-12-29T00:26:19.640+0000] {processor.py:925} INFO - DAG(s) 'example_bash_operator' retrieved from /home/airflow/.local/lib/python3.12/site-packages/airflow/example_dags/example_bash_operator.py
[2024-12-29T00:26:19.674+0000] {logging_mixin.py:190} INFO - [2024-12-29T00:26:19.673+0000] {dag.py:3239} INFO - Sync 1 DAGs
[2024-12-29T00:26:19.703+0000] {logging_mixin.py:190} INFO - [2024-12-29T00:26:19.702+0000] {dag.py:4180} INFO - Setting next_dagrun for example_bash_operator to 2024-12-28 00:00:00+00:00, run_after=2024-12-29 00:00:00+00:00
[2024-12-29T00:26:19.728+0000] {processor.py:208} INFO - Processing /home/airflow/.local/lib/python3.12/site-packages/airflow/example_dags/example_bash_operator.py took 0.115 seconds
[2024-12-29T00:26:50.989+0000] {processor.py:186} INFO - Started process (PID=974) to work on /home/airflow/.local/lib/python3.12/site-packages/airflow/example_dags/example_bash_operator.py
[2024-12-29T00:26:50.991+0000] {processor.py:914} INFO - Processing file /home/airflow/.local/lib/python3.12/site-packages/airflow/example_dags/example_bash_operator.py for tasks to queue
[2024-12-29T00:26:50.994+0000] {logging_mixin.py:190} INFO - [2024-12-29T00:26:50.993+0000] {dagbag.py:588} INFO - Filling up the DagBag from /home/airflow/.local/lib/python3.12/site-packages/airflow/example_dags/example_bash_operator.py
[2024-12-29T00:26:51.009+0000] {processor.py:925} INFO - DAG(s) 'example_bash_operator' retrieved from /home/airflow/.local/lib/python3.12/site-packages/airflow/example_dags/example_bash_operator.py
[2024-12-29T00:26:51.051+0000] {logging_mixin.py:190} INFO - [2024-12-29T00:26:51.050+0000] {dag.py:3239} INFO - Sync 1 DAGs
[2024-12-29T00:26:51.085+0000] {logging_mixin.py:190} INFO - [2024-12-29T00:26:51.084+0000] {dag.py:4180} INFO - Setting next_dagrun for example_bash_operator to 2024-12-28 00:00:00+00:00, run_after=2024-12-29 00:00:00+00:00
[2024-12-29T00:26:51.116+0000] {processor.py:208} INFO - Processing /home/airflow/.local/lib/python3.12/site-packages/airflow/example_dags/example_bash_operator.py took 0.133 seconds
[2024-12-29T00:27:22.800+0000] {processor.py:186} INFO - Started process (PID=1039) to work on /home/airflow/.local/lib/python3.12/site-packages/airflow/example_dags/example_bash_operator.py
[2024-12-29T00:27:22.803+0000] {processor.py:914} INFO - Processing file /home/airflow/.local/lib/python3.12/site-packages/airflow/example_dags/example_bash_operator.py for tasks to queue
[2024-12-29T00:27:22.805+0000] {logging_mixin.py:190} INFO - [2024-12-29T00:27:22.805+0000] {dagbag.py:588} INFO - Filling up the DagBag from /home/airflow/.local/lib/python3.12/site-packages/airflow/example_dags/example_bash_operator.py
[2024-12-29T00:27:22.822+0000] {processor.py:925} INFO - DAG(s) 'example_bash_operator' retrieved from /home/airflow/.local/lib/python3.12/site-packages/airflow/example_dags/example_bash_operator.py
[2024-12-29T00:27:22.864+0000] {logging_mixin.py:190} INFO - [2024-12-29T00:27:22.864+0000] {dag.py:3239} INFO - Sync 1 DAGs
[2024-12-29T00:27:22.893+0000] {logging_mixin.py:190} INFO - [2024-12-29T00:27:22.893+0000] {dag.py:4180} INFO - Setting next_dagrun for example_bash_operator to 2024-12-28 00:00:00+00:00, run_after=2024-12-29 00:00:00+00:00
[2024-12-29T00:27:22.923+0000] {processor.py:208} INFO - Processing /home/airflow/.local/lib/python3.12/site-packages/airflow/example_dags/example_bash_operator.py took 0.130 seconds
[2024-12-29T00:27:53.532+0000] {processor.py:186} INFO - Started process (PID=1104) to work on /home/airflow/.local/lib/python3.12/site-packages/airflow/example_dags/example_bash_operator.py
[2024-12-29T00:27:53.534+0000] {processor.py:914} INFO - Processing file /home/airflow/.local/lib/python3.12/site-packages/airflow/example_dags/example_bash_operator.py for tasks to queue
[2024-12-29T00:27:53.537+0000] {logging_mixin.py:190} INFO - [2024-12-29T00:27:53.537+0000] {dagbag.py:588} INFO - Filling up the DagBag from /home/airflow/.local/lib/python3.12/site-packages/airflow/example_dags/example_bash_operator.py
[2024-12-29T00:27:53.552+0000] {processor.py:925} INFO - DAG(s) 'example_bash_operator' retrieved from /home/airflow/.local/lib/python3.12/site-packages/airflow/example_dags/example_bash_operator.py
[2024-12-29T00:27:53.591+0000] {logging_mixin.py:190} INFO - [2024-12-29T00:27:53.591+0000] {dag.py:3239} INFO - Sync 1 DAGs
[2024-12-29T00:27:53.626+0000] {logging_mixin.py:190} INFO - [2024-12-29T00:27:53.625+0000] {dag.py:4180} INFO - Setting next_dagrun for example_bash_operator to 2024-12-28 00:00:00+00:00, run_after=2024-12-29 00:00:00+00:00
[2024-12-29T00:27:53.660+0000] {processor.py:208} INFO - Processing /home/airflow/.local/lib/python3.12/site-packages/airflow/example_dags/example_bash_operator.py took 0.134 seconds
[2024-12-29T00:28:24.510+0000] {processor.py:186} INFO - Started process (PID=1170) to work on /home/airflow/.local/lib/python3.12/site-packages/airflow/example_dags/example_bash_operator.py
[2024-12-29T00:28:24.511+0000] {processor.py:914} INFO - Processing file /home/airflow/.local/lib/python3.12/site-packages/airflow/example_dags/example_bash_operator.py for tasks to queue
[2024-12-29T00:28:24.514+0000] {logging_mixin.py:190} INFO - [2024-12-29T00:28:24.514+0000] {dagbag.py:588} INFO - Filling up the DagBag from /home/airflow/.local/lib/python3.12/site-packages/airflow/example_dags/example_bash_operator.py
[2024-12-29T00:28:24.530+0000] {processor.py:925} INFO - DAG(s) 'example_bash_operator' retrieved from /home/airflow/.local/lib/python3.12/site-packages/airflow/example_dags/example_bash_operator.py
[2024-12-29T00:28:24.569+0000] {logging_mixin.py:190} INFO - [2024-12-29T00:28:24.569+0000] {dag.py:3239} INFO - Sync 1 DAGs
[2024-12-29T00:28:24.597+0000] {logging_mixin.py:190} INFO - [2024-12-29T00:28:24.597+0000] {dag.py:4180} INFO - Setting next_dagrun for example_bash_operator to 2024-12-28 00:00:00+00:00, run_after=2024-12-29 00:00:00+00:00
[2024-12-29T00:28:24.624+0000] {processor.py:208} INFO - Processing /home/airflow/.local/lib/python3.12/site-packages/airflow/example_dags/example_bash_operator.py took 0.120 seconds
[2024-12-29T00:28:55.758+0000] {processor.py:186} INFO - Started process (PID=1235) to work on /home/airflow/.local/lib/python3.12/site-packages/airflow/example_dags/example_bash_operator.py
[2024-12-29T00:28:55.760+0000] {processor.py:914} INFO - Processing file /home/airflow/.local/lib/python3.12/site-packages/airflow/example_dags/example_bash_operator.py for tasks to queue
[2024-12-29T00:28:55.763+0000] {logging_mixin.py:190} INFO - [2024-12-29T00:28:55.762+0000] {dagbag.py:588} INFO - Filling up the DagBag from /home/airflow/.local/lib/python3.12/site-packages/airflow/example_dags/example_bash_operator.py
[2024-12-29T00:28:55.775+0000] {processor.py:925} INFO - DAG(s) 'example_bash_operator' retrieved from /home/airflow/.local/lib/python3.12/site-packages/airflow/example_dags/example_bash_operator.py
[2024-12-29T00:28:55.807+0000] {logging_mixin.py:190} INFO - [2024-12-29T00:28:55.807+0000] {dag.py:3239} INFO - Sync 1 DAGs
[2024-12-29T00:28:55.834+0000] {logging_mixin.py:190} INFO - [2024-12-29T00:28:55.834+0000] {dag.py:4180} INFO - Setting next_dagrun for example_bash_operator to 2024-12-28 00:00:00+00:00, run_after=2024-12-29 00:00:00+00:00
[2024-12-29T00:28:55.858+0000] {processor.py:208} INFO - Processing /home/airflow/.local/lib/python3.12/site-packages/airflow/example_dags/example_bash_operator.py took 0.105 seconds
[2024-12-29T00:29:27.454+0000] {processor.py:186} INFO - Started process (PID=1300) to work on /home/airflow/.local/lib/python3.12/site-packages/airflow/example_dags/example_bash_operator.py
[2024-12-29T00:29:27.456+0000] {processor.py:914} INFO - Processing file /home/airflow/.local/lib/python3.12/site-packages/airflow/example_dags/example_bash_operator.py for tasks to queue
[2024-12-29T00:29:27.458+0000] {logging_mixin.py:190} INFO - [2024-12-29T00:29:27.458+0000] {dagbag.py:588} INFO - Filling up the DagBag from /home/airflow/.local/lib/python3.12/site-packages/airflow/example_dags/example_bash_operator.py
[2024-12-29T00:29:27.476+0000] {processor.py:925} INFO - DAG(s) 'example_bash_operator' retrieved from /home/airflow/.local/lib/python3.12/site-packages/airflow/example_dags/example_bash_operator.py
[2024-12-29T00:29:27.516+0000] {logging_mixin.py:190} INFO - [2024-12-29T00:29:27.515+0000] {dag.py:3239} INFO - Sync 1 DAGs
[2024-12-29T00:29:27.548+0000] {logging_mixin.py:190} INFO - [2024-12-29T00:29:27.548+0000] {dag.py:4180} INFO - Setting next_dagrun for example_bash_operator to 2024-12-28 00:00:00+00:00, run_after=2024-12-29 00:00:00+00:00
[2024-12-29T00:29:27.577+0000] {processor.py:208} INFO - Processing /home/airflow/.local/lib/python3.12/site-packages/airflow/example_dags/example_bash_operator.py took 0.130 seconds
[2024-12-29T00:29:58.261+0000] {processor.py:186} INFO - Started process (PID=1365) to work on /home/airflow/.local/lib/python3.12/site-packages/airflow/example_dags/example_bash_operator.py
[2024-12-29T00:29:58.263+0000] {processor.py:914} INFO - Processing file /home/airflow/.local/lib/python3.12/site-packages/airflow/example_dags/example_bash_operator.py for tasks to queue
[2024-12-29T00:29:58.265+0000] {logging_mixin.py:190} INFO - [2024-12-29T00:29:58.265+0000] {dagbag.py:588} INFO - Filling up the DagBag from /home/airflow/.local/lib/python3.12/site-packages/airflow/example_dags/example_bash_operator.py
[2024-12-29T00:29:58.280+0000] {processor.py:925} INFO - DAG(s) 'example_bash_operator' retrieved from /home/airflow/.local/lib/python3.12/site-packages/airflow/example_dags/example_bash_operator.py
[2024-12-29T00:29:58.316+0000] {logging_mixin.py:190} INFO - [2024-12-29T00:29:58.316+0000] {dag.py:3239} INFO - Sync 1 DAGs
[2024-12-29T00:29:58.344+0000] {logging_mixin.py:190} INFO - [2024-12-29T00:29:58.343+0000] {dag.py:4180} INFO - Setting next_dagrun for example_bash_operator to 2024-12-28 00:00:00+00:00, run_after=2024-12-29 00:00:00+00:00
[2024-12-29T00:29:58.371+0000] {processor.py:208} INFO - Processing /home/airflow/.local/lib/python3.12/site-packages/airflow/example_dags/example_bash_operator.py took 0.116 seconds
[2024-12-29T00:30:29.080+0000] {processor.py:186} INFO - Started process (PID=1430) to work on /home/airflow/.local/lib/python3.12/site-packages/airflow/example_dags/example_bash_operator.py
[2024-12-29T00:30:29.082+0000] {processor.py:914} INFO - Processing file /home/airflow/.local/lib/python3.12/site-packages/airflow/example_dags/example_bash_operator.py for tasks to queue
[2024-12-29T00:30:29.085+0000] {logging_mixin.py:190} INFO - [2024-12-29T00:30:29.084+0000] {dagbag.py:588} INFO - Filling up the DagBag from /home/airflow/.local/lib/python3.12/site-packages/airflow/example_dags/example_bash_operator.py
[2024-12-29T00:30:29.096+0000] {processor.py:925} INFO - DAG(s) 'example_bash_operator' retrieved from /home/airflow/.local/lib/python3.12/site-packages/airflow/example_dags/example_bash_operator.py
[2024-12-29T00:30:29.126+0000] {logging_mixin.py:190} INFO - [2024-12-29T00:30:29.126+0000] {dag.py:3239} INFO - Sync 1 DAGs
[2024-12-29T00:30:29.152+0000] {logging_mixin.py:190} INFO - [2024-12-29T00:30:29.152+0000] {dag.py:4180} INFO - Setting next_dagrun for example_bash_operator to 2024-12-28 00:00:00+00:00, run_after=2024-12-29 00:00:00+00:00
[2024-12-29T00:30:29.175+0000] {processor.py:208} INFO - Processing /home/airflow/.local/lib/python3.12/site-packages/airflow/example_dags/example_bash_operator.py took 0.100 seconds
[2024-12-29T00:31:01.062+0000] {processor.py:186} INFO - Started process (PID=1497) to work on /home/airflow/.local/lib/python3.12/site-packages/airflow/example_dags/example_bash_operator.py
[2024-12-29T00:31:01.064+0000] {processor.py:914} INFO - Processing file /home/airflow/.local/lib/python3.12/site-packages/airflow/example_dags/example_bash_operator.py for tasks to queue
[2024-12-29T00:31:01.067+0000] {logging_mixin.py:190} INFO - [2024-12-29T00:31:01.066+0000] {dagbag.py:588} INFO - Filling up the DagBag from /home/airflow/.local/lib/python3.12/site-packages/airflow/example_dags/example_bash_operator.py
[2024-12-29T00:31:01.085+0000] {processor.py:925} INFO - DAG(s) 'example_bash_operator' retrieved from /home/airflow/.local/lib/python3.12/site-packages/airflow/example_dags/example_bash_operator.py
[2024-12-29T00:31:01.130+0000] {logging_mixin.py:190} INFO - [2024-12-29T00:31:01.129+0000] {dag.py:3239} INFO - Sync 1 DAGs
[2024-12-29T00:31:01.171+0000] {logging_mixin.py:190} INFO - [2024-12-29T00:31:01.170+0000] {dag.py:4180} INFO - Setting next_dagrun for example_bash_operator to 2024-12-28 00:00:00+00:00, run_after=2024-12-29 00:00:00+00:00
[2024-12-29T00:31:01.201+0000] {processor.py:208} INFO - Processing /home/airflow/.local/lib/python3.12/site-packages/airflow/example_dags/example_bash_operator.py took 0.147 seconds
[2024-12-29T00:31:32.193+0000] {processor.py:186} INFO - Started process (PID=1563) to work on /home/airflow/.local/lib/python3.12/site-packages/airflow/example_dags/example_bash_operator.py
[2024-12-29T00:31:32.195+0000] {processor.py:914} INFO - Processing file /home/airflow/.local/lib/python3.12/site-packages/airflow/example_dags/example_bash_operator.py for tasks to queue
[2024-12-29T00:31:32.198+0000] {logging_mixin.py:190} INFO - [2024-12-29T00:31:32.198+0000] {dagbag.py:588} INFO - Filling up the DagBag from /home/airflow/.local/lib/python3.12/site-packages/airflow/example_dags/example_bash_operator.py
[2024-12-29T00:31:32.216+0000] {processor.py:925} INFO - DAG(s) 'example_bash_operator' retrieved from /home/airflow/.local/lib/python3.12/site-packages/airflow/example_dags/example_bash_operator.py
[2024-12-29T00:31:32.259+0000] {logging_mixin.py:190} INFO - [2024-12-29T00:31:32.259+0000] {dag.py:3239} INFO - Sync 1 DAGs
[2024-12-29T00:31:32.293+0000] {logging_mixin.py:190} INFO - [2024-12-29T00:31:32.292+0000] {dag.py:4180} INFO - Setting next_dagrun for example_bash_operator to 2024-12-28 00:00:00+00:00, run_after=2024-12-29 00:00:00+00:00
[2024-12-29T00:31:32.326+0000] {processor.py:208} INFO - Processing /home/airflow/.local/lib/python3.12/site-packages/airflow/example_dags/example_bash_operator.py took 0.141 seconds
[2024-12-29T00:32:03.336+0000] {processor.py:186} INFO - Started process (PID=1629) to work on /home/airflow/.local/lib/python3.12/site-packages/airflow/example_dags/example_bash_operator.py
[2024-12-29T00:32:03.338+0000] {processor.py:914} INFO - Processing file /home/airflow/.local/lib/python3.12/site-packages/airflow/example_dags/example_bash_operator.py for tasks to queue
[2024-12-29T00:32:03.340+0000] {logging_mixin.py:190} INFO - [2024-12-29T00:32:03.340+0000] {dagbag.py:588} INFO - Filling up the DagBag from /home/airflow/.local/lib/python3.12/site-packages/airflow/example_dags/example_bash_operator.py
[2024-12-29T00:32:03.354+0000] {processor.py:925} INFO - DAG(s) 'example_bash_operator' retrieved from /home/airflow/.local/lib/python3.12/site-packages/airflow/example_dags/example_bash_operator.py
[2024-12-29T00:32:03.386+0000] {logging_mixin.py:190} INFO - [2024-12-29T00:32:03.386+0000] {dag.py:3239} INFO - Sync 1 DAGs
[2024-12-29T00:32:03.413+0000] {logging_mixin.py:190} INFO - [2024-12-29T00:32:03.413+0000] {dag.py:4180} INFO - Setting next_dagrun for example_bash_operator to 2024-12-28 00:00:00+00:00, run_after=2024-12-29 00:00:00+00:00
[2024-12-29T00:32:03.439+0000] {processor.py:208} INFO - Processing /home/airflow/.local/lib/python3.12/site-packages/airflow/example_dags/example_bash_operator.py took 0.110 seconds
[2024-12-29T00:32:35.735+0000] {processor.py:186} INFO - Started process (PID=1702) to work on /home/airflow/.local/lib/python3.12/site-packages/airflow/example_dags/example_bash_operator.py
[2024-12-29T00:32:35.736+0000] {processor.py:914} INFO - Processing file /home/airflow/.local/lib/python3.12/site-packages/airflow/example_dags/example_bash_operator.py for tasks to queue
[2024-12-29T00:32:35.739+0000] {logging_mixin.py:190} INFO - [2024-12-29T00:32:35.739+0000] {dagbag.py:588} INFO - Filling up the DagBag from /home/airflow/.local/lib/python3.12/site-packages/airflow/example_dags/example_bash_operator.py
[2024-12-29T00:32:35.752+0000] {processor.py:925} INFO - DAG(s) 'example_bash_operator' retrieved from /home/airflow/.local/lib/python3.12/site-packages/airflow/example_dags/example_bash_operator.py
[2024-12-29T00:32:35.787+0000] {logging_mixin.py:190} INFO - [2024-12-29T00:32:35.787+0000] {dag.py:3239} INFO - Sync 1 DAGs
[2024-12-29T00:32:35.813+0000] {logging_mixin.py:190} INFO - [2024-12-29T00:32:35.812+0000] {dag.py:4180} INFO - Setting next_dagrun for example_bash_operator to 2024-12-28 00:00:00+00:00, run_after=2024-12-29 00:00:00+00:00
[2024-12-29T00:32:35.837+0000] {processor.py:208} INFO - Processing /home/airflow/.local/lib/python3.12/site-packages/airflow/example_dags/example_bash_operator.py took 0.108 seconds
[2024-12-29T00:33:06.852+0000] {processor.py:186} INFO - Started process (PID=1767) to work on /home/airflow/.local/lib/python3.12/site-packages/airflow/example_dags/example_bash_operator.py
[2024-12-29T00:33:06.854+0000] {processor.py:914} INFO - Processing file /home/airflow/.local/lib/python3.12/site-packages/airflow/example_dags/example_bash_operator.py for tasks to queue
[2024-12-29T00:33:06.858+0000] {logging_mixin.py:190} INFO - [2024-12-29T00:33:06.857+0000] {dagbag.py:588} INFO - Filling up the DagBag from /home/airflow/.local/lib/python3.12/site-packages/airflow/example_dags/example_bash_operator.py
[2024-12-29T00:33:06.875+0000] {processor.py:925} INFO - DAG(s) 'example_bash_operator' retrieved from /home/airflow/.local/lib/python3.12/site-packages/airflow/example_dags/example_bash_operator.py
[2024-12-29T00:33:06.918+0000] {logging_mixin.py:190} INFO - [2024-12-29T00:33:06.918+0000] {dag.py:3239} INFO - Sync 1 DAGs
[2024-12-29T00:33:06.955+0000] {logging_mixin.py:190} INFO - [2024-12-29T00:33:06.954+0000] {dag.py:4180} INFO - Setting next_dagrun for example_bash_operator to 2024-12-28 00:00:00+00:00, run_after=2024-12-29 00:00:00+00:00
[2024-12-29T00:33:06.986+0000] {processor.py:208} INFO - Processing /home/airflow/.local/lib/python3.12/site-packages/airflow/example_dags/example_bash_operator.py took 0.141 seconds
[2024-12-29T00:33:38.815+0000] {processor.py:186} INFO - Started process (PID=1832) to work on /home/airflow/.local/lib/python3.12/site-packages/airflow/example_dags/example_bash_operator.py
[2024-12-29T00:33:38.817+0000] {processor.py:914} INFO - Processing file /home/airflow/.local/lib/python3.12/site-packages/airflow/example_dags/example_bash_operator.py for tasks to queue
[2024-12-29T00:33:38.820+0000] {logging_mixin.py:190} INFO - [2024-12-29T00:33:38.820+0000] {dagbag.py:588} INFO - Filling up the DagBag from /home/airflow/.local/lib/python3.12/site-packages/airflow/example_dags/example_bash_operator.py
[2024-12-29T00:33:38.835+0000] {processor.py:925} INFO - DAG(s) 'example_bash_operator' retrieved from /home/airflow/.local/lib/python3.12/site-packages/airflow/example_dags/example_bash_operator.py
[2024-12-29T00:33:38.870+0000] {logging_mixin.py:190} INFO - [2024-12-29T00:33:38.869+0000] {dag.py:3239} INFO - Sync 1 DAGs
[2024-12-29T00:33:38.901+0000] {logging_mixin.py:190} INFO - [2024-12-29T00:33:38.901+0000] {dag.py:4180} INFO - Setting next_dagrun for example_bash_operator to 2024-12-28 00:00:00+00:00, run_after=2024-12-29 00:00:00+00:00
[2024-12-29T00:33:38.931+0000] {processor.py:208} INFO - Processing /home/airflow/.local/lib/python3.12/site-packages/airflow/example_dags/example_bash_operator.py took 0.122 seconds
[2024-12-29T00:34:09.783+0000] {processor.py:186} INFO - Started process (PID=1897) to work on /home/airflow/.local/lib/python3.12/site-packages/airflow/example_dags/example_bash_operator.py
[2024-12-29T00:34:09.785+0000] {processor.py:914} INFO - Processing file /home/airflow/.local/lib/python3.12/site-packages/airflow/example_dags/example_bash_operator.py for tasks to queue
[2024-12-29T00:34:09.788+0000] {logging_mixin.py:190} INFO - [2024-12-29T00:34:09.787+0000] {dagbag.py:588} INFO - Filling up the DagBag from /home/airflow/.local/lib/python3.12/site-packages/airflow/example_dags/example_bash_operator.py
[2024-12-29T00:34:09.803+0000] {processor.py:925} INFO - DAG(s) 'example_bash_operator' retrieved from /home/airflow/.local/lib/python3.12/site-packages/airflow/example_dags/example_bash_operator.py
[2024-12-29T00:34:09.842+0000] {logging_mixin.py:190} INFO - [2024-12-29T00:34:09.841+0000] {dag.py:3239} INFO - Sync 1 DAGs
[2024-12-29T00:34:09.888+0000] {logging_mixin.py:190} INFO - [2024-12-29T00:34:09.887+0000] {dag.py:4180} INFO - Setting next_dagrun for example_bash_operator to 2024-12-28 00:00:00+00:00, run_after=2024-12-29 00:00:00+00:00
[2024-12-29T00:34:09.922+0000] {processor.py:208} INFO - Processing /home/airflow/.local/lib/python3.12/site-packages/airflow/example_dags/example_bash_operator.py took 0.145 seconds
[2024-12-29T00:34:41.381+0000] {processor.py:186} INFO - Started process (PID=1968) to work on /home/airflow/.local/lib/python3.12/site-packages/airflow/example_dags/example_bash_operator.py
[2024-12-29T00:34:41.383+0000] {processor.py:914} INFO - Processing file /home/airflow/.local/lib/python3.12/site-packages/airflow/example_dags/example_bash_operator.py for tasks to queue
[2024-12-29T00:34:41.385+0000] {logging_mixin.py:190} INFO - [2024-12-29T00:34:41.385+0000] {dagbag.py:588} INFO - Filling up the DagBag from /home/airflow/.local/lib/python3.12/site-packages/airflow/example_dags/example_bash_operator.py
[2024-12-29T00:34:41.400+0000] {processor.py:925} INFO - DAG(s) 'example_bash_operator' retrieved from /home/airflow/.local/lib/python3.12/site-packages/airflow/example_dags/example_bash_operator.py
[2024-12-29T00:34:41.435+0000] {logging_mixin.py:190} INFO - [2024-12-29T00:34:41.434+0000] {dag.py:3239} INFO - Sync 1 DAGs
[2024-12-29T00:34:41.464+0000] {logging_mixin.py:190} INFO - [2024-12-29T00:34:41.463+0000] {dag.py:4180} INFO - Setting next_dagrun for example_bash_operator to 2024-12-28 00:00:00+00:00, run_after=2024-12-29 00:00:00+00:00
[2024-12-29T00:34:41.491+0000] {processor.py:208} INFO - Processing /home/airflow/.local/lib/python3.12/site-packages/airflow/example_dags/example_bash_operator.py took 0.116 seconds
[2024-12-29T00:35:12.561+0000] {processor.py:186} INFO - Started process (PID=2033) to work on /home/airflow/.local/lib/python3.12/site-packages/airflow/example_dags/example_bash_operator.py
[2024-12-29T00:35:12.562+0000] {processor.py:914} INFO - Processing file /home/airflow/.local/lib/python3.12/site-packages/airflow/example_dags/example_bash_operator.py for tasks to queue
[2024-12-29T00:35:12.564+0000] {logging_mixin.py:190} INFO - [2024-12-29T00:35:12.564+0000] {dagbag.py:588} INFO - Filling up the DagBag from /home/airflow/.local/lib/python3.12/site-packages/airflow/example_dags/example_bash_operator.py
[2024-12-29T00:35:12.576+0000] {processor.py:925} INFO - DAG(s) 'example_bash_operator' retrieved from /home/airflow/.local/lib/python3.12/site-packages/airflow/example_dags/example_bash_operator.py
[2024-12-29T00:35:12.607+0000] {logging_mixin.py:190} INFO - [2024-12-29T00:35:12.606+0000] {dag.py:3239} INFO - Sync 1 DAGs
[2024-12-29T00:35:12.635+0000] {logging_mixin.py:190} INFO - [2024-12-29T00:35:12.635+0000] {dag.py:4180} INFO - Setting next_dagrun for example_bash_operator to 2024-12-28 00:00:00+00:00, run_after=2024-12-29 00:00:00+00:00
[2024-12-29T00:35:12.659+0000] {processor.py:208} INFO - Processing /home/airflow/.local/lib/python3.12/site-packages/airflow/example_dags/example_bash_operator.py took 0.104 seconds
[2024-12-29T00:35:42.850+0000] {processor.py:186} INFO - Started process (PID=2098) to work on /home/airflow/.local/lib/python3.12/site-packages/airflow/example_dags/example_bash_operator.py
[2024-12-29T00:35:42.852+0000] {processor.py:914} INFO - Processing file /home/airflow/.local/lib/python3.12/site-packages/airflow/example_dags/example_bash_operator.py for tasks to queue
[2024-12-29T00:35:42.854+0000] {logging_mixin.py:190} INFO - [2024-12-29T00:35:42.854+0000] {dagbag.py:588} INFO - Filling up the DagBag from /home/airflow/.local/lib/python3.12/site-packages/airflow/example_dags/example_bash_operator.py
[2024-12-29T00:35:42.869+0000] {processor.py:925} INFO - DAG(s) 'example_bash_operator' retrieved from /home/airflow/.local/lib/python3.12/site-packages/airflow/example_dags/example_bash_operator.py
[2024-12-29T00:35:42.904+0000] {logging_mixin.py:190} INFO - [2024-12-29T00:35:42.904+0000] {dag.py:3239} INFO - Sync 1 DAGs
[2024-12-29T00:35:42.935+0000] {logging_mixin.py:190} INFO - [2024-12-29T00:35:42.934+0000] {dag.py:4180} INFO - Setting next_dagrun for example_bash_operator to 2024-12-28 00:00:00+00:00, run_after=2024-12-29 00:00:00+00:00
[2024-12-29T00:35:42.971+0000] {processor.py:208} INFO - Processing /home/airflow/.local/lib/python3.12/site-packages/airflow/example_dags/example_bash_operator.py took 0.127 seconds
[2024-12-29T00:36:13.837+0000] {processor.py:186} INFO - Started process (PID=2163) to work on /home/airflow/.local/lib/python3.12/site-packages/airflow/example_dags/example_bash_operator.py
[2024-12-29T00:36:13.839+0000] {processor.py:914} INFO - Processing file /home/airflow/.local/lib/python3.12/site-packages/airflow/example_dags/example_bash_operator.py for tasks to queue
[2024-12-29T00:36:13.842+0000] {logging_mixin.py:190} INFO - [2024-12-29T00:36:13.842+0000] {dagbag.py:588} INFO - Filling up the DagBag from /home/airflow/.local/lib/python3.12/site-packages/airflow/example_dags/example_bash_operator.py
[2024-12-29T00:36:13.856+0000] {processor.py:925} INFO - DAG(s) 'example_bash_operator' retrieved from /home/airflow/.local/lib/python3.12/site-packages/airflow/example_dags/example_bash_operator.py
[2024-12-29T00:36:13.891+0000] {logging_mixin.py:190} INFO - [2024-12-29T00:36:13.891+0000] {dag.py:3239} INFO - Sync 1 DAGs
[2024-12-29T00:36:13.923+0000] {logging_mixin.py:190} INFO - [2024-12-29T00:36:13.923+0000] {dag.py:4180} INFO - Setting next_dagrun for example_bash_operator to 2024-12-28 00:00:00+00:00, run_after=2024-12-29 00:00:00+00:00
[2024-12-29T00:36:13.957+0000] {processor.py:208} INFO - Processing /home/airflow/.local/lib/python3.12/site-packages/airflow/example_dags/example_bash_operator.py took 0.126 seconds
[2024-12-29T00:36:44.740+0000] {processor.py:186} INFO - Started process (PID=2228) to work on /home/airflow/.local/lib/python3.12/site-packages/airflow/example_dags/example_bash_operator.py
[2024-12-29T00:36:44.741+0000] {processor.py:914} INFO - Processing file /home/airflow/.local/lib/python3.12/site-packages/airflow/example_dags/example_bash_operator.py for tasks to queue
[2024-12-29T00:36:44.744+0000] {logging_mixin.py:190} INFO - [2024-12-29T00:36:44.743+0000] {dagbag.py:588} INFO - Filling up the DagBag from /home/airflow/.local/lib/python3.12/site-packages/airflow/example_dags/example_bash_operator.py
[2024-12-29T00:36:44.760+0000] {processor.py:925} INFO - DAG(s) 'example_bash_operator' retrieved from /home/airflow/.local/lib/python3.12/site-packages/airflow/example_dags/example_bash_operator.py
[2024-12-29T00:36:44.796+0000] {logging_mixin.py:190} INFO - [2024-12-29T00:36:44.796+0000] {dag.py:3239} INFO - Sync 1 DAGs
[2024-12-29T00:36:44.827+0000] {logging_mixin.py:190} INFO - [2024-12-29T00:36:44.826+0000] {dag.py:4180} INFO - Setting next_dagrun for example_bash_operator to 2024-12-28 00:00:00+00:00, run_after=2024-12-29 00:00:00+00:00
[2024-12-29T00:36:44.856+0000] {processor.py:208} INFO - Processing /home/airflow/.local/lib/python3.12/site-packages/airflow/example_dags/example_bash_operator.py took 0.123 seconds
[2024-12-29T00:37:14.904+0000] {processor.py:186} INFO - Started process (PID=2292) to work on /home/airflow/.local/lib/python3.12/site-packages/airflow/example_dags/example_bash_operator.py
[2024-12-29T00:37:14.905+0000] {processor.py:914} INFO - Processing file /home/airflow/.local/lib/python3.12/site-packages/airflow/example_dags/example_bash_operator.py for tasks to queue
[2024-12-29T00:37:14.908+0000] {logging_mixin.py:190} INFO - [2024-12-29T00:37:14.907+0000] {dagbag.py:588} INFO - Filling up the DagBag from /home/airflow/.local/lib/python3.12/site-packages/airflow/example_dags/example_bash_operator.py
[2024-12-29T00:37:14.920+0000] {processor.py:925} INFO - DAG(s) 'example_bash_operator' retrieved from /home/airflow/.local/lib/python3.12/site-packages/airflow/example_dags/example_bash_operator.py
[2024-12-29T00:37:14.952+0000] {logging_mixin.py:190} INFO - [2024-12-29T00:37:14.951+0000] {dag.py:3239} INFO - Sync 1 DAGs
[2024-12-29T00:37:14.979+0000] {logging_mixin.py:190} INFO - [2024-12-29T00:37:14.979+0000] {dag.py:4180} INFO - Setting next_dagrun for example_bash_operator to 2024-12-28 00:00:00+00:00, run_after=2024-12-29 00:00:00+00:00
[2024-12-29T00:37:15.006+0000] {processor.py:208} INFO - Processing /home/airflow/.local/lib/python3.12/site-packages/airflow/example_dags/example_bash_operator.py took 0.110 seconds
[2024-12-29T00:37:45.945+0000] {processor.py:186} INFO - Started process (PID=2357) to work on /home/airflow/.local/lib/python3.12/site-packages/airflow/example_dags/example_bash_operator.py
[2024-12-29T00:37:45.946+0000] {processor.py:914} INFO - Processing file /home/airflow/.local/lib/python3.12/site-packages/airflow/example_dags/example_bash_operator.py for tasks to queue
[2024-12-29T00:37:45.950+0000] {logging_mixin.py:190} INFO - [2024-12-29T00:37:45.949+0000] {dagbag.py:588} INFO - Filling up the DagBag from /home/airflow/.local/lib/python3.12/site-packages/airflow/example_dags/example_bash_operator.py
[2024-12-29T00:37:45.963+0000] {processor.py:925} INFO - DAG(s) 'example_bash_operator' retrieved from /home/airflow/.local/lib/python3.12/site-packages/airflow/example_dags/example_bash_operator.py
[2024-12-29T00:37:45.997+0000] {logging_mixin.py:190} INFO - [2024-12-29T00:37:45.996+0000] {dag.py:3239} INFO - Sync 1 DAGs
[2024-12-29T00:37:46.024+0000] {logging_mixin.py:190} INFO - [2024-12-29T00:37:46.024+0000] {dag.py:4180} INFO - Setting next_dagrun for example_bash_operator to 2024-12-28 00:00:00+00:00, run_after=2024-12-29 00:00:00+00:00
[2024-12-29T00:37:46.049+0000] {processor.py:208} INFO - Processing /home/airflow/.local/lib/python3.12/site-packages/airflow/example_dags/example_bash_operator.py took 0.110 seconds
[2024-12-29T00:38:16.957+0000] {processor.py:186} INFO - Started process (PID=2422) to work on /home/airflow/.local/lib/python3.12/site-packages/airflow/example_dags/example_bash_operator.py
[2024-12-29T00:38:16.959+0000] {processor.py:914} INFO - Processing file /home/airflow/.local/lib/python3.12/site-packages/airflow/example_dags/example_bash_operator.py for tasks to queue
[2024-12-29T00:38:16.961+0000] {logging_mixin.py:190} INFO - [2024-12-29T00:38:16.961+0000] {dagbag.py:588} INFO - Filling up the DagBag from /home/airflow/.local/lib/python3.12/site-packages/airflow/example_dags/example_bash_operator.py
[2024-12-29T00:38:16.974+0000] {processor.py:925} INFO - DAG(s) 'example_bash_operator' retrieved from /home/airflow/.local/lib/python3.12/site-packages/airflow/example_dags/example_bash_operator.py
[2024-12-29T00:38:17.008+0000] {logging_mixin.py:190} INFO - [2024-12-29T00:38:17.007+0000] {dag.py:3239} INFO - Sync 1 DAGs
[2024-12-29T00:38:17.039+0000] {logging_mixin.py:190} INFO - [2024-12-29T00:38:17.039+0000] {dag.py:4180} INFO - Setting next_dagrun for example_bash_operator to 2024-12-28 00:00:00+00:00, run_after=2024-12-29 00:00:00+00:00
[2024-12-29T00:38:17.067+0000] {processor.py:208} INFO - Processing /home/airflow/.local/lib/python3.12/site-packages/airflow/example_dags/example_bash_operator.py took 0.115 seconds
