[2024-12-29T00:04:00.422+0000] {processor.py:186} INFO - Started process (PID=129) to work on /home/airflow/.local/lib/python3.12/site-packages/airflow/example_dags/example_xcom.py
[2024-12-29T00:04:00.423+0000] {processor.py:914} INFO - Processing file /home/airflow/.local/lib/python3.12/site-packages/airflow/example_dags/example_xcom.py for tasks to queue
[2024-12-29T00:04:00.427+0000] {logging_mixin.py:190} INFO - [2024-12-29T00:04:00.427+0000] {dagbag.py:588} INFO - Filling up the DagBag from /home/airflow/.local/lib/python3.12/site-packages/airflow/example_dags/example_xcom.py
[2024-12-29T00:04:00.444+0000] {processor.py:925} INFO - DAG(s) 'example_xcom' retrieved from /home/airflow/.local/lib/python3.12/site-packages/airflow/example_dags/example_xcom.py
[2024-12-29T00:04:00.636+0000] {logging_mixin.py:190} INFO - [2024-12-29T00:04:00.634+0000] {override.py:1911} INFO - Created Permission View: can read on DAG:example_xcom
[2024-12-29T00:04:00.657+0000] {logging_mixin.py:190} INFO - [2024-12-29T00:04:00.657+0000] {override.py:1911} INFO - Created Permission View: can edit on DAG:example_xcom
[2024-12-29T00:04:00.672+0000] {logging_mixin.py:190} INFO - [2024-12-29T00:04:00.672+0000] {override.py:1911} INFO - Created Permission View: can delete on DAG:example_xcom
[2024-12-29T00:04:00.689+0000] {logging_mixin.py:190} INFO - [2024-12-29T00:04:00.688+0000] {override.py:1911} INFO - Created Permission View: can create on DAG Run:example_xcom
[2024-12-29T00:04:00.703+0000] {logging_mixin.py:190} INFO - [2024-12-29T00:04:00.703+0000] {override.py:1911} INFO - Created Permission View: can read on DAG Run:example_xcom
[2024-12-29T00:04:00.718+0000] {logging_mixin.py:190} INFO - [2024-12-29T00:04:00.717+0000] {override.py:1911} INFO - Created Permission View: can delete on DAG Run:example_xcom
[2024-12-29T00:04:00.732+0000] {logging_mixin.py:190} INFO - [2024-12-29T00:04:00.731+0000] {override.py:1911} INFO - Created Permission View: menu access on DAG Run:example_xcom
[2024-12-29T00:04:00.732+0000] {logging_mixin.py:190} INFO - [2024-12-29T00:04:00.732+0000] {dag.py:3239} INFO - Sync 1 DAGs
[2024-12-29T00:04:00.772+0000] {logging_mixin.py:190} INFO - [2024-12-29T00:04:00.771+0000] {dag.py:3262} INFO - Creating ORM DAG for example_xcom
[2024-12-29T00:04:00.794+0000] {logging_mixin.py:190} INFO - [2024-12-29T00:04:00.793+0000] {dag.py:4180} INFO - Setting next_dagrun for example_xcom to 2021-01-01 00:00:00+00:00, run_after=2021-01-01 00:00:00+00:00
[2024-12-29T00:04:00.845+0000] {processor.py:208} INFO - Processing /home/airflow/.local/lib/python3.12/site-packages/airflow/example_dags/example_xcom.py took 0.432 seconds
[2024-12-29T00:04:31.281+0000] {processor.py:186} INFO - Started process (PID=193) to work on /home/airflow/.local/lib/python3.12/site-packages/airflow/example_dags/example_xcom.py
[2024-12-29T00:04:31.283+0000] {processor.py:914} INFO - Processing file /home/airflow/.local/lib/python3.12/site-packages/airflow/example_dags/example_xcom.py for tasks to queue
[2024-12-29T00:04:31.287+0000] {logging_mixin.py:190} INFO - [2024-12-29T00:04:31.286+0000] {dagbag.py:588} INFO - Filling up the DagBag from /home/airflow/.local/lib/python3.12/site-packages/airflow/example_dags/example_xcom.py
[2024-12-29T00:04:31.300+0000] {processor.py:925} INFO - DAG(s) 'example_xcom' retrieved from /home/airflow/.local/lib/python3.12/site-packages/airflow/example_dags/example_xcom.py
[2024-12-29T00:04:31.332+0000] {logging_mixin.py:190} INFO - [2024-12-29T00:04:31.332+0000] {dag.py:3239} INFO - Sync 1 DAGs
[2024-12-29T00:04:31.363+0000] {logging_mixin.py:190} INFO - [2024-12-29T00:04:31.363+0000] {dag.py:4180} INFO - Setting next_dagrun for example_xcom to 2021-01-01 00:00:00+00:00, run_after=2021-01-01 00:00:00+00:00
[2024-12-29T00:04:31.394+0000] {processor.py:208} INFO - Processing /home/airflow/.local/lib/python3.12/site-packages/airflow/example_dags/example_xcom.py took 0.120 seconds
[2024-12-29T00:05:03.239+0000] {processor.py:186} INFO - Started process (PID=257) to work on /home/airflow/.local/lib/python3.12/site-packages/airflow/example_dags/example_xcom.py
[2024-12-29T00:05:03.240+0000] {processor.py:914} INFO - Processing file /home/airflow/.local/lib/python3.12/site-packages/airflow/example_dags/example_xcom.py for tasks to queue
[2024-12-29T00:05:03.243+0000] {logging_mixin.py:190} INFO - [2024-12-29T00:05:03.243+0000] {dagbag.py:588} INFO - Filling up the DagBag from /home/airflow/.local/lib/python3.12/site-packages/airflow/example_dags/example_xcom.py
[2024-12-29T00:05:03.255+0000] {processor.py:925} INFO - DAG(s) 'example_xcom' retrieved from /home/airflow/.local/lib/python3.12/site-packages/airflow/example_dags/example_xcom.py
[2024-12-29T00:05:03.286+0000] {logging_mixin.py:190} INFO - [2024-12-29T00:05:03.285+0000] {dag.py:3239} INFO - Sync 1 DAGs
[2024-12-29T00:05:03.314+0000] {logging_mixin.py:190} INFO - [2024-12-29T00:05:03.314+0000] {dag.py:4180} INFO - Setting next_dagrun for example_xcom to 2021-01-01 00:00:00+00:00, run_after=2021-01-01 00:00:00+00:00
[2024-12-29T00:05:03.343+0000] {processor.py:208} INFO - Processing /home/airflow/.local/lib/python3.12/site-packages/airflow/example_dags/example_xcom.py took 0.111 seconds
[2024-12-29T00:05:34.586+0000] {processor.py:186} INFO - Started process (PID=321) to work on /home/airflow/.local/lib/python3.12/site-packages/airflow/example_dags/example_xcom.py
[2024-12-29T00:05:34.587+0000] {processor.py:914} INFO - Processing file /home/airflow/.local/lib/python3.12/site-packages/airflow/example_dags/example_xcom.py for tasks to queue
[2024-12-29T00:05:34.590+0000] {logging_mixin.py:190} INFO - [2024-12-29T00:05:34.590+0000] {dagbag.py:588} INFO - Filling up the DagBag from /home/airflow/.local/lib/python3.12/site-packages/airflow/example_dags/example_xcom.py
[2024-12-29T00:05:34.601+0000] {processor.py:925} INFO - DAG(s) 'example_xcom' retrieved from /home/airflow/.local/lib/python3.12/site-packages/airflow/example_dags/example_xcom.py
[2024-12-29T00:05:34.632+0000] {logging_mixin.py:190} INFO - [2024-12-29T00:05:34.631+0000] {dag.py:3239} INFO - Sync 1 DAGs
[2024-12-29T00:05:34.661+0000] {logging_mixin.py:190} INFO - [2024-12-29T00:05:34.661+0000] {dag.py:4180} INFO - Setting next_dagrun for example_xcom to 2021-01-01 00:00:00+00:00, run_after=2021-01-01 00:00:00+00:00
[2024-12-29T00:05:34.690+0000] {processor.py:208} INFO - Processing /home/airflow/.local/lib/python3.12/site-packages/airflow/example_dags/example_xcom.py took 0.110 seconds
[2024-12-29T00:06:05.800+0000] {processor.py:186} INFO - Started process (PID=385) to work on /home/airflow/.local/lib/python3.12/site-packages/airflow/example_dags/example_xcom.py
[2024-12-29T00:06:05.801+0000] {processor.py:914} INFO - Processing file /home/airflow/.local/lib/python3.12/site-packages/airflow/example_dags/example_xcom.py for tasks to queue
[2024-12-29T00:06:05.804+0000] {logging_mixin.py:190} INFO - [2024-12-29T00:06:05.803+0000] {dagbag.py:588} INFO - Filling up the DagBag from /home/airflow/.local/lib/python3.12/site-packages/airflow/example_dags/example_xcom.py
[2024-12-29T00:06:05.812+0000] {processor.py:925} INFO - DAG(s) 'example_xcom' retrieved from /home/airflow/.local/lib/python3.12/site-packages/airflow/example_dags/example_xcom.py
[2024-12-29T00:06:05.835+0000] {logging_mixin.py:190} INFO - [2024-12-29T00:06:05.835+0000] {dag.py:3239} INFO - Sync 1 DAGs
[2024-12-29T00:06:05.860+0000] {logging_mixin.py:190} INFO - [2024-12-29T00:06:05.860+0000] {dag.py:4180} INFO - Setting next_dagrun for example_xcom to 2021-01-01 00:00:00+00:00, run_after=2021-01-01 00:00:00+00:00
[2024-12-29T00:06:05.886+0000] {processor.py:208} INFO - Processing /home/airflow/.local/lib/python3.12/site-packages/airflow/example_dags/example_xcom.py took 0.092 seconds
[2024-12-29T00:06:37.357+0000] {processor.py:186} INFO - Started process (PID=449) to work on /home/airflow/.local/lib/python3.12/site-packages/airflow/example_dags/example_xcom.py
[2024-12-29T00:06:37.358+0000] {processor.py:914} INFO - Processing file /home/airflow/.local/lib/python3.12/site-packages/airflow/example_dags/example_xcom.py for tasks to queue
[2024-12-29T00:06:37.361+0000] {logging_mixin.py:190} INFO - [2024-12-29T00:06:37.361+0000] {dagbag.py:588} INFO - Filling up the DagBag from /home/airflow/.local/lib/python3.12/site-packages/airflow/example_dags/example_xcom.py
[2024-12-29T00:06:37.371+0000] {processor.py:925} INFO - DAG(s) 'example_xcom' retrieved from /home/airflow/.local/lib/python3.12/site-packages/airflow/example_dags/example_xcom.py
[2024-12-29T00:06:37.402+0000] {logging_mixin.py:190} INFO - [2024-12-29T00:06:37.401+0000] {dag.py:3239} INFO - Sync 1 DAGs
[2024-12-29T00:06:37.429+0000] {logging_mixin.py:190} INFO - [2024-12-29T00:06:37.429+0000] {dag.py:4180} INFO - Setting next_dagrun for example_xcom to 2021-01-01 00:00:00+00:00, run_after=2021-01-01 00:00:00+00:00
[2024-12-29T00:06:37.459+0000] {processor.py:208} INFO - Processing /home/airflow/.local/lib/python3.12/site-packages/airflow/example_dags/example_xcom.py took 0.108 seconds
[2024-12-29T00:07:09.082+0000] {processor.py:186} INFO - Started process (PID=513) to work on /home/airflow/.local/lib/python3.12/site-packages/airflow/example_dags/example_xcom.py
[2024-12-29T00:07:09.084+0000] {processor.py:914} INFO - Processing file /home/airflow/.local/lib/python3.12/site-packages/airflow/example_dags/example_xcom.py for tasks to queue
[2024-12-29T00:07:09.087+0000] {logging_mixin.py:190} INFO - [2024-12-29T00:07:09.086+0000] {dagbag.py:588} INFO - Filling up the DagBag from /home/airflow/.local/lib/python3.12/site-packages/airflow/example_dags/example_xcom.py
[2024-12-29T00:07:09.099+0000] {processor.py:925} INFO - DAG(s) 'example_xcom' retrieved from /home/airflow/.local/lib/python3.12/site-packages/airflow/example_dags/example_xcom.py
[2024-12-29T00:07:09.129+0000] {logging_mixin.py:190} INFO - [2024-12-29T00:07:09.129+0000] {dag.py:3239} INFO - Sync 1 DAGs
[2024-12-29T00:07:09.163+0000] {logging_mixin.py:190} INFO - [2024-12-29T00:07:09.163+0000] {dag.py:4180} INFO - Setting next_dagrun for example_xcom to 2021-01-01 00:00:00+00:00, run_after=2021-01-01 00:00:00+00:00
[2024-12-29T00:07:09.193+0000] {processor.py:208} INFO - Processing /home/airflow/.local/lib/python3.12/site-packages/airflow/example_dags/example_xcom.py took 0.119 seconds
[2024-12-29T00:07:40.949+0000] {processor.py:186} INFO - Started process (PID=578) to work on /home/airflow/.local/lib/python3.12/site-packages/airflow/example_dags/example_xcom.py
[2024-12-29T00:07:40.950+0000] {processor.py:914} INFO - Processing file /home/airflow/.local/lib/python3.12/site-packages/airflow/example_dags/example_xcom.py for tasks to queue
[2024-12-29T00:07:40.954+0000] {logging_mixin.py:190} INFO - [2024-12-29T00:07:40.954+0000] {dagbag.py:588} INFO - Filling up the DagBag from /home/airflow/.local/lib/python3.12/site-packages/airflow/example_dags/example_xcom.py
[2024-12-29T00:07:40.966+0000] {processor.py:925} INFO - DAG(s) 'example_xcom' retrieved from /home/airflow/.local/lib/python3.12/site-packages/airflow/example_dags/example_xcom.py
[2024-12-29T00:07:40.995+0000] {logging_mixin.py:190} INFO - [2024-12-29T00:07:40.995+0000] {dag.py:3239} INFO - Sync 1 DAGs
[2024-12-29T00:07:41.024+0000] {logging_mixin.py:190} INFO - [2024-12-29T00:07:41.024+0000] {dag.py:4180} INFO - Setting next_dagrun for example_xcom to 2021-01-01 00:00:00+00:00, run_after=2021-01-01 00:00:00+00:00
[2024-12-29T00:07:41.052+0000] {processor.py:208} INFO - Processing /home/airflow/.local/lib/python3.12/site-packages/airflow/example_dags/example_xcom.py took 0.111 seconds
[2024-12-29T00:08:12.080+0000] {processor.py:186} INFO - Started process (PID=642) to work on /home/airflow/.local/lib/python3.12/site-packages/airflow/example_dags/example_xcom.py
[2024-12-29T00:08:12.082+0000] {processor.py:914} INFO - Processing file /home/airflow/.local/lib/python3.12/site-packages/airflow/example_dags/example_xcom.py for tasks to queue
[2024-12-29T00:08:12.084+0000] {logging_mixin.py:190} INFO - [2024-12-29T00:08:12.084+0000] {dagbag.py:588} INFO - Filling up the DagBag from /home/airflow/.local/lib/python3.12/site-packages/airflow/example_dags/example_xcom.py
[2024-12-29T00:08:12.093+0000] {processor.py:925} INFO - DAG(s) 'example_xcom' retrieved from /home/airflow/.local/lib/python3.12/site-packages/airflow/example_dags/example_xcom.py
[2024-12-29T00:08:12.119+0000] {logging_mixin.py:190} INFO - [2024-12-29T00:08:12.118+0000] {dag.py:3239} INFO - Sync 1 DAGs
[2024-12-29T00:08:12.142+0000] {logging_mixin.py:190} INFO - [2024-12-29T00:08:12.141+0000] {dag.py:4180} INFO - Setting next_dagrun for example_xcom to 2021-01-01 00:00:00+00:00, run_after=2021-01-01 00:00:00+00:00
[2024-12-29T00:08:12.167+0000] {processor.py:208} INFO - Processing /home/airflow/.local/lib/python3.12/site-packages/airflow/example_dags/example_xcom.py took 0.092 seconds
[2024-12-29T00:08:44.265+0000] {processor.py:186} INFO - Started process (PID=711) to work on /home/airflow/.local/lib/python3.12/site-packages/airflow/example_dags/example_xcom.py
[2024-12-29T00:08:44.266+0000] {processor.py:914} INFO - Processing file /home/airflow/.local/lib/python3.12/site-packages/airflow/example_dags/example_xcom.py for tasks to queue
[2024-12-29T00:08:44.269+0000] {logging_mixin.py:190} INFO - [2024-12-29T00:08:44.269+0000] {dagbag.py:588} INFO - Filling up the DagBag from /home/airflow/.local/lib/python3.12/site-packages/airflow/example_dags/example_xcom.py
[2024-12-29T00:08:44.280+0000] {processor.py:925} INFO - DAG(s) 'example_xcom' retrieved from /home/airflow/.local/lib/python3.12/site-packages/airflow/example_dags/example_xcom.py
[2024-12-29T00:08:44.313+0000] {logging_mixin.py:190} INFO - [2024-12-29T00:08:44.312+0000] {dag.py:3239} INFO - Sync 1 DAGs
[2024-12-29T00:08:44.345+0000] {logging_mixin.py:190} INFO - [2024-12-29T00:08:44.345+0000] {dag.py:4180} INFO - Setting next_dagrun for example_xcom to 2021-01-01 00:00:00+00:00, run_after=2021-01-01 00:00:00+00:00
[2024-12-29T00:08:44.376+0000] {processor.py:208} INFO - Processing /home/airflow/.local/lib/python3.12/site-packages/airflow/example_dags/example_xcom.py took 0.117 seconds
[2024-12-29T00:09:15.732+0000] {processor.py:186} INFO - Started process (PID=775) to work on /home/airflow/.local/lib/python3.12/site-packages/airflow/example_dags/example_xcom.py
[2024-12-29T00:09:15.733+0000] {processor.py:914} INFO - Processing file /home/airflow/.local/lib/python3.12/site-packages/airflow/example_dags/example_xcom.py for tasks to queue
[2024-12-29T00:09:15.736+0000] {logging_mixin.py:190} INFO - [2024-12-29T00:09:15.735+0000] {dagbag.py:588} INFO - Filling up the DagBag from /home/airflow/.local/lib/python3.12/site-packages/airflow/example_dags/example_xcom.py
[2024-12-29T00:09:15.748+0000] {processor.py:925} INFO - DAG(s) 'example_xcom' retrieved from /home/airflow/.local/lib/python3.12/site-packages/airflow/example_dags/example_xcom.py
[2024-12-29T00:09:15.778+0000] {logging_mixin.py:190} INFO - [2024-12-29T00:09:15.777+0000] {dag.py:3239} INFO - Sync 1 DAGs
[2024-12-29T00:09:15.810+0000] {logging_mixin.py:190} INFO - [2024-12-29T00:09:15.810+0000] {dag.py:4180} INFO - Setting next_dagrun for example_xcom to 2021-01-01 00:00:00+00:00, run_after=2021-01-01 00:00:00+00:00
[2024-12-29T00:09:15.841+0000] {processor.py:208} INFO - Processing /home/airflow/.local/lib/python3.12/site-packages/airflow/example_dags/example_xcom.py took 0.116 seconds
[2024-12-29T00:09:47.023+0000] {processor.py:186} INFO - Started process (PID=839) to work on /home/airflow/.local/lib/python3.12/site-packages/airflow/example_dags/example_xcom.py
[2024-12-29T00:09:47.024+0000] {processor.py:914} INFO - Processing file /home/airflow/.local/lib/python3.12/site-packages/airflow/example_dags/example_xcom.py for tasks to queue
[2024-12-29T00:09:47.027+0000] {logging_mixin.py:190} INFO - [2024-12-29T00:09:47.026+0000] {dagbag.py:588} INFO - Filling up the DagBag from /home/airflow/.local/lib/python3.12/site-packages/airflow/example_dags/example_xcom.py
[2024-12-29T00:09:47.037+0000] {processor.py:925} INFO - DAG(s) 'example_xcom' retrieved from /home/airflow/.local/lib/python3.12/site-packages/airflow/example_dags/example_xcom.py
[2024-12-29T00:09:47.066+0000] {logging_mixin.py:190} INFO - [2024-12-29T00:09:47.066+0000] {dag.py:3239} INFO - Sync 1 DAGs
[2024-12-29T00:09:47.093+0000] {logging_mixin.py:190} INFO - [2024-12-29T00:09:47.093+0000] {dag.py:4180} INFO - Setting next_dagrun for example_xcom to 2021-01-01 00:00:00+00:00, run_after=2021-01-01 00:00:00+00:00
[2024-12-29T00:09:47.119+0000] {processor.py:208} INFO - Processing /home/airflow/.local/lib/python3.12/site-packages/airflow/example_dags/example_xcom.py took 0.102 seconds
[2024-12-29T00:10:18.953+0000] {processor.py:186} INFO - Started process (PID=905) to work on /home/airflow/.local/lib/python3.12/site-packages/airflow/example_dags/example_xcom.py
[2024-12-29T00:10:18.955+0000] {processor.py:914} INFO - Processing file /home/airflow/.local/lib/python3.12/site-packages/airflow/example_dags/example_xcom.py for tasks to queue
[2024-12-29T00:10:18.957+0000] {logging_mixin.py:190} INFO - [2024-12-29T00:10:18.957+0000] {dagbag.py:588} INFO - Filling up the DagBag from /home/airflow/.local/lib/python3.12/site-packages/airflow/example_dags/example_xcom.py
[2024-12-29T00:10:18.967+0000] {processor.py:925} INFO - DAG(s) 'example_xcom' retrieved from /home/airflow/.local/lib/python3.12/site-packages/airflow/example_dags/example_xcom.py
[2024-12-29T00:10:18.993+0000] {logging_mixin.py:190} INFO - [2024-12-29T00:10:18.993+0000] {dag.py:3239} INFO - Sync 1 DAGs
[2024-12-29T00:10:19.017+0000] {logging_mixin.py:190} INFO - [2024-12-29T00:10:19.016+0000] {dag.py:4180} INFO - Setting next_dagrun for example_xcom to 2021-01-01 00:00:00+00:00, run_after=2021-01-01 00:00:00+00:00
[2024-12-29T00:10:19.041+0000] {processor.py:208} INFO - Processing /home/airflow/.local/lib/python3.12/site-packages/airflow/example_dags/example_xcom.py took 0.094 seconds
[2024-12-29T00:10:50.084+0000] {processor.py:186} INFO - Started process (PID=969) to work on /home/airflow/.local/lib/python3.12/site-packages/airflow/example_dags/example_xcom.py
[2024-12-29T00:10:50.087+0000] {processor.py:914} INFO - Processing file /home/airflow/.local/lib/python3.12/site-packages/airflow/example_dags/example_xcom.py for tasks to queue
[2024-12-29T00:10:50.090+0000] {logging_mixin.py:190} INFO - [2024-12-29T00:10:50.090+0000] {dagbag.py:588} INFO - Filling up the DagBag from /home/airflow/.local/lib/python3.12/site-packages/airflow/example_dags/example_xcom.py
[2024-12-29T00:10:50.099+0000] {processor.py:925} INFO - DAG(s) 'example_xcom' retrieved from /home/airflow/.local/lib/python3.12/site-packages/airflow/example_dags/example_xcom.py
[2024-12-29T00:10:50.124+0000] {logging_mixin.py:190} INFO - [2024-12-29T00:10:50.124+0000] {dag.py:3239} INFO - Sync 1 DAGs
[2024-12-29T00:10:50.150+0000] {logging_mixin.py:190} INFO - [2024-12-29T00:10:50.150+0000] {dag.py:4180} INFO - Setting next_dagrun for example_xcom to 2021-01-01 00:00:00+00:00, run_after=2021-01-01 00:00:00+00:00
[2024-12-29T00:10:50.176+0000] {processor.py:208} INFO - Processing /home/airflow/.local/lib/python3.12/site-packages/airflow/example_dags/example_xcom.py took 0.097 seconds
[2024-12-29T00:11:21.790+0000] {processor.py:186} INFO - Started process (PID=1034) to work on /home/airflow/.local/lib/python3.12/site-packages/airflow/example_dags/example_xcom.py
[2024-12-29T00:11:21.792+0000] {processor.py:914} INFO - Processing file /home/airflow/.local/lib/python3.12/site-packages/airflow/example_dags/example_xcom.py for tasks to queue
[2024-12-29T00:11:21.795+0000] {logging_mixin.py:190} INFO - [2024-12-29T00:11:21.794+0000] {dagbag.py:588} INFO - Filling up the DagBag from /home/airflow/.local/lib/python3.12/site-packages/airflow/example_dags/example_xcom.py
[2024-12-29T00:11:21.805+0000] {processor.py:925} INFO - DAG(s) 'example_xcom' retrieved from /home/airflow/.local/lib/python3.12/site-packages/airflow/example_dags/example_xcom.py
[2024-12-29T00:11:21.836+0000] {logging_mixin.py:190} INFO - [2024-12-29T00:11:21.836+0000] {dag.py:3239} INFO - Sync 1 DAGs
[2024-12-29T00:11:21.868+0000] {logging_mixin.py:190} INFO - [2024-12-29T00:11:21.867+0000] {dag.py:4180} INFO - Setting next_dagrun for example_xcom to 2021-01-01 00:00:00+00:00, run_after=2021-01-01 00:00:00+00:00
[2024-12-29T00:11:21.899+0000] {processor.py:208} INFO - Processing /home/airflow/.local/lib/python3.12/site-packages/airflow/example_dags/example_xcom.py took 0.116 seconds
[2024-12-29T00:11:54.370+0000] {processor.py:186} INFO - Started process (PID=1105) to work on /home/airflow/.local/lib/python3.12/site-packages/airflow/example_dags/example_xcom.py
[2024-12-29T00:11:54.373+0000] {processor.py:914} INFO - Processing file /home/airflow/.local/lib/python3.12/site-packages/airflow/example_dags/example_xcom.py for tasks to queue
[2024-12-29T00:11:54.376+0000] {logging_mixin.py:190} INFO - [2024-12-29T00:11:54.375+0000] {dagbag.py:588} INFO - Filling up the DagBag from /home/airflow/.local/lib/python3.12/site-packages/airflow/example_dags/example_xcom.py
[2024-12-29T00:11:54.385+0000] {processor.py:925} INFO - DAG(s) 'example_xcom' retrieved from /home/airflow/.local/lib/python3.12/site-packages/airflow/example_dags/example_xcom.py
[2024-12-29T00:11:54.410+0000] {logging_mixin.py:190} INFO - [2024-12-29T00:11:54.410+0000] {dag.py:3239} INFO - Sync 1 DAGs
[2024-12-29T00:11:54.435+0000] {logging_mixin.py:190} INFO - [2024-12-29T00:11:54.434+0000] {dag.py:4180} INFO - Setting next_dagrun for example_xcom to 2021-01-01 00:00:00+00:00, run_after=2021-01-01 00:00:00+00:00
[2024-12-29T00:11:54.461+0000] {processor.py:208} INFO - Processing /home/airflow/.local/lib/python3.12/site-packages/airflow/example_dags/example_xcom.py took 0.096 seconds
[2024-12-29T00:12:28.952+0000] {processor.py:186} INFO - Started process (PID=1169) to work on /home/airflow/.local/lib/python3.12/site-packages/airflow/example_dags/example_xcom.py
[2024-12-29T00:12:28.965+0000] {processor.py:914} INFO - Processing file /home/airflow/.local/lib/python3.12/site-packages/airflow/example_dags/example_xcom.py for tasks to queue
[2024-12-29T00:12:28.967+0000] {logging_mixin.py:190} INFO - [2024-12-29T00:12:28.967+0000] {dagbag.py:588} INFO - Filling up the DagBag from /home/airflow/.local/lib/python3.12/site-packages/airflow/example_dags/example_xcom.py
[2024-12-29T00:12:28.977+0000] {processor.py:925} INFO - DAG(s) 'example_xcom' retrieved from /home/airflow/.local/lib/python3.12/site-packages/airflow/example_dags/example_xcom.py
[2024-12-29T00:12:29.003+0000] {logging_mixin.py:190} INFO - [2024-12-29T00:12:29.003+0000] {dag.py:3239} INFO - Sync 1 DAGs
[2024-12-29T00:12:29.031+0000] {logging_mixin.py:190} INFO - [2024-12-29T00:12:29.030+0000] {dag.py:4180} INFO - Setting next_dagrun for example_xcom to 2021-01-01 00:00:00+00:00, run_after=2021-01-01 00:00:00+00:00
[2024-12-29T00:12:29.063+0000] {processor.py:208} INFO - Processing /home/airflow/.local/lib/python3.12/site-packages/airflow/example_dags/example_xcom.py took 0.117 seconds
[2024-12-29T00:12:59.781+0000] {processor.py:186} INFO - Started process (PID=1233) to work on /home/airflow/.local/lib/python3.12/site-packages/airflow/example_dags/example_xcom.py
[2024-12-29T00:12:59.783+0000] {processor.py:914} INFO - Processing file /home/airflow/.local/lib/python3.12/site-packages/airflow/example_dags/example_xcom.py for tasks to queue
[2024-12-29T00:12:59.787+0000] {logging_mixin.py:190} INFO - [2024-12-29T00:12:59.786+0000] {dagbag.py:588} INFO - Filling up the DagBag from /home/airflow/.local/lib/python3.12/site-packages/airflow/example_dags/example_xcom.py
[2024-12-29T00:12:59.804+0000] {processor.py:925} INFO - DAG(s) 'example_xcom' retrieved from /home/airflow/.local/lib/python3.12/site-packages/airflow/example_dags/example_xcom.py
[2024-12-29T00:12:59.852+0000] {logging_mixin.py:190} INFO - [2024-12-29T00:12:59.852+0000] {dag.py:3239} INFO - Sync 1 DAGs
[2024-12-29T00:12:59.887+0000] {logging_mixin.py:190} INFO - [2024-12-29T00:12:59.887+0000] {dag.py:4180} INFO - Setting next_dagrun for example_xcom to 2021-01-01 00:00:00+00:00, run_after=2021-01-01 00:00:00+00:00
[2024-12-29T00:12:59.921+0000] {processor.py:208} INFO - Processing /home/airflow/.local/lib/python3.12/site-packages/airflow/example_dags/example_xcom.py took 0.154 seconds
[2024-12-29T00:13:30.172+0000] {processor.py:186} INFO - Started process (PID=1298) to work on /home/airflow/.local/lib/python3.12/site-packages/airflow/example_dags/example_xcom.py
[2024-12-29T00:13:30.175+0000] {processor.py:914} INFO - Processing file /home/airflow/.local/lib/python3.12/site-packages/airflow/example_dags/example_xcom.py for tasks to queue
[2024-12-29T00:13:30.179+0000] {logging_mixin.py:190} INFO - [2024-12-29T00:13:30.178+0000] {dagbag.py:588} INFO - Filling up the DagBag from /home/airflow/.local/lib/python3.12/site-packages/airflow/example_dags/example_xcom.py
[2024-12-29T00:13:30.191+0000] {processor.py:925} INFO - DAG(s) 'example_xcom' retrieved from /home/airflow/.local/lib/python3.12/site-packages/airflow/example_dags/example_xcom.py
[2024-12-29T00:13:30.227+0000] {logging_mixin.py:190} INFO - [2024-12-29T00:13:30.226+0000] {dag.py:3239} INFO - Sync 1 DAGs
[2024-12-29T00:13:30.261+0000] {logging_mixin.py:190} INFO - [2024-12-29T00:13:30.260+0000] {dag.py:4180} INFO - Setting next_dagrun for example_xcom to 2021-01-01 00:00:00+00:00, run_after=2021-01-01 00:00:00+00:00
[2024-12-29T00:13:30.293+0000] {processor.py:208} INFO - Processing /home/airflow/.local/lib/python3.12/site-packages/airflow/example_dags/example_xcom.py took 0.130 seconds
[2024-12-29T00:14:00.619+0000] {processor.py:186} INFO - Started process (PID=1363) to work on /home/airflow/.local/lib/python3.12/site-packages/airflow/example_dags/example_xcom.py
[2024-12-29T00:14:00.621+0000] {processor.py:914} INFO - Processing file /home/airflow/.local/lib/python3.12/site-packages/airflow/example_dags/example_xcom.py for tasks to queue
[2024-12-29T00:14:00.625+0000] {logging_mixin.py:190} INFO - [2024-12-29T00:14:00.625+0000] {dagbag.py:588} INFO - Filling up the DagBag from /home/airflow/.local/lib/python3.12/site-packages/airflow/example_dags/example_xcom.py
[2024-12-29T00:14:00.639+0000] {processor.py:925} INFO - DAG(s) 'example_xcom' retrieved from /home/airflow/.local/lib/python3.12/site-packages/airflow/example_dags/example_xcom.py
[2024-12-29T00:14:00.676+0000] {logging_mixin.py:190} INFO - [2024-12-29T00:14:00.676+0000] {dag.py:3239} INFO - Sync 1 DAGs
[2024-12-29T00:14:00.713+0000] {logging_mixin.py:190} INFO - [2024-12-29T00:14:00.712+0000] {dag.py:4180} INFO - Setting next_dagrun for example_xcom to 2021-01-01 00:00:00+00:00, run_after=2021-01-01 00:00:00+00:00
[2024-12-29T00:14:00.753+0000] {processor.py:208} INFO - Processing /home/airflow/.local/lib/python3.12/site-packages/airflow/example_dags/example_xcom.py took 0.141 seconds
[2024-12-29T00:14:32.260+0000] {processor.py:186} INFO - Started process (PID=1428) to work on /home/airflow/.local/lib/python3.12/site-packages/airflow/example_dags/example_xcom.py
[2024-12-29T00:14:32.261+0000] {processor.py:914} INFO - Processing file /home/airflow/.local/lib/python3.12/site-packages/airflow/example_dags/example_xcom.py for tasks to queue
[2024-12-29T00:14:32.264+0000] {logging_mixin.py:190} INFO - [2024-12-29T00:14:32.264+0000] {dagbag.py:588} INFO - Filling up the DagBag from /home/airflow/.local/lib/python3.12/site-packages/airflow/example_dags/example_xcom.py
[2024-12-29T00:14:32.275+0000] {processor.py:925} INFO - DAG(s) 'example_xcom' retrieved from /home/airflow/.local/lib/python3.12/site-packages/airflow/example_dags/example_xcom.py
[2024-12-29T00:14:32.308+0000] {logging_mixin.py:190} INFO - [2024-12-29T00:14:32.307+0000] {dag.py:3239} INFO - Sync 1 DAGs
[2024-12-29T00:14:32.342+0000] {logging_mixin.py:190} INFO - [2024-12-29T00:14:32.341+0000] {dag.py:4180} INFO - Setting next_dagrun for example_xcom to 2021-01-01 00:00:00+00:00, run_after=2021-01-01 00:00:00+00:00
[2024-12-29T00:14:32.372+0000] {processor.py:208} INFO - Processing /home/airflow/.local/lib/python3.12/site-packages/airflow/example_dags/example_xcom.py took 0.119 seconds
[2024-12-29T00:15:03.192+0000] {processor.py:186} INFO - Started process (PID=1493) to work on /home/airflow/.local/lib/python3.12/site-packages/airflow/example_dags/example_xcom.py
[2024-12-29T00:15:03.194+0000] {processor.py:914} INFO - Processing file /home/airflow/.local/lib/python3.12/site-packages/airflow/example_dags/example_xcom.py for tasks to queue
[2024-12-29T00:15:03.200+0000] {logging_mixin.py:190} INFO - [2024-12-29T00:15:03.199+0000] {dagbag.py:588} INFO - Filling up the DagBag from /home/airflow/.local/lib/python3.12/site-packages/airflow/example_dags/example_xcom.py
[2024-12-29T00:15:03.223+0000] {processor.py:925} INFO - DAG(s) 'example_xcom' retrieved from /home/airflow/.local/lib/python3.12/site-packages/airflow/example_dags/example_xcom.py
[2024-12-29T00:15:03.275+0000] {logging_mixin.py:190} INFO - [2024-12-29T00:15:03.274+0000] {dag.py:3239} INFO - Sync 1 DAGs
[2024-12-29T00:15:03.315+0000] {logging_mixin.py:190} INFO - [2024-12-29T00:15:03.314+0000] {dag.py:4180} INFO - Setting next_dagrun for example_xcom to 2021-01-01 00:00:00+00:00, run_after=2021-01-01 00:00:00+00:00
[2024-12-29T00:15:03.349+0000] {processor.py:208} INFO - Processing /home/airflow/.local/lib/python3.12/site-packages/airflow/example_dags/example_xcom.py took 0.169 seconds
[2024-12-29T00:15:35.033+0000] {processor.py:186} INFO - Started process (PID=1563) to work on /home/airflow/.local/lib/python3.12/site-packages/airflow/example_dags/example_xcom.py
[2024-12-29T00:15:35.036+0000] {processor.py:914} INFO - Processing file /home/airflow/.local/lib/python3.12/site-packages/airflow/example_dags/example_xcom.py for tasks to queue
[2024-12-29T00:15:35.041+0000] {logging_mixin.py:190} INFO - [2024-12-29T00:15:35.040+0000] {dagbag.py:588} INFO - Filling up the DagBag from /home/airflow/.local/lib/python3.12/site-packages/airflow/example_dags/example_xcom.py
[2024-12-29T00:15:35.059+0000] {processor.py:925} INFO - DAG(s) 'example_xcom' retrieved from /home/airflow/.local/lib/python3.12/site-packages/airflow/example_dags/example_xcom.py
[2024-12-29T00:15:35.104+0000] {logging_mixin.py:190} INFO - [2024-12-29T00:15:35.103+0000] {dag.py:3239} INFO - Sync 1 DAGs
[2024-12-29T00:15:35.154+0000] {logging_mixin.py:190} INFO - [2024-12-29T00:15:35.154+0000] {dag.py:4180} INFO - Setting next_dagrun for example_xcom to 2021-01-01 00:00:00+00:00, run_after=2021-01-01 00:00:00+00:00
[2024-12-29T00:15:35.201+0000] {processor.py:208} INFO - Processing /home/airflow/.local/lib/python3.12/site-packages/airflow/example_dags/example_xcom.py took 0.180 seconds
[2024-12-29T00:16:06.431+0000] {processor.py:186} INFO - Started process (PID=1629) to work on /home/airflow/.local/lib/python3.12/site-packages/airflow/example_dags/example_xcom.py
[2024-12-29T00:16:06.433+0000] {processor.py:914} INFO - Processing file /home/airflow/.local/lib/python3.12/site-packages/airflow/example_dags/example_xcom.py for tasks to queue
[2024-12-29T00:16:06.436+0000] {logging_mixin.py:190} INFO - [2024-12-29T00:16:06.436+0000] {dagbag.py:588} INFO - Filling up the DagBag from /home/airflow/.local/lib/python3.12/site-packages/airflow/example_dags/example_xcom.py
[2024-12-29T00:16:06.449+0000] {processor.py:925} INFO - DAG(s) 'example_xcom' retrieved from /home/airflow/.local/lib/python3.12/site-packages/airflow/example_dags/example_xcom.py
[2024-12-29T00:16:06.480+0000] {logging_mixin.py:190} INFO - [2024-12-29T00:16:06.480+0000] {dag.py:3239} INFO - Sync 1 DAGs
[2024-12-29T00:16:06.512+0000] {logging_mixin.py:190} INFO - [2024-12-29T00:16:06.512+0000] {dag.py:4180} INFO - Setting next_dagrun for example_xcom to 2021-01-01 00:00:00+00:00, run_after=2021-01-01 00:00:00+00:00
[2024-12-29T00:16:06.543+0000] {processor.py:208} INFO - Processing /home/airflow/.local/lib/python3.12/site-packages/airflow/example_dags/example_xcom.py took 0.119 seconds
[2024-12-29T00:16:37.799+0000] {processor.py:186} INFO - Started process (PID=1694) to work on /home/airflow/.local/lib/python3.12/site-packages/airflow/example_dags/example_xcom.py
[2024-12-29T00:16:37.801+0000] {processor.py:914} INFO - Processing file /home/airflow/.local/lib/python3.12/site-packages/airflow/example_dags/example_xcom.py for tasks to queue
[2024-12-29T00:16:37.803+0000] {logging_mixin.py:190} INFO - [2024-12-29T00:16:37.803+0000] {dagbag.py:588} INFO - Filling up the DagBag from /home/airflow/.local/lib/python3.12/site-packages/airflow/example_dags/example_xcom.py
[2024-12-29T00:16:37.815+0000] {processor.py:925} INFO - DAG(s) 'example_xcom' retrieved from /home/airflow/.local/lib/python3.12/site-packages/airflow/example_dags/example_xcom.py
[2024-12-29T00:16:37.844+0000] {logging_mixin.py:190} INFO - [2024-12-29T00:16:37.844+0000] {dag.py:3239} INFO - Sync 1 DAGs
[2024-12-29T00:16:37.871+0000] {logging_mixin.py:190} INFO - [2024-12-29T00:16:37.871+0000] {dag.py:4180} INFO - Setting next_dagrun for example_xcom to 2021-01-01 00:00:00+00:00, run_after=2021-01-01 00:00:00+00:00
[2024-12-29T00:16:37.902+0000] {processor.py:208} INFO - Processing /home/airflow/.local/lib/python3.12/site-packages/airflow/example_dags/example_xcom.py took 0.110 seconds
[2024-12-29T00:20:01.318+0000] {processor.py:186} INFO - Started process (PID=127) to work on /home/airflow/.local/lib/python3.12/site-packages/airflow/example_dags/example_xcom.py
[2024-12-29T00:20:01.320+0000] {processor.py:914} INFO - Processing file /home/airflow/.local/lib/python3.12/site-packages/airflow/example_dags/example_xcom.py for tasks to queue
[2024-12-29T00:20:01.323+0000] {logging_mixin.py:190} INFO - [2024-12-29T00:20:01.323+0000] {dagbag.py:588} INFO - Filling up the DagBag from /home/airflow/.local/lib/python3.12/site-packages/airflow/example_dags/example_xcom.py
[2024-12-29T00:20:01.336+0000] {processor.py:925} INFO - DAG(s) 'example_xcom' retrieved from /home/airflow/.local/lib/python3.12/site-packages/airflow/example_dags/example_xcom.py
[2024-12-29T00:20:01.373+0000] {logging_mixin.py:190} INFO - [2024-12-29T00:20:01.372+0000] {dag.py:3239} INFO - Sync 1 DAGs
[2024-12-29T00:20:01.405+0000] {logging_mixin.py:190} INFO - [2024-12-29T00:20:01.405+0000] {dag.py:4180} INFO - Setting next_dagrun for example_xcom to 2021-01-01 00:00:00+00:00, run_after=2021-01-01 00:00:00+00:00
[2024-12-29T00:20:01.438+0000] {processor.py:208} INFO - Processing /home/airflow/.local/lib/python3.12/site-packages/airflow/example_dags/example_xcom.py took 0.127 seconds
[2024-12-29T00:20:33.277+0000] {processor.py:186} INFO - Started process (PID=192) to work on /home/airflow/.local/lib/python3.12/site-packages/airflow/example_dags/example_xcom.py
[2024-12-29T00:20:33.278+0000] {processor.py:914} INFO - Processing file /home/airflow/.local/lib/python3.12/site-packages/airflow/example_dags/example_xcom.py for tasks to queue
[2024-12-29T00:20:33.280+0000] {logging_mixin.py:190} INFO - [2024-12-29T00:20:33.280+0000] {dagbag.py:588} INFO - Filling up the DagBag from /home/airflow/.local/lib/python3.12/site-packages/airflow/example_dags/example_xcom.py
[2024-12-29T00:20:33.291+0000] {processor.py:925} INFO - DAG(s) 'example_xcom' retrieved from /home/airflow/.local/lib/python3.12/site-packages/airflow/example_dags/example_xcom.py
[2024-12-29T00:20:33.319+0000] {logging_mixin.py:190} INFO - [2024-12-29T00:20:33.319+0000] {dag.py:3239} INFO - Sync 1 DAGs
[2024-12-29T00:20:33.345+0000] {logging_mixin.py:190} INFO - [2024-12-29T00:20:33.345+0000] {dag.py:4180} INFO - Setting next_dagrun for example_xcom to 2021-01-01 00:00:00+00:00, run_after=2021-01-01 00:00:00+00:00
[2024-12-29T00:20:33.371+0000] {processor.py:208} INFO - Processing /home/airflow/.local/lib/python3.12/site-packages/airflow/example_dags/example_xcom.py took 0.099 seconds
[2024-12-29T00:21:05.694+0000] {processor.py:186} INFO - Started process (PID=257) to work on /home/airflow/.local/lib/python3.12/site-packages/airflow/example_dags/example_xcom.py
[2024-12-29T00:21:05.696+0000] {processor.py:914} INFO - Processing file /home/airflow/.local/lib/python3.12/site-packages/airflow/example_dags/example_xcom.py for tasks to queue
[2024-12-29T00:21:05.698+0000] {logging_mixin.py:190} INFO - [2024-12-29T00:21:05.698+0000] {dagbag.py:588} INFO - Filling up the DagBag from /home/airflow/.local/lib/python3.12/site-packages/airflow/example_dags/example_xcom.py
[2024-12-29T00:21:05.707+0000] {processor.py:925} INFO - DAG(s) 'example_xcom' retrieved from /home/airflow/.local/lib/python3.12/site-packages/airflow/example_dags/example_xcom.py
[2024-12-29T00:21:05.731+0000] {logging_mixin.py:190} INFO - [2024-12-29T00:21:05.731+0000] {dag.py:3239} INFO - Sync 1 DAGs
[2024-12-29T00:21:05.756+0000] {logging_mixin.py:190} INFO - [2024-12-29T00:21:05.756+0000] {dag.py:4180} INFO - Setting next_dagrun for example_xcom to 2021-01-01 00:00:00+00:00, run_after=2021-01-01 00:00:00+00:00
[2024-12-29T00:21:05.783+0000] {processor.py:208} INFO - Processing /home/airflow/.local/lib/python3.12/site-packages/airflow/example_dags/example_xcom.py took 0.094 seconds
[2024-12-29T00:21:37.031+0000] {processor.py:186} INFO - Started process (PID=322) to work on /home/airflow/.local/lib/python3.12/site-packages/airflow/example_dags/example_xcom.py
[2024-12-29T00:21:37.032+0000] {processor.py:914} INFO - Processing file /home/airflow/.local/lib/python3.12/site-packages/airflow/example_dags/example_xcom.py for tasks to queue
[2024-12-29T00:21:37.035+0000] {logging_mixin.py:190} INFO - [2024-12-29T00:21:37.035+0000] {dagbag.py:588} INFO - Filling up the DagBag from /home/airflow/.local/lib/python3.12/site-packages/airflow/example_dags/example_xcom.py
[2024-12-29T00:21:37.044+0000] {processor.py:925} INFO - DAG(s) 'example_xcom' retrieved from /home/airflow/.local/lib/python3.12/site-packages/airflow/example_dags/example_xcom.py
[2024-12-29T00:21:37.072+0000] {logging_mixin.py:190} INFO - [2024-12-29T00:21:37.071+0000] {dag.py:3239} INFO - Sync 1 DAGs
[2024-12-29T00:21:37.098+0000] {logging_mixin.py:190} INFO - [2024-12-29T00:21:37.097+0000] {dag.py:4180} INFO - Setting next_dagrun for example_xcom to 2021-01-01 00:00:00+00:00, run_after=2021-01-01 00:00:00+00:00
[2024-12-29T00:21:37.122+0000] {processor.py:208} INFO - Processing /home/airflow/.local/lib/python3.12/site-packages/airflow/example_dags/example_xcom.py took 0.097 seconds
[2024-12-29T00:22:08.885+0000] {processor.py:186} INFO - Started process (PID=393) to work on /home/airflow/.local/lib/python3.12/site-packages/airflow/example_dags/example_xcom.py
[2024-12-29T00:22:08.888+0000] {processor.py:914} INFO - Processing file /home/airflow/.local/lib/python3.12/site-packages/airflow/example_dags/example_xcom.py for tasks to queue
[2024-12-29T00:22:08.891+0000] {logging_mixin.py:190} INFO - [2024-12-29T00:22:08.891+0000] {dagbag.py:588} INFO - Filling up the DagBag from /home/airflow/.local/lib/python3.12/site-packages/airflow/example_dags/example_xcom.py
[2024-12-29T00:22:08.903+0000] {processor.py:925} INFO - DAG(s) 'example_xcom' retrieved from /home/airflow/.local/lib/python3.12/site-packages/airflow/example_dags/example_xcom.py
[2024-12-29T00:22:08.935+0000] {logging_mixin.py:190} INFO - [2024-12-29T00:22:08.934+0000] {dag.py:3239} INFO - Sync 1 DAGs
[2024-12-29T00:22:08.966+0000] {logging_mixin.py:190} INFO - [2024-12-29T00:22:08.966+0000] {dag.py:4180} INFO - Setting next_dagrun for example_xcom to 2021-01-01 00:00:00+00:00, run_after=2021-01-01 00:00:00+00:00
[2024-12-29T00:22:09.010+0000] {processor.py:208} INFO - Processing /home/airflow/.local/lib/python3.12/site-packages/airflow/example_dags/example_xcom.py took 0.135 seconds
[2024-12-29T00:22:39.619+0000] {processor.py:186} INFO - Started process (PID=458) to work on /home/airflow/.local/lib/python3.12/site-packages/airflow/example_dags/example_xcom.py
[2024-12-29T00:22:39.621+0000] {processor.py:914} INFO - Processing file /home/airflow/.local/lib/python3.12/site-packages/airflow/example_dags/example_xcom.py for tasks to queue
[2024-12-29T00:22:39.625+0000] {logging_mixin.py:190} INFO - [2024-12-29T00:22:39.624+0000] {dagbag.py:588} INFO - Filling up the DagBag from /home/airflow/.local/lib/python3.12/site-packages/airflow/example_dags/example_xcom.py
[2024-12-29T00:22:39.638+0000] {processor.py:925} INFO - DAG(s) 'example_xcom' retrieved from /home/airflow/.local/lib/python3.12/site-packages/airflow/example_dags/example_xcom.py
[2024-12-29T00:22:39.672+0000] {logging_mixin.py:190} INFO - [2024-12-29T00:22:39.672+0000] {dag.py:3239} INFO - Sync 1 DAGs
[2024-12-29T00:22:39.712+0000] {logging_mixin.py:190} INFO - [2024-12-29T00:22:39.712+0000] {dag.py:4180} INFO - Setting next_dagrun for example_xcom to 2021-01-01 00:00:00+00:00, run_after=2021-01-01 00:00:00+00:00
[2024-12-29T00:22:39.741+0000] {processor.py:208} INFO - Processing /home/airflow/.local/lib/python3.12/site-packages/airflow/example_dags/example_xcom.py took 0.134 seconds
[2024-12-29T00:23:12.486+0000] {processor.py:186} INFO - Started process (PID=523) to work on /home/airflow/.local/lib/python3.12/site-packages/airflow/example_dags/example_xcom.py
[2024-12-29T00:23:12.490+0000] {processor.py:914} INFO - Processing file /home/airflow/.local/lib/python3.12/site-packages/airflow/example_dags/example_xcom.py for tasks to queue
[2024-12-29T00:23:12.494+0000] {logging_mixin.py:190} INFO - [2024-12-29T00:23:12.493+0000] {dagbag.py:588} INFO - Filling up the DagBag from /home/airflow/.local/lib/python3.12/site-packages/airflow/example_dags/example_xcom.py
[2024-12-29T00:23:12.505+0000] {processor.py:925} INFO - DAG(s) 'example_xcom' retrieved from /home/airflow/.local/lib/python3.12/site-packages/airflow/example_dags/example_xcom.py
[2024-12-29T00:23:12.537+0000] {logging_mixin.py:190} INFO - [2024-12-29T00:23:12.537+0000] {dag.py:3239} INFO - Sync 1 DAGs
[2024-12-29T00:23:12.570+0000] {logging_mixin.py:190} INFO - [2024-12-29T00:23:12.569+0000] {dag.py:4180} INFO - Setting next_dagrun for example_xcom to 2021-01-01 00:00:00+00:00, run_after=2021-01-01 00:00:00+00:00
[2024-12-29T00:23:12.600+0000] {processor.py:208} INFO - Processing /home/airflow/.local/lib/python3.12/site-packages/airflow/example_dags/example_xcom.py took 0.120 seconds
[2024-12-29T00:23:44.034+0000] {processor.py:186} INFO - Started process (PID=589) to work on /home/airflow/.local/lib/python3.12/site-packages/airflow/example_dags/example_xcom.py
[2024-12-29T00:23:44.036+0000] {processor.py:914} INFO - Processing file /home/airflow/.local/lib/python3.12/site-packages/airflow/example_dags/example_xcom.py for tasks to queue
[2024-12-29T00:23:44.039+0000] {logging_mixin.py:190} INFO - [2024-12-29T00:23:44.038+0000] {dagbag.py:588} INFO - Filling up the DagBag from /home/airflow/.local/lib/python3.12/site-packages/airflow/example_dags/example_xcom.py
[2024-12-29T00:23:44.051+0000] {processor.py:925} INFO - DAG(s) 'example_xcom' retrieved from /home/airflow/.local/lib/python3.12/site-packages/airflow/example_dags/example_xcom.py
[2024-12-29T00:23:44.086+0000] {logging_mixin.py:190} INFO - [2024-12-29T00:23:44.085+0000] {dag.py:3239} INFO - Sync 1 DAGs
[2024-12-29T00:23:44.119+0000] {logging_mixin.py:190} INFO - [2024-12-29T00:23:44.119+0000] {dag.py:4180} INFO - Setting next_dagrun for example_xcom to 2021-01-01 00:00:00+00:00, run_after=2021-01-01 00:00:00+00:00
[2024-12-29T00:23:44.151+0000] {processor.py:208} INFO - Processing /home/airflow/.local/lib/python3.12/site-packages/airflow/example_dags/example_xcom.py took 0.124 seconds
[2024-12-29T00:24:15.020+0000] {processor.py:186} INFO - Started process (PID=654) to work on /home/airflow/.local/lib/python3.12/site-packages/airflow/example_dags/example_xcom.py
[2024-12-29T00:24:15.021+0000] {processor.py:914} INFO - Processing file /home/airflow/.local/lib/python3.12/site-packages/airflow/example_dags/example_xcom.py for tasks to queue
[2024-12-29T00:24:15.023+0000] {logging_mixin.py:190} INFO - [2024-12-29T00:24:15.023+0000] {dagbag.py:588} INFO - Filling up the DagBag from /home/airflow/.local/lib/python3.12/site-packages/airflow/example_dags/example_xcom.py
[2024-12-29T00:24:15.032+0000] {processor.py:925} INFO - DAG(s) 'example_xcom' retrieved from /home/airflow/.local/lib/python3.12/site-packages/airflow/example_dags/example_xcom.py
[2024-12-29T00:24:15.057+0000] {logging_mixin.py:190} INFO - [2024-12-29T00:24:15.057+0000] {dag.py:3239} INFO - Sync 1 DAGs
[2024-12-29T00:24:15.083+0000] {logging_mixin.py:190} INFO - [2024-12-29T00:24:15.082+0000] {dag.py:4180} INFO - Setting next_dagrun for example_xcom to 2021-01-01 00:00:00+00:00, run_after=2021-01-01 00:00:00+00:00
[2024-12-29T00:24:15.107+0000] {processor.py:208} INFO - Processing /home/airflow/.local/lib/python3.12/site-packages/airflow/example_dags/example_xcom.py took 0.093 seconds
[2024-12-29T00:24:46.297+0000] {processor.py:186} INFO - Started process (PID=719) to work on /home/airflow/.local/lib/python3.12/site-packages/airflow/example_dags/example_xcom.py
[2024-12-29T00:24:46.299+0000] {processor.py:914} INFO - Processing file /home/airflow/.local/lib/python3.12/site-packages/airflow/example_dags/example_xcom.py for tasks to queue
[2024-12-29T00:24:46.302+0000] {logging_mixin.py:190} INFO - [2024-12-29T00:24:46.302+0000] {dagbag.py:588} INFO - Filling up the DagBag from /home/airflow/.local/lib/python3.12/site-packages/airflow/example_dags/example_xcom.py
[2024-12-29T00:24:46.316+0000] {processor.py:925} INFO - DAG(s) 'example_xcom' retrieved from /home/airflow/.local/lib/python3.12/site-packages/airflow/example_dags/example_xcom.py
[2024-12-29T00:24:46.348+0000] {logging_mixin.py:190} INFO - [2024-12-29T00:24:46.348+0000] {dag.py:3239} INFO - Sync 1 DAGs
[2024-12-29T00:24:46.382+0000] {logging_mixin.py:190} INFO - [2024-12-29T00:24:46.382+0000] {dag.py:4180} INFO - Setting next_dagrun for example_xcom to 2021-01-01 00:00:00+00:00, run_after=2021-01-01 00:00:00+00:00
[2024-12-29T00:24:46.411+0000] {processor.py:208} INFO - Processing /home/airflow/.local/lib/python3.12/site-packages/airflow/example_dags/example_xcom.py took 0.120 seconds
[2024-12-29T00:25:17.457+0000] {processor.py:186} INFO - Started process (PID=784) to work on /home/airflow/.local/lib/python3.12/site-packages/airflow/example_dags/example_xcom.py
[2024-12-29T00:25:17.458+0000] {processor.py:914} INFO - Processing file /home/airflow/.local/lib/python3.12/site-packages/airflow/example_dags/example_xcom.py for tasks to queue
[2024-12-29T00:25:17.461+0000] {logging_mixin.py:190} INFO - [2024-12-29T00:25:17.460+0000] {dagbag.py:588} INFO - Filling up the DagBag from /home/airflow/.local/lib/python3.12/site-packages/airflow/example_dags/example_xcom.py
[2024-12-29T00:25:17.470+0000] {processor.py:925} INFO - DAG(s) 'example_xcom' retrieved from /home/airflow/.local/lib/python3.12/site-packages/airflow/example_dags/example_xcom.py
[2024-12-29T00:25:17.495+0000] {logging_mixin.py:190} INFO - [2024-12-29T00:25:17.495+0000] {dag.py:3239} INFO - Sync 1 DAGs
[2024-12-29T00:25:17.521+0000] {logging_mixin.py:190} INFO - [2024-12-29T00:25:17.521+0000] {dag.py:4180} INFO - Setting next_dagrun for example_xcom to 2021-01-01 00:00:00+00:00, run_after=2021-01-01 00:00:00+00:00
[2024-12-29T00:25:17.546+0000] {processor.py:208} INFO - Processing /home/airflow/.local/lib/python3.12/site-packages/airflow/example_dags/example_xcom.py took 0.094 seconds
[2024-12-29T00:25:48.966+0000] {processor.py:186} INFO - Started process (PID=849) to work on /home/airflow/.local/lib/python3.12/site-packages/airflow/example_dags/example_xcom.py
[2024-12-29T00:25:48.968+0000] {processor.py:914} INFO - Processing file /home/airflow/.local/lib/python3.12/site-packages/airflow/example_dags/example_xcom.py for tasks to queue
[2024-12-29T00:25:48.970+0000] {logging_mixin.py:190} INFO - [2024-12-29T00:25:48.970+0000] {dagbag.py:588} INFO - Filling up the DagBag from /home/airflow/.local/lib/python3.12/site-packages/airflow/example_dags/example_xcom.py
[2024-12-29T00:25:48.981+0000] {processor.py:925} INFO - DAG(s) 'example_xcom' retrieved from /home/airflow/.local/lib/python3.12/site-packages/airflow/example_dags/example_xcom.py
[2024-12-29T00:25:49.011+0000] {logging_mixin.py:190} INFO - [2024-12-29T00:25:49.010+0000] {dag.py:3239} INFO - Sync 1 DAGs
[2024-12-29T00:25:49.041+0000] {logging_mixin.py:190} INFO - [2024-12-29T00:25:49.041+0000] {dag.py:4180} INFO - Setting next_dagrun for example_xcom to 2021-01-01 00:00:00+00:00, run_after=2021-01-01 00:00:00+00:00
[2024-12-29T00:25:49.068+0000] {processor.py:208} INFO - Processing /home/airflow/.local/lib/python3.12/site-packages/airflow/example_dags/example_xcom.py took 0.108 seconds
[2024-12-29T00:26:19.944+0000] {processor.py:186} INFO - Started process (PID=914) to work on /home/airflow/.local/lib/python3.12/site-packages/airflow/example_dags/example_xcom.py
[2024-12-29T00:26:19.945+0000] {processor.py:914} INFO - Processing file /home/airflow/.local/lib/python3.12/site-packages/airflow/example_dags/example_xcom.py for tasks to queue
[2024-12-29T00:26:19.948+0000] {logging_mixin.py:190} INFO - [2024-12-29T00:26:19.947+0000] {dagbag.py:588} INFO - Filling up the DagBag from /home/airflow/.local/lib/python3.12/site-packages/airflow/example_dags/example_xcom.py
[2024-12-29T00:26:19.957+0000] {processor.py:925} INFO - DAG(s) 'example_xcom' retrieved from /home/airflow/.local/lib/python3.12/site-packages/airflow/example_dags/example_xcom.py
[2024-12-29T00:26:19.983+0000] {logging_mixin.py:190} INFO - [2024-12-29T00:26:19.983+0000] {dag.py:3239} INFO - Sync 1 DAGs
[2024-12-29T00:26:20.009+0000] {logging_mixin.py:190} INFO - [2024-12-29T00:26:20.009+0000] {dag.py:4180} INFO - Setting next_dagrun for example_xcom to 2021-01-01 00:00:00+00:00, run_after=2021-01-01 00:00:00+00:00
[2024-12-29T00:26:20.033+0000] {processor.py:208} INFO - Processing /home/airflow/.local/lib/python3.12/site-packages/airflow/example_dags/example_xcom.py took 0.095 seconds
[2024-12-29T00:26:51.444+0000] {processor.py:186} INFO - Started process (PID=979) to work on /home/airflow/.local/lib/python3.12/site-packages/airflow/example_dags/example_xcom.py
[2024-12-29T00:26:51.446+0000] {processor.py:914} INFO - Processing file /home/airflow/.local/lib/python3.12/site-packages/airflow/example_dags/example_xcom.py for tasks to queue
[2024-12-29T00:26:51.449+0000] {logging_mixin.py:190} INFO - [2024-12-29T00:26:51.449+0000] {dagbag.py:588} INFO - Filling up the DagBag from /home/airflow/.local/lib/python3.12/site-packages/airflow/example_dags/example_xcom.py
[2024-12-29T00:26:51.462+0000] {processor.py:925} INFO - DAG(s) 'example_xcom' retrieved from /home/airflow/.local/lib/python3.12/site-packages/airflow/example_dags/example_xcom.py
[2024-12-29T00:26:51.494+0000] {logging_mixin.py:190} INFO - [2024-12-29T00:26:51.494+0000] {dag.py:3239} INFO - Sync 1 DAGs
[2024-12-29T00:26:51.531+0000] {logging_mixin.py:190} INFO - [2024-12-29T00:26:51.531+0000] {dag.py:4180} INFO - Setting next_dagrun for example_xcom to 2021-01-01 00:00:00+00:00, run_after=2021-01-01 00:00:00+00:00
[2024-12-29T00:26:51.566+0000] {processor.py:208} INFO - Processing /home/airflow/.local/lib/python3.12/site-packages/airflow/example_dags/example_xcom.py took 0.130 seconds
[2024-12-29T00:27:23.306+0000] {processor.py:186} INFO - Started process (PID=1044) to work on /home/airflow/.local/lib/python3.12/site-packages/airflow/example_dags/example_xcom.py
[2024-12-29T00:27:23.308+0000] {processor.py:914} INFO - Processing file /home/airflow/.local/lib/python3.12/site-packages/airflow/example_dags/example_xcom.py for tasks to queue
[2024-12-29T00:27:23.311+0000] {logging_mixin.py:190} INFO - [2024-12-29T00:27:23.310+0000] {dagbag.py:588} INFO - Filling up the DagBag from /home/airflow/.local/lib/python3.12/site-packages/airflow/example_dags/example_xcom.py
[2024-12-29T00:27:23.323+0000] {processor.py:925} INFO - DAG(s) 'example_xcom' retrieved from /home/airflow/.local/lib/python3.12/site-packages/airflow/example_dags/example_xcom.py
[2024-12-29T00:27:23.363+0000] {logging_mixin.py:190} INFO - [2024-12-29T00:27:23.362+0000] {dag.py:3239} INFO - Sync 1 DAGs
[2024-12-29T00:27:23.398+0000] {logging_mixin.py:190} INFO - [2024-12-29T00:27:23.397+0000] {dag.py:4180} INFO - Setting next_dagrun for example_xcom to 2021-01-01 00:00:00+00:00, run_after=2021-01-01 00:00:00+00:00
[2024-12-29T00:27:23.427+0000] {processor.py:208} INFO - Processing /home/airflow/.local/lib/python3.12/site-packages/airflow/example_dags/example_xcom.py took 0.129 seconds
[2024-12-29T00:27:54.012+0000] {processor.py:186} INFO - Started process (PID=1109) to work on /home/airflow/.local/lib/python3.12/site-packages/airflow/example_dags/example_xcom.py
[2024-12-29T00:27:54.014+0000] {processor.py:914} INFO - Processing file /home/airflow/.local/lib/python3.12/site-packages/airflow/example_dags/example_xcom.py for tasks to queue
[2024-12-29T00:27:54.018+0000] {logging_mixin.py:190} INFO - [2024-12-29T00:27:54.017+0000] {dagbag.py:588} INFO - Filling up the DagBag from /home/airflow/.local/lib/python3.12/site-packages/airflow/example_dags/example_xcom.py
[2024-12-29T00:27:54.029+0000] {processor.py:925} INFO - DAG(s) 'example_xcom' retrieved from /home/airflow/.local/lib/python3.12/site-packages/airflow/example_dags/example_xcom.py
[2024-12-29T00:27:54.061+0000] {logging_mixin.py:190} INFO - [2024-12-29T00:27:54.061+0000] {dag.py:3239} INFO - Sync 1 DAGs
[2024-12-29T00:27:54.093+0000] {logging_mixin.py:190} INFO - [2024-12-29T00:27:54.093+0000] {dag.py:4180} INFO - Setting next_dagrun for example_xcom to 2021-01-01 00:00:00+00:00, run_after=2021-01-01 00:00:00+00:00
[2024-12-29T00:27:54.122+0000] {processor.py:208} INFO - Processing /home/airflow/.local/lib/python3.12/site-packages/airflow/example_dags/example_xcom.py took 0.117 seconds
[2024-12-29T00:28:24.858+0000] {processor.py:186} INFO - Started process (PID=1175) to work on /home/airflow/.local/lib/python3.12/site-packages/airflow/example_dags/example_xcom.py
[2024-12-29T00:28:24.859+0000] {processor.py:914} INFO - Processing file /home/airflow/.local/lib/python3.12/site-packages/airflow/example_dags/example_xcom.py for tasks to queue
[2024-12-29T00:28:24.862+0000] {logging_mixin.py:190} INFO - [2024-12-29T00:28:24.862+0000] {dagbag.py:588} INFO - Filling up the DagBag from /home/airflow/.local/lib/python3.12/site-packages/airflow/example_dags/example_xcom.py
[2024-12-29T00:28:24.872+0000] {processor.py:925} INFO - DAG(s) 'example_xcom' retrieved from /home/airflow/.local/lib/python3.12/site-packages/airflow/example_dags/example_xcom.py
[2024-12-29T00:28:24.897+0000] {logging_mixin.py:190} INFO - [2024-12-29T00:28:24.897+0000] {dag.py:3239} INFO - Sync 1 DAGs
[2024-12-29T00:28:24.922+0000] {logging_mixin.py:190} INFO - [2024-12-29T00:28:24.922+0000] {dag.py:4180} INFO - Setting next_dagrun for example_xcom to 2021-01-01 00:00:00+00:00, run_after=2021-01-01 00:00:00+00:00
[2024-12-29T00:28:24.946+0000] {processor.py:208} INFO - Processing /home/airflow/.local/lib/python3.12/site-packages/airflow/example_dags/example_xcom.py took 0.093 seconds
[2024-12-29T00:28:56.057+0000] {processor.py:186} INFO - Started process (PID=1240) to work on /home/airflow/.local/lib/python3.12/site-packages/airflow/example_dags/example_xcom.py
[2024-12-29T00:28:56.059+0000] {processor.py:914} INFO - Processing file /home/airflow/.local/lib/python3.12/site-packages/airflow/example_dags/example_xcom.py for tasks to queue
[2024-12-29T00:28:56.063+0000] {logging_mixin.py:190} INFO - [2024-12-29T00:28:56.062+0000] {dagbag.py:588} INFO - Filling up the DagBag from /home/airflow/.local/lib/python3.12/site-packages/airflow/example_dags/example_xcom.py
[2024-12-29T00:28:56.073+0000] {processor.py:925} INFO - DAG(s) 'example_xcom' retrieved from /home/airflow/.local/lib/python3.12/site-packages/airflow/example_dags/example_xcom.py
[2024-12-29T00:28:56.106+0000] {logging_mixin.py:190} INFO - [2024-12-29T00:28:56.106+0000] {dag.py:3239} INFO - Sync 1 DAGs
[2024-12-29T00:28:56.141+0000] {logging_mixin.py:190} INFO - [2024-12-29T00:28:56.141+0000] {dag.py:4180} INFO - Setting next_dagrun for example_xcom to 2021-01-01 00:00:00+00:00, run_after=2021-01-01 00:00:00+00:00
[2024-12-29T00:28:56.171+0000] {processor.py:208} INFO - Processing /home/airflow/.local/lib/python3.12/site-packages/airflow/example_dags/example_xcom.py took 0.121 seconds
[2024-12-29T00:29:27.828+0000] {processor.py:186} INFO - Started process (PID=1305) to work on /home/airflow/.local/lib/python3.12/site-packages/airflow/example_dags/example_xcom.py
[2024-12-29T00:29:27.830+0000] {processor.py:914} INFO - Processing file /home/airflow/.local/lib/python3.12/site-packages/airflow/example_dags/example_xcom.py for tasks to queue
[2024-12-29T00:29:27.833+0000] {logging_mixin.py:190} INFO - [2024-12-29T00:29:27.832+0000] {dagbag.py:588} INFO - Filling up the DagBag from /home/airflow/.local/lib/python3.12/site-packages/airflow/example_dags/example_xcom.py
[2024-12-29T00:29:27.841+0000] {processor.py:925} INFO - DAG(s) 'example_xcom' retrieved from /home/airflow/.local/lib/python3.12/site-packages/airflow/example_dags/example_xcom.py
[2024-12-29T00:29:27.866+0000] {logging_mixin.py:190} INFO - [2024-12-29T00:29:27.865+0000] {dag.py:3239} INFO - Sync 1 DAGs
[2024-12-29T00:29:27.892+0000] {logging_mixin.py:190} INFO - [2024-12-29T00:29:27.891+0000] {dag.py:4180} INFO - Setting next_dagrun for example_xcom to 2021-01-01 00:00:00+00:00, run_after=2021-01-01 00:00:00+00:00
[2024-12-29T00:29:27.920+0000] {processor.py:208} INFO - Processing /home/airflow/.local/lib/python3.12/site-packages/airflow/example_dags/example_xcom.py took 0.098 seconds
[2024-12-29T00:29:58.543+0000] {processor.py:186} INFO - Started process (PID=1370) to work on /home/airflow/.local/lib/python3.12/site-packages/airflow/example_dags/example_xcom.py
[2024-12-29T00:29:58.544+0000] {processor.py:914} INFO - Processing file /home/airflow/.local/lib/python3.12/site-packages/airflow/example_dags/example_xcom.py for tasks to queue
[2024-12-29T00:29:58.546+0000] {logging_mixin.py:190} INFO - [2024-12-29T00:29:58.546+0000] {dagbag.py:588} INFO - Filling up the DagBag from /home/airflow/.local/lib/python3.12/site-packages/airflow/example_dags/example_xcom.py
[2024-12-29T00:29:58.555+0000] {processor.py:925} INFO - DAG(s) 'example_xcom' retrieved from /home/airflow/.local/lib/python3.12/site-packages/airflow/example_dags/example_xcom.py
[2024-12-29T00:29:58.579+0000] {logging_mixin.py:190} INFO - [2024-12-29T00:29:58.579+0000] {dag.py:3239} INFO - Sync 1 DAGs
[2024-12-29T00:29:58.603+0000] {logging_mixin.py:190} INFO - [2024-12-29T00:29:58.603+0000] {dag.py:4180} INFO - Setting next_dagrun for example_xcom to 2021-01-01 00:00:00+00:00, run_after=2021-01-01 00:00:00+00:00
[2024-12-29T00:29:58.627+0000] {processor.py:208} INFO - Processing /home/airflow/.local/lib/python3.12/site-packages/airflow/example_dags/example_xcom.py took 0.089 seconds
[2024-12-29T00:30:29.468+0000] {processor.py:186} INFO - Started process (PID=1436) to work on /home/airflow/.local/lib/python3.12/site-packages/airflow/example_dags/example_xcom.py
[2024-12-29T00:30:29.469+0000] {processor.py:914} INFO - Processing file /home/airflow/.local/lib/python3.12/site-packages/airflow/example_dags/example_xcom.py for tasks to queue
[2024-12-29T00:30:29.472+0000] {logging_mixin.py:190} INFO - [2024-12-29T00:30:29.471+0000] {dagbag.py:588} INFO - Filling up the DagBag from /home/airflow/.local/lib/python3.12/site-packages/airflow/example_dags/example_xcom.py
[2024-12-29T00:30:29.480+0000] {processor.py:925} INFO - DAG(s) 'example_xcom' retrieved from /home/airflow/.local/lib/python3.12/site-packages/airflow/example_dags/example_xcom.py
[2024-12-29T00:30:29.506+0000] {logging_mixin.py:190} INFO - [2024-12-29T00:30:29.506+0000] {dag.py:3239} INFO - Sync 1 DAGs
[2024-12-29T00:30:29.530+0000] {logging_mixin.py:190} INFO - [2024-12-29T00:30:29.530+0000] {dag.py:4180} INFO - Setting next_dagrun for example_xcom to 2021-01-01 00:00:00+00:00, run_after=2021-01-01 00:00:00+00:00
[2024-12-29T00:30:29.555+0000] {processor.py:208} INFO - Processing /home/airflow/.local/lib/python3.12/site-packages/airflow/example_dags/example_xcom.py took 0.093 seconds
[2024-12-29T00:31:01.477+0000] {processor.py:186} INFO - Started process (PID=1502) to work on /home/airflow/.local/lib/python3.12/site-packages/airflow/example_dags/example_xcom.py
[2024-12-29T00:31:01.478+0000] {processor.py:914} INFO - Processing file /home/airflow/.local/lib/python3.12/site-packages/airflow/example_dags/example_xcom.py for tasks to queue
[2024-12-29T00:31:01.482+0000] {logging_mixin.py:190} INFO - [2024-12-29T00:31:01.481+0000] {dagbag.py:588} INFO - Filling up the DagBag from /home/airflow/.local/lib/python3.12/site-packages/airflow/example_dags/example_xcom.py
[2024-12-29T00:31:01.494+0000] {processor.py:925} INFO - DAG(s) 'example_xcom' retrieved from /home/airflow/.local/lib/python3.12/site-packages/airflow/example_dags/example_xcom.py
[2024-12-29T00:31:01.526+0000] {logging_mixin.py:190} INFO - [2024-12-29T00:31:01.525+0000] {dag.py:3239} INFO - Sync 1 DAGs
[2024-12-29T00:31:01.562+0000] {logging_mixin.py:190} INFO - [2024-12-29T00:31:01.562+0000] {dag.py:4180} INFO - Setting next_dagrun for example_xcom to 2021-01-01 00:00:00+00:00, run_after=2021-01-01 00:00:00+00:00
[2024-12-29T00:31:01.596+0000] {processor.py:208} INFO - Processing /home/airflow/.local/lib/python3.12/site-packages/airflow/example_dags/example_xcom.py took 0.128 seconds
[2024-12-29T00:31:32.556+0000] {processor.py:186} INFO - Started process (PID=1568) to work on /home/airflow/.local/lib/python3.12/site-packages/airflow/example_dags/example_xcom.py
[2024-12-29T00:31:32.558+0000] {processor.py:914} INFO - Processing file /home/airflow/.local/lib/python3.12/site-packages/airflow/example_dags/example_xcom.py for tasks to queue
[2024-12-29T00:31:32.561+0000] {logging_mixin.py:190} INFO - [2024-12-29T00:31:32.560+0000] {dagbag.py:588} INFO - Filling up the DagBag from /home/airflow/.local/lib/python3.12/site-packages/airflow/example_dags/example_xcom.py
[2024-12-29T00:31:32.569+0000] {processor.py:925} INFO - DAG(s) 'example_xcom' retrieved from /home/airflow/.local/lib/python3.12/site-packages/airflow/example_dags/example_xcom.py
[2024-12-29T00:31:32.600+0000] {logging_mixin.py:190} INFO - [2024-12-29T00:31:32.600+0000] {dag.py:3239} INFO - Sync 1 DAGs
[2024-12-29T00:31:32.633+0000] {logging_mixin.py:190} INFO - [2024-12-29T00:31:32.632+0000] {dag.py:4180} INFO - Setting next_dagrun for example_xcom to 2021-01-01 00:00:00+00:00, run_after=2021-01-01 00:00:00+00:00
[2024-12-29T00:31:32.663+0000] {processor.py:208} INFO - Processing /home/airflow/.local/lib/python3.12/site-packages/airflow/example_dags/example_xcom.py took 0.113 seconds
[2024-12-29T00:32:03.654+0000] {processor.py:186} INFO - Started process (PID=1634) to work on /home/airflow/.local/lib/python3.12/site-packages/airflow/example_dags/example_xcom.py
[2024-12-29T00:32:03.655+0000] {processor.py:914} INFO - Processing file /home/airflow/.local/lib/python3.12/site-packages/airflow/example_dags/example_xcom.py for tasks to queue
[2024-12-29T00:32:03.659+0000] {logging_mixin.py:190} INFO - [2024-12-29T00:32:03.658+0000] {dagbag.py:588} INFO - Filling up the DagBag from /home/airflow/.local/lib/python3.12/site-packages/airflow/example_dags/example_xcom.py
[2024-12-29T00:32:03.667+0000] {processor.py:925} INFO - DAG(s) 'example_xcom' retrieved from /home/airflow/.local/lib/python3.12/site-packages/airflow/example_dags/example_xcom.py
[2024-12-29T00:32:03.691+0000] {logging_mixin.py:190} INFO - [2024-12-29T00:32:03.690+0000] {dag.py:3239} INFO - Sync 1 DAGs
[2024-12-29T00:32:03.718+0000] {logging_mixin.py:190} INFO - [2024-12-29T00:32:03.718+0000] {dag.py:4180} INFO - Setting next_dagrun for example_xcom to 2021-01-01 00:00:00+00:00, run_after=2021-01-01 00:00:00+00:00
[2024-12-29T00:32:03.741+0000] {processor.py:208} INFO - Processing /home/airflow/.local/lib/python3.12/site-packages/airflow/example_dags/example_xcom.py took 0.093 seconds
[2024-12-29T00:32:36.120+0000] {processor.py:186} INFO - Started process (PID=1707) to work on /home/airflow/.local/lib/python3.12/site-packages/airflow/example_dags/example_xcom.py
[2024-12-29T00:32:36.122+0000] {processor.py:914} INFO - Processing file /home/airflow/.local/lib/python3.12/site-packages/airflow/example_dags/example_xcom.py for tasks to queue
[2024-12-29T00:32:36.125+0000] {logging_mixin.py:190} INFO - [2024-12-29T00:32:36.124+0000] {dagbag.py:588} INFO - Filling up the DagBag from /home/airflow/.local/lib/python3.12/site-packages/airflow/example_dags/example_xcom.py
[2024-12-29T00:32:36.133+0000] {processor.py:925} INFO - DAG(s) 'example_xcom' retrieved from /home/airflow/.local/lib/python3.12/site-packages/airflow/example_dags/example_xcom.py
[2024-12-29T00:32:36.161+0000] {logging_mixin.py:190} INFO - [2024-12-29T00:32:36.160+0000] {dag.py:3239} INFO - Sync 1 DAGs
[2024-12-29T00:32:36.186+0000] {logging_mixin.py:190} INFO - [2024-12-29T00:32:36.186+0000] {dag.py:4180} INFO - Setting next_dagrun for example_xcom to 2021-01-01 00:00:00+00:00, run_after=2021-01-01 00:00:00+00:00
[2024-12-29T00:32:36.209+0000] {processor.py:208} INFO - Processing /home/airflow/.local/lib/python3.12/site-packages/airflow/example_dags/example_xcom.py took 0.094 seconds
[2024-12-29T00:33:07.270+0000] {processor.py:186} INFO - Started process (PID=1772) to work on /home/airflow/.local/lib/python3.12/site-packages/airflow/example_dags/example_xcom.py
[2024-12-29T00:33:07.272+0000] {processor.py:914} INFO - Processing file /home/airflow/.local/lib/python3.12/site-packages/airflow/example_dags/example_xcom.py for tasks to queue
[2024-12-29T00:33:07.275+0000] {logging_mixin.py:190} INFO - [2024-12-29T00:33:07.274+0000] {dagbag.py:588} INFO - Filling up the DagBag from /home/airflow/.local/lib/python3.12/site-packages/airflow/example_dags/example_xcom.py
[2024-12-29T00:33:07.285+0000] {processor.py:925} INFO - DAG(s) 'example_xcom' retrieved from /home/airflow/.local/lib/python3.12/site-packages/airflow/example_dags/example_xcom.py
[2024-12-29T00:33:07.313+0000] {logging_mixin.py:190} INFO - [2024-12-29T00:33:07.313+0000] {dag.py:3239} INFO - Sync 1 DAGs
[2024-12-29T00:33:07.341+0000] {logging_mixin.py:190} INFO - [2024-12-29T00:33:07.340+0000] {dag.py:4180} INFO - Setting next_dagrun for example_xcom to 2021-01-01 00:00:00+00:00, run_after=2021-01-01 00:00:00+00:00
[2024-12-29T00:33:07.368+0000] {processor.py:208} INFO - Processing /home/airflow/.local/lib/python3.12/site-packages/airflow/example_dags/example_xcom.py took 0.104 seconds
[2024-12-29T00:33:39.177+0000] {processor.py:186} INFO - Started process (PID=1837) to work on /home/airflow/.local/lib/python3.12/site-packages/airflow/example_dags/example_xcom.py
[2024-12-29T00:33:39.179+0000] {processor.py:914} INFO - Processing file /home/airflow/.local/lib/python3.12/site-packages/airflow/example_dags/example_xcom.py for tasks to queue
[2024-12-29T00:33:39.183+0000] {logging_mixin.py:190} INFO - [2024-12-29T00:33:39.182+0000] {dagbag.py:588} INFO - Filling up the DagBag from /home/airflow/.local/lib/python3.12/site-packages/airflow/example_dags/example_xcom.py
[2024-12-29T00:33:39.194+0000] {processor.py:925} INFO - DAG(s) 'example_xcom' retrieved from /home/airflow/.local/lib/python3.12/site-packages/airflow/example_dags/example_xcom.py
[2024-12-29T00:33:39.228+0000] {logging_mixin.py:190} INFO - [2024-12-29T00:33:39.227+0000] {dag.py:3239} INFO - Sync 1 DAGs
[2024-12-29T00:33:39.261+0000] {logging_mixin.py:190} INFO - [2024-12-29T00:33:39.261+0000] {dag.py:4180} INFO - Setting next_dagrun for example_xcom to 2021-01-01 00:00:00+00:00, run_after=2021-01-01 00:00:00+00:00
[2024-12-29T00:33:39.304+0000] {processor.py:208} INFO - Processing /home/airflow/.local/lib/python3.12/site-packages/airflow/example_dags/example_xcom.py took 0.134 seconds
[2024-12-29T00:34:10.255+0000] {processor.py:186} INFO - Started process (PID=1908) to work on /home/airflow/.local/lib/python3.12/site-packages/airflow/example_dags/example_xcom.py
[2024-12-29T00:34:10.257+0000] {processor.py:914} INFO - Processing file /home/airflow/.local/lib/python3.12/site-packages/airflow/example_dags/example_xcom.py for tasks to queue
[2024-12-29T00:34:10.260+0000] {logging_mixin.py:190} INFO - [2024-12-29T00:34:10.259+0000] {dagbag.py:588} INFO - Filling up the DagBag from /home/airflow/.local/lib/python3.12/site-packages/airflow/example_dags/example_xcom.py
[2024-12-29T00:34:10.271+0000] {processor.py:925} INFO - DAG(s) 'example_xcom' retrieved from /home/airflow/.local/lib/python3.12/site-packages/airflow/example_dags/example_xcom.py
[2024-12-29T00:34:10.302+0000] {logging_mixin.py:190} INFO - [2024-12-29T00:34:10.302+0000] {dag.py:3239} INFO - Sync 1 DAGs
[2024-12-29T00:34:10.338+0000] {logging_mixin.py:190} INFO - [2024-12-29T00:34:10.338+0000] {dag.py:4180} INFO - Setting next_dagrun for example_xcom to 2021-01-01 00:00:00+00:00, run_after=2021-01-01 00:00:00+00:00
[2024-12-29T00:34:10.370+0000] {processor.py:208} INFO - Processing /home/airflow/.local/lib/python3.12/site-packages/airflow/example_dags/example_xcom.py took 0.122 seconds
[2024-12-29T00:34:41.955+0000] {processor.py:186} INFO - Started process (PID=1973) to work on /home/airflow/.local/lib/python3.12/site-packages/airflow/example_dags/example_xcom.py
[2024-12-29T00:34:41.957+0000] {processor.py:914} INFO - Processing file /home/airflow/.local/lib/python3.12/site-packages/airflow/example_dags/example_xcom.py for tasks to queue
[2024-12-29T00:34:41.962+0000] {logging_mixin.py:190} INFO - [2024-12-29T00:34:41.961+0000] {dagbag.py:588} INFO - Filling up the DagBag from /home/airflow/.local/lib/python3.12/site-packages/airflow/example_dags/example_xcom.py
[2024-12-29T00:34:41.976+0000] {processor.py:925} INFO - DAG(s) 'example_xcom' retrieved from /home/airflow/.local/lib/python3.12/site-packages/airflow/example_dags/example_xcom.py
[2024-12-29T00:34:42.013+0000] {logging_mixin.py:190} INFO - [2024-12-29T00:34:42.012+0000] {dag.py:3239} INFO - Sync 1 DAGs
[2024-12-29T00:34:42.058+0000] {logging_mixin.py:190} INFO - [2024-12-29T00:34:42.058+0000] {dag.py:4180} INFO - Setting next_dagrun for example_xcom to 2021-01-01 00:00:00+00:00, run_after=2021-01-01 00:00:00+00:00
[2024-12-29T00:34:42.089+0000] {processor.py:208} INFO - Processing /home/airflow/.local/lib/python3.12/site-packages/airflow/example_dags/example_xcom.py took 0.143 seconds
[2024-12-29T00:35:12.932+0000] {processor.py:186} INFO - Started process (PID=2038) to work on /home/airflow/.local/lib/python3.12/site-packages/airflow/example_dags/example_xcom.py
[2024-12-29T00:35:12.935+0000] {processor.py:914} INFO - Processing file /home/airflow/.local/lib/python3.12/site-packages/airflow/example_dags/example_xcom.py for tasks to queue
[2024-12-29T00:35:12.939+0000] {logging_mixin.py:190} INFO - [2024-12-29T00:35:12.938+0000] {dagbag.py:588} INFO - Filling up the DagBag from /home/airflow/.local/lib/python3.12/site-packages/airflow/example_dags/example_xcom.py
[2024-12-29T00:35:12.952+0000] {processor.py:925} INFO - DAG(s) 'example_xcom' retrieved from /home/airflow/.local/lib/python3.12/site-packages/airflow/example_dags/example_xcom.py
[2024-12-29T00:35:12.980+0000] {logging_mixin.py:190} INFO - [2024-12-29T00:35:12.980+0000] {dag.py:3239} INFO - Sync 1 DAGs
[2024-12-29T00:35:13.013+0000] {logging_mixin.py:190} INFO - [2024-12-29T00:35:13.013+0000] {dag.py:4180} INFO - Setting next_dagrun for example_xcom to 2021-01-01 00:00:00+00:00, run_after=2021-01-01 00:00:00+00:00
[2024-12-29T00:35:13.042+0000] {processor.py:208} INFO - Processing /home/airflow/.local/lib/python3.12/site-packages/airflow/example_dags/example_xcom.py took 0.117 seconds
[2024-12-29T00:35:43.489+0000] {processor.py:186} INFO - Started process (PID=2103) to work on /home/airflow/.local/lib/python3.12/site-packages/airflow/example_dags/example_xcom.py
[2024-12-29T00:35:43.491+0000] {processor.py:914} INFO - Processing file /home/airflow/.local/lib/python3.12/site-packages/airflow/example_dags/example_xcom.py for tasks to queue
[2024-12-29T00:35:43.495+0000] {logging_mixin.py:190} INFO - [2024-12-29T00:35:43.494+0000] {dagbag.py:588} INFO - Filling up the DagBag from /home/airflow/.local/lib/python3.12/site-packages/airflow/example_dags/example_xcom.py
[2024-12-29T00:35:43.506+0000] {processor.py:925} INFO - DAG(s) 'example_xcom' retrieved from /home/airflow/.local/lib/python3.12/site-packages/airflow/example_dags/example_xcom.py
[2024-12-29T00:35:43.536+0000] {logging_mixin.py:190} INFO - [2024-12-29T00:35:43.536+0000] {dag.py:3239} INFO - Sync 1 DAGs
[2024-12-29T00:35:43.567+0000] {logging_mixin.py:190} INFO - [2024-12-29T00:35:43.567+0000] {dag.py:4180} INFO - Setting next_dagrun for example_xcom to 2021-01-01 00:00:00+00:00, run_after=2021-01-01 00:00:00+00:00
[2024-12-29T00:35:43.599+0000] {processor.py:208} INFO - Processing /home/airflow/.local/lib/python3.12/site-packages/airflow/example_dags/example_xcom.py took 0.120 seconds
[2024-12-29T00:36:14.556+0000] {processor.py:186} INFO - Started process (PID=2168) to work on /home/airflow/.local/lib/python3.12/site-packages/airflow/example_dags/example_xcom.py
[2024-12-29T00:36:14.558+0000] {processor.py:914} INFO - Processing file /home/airflow/.local/lib/python3.12/site-packages/airflow/example_dags/example_xcom.py for tasks to queue
[2024-12-29T00:36:14.561+0000] {logging_mixin.py:190} INFO - [2024-12-29T00:36:14.560+0000] {dagbag.py:588} INFO - Filling up the DagBag from /home/airflow/.local/lib/python3.12/site-packages/airflow/example_dags/example_xcom.py
[2024-12-29T00:36:14.571+0000] {processor.py:925} INFO - DAG(s) 'example_xcom' retrieved from /home/airflow/.local/lib/python3.12/site-packages/airflow/example_dags/example_xcom.py
[2024-12-29T00:36:14.597+0000] {logging_mixin.py:190} INFO - [2024-12-29T00:36:14.597+0000] {dag.py:3239} INFO - Sync 1 DAGs
[2024-12-29T00:36:14.625+0000] {logging_mixin.py:190} INFO - [2024-12-29T00:36:14.625+0000] {dag.py:4180} INFO - Setting next_dagrun for example_xcom to 2021-01-01 00:00:00+00:00, run_after=2021-01-01 00:00:00+00:00
[2024-12-29T00:36:14.651+0000] {processor.py:208} INFO - Processing /home/airflow/.local/lib/python3.12/site-packages/airflow/example_dags/example_xcom.py took 0.102 seconds
[2024-12-29T00:36:46.158+0000] {processor.py:186} INFO - Started process (PID=2234) to work on /home/airflow/.local/lib/python3.12/site-packages/airflow/example_dags/example_xcom.py
[2024-12-29T00:36:46.159+0000] {processor.py:914} INFO - Processing file /home/airflow/.local/lib/python3.12/site-packages/airflow/example_dags/example_xcom.py for tasks to queue
[2024-12-29T00:36:46.163+0000] {logging_mixin.py:190} INFO - [2024-12-29T00:36:46.162+0000] {dagbag.py:588} INFO - Filling up the DagBag from /home/airflow/.local/lib/python3.12/site-packages/airflow/example_dags/example_xcom.py
[2024-12-29T00:36:46.173+0000] {processor.py:925} INFO - DAG(s) 'example_xcom' retrieved from /home/airflow/.local/lib/python3.12/site-packages/airflow/example_dags/example_xcom.py
[2024-12-29T00:36:46.202+0000] {logging_mixin.py:190} INFO - [2024-12-29T00:36:46.202+0000] {dag.py:3239} INFO - Sync 1 DAGs
[2024-12-29T00:36:46.230+0000] {logging_mixin.py:190} INFO - [2024-12-29T00:36:46.230+0000] {dag.py:4180} INFO - Setting next_dagrun for example_xcom to 2021-01-01 00:00:00+00:00, run_after=2021-01-01 00:00:00+00:00
[2024-12-29T00:36:46.257+0000] {processor.py:208} INFO - Processing /home/airflow/.local/lib/python3.12/site-packages/airflow/example_dags/example_xcom.py took 0.106 seconds
[2024-12-29T00:37:16.889+0000] {processor.py:186} INFO - Started process (PID=2299) to work on /home/airflow/.local/lib/python3.12/site-packages/airflow/example_dags/example_xcom.py
[2024-12-29T00:37:16.890+0000] {processor.py:914} INFO - Processing file /home/airflow/.local/lib/python3.12/site-packages/airflow/example_dags/example_xcom.py for tasks to queue
[2024-12-29T00:37:16.893+0000] {logging_mixin.py:190} INFO - [2024-12-29T00:37:16.893+0000] {dagbag.py:588} INFO - Filling up the DagBag from /home/airflow/.local/lib/python3.12/site-packages/airflow/example_dags/example_xcom.py
[2024-12-29T00:37:16.902+0000] {processor.py:925} INFO - DAG(s) 'example_xcom' retrieved from /home/airflow/.local/lib/python3.12/site-packages/airflow/example_dags/example_xcom.py
[2024-12-29T00:37:16.925+0000] {logging_mixin.py:190} INFO - [2024-12-29T00:37:16.925+0000] {dag.py:3239} INFO - Sync 1 DAGs
[2024-12-29T00:37:16.950+0000] {logging_mixin.py:190} INFO - [2024-12-29T00:37:16.949+0000] {dag.py:4180} INFO - Setting next_dagrun for example_xcom to 2021-01-01 00:00:00+00:00, run_after=2021-01-01 00:00:00+00:00
[2024-12-29T00:37:16.970+0000] {processor.py:208} INFO - Processing /home/airflow/.local/lib/python3.12/site-packages/airflow/example_dags/example_xcom.py took 0.087 seconds
[2024-12-29T00:37:48.383+0000] {processor.py:186} INFO - Started process (PID=2364) to work on /home/airflow/.local/lib/python3.12/site-packages/airflow/example_dags/example_xcom.py
[2024-12-29T00:37:48.385+0000] {processor.py:914} INFO - Processing file /home/airflow/.local/lib/python3.12/site-packages/airflow/example_dags/example_xcom.py for tasks to queue
[2024-12-29T00:37:48.389+0000] {logging_mixin.py:190} INFO - [2024-12-29T00:37:48.388+0000] {dagbag.py:588} INFO - Filling up the DagBag from /home/airflow/.local/lib/python3.12/site-packages/airflow/example_dags/example_xcom.py
[2024-12-29T00:37:48.401+0000] {processor.py:925} INFO - DAG(s) 'example_xcom' retrieved from /home/airflow/.local/lib/python3.12/site-packages/airflow/example_dags/example_xcom.py
[2024-12-29T00:37:48.434+0000] {logging_mixin.py:190} INFO - [2024-12-29T00:37:48.434+0000] {dag.py:3239} INFO - Sync 1 DAGs
[2024-12-29T00:37:48.471+0000] {logging_mixin.py:190} INFO - [2024-12-29T00:37:48.470+0000] {dag.py:4180} INFO - Setting next_dagrun for example_xcom to 2021-01-01 00:00:00+00:00, run_after=2021-01-01 00:00:00+00:00
[2024-12-29T00:37:48.507+0000] {processor.py:208} INFO - Processing /home/airflow/.local/lib/python3.12/site-packages/airflow/example_dags/example_xcom.py took 0.132 seconds
[2024-12-29T00:38:19.469+0000] {processor.py:186} INFO - Started process (PID=2429) to work on /home/airflow/.local/lib/python3.12/site-packages/airflow/example_dags/example_xcom.py
[2024-12-29T00:38:19.471+0000] {processor.py:914} INFO - Processing file /home/airflow/.local/lib/python3.12/site-packages/airflow/example_dags/example_xcom.py for tasks to queue
[2024-12-29T00:38:19.474+0000] {logging_mixin.py:190} INFO - [2024-12-29T00:38:19.474+0000] {dagbag.py:588} INFO - Filling up the DagBag from /home/airflow/.local/lib/python3.12/site-packages/airflow/example_dags/example_xcom.py
[2024-12-29T00:38:19.486+0000] {processor.py:925} INFO - DAG(s) 'example_xcom' retrieved from /home/airflow/.local/lib/python3.12/site-packages/airflow/example_dags/example_xcom.py
[2024-12-29T00:38:19.516+0000] {logging_mixin.py:190} INFO - [2024-12-29T00:38:19.516+0000] {dag.py:3239} INFO - Sync 1 DAGs
[2024-12-29T00:38:19.550+0000] {logging_mixin.py:190} INFO - [2024-12-29T00:38:19.549+0000] {dag.py:4180} INFO - Setting next_dagrun for example_xcom to 2021-01-01 00:00:00+00:00, run_after=2021-01-01 00:00:00+00:00
[2024-12-29T00:38:19.580+0000] {processor.py:208} INFO - Processing /home/airflow/.local/lib/python3.12/site-packages/airflow/example_dags/example_xcom.py took 0.118 seconds
