[2024-12-29T00:04:01.528+0000] {processor.py:186} INFO - Started process (PID=133) to work on /home/airflow/.local/lib/python3.12/site-packages/airflow/example_dags/example_branch_labels.py
[2024-12-29T00:04:01.529+0000] {processor.py:914} INFO - Processing file /home/airflow/.local/lib/python3.12/site-packages/airflow/example_dags/example_branch_labels.py for tasks to queue
[2024-12-29T00:04:01.532+0000] {logging_mixin.py:190} INFO - [2024-12-29T00:04:01.531+0000] {dagbag.py:588} INFO - Filling up the DagBag from /home/airflow/.local/lib/python3.12/site-packages/airflow/example_dags/example_branch_labels.py
[2024-12-29T00:04:01.545+0000] {processor.py:925} INFO - DAG(s) 'example_branch_labels' retrieved from /home/airflow/.local/lib/python3.12/site-packages/airflow/example_dags/example_branch_labels.py
[2024-12-29T00:04:01.733+0000] {logging_mixin.py:190} INFO - [2024-12-29T00:04:01.731+0000] {override.py:1911} INFO - Created Permission View: can read on DAG:example_branch_labels
[2024-12-29T00:04:01.762+0000] {logging_mixin.py:190} INFO - [2024-12-29T00:04:01.761+0000] {override.py:1911} INFO - Created Permission View: can edit on DAG:example_branch_labels
[2024-12-29T00:04:01.783+0000] {logging_mixin.py:190} INFO - [2024-12-29T00:04:01.782+0000] {override.py:1911} INFO - Created Permission View: can delete on DAG:example_branch_labels
[2024-12-29T00:04:01.804+0000] {logging_mixin.py:190} INFO - [2024-12-29T00:04:01.803+0000] {override.py:1911} INFO - Created Permission View: can create on DAG Run:example_branch_labels
[2024-12-29T00:04:01.825+0000] {logging_mixin.py:190} INFO - [2024-12-29T00:04:01.824+0000] {override.py:1911} INFO - Created Permission View: can read on DAG Run:example_branch_labels
[2024-12-29T00:04:01.843+0000] {logging_mixin.py:190} INFO - [2024-12-29T00:04:01.843+0000] {override.py:1911} INFO - Created Permission View: can delete on DAG Run:example_branch_labels
[2024-12-29T00:04:01.861+0000] {logging_mixin.py:190} INFO - [2024-12-29T00:04:01.861+0000] {override.py:1911} INFO - Created Permission View: menu access on DAG Run:example_branch_labels
[2024-12-29T00:04:01.862+0000] {logging_mixin.py:190} INFO - [2024-12-29T00:04:01.862+0000] {dag.py:3239} INFO - Sync 1 DAGs
[2024-12-29T00:04:01.893+0000] {logging_mixin.py:190} INFO - [2024-12-29T00:04:01.892+0000] {dag.py:3262} INFO - Creating ORM DAG for example_branch_labels
[2024-12-29T00:04:01.923+0000] {logging_mixin.py:190} INFO - [2024-12-29T00:04:01.923+0000] {dag.py:4180} INFO - Setting next_dagrun for example_branch_labels to 2024-12-28 00:00:00+00:00, run_after=2024-12-29 00:00:00+00:00
[2024-12-29T00:04:01.966+0000] {processor.py:208} INFO - Processing /home/airflow/.local/lib/python3.12/site-packages/airflow/example_dags/example_branch_labels.py took 0.445 seconds
[2024-12-29T00:04:32.682+0000] {processor.py:186} INFO - Started process (PID=196) to work on /home/airflow/.local/lib/python3.12/site-packages/airflow/example_dags/example_branch_labels.py
[2024-12-29T00:04:32.684+0000] {processor.py:914} INFO - Processing file /home/airflow/.local/lib/python3.12/site-packages/airflow/example_dags/example_branch_labels.py for tasks to queue
[2024-12-29T00:04:32.686+0000] {logging_mixin.py:190} INFO - [2024-12-29T00:04:32.686+0000] {dagbag.py:588} INFO - Filling up the DagBag from /home/airflow/.local/lib/python3.12/site-packages/airflow/example_dags/example_branch_labels.py
[2024-12-29T00:04:32.696+0000] {processor.py:925} INFO - DAG(s) 'example_branch_labels' retrieved from /home/airflow/.local/lib/python3.12/site-packages/airflow/example_dags/example_branch_labels.py
[2024-12-29T00:04:32.721+0000] {logging_mixin.py:190} INFO - [2024-12-29T00:04:32.720+0000] {dag.py:3239} INFO - Sync 1 DAGs
[2024-12-29T00:04:32.748+0000] {logging_mixin.py:190} INFO - [2024-12-29T00:04:32.748+0000] {dag.py:4180} INFO - Setting next_dagrun for example_branch_labels to 2024-12-28 00:00:00+00:00, run_after=2024-12-29 00:00:00+00:00
[2024-12-29T00:04:32.772+0000] {processor.py:208} INFO - Processing /home/airflow/.local/lib/python3.12/site-packages/airflow/example_dags/example_branch_labels.py took 0.095 seconds
[2024-12-29T00:05:03.530+0000] {processor.py:186} INFO - Started process (PID=260) to work on /home/airflow/.local/lib/python3.12/site-packages/airflow/example_dags/example_branch_labels.py
[2024-12-29T00:05:03.532+0000] {processor.py:914} INFO - Processing file /home/airflow/.local/lib/python3.12/site-packages/airflow/example_dags/example_branch_labels.py for tasks to queue
[2024-12-29T00:05:03.537+0000] {logging_mixin.py:190} INFO - [2024-12-29T00:05:03.536+0000] {dagbag.py:588} INFO - Filling up the DagBag from /home/airflow/.local/lib/python3.12/site-packages/airflow/example_dags/example_branch_labels.py
[2024-12-29T00:05:03.552+0000] {processor.py:925} INFO - DAG(s) 'example_branch_labels' retrieved from /home/airflow/.local/lib/python3.12/site-packages/airflow/example_dags/example_branch_labels.py
[2024-12-29T00:05:03.591+0000] {logging_mixin.py:190} INFO - [2024-12-29T00:05:03.590+0000] {dag.py:3239} INFO - Sync 1 DAGs
[2024-12-29T00:05:03.632+0000] {logging_mixin.py:190} INFO - [2024-12-29T00:05:03.631+0000] {dag.py:4180} INFO - Setting next_dagrun for example_branch_labels to 2024-12-28 00:00:00+00:00, run_after=2024-12-29 00:00:00+00:00
[2024-12-29T00:05:03.659+0000] {processor.py:208} INFO - Processing /home/airflow/.local/lib/python3.12/site-packages/airflow/example_dags/example_branch_labels.py took 0.137 seconds
[2024-12-29T00:05:34.849+0000] {processor.py:186} INFO - Started process (PID=324) to work on /home/airflow/.local/lib/python3.12/site-packages/airflow/example_dags/example_branch_labels.py
[2024-12-29T00:05:34.851+0000] {processor.py:914} INFO - Processing file /home/airflow/.local/lib/python3.12/site-packages/airflow/example_dags/example_branch_labels.py for tasks to queue
[2024-12-29T00:05:34.854+0000] {logging_mixin.py:190} INFO - [2024-12-29T00:05:34.853+0000] {dagbag.py:588} INFO - Filling up the DagBag from /home/airflow/.local/lib/python3.12/site-packages/airflow/example_dags/example_branch_labels.py
[2024-12-29T00:05:34.864+0000] {processor.py:925} INFO - DAG(s) 'example_branch_labels' retrieved from /home/airflow/.local/lib/python3.12/site-packages/airflow/example_dags/example_branch_labels.py
[2024-12-29T00:05:34.893+0000] {logging_mixin.py:190} INFO - [2024-12-29T00:05:34.893+0000] {dag.py:3239} INFO - Sync 1 DAGs
[2024-12-29T00:05:34.921+0000] {logging_mixin.py:190} INFO - [2024-12-29T00:05:34.920+0000] {dag.py:4180} INFO - Setting next_dagrun for example_branch_labels to 2024-12-28 00:00:00+00:00, run_after=2024-12-29 00:00:00+00:00
[2024-12-29T00:05:34.945+0000] {processor.py:208} INFO - Processing /home/airflow/.local/lib/python3.12/site-packages/airflow/example_dags/example_branch_labels.py took 0.101 seconds
[2024-12-29T00:06:06.047+0000] {processor.py:186} INFO - Started process (PID=388) to work on /home/airflow/.local/lib/python3.12/site-packages/airflow/example_dags/example_branch_labels.py
[2024-12-29T00:06:06.049+0000] {processor.py:914} INFO - Processing file /home/airflow/.local/lib/python3.12/site-packages/airflow/example_dags/example_branch_labels.py for tasks to queue
[2024-12-29T00:06:06.051+0000] {logging_mixin.py:190} INFO - [2024-12-29T00:06:06.051+0000] {dagbag.py:588} INFO - Filling up the DagBag from /home/airflow/.local/lib/python3.12/site-packages/airflow/example_dags/example_branch_labels.py
[2024-12-29T00:06:06.060+0000] {processor.py:925} INFO - DAG(s) 'example_branch_labels' retrieved from /home/airflow/.local/lib/python3.12/site-packages/airflow/example_dags/example_branch_labels.py
[2024-12-29T00:06:06.084+0000] {logging_mixin.py:190} INFO - [2024-12-29T00:06:06.084+0000] {dag.py:3239} INFO - Sync 1 DAGs
[2024-12-29T00:06:06.110+0000] {logging_mixin.py:190} INFO - [2024-12-29T00:06:06.109+0000] {dag.py:4180} INFO - Setting next_dagrun for example_branch_labels to 2024-12-28 00:00:00+00:00, run_after=2024-12-29 00:00:00+00:00
[2024-12-29T00:06:06.133+0000] {processor.py:208} INFO - Processing /home/airflow/.local/lib/python3.12/site-packages/airflow/example_dags/example_branch_labels.py took 0.091 seconds
[2024-12-29T00:06:37.670+0000] {processor.py:186} INFO - Started process (PID=452) to work on /home/airflow/.local/lib/python3.12/site-packages/airflow/example_dags/example_branch_labels.py
[2024-12-29T00:06:37.672+0000] {processor.py:914} INFO - Processing file /home/airflow/.local/lib/python3.12/site-packages/airflow/example_dags/example_branch_labels.py for tasks to queue
[2024-12-29T00:06:37.675+0000] {logging_mixin.py:190} INFO - [2024-12-29T00:06:37.675+0000] {dagbag.py:588} INFO - Filling up the DagBag from /home/airflow/.local/lib/python3.12/site-packages/airflow/example_dags/example_branch_labels.py
[2024-12-29T00:06:37.686+0000] {processor.py:925} INFO - DAG(s) 'example_branch_labels' retrieved from /home/airflow/.local/lib/python3.12/site-packages/airflow/example_dags/example_branch_labels.py
[2024-12-29T00:06:37.713+0000] {logging_mixin.py:190} INFO - [2024-12-29T00:06:37.712+0000] {dag.py:3239} INFO - Sync 1 DAGs
[2024-12-29T00:06:37.742+0000] {logging_mixin.py:190} INFO - [2024-12-29T00:06:37.741+0000] {dag.py:4180} INFO - Setting next_dagrun for example_branch_labels to 2024-12-28 00:00:00+00:00, run_after=2024-12-29 00:00:00+00:00
[2024-12-29T00:06:37.771+0000] {processor.py:208} INFO - Processing /home/airflow/.local/lib/python3.12/site-packages/airflow/example_dags/example_branch_labels.py took 0.108 seconds
[2024-12-29T00:07:09.407+0000] {processor.py:186} INFO - Started process (PID=516) to work on /home/airflow/.local/lib/python3.12/site-packages/airflow/example_dags/example_branch_labels.py
[2024-12-29T00:07:09.409+0000] {processor.py:914} INFO - Processing file /home/airflow/.local/lib/python3.12/site-packages/airflow/example_dags/example_branch_labels.py for tasks to queue
[2024-12-29T00:07:09.414+0000] {logging_mixin.py:190} INFO - [2024-12-29T00:07:09.413+0000] {dagbag.py:588} INFO - Filling up the DagBag from /home/airflow/.local/lib/python3.12/site-packages/airflow/example_dags/example_branch_labels.py
[2024-12-29T00:07:09.427+0000] {processor.py:925} INFO - DAG(s) 'example_branch_labels' retrieved from /home/airflow/.local/lib/python3.12/site-packages/airflow/example_dags/example_branch_labels.py
[2024-12-29T00:07:09.459+0000] {logging_mixin.py:190} INFO - [2024-12-29T00:07:09.459+0000] {dag.py:3239} INFO - Sync 1 DAGs
[2024-12-29T00:07:09.495+0000] {logging_mixin.py:190} INFO - [2024-12-29T00:07:09.494+0000] {dag.py:4180} INFO - Setting next_dagrun for example_branch_labels to 2024-12-28 00:00:00+00:00, run_after=2024-12-29 00:00:00+00:00
[2024-12-29T00:07:09.528+0000] {processor.py:208} INFO - Processing /home/airflow/.local/lib/python3.12/site-packages/airflow/example_dags/example_branch_labels.py took 0.129 seconds
[2024-12-29T00:07:41.266+0000] {processor.py:186} INFO - Started process (PID=581) to work on /home/airflow/.local/lib/python3.12/site-packages/airflow/example_dags/example_branch_labels.py
[2024-12-29T00:07:41.268+0000] {processor.py:914} INFO - Processing file /home/airflow/.local/lib/python3.12/site-packages/airflow/example_dags/example_branch_labels.py for tasks to queue
[2024-12-29T00:07:41.271+0000] {logging_mixin.py:190} INFO - [2024-12-29T00:07:41.270+0000] {dagbag.py:588} INFO - Filling up the DagBag from /home/airflow/.local/lib/python3.12/site-packages/airflow/example_dags/example_branch_labels.py
[2024-12-29T00:07:41.280+0000] {processor.py:925} INFO - DAG(s) 'example_branch_labels' retrieved from /home/airflow/.local/lib/python3.12/site-packages/airflow/example_dags/example_branch_labels.py
[2024-12-29T00:07:41.306+0000] {logging_mixin.py:190} INFO - [2024-12-29T00:07:41.306+0000] {dag.py:3239} INFO - Sync 1 DAGs
[2024-12-29T00:07:41.331+0000] {logging_mixin.py:190} INFO - [2024-12-29T00:07:41.331+0000] {dag.py:4180} INFO - Setting next_dagrun for example_branch_labels to 2024-12-28 00:00:00+00:00, run_after=2024-12-29 00:00:00+00:00
[2024-12-29T00:07:41.356+0000] {processor.py:208} INFO - Processing /home/airflow/.local/lib/python3.12/site-packages/airflow/example_dags/example_branch_labels.py took 0.096 seconds
[2024-12-29T00:08:12.352+0000] {processor.py:186} INFO - Started process (PID=645) to work on /home/airflow/.local/lib/python3.12/site-packages/airflow/example_dags/example_branch_labels.py
[2024-12-29T00:08:12.354+0000] {processor.py:914} INFO - Processing file /home/airflow/.local/lib/python3.12/site-packages/airflow/example_dags/example_branch_labels.py for tasks to queue
[2024-12-29T00:08:12.358+0000] {logging_mixin.py:190} INFO - [2024-12-29T00:08:12.357+0000] {dagbag.py:588} INFO - Filling up the DagBag from /home/airflow/.local/lib/python3.12/site-packages/airflow/example_dags/example_branch_labels.py
[2024-12-29T00:08:12.370+0000] {processor.py:925} INFO - DAG(s) 'example_branch_labels' retrieved from /home/airflow/.local/lib/python3.12/site-packages/airflow/example_dags/example_branch_labels.py
[2024-12-29T00:08:12.403+0000] {logging_mixin.py:190} INFO - [2024-12-29T00:08:12.403+0000] {dag.py:3239} INFO - Sync 1 DAGs
[2024-12-29T00:08:12.436+0000] {logging_mixin.py:190} INFO - [2024-12-29T00:08:12.436+0000] {dag.py:4180} INFO - Setting next_dagrun for example_branch_labels to 2024-12-28 00:00:00+00:00, run_after=2024-12-29 00:00:00+00:00
[2024-12-29T00:08:12.465+0000] {processor.py:208} INFO - Processing /home/airflow/.local/lib/python3.12/site-packages/airflow/example_dags/example_branch_labels.py took 0.120 seconds
[2024-12-29T00:08:44.579+0000] {processor.py:186} INFO - Started process (PID=714) to work on /home/airflow/.local/lib/python3.12/site-packages/airflow/example_dags/example_branch_labels.py
[2024-12-29T00:08:44.581+0000] {processor.py:914} INFO - Processing file /home/airflow/.local/lib/python3.12/site-packages/airflow/example_dags/example_branch_labels.py for tasks to queue
[2024-12-29T00:08:44.584+0000] {logging_mixin.py:190} INFO - [2024-12-29T00:08:44.584+0000] {dagbag.py:588} INFO - Filling up the DagBag from /home/airflow/.local/lib/python3.12/site-packages/airflow/example_dags/example_branch_labels.py
[2024-12-29T00:08:44.597+0000] {processor.py:925} INFO - DAG(s) 'example_branch_labels' retrieved from /home/airflow/.local/lib/python3.12/site-packages/airflow/example_dags/example_branch_labels.py
[2024-12-29T00:08:44.629+0000] {logging_mixin.py:190} INFO - [2024-12-29T00:08:44.629+0000] {dag.py:3239} INFO - Sync 1 DAGs
[2024-12-29T00:08:44.660+0000] {logging_mixin.py:190} INFO - [2024-12-29T00:08:44.660+0000] {dag.py:4180} INFO - Setting next_dagrun for example_branch_labels to 2024-12-28 00:00:00+00:00, run_after=2024-12-29 00:00:00+00:00
[2024-12-29T00:08:44.688+0000] {processor.py:208} INFO - Processing /home/airflow/.local/lib/python3.12/site-packages/airflow/example_dags/example_branch_labels.py took 0.116 seconds
[2024-12-29T00:09:15.926+0000] {processor.py:186} INFO - Started process (PID=778) to work on /home/airflow/.local/lib/python3.12/site-packages/airflow/example_dags/example_branch_labels.py
[2024-12-29T00:09:15.927+0000] {processor.py:914} INFO - Processing file /home/airflow/.local/lib/python3.12/site-packages/airflow/example_dags/example_branch_labels.py for tasks to queue
[2024-12-29T00:09:15.930+0000] {logging_mixin.py:190} INFO - [2024-12-29T00:09:15.929+0000] {dagbag.py:588} INFO - Filling up the DagBag from /home/airflow/.local/lib/python3.12/site-packages/airflow/example_dags/example_branch_labels.py
[2024-12-29T00:09:15.940+0000] {processor.py:925} INFO - DAG(s) 'example_branch_labels' retrieved from /home/airflow/.local/lib/python3.12/site-packages/airflow/example_dags/example_branch_labels.py
[2024-12-29T00:09:15.972+0000] {logging_mixin.py:190} INFO - [2024-12-29T00:09:15.971+0000] {dag.py:3239} INFO - Sync 1 DAGs
[2024-12-29T00:09:16.009+0000] {logging_mixin.py:190} INFO - [2024-12-29T00:09:16.009+0000] {dag.py:4180} INFO - Setting next_dagrun for example_branch_labels to 2024-12-28 00:00:00+00:00, run_after=2024-12-29 00:00:00+00:00
[2024-12-29T00:09:16.040+0000] {processor.py:208} INFO - Processing /home/airflow/.local/lib/python3.12/site-packages/airflow/example_dags/example_branch_labels.py took 0.121 seconds
[2024-12-29T00:09:47.300+0000] {processor.py:186} INFO - Started process (PID=842) to work on /home/airflow/.local/lib/python3.12/site-packages/airflow/example_dags/example_branch_labels.py
[2024-12-29T00:09:47.302+0000] {processor.py:914} INFO - Processing file /home/airflow/.local/lib/python3.12/site-packages/airflow/example_dags/example_branch_labels.py for tasks to queue
[2024-12-29T00:09:47.305+0000] {logging_mixin.py:190} INFO - [2024-12-29T00:09:47.305+0000] {dagbag.py:588} INFO - Filling up the DagBag from /home/airflow/.local/lib/python3.12/site-packages/airflow/example_dags/example_branch_labels.py
[2024-12-29T00:09:47.318+0000] {processor.py:925} INFO - DAG(s) 'example_branch_labels' retrieved from /home/airflow/.local/lib/python3.12/site-packages/airflow/example_dags/example_branch_labels.py
[2024-12-29T00:09:47.348+0000] {logging_mixin.py:190} INFO - [2024-12-29T00:09:47.347+0000] {dag.py:3239} INFO - Sync 1 DAGs
[2024-12-29T00:09:47.378+0000] {logging_mixin.py:190} INFO - [2024-12-29T00:09:47.377+0000] {dag.py:4180} INFO - Setting next_dagrun for example_branch_labels to 2024-12-28 00:00:00+00:00, run_after=2024-12-29 00:00:00+00:00
[2024-12-29T00:09:47.406+0000] {processor.py:208} INFO - Processing /home/airflow/.local/lib/python3.12/site-packages/airflow/example_dags/example_branch_labels.py took 0.113 seconds
[2024-12-29T00:10:19.227+0000] {processor.py:186} INFO - Started process (PID=908) to work on /home/airflow/.local/lib/python3.12/site-packages/airflow/example_dags/example_branch_labels.py
[2024-12-29T00:10:19.228+0000] {processor.py:914} INFO - Processing file /home/airflow/.local/lib/python3.12/site-packages/airflow/example_dags/example_branch_labels.py for tasks to queue
[2024-12-29T00:10:19.231+0000] {logging_mixin.py:190} INFO - [2024-12-29T00:10:19.231+0000] {dagbag.py:588} INFO - Filling up the DagBag from /home/airflow/.local/lib/python3.12/site-packages/airflow/example_dags/example_branch_labels.py
[2024-12-29T00:10:19.246+0000] {processor.py:925} INFO - DAG(s) 'example_branch_labels' retrieved from /home/airflow/.local/lib/python3.12/site-packages/airflow/example_dags/example_branch_labels.py
[2024-12-29T00:10:19.273+0000] {logging_mixin.py:190} INFO - [2024-12-29T00:10:19.272+0000] {dag.py:3239} INFO - Sync 1 DAGs
[2024-12-29T00:10:19.303+0000] {logging_mixin.py:190} INFO - [2024-12-29T00:10:19.303+0000] {dag.py:4180} INFO - Setting next_dagrun for example_branch_labels to 2024-12-28 00:00:00+00:00, run_after=2024-12-29 00:00:00+00:00
[2024-12-29T00:10:19.333+0000] {processor.py:208} INFO - Processing /home/airflow/.local/lib/python3.12/site-packages/airflow/example_dags/example_branch_labels.py took 0.114 seconds
[2024-12-29T00:10:50.356+0000] {processor.py:186} INFO - Started process (PID=972) to work on /home/airflow/.local/lib/python3.12/site-packages/airflow/example_dags/example_branch_labels.py
[2024-12-29T00:10:50.357+0000] {processor.py:914} INFO - Processing file /home/airflow/.local/lib/python3.12/site-packages/airflow/example_dags/example_branch_labels.py for tasks to queue
[2024-12-29T00:10:50.360+0000] {logging_mixin.py:190} INFO - [2024-12-29T00:10:50.360+0000] {dagbag.py:588} INFO - Filling up the DagBag from /home/airflow/.local/lib/python3.12/site-packages/airflow/example_dags/example_branch_labels.py
[2024-12-29T00:10:50.370+0000] {processor.py:925} INFO - DAG(s) 'example_branch_labels' retrieved from /home/airflow/.local/lib/python3.12/site-packages/airflow/example_dags/example_branch_labels.py
[2024-12-29T00:10:50.401+0000] {logging_mixin.py:190} INFO - [2024-12-29T00:10:50.401+0000] {dag.py:3239} INFO - Sync 1 DAGs
[2024-12-29T00:10:50.432+0000] {logging_mixin.py:190} INFO - [2024-12-29T00:10:50.431+0000] {dag.py:4180} INFO - Setting next_dagrun for example_branch_labels to 2024-12-28 00:00:00+00:00, run_after=2024-12-29 00:00:00+00:00
[2024-12-29T00:10:50.462+0000] {processor.py:208} INFO - Processing /home/airflow/.local/lib/python3.12/site-packages/airflow/example_dags/example_branch_labels.py took 0.112 seconds
[2024-12-29T00:11:22.111+0000] {processor.py:186} INFO - Started process (PID=1037) to work on /home/airflow/.local/lib/python3.12/site-packages/airflow/example_dags/example_branch_labels.py
[2024-12-29T00:11:22.112+0000] {processor.py:914} INFO - Processing file /home/airflow/.local/lib/python3.12/site-packages/airflow/example_dags/example_branch_labels.py for tasks to queue
[2024-12-29T00:11:22.116+0000] {logging_mixin.py:190} INFO - [2024-12-29T00:11:22.115+0000] {dagbag.py:588} INFO - Filling up the DagBag from /home/airflow/.local/lib/python3.12/site-packages/airflow/example_dags/example_branch_labels.py
[2024-12-29T00:11:22.127+0000] {processor.py:925} INFO - DAG(s) 'example_branch_labels' retrieved from /home/airflow/.local/lib/python3.12/site-packages/airflow/example_dags/example_branch_labels.py
[2024-12-29T00:11:22.158+0000] {logging_mixin.py:190} INFO - [2024-12-29T00:11:22.158+0000] {dag.py:3239} INFO - Sync 1 DAGs
[2024-12-29T00:11:22.187+0000] {logging_mixin.py:190} INFO - [2024-12-29T00:11:22.187+0000] {dag.py:4180} INFO - Setting next_dagrun for example_branch_labels to 2024-12-28 00:00:00+00:00, run_after=2024-12-29 00:00:00+00:00
[2024-12-29T00:11:22.217+0000] {processor.py:208} INFO - Processing /home/airflow/.local/lib/python3.12/site-packages/airflow/example_dags/example_branch_labels.py took 0.113 seconds
[2024-12-29T00:11:54.633+0000] {processor.py:186} INFO - Started process (PID=1108) to work on /home/airflow/.local/lib/python3.12/site-packages/airflow/example_dags/example_branch_labels.py
[2024-12-29T00:11:54.635+0000] {processor.py:914} INFO - Processing file /home/airflow/.local/lib/python3.12/site-packages/airflow/example_dags/example_branch_labels.py for tasks to queue
[2024-12-29T00:11:54.638+0000] {logging_mixin.py:190} INFO - [2024-12-29T00:11:54.637+0000] {dagbag.py:588} INFO - Filling up the DagBag from /home/airflow/.local/lib/python3.12/site-packages/airflow/example_dags/example_branch_labels.py
[2024-12-29T00:11:54.650+0000] {processor.py:925} INFO - DAG(s) 'example_branch_labels' retrieved from /home/airflow/.local/lib/python3.12/site-packages/airflow/example_dags/example_branch_labels.py
[2024-12-29T00:11:54.678+0000] {logging_mixin.py:190} INFO - [2024-12-29T00:11:54.677+0000] {dag.py:3239} INFO - Sync 1 DAGs
[2024-12-29T00:11:54.709+0000] {logging_mixin.py:190} INFO - [2024-12-29T00:11:54.708+0000] {dag.py:4180} INFO - Setting next_dagrun for example_branch_labels to 2024-12-28 00:00:00+00:00, run_after=2024-12-29 00:00:00+00:00
[2024-12-29T00:11:54.736+0000] {processor.py:208} INFO - Processing /home/airflow/.local/lib/python3.12/site-packages/airflow/example_dags/example_branch_labels.py took 0.110 seconds
[2024-12-29T00:12:29.240+0000] {processor.py:186} INFO - Started process (PID=1172) to work on /home/airflow/.local/lib/python3.12/site-packages/airflow/example_dags/example_branch_labels.py
[2024-12-29T00:12:29.255+0000] {processor.py:914} INFO - Processing file /home/airflow/.local/lib/python3.12/site-packages/airflow/example_dags/example_branch_labels.py for tasks to queue
[2024-12-29T00:12:29.257+0000] {logging_mixin.py:190} INFO - [2024-12-29T00:12:29.257+0000] {dagbag.py:588} INFO - Filling up the DagBag from /home/airflow/.local/lib/python3.12/site-packages/airflow/example_dags/example_branch_labels.py
[2024-12-29T00:12:29.289+0000] {processor.py:925} INFO - DAG(s) 'example_branch_labels' retrieved from /home/airflow/.local/lib/python3.12/site-packages/airflow/example_dags/example_branch_labels.py
[2024-12-29T00:12:29.317+0000] {logging_mixin.py:190} INFO - [2024-12-29T00:12:29.317+0000] {dag.py:3239} INFO - Sync 1 DAGs
[2024-12-29T00:12:29.344+0000] {logging_mixin.py:190} INFO - [2024-12-29T00:12:29.344+0000] {dag.py:4180} INFO - Setting next_dagrun for example_branch_labels to 2024-12-28 00:00:00+00:00, run_after=2024-12-29 00:00:00+00:00
[2024-12-29T00:12:29.369+0000] {processor.py:208} INFO - Processing /home/airflow/.local/lib/python3.12/site-packages/airflow/example_dags/example_branch_labels.py took 0.135 seconds
[2024-12-29T00:13:00.002+0000] {processor.py:186} INFO - Started process (PID=1236) to work on /home/airflow/.local/lib/python3.12/site-packages/airflow/example_dags/example_branch_labels.py
[2024-12-29T00:13:00.004+0000] {processor.py:914} INFO - Processing file /home/airflow/.local/lib/python3.12/site-packages/airflow/example_dags/example_branch_labels.py for tasks to queue
[2024-12-29T00:13:00.007+0000] {logging_mixin.py:190} INFO - [2024-12-29T00:13:00.007+0000] {dagbag.py:588} INFO - Filling up the DagBag from /home/airflow/.local/lib/python3.12/site-packages/airflow/example_dags/example_branch_labels.py
[2024-12-29T00:13:00.022+0000] {processor.py:925} INFO - DAG(s) 'example_branch_labels' retrieved from /home/airflow/.local/lib/python3.12/site-packages/airflow/example_dags/example_branch_labels.py
[2024-12-29T00:13:00.056+0000] {logging_mixin.py:190} INFO - [2024-12-29T00:13:00.056+0000] {dag.py:3239} INFO - Sync 1 DAGs
[2024-12-29T00:13:00.091+0000] {logging_mixin.py:190} INFO - [2024-12-29T00:13:00.090+0000] {dag.py:4180} INFO - Setting next_dagrun for example_branch_labels to 2024-12-28 00:00:00+00:00, run_after=2024-12-29 00:00:00+00:00
[2024-12-29T00:13:00.127+0000] {processor.py:208} INFO - Processing /home/airflow/.local/lib/python3.12/site-packages/airflow/example_dags/example_branch_labels.py took 0.132 seconds
[2024-12-29T00:13:30.650+0000] {processor.py:186} INFO - Started process (PID=1301) to work on /home/airflow/.local/lib/python3.12/site-packages/airflow/example_dags/example_branch_labels.py
[2024-12-29T00:13:30.651+0000] {processor.py:914} INFO - Processing file /home/airflow/.local/lib/python3.12/site-packages/airflow/example_dags/example_branch_labels.py for tasks to queue
[2024-12-29T00:13:30.655+0000] {logging_mixin.py:190} INFO - [2024-12-29T00:13:30.654+0000] {dagbag.py:588} INFO - Filling up the DagBag from /home/airflow/.local/lib/python3.12/site-packages/airflow/example_dags/example_branch_labels.py
[2024-12-29T00:13:30.668+0000] {processor.py:925} INFO - DAG(s) 'example_branch_labels' retrieved from /home/airflow/.local/lib/python3.12/site-packages/airflow/example_dags/example_branch_labels.py
[2024-12-29T00:13:30.701+0000] {logging_mixin.py:190} INFO - [2024-12-29T00:13:30.700+0000] {dag.py:3239} INFO - Sync 1 DAGs
[2024-12-29T00:13:30.739+0000] {logging_mixin.py:190} INFO - [2024-12-29T00:13:30.739+0000] {dag.py:4180} INFO - Setting next_dagrun for example_branch_labels to 2024-12-28 00:00:00+00:00, run_after=2024-12-29 00:00:00+00:00
[2024-12-29T00:13:30.770+0000] {processor.py:208} INFO - Processing /home/airflow/.local/lib/python3.12/site-packages/airflow/example_dags/example_branch_labels.py took 0.128 seconds
[2024-12-29T00:14:01.000+0000] {processor.py:186} INFO - Started process (PID=1366) to work on /home/airflow/.local/lib/python3.12/site-packages/airflow/example_dags/example_branch_labels.py
[2024-12-29T00:14:01.003+0000] {processor.py:914} INFO - Processing file /home/airflow/.local/lib/python3.12/site-packages/airflow/example_dags/example_branch_labels.py for tasks to queue
[2024-12-29T00:14:01.007+0000] {logging_mixin.py:190} INFO - [2024-12-29T00:14:01.007+0000] {dagbag.py:588} INFO - Filling up the DagBag from /home/airflow/.local/lib/python3.12/site-packages/airflow/example_dags/example_branch_labels.py
[2024-12-29T00:14:01.022+0000] {processor.py:925} INFO - DAG(s) 'example_branch_labels' retrieved from /home/airflow/.local/lib/python3.12/site-packages/airflow/example_dags/example_branch_labels.py
[2024-12-29T00:14:01.059+0000] {logging_mixin.py:190} INFO - [2024-12-29T00:14:01.059+0000] {dag.py:3239} INFO - Sync 1 DAGs
[2024-12-29T00:14:01.106+0000] {logging_mixin.py:190} INFO - [2024-12-29T00:14:01.105+0000] {dag.py:4180} INFO - Setting next_dagrun for example_branch_labels to 2024-12-28 00:00:00+00:00, run_after=2024-12-29 00:00:00+00:00
[2024-12-29T00:14:01.144+0000] {processor.py:208} INFO - Processing /home/airflow/.local/lib/python3.12/site-packages/airflow/example_dags/example_branch_labels.py took 0.151 seconds
[2024-12-29T00:14:32.573+0000] {processor.py:186} INFO - Started process (PID=1431) to work on /home/airflow/.local/lib/python3.12/site-packages/airflow/example_dags/example_branch_labels.py
[2024-12-29T00:14:32.574+0000] {processor.py:914} INFO - Processing file /home/airflow/.local/lib/python3.12/site-packages/airflow/example_dags/example_branch_labels.py for tasks to queue
[2024-12-29T00:14:32.578+0000] {logging_mixin.py:190} INFO - [2024-12-29T00:14:32.577+0000] {dagbag.py:588} INFO - Filling up the DagBag from /home/airflow/.local/lib/python3.12/site-packages/airflow/example_dags/example_branch_labels.py
[2024-12-29T00:14:32.590+0000] {processor.py:925} INFO - DAG(s) 'example_branch_labels' retrieved from /home/airflow/.local/lib/python3.12/site-packages/airflow/example_dags/example_branch_labels.py
[2024-12-29T00:14:32.625+0000] {logging_mixin.py:190} INFO - [2024-12-29T00:14:32.624+0000] {dag.py:3239} INFO - Sync 1 DAGs
[2024-12-29T00:14:32.659+0000] {logging_mixin.py:190} INFO - [2024-12-29T00:14:32.658+0000] {dag.py:4180} INFO - Setting next_dagrun for example_branch_labels to 2024-12-28 00:00:00+00:00, run_after=2024-12-29 00:00:00+00:00
[2024-12-29T00:14:32.689+0000] {processor.py:208} INFO - Processing /home/airflow/.local/lib/python3.12/site-packages/airflow/example_dags/example_branch_labels.py took 0.125 seconds
[2024-12-29T00:15:04.369+0000] {processor.py:186} INFO - Started process (PID=1502) to work on /home/airflow/.local/lib/python3.12/site-packages/airflow/example_dags/example_branch_labels.py
[2024-12-29T00:15:04.464+0000] {processor.py:914} INFO - Processing file /home/airflow/.local/lib/python3.12/site-packages/airflow/example_dags/example_branch_labels.py for tasks to queue
[2024-12-29T00:15:04.467+0000] {logging_mixin.py:190} INFO - [2024-12-29T00:15:04.467+0000] {dagbag.py:588} INFO - Filling up the DagBag from /home/airflow/.local/lib/python3.12/site-packages/airflow/example_dags/example_branch_labels.py
[2024-12-29T00:15:04.481+0000] {processor.py:925} INFO - DAG(s) 'example_branch_labels' retrieved from /home/airflow/.local/lib/python3.12/site-packages/airflow/example_dags/example_branch_labels.py
[2024-12-29T00:15:04.514+0000] {logging_mixin.py:190} INFO - [2024-12-29T00:15:04.514+0000] {dag.py:3239} INFO - Sync 1 DAGs
[2024-12-29T00:15:04.554+0000] {logging_mixin.py:190} INFO - [2024-12-29T00:15:04.554+0000] {dag.py:4180} INFO - Setting next_dagrun for example_branch_labels to 2024-12-28 00:00:00+00:00, run_after=2024-12-29 00:00:00+00:00
[2024-12-29T00:15:04.942+0000] {processor.py:208} INFO - Processing /home/airflow/.local/lib/python3.12/site-packages/airflow/example_dags/example_branch_labels.py took 0.581 seconds
[2024-12-29T00:15:35.663+0000] {processor.py:186} INFO - Started process (PID=1567) to work on /home/airflow/.local/lib/python3.12/site-packages/airflow/example_dags/example_branch_labels.py
[2024-12-29T00:15:35.665+0000] {processor.py:914} INFO - Processing file /home/airflow/.local/lib/python3.12/site-packages/airflow/example_dags/example_branch_labels.py for tasks to queue
[2024-12-29T00:15:35.667+0000] {logging_mixin.py:190} INFO - [2024-12-29T00:15:35.667+0000] {dagbag.py:588} INFO - Filling up the DagBag from /home/airflow/.local/lib/python3.12/site-packages/airflow/example_dags/example_branch_labels.py
[2024-12-29T00:15:35.683+0000] {processor.py:925} INFO - DAG(s) 'example_branch_labels' retrieved from /home/airflow/.local/lib/python3.12/site-packages/airflow/example_dags/example_branch_labels.py
[2024-12-29T00:15:35.716+0000] {logging_mixin.py:190} INFO - [2024-12-29T00:15:35.716+0000] {dag.py:3239} INFO - Sync 1 DAGs
[2024-12-29T00:15:35.760+0000] {logging_mixin.py:190} INFO - [2024-12-29T00:15:35.759+0000] {dag.py:4180} INFO - Setting next_dagrun for example_branch_labels to 2024-12-28 00:00:00+00:00, run_after=2024-12-29 00:00:00+00:00
[2024-12-29T00:15:35.798+0000] {processor.py:208} INFO - Processing /home/airflow/.local/lib/python3.12/site-packages/airflow/example_dags/example_branch_labels.py took 0.144 seconds
[2024-12-29T00:16:06.734+0000] {processor.py:186} INFO - Started process (PID=1632) to work on /home/airflow/.local/lib/python3.12/site-packages/airflow/example_dags/example_branch_labels.py
[2024-12-29T00:16:06.736+0000] {processor.py:914} INFO - Processing file /home/airflow/.local/lib/python3.12/site-packages/airflow/example_dags/example_branch_labels.py for tasks to queue
[2024-12-29T00:16:06.739+0000] {logging_mixin.py:190} INFO - [2024-12-29T00:16:06.738+0000] {dagbag.py:588} INFO - Filling up the DagBag from /home/airflow/.local/lib/python3.12/site-packages/airflow/example_dags/example_branch_labels.py
[2024-12-29T00:16:06.751+0000] {processor.py:925} INFO - DAG(s) 'example_branch_labels' retrieved from /home/airflow/.local/lib/python3.12/site-packages/airflow/example_dags/example_branch_labels.py
[2024-12-29T00:16:06.780+0000] {logging_mixin.py:190} INFO - [2024-12-29T00:16:06.780+0000] {dag.py:3239} INFO - Sync 1 DAGs
[2024-12-29T00:16:06.810+0000] {logging_mixin.py:190} INFO - [2024-12-29T00:16:06.810+0000] {dag.py:4180} INFO - Setting next_dagrun for example_branch_labels to 2024-12-28 00:00:00+00:00, run_after=2024-12-29 00:00:00+00:00
[2024-12-29T00:16:06.839+0000] {processor.py:208} INFO - Processing /home/airflow/.local/lib/python3.12/site-packages/airflow/example_dags/example_branch_labels.py took 0.110 seconds
[2024-12-29T00:16:38.220+0000] {processor.py:186} INFO - Started process (PID=1700) to work on /home/airflow/.local/lib/python3.12/site-packages/airflow/example_dags/example_branch_labels.py
[2024-12-29T00:16:38.222+0000] {processor.py:914} INFO - Processing file /home/airflow/.local/lib/python3.12/site-packages/airflow/example_dags/example_branch_labels.py for tasks to queue
[2024-12-29T00:16:38.225+0000] {logging_mixin.py:190} INFO - [2024-12-29T00:16:38.224+0000] {dagbag.py:588} INFO - Filling up the DagBag from /home/airflow/.local/lib/python3.12/site-packages/airflow/example_dags/example_branch_labels.py
[2024-12-29T00:16:38.241+0000] {processor.py:925} INFO - DAG(s) 'example_branch_labels' retrieved from /home/airflow/.local/lib/python3.12/site-packages/airflow/example_dags/example_branch_labels.py
[2024-12-29T00:16:38.278+0000] {logging_mixin.py:190} INFO - [2024-12-29T00:16:38.278+0000] {dag.py:3239} INFO - Sync 1 DAGs
[2024-12-29T00:16:38.315+0000] {logging_mixin.py:190} INFO - [2024-12-29T00:16:38.314+0000] {dag.py:4180} INFO - Setting next_dagrun for example_branch_labels to 2024-12-28 00:00:00+00:00, run_after=2024-12-29 00:00:00+00:00
[2024-12-29T00:16:38.350+0000] {processor.py:208} INFO - Processing /home/airflow/.local/lib/python3.12/site-packages/airflow/example_dags/example_branch_labels.py took 0.138 seconds
[2024-12-29T00:20:01.723+0000] {processor.py:186} INFO - Started process (PID=131) to work on /home/airflow/.local/lib/python3.12/site-packages/airflow/example_dags/example_branch_labels.py
[2024-12-29T00:20:01.725+0000] {processor.py:914} INFO - Processing file /home/airflow/.local/lib/python3.12/site-packages/airflow/example_dags/example_branch_labels.py for tasks to queue
[2024-12-29T00:20:01.728+0000] {logging_mixin.py:190} INFO - [2024-12-29T00:20:01.728+0000] {dagbag.py:588} INFO - Filling up the DagBag from /home/airflow/.local/lib/python3.12/site-packages/airflow/example_dags/example_branch_labels.py
[2024-12-29T00:20:01.744+0000] {processor.py:925} INFO - DAG(s) 'example_branch_labels' retrieved from /home/airflow/.local/lib/python3.12/site-packages/airflow/example_dags/example_branch_labels.py
[2024-12-29T00:20:01.781+0000] {logging_mixin.py:190} INFO - [2024-12-29T00:20:01.780+0000] {dag.py:3239} INFO - Sync 1 DAGs
[2024-12-29T00:20:01.827+0000] {logging_mixin.py:190} INFO - [2024-12-29T00:20:01.826+0000] {dag.py:4180} INFO - Setting next_dagrun for example_branch_labels to 2024-12-28 00:00:00+00:00, run_after=2024-12-29 00:00:00+00:00
[2024-12-29T00:20:01.861+0000] {processor.py:208} INFO - Processing /home/airflow/.local/lib/python3.12/site-packages/airflow/example_dags/example_branch_labels.py took 0.146 seconds
[2024-12-29T00:20:33.537+0000] {processor.py:186} INFO - Started process (PID=195) to work on /home/airflow/.local/lib/python3.12/site-packages/airflow/example_dags/example_branch_labels.py
[2024-12-29T00:20:33.539+0000] {processor.py:914} INFO - Processing file /home/airflow/.local/lib/python3.12/site-packages/airflow/example_dags/example_branch_labels.py for tasks to queue
[2024-12-29T00:20:33.542+0000] {logging_mixin.py:190} INFO - [2024-12-29T00:20:33.541+0000] {dagbag.py:588} INFO - Filling up the DagBag from /home/airflow/.local/lib/python3.12/site-packages/airflow/example_dags/example_branch_labels.py
[2024-12-29T00:20:33.553+0000] {processor.py:925} INFO - DAG(s) 'example_branch_labels' retrieved from /home/airflow/.local/lib/python3.12/site-packages/airflow/example_dags/example_branch_labels.py
[2024-12-29T00:20:33.577+0000] {logging_mixin.py:190} INFO - [2024-12-29T00:20:33.577+0000] {dag.py:3239} INFO - Sync 1 DAGs
[2024-12-29T00:20:33.605+0000] {logging_mixin.py:190} INFO - [2024-12-29T00:20:33.605+0000] {dag.py:4180} INFO - Setting next_dagrun for example_branch_labels to 2024-12-28 00:00:00+00:00, run_after=2024-12-29 00:00:00+00:00
[2024-12-29T00:20:33.629+0000] {processor.py:208} INFO - Processing /home/airflow/.local/lib/python3.12/site-packages/airflow/example_dags/example_branch_labels.py took 0.099 seconds
[2024-12-29T00:21:05.937+0000] {processor.py:186} INFO - Started process (PID=261) to work on /home/airflow/.local/lib/python3.12/site-packages/airflow/example_dags/example_branch_labels.py
[2024-12-29T00:21:05.938+0000] {processor.py:914} INFO - Processing file /home/airflow/.local/lib/python3.12/site-packages/airflow/example_dags/example_branch_labels.py for tasks to queue
[2024-12-29T00:21:05.942+0000] {logging_mixin.py:190} INFO - [2024-12-29T00:21:05.941+0000] {dagbag.py:588} INFO - Filling up the DagBag from /home/airflow/.local/lib/python3.12/site-packages/airflow/example_dags/example_branch_labels.py
[2024-12-29T00:21:05.952+0000] {processor.py:925} INFO - DAG(s) 'example_branch_labels' retrieved from /home/airflow/.local/lib/python3.12/site-packages/airflow/example_dags/example_branch_labels.py
[2024-12-29T00:21:05.977+0000] {logging_mixin.py:190} INFO - [2024-12-29T00:21:05.977+0000] {dag.py:3239} INFO - Sync 1 DAGs
[2024-12-29T00:21:06.005+0000] {logging_mixin.py:190} INFO - [2024-12-29T00:21:06.005+0000] {dag.py:4180} INFO - Setting next_dagrun for example_branch_labels to 2024-12-28 00:00:00+00:00, run_after=2024-12-29 00:00:00+00:00
[2024-12-29T00:21:06.028+0000] {processor.py:208} INFO - Processing /home/airflow/.local/lib/python3.12/site-packages/airflow/example_dags/example_branch_labels.py took 0.096 seconds
[2024-12-29T00:21:37.286+0000] {processor.py:186} INFO - Started process (PID=325) to work on /home/airflow/.local/lib/python3.12/site-packages/airflow/example_dags/example_branch_labels.py
[2024-12-29T00:21:37.287+0000] {processor.py:914} INFO - Processing file /home/airflow/.local/lib/python3.12/site-packages/airflow/example_dags/example_branch_labels.py for tasks to queue
[2024-12-29T00:21:37.291+0000] {logging_mixin.py:190} INFO - [2024-12-29T00:21:37.291+0000] {dagbag.py:588} INFO - Filling up the DagBag from /home/airflow/.local/lib/python3.12/site-packages/airflow/example_dags/example_branch_labels.py
[2024-12-29T00:21:37.301+0000] {processor.py:925} INFO - DAG(s) 'example_branch_labels' retrieved from /home/airflow/.local/lib/python3.12/site-packages/airflow/example_dags/example_branch_labels.py
[2024-12-29T00:21:37.328+0000] {logging_mixin.py:190} INFO - [2024-12-29T00:21:37.328+0000] {dag.py:3239} INFO - Sync 1 DAGs
[2024-12-29T00:21:37.354+0000] {logging_mixin.py:190} INFO - [2024-12-29T00:21:37.354+0000] {dag.py:4180} INFO - Setting next_dagrun for example_branch_labels to 2024-12-28 00:00:00+00:00, run_after=2024-12-29 00:00:00+00:00
[2024-12-29T00:21:37.378+0000] {processor.py:208} INFO - Processing /home/airflow/.local/lib/python3.12/site-packages/airflow/example_dags/example_branch_labels.py took 0.098 seconds
[2024-12-29T00:22:09.197+0000] {processor.py:186} INFO - Started process (PID=396) to work on /home/airflow/.local/lib/python3.12/site-packages/airflow/example_dags/example_branch_labels.py
[2024-12-29T00:22:09.198+0000] {processor.py:914} INFO - Processing file /home/airflow/.local/lib/python3.12/site-packages/airflow/example_dags/example_branch_labels.py for tasks to queue
[2024-12-29T00:22:09.202+0000] {logging_mixin.py:190} INFO - [2024-12-29T00:22:09.201+0000] {dagbag.py:588} INFO - Filling up the DagBag from /home/airflow/.local/lib/python3.12/site-packages/airflow/example_dags/example_branch_labels.py
[2024-12-29T00:22:09.213+0000] {processor.py:925} INFO - DAG(s) 'example_branch_labels' retrieved from /home/airflow/.local/lib/python3.12/site-packages/airflow/example_dags/example_branch_labels.py
[2024-12-29T00:22:09.244+0000] {logging_mixin.py:190} INFO - [2024-12-29T00:22:09.243+0000] {dag.py:3239} INFO - Sync 1 DAGs
[2024-12-29T00:22:09.291+0000] {logging_mixin.py:190} INFO - [2024-12-29T00:22:09.290+0000] {dag.py:4180} INFO - Setting next_dagrun for example_branch_labels to 2024-12-28 00:00:00+00:00, run_after=2024-12-29 00:00:00+00:00
[2024-12-29T00:22:09.322+0000] {processor.py:208} INFO - Processing /home/airflow/.local/lib/python3.12/site-packages/airflow/example_dags/example_branch_labels.py took 0.132 seconds
[2024-12-29T00:22:39.968+0000] {processor.py:186} INFO - Started process (PID=461) to work on /home/airflow/.local/lib/python3.12/site-packages/airflow/example_dags/example_branch_labels.py
[2024-12-29T00:22:39.971+0000] {processor.py:914} INFO - Processing file /home/airflow/.local/lib/python3.12/site-packages/airflow/example_dags/example_branch_labels.py for tasks to queue
[2024-12-29T00:22:39.974+0000] {logging_mixin.py:190} INFO - [2024-12-29T00:22:39.974+0000] {dagbag.py:588} INFO - Filling up the DagBag from /home/airflow/.local/lib/python3.12/site-packages/airflow/example_dags/example_branch_labels.py
[2024-12-29T00:22:39.987+0000] {processor.py:925} INFO - DAG(s) 'example_branch_labels' retrieved from /home/airflow/.local/lib/python3.12/site-packages/airflow/example_dags/example_branch_labels.py
[2024-12-29T00:22:40.020+0000] {logging_mixin.py:190} INFO - [2024-12-29T00:22:40.020+0000] {dag.py:3239} INFO - Sync 1 DAGs
[2024-12-29T00:22:40.054+0000] {logging_mixin.py:190} INFO - [2024-12-29T00:22:40.053+0000] {dag.py:4180} INFO - Setting next_dagrun for example_branch_labels to 2024-12-28 00:00:00+00:00, run_after=2024-12-29 00:00:00+00:00
[2024-12-29T00:22:40.083+0000] {processor.py:208} INFO - Processing /home/airflow/.local/lib/python3.12/site-packages/airflow/example_dags/example_branch_labels.py took 0.123 seconds
[2024-12-29T00:23:12.866+0000] {processor.py:186} INFO - Started process (PID=527) to work on /home/airflow/.local/lib/python3.12/site-packages/airflow/example_dags/example_branch_labels.py
[2024-12-29T00:23:12.868+0000] {processor.py:914} INFO - Processing file /home/airflow/.local/lib/python3.12/site-packages/airflow/example_dags/example_branch_labels.py for tasks to queue
[2024-12-29T00:23:12.871+0000] {logging_mixin.py:190} INFO - [2024-12-29T00:23:12.871+0000] {dagbag.py:588} INFO - Filling up the DagBag from /home/airflow/.local/lib/python3.12/site-packages/airflow/example_dags/example_branch_labels.py
[2024-12-29T00:23:12.885+0000] {processor.py:925} INFO - DAG(s) 'example_branch_labels' retrieved from /home/airflow/.local/lib/python3.12/site-packages/airflow/example_dags/example_branch_labels.py
[2024-12-29T00:23:12.919+0000] {logging_mixin.py:190} INFO - [2024-12-29T00:23:12.919+0000] {dag.py:3239} INFO - Sync 1 DAGs
[2024-12-29T00:23:12.958+0000] {logging_mixin.py:190} INFO - [2024-12-29T00:23:12.957+0000] {dag.py:4180} INFO - Setting next_dagrun for example_branch_labels to 2024-12-28 00:00:00+00:00, run_after=2024-12-29 00:00:00+00:00
[2024-12-29T00:23:12.993+0000] {processor.py:208} INFO - Processing /home/airflow/.local/lib/python3.12/site-packages/airflow/example_dags/example_branch_labels.py took 0.134 seconds
[2024-12-29T00:23:44.341+0000] {processor.py:186} INFO - Started process (PID=592) to work on /home/airflow/.local/lib/python3.12/site-packages/airflow/example_dags/example_branch_labels.py
[2024-12-29T00:23:44.343+0000] {processor.py:914} INFO - Processing file /home/airflow/.local/lib/python3.12/site-packages/airflow/example_dags/example_branch_labels.py for tasks to queue
[2024-12-29T00:23:44.346+0000] {logging_mixin.py:190} INFO - [2024-12-29T00:23:44.346+0000] {dagbag.py:588} INFO - Filling up the DagBag from /home/airflow/.local/lib/python3.12/site-packages/airflow/example_dags/example_branch_labels.py
[2024-12-29T00:23:44.360+0000] {processor.py:925} INFO - DAG(s) 'example_branch_labels' retrieved from /home/airflow/.local/lib/python3.12/site-packages/airflow/example_dags/example_branch_labels.py
[2024-12-29T00:23:44.391+0000] {logging_mixin.py:190} INFO - [2024-12-29T00:23:44.391+0000] {dag.py:3239} INFO - Sync 1 DAGs
[2024-12-29T00:23:44.427+0000] {logging_mixin.py:190} INFO - [2024-12-29T00:23:44.427+0000] {dag.py:4180} INFO - Setting next_dagrun for example_branch_labels to 2024-12-28 00:00:00+00:00, run_after=2024-12-29 00:00:00+00:00
[2024-12-29T00:23:44.458+0000] {processor.py:208} INFO - Processing /home/airflow/.local/lib/python3.12/site-packages/airflow/example_dags/example_branch_labels.py took 0.123 seconds
[2024-12-29T00:24:15.249+0000] {processor.py:186} INFO - Started process (PID=657) to work on /home/airflow/.local/lib/python3.12/site-packages/airflow/example_dags/example_branch_labels.py
[2024-12-29T00:24:15.250+0000] {processor.py:914} INFO - Processing file /home/airflow/.local/lib/python3.12/site-packages/airflow/example_dags/example_branch_labels.py for tasks to queue
[2024-12-29T00:24:15.253+0000] {logging_mixin.py:190} INFO - [2024-12-29T00:24:15.252+0000] {dagbag.py:588} INFO - Filling up the DagBag from /home/airflow/.local/lib/python3.12/site-packages/airflow/example_dags/example_branch_labels.py
[2024-12-29T00:24:15.262+0000] {processor.py:925} INFO - DAG(s) 'example_branch_labels' retrieved from /home/airflow/.local/lib/python3.12/site-packages/airflow/example_dags/example_branch_labels.py
[2024-12-29T00:24:15.288+0000] {logging_mixin.py:190} INFO - [2024-12-29T00:24:15.288+0000] {dag.py:3239} INFO - Sync 1 DAGs
[2024-12-29T00:24:15.316+0000] {logging_mixin.py:190} INFO - [2024-12-29T00:24:15.316+0000] {dag.py:4180} INFO - Setting next_dagrun for example_branch_labels to 2024-12-28 00:00:00+00:00, run_after=2024-12-29 00:00:00+00:00
[2024-12-29T00:24:15.342+0000] {processor.py:208} INFO - Processing /home/airflow/.local/lib/python3.12/site-packages/airflow/example_dags/example_branch_labels.py took 0.099 seconds
[2024-12-29T00:24:46.587+0000] {processor.py:186} INFO - Started process (PID=722) to work on /home/airflow/.local/lib/python3.12/site-packages/airflow/example_dags/example_branch_labels.py
[2024-12-29T00:24:46.589+0000] {processor.py:914} INFO - Processing file /home/airflow/.local/lib/python3.12/site-packages/airflow/example_dags/example_branch_labels.py for tasks to queue
[2024-12-29T00:24:46.592+0000] {logging_mixin.py:190} INFO - [2024-12-29T00:24:46.592+0000] {dagbag.py:588} INFO - Filling up the DagBag from /home/airflow/.local/lib/python3.12/site-packages/airflow/example_dags/example_branch_labels.py
[2024-12-29T00:24:46.603+0000] {processor.py:925} INFO - DAG(s) 'example_branch_labels' retrieved from /home/airflow/.local/lib/python3.12/site-packages/airflow/example_dags/example_branch_labels.py
[2024-12-29T00:24:46.631+0000] {logging_mixin.py:190} INFO - [2024-12-29T00:24:46.630+0000] {dag.py:3239} INFO - Sync 1 DAGs
[2024-12-29T00:24:46.662+0000] {logging_mixin.py:190} INFO - [2024-12-29T00:24:46.662+0000] {dag.py:4180} INFO - Setting next_dagrun for example_branch_labels to 2024-12-28 00:00:00+00:00, run_after=2024-12-29 00:00:00+00:00
[2024-12-29T00:24:46.691+0000] {processor.py:208} INFO - Processing /home/airflow/.local/lib/python3.12/site-packages/airflow/example_dags/example_branch_labels.py took 0.110 seconds
[2024-12-29T00:25:17.683+0000] {processor.py:186} INFO - Started process (PID=787) to work on /home/airflow/.local/lib/python3.12/site-packages/airflow/example_dags/example_branch_labels.py
[2024-12-29T00:25:17.685+0000] {processor.py:914} INFO - Processing file /home/airflow/.local/lib/python3.12/site-packages/airflow/example_dags/example_branch_labels.py for tasks to queue
[2024-12-29T00:25:17.688+0000] {logging_mixin.py:190} INFO - [2024-12-29T00:25:17.688+0000] {dagbag.py:588} INFO - Filling up the DagBag from /home/airflow/.local/lib/python3.12/site-packages/airflow/example_dags/example_branch_labels.py
[2024-12-29T00:25:17.697+0000] {processor.py:925} INFO - DAG(s) 'example_branch_labels' retrieved from /home/airflow/.local/lib/python3.12/site-packages/airflow/example_dags/example_branch_labels.py
[2024-12-29T00:25:17.725+0000] {logging_mixin.py:190} INFO - [2024-12-29T00:25:17.725+0000] {dag.py:3239} INFO - Sync 1 DAGs
[2024-12-29T00:25:17.753+0000] {logging_mixin.py:190} INFO - [2024-12-29T00:25:17.753+0000] {dag.py:4180} INFO - Setting next_dagrun for example_branch_labels to 2024-12-28 00:00:00+00:00, run_after=2024-12-29 00:00:00+00:00
[2024-12-29T00:25:17.780+0000] {processor.py:208} INFO - Processing /home/airflow/.local/lib/python3.12/site-packages/airflow/example_dags/example_branch_labels.py took 0.103 seconds
[2024-12-29T00:25:49.247+0000] {processor.py:186} INFO - Started process (PID=852) to work on /home/airflow/.local/lib/python3.12/site-packages/airflow/example_dags/example_branch_labels.py
[2024-12-29T00:25:49.248+0000] {processor.py:914} INFO - Processing file /home/airflow/.local/lib/python3.12/site-packages/airflow/example_dags/example_branch_labels.py for tasks to queue
[2024-12-29T00:25:49.251+0000] {logging_mixin.py:190} INFO - [2024-12-29T00:25:49.251+0000] {dagbag.py:588} INFO - Filling up the DagBag from /home/airflow/.local/lib/python3.12/site-packages/airflow/example_dags/example_branch_labels.py
[2024-12-29T00:25:49.261+0000] {processor.py:925} INFO - DAG(s) 'example_branch_labels' retrieved from /home/airflow/.local/lib/python3.12/site-packages/airflow/example_dags/example_branch_labels.py
[2024-12-29T00:25:49.288+0000] {logging_mixin.py:190} INFO - [2024-12-29T00:25:49.288+0000] {dag.py:3239} INFO - Sync 1 DAGs
[2024-12-29T00:25:49.321+0000] {logging_mixin.py:190} INFO - [2024-12-29T00:25:49.321+0000] {dag.py:4180} INFO - Setting next_dagrun for example_branch_labels to 2024-12-28 00:00:00+00:00, run_after=2024-12-29 00:00:00+00:00
[2024-12-29T00:25:49.350+0000] {processor.py:208} INFO - Processing /home/airflow/.local/lib/python3.12/site-packages/airflow/example_dags/example_branch_labels.py took 0.109 seconds
[2024-12-29T00:26:20.141+0000] {processor.py:186} INFO - Started process (PID=917) to work on /home/airflow/.local/lib/python3.12/site-packages/airflow/example_dags/example_branch_labels.py
[2024-12-29T00:26:20.142+0000] {processor.py:914} INFO - Processing file /home/airflow/.local/lib/python3.12/site-packages/airflow/example_dags/example_branch_labels.py for tasks to queue
[2024-12-29T00:26:20.145+0000] {logging_mixin.py:190} INFO - [2024-12-29T00:26:20.145+0000] {dagbag.py:588} INFO - Filling up the DagBag from /home/airflow/.local/lib/python3.12/site-packages/airflow/example_dags/example_branch_labels.py
[2024-12-29T00:26:20.156+0000] {processor.py:925} INFO - DAG(s) 'example_branch_labels' retrieved from /home/airflow/.local/lib/python3.12/site-packages/airflow/example_dags/example_branch_labels.py
[2024-12-29T00:26:20.183+0000] {logging_mixin.py:190} INFO - [2024-12-29T00:26:20.183+0000] {dag.py:3239} INFO - Sync 1 DAGs
[2024-12-29T00:26:20.211+0000] {logging_mixin.py:190} INFO - [2024-12-29T00:26:20.210+0000] {dag.py:4180} INFO - Setting next_dagrun for example_branch_labels to 2024-12-28 00:00:00+00:00, run_after=2024-12-29 00:00:00+00:00
[2024-12-29T00:26:20.235+0000] {processor.py:208} INFO - Processing /home/airflow/.local/lib/python3.12/site-packages/airflow/example_dags/example_branch_labels.py took 0.100 seconds
[2024-12-29T00:26:51.772+0000] {processor.py:186} INFO - Started process (PID=982) to work on /home/airflow/.local/lib/python3.12/site-packages/airflow/example_dags/example_branch_labels.py
[2024-12-29T00:26:51.774+0000] {processor.py:914} INFO - Processing file /home/airflow/.local/lib/python3.12/site-packages/airflow/example_dags/example_branch_labels.py for tasks to queue
[2024-12-29T00:26:51.781+0000] {logging_mixin.py:190} INFO - [2024-12-29T00:26:51.777+0000] {dagbag.py:588} INFO - Filling up the DagBag from /home/airflow/.local/lib/python3.12/site-packages/airflow/example_dags/example_branch_labels.py
[2024-12-29T00:26:51.801+0000] {processor.py:925} INFO - DAG(s) 'example_branch_labels' retrieved from /home/airflow/.local/lib/python3.12/site-packages/airflow/example_dags/example_branch_labels.py
[2024-12-29T00:26:51.835+0000] {logging_mixin.py:190} INFO - [2024-12-29T00:26:51.835+0000] {dag.py:3239} INFO - Sync 1 DAGs
[2024-12-29T00:26:51.871+0000] {logging_mixin.py:190} INFO - [2024-12-29T00:26:51.871+0000] {dag.py:4180} INFO - Setting next_dagrun for example_branch_labels to 2024-12-28 00:00:00+00:00, run_after=2024-12-29 00:00:00+00:00
[2024-12-29T00:26:51.900+0000] {processor.py:208} INFO - Processing /home/airflow/.local/lib/python3.12/site-packages/airflow/example_dags/example_branch_labels.py took 0.135 seconds
[2024-12-29T00:27:23.630+0000] {processor.py:186} INFO - Started process (PID=1047) to work on /home/airflow/.local/lib/python3.12/site-packages/airflow/example_dags/example_branch_labels.py
[2024-12-29T00:27:23.632+0000] {processor.py:914} INFO - Processing file /home/airflow/.local/lib/python3.12/site-packages/airflow/example_dags/example_branch_labels.py for tasks to queue
[2024-12-29T00:27:23.636+0000] {logging_mixin.py:190} INFO - [2024-12-29T00:27:23.635+0000] {dagbag.py:588} INFO - Filling up the DagBag from /home/airflow/.local/lib/python3.12/site-packages/airflow/example_dags/example_branch_labels.py
[2024-12-29T00:27:23.649+0000] {processor.py:925} INFO - DAG(s) 'example_branch_labels' retrieved from /home/airflow/.local/lib/python3.12/site-packages/airflow/example_dags/example_branch_labels.py
[2024-12-29T00:27:23.680+0000] {logging_mixin.py:190} INFO - [2024-12-29T00:27:23.680+0000] {dag.py:3239} INFO - Sync 1 DAGs
[2024-12-29T00:27:23.713+0000] {logging_mixin.py:190} INFO - [2024-12-29T00:27:23.712+0000] {dag.py:4180} INFO - Setting next_dagrun for example_branch_labels to 2024-12-28 00:00:00+00:00, run_after=2024-12-29 00:00:00+00:00
[2024-12-29T00:27:23.740+0000] {processor.py:208} INFO - Processing /home/airflow/.local/lib/python3.12/site-packages/airflow/example_dags/example_branch_labels.py took 0.117 seconds
[2024-12-29T00:27:54.211+0000] {processor.py:186} INFO - Started process (PID=1112) to work on /home/airflow/.local/lib/python3.12/site-packages/airflow/example_dags/example_branch_labels.py
[2024-12-29T00:27:54.212+0000] {processor.py:914} INFO - Processing file /home/airflow/.local/lib/python3.12/site-packages/airflow/example_dags/example_branch_labels.py for tasks to queue
[2024-12-29T00:27:54.216+0000] {logging_mixin.py:190} INFO - [2024-12-29T00:27:54.215+0000] {dagbag.py:588} INFO - Filling up the DagBag from /home/airflow/.local/lib/python3.12/site-packages/airflow/example_dags/example_branch_labels.py
[2024-12-29T00:27:54.227+0000] {processor.py:925} INFO - DAG(s) 'example_branch_labels' retrieved from /home/airflow/.local/lib/python3.12/site-packages/airflow/example_dags/example_branch_labels.py
[2024-12-29T00:27:54.257+0000] {logging_mixin.py:190} INFO - [2024-12-29T00:27:54.257+0000] {dag.py:3239} INFO - Sync 1 DAGs
[2024-12-29T00:27:54.288+0000] {logging_mixin.py:190} INFO - [2024-12-29T00:27:54.288+0000] {dag.py:4180} INFO - Setting next_dagrun for example_branch_labels to 2024-12-28 00:00:00+00:00, run_after=2024-12-29 00:00:00+00:00
[2024-12-29T00:27:54.316+0000] {processor.py:208} INFO - Processing /home/airflow/.local/lib/python3.12/site-packages/airflow/example_dags/example_branch_labels.py took 0.112 seconds
[2024-12-29T00:28:25.040+0000] {processor.py:186} INFO - Started process (PID=1178) to work on /home/airflow/.local/lib/python3.12/site-packages/airflow/example_dags/example_branch_labels.py
[2024-12-29T00:28:25.042+0000] {processor.py:914} INFO - Processing file /home/airflow/.local/lib/python3.12/site-packages/airflow/example_dags/example_branch_labels.py for tasks to queue
[2024-12-29T00:28:25.044+0000] {logging_mixin.py:190} INFO - [2024-12-29T00:28:25.044+0000] {dagbag.py:588} INFO - Filling up the DagBag from /home/airflow/.local/lib/python3.12/site-packages/airflow/example_dags/example_branch_labels.py
[2024-12-29T00:28:25.054+0000] {processor.py:925} INFO - DAG(s) 'example_branch_labels' retrieved from /home/airflow/.local/lib/python3.12/site-packages/airflow/example_dags/example_branch_labels.py
[2024-12-29T00:28:25.084+0000] {logging_mixin.py:190} INFO - [2024-12-29T00:28:25.084+0000] {dag.py:3239} INFO - Sync 1 DAGs
[2024-12-29T00:28:25.117+0000] {logging_mixin.py:190} INFO - [2024-12-29T00:28:25.117+0000] {dag.py:4180} INFO - Setting next_dagrun for example_branch_labels to 2024-12-28 00:00:00+00:00, run_after=2024-12-29 00:00:00+00:00
[2024-12-29T00:28:25.148+0000] {processor.py:208} INFO - Processing /home/airflow/.local/lib/python3.12/site-packages/airflow/example_dags/example_branch_labels.py took 0.113 seconds
[2024-12-29T00:28:56.379+0000] {processor.py:186} INFO - Started process (PID=1243) to work on /home/airflow/.local/lib/python3.12/site-packages/airflow/example_dags/example_branch_labels.py
[2024-12-29T00:28:56.381+0000] {processor.py:914} INFO - Processing file /home/airflow/.local/lib/python3.12/site-packages/airflow/example_dags/example_branch_labels.py for tasks to queue
[2024-12-29T00:28:56.385+0000] {logging_mixin.py:190} INFO - [2024-12-29T00:28:56.384+0000] {dagbag.py:588} INFO - Filling up the DagBag from /home/airflow/.local/lib/python3.12/site-packages/airflow/example_dags/example_branch_labels.py
[2024-12-29T00:28:56.396+0000] {processor.py:925} INFO - DAG(s) 'example_branch_labels' retrieved from /home/airflow/.local/lib/python3.12/site-packages/airflow/example_dags/example_branch_labels.py
[2024-12-29T00:28:56.428+0000] {logging_mixin.py:190} INFO - [2024-12-29T00:28:56.427+0000] {dag.py:3239} INFO - Sync 1 DAGs
[2024-12-29T00:28:56.460+0000] {logging_mixin.py:190} INFO - [2024-12-29T00:28:56.460+0000] {dag.py:4180} INFO - Setting next_dagrun for example_branch_labels to 2024-12-28 00:00:00+00:00, run_after=2024-12-29 00:00:00+00:00
[2024-12-29T00:28:56.490+0000] {processor.py:208} INFO - Processing /home/airflow/.local/lib/python3.12/site-packages/airflow/example_dags/example_branch_labels.py took 0.118 seconds
[2024-12-29T00:29:28.110+0000] {processor.py:186} INFO - Started process (PID=1308) to work on /home/airflow/.local/lib/python3.12/site-packages/airflow/example_dags/example_branch_labels.py
[2024-12-29T00:29:28.112+0000] {processor.py:914} INFO - Processing file /home/airflow/.local/lib/python3.12/site-packages/airflow/example_dags/example_branch_labels.py for tasks to queue
[2024-12-29T00:29:28.115+0000] {logging_mixin.py:190} INFO - [2024-12-29T00:29:28.115+0000] {dagbag.py:588} INFO - Filling up the DagBag from /home/airflow/.local/lib/python3.12/site-packages/airflow/example_dags/example_branch_labels.py
[2024-12-29T00:29:28.125+0000] {processor.py:925} INFO - DAG(s) 'example_branch_labels' retrieved from /home/airflow/.local/lib/python3.12/site-packages/airflow/example_dags/example_branch_labels.py
[2024-12-29T00:29:28.152+0000] {logging_mixin.py:190} INFO - [2024-12-29T00:29:28.151+0000] {dag.py:3239} INFO - Sync 1 DAGs
[2024-12-29T00:29:28.181+0000] {logging_mixin.py:190} INFO - [2024-12-29T00:29:28.180+0000] {dag.py:4180} INFO - Setting next_dagrun for example_branch_labels to 2024-12-28 00:00:00+00:00, run_after=2024-12-29 00:00:00+00:00
[2024-12-29T00:29:28.205+0000] {processor.py:208} INFO - Processing /home/airflow/.local/lib/python3.12/site-packages/airflow/example_dags/example_branch_labels.py took 0.101 seconds
[2024-12-29T00:29:58.784+0000] {processor.py:186} INFO - Started process (PID=1373) to work on /home/airflow/.local/lib/python3.12/site-packages/airflow/example_dags/example_branch_labels.py
[2024-12-29T00:29:58.786+0000] {processor.py:914} INFO - Processing file /home/airflow/.local/lib/python3.12/site-packages/airflow/example_dags/example_branch_labels.py for tasks to queue
[2024-12-29T00:29:58.789+0000] {logging_mixin.py:190} INFO - [2024-12-29T00:29:58.788+0000] {dagbag.py:588} INFO - Filling up the DagBag from /home/airflow/.local/lib/python3.12/site-packages/airflow/example_dags/example_branch_labels.py
[2024-12-29T00:29:58.798+0000] {processor.py:925} INFO - DAG(s) 'example_branch_labels' retrieved from /home/airflow/.local/lib/python3.12/site-packages/airflow/example_dags/example_branch_labels.py
[2024-12-29T00:29:58.825+0000] {logging_mixin.py:190} INFO - [2024-12-29T00:29:58.824+0000] {dag.py:3239} INFO - Sync 1 DAGs
[2024-12-29T00:29:58.851+0000] {logging_mixin.py:190} INFO - [2024-12-29T00:29:58.851+0000] {dag.py:4180} INFO - Setting next_dagrun for example_branch_labels to 2024-12-28 00:00:00+00:00, run_after=2024-12-29 00:00:00+00:00
[2024-12-29T00:29:58.875+0000] {processor.py:208} INFO - Processing /home/airflow/.local/lib/python3.12/site-packages/airflow/example_dags/example_branch_labels.py took 0.096 seconds
[2024-12-29T00:30:29.710+0000] {processor.py:186} INFO - Started process (PID=1439) to work on /home/airflow/.local/lib/python3.12/site-packages/airflow/example_dags/example_branch_labels.py
[2024-12-29T00:30:29.711+0000] {processor.py:914} INFO - Processing file /home/airflow/.local/lib/python3.12/site-packages/airflow/example_dags/example_branch_labels.py for tasks to queue
[2024-12-29T00:30:29.714+0000] {logging_mixin.py:190} INFO - [2024-12-29T00:30:29.714+0000] {dagbag.py:588} INFO - Filling up the DagBag from /home/airflow/.local/lib/python3.12/site-packages/airflow/example_dags/example_branch_labels.py
[2024-12-29T00:30:29.723+0000] {processor.py:925} INFO - DAG(s) 'example_branch_labels' retrieved from /home/airflow/.local/lib/python3.12/site-packages/airflow/example_dags/example_branch_labels.py
[2024-12-29T00:30:29.748+0000] {logging_mixin.py:190} INFO - [2024-12-29T00:30:29.748+0000] {dag.py:3239} INFO - Sync 1 DAGs
[2024-12-29T00:30:29.775+0000] {logging_mixin.py:190} INFO - [2024-12-29T00:30:29.774+0000] {dag.py:4180} INFO - Setting next_dagrun for example_branch_labels to 2024-12-28 00:00:00+00:00, run_after=2024-12-29 00:00:00+00:00
[2024-12-29T00:30:29.799+0000] {processor.py:208} INFO - Processing /home/airflow/.local/lib/python3.12/site-packages/airflow/example_dags/example_branch_labels.py took 0.094 seconds
[2024-12-29T00:31:01.818+0000] {processor.py:186} INFO - Started process (PID=1505) to work on /home/airflow/.local/lib/python3.12/site-packages/airflow/example_dags/example_branch_labels.py
[2024-12-29T00:31:01.819+0000] {processor.py:914} INFO - Processing file /home/airflow/.local/lib/python3.12/site-packages/airflow/example_dags/example_branch_labels.py for tasks to queue
[2024-12-29T00:31:01.823+0000] {logging_mixin.py:190} INFO - [2024-12-29T00:31:01.823+0000] {dagbag.py:588} INFO - Filling up the DagBag from /home/airflow/.local/lib/python3.12/site-packages/airflow/example_dags/example_branch_labels.py
[2024-12-29T00:31:01.837+0000] {processor.py:925} INFO - DAG(s) 'example_branch_labels' retrieved from /home/airflow/.local/lib/python3.12/site-packages/airflow/example_dags/example_branch_labels.py
[2024-12-29T00:31:01.875+0000] {logging_mixin.py:190} INFO - [2024-12-29T00:31:01.875+0000] {dag.py:3239} INFO - Sync 1 DAGs
[2024-12-29T00:31:01.921+0000] {logging_mixin.py:190} INFO - [2024-12-29T00:31:01.921+0000] {dag.py:4180} INFO - Setting next_dagrun for example_branch_labels to 2024-12-28 00:00:00+00:00, run_after=2024-12-29 00:00:00+00:00
[2024-12-29T00:31:01.955+0000] {processor.py:208} INFO - Processing /home/airflow/.local/lib/python3.12/site-packages/airflow/example_dags/example_branch_labels.py took 0.151 seconds
[2024-12-29T00:31:32.970+0000] {processor.py:186} INFO - Started process (PID=1573) to work on /home/airflow/.local/lib/python3.12/site-packages/airflow/example_dags/example_branch_labels.py
[2024-12-29T00:31:32.971+0000] {processor.py:914} INFO - Processing file /home/airflow/.local/lib/python3.12/site-packages/airflow/example_dags/example_branch_labels.py for tasks to queue
[2024-12-29T00:31:32.974+0000] {logging_mixin.py:190} INFO - [2024-12-29T00:31:32.973+0000] {dagbag.py:588} INFO - Filling up the DagBag from /home/airflow/.local/lib/python3.12/site-packages/airflow/example_dags/example_branch_labels.py
[2024-12-29T00:31:32.983+0000] {processor.py:925} INFO - DAG(s) 'example_branch_labels' retrieved from /home/airflow/.local/lib/python3.12/site-packages/airflow/example_dags/example_branch_labels.py
[2024-12-29T00:31:33.010+0000] {logging_mixin.py:190} INFO - [2024-12-29T00:31:33.010+0000] {dag.py:3239} INFO - Sync 1 DAGs
[2024-12-29T00:31:33.038+0000] {logging_mixin.py:190} INFO - [2024-12-29T00:31:33.038+0000] {dag.py:4180} INFO - Setting next_dagrun for example_branch_labels to 2024-12-28 00:00:00+00:00, run_after=2024-12-29 00:00:00+00:00
[2024-12-29T00:31:33.063+0000] {processor.py:208} INFO - Processing /home/airflow/.local/lib/python3.12/site-packages/airflow/example_dags/example_branch_labels.py took 0.099 seconds
[2024-12-29T00:32:04.234+0000] {processor.py:186} INFO - Started process (PID=1642) to work on /home/airflow/.local/lib/python3.12/site-packages/airflow/example_dags/example_branch_labels.py
[2024-12-29T00:32:04.235+0000] {processor.py:914} INFO - Processing file /home/airflow/.local/lib/python3.12/site-packages/airflow/example_dags/example_branch_labels.py for tasks to queue
[2024-12-29T00:32:04.238+0000] {logging_mixin.py:190} INFO - [2024-12-29T00:32:04.238+0000] {dagbag.py:588} INFO - Filling up the DagBag from /home/airflow/.local/lib/python3.12/site-packages/airflow/example_dags/example_branch_labels.py
[2024-12-29T00:32:04.247+0000] {processor.py:925} INFO - DAG(s) 'example_branch_labels' retrieved from /home/airflow/.local/lib/python3.12/site-packages/airflow/example_dags/example_branch_labels.py
[2024-12-29T00:32:04.274+0000] {logging_mixin.py:190} INFO - [2024-12-29T00:32:04.274+0000] {dag.py:3239} INFO - Sync 1 DAGs
[2024-12-29T00:32:04.306+0000] {logging_mixin.py:190} INFO - [2024-12-29T00:32:04.306+0000] {dag.py:4180} INFO - Setting next_dagrun for example_branch_labels to 2024-12-28 00:00:00+00:00, run_after=2024-12-29 00:00:00+00:00
[2024-12-29T00:32:04.333+0000] {processor.py:208} INFO - Processing /home/airflow/.local/lib/python3.12/site-packages/airflow/example_dags/example_branch_labels.py took 0.105 seconds
[2024-12-29T00:32:36.359+0000] {processor.py:186} INFO - Started process (PID=1710) to work on /home/airflow/.local/lib/python3.12/site-packages/airflow/example_dags/example_branch_labels.py
[2024-12-29T00:32:36.361+0000] {processor.py:914} INFO - Processing file /home/airflow/.local/lib/python3.12/site-packages/airflow/example_dags/example_branch_labels.py for tasks to queue
[2024-12-29T00:32:36.364+0000] {logging_mixin.py:190} INFO - [2024-12-29T00:32:36.364+0000] {dagbag.py:588} INFO - Filling up the DagBag from /home/airflow/.local/lib/python3.12/site-packages/airflow/example_dags/example_branch_labels.py
[2024-12-29T00:32:36.374+0000] {processor.py:925} INFO - DAG(s) 'example_branch_labels' retrieved from /home/airflow/.local/lib/python3.12/site-packages/airflow/example_dags/example_branch_labels.py
[2024-12-29T00:32:36.398+0000] {logging_mixin.py:190} INFO - [2024-12-29T00:32:36.398+0000] {dag.py:3239} INFO - Sync 1 DAGs
[2024-12-29T00:32:36.424+0000] {logging_mixin.py:190} INFO - [2024-12-29T00:32:36.424+0000] {dag.py:4180} INFO - Setting next_dagrun for example_branch_labels to 2024-12-28 00:00:00+00:00, run_after=2024-12-29 00:00:00+00:00
[2024-12-29T00:32:36.447+0000] {processor.py:208} INFO - Processing /home/airflow/.local/lib/python3.12/site-packages/airflow/example_dags/example_branch_labels.py took 0.093 seconds
[2024-12-29T00:33:07.548+0000] {processor.py:186} INFO - Started process (PID=1775) to work on /home/airflow/.local/lib/python3.12/site-packages/airflow/example_dags/example_branch_labels.py
[2024-12-29T00:33:07.549+0000] {processor.py:914} INFO - Processing file /home/airflow/.local/lib/python3.12/site-packages/airflow/example_dags/example_branch_labels.py for tasks to queue
[2024-12-29T00:33:07.552+0000] {logging_mixin.py:190} INFO - [2024-12-29T00:33:07.551+0000] {dagbag.py:588} INFO - Filling up the DagBag from /home/airflow/.local/lib/python3.12/site-packages/airflow/example_dags/example_branch_labels.py
[2024-12-29T00:33:07.563+0000] {processor.py:925} INFO - DAG(s) 'example_branch_labels' retrieved from /home/airflow/.local/lib/python3.12/site-packages/airflow/example_dags/example_branch_labels.py
[2024-12-29T00:33:07.591+0000] {logging_mixin.py:190} INFO - [2024-12-29T00:33:07.591+0000] {dag.py:3239} INFO - Sync 1 DAGs
[2024-12-29T00:33:07.622+0000] {logging_mixin.py:190} INFO - [2024-12-29T00:33:07.621+0000] {dag.py:4180} INFO - Setting next_dagrun for example_branch_labels to 2024-12-28 00:00:00+00:00, run_after=2024-12-29 00:00:00+00:00
[2024-12-29T00:33:07.648+0000] {processor.py:208} INFO - Processing /home/airflow/.local/lib/python3.12/site-packages/airflow/example_dags/example_branch_labels.py took 0.107 seconds
[2024-12-29T00:33:39.520+0000] {processor.py:186} INFO - Started process (PID=1840) to work on /home/airflow/.local/lib/python3.12/site-packages/airflow/example_dags/example_branch_labels.py
[2024-12-29T00:33:39.522+0000] {processor.py:914} INFO - Processing file /home/airflow/.local/lib/python3.12/site-packages/airflow/example_dags/example_branch_labels.py for tasks to queue
[2024-12-29T00:33:39.526+0000] {logging_mixin.py:190} INFO - [2024-12-29T00:33:39.525+0000] {dagbag.py:588} INFO - Filling up the DagBag from /home/airflow/.local/lib/python3.12/site-packages/airflow/example_dags/example_branch_labels.py
[2024-12-29T00:33:39.538+0000] {processor.py:925} INFO - DAG(s) 'example_branch_labels' retrieved from /home/airflow/.local/lib/python3.12/site-packages/airflow/example_dags/example_branch_labels.py
[2024-12-29T00:33:39.570+0000] {logging_mixin.py:190} INFO - [2024-12-29T00:33:39.570+0000] {dag.py:3239} INFO - Sync 1 DAGs
[2024-12-29T00:33:39.606+0000] {logging_mixin.py:190} INFO - [2024-12-29T00:33:39.605+0000] {dag.py:4180} INFO - Setting next_dagrun for example_branch_labels to 2024-12-28 00:00:00+00:00, run_after=2024-12-29 00:00:00+00:00
[2024-12-29T00:33:39.638+0000] {processor.py:208} INFO - Processing /home/airflow/.local/lib/python3.12/site-packages/airflow/example_dags/example_branch_labels.py took 0.125 seconds
[2024-12-29T00:34:10.575+0000] {processor.py:186} INFO - Started process (PID=1911) to work on /home/airflow/.local/lib/python3.12/site-packages/airflow/example_dags/example_branch_labels.py
[2024-12-29T00:34:10.576+0000] {processor.py:914} INFO - Processing file /home/airflow/.local/lib/python3.12/site-packages/airflow/example_dags/example_branch_labels.py for tasks to queue
[2024-12-29T00:34:10.581+0000] {logging_mixin.py:190} INFO - [2024-12-29T00:34:10.580+0000] {dagbag.py:588} INFO - Filling up the DagBag from /home/airflow/.local/lib/python3.12/site-packages/airflow/example_dags/example_branch_labels.py
[2024-12-29T00:34:10.593+0000] {processor.py:925} INFO - DAG(s) 'example_branch_labels' retrieved from /home/airflow/.local/lib/python3.12/site-packages/airflow/example_dags/example_branch_labels.py
[2024-12-29T00:34:10.624+0000] {logging_mixin.py:190} INFO - [2024-12-29T00:34:10.624+0000] {dag.py:3239} INFO - Sync 1 DAGs
[2024-12-29T00:34:10.659+0000] {logging_mixin.py:190} INFO - [2024-12-29T00:34:10.658+0000] {dag.py:4180} INFO - Setting next_dagrun for example_branch_labels to 2024-12-28 00:00:00+00:00, run_after=2024-12-29 00:00:00+00:00
[2024-12-29T00:34:10.691+0000] {processor.py:208} INFO - Processing /home/airflow/.local/lib/python3.12/site-packages/airflow/example_dags/example_branch_labels.py took 0.124 seconds
[2024-12-29T00:34:42.274+0000] {processor.py:186} INFO - Started process (PID=1976) to work on /home/airflow/.local/lib/python3.12/site-packages/airflow/example_dags/example_branch_labels.py
[2024-12-29T00:34:42.275+0000] {processor.py:914} INFO - Processing file /home/airflow/.local/lib/python3.12/site-packages/airflow/example_dags/example_branch_labels.py for tasks to queue
[2024-12-29T00:34:42.279+0000] {logging_mixin.py:190} INFO - [2024-12-29T00:34:42.278+0000] {dagbag.py:588} INFO - Filling up the DagBag from /home/airflow/.local/lib/python3.12/site-packages/airflow/example_dags/example_branch_labels.py
[2024-12-29T00:34:42.292+0000] {processor.py:925} INFO - DAG(s) 'example_branch_labels' retrieved from /home/airflow/.local/lib/python3.12/site-packages/airflow/example_dags/example_branch_labels.py
[2024-12-29T00:34:42.324+0000] {logging_mixin.py:190} INFO - [2024-12-29T00:34:42.323+0000] {dag.py:3239} INFO - Sync 1 DAGs
[2024-12-29T00:34:42.359+0000] {logging_mixin.py:190} INFO - [2024-12-29T00:34:42.359+0000] {dag.py:4180} INFO - Setting next_dagrun for example_branch_labels to 2024-12-28 00:00:00+00:00, run_after=2024-12-29 00:00:00+00:00
[2024-12-29T00:34:42.390+0000] {processor.py:208} INFO - Processing /home/airflow/.local/lib/python3.12/site-packages/airflow/example_dags/example_branch_labels.py took 0.125 seconds
[2024-12-29T00:35:13.225+0000] {processor.py:186} INFO - Started process (PID=2041) to work on /home/airflow/.local/lib/python3.12/site-packages/airflow/example_dags/example_branch_labels.py
[2024-12-29T00:35:13.227+0000] {processor.py:914} INFO - Processing file /home/airflow/.local/lib/python3.12/site-packages/airflow/example_dags/example_branch_labels.py for tasks to queue
[2024-12-29T00:35:13.230+0000] {logging_mixin.py:190} INFO - [2024-12-29T00:35:13.230+0000] {dagbag.py:588} INFO - Filling up the DagBag from /home/airflow/.local/lib/python3.12/site-packages/airflow/example_dags/example_branch_labels.py
[2024-12-29T00:35:13.241+0000] {processor.py:925} INFO - DAG(s) 'example_branch_labels' retrieved from /home/airflow/.local/lib/python3.12/site-packages/airflow/example_dags/example_branch_labels.py
[2024-12-29T00:35:13.268+0000] {logging_mixin.py:190} INFO - [2024-12-29T00:35:13.267+0000] {dag.py:3239} INFO - Sync 1 DAGs
[2024-12-29T00:35:13.301+0000] {logging_mixin.py:190} INFO - [2024-12-29T00:35:13.300+0000] {dag.py:4180} INFO - Setting next_dagrun for example_branch_labels to 2024-12-28 00:00:00+00:00, run_after=2024-12-29 00:00:00+00:00
[2024-12-29T00:35:13.330+0000] {processor.py:208} INFO - Processing /home/airflow/.local/lib/python3.12/site-packages/airflow/example_dags/example_branch_labels.py took 0.112 seconds
[2024-12-29T00:35:43.771+0000] {processor.py:186} INFO - Started process (PID=2106) to work on /home/airflow/.local/lib/python3.12/site-packages/airflow/example_dags/example_branch_labels.py
[2024-12-29T00:35:43.773+0000] {processor.py:914} INFO - Processing file /home/airflow/.local/lib/python3.12/site-packages/airflow/example_dags/example_branch_labels.py for tasks to queue
[2024-12-29T00:35:43.777+0000] {logging_mixin.py:190} INFO - [2024-12-29T00:35:43.776+0000] {dagbag.py:588} INFO - Filling up the DagBag from /home/airflow/.local/lib/python3.12/site-packages/airflow/example_dags/example_branch_labels.py
[2024-12-29T00:35:43.789+0000] {processor.py:925} INFO - DAG(s) 'example_branch_labels' retrieved from /home/airflow/.local/lib/python3.12/site-packages/airflow/example_dags/example_branch_labels.py
[2024-12-29T00:35:43.818+0000] {logging_mixin.py:190} INFO - [2024-12-29T00:35:43.818+0000] {dag.py:3239} INFO - Sync 1 DAGs
[2024-12-29T00:35:43.847+0000] {logging_mixin.py:190} INFO - [2024-12-29T00:35:43.847+0000] {dag.py:4180} INFO - Setting next_dagrun for example_branch_labels to 2024-12-28 00:00:00+00:00, run_after=2024-12-29 00:00:00+00:00
[2024-12-29T00:35:43.879+0000] {processor.py:208} INFO - Processing /home/airflow/.local/lib/python3.12/site-packages/airflow/example_dags/example_branch_labels.py took 0.115 seconds
[2024-12-29T00:36:14.824+0000] {processor.py:186} INFO - Started process (PID=2171) to work on /home/airflow/.local/lib/python3.12/site-packages/airflow/example_dags/example_branch_labels.py
[2024-12-29T00:36:14.825+0000] {processor.py:914} INFO - Processing file /home/airflow/.local/lib/python3.12/site-packages/airflow/example_dags/example_branch_labels.py for tasks to queue
[2024-12-29T00:36:14.829+0000] {logging_mixin.py:190} INFO - [2024-12-29T00:36:14.828+0000] {dagbag.py:588} INFO - Filling up the DagBag from /home/airflow/.local/lib/python3.12/site-packages/airflow/example_dags/example_branch_labels.py
[2024-12-29T00:36:14.839+0000] {processor.py:925} INFO - DAG(s) 'example_branch_labels' retrieved from /home/airflow/.local/lib/python3.12/site-packages/airflow/example_dags/example_branch_labels.py
[2024-12-29T00:36:14.867+0000] {logging_mixin.py:190} INFO - [2024-12-29T00:36:14.867+0000] {dag.py:3239} INFO - Sync 1 DAGs
[2024-12-29T00:36:14.893+0000] {logging_mixin.py:190} INFO - [2024-12-29T00:36:14.893+0000] {dag.py:4180} INFO - Setting next_dagrun for example_branch_labels to 2024-12-28 00:00:00+00:00, run_after=2024-12-29 00:00:00+00:00
[2024-12-29T00:36:14.920+0000] {processor.py:208} INFO - Processing /home/airflow/.local/lib/python3.12/site-packages/airflow/example_dags/example_branch_labels.py took 0.102 seconds
[2024-12-29T00:36:46.526+0000] {processor.py:186} INFO - Started process (PID=2237) to work on /home/airflow/.local/lib/python3.12/site-packages/airflow/example_dags/example_branch_labels.py
[2024-12-29T00:36:46.527+0000] {processor.py:914} INFO - Processing file /home/airflow/.local/lib/python3.12/site-packages/airflow/example_dags/example_branch_labels.py for tasks to queue
[2024-12-29T00:36:46.530+0000] {logging_mixin.py:190} INFO - [2024-12-29T00:36:46.530+0000] {dagbag.py:588} INFO - Filling up the DagBag from /home/airflow/.local/lib/python3.12/site-packages/airflow/example_dags/example_branch_labels.py
[2024-12-29T00:36:46.541+0000] {processor.py:925} INFO - DAG(s) 'example_branch_labels' retrieved from /home/airflow/.local/lib/python3.12/site-packages/airflow/example_dags/example_branch_labels.py
[2024-12-29T00:36:46.568+0000] {logging_mixin.py:190} INFO - [2024-12-29T00:36:46.567+0000] {dag.py:3239} INFO - Sync 1 DAGs
[2024-12-29T00:36:46.595+0000] {logging_mixin.py:190} INFO - [2024-12-29T00:36:46.595+0000] {dag.py:4180} INFO - Setting next_dagrun for example_branch_labels to 2024-12-28 00:00:00+00:00, run_after=2024-12-29 00:00:00+00:00
[2024-12-29T00:36:46.621+0000] {processor.py:208} INFO - Processing /home/airflow/.local/lib/python3.12/site-packages/airflow/example_dags/example_branch_labels.py took 0.101 seconds
[2024-12-29T00:37:17.127+0000] {processor.py:186} INFO - Started process (PID=2302) to work on /home/airflow/.local/lib/python3.12/site-packages/airflow/example_dags/example_branch_labels.py
[2024-12-29T00:37:17.129+0000] {processor.py:914} INFO - Processing file /home/airflow/.local/lib/python3.12/site-packages/airflow/example_dags/example_branch_labels.py for tasks to queue
[2024-12-29T00:37:17.132+0000] {logging_mixin.py:190} INFO - [2024-12-29T00:37:17.131+0000] {dagbag.py:588} INFO - Filling up the DagBag from /home/airflow/.local/lib/python3.12/site-packages/airflow/example_dags/example_branch_labels.py
[2024-12-29T00:37:17.140+0000] {processor.py:925} INFO - DAG(s) 'example_branch_labels' retrieved from /home/airflow/.local/lib/python3.12/site-packages/airflow/example_dags/example_branch_labels.py
[2024-12-29T00:37:17.168+0000] {logging_mixin.py:190} INFO - [2024-12-29T00:37:17.168+0000] {dag.py:3239} INFO - Sync 1 DAGs
[2024-12-29T00:37:17.197+0000] {logging_mixin.py:190} INFO - [2024-12-29T00:37:17.197+0000] {dag.py:4180} INFO - Setting next_dagrun for example_branch_labels to 2024-12-28 00:00:00+00:00, run_after=2024-12-29 00:00:00+00:00
[2024-12-29T00:37:17.219+0000] {processor.py:208} INFO - Processing /home/airflow/.local/lib/python3.12/site-packages/airflow/example_dags/example_branch_labels.py took 0.097 seconds
[2024-12-29T00:37:48.714+0000] {processor.py:186} INFO - Started process (PID=2367) to work on /home/airflow/.local/lib/python3.12/site-packages/airflow/example_dags/example_branch_labels.py
[2024-12-29T00:37:48.716+0000] {processor.py:914} INFO - Processing file /home/airflow/.local/lib/python3.12/site-packages/airflow/example_dags/example_branch_labels.py for tasks to queue
[2024-12-29T00:37:48.719+0000] {logging_mixin.py:190} INFO - [2024-12-29T00:37:48.719+0000] {dagbag.py:588} INFO - Filling up the DagBag from /home/airflow/.local/lib/python3.12/site-packages/airflow/example_dags/example_branch_labels.py
[2024-12-29T00:37:48.734+0000] {processor.py:925} INFO - DAG(s) 'example_branch_labels' retrieved from /home/airflow/.local/lib/python3.12/site-packages/airflow/example_dags/example_branch_labels.py
[2024-12-29T00:37:48.768+0000] {logging_mixin.py:190} INFO - [2024-12-29T00:37:48.768+0000] {dag.py:3239} INFO - Sync 1 DAGs
[2024-12-29T00:37:48.805+0000] {logging_mixin.py:190} INFO - [2024-12-29T00:37:48.805+0000] {dag.py:4180} INFO - Setting next_dagrun for example_branch_labels to 2024-12-28 00:00:00+00:00, run_after=2024-12-29 00:00:00+00:00
[2024-12-29T00:37:48.839+0000] {processor.py:208} INFO - Processing /home/airflow/.local/lib/python3.12/site-packages/airflow/example_dags/example_branch_labels.py took 0.132 seconds
[2024-12-29T00:38:20.038+0000] {processor.py:186} INFO - Started process (PID=2432) to work on /home/airflow/.local/lib/python3.12/site-packages/airflow/example_dags/example_branch_labels.py
[2024-12-29T00:38:20.040+0000] {processor.py:914} INFO - Processing file /home/airflow/.local/lib/python3.12/site-packages/airflow/example_dags/example_branch_labels.py for tasks to queue
[2024-12-29T00:38:20.044+0000] {logging_mixin.py:190} INFO - [2024-12-29T00:38:20.044+0000] {dagbag.py:588} INFO - Filling up the DagBag from /home/airflow/.local/lib/python3.12/site-packages/airflow/example_dags/example_branch_labels.py
[2024-12-29T00:38:20.055+0000] {processor.py:925} INFO - DAG(s) 'example_branch_labels' retrieved from /home/airflow/.local/lib/python3.12/site-packages/airflow/example_dags/example_branch_labels.py
[2024-12-29T00:38:20.087+0000] {logging_mixin.py:190} INFO - [2024-12-29T00:38:20.087+0000] {dag.py:3239} INFO - Sync 1 DAGs
[2024-12-29T00:38:20.122+0000] {logging_mixin.py:190} INFO - [2024-12-29T00:38:20.121+0000] {dag.py:4180} INFO - Setting next_dagrun for example_branch_labels to 2024-12-28 00:00:00+00:00, run_after=2024-12-29 00:00:00+00:00
[2024-12-29T00:38:20.150+0000] {processor.py:208} INFO - Processing /home/airflow/.local/lib/python3.12/site-packages/airflow/example_dags/example_branch_labels.py took 0.119 seconds
