[2024-12-29T00:04:00.141+0000] {processor.py:186} INFO - Started process (PID=128) to work on /home/airflow/.local/lib/python3.12/site-packages/airflow/example_dags/example_latest_only.py
[2024-12-29T00:04:00.142+0000] {processor.py:914} INFO - Processing file /home/airflow/.local/lib/python3.12/site-packages/airflow/example_dags/example_latest_only.py for tasks to queue
[2024-12-29T00:04:00.146+0000] {logging_mixin.py:190} INFO - [2024-12-29T00:04:00.145+0000] {dagbag.py:588} INFO - Filling up the DagBag from /home/airflow/.local/lib/python3.12/site-packages/airflow/example_dags/example_latest_only.py
[2024-12-29T00:04:00.157+0000] {processor.py:925} INFO - DAG(s) 'latest_only' retrieved from /home/airflow/.local/lib/python3.12/site-packages/airflow/example_dags/example_latest_only.py
[2024-12-29T00:04:00.328+0000] {logging_mixin.py:190} INFO - [2024-12-29T00:04:00.327+0000] {override.py:1911} INFO - Created Permission View: can read on DAG:latest_only
[2024-12-29T00:04:00.349+0000] {logging_mixin.py:190} INFO - [2024-12-29T00:04:00.348+0000] {override.py:1911} INFO - Created Permission View: can edit on DAG:latest_only
[2024-12-29T00:04:00.362+0000] {logging_mixin.py:190} INFO - [2024-12-29T00:04:00.362+0000] {override.py:1911} INFO - Created Permission View: can delete on DAG:latest_only
[2024-12-29T00:04:00.379+0000] {logging_mixin.py:190} INFO - [2024-12-29T00:04:00.379+0000] {override.py:1911} INFO - Created Permission View: can create on DAG Run:latest_only
[2024-12-29T00:04:00.393+0000] {logging_mixin.py:190} INFO - [2024-12-29T00:04:00.392+0000] {override.py:1911} INFO - Created Permission View: can read on DAG Run:latest_only
[2024-12-29T00:04:00.408+0000] {logging_mixin.py:190} INFO - [2024-12-29T00:04:00.407+0000] {override.py:1911} INFO - Created Permission View: can delete on DAG Run:latest_only
[2024-12-29T00:04:00.424+0000] {logging_mixin.py:190} INFO - [2024-12-29T00:04:00.423+0000] {override.py:1911} INFO - Created Permission View: menu access on DAG Run:latest_only
[2024-12-29T00:04:00.425+0000] {logging_mixin.py:190} INFO - [2024-12-29T00:04:00.425+0000] {dag.py:3239} INFO - Sync 1 DAGs
[2024-12-29T00:04:00.451+0000] {logging_mixin.py:190} INFO - [2024-12-29T00:04:00.451+0000] {dag.py:3262} INFO - Creating ORM DAG for latest_only
[2024-12-29T00:04:00.470+0000] {logging_mixin.py:190} INFO - [2024-12-29T00:04:00.469+0000] {dag.py:4180} INFO - Setting next_dagrun for latest_only to 2024-12-28 20:00:00+00:00, run_after=2024-12-29 00:00:00+00:00
[2024-12-29T00:04:00.504+0000] {processor.py:208} INFO - Processing /home/airflow/.local/lib/python3.12/site-packages/airflow/example_dags/example_latest_only.py took 0.371 seconds
[2024-12-29T00:04:31.127+0000] {processor.py:186} INFO - Started process (PID=192) to work on /home/airflow/.local/lib/python3.12/site-packages/airflow/example_dags/example_latest_only.py
[2024-12-29T00:04:31.129+0000] {processor.py:914} INFO - Processing file /home/airflow/.local/lib/python3.12/site-packages/airflow/example_dags/example_latest_only.py for tasks to queue
[2024-12-29T00:04:31.133+0000] {logging_mixin.py:190} INFO - [2024-12-29T00:04:31.132+0000] {dagbag.py:588} INFO - Filling up the DagBag from /home/airflow/.local/lib/python3.12/site-packages/airflow/example_dags/example_latest_only.py
[2024-12-29T00:04:31.142+0000] {processor.py:925} INFO - DAG(s) 'latest_only' retrieved from /home/airflow/.local/lib/python3.12/site-packages/airflow/example_dags/example_latest_only.py
[2024-12-29T00:04:31.172+0000] {logging_mixin.py:190} INFO - [2024-12-29T00:04:31.171+0000] {dag.py:3239} INFO - Sync 1 DAGs
[2024-12-29T00:04:31.204+0000] {logging_mixin.py:190} INFO - [2024-12-29T00:04:31.204+0000] {dag.py:4180} INFO - Setting next_dagrun for latest_only to 2024-12-28 20:00:00+00:00, run_after=2024-12-29 00:00:00+00:00
[2024-12-29T00:04:31.235+0000] {processor.py:208} INFO - Processing /home/airflow/.local/lib/python3.12/site-packages/airflow/example_dags/example_latest_only.py took 0.115 seconds
[2024-12-29T00:05:03.212+0000] {processor.py:186} INFO - Started process (PID=256) to work on /home/airflow/.local/lib/python3.12/site-packages/airflow/example_dags/example_latest_only.py
[2024-12-29T00:05:03.213+0000] {processor.py:914} INFO - Processing file /home/airflow/.local/lib/python3.12/site-packages/airflow/example_dags/example_latest_only.py for tasks to queue
[2024-12-29T00:05:03.216+0000] {logging_mixin.py:190} INFO - [2024-12-29T00:05:03.216+0000] {dagbag.py:588} INFO - Filling up the DagBag from /home/airflow/.local/lib/python3.12/site-packages/airflow/example_dags/example_latest_only.py
[2024-12-29T00:05:03.224+0000] {processor.py:925} INFO - DAG(s) 'latest_only' retrieved from /home/airflow/.local/lib/python3.12/site-packages/airflow/example_dags/example_latest_only.py
[2024-12-29T00:05:03.249+0000] {logging_mixin.py:190} INFO - [2024-12-29T00:05:03.249+0000] {dag.py:3239} INFO - Sync 1 DAGs
[2024-12-29T00:05:03.278+0000] {logging_mixin.py:190} INFO - [2024-12-29T00:05:03.278+0000] {dag.py:4180} INFO - Setting next_dagrun for latest_only to 2024-12-28 20:00:00+00:00, run_after=2024-12-29 00:00:00+00:00
[2024-12-29T00:05:03.306+0000] {processor.py:208} INFO - Processing /home/airflow/.local/lib/python3.12/site-packages/airflow/example_dags/example_latest_only.py took 0.101 seconds
[2024-12-29T00:05:34.468+0000] {processor.py:186} INFO - Started process (PID=320) to work on /home/airflow/.local/lib/python3.12/site-packages/airflow/example_dags/example_latest_only.py
[2024-12-29T00:05:34.469+0000] {processor.py:914} INFO - Processing file /home/airflow/.local/lib/python3.12/site-packages/airflow/example_dags/example_latest_only.py for tasks to queue
[2024-12-29T00:05:34.472+0000] {logging_mixin.py:190} INFO - [2024-12-29T00:05:34.471+0000] {dagbag.py:588} INFO - Filling up the DagBag from /home/airflow/.local/lib/python3.12/site-packages/airflow/example_dags/example_latest_only.py
[2024-12-29T00:05:34.481+0000] {processor.py:925} INFO - DAG(s) 'latest_only' retrieved from /home/airflow/.local/lib/python3.12/site-packages/airflow/example_dags/example_latest_only.py
[2024-12-29T00:05:34.509+0000] {logging_mixin.py:190} INFO - [2024-12-29T00:05:34.508+0000] {dag.py:3239} INFO - Sync 1 DAGs
[2024-12-29T00:05:34.537+0000] {logging_mixin.py:190} INFO - [2024-12-29T00:05:34.537+0000] {dag.py:4180} INFO - Setting next_dagrun for latest_only to 2024-12-28 20:00:00+00:00, run_after=2024-12-29 00:00:00+00:00
[2024-12-29T00:05:34.565+0000] {processor.py:208} INFO - Processing /home/airflow/.local/lib/python3.12/site-packages/airflow/example_dags/example_latest_only.py took 0.104 seconds
[2024-12-29T00:06:05.758+0000] {processor.py:186} INFO - Started process (PID=384) to work on /home/airflow/.local/lib/python3.12/site-packages/airflow/example_dags/example_latest_only.py
[2024-12-29T00:06:05.759+0000] {processor.py:914} INFO - Processing file /home/airflow/.local/lib/python3.12/site-packages/airflow/example_dags/example_latest_only.py for tasks to queue
[2024-12-29T00:06:05.762+0000] {logging_mixin.py:190} INFO - [2024-12-29T00:06:05.761+0000] {dagbag.py:588} INFO - Filling up the DagBag from /home/airflow/.local/lib/python3.12/site-packages/airflow/example_dags/example_latest_only.py
[2024-12-29T00:06:05.769+0000] {processor.py:925} INFO - DAG(s) 'latest_only' retrieved from /home/airflow/.local/lib/python3.12/site-packages/airflow/example_dags/example_latest_only.py
[2024-12-29T00:06:05.794+0000] {logging_mixin.py:190} INFO - [2024-12-29T00:06:05.794+0000] {dag.py:3239} INFO - Sync 1 DAGs
[2024-12-29T00:06:05.819+0000] {logging_mixin.py:190} INFO - [2024-12-29T00:06:05.819+0000] {dag.py:4180} INFO - Setting next_dagrun for latest_only to 2024-12-28 20:00:00+00:00, run_after=2024-12-29 00:00:00+00:00
[2024-12-29T00:06:05.844+0000] {processor.py:208} INFO - Processing /home/airflow/.local/lib/python3.12/site-packages/airflow/example_dags/example_latest_only.py took 0.092 seconds
[2024-12-29T00:06:37.291+0000] {processor.py:186} INFO - Started process (PID=448) to work on /home/airflow/.local/lib/python3.12/site-packages/airflow/example_dags/example_latest_only.py
[2024-12-29T00:06:37.292+0000] {processor.py:914} INFO - Processing file /home/airflow/.local/lib/python3.12/site-packages/airflow/example_dags/example_latest_only.py for tasks to queue
[2024-12-29T00:06:37.296+0000] {logging_mixin.py:190} INFO - [2024-12-29T00:06:37.296+0000] {dagbag.py:588} INFO - Filling up the DagBag from /home/airflow/.local/lib/python3.12/site-packages/airflow/example_dags/example_latest_only.py
[2024-12-29T00:06:37.304+0000] {processor.py:925} INFO - DAG(s) 'latest_only' retrieved from /home/airflow/.local/lib/python3.12/site-packages/airflow/example_dags/example_latest_only.py
[2024-12-29T00:06:37.331+0000] {logging_mixin.py:190} INFO - [2024-12-29T00:06:37.331+0000] {dag.py:3239} INFO - Sync 1 DAGs
[2024-12-29T00:06:37.361+0000] {logging_mixin.py:190} INFO - [2024-12-29T00:06:37.361+0000] {dag.py:4180} INFO - Setting next_dagrun for latest_only to 2024-12-28 20:00:00+00:00, run_after=2024-12-29 00:00:00+00:00
[2024-12-29T00:06:37.390+0000] {processor.py:208} INFO - Processing /home/airflow/.local/lib/python3.12/site-packages/airflow/example_dags/example_latest_only.py took 0.106 seconds
[2024-12-29T00:07:09.034+0000] {processor.py:186} INFO - Started process (PID=512) to work on /home/airflow/.local/lib/python3.12/site-packages/airflow/example_dags/example_latest_only.py
[2024-12-29T00:07:09.036+0000] {processor.py:914} INFO - Processing file /home/airflow/.local/lib/python3.12/site-packages/airflow/example_dags/example_latest_only.py for tasks to queue
[2024-12-29T00:07:09.039+0000] {logging_mixin.py:190} INFO - [2024-12-29T00:07:09.039+0000] {dagbag.py:588} INFO - Filling up the DagBag from /home/airflow/.local/lib/python3.12/site-packages/airflow/example_dags/example_latest_only.py
[2024-12-29T00:07:09.049+0000] {processor.py:925} INFO - DAG(s) 'latest_only' retrieved from /home/airflow/.local/lib/python3.12/site-packages/airflow/example_dags/example_latest_only.py
[2024-12-29T00:07:09.076+0000] {logging_mixin.py:190} INFO - [2024-12-29T00:07:09.075+0000] {dag.py:3239} INFO - Sync 1 DAGs
[2024-12-29T00:07:09.108+0000] {logging_mixin.py:190} INFO - [2024-12-29T00:07:09.108+0000] {dag.py:4180} INFO - Setting next_dagrun for latest_only to 2024-12-28 20:00:00+00:00, run_after=2024-12-29 00:00:00+00:00
[2024-12-29T00:07:09.138+0000] {processor.py:208} INFO - Processing /home/airflow/.local/lib/python3.12/site-packages/airflow/example_dags/example_latest_only.py took 0.110 seconds
[2024-12-29T00:07:40.834+0000] {processor.py:186} INFO - Started process (PID=577) to work on /home/airflow/.local/lib/python3.12/site-packages/airflow/example_dags/example_latest_only.py
[2024-12-29T00:07:40.836+0000] {processor.py:914} INFO - Processing file /home/airflow/.local/lib/python3.12/site-packages/airflow/example_dags/example_latest_only.py for tasks to queue
[2024-12-29T00:07:40.840+0000] {logging_mixin.py:190} INFO - [2024-12-29T00:07:40.839+0000] {dagbag.py:588} INFO - Filling up the DagBag from /home/airflow/.local/lib/python3.12/site-packages/airflow/example_dags/example_latest_only.py
[2024-12-29T00:07:40.849+0000] {processor.py:925} INFO - DAG(s) 'latest_only' retrieved from /home/airflow/.local/lib/python3.12/site-packages/airflow/example_dags/example_latest_only.py
[2024-12-29T00:07:40.881+0000] {logging_mixin.py:190} INFO - [2024-12-29T00:07:40.880+0000] {dag.py:3239} INFO - Sync 1 DAGs
[2024-12-29T00:07:40.915+0000] {logging_mixin.py:190} INFO - [2024-12-29T00:07:40.914+0000] {dag.py:4180} INFO - Setting next_dagrun for latest_only to 2024-12-28 20:00:00+00:00, run_after=2024-12-29 00:00:00+00:00
[2024-12-29T00:07:40.947+0000] {processor.py:208} INFO - Processing /home/airflow/.local/lib/python3.12/site-packages/airflow/example_dags/example_latest_only.py took 0.125 seconds
[2024-12-29T00:08:11.990+0000] {processor.py:186} INFO - Started process (PID=641) to work on /home/airflow/.local/lib/python3.12/site-packages/airflow/example_dags/example_latest_only.py
[2024-12-29T00:08:11.991+0000] {processor.py:914} INFO - Processing file /home/airflow/.local/lib/python3.12/site-packages/airflow/example_dags/example_latest_only.py for tasks to queue
[2024-12-29T00:08:11.993+0000] {logging_mixin.py:190} INFO - [2024-12-29T00:08:11.993+0000] {dagbag.py:588} INFO - Filling up the DagBag from /home/airflow/.local/lib/python3.12/site-packages/airflow/example_dags/example_latest_only.py
[2024-12-29T00:08:12.000+0000] {processor.py:925} INFO - DAG(s) 'latest_only' retrieved from /home/airflow/.local/lib/python3.12/site-packages/airflow/example_dags/example_latest_only.py
[2024-12-29T00:08:12.023+0000] {logging_mixin.py:190} INFO - [2024-12-29T00:08:12.022+0000] {dag.py:3239} INFO - Sync 1 DAGs
[2024-12-29T00:08:12.048+0000] {logging_mixin.py:190} INFO - [2024-12-29T00:08:12.048+0000] {dag.py:4180} INFO - Setting next_dagrun for latest_only to 2024-12-28 20:00:00+00:00, run_after=2024-12-29 00:00:00+00:00
[2024-12-29T00:08:12.069+0000] {processor.py:208} INFO - Processing /home/airflow/.local/lib/python3.12/site-packages/airflow/example_dags/example_latest_only.py took 0.085 seconds
[2024-12-29T00:08:44.213+0000] {processor.py:186} INFO - Started process (PID=710) to work on /home/airflow/.local/lib/python3.12/site-packages/airflow/example_dags/example_latest_only.py
[2024-12-29T00:08:44.214+0000] {processor.py:914} INFO - Processing file /home/airflow/.local/lib/python3.12/site-packages/airflow/example_dags/example_latest_only.py for tasks to queue
[2024-12-29T00:08:44.217+0000] {logging_mixin.py:190} INFO - [2024-12-29T00:08:44.217+0000] {dagbag.py:588} INFO - Filling up the DagBag from /home/airflow/.local/lib/python3.12/site-packages/airflow/example_dags/example_latest_only.py
[2024-12-29T00:08:44.226+0000] {processor.py:925} INFO - DAG(s) 'latest_only' retrieved from /home/airflow/.local/lib/python3.12/site-packages/airflow/example_dags/example_latest_only.py
[2024-12-29T00:08:44.253+0000] {logging_mixin.py:190} INFO - [2024-12-29T00:08:44.253+0000] {dag.py:3239} INFO - Sync 1 DAGs
[2024-12-29T00:08:44.283+0000] {logging_mixin.py:190} INFO - [2024-12-29T00:08:44.283+0000] {dag.py:4180} INFO - Setting next_dagrun for latest_only to 2024-12-28 20:00:00+00:00, run_after=2024-12-29 00:00:00+00:00
[2024-12-29T00:08:44.313+0000] {processor.py:208} INFO - Processing /home/airflow/.local/lib/python3.12/site-packages/airflow/example_dags/example_latest_only.py took 0.107 seconds
[2024-12-29T00:09:15.593+0000] {processor.py:186} INFO - Started process (PID=774) to work on /home/airflow/.local/lib/python3.12/site-packages/airflow/example_dags/example_latest_only.py
[2024-12-29T00:09:15.595+0000] {processor.py:914} INFO - Processing file /home/airflow/.local/lib/python3.12/site-packages/airflow/example_dags/example_latest_only.py for tasks to queue
[2024-12-29T00:09:15.598+0000] {logging_mixin.py:190} INFO - [2024-12-29T00:09:15.598+0000] {dagbag.py:588} INFO - Filling up the DagBag from /home/airflow/.local/lib/python3.12/site-packages/airflow/example_dags/example_latest_only.py
[2024-12-29T00:09:15.610+0000] {processor.py:925} INFO - DAG(s) 'latest_only' retrieved from /home/airflow/.local/lib/python3.12/site-packages/airflow/example_dags/example_latest_only.py
[2024-12-29T00:09:15.650+0000] {logging_mixin.py:190} INFO - [2024-12-29T00:09:15.649+0000] {dag.py:3239} INFO - Sync 1 DAGs
[2024-12-29T00:09:15.696+0000] {logging_mixin.py:190} INFO - [2024-12-29T00:09:15.696+0000] {dag.py:4180} INFO - Setting next_dagrun for latest_only to 2024-12-28 20:00:00+00:00, run_after=2024-12-29 00:00:00+00:00
[2024-12-29T00:09:15.727+0000] {processor.py:208} INFO - Processing /home/airflow/.local/lib/python3.12/site-packages/airflow/example_dags/example_latest_only.py took 0.141 seconds
[2024-12-29T00:09:46.945+0000] {processor.py:186} INFO - Started process (PID=838) to work on /home/airflow/.local/lib/python3.12/site-packages/airflow/example_dags/example_latest_only.py
[2024-12-29T00:09:46.947+0000] {processor.py:914} INFO - Processing file /home/airflow/.local/lib/python3.12/site-packages/airflow/example_dags/example_latest_only.py for tasks to queue
[2024-12-29T00:09:46.950+0000] {logging_mixin.py:190} INFO - [2024-12-29T00:09:46.949+0000] {dagbag.py:588} INFO - Filling up the DagBag from /home/airflow/.local/lib/python3.12/site-packages/airflow/example_dags/example_latest_only.py
[2024-12-29T00:09:46.959+0000] {processor.py:925} INFO - DAG(s) 'latest_only' retrieved from /home/airflow/.local/lib/python3.12/site-packages/airflow/example_dags/example_latest_only.py
[2024-12-29T00:09:46.984+0000] {logging_mixin.py:190} INFO - [2024-12-29T00:09:46.984+0000] {dag.py:3239} INFO - Sync 1 DAGs
[2024-12-29T00:09:47.012+0000] {logging_mixin.py:190} INFO - [2024-12-29T00:09:47.012+0000] {dag.py:4180} INFO - Setting next_dagrun for latest_only to 2024-12-28 20:00:00+00:00, run_after=2024-12-29 00:00:00+00:00
[2024-12-29T00:09:47.040+0000] {processor.py:208} INFO - Processing /home/airflow/.local/lib/python3.12/site-packages/airflow/example_dags/example_latest_only.py took 0.101 seconds
[2024-12-29T00:10:18.764+0000] {processor.py:186} INFO - Started process (PID=902) to work on /home/airflow/.local/lib/python3.12/site-packages/airflow/example_dags/example_latest_only.py
[2024-12-29T00:10:18.766+0000] {processor.py:914} INFO - Processing file /home/airflow/.local/lib/python3.12/site-packages/airflow/example_dags/example_latest_only.py for tasks to queue
[2024-12-29T00:10:18.769+0000] {logging_mixin.py:190} INFO - [2024-12-29T00:10:18.768+0000] {dagbag.py:588} INFO - Filling up the DagBag from /home/airflow/.local/lib/python3.12/site-packages/airflow/example_dags/example_latest_only.py
[2024-12-29T00:10:18.776+0000] {processor.py:925} INFO - DAG(s) 'latest_only' retrieved from /home/airflow/.local/lib/python3.12/site-packages/airflow/example_dags/example_latest_only.py
[2024-12-29T00:10:18.798+0000] {logging_mixin.py:190} INFO - [2024-12-29T00:10:18.798+0000] {dag.py:3239} INFO - Sync 1 DAGs
[2024-12-29T00:10:18.822+0000] {logging_mixin.py:190} INFO - [2024-12-29T00:10:18.822+0000] {dag.py:4180} INFO - Setting next_dagrun for latest_only to 2024-12-28 20:00:00+00:00, run_after=2024-12-29 00:00:00+00:00
[2024-12-29T00:10:18.846+0000] {processor.py:208} INFO - Processing /home/airflow/.local/lib/python3.12/site-packages/airflow/example_dags/example_latest_only.py took 0.088 seconds
[2024-12-29T00:10:50.030+0000] {processor.py:186} INFO - Started process (PID=968) to work on /home/airflow/.local/lib/python3.12/site-packages/airflow/example_dags/example_latest_only.py
[2024-12-29T00:10:50.033+0000] {processor.py:914} INFO - Processing file /home/airflow/.local/lib/python3.12/site-packages/airflow/example_dags/example_latest_only.py for tasks to queue
[2024-12-29T00:10:50.035+0000] {logging_mixin.py:190} INFO - [2024-12-29T00:10:50.035+0000] {dagbag.py:588} INFO - Filling up the DagBag from /home/airflow/.local/lib/python3.12/site-packages/airflow/example_dags/example_latest_only.py
[2024-12-29T00:10:50.044+0000] {processor.py:925} INFO - DAG(s) 'latest_only' retrieved from /home/airflow/.local/lib/python3.12/site-packages/airflow/example_dags/example_latest_only.py
[2024-12-29T00:10:50.070+0000] {logging_mixin.py:190} INFO - [2024-12-29T00:10:50.070+0000] {dag.py:3239} INFO - Sync 1 DAGs
[2024-12-29T00:10:50.097+0000] {logging_mixin.py:190} INFO - [2024-12-29T00:10:50.096+0000] {dag.py:4180} INFO - Setting next_dagrun for latest_only to 2024-12-28 20:00:00+00:00, run_after=2024-12-29 00:00:00+00:00
[2024-12-29T00:10:50.122+0000] {processor.py:208} INFO - Processing /home/airflow/.local/lib/python3.12/site-packages/airflow/example_dags/example_latest_only.py took 0.098 seconds
[2024-12-29T00:11:21.729+0000] {processor.py:186} INFO - Started process (PID=1033) to work on /home/airflow/.local/lib/python3.12/site-packages/airflow/example_dags/example_latest_only.py
[2024-12-29T00:11:21.730+0000] {processor.py:914} INFO - Processing file /home/airflow/.local/lib/python3.12/site-packages/airflow/example_dags/example_latest_only.py for tasks to queue
[2024-12-29T00:11:21.733+0000] {logging_mixin.py:190} INFO - [2024-12-29T00:11:21.732+0000] {dagbag.py:588} INFO - Filling up the DagBag from /home/airflow/.local/lib/python3.12/site-packages/airflow/example_dags/example_latest_only.py
[2024-12-29T00:11:21.741+0000] {processor.py:925} INFO - DAG(s) 'latest_only' retrieved from /home/airflow/.local/lib/python3.12/site-packages/airflow/example_dags/example_latest_only.py
[2024-12-29T00:11:21.768+0000] {logging_mixin.py:190} INFO - [2024-12-29T00:11:21.767+0000] {dag.py:3239} INFO - Sync 1 DAGs
[2024-12-29T00:11:21.796+0000] {logging_mixin.py:190} INFO - [2024-12-29T00:11:21.796+0000] {dag.py:4180} INFO - Setting next_dagrun for latest_only to 2024-12-28 20:00:00+00:00, run_after=2024-12-29 00:00:00+00:00
[2024-12-29T00:11:21.824+0000] {processor.py:208} INFO - Processing /home/airflow/.local/lib/python3.12/site-packages/airflow/example_dags/example_latest_only.py took 0.102 seconds
[2024-12-29T00:11:54.340+0000] {processor.py:186} INFO - Started process (PID=1104) to work on /home/airflow/.local/lib/python3.12/site-packages/airflow/example_dags/example_latest_only.py
[2024-12-29T00:11:54.342+0000] {processor.py:914} INFO - Processing file /home/airflow/.local/lib/python3.12/site-packages/airflow/example_dags/example_latest_only.py for tasks to queue
[2024-12-29T00:11:54.345+0000] {logging_mixin.py:190} INFO - [2024-12-29T00:11:54.344+0000] {dagbag.py:588} INFO - Filling up the DagBag from /home/airflow/.local/lib/python3.12/site-packages/airflow/example_dags/example_latest_only.py
[2024-12-29T00:11:54.354+0000] {processor.py:925} INFO - DAG(s) 'latest_only' retrieved from /home/airflow/.local/lib/python3.12/site-packages/airflow/example_dags/example_latest_only.py
[2024-12-29T00:11:54.379+0000] {logging_mixin.py:190} INFO - [2024-12-29T00:11:54.379+0000] {dag.py:3239} INFO - Sync 1 DAGs
[2024-12-29T00:11:54.406+0000] {logging_mixin.py:190} INFO - [2024-12-29T00:11:54.406+0000] {dag.py:4180} INFO - Setting next_dagrun for latest_only to 2024-12-28 20:00:00+00:00, run_after=2024-12-29 00:00:00+00:00
[2024-12-29T00:11:54.431+0000] {processor.py:208} INFO - Processing /home/airflow/.local/lib/python3.12/site-packages/airflow/example_dags/example_latest_only.py took 0.097 seconds
[2024-12-29T00:12:28.822+0000] {processor.py:186} INFO - Started process (PID=1168) to work on /home/airflow/.local/lib/python3.12/site-packages/airflow/example_dags/example_latest_only.py
[2024-12-29T00:12:28.825+0000] {processor.py:914} INFO - Processing file /home/airflow/.local/lib/python3.12/site-packages/airflow/example_dags/example_latest_only.py for tasks to queue
[2024-12-29T00:12:28.827+0000] {logging_mixin.py:190} INFO - [2024-12-29T00:12:28.827+0000] {dagbag.py:588} INFO - Filling up the DagBag from /home/airflow/.local/lib/python3.12/site-packages/airflow/example_dags/example_latest_only.py
[2024-12-29T00:12:28.836+0000] {processor.py:925} INFO - DAG(s) 'latest_only' retrieved from /home/airflow/.local/lib/python3.12/site-packages/airflow/example_dags/example_latest_only.py
[2024-12-29T00:12:28.862+0000] {logging_mixin.py:190} INFO - [2024-12-29T00:12:28.862+0000] {dag.py:3239} INFO - Sync 1 DAGs
[2024-12-29T00:12:28.890+0000] {logging_mixin.py:190} INFO - [2024-12-29T00:12:28.890+0000] {dag.py:4180} INFO - Setting next_dagrun for latest_only to 2024-12-28 20:00:00+00:00, run_after=2024-12-29 00:00:00+00:00
[2024-12-29T00:12:28.945+0000] {processor.py:208} INFO - Processing /home/airflow/.local/lib/python3.12/site-packages/airflow/example_dags/example_latest_only.py took 0.129 seconds
[2024-12-29T00:12:59.635+0000] {processor.py:186} INFO - Started process (PID=1232) to work on /home/airflow/.local/lib/python3.12/site-packages/airflow/example_dags/example_latest_only.py
[2024-12-29T00:12:59.636+0000] {processor.py:914} INFO - Processing file /home/airflow/.local/lib/python3.12/site-packages/airflow/example_dags/example_latest_only.py for tasks to queue
[2024-12-29T00:12:59.639+0000] {logging_mixin.py:190} INFO - [2024-12-29T00:12:59.638+0000] {dagbag.py:588} INFO - Filling up the DagBag from /home/airflow/.local/lib/python3.12/site-packages/airflow/example_dags/example_latest_only.py
[2024-12-29T00:12:59.646+0000] {processor.py:925} INFO - DAG(s) 'latest_only' retrieved from /home/airflow/.local/lib/python3.12/site-packages/airflow/example_dags/example_latest_only.py
[2024-12-29T00:12:59.673+0000] {logging_mixin.py:190} INFO - [2024-12-29T00:12:59.672+0000] {dag.py:3239} INFO - Sync 1 DAGs
[2024-12-29T00:12:59.706+0000] {logging_mixin.py:190} INFO - [2024-12-29T00:12:59.706+0000] {dag.py:4180} INFO - Setting next_dagrun for latest_only to 2024-12-28 20:00:00+00:00, run_after=2024-12-29 00:00:00+00:00
[2024-12-29T00:12:59.749+0000] {processor.py:208} INFO - Processing /home/airflow/.local/lib/python3.12/site-packages/airflow/example_dags/example_latest_only.py took 0.120 seconds
[2024-12-29T00:13:30.028+0000] {processor.py:186} INFO - Started process (PID=1297) to work on /home/airflow/.local/lib/python3.12/site-packages/airflow/example_dags/example_latest_only.py
[2024-12-29T00:13:30.030+0000] {processor.py:914} INFO - Processing file /home/airflow/.local/lib/python3.12/site-packages/airflow/example_dags/example_latest_only.py for tasks to queue
[2024-12-29T00:13:30.033+0000] {logging_mixin.py:190} INFO - [2024-12-29T00:13:30.033+0000] {dagbag.py:588} INFO - Filling up the DagBag from /home/airflow/.local/lib/python3.12/site-packages/airflow/example_dags/example_latest_only.py
[2024-12-29T00:13:30.041+0000] {processor.py:925} INFO - DAG(s) 'latest_only' retrieved from /home/airflow/.local/lib/python3.12/site-packages/airflow/example_dags/example_latest_only.py
[2024-12-29T00:13:30.066+0000] {logging_mixin.py:190} INFO - [2024-12-29T00:13:30.066+0000] {dag.py:3239} INFO - Sync 1 DAGs
[2024-12-29T00:13:30.093+0000] {logging_mixin.py:190} INFO - [2024-12-29T00:13:30.093+0000] {dag.py:4180} INFO - Setting next_dagrun for latest_only to 2024-12-28 20:00:00+00:00, run_after=2024-12-29 00:00:00+00:00
[2024-12-29T00:13:30.124+0000] {processor.py:208} INFO - Processing /home/airflow/.local/lib/python3.12/site-packages/airflow/example_dags/example_latest_only.py took 0.102 seconds
[2024-12-29T00:14:00.604+0000] {processor.py:186} INFO - Started process (PID=1362) to work on /home/airflow/.local/lib/python3.12/site-packages/airflow/example_dags/example_latest_only.py
[2024-12-29T00:14:00.606+0000] {processor.py:914} INFO - Processing file /home/airflow/.local/lib/python3.12/site-packages/airflow/example_dags/example_latest_only.py for tasks to queue
[2024-12-29T00:14:00.610+0000] {logging_mixin.py:190} INFO - [2024-12-29T00:14:00.609+0000] {dagbag.py:588} INFO - Filling up the DagBag from /home/airflow/.local/lib/python3.12/site-packages/airflow/example_dags/example_latest_only.py
[2024-12-29T00:14:00.620+0000] {processor.py:925} INFO - DAG(s) 'latest_only' retrieved from /home/airflow/.local/lib/python3.12/site-packages/airflow/example_dags/example_latest_only.py
[2024-12-29T00:14:00.653+0000] {logging_mixin.py:190} INFO - [2024-12-29T00:14:00.652+0000] {dag.py:3239} INFO - Sync 1 DAGs
[2024-12-29T00:14:00.690+0000] {logging_mixin.py:190} INFO - [2024-12-29T00:14:00.689+0000] {dag.py:4180} INFO - Setting next_dagrun for latest_only to 2024-12-28 20:00:00+00:00, run_after=2024-12-29 00:00:00+00:00
[2024-12-29T00:14:00.723+0000] {processor.py:208} INFO - Processing /home/airflow/.local/lib/python3.12/site-packages/airflow/example_dags/example_latest_only.py took 0.127 seconds
[2024-12-29T00:14:32.139+0000] {processor.py:186} INFO - Started process (PID=1427) to work on /home/airflow/.local/lib/python3.12/site-packages/airflow/example_dags/example_latest_only.py
[2024-12-29T00:14:32.141+0000] {processor.py:914} INFO - Processing file /home/airflow/.local/lib/python3.12/site-packages/airflow/example_dags/example_latest_only.py for tasks to queue
[2024-12-29T00:14:32.145+0000] {logging_mixin.py:190} INFO - [2024-12-29T00:14:32.144+0000] {dagbag.py:588} INFO - Filling up the DagBag from /home/airflow/.local/lib/python3.12/site-packages/airflow/example_dags/example_latest_only.py
[2024-12-29T00:14:32.152+0000] {processor.py:925} INFO - DAG(s) 'latest_only' retrieved from /home/airflow/.local/lib/python3.12/site-packages/airflow/example_dags/example_latest_only.py
[2024-12-29T00:14:32.181+0000] {logging_mixin.py:190} INFO - [2024-12-29T00:14:32.180+0000] {dag.py:3239} INFO - Sync 1 DAGs
[2024-12-29T00:14:32.211+0000] {logging_mixin.py:190} INFO - [2024-12-29T00:14:32.210+0000] {dag.py:4180} INFO - Setting next_dagrun for latest_only to 2024-12-28 20:00:00+00:00, run_after=2024-12-29 00:00:00+00:00
[2024-12-29T00:14:32.242+0000] {processor.py:208} INFO - Processing /home/airflow/.local/lib/python3.12/site-packages/airflow/example_dags/example_latest_only.py took 0.109 seconds
[2024-12-29T00:15:03.083+0000] {processor.py:186} INFO - Started process (PID=1492) to work on /home/airflow/.local/lib/python3.12/site-packages/airflow/example_dags/example_latest_only.py
[2024-12-29T00:15:03.085+0000] {processor.py:914} INFO - Processing file /home/airflow/.local/lib/python3.12/site-packages/airflow/example_dags/example_latest_only.py for tasks to queue
[2024-12-29T00:15:03.089+0000] {logging_mixin.py:190} INFO - [2024-12-29T00:15:03.088+0000] {dagbag.py:588} INFO - Filling up the DagBag from /home/airflow/.local/lib/python3.12/site-packages/airflow/example_dags/example_latest_only.py
[2024-12-29T00:15:03.101+0000] {processor.py:925} INFO - DAG(s) 'latest_only' retrieved from /home/airflow/.local/lib/python3.12/site-packages/airflow/example_dags/example_latest_only.py
[2024-12-29T00:15:03.162+0000] {logging_mixin.py:190} INFO - [2024-12-29T00:15:03.162+0000] {dag.py:3239} INFO - Sync 1 DAGs
[2024-12-29T00:15:03.244+0000] {logging_mixin.py:190} INFO - [2024-12-29T00:15:03.243+0000] {dag.py:4180} INFO - Setting next_dagrun for latest_only to 2024-12-28 20:00:00+00:00, run_after=2024-12-29 00:00:00+00:00
[2024-12-29T00:15:03.287+0000] {processor.py:208} INFO - Processing /home/airflow/.local/lib/python3.12/site-packages/airflow/example_dags/example_latest_only.py took 0.211 seconds
[2024-12-29T00:15:34.863+0000] {processor.py:186} INFO - Started process (PID=1562) to work on /home/airflow/.local/lib/python3.12/site-packages/airflow/example_dags/example_latest_only.py
[2024-12-29T00:15:34.866+0000] {processor.py:914} INFO - Processing file /home/airflow/.local/lib/python3.12/site-packages/airflow/example_dags/example_latest_only.py for tasks to queue
[2024-12-29T00:15:34.871+0000] {logging_mixin.py:190} INFO - [2024-12-29T00:15:34.870+0000] {dagbag.py:588} INFO - Filling up the DagBag from /home/airflow/.local/lib/python3.12/site-packages/airflow/example_dags/example_latest_only.py
[2024-12-29T00:15:34.888+0000] {processor.py:925} INFO - DAG(s) 'latest_only' retrieved from /home/airflow/.local/lib/python3.12/site-packages/airflow/example_dags/example_latest_only.py
[2024-12-29T00:15:34.928+0000] {logging_mixin.py:190} INFO - [2024-12-29T00:15:34.928+0000] {dag.py:3239} INFO - Sync 1 DAGs
[2024-12-29T00:15:34.988+0000] {logging_mixin.py:190} INFO - [2024-12-29T00:15:34.988+0000] {dag.py:4180} INFO - Setting next_dagrun for latest_only to 2024-12-28 20:00:00+00:00, run_after=2024-12-29 00:00:00+00:00
[2024-12-29T00:15:35.030+0000] {processor.py:208} INFO - Processing /home/airflow/.local/lib/python3.12/site-packages/airflow/example_dags/example_latest_only.py took 0.180 seconds
[2024-12-29T00:16:06.281+0000] {processor.py:186} INFO - Started process (PID=1628) to work on /home/airflow/.local/lib/python3.12/site-packages/airflow/example_dags/example_latest_only.py
[2024-12-29T00:16:06.283+0000] {processor.py:914} INFO - Processing file /home/airflow/.local/lib/python3.12/site-packages/airflow/example_dags/example_latest_only.py for tasks to queue
[2024-12-29T00:16:06.286+0000] {logging_mixin.py:190} INFO - [2024-12-29T00:16:06.286+0000] {dagbag.py:588} INFO - Filling up the DagBag from /home/airflow/.local/lib/python3.12/site-packages/airflow/example_dags/example_latest_only.py
[2024-12-29T00:16:06.296+0000] {processor.py:925} INFO - DAG(s) 'latest_only' retrieved from /home/airflow/.local/lib/python3.12/site-packages/airflow/example_dags/example_latest_only.py
[2024-12-29T00:16:06.326+0000] {logging_mixin.py:190} INFO - [2024-12-29T00:16:06.325+0000] {dag.py:3239} INFO - Sync 1 DAGs
[2024-12-29T00:16:06.356+0000] {logging_mixin.py:190} INFO - [2024-12-29T00:16:06.355+0000] {dag.py:4180} INFO - Setting next_dagrun for latest_only to 2024-12-28 20:00:00+00:00, run_after=2024-12-29 00:00:00+00:00
[2024-12-29T00:16:06.387+0000] {processor.py:208} INFO - Processing /home/airflow/.local/lib/python3.12/site-packages/airflow/example_dags/example_latest_only.py took 0.113 seconds
[2024-12-29T00:16:37.696+0000] {processor.py:186} INFO - Started process (PID=1693) to work on /home/airflow/.local/lib/python3.12/site-packages/airflow/example_dags/example_latest_only.py
[2024-12-29T00:16:37.698+0000] {processor.py:914} INFO - Processing file /home/airflow/.local/lib/python3.12/site-packages/airflow/example_dags/example_latest_only.py for tasks to queue
[2024-12-29T00:16:37.701+0000] {logging_mixin.py:190} INFO - [2024-12-29T00:16:37.700+0000] {dagbag.py:588} INFO - Filling up the DagBag from /home/airflow/.local/lib/python3.12/site-packages/airflow/example_dags/example_latest_only.py
[2024-12-29T00:16:37.709+0000] {processor.py:925} INFO - DAG(s) 'latest_only' retrieved from /home/airflow/.local/lib/python3.12/site-packages/airflow/example_dags/example_latest_only.py
[2024-12-29T00:16:37.739+0000] {logging_mixin.py:190} INFO - [2024-12-29T00:16:37.738+0000] {dag.py:3239} INFO - Sync 1 DAGs
[2024-12-29T00:16:37.767+0000] {logging_mixin.py:190} INFO - [2024-12-29T00:16:37.767+0000] {dag.py:4180} INFO - Setting next_dagrun for latest_only to 2024-12-28 20:00:00+00:00, run_after=2024-12-29 00:00:00+00:00
[2024-12-29T00:16:37.793+0000] {processor.py:208} INFO - Processing /home/airflow/.local/lib/python3.12/site-packages/airflow/example_dags/example_latest_only.py took 0.103 seconds
[2024-12-29T00:20:01.251+0000] {processor.py:186} INFO - Started process (PID=126) to work on /home/airflow/.local/lib/python3.12/site-packages/airflow/example_dags/example_latest_only.py
[2024-12-29T00:20:01.254+0000] {processor.py:914} INFO - Processing file /home/airflow/.local/lib/python3.12/site-packages/airflow/example_dags/example_latest_only.py for tasks to queue
[2024-12-29T00:20:01.258+0000] {logging_mixin.py:190} INFO - [2024-12-29T00:20:01.257+0000] {dagbag.py:588} INFO - Filling up the DagBag from /home/airflow/.local/lib/python3.12/site-packages/airflow/example_dags/example_latest_only.py
[2024-12-29T00:20:01.268+0000] {processor.py:925} INFO - DAG(s) 'latest_only' retrieved from /home/airflow/.local/lib/python3.12/site-packages/airflow/example_dags/example_latest_only.py
[2024-12-29T00:20:01.298+0000] {logging_mixin.py:190} INFO - [2024-12-29T00:20:01.298+0000] {dag.py:3239} INFO - Sync 1 DAGs
[2024-12-29T00:20:01.330+0000] {logging_mixin.py:190} INFO - [2024-12-29T00:20:01.330+0000] {dag.py:4180} INFO - Setting next_dagrun for latest_only to 2024-12-28 20:00:00+00:00, run_after=2024-12-29 00:00:00+00:00
[2024-12-29T00:20:01.362+0000] {processor.py:208} INFO - Processing /home/airflow/.local/lib/python3.12/site-packages/airflow/example_dags/example_latest_only.py took 0.119 seconds
[2024-12-29T00:20:33.242+0000] {processor.py:186} INFO - Started process (PID=191) to work on /home/airflow/.local/lib/python3.12/site-packages/airflow/example_dags/example_latest_only.py
[2024-12-29T00:20:33.244+0000] {processor.py:914} INFO - Processing file /home/airflow/.local/lib/python3.12/site-packages/airflow/example_dags/example_latest_only.py for tasks to queue
[2024-12-29T00:20:33.247+0000] {logging_mixin.py:190} INFO - [2024-12-29T00:20:33.246+0000] {dagbag.py:588} INFO - Filling up the DagBag from /home/airflow/.local/lib/python3.12/site-packages/airflow/example_dags/example_latest_only.py
[2024-12-29T00:20:33.253+0000] {processor.py:925} INFO - DAG(s) 'latest_only' retrieved from /home/airflow/.local/lib/python3.12/site-packages/airflow/example_dags/example_latest_only.py
[2024-12-29T00:20:33.274+0000] {logging_mixin.py:190} INFO - [2024-12-29T00:20:33.273+0000] {dag.py:3239} INFO - Sync 1 DAGs
[2024-12-29T00:20:33.299+0000] {logging_mixin.py:190} INFO - [2024-12-29T00:20:33.299+0000] {dag.py:4180} INFO - Setting next_dagrun for latest_only to 2024-12-28 20:00:00+00:00, run_after=2024-12-29 00:00:00+00:00
[2024-12-29T00:20:33.324+0000] {processor.py:208} INFO - Processing /home/airflow/.local/lib/python3.12/site-packages/airflow/example_dags/example_latest_only.py took 0.087 seconds
[2024-12-29T00:21:05.654+0000] {processor.py:186} INFO - Started process (PID=256) to work on /home/airflow/.local/lib/python3.12/site-packages/airflow/example_dags/example_latest_only.py
[2024-12-29T00:21:05.655+0000] {processor.py:914} INFO - Processing file /home/airflow/.local/lib/python3.12/site-packages/airflow/example_dags/example_latest_only.py for tasks to queue
[2024-12-29T00:21:05.658+0000] {logging_mixin.py:190} INFO - [2024-12-29T00:21:05.657+0000] {dagbag.py:588} INFO - Filling up the DagBag from /home/airflow/.local/lib/python3.12/site-packages/airflow/example_dags/example_latest_only.py
[2024-12-29T00:21:05.665+0000] {processor.py:925} INFO - DAG(s) 'latest_only' retrieved from /home/airflow/.local/lib/python3.12/site-packages/airflow/example_dags/example_latest_only.py
[2024-12-29T00:21:05.687+0000] {logging_mixin.py:190} INFO - [2024-12-29T00:21:05.687+0000] {dag.py:3239} INFO - Sync 1 DAGs
[2024-12-29T00:21:05.714+0000] {logging_mixin.py:190} INFO - [2024-12-29T00:21:05.714+0000] {dag.py:4180} INFO - Setting next_dagrun for latest_only to 2024-12-28 20:00:00+00:00, run_after=2024-12-29 00:00:00+00:00
[2024-12-29T00:21:05.739+0000] {processor.py:208} INFO - Processing /home/airflow/.local/lib/python3.12/site-packages/airflow/example_dags/example_latest_only.py took 0.091 seconds
[2024-12-29T00:21:36.974+0000] {processor.py:186} INFO - Started process (PID=321) to work on /home/airflow/.local/lib/python3.12/site-packages/airflow/example_dags/example_latest_only.py
[2024-12-29T00:21:36.976+0000] {processor.py:914} INFO - Processing file /home/airflow/.local/lib/python3.12/site-packages/airflow/example_dags/example_latest_only.py for tasks to queue
[2024-12-29T00:21:36.979+0000] {logging_mixin.py:190} INFO - [2024-12-29T00:21:36.978+0000] {dagbag.py:588} INFO - Filling up the DagBag from /home/airflow/.local/lib/python3.12/site-packages/airflow/example_dags/example_latest_only.py
[2024-12-29T00:21:36.987+0000] {processor.py:925} INFO - DAG(s) 'latest_only' retrieved from /home/airflow/.local/lib/python3.12/site-packages/airflow/example_dags/example_latest_only.py
[2024-12-29T00:21:37.015+0000] {logging_mixin.py:190} INFO - [2024-12-29T00:21:37.014+0000] {dag.py:3239} INFO - Sync 1 DAGs
[2024-12-29T00:21:37.043+0000] {logging_mixin.py:190} INFO - [2024-12-29T00:21:37.042+0000] {dag.py:4180} INFO - Setting next_dagrun for latest_only to 2024-12-28 20:00:00+00:00, run_after=2024-12-29 00:00:00+00:00
[2024-12-29T00:21:37.069+0000] {processor.py:208} INFO - Processing /home/airflow/.local/lib/python3.12/site-packages/airflow/example_dags/example_latest_only.py took 0.102 seconds
[2024-12-29T00:22:08.695+0000] {processor.py:186} INFO - Started process (PID=386) to work on /home/airflow/.local/lib/python3.12/site-packages/airflow/example_dags/example_latest_only.py
[2024-12-29T00:22:08.706+0000] {processor.py:914} INFO - Processing file /home/airflow/.local/lib/python3.12/site-packages/airflow/example_dags/example_latest_only.py for tasks to queue
[2024-12-29T00:22:08.710+0000] {logging_mixin.py:190} INFO - [2024-12-29T00:22:08.710+0000] {dagbag.py:588} INFO - Filling up the DagBag from /home/airflow/.local/lib/python3.12/site-packages/airflow/example_dags/example_latest_only.py
[2024-12-29T00:22:08.723+0000] {processor.py:925} INFO - DAG(s) 'latest_only' retrieved from /home/airflow/.local/lib/python3.12/site-packages/airflow/example_dags/example_latest_only.py
[2024-12-29T00:22:08.756+0000] {logging_mixin.py:190} INFO - [2024-12-29T00:22:08.756+0000] {dag.py:3239} INFO - Sync 1 DAGs
[2024-12-29T00:22:08.791+0000] {logging_mixin.py:190} INFO - [2024-12-29T00:22:08.791+0000] {dag.py:4180} INFO - Setting next_dagrun for latest_only to 2024-12-28 20:00:00+00:00, run_after=2024-12-29 00:00:00+00:00
[2024-12-29T00:22:08.839+0000] {processor.py:208} INFO - Processing /home/airflow/.local/lib/python3.12/site-packages/airflow/example_dags/example_latest_only.py took 0.153 seconds
[2024-12-29T00:22:39.531+0000] {processor.py:186} INFO - Started process (PID=457) to work on /home/airflow/.local/lib/python3.12/site-packages/airflow/example_dags/example_latest_only.py
[2024-12-29T00:22:39.533+0000] {processor.py:914} INFO - Processing file /home/airflow/.local/lib/python3.12/site-packages/airflow/example_dags/example_latest_only.py for tasks to queue
[2024-12-29T00:22:39.541+0000] {logging_mixin.py:190} INFO - [2024-12-29T00:22:39.539+0000] {dagbag.py:588} INFO - Filling up the DagBag from /home/airflow/.local/lib/python3.12/site-packages/airflow/example_dags/example_latest_only.py
[2024-12-29T00:22:39.557+0000] {processor.py:925} INFO - DAG(s) 'latest_only' retrieved from /home/airflow/.local/lib/python3.12/site-packages/airflow/example_dags/example_latest_only.py
[2024-12-29T00:22:39.598+0000] {logging_mixin.py:190} INFO - [2024-12-29T00:22:39.598+0000] {dag.py:3239} INFO - Sync 1 DAGs
[2024-12-29T00:22:39.638+0000] {logging_mixin.py:190} INFO - [2024-12-29T00:22:39.638+0000] {dag.py:4180} INFO - Setting next_dagrun for latest_only to 2024-12-28 20:00:00+00:00, run_after=2024-12-29 00:00:00+00:00
[2024-12-29T00:22:39.670+0000] {processor.py:208} INFO - Processing /home/airflow/.local/lib/python3.12/site-packages/airflow/example_dags/example_latest_only.py took 0.150 seconds
[2024-12-29T00:23:12.418+0000] {processor.py:186} INFO - Started process (PID=522) to work on /home/airflow/.local/lib/python3.12/site-packages/airflow/example_dags/example_latest_only.py
[2024-12-29T00:23:12.419+0000] {processor.py:914} INFO - Processing file /home/airflow/.local/lib/python3.12/site-packages/airflow/example_dags/example_latest_only.py for tasks to queue
[2024-12-29T00:23:12.422+0000] {logging_mixin.py:190} INFO - [2024-12-29T00:23:12.422+0000] {dagbag.py:588} INFO - Filling up the DagBag from /home/airflow/.local/lib/python3.12/site-packages/airflow/example_dags/example_latest_only.py
[2024-12-29T00:23:12.432+0000] {processor.py:925} INFO - DAG(s) 'latest_only' retrieved from /home/airflow/.local/lib/python3.12/site-packages/airflow/example_dags/example_latest_only.py
[2024-12-29T00:23:12.463+0000] {logging_mixin.py:190} INFO - [2024-12-29T00:23:12.462+0000] {dag.py:3239} INFO - Sync 1 DAGs
[2024-12-29T00:23:12.495+0000] {logging_mixin.py:190} INFO - [2024-12-29T00:23:12.494+0000] {dag.py:4180} INFO - Setting next_dagrun for latest_only to 2024-12-28 20:00:00+00:00, run_after=2024-12-29 00:00:00+00:00
[2024-12-29T00:23:12.524+0000] {processor.py:208} INFO - Processing /home/airflow/.local/lib/python3.12/site-packages/airflow/example_dags/example_latest_only.py took 0.113 seconds
[2024-12-29T00:23:43.905+0000] {processor.py:186} INFO - Started process (PID=588) to work on /home/airflow/.local/lib/python3.12/site-packages/airflow/example_dags/example_latest_only.py
[2024-12-29T00:23:43.906+0000] {processor.py:914} INFO - Processing file /home/airflow/.local/lib/python3.12/site-packages/airflow/example_dags/example_latest_only.py for tasks to queue
[2024-12-29T00:23:43.909+0000] {logging_mixin.py:190} INFO - [2024-12-29T00:23:43.908+0000] {dagbag.py:588} INFO - Filling up the DagBag from /home/airflow/.local/lib/python3.12/site-packages/airflow/example_dags/example_latest_only.py
[2024-12-29T00:23:43.917+0000] {processor.py:925} INFO - DAG(s) 'latest_only' retrieved from /home/airflow/.local/lib/python3.12/site-packages/airflow/example_dags/example_latest_only.py
[2024-12-29T00:23:43.945+0000] {logging_mixin.py:190} INFO - [2024-12-29T00:23:43.944+0000] {dag.py:3239} INFO - Sync 1 DAGs
[2024-12-29T00:23:43.976+0000] {logging_mixin.py:190} INFO - [2024-12-29T00:23:43.976+0000] {dag.py:4180} INFO - Setting next_dagrun for latest_only to 2024-12-28 20:00:00+00:00, run_after=2024-12-29 00:00:00+00:00
[2024-12-29T00:23:44.008+0000] {processor.py:208} INFO - Processing /home/airflow/.local/lib/python3.12/site-packages/airflow/example_dags/example_latest_only.py took 0.110 seconds
[2024-12-29T00:24:14.905+0000] {processor.py:186} INFO - Started process (PID=653) to work on /home/airflow/.local/lib/python3.12/site-packages/airflow/example_dags/example_latest_only.py
[2024-12-29T00:24:14.906+0000] {processor.py:914} INFO - Processing file /home/airflow/.local/lib/python3.12/site-packages/airflow/example_dags/example_latest_only.py for tasks to queue
[2024-12-29T00:24:14.909+0000] {logging_mixin.py:190} INFO - [2024-12-29T00:24:14.908+0000] {dagbag.py:588} INFO - Filling up the DagBag from /home/airflow/.local/lib/python3.12/site-packages/airflow/example_dags/example_latest_only.py
[2024-12-29T00:24:14.915+0000] {processor.py:925} INFO - DAG(s) 'latest_only' retrieved from /home/airflow/.local/lib/python3.12/site-packages/airflow/example_dags/example_latest_only.py
[2024-12-29T00:24:14.939+0000] {logging_mixin.py:190} INFO - [2024-12-29T00:24:14.938+0000] {dag.py:3239} INFO - Sync 1 DAGs
[2024-12-29T00:24:14.963+0000] {logging_mixin.py:190} INFO - [2024-12-29T00:24:14.963+0000] {dag.py:4180} INFO - Setting next_dagrun for latest_only to 2024-12-28 20:00:00+00:00, run_after=2024-12-29 00:00:00+00:00
[2024-12-29T00:24:14.988+0000] {processor.py:208} INFO - Processing /home/airflow/.local/lib/python3.12/site-packages/airflow/example_dags/example_latest_only.py took 0.090 seconds
[2024-12-29T00:24:46.218+0000] {processor.py:186} INFO - Started process (PID=718) to work on /home/airflow/.local/lib/python3.12/site-packages/airflow/example_dags/example_latest_only.py
[2024-12-29T00:24:46.220+0000] {processor.py:914} INFO - Processing file /home/airflow/.local/lib/python3.12/site-packages/airflow/example_dags/example_latest_only.py for tasks to queue
[2024-12-29T00:24:46.223+0000] {logging_mixin.py:190} INFO - [2024-12-29T00:24:46.223+0000] {dagbag.py:588} INFO - Filling up the DagBag from /home/airflow/.local/lib/python3.12/site-packages/airflow/example_dags/example_latest_only.py
[2024-12-29T00:24:46.235+0000] {processor.py:925} INFO - DAG(s) 'latest_only' retrieved from /home/airflow/.local/lib/python3.12/site-packages/airflow/example_dags/example_latest_only.py
[2024-12-29T00:24:46.264+0000] {logging_mixin.py:190} INFO - [2024-12-29T00:24:46.263+0000] {dag.py:3239} INFO - Sync 1 DAGs
[2024-12-29T00:24:46.300+0000] {logging_mixin.py:190} INFO - [2024-12-29T00:24:46.300+0000] {dag.py:4180} INFO - Setting next_dagrun for latest_only to 2024-12-28 20:00:00+00:00, run_after=2024-12-29 00:00:00+00:00
[2024-12-29T00:24:46.332+0000] {processor.py:208} INFO - Processing /home/airflow/.local/lib/python3.12/site-packages/airflow/example_dags/example_latest_only.py took 0.122 seconds
[2024-12-29T00:25:17.327+0000] {processor.py:186} INFO - Started process (PID=783) to work on /home/airflow/.local/lib/python3.12/site-packages/airflow/example_dags/example_latest_only.py
[2024-12-29T00:25:17.328+0000] {processor.py:914} INFO - Processing file /home/airflow/.local/lib/python3.12/site-packages/airflow/example_dags/example_latest_only.py for tasks to queue
[2024-12-29T00:25:17.331+0000] {logging_mixin.py:190} INFO - [2024-12-29T00:25:17.331+0000] {dagbag.py:588} INFO - Filling up the DagBag from /home/airflow/.local/lib/python3.12/site-packages/airflow/example_dags/example_latest_only.py
[2024-12-29T00:25:17.341+0000] {processor.py:925} INFO - DAG(s) 'latest_only' retrieved from /home/airflow/.local/lib/python3.12/site-packages/airflow/example_dags/example_latest_only.py
[2024-12-29T00:25:17.369+0000] {logging_mixin.py:190} INFO - [2024-12-29T00:25:17.368+0000] {dag.py:3239} INFO - Sync 1 DAGs
[2024-12-29T00:25:17.398+0000] {logging_mixin.py:190} INFO - [2024-12-29T00:25:17.397+0000] {dag.py:4180} INFO - Setting next_dagrun for latest_only to 2024-12-28 20:00:00+00:00, run_after=2024-12-29 00:00:00+00:00
[2024-12-29T00:25:17.421+0000] {processor.py:208} INFO - Processing /home/airflow/.local/lib/python3.12/site-packages/airflow/example_dags/example_latest_only.py took 0.102 seconds
[2024-12-29T00:25:48.841+0000] {processor.py:186} INFO - Started process (PID=848) to work on /home/airflow/.local/lib/python3.12/site-packages/airflow/example_dags/example_latest_only.py
[2024-12-29T00:25:48.843+0000] {processor.py:914} INFO - Processing file /home/airflow/.local/lib/python3.12/site-packages/airflow/example_dags/example_latest_only.py for tasks to queue
[2024-12-29T00:25:48.845+0000] {logging_mixin.py:190} INFO - [2024-12-29T00:25:48.845+0000] {dagbag.py:588} INFO - Filling up the DagBag from /home/airflow/.local/lib/python3.12/site-packages/airflow/example_dags/example_latest_only.py
[2024-12-29T00:25:48.854+0000] {processor.py:925} INFO - DAG(s) 'latest_only' retrieved from /home/airflow/.local/lib/python3.12/site-packages/airflow/example_dags/example_latest_only.py
[2024-12-29T00:25:48.881+0000] {logging_mixin.py:190} INFO - [2024-12-29T00:25:48.881+0000] {dag.py:3239} INFO - Sync 1 DAGs
[2024-12-29T00:25:48.908+0000] {logging_mixin.py:190} INFO - [2024-12-29T00:25:48.908+0000] {dag.py:4180} INFO - Setting next_dagrun for latest_only to 2024-12-28 20:00:00+00:00, run_after=2024-12-29 00:00:00+00:00
[2024-12-29T00:25:48.937+0000] {processor.py:208} INFO - Processing /home/airflow/.local/lib/python3.12/site-packages/airflow/example_dags/example_latest_only.py took 0.102 seconds
[2024-12-29T00:26:19.890+0000] {processor.py:186} INFO - Started process (PID=913) to work on /home/airflow/.local/lib/python3.12/site-packages/airflow/example_dags/example_latest_only.py
[2024-12-29T00:26:19.892+0000] {processor.py:914} INFO - Processing file /home/airflow/.local/lib/python3.12/site-packages/airflow/example_dags/example_latest_only.py for tasks to queue
[2024-12-29T00:26:19.894+0000] {logging_mixin.py:190} INFO - [2024-12-29T00:26:19.894+0000] {dagbag.py:588} INFO - Filling up the DagBag from /home/airflow/.local/lib/python3.12/site-packages/airflow/example_dags/example_latest_only.py
[2024-12-29T00:26:19.903+0000] {processor.py:925} INFO - DAG(s) 'latest_only' retrieved from /home/airflow/.local/lib/python3.12/site-packages/airflow/example_dags/example_latest_only.py
[2024-12-29T00:26:19.929+0000] {logging_mixin.py:190} INFO - [2024-12-29T00:26:19.929+0000] {dag.py:3239} INFO - Sync 1 DAGs
[2024-12-29T00:26:19.959+0000] {logging_mixin.py:190} INFO - [2024-12-29T00:26:19.959+0000] {dag.py:4180} INFO - Setting next_dagrun for latest_only to 2024-12-28 20:00:00+00:00, run_after=2024-12-29 00:00:00+00:00
[2024-12-29T00:26:19.985+0000] {processor.py:208} INFO - Processing /home/airflow/.local/lib/python3.12/site-packages/airflow/example_dags/example_latest_only.py took 0.101 seconds
[2024-12-29T00:26:51.328+0000] {processor.py:186} INFO - Started process (PID=978) to work on /home/airflow/.local/lib/python3.12/site-packages/airflow/example_dags/example_latest_only.py
[2024-12-29T00:26:51.330+0000] {processor.py:914} INFO - Processing file /home/airflow/.local/lib/python3.12/site-packages/airflow/example_dags/example_latest_only.py for tasks to queue
[2024-12-29T00:26:51.332+0000] {logging_mixin.py:190} INFO - [2024-12-29T00:26:51.332+0000] {dagbag.py:588} INFO - Filling up the DagBag from /home/airflow/.local/lib/python3.12/site-packages/airflow/example_dags/example_latest_only.py
[2024-12-29T00:26:51.341+0000] {processor.py:925} INFO - DAG(s) 'latest_only' retrieved from /home/airflow/.local/lib/python3.12/site-packages/airflow/example_dags/example_latest_only.py
[2024-12-29T00:26:51.369+0000] {logging_mixin.py:190} INFO - [2024-12-29T00:26:51.369+0000] {dag.py:3239} INFO - Sync 1 DAGs
[2024-12-29T00:26:51.399+0000] {logging_mixin.py:190} INFO - [2024-12-29T00:26:51.398+0000] {dag.py:4180} INFO - Setting next_dagrun for latest_only to 2024-12-28 20:00:00+00:00, run_after=2024-12-29 00:00:00+00:00
[2024-12-29T00:26:51.433+0000] {processor.py:208} INFO - Processing /home/airflow/.local/lib/python3.12/site-packages/airflow/example_dags/example_latest_only.py took 0.112 seconds
[2024-12-29T00:27:23.292+0000] {processor.py:186} INFO - Started process (PID=1043) to work on /home/airflow/.local/lib/python3.12/site-packages/airflow/example_dags/example_latest_only.py
[2024-12-29T00:27:23.294+0000] {processor.py:914} INFO - Processing file /home/airflow/.local/lib/python3.12/site-packages/airflow/example_dags/example_latest_only.py for tasks to queue
[2024-12-29T00:27:23.296+0000] {logging_mixin.py:190} INFO - [2024-12-29T00:27:23.296+0000] {dagbag.py:588} INFO - Filling up the DagBag from /home/airflow/.local/lib/python3.12/site-packages/airflow/example_dags/example_latest_only.py
[2024-12-29T00:27:23.305+0000] {processor.py:925} INFO - DAG(s) 'latest_only' retrieved from /home/airflow/.local/lib/python3.12/site-packages/airflow/example_dags/example_latest_only.py
[2024-12-29T00:27:23.335+0000] {logging_mixin.py:190} INFO - [2024-12-29T00:27:23.335+0000] {dag.py:3239} INFO - Sync 1 DAGs
[2024-12-29T00:27:23.378+0000] {logging_mixin.py:190} INFO - [2024-12-29T00:27:23.377+0000] {dag.py:4180} INFO - Setting next_dagrun for latest_only to 2024-12-28 20:00:00+00:00, run_after=2024-12-29 00:00:00+00:00
[2024-12-29T00:27:23.409+0000] {processor.py:208} INFO - Processing /home/airflow/.local/lib/python3.12/site-packages/airflow/example_dags/example_latest_only.py took 0.124 seconds
[2024-12-29T00:27:53.897+0000] {processor.py:186} INFO - Started process (PID=1108) to work on /home/airflow/.local/lib/python3.12/site-packages/airflow/example_dags/example_latest_only.py
[2024-12-29T00:27:53.899+0000] {processor.py:914} INFO - Processing file /home/airflow/.local/lib/python3.12/site-packages/airflow/example_dags/example_latest_only.py for tasks to queue
[2024-12-29T00:27:53.903+0000] {logging_mixin.py:190} INFO - [2024-12-29T00:27:53.902+0000] {dagbag.py:588} INFO - Filling up the DagBag from /home/airflow/.local/lib/python3.12/site-packages/airflow/example_dags/example_latest_only.py
[2024-12-29T00:27:53.917+0000] {processor.py:925} INFO - DAG(s) 'latest_only' retrieved from /home/airflow/.local/lib/python3.12/site-packages/airflow/example_dags/example_latest_only.py
[2024-12-29T00:27:53.953+0000] {logging_mixin.py:190} INFO - [2024-12-29T00:27:53.952+0000] {dag.py:3239} INFO - Sync 1 DAGs
[2024-12-29T00:27:53.986+0000] {logging_mixin.py:190} INFO - [2024-12-29T00:27:53.986+0000] {dag.py:4180} INFO - Setting next_dagrun for latest_only to 2024-12-28 20:00:00+00:00, run_after=2024-12-29 00:00:00+00:00
[2024-12-29T00:27:54.017+0000] {processor.py:208} INFO - Processing /home/airflow/.local/lib/python3.12/site-packages/airflow/example_dags/example_latest_only.py took 0.128 seconds
[2024-12-29T00:28:24.790+0000] {processor.py:186} INFO - Started process (PID=1174) to work on /home/airflow/.local/lib/python3.12/site-packages/airflow/example_dags/example_latest_only.py
[2024-12-29T00:28:24.792+0000] {processor.py:914} INFO - Processing file /home/airflow/.local/lib/python3.12/site-packages/airflow/example_dags/example_latest_only.py for tasks to queue
[2024-12-29T00:28:24.794+0000] {logging_mixin.py:190} INFO - [2024-12-29T00:28:24.794+0000] {dagbag.py:588} INFO - Filling up the DagBag from /home/airflow/.local/lib/python3.12/site-packages/airflow/example_dags/example_latest_only.py
[2024-12-29T00:28:24.802+0000] {processor.py:925} INFO - DAG(s) 'latest_only' retrieved from /home/airflow/.local/lib/python3.12/site-packages/airflow/example_dags/example_latest_only.py
[2024-12-29T00:28:24.827+0000] {logging_mixin.py:190} INFO - [2024-12-29T00:28:24.827+0000] {dag.py:3239} INFO - Sync 1 DAGs
[2024-12-29T00:28:24.854+0000] {logging_mixin.py:190} INFO - [2024-12-29T00:28:24.854+0000] {dag.py:4180} INFO - Setting next_dagrun for latest_only to 2024-12-28 20:00:00+00:00, run_after=2024-12-29 00:00:00+00:00
[2024-12-29T00:28:24.880+0000] {processor.py:208} INFO - Processing /home/airflow/.local/lib/python3.12/site-packages/airflow/example_dags/example_latest_only.py took 0.095 seconds
[2024-12-29T00:28:56.018+0000] {processor.py:186} INFO - Started process (PID=1239) to work on /home/airflow/.local/lib/python3.12/site-packages/airflow/example_dags/example_latest_only.py
[2024-12-29T00:28:56.020+0000] {processor.py:914} INFO - Processing file /home/airflow/.local/lib/python3.12/site-packages/airflow/example_dags/example_latest_only.py for tasks to queue
[2024-12-29T00:28:56.022+0000] {logging_mixin.py:190} INFO - [2024-12-29T00:28:56.022+0000] {dagbag.py:588} INFO - Filling up the DagBag from /home/airflow/.local/lib/python3.12/site-packages/airflow/example_dags/example_latest_only.py
[2024-12-29T00:28:56.029+0000] {processor.py:925} INFO - DAG(s) 'latest_only' retrieved from /home/airflow/.local/lib/python3.12/site-packages/airflow/example_dags/example_latest_only.py
[2024-12-29T00:28:56.054+0000] {logging_mixin.py:190} INFO - [2024-12-29T00:28:56.054+0000] {dag.py:3239} INFO - Sync 1 DAGs
[2024-12-29T00:28:56.084+0000] {logging_mixin.py:190} INFO - [2024-12-29T00:28:56.084+0000] {dag.py:4180} INFO - Setting next_dagrun for latest_only to 2024-12-28 20:00:00+00:00, run_after=2024-12-29 00:00:00+00:00
[2024-12-29T00:28:56.115+0000] {processor.py:208} INFO - Processing /home/airflow/.local/lib/python3.12/site-packages/airflow/example_dags/example_latest_only.py took 0.103 seconds
[2024-12-29T00:29:27.750+0000] {processor.py:186} INFO - Started process (PID=1304) to work on /home/airflow/.local/lib/python3.12/site-packages/airflow/example_dags/example_latest_only.py
[2024-12-29T00:29:27.751+0000] {processor.py:914} INFO - Processing file /home/airflow/.local/lib/python3.12/site-packages/airflow/example_dags/example_latest_only.py for tasks to queue
[2024-12-29T00:29:27.754+0000] {logging_mixin.py:190} INFO - [2024-12-29T00:29:27.753+0000] {dagbag.py:588} INFO - Filling up the DagBag from /home/airflow/.local/lib/python3.12/site-packages/airflow/example_dags/example_latest_only.py
[2024-12-29T00:29:27.762+0000] {processor.py:925} INFO - DAG(s) 'latest_only' retrieved from /home/airflow/.local/lib/python3.12/site-packages/airflow/example_dags/example_latest_only.py
[2024-12-29T00:29:27.788+0000] {logging_mixin.py:190} INFO - [2024-12-29T00:29:27.788+0000] {dag.py:3239} INFO - Sync 1 DAGs
[2024-12-29T00:29:27.816+0000] {logging_mixin.py:190} INFO - [2024-12-29T00:29:27.816+0000] {dag.py:4180} INFO - Setting next_dagrun for latest_only to 2024-12-28 20:00:00+00:00, run_after=2024-12-29 00:00:00+00:00
[2024-12-29T00:29:27.842+0000] {processor.py:208} INFO - Processing /home/airflow/.local/lib/python3.12/site-packages/airflow/example_dags/example_latest_only.py took 0.099 seconds
[2024-12-29T00:29:58.523+0000] {processor.py:186} INFO - Started process (PID=1369) to work on /home/airflow/.local/lib/python3.12/site-packages/airflow/example_dags/example_latest_only.py
[2024-12-29T00:29:58.524+0000] {processor.py:914} INFO - Processing file /home/airflow/.local/lib/python3.12/site-packages/airflow/example_dags/example_latest_only.py for tasks to queue
[2024-12-29T00:29:58.527+0000] {logging_mixin.py:190} INFO - [2024-12-29T00:29:58.526+0000] {dagbag.py:588} INFO - Filling up the DagBag from /home/airflow/.local/lib/python3.12/site-packages/airflow/example_dags/example_latest_only.py
[2024-12-29T00:29:58.533+0000] {processor.py:925} INFO - DAG(s) 'latest_only' retrieved from /home/airflow/.local/lib/python3.12/site-packages/airflow/example_dags/example_latest_only.py
[2024-12-29T00:29:58.556+0000] {logging_mixin.py:190} INFO - [2024-12-29T00:29:58.556+0000] {dag.py:3239} INFO - Sync 1 DAGs
[2024-12-29T00:29:58.583+0000] {logging_mixin.py:190} INFO - [2024-12-29T00:29:58.583+0000] {dag.py:4180} INFO - Setting next_dagrun for latest_only to 2024-12-28 20:00:00+00:00, run_after=2024-12-29 00:00:00+00:00
[2024-12-29T00:29:58.607+0000] {processor.py:208} INFO - Processing /home/airflow/.local/lib/python3.12/site-packages/airflow/example_dags/example_latest_only.py took 0.089 seconds
[2024-12-29T00:30:29.438+0000] {processor.py:186} INFO - Started process (PID=1435) to work on /home/airflow/.local/lib/python3.12/site-packages/airflow/example_dags/example_latest_only.py
[2024-12-29T00:30:29.440+0000] {processor.py:914} INFO - Processing file /home/airflow/.local/lib/python3.12/site-packages/airflow/example_dags/example_latest_only.py for tasks to queue
[2024-12-29T00:30:29.442+0000] {logging_mixin.py:190} INFO - [2024-12-29T00:30:29.442+0000] {dagbag.py:588} INFO - Filling up the DagBag from /home/airflow/.local/lib/python3.12/site-packages/airflow/example_dags/example_latest_only.py
[2024-12-29T00:30:29.449+0000] {processor.py:925} INFO - DAG(s) 'latest_only' retrieved from /home/airflow/.local/lib/python3.12/site-packages/airflow/example_dags/example_latest_only.py
[2024-12-29T00:30:29.471+0000] {logging_mixin.py:190} INFO - [2024-12-29T00:30:29.470+0000] {dag.py:3239} INFO - Sync 1 DAGs
[2024-12-29T00:30:29.496+0000] {logging_mixin.py:190} INFO - [2024-12-29T00:30:29.496+0000] {dag.py:4180} INFO - Setting next_dagrun for latest_only to 2024-12-28 20:00:00+00:00, run_after=2024-12-29 00:00:00+00:00
[2024-12-29T00:30:29.521+0000] {processor.py:208} INFO - Processing /home/airflow/.local/lib/python3.12/site-packages/airflow/example_dags/example_latest_only.py took 0.090 seconds
[2024-12-29T00:31:01.423+0000] {processor.py:186} INFO - Started process (PID=1501) to work on /home/airflow/.local/lib/python3.12/site-packages/airflow/example_dags/example_latest_only.py
[2024-12-29T00:31:01.425+0000] {processor.py:914} INFO - Processing file /home/airflow/.local/lib/python3.12/site-packages/airflow/example_dags/example_latest_only.py for tasks to queue
[2024-12-29T00:31:01.428+0000] {logging_mixin.py:190} INFO - [2024-12-29T00:31:01.427+0000] {dagbag.py:588} INFO - Filling up the DagBag from /home/airflow/.local/lib/python3.12/site-packages/airflow/example_dags/example_latest_only.py
[2024-12-29T00:31:01.437+0000] {processor.py:925} INFO - DAG(s) 'latest_only' retrieved from /home/airflow/.local/lib/python3.12/site-packages/airflow/example_dags/example_latest_only.py
[2024-12-29T00:31:01.470+0000] {logging_mixin.py:190} INFO - [2024-12-29T00:31:01.470+0000] {dag.py:3239} INFO - Sync 1 DAGs
[2024-12-29T00:31:01.507+0000] {logging_mixin.py:190} INFO - [2024-12-29T00:31:01.507+0000] {dag.py:4180} INFO - Setting next_dagrun for latest_only to 2024-12-28 20:00:00+00:00, run_after=2024-12-29 00:00:00+00:00
[2024-12-29T00:31:01.539+0000] {processor.py:208} INFO - Processing /home/airflow/.local/lib/python3.12/site-packages/airflow/example_dags/example_latest_only.py took 0.123 seconds
[2024-12-29T00:31:32.527+0000] {processor.py:186} INFO - Started process (PID=1567) to work on /home/airflow/.local/lib/python3.12/site-packages/airflow/example_dags/example_latest_only.py
[2024-12-29T00:31:32.529+0000] {processor.py:914} INFO - Processing file /home/airflow/.local/lib/python3.12/site-packages/airflow/example_dags/example_latest_only.py for tasks to queue
[2024-12-29T00:31:32.532+0000] {logging_mixin.py:190} INFO - [2024-12-29T00:31:32.531+0000] {dagbag.py:588} INFO - Filling up the DagBag from /home/airflow/.local/lib/python3.12/site-packages/airflow/example_dags/example_latest_only.py
[2024-12-29T00:31:32.540+0000] {processor.py:925} INFO - DAG(s) 'latest_only' retrieved from /home/airflow/.local/lib/python3.12/site-packages/airflow/example_dags/example_latest_only.py
[2024-12-29T00:31:32.567+0000] {logging_mixin.py:190} INFO - [2024-12-29T00:31:32.567+0000] {dag.py:3239} INFO - Sync 1 DAGs
[2024-12-29T00:31:32.600+0000] {logging_mixin.py:190} INFO - [2024-12-29T00:31:32.599+0000] {dag.py:4180} INFO - Setting next_dagrun for latest_only to 2024-12-28 20:00:00+00:00, run_after=2024-12-29 00:00:00+00:00
[2024-12-29T00:31:32.631+0000] {processor.py:208} INFO - Processing /home/airflow/.local/lib/python3.12/site-packages/airflow/example_dags/example_latest_only.py took 0.111 seconds
[2024-12-29T00:32:03.608+0000] {processor.py:186} INFO - Started process (PID=1633) to work on /home/airflow/.local/lib/python3.12/site-packages/airflow/example_dags/example_latest_only.py
[2024-12-29T00:32:03.609+0000] {processor.py:914} INFO - Processing file /home/airflow/.local/lib/python3.12/site-packages/airflow/example_dags/example_latest_only.py for tasks to queue
[2024-12-29T00:32:03.612+0000] {logging_mixin.py:190} INFO - [2024-12-29T00:32:03.611+0000] {dagbag.py:588} INFO - Filling up the DagBag from /home/airflow/.local/lib/python3.12/site-packages/airflow/example_dags/example_latest_only.py
[2024-12-29T00:32:03.619+0000] {processor.py:925} INFO - DAG(s) 'latest_only' retrieved from /home/airflow/.local/lib/python3.12/site-packages/airflow/example_dags/example_latest_only.py
[2024-12-29T00:32:03.643+0000] {logging_mixin.py:190} INFO - [2024-12-29T00:32:03.643+0000] {dag.py:3239} INFO - Sync 1 DAGs
[2024-12-29T00:32:03.670+0000] {logging_mixin.py:190} INFO - [2024-12-29T00:32:03.670+0000] {dag.py:4180} INFO - Setting next_dagrun for latest_only to 2024-12-28 20:00:00+00:00, run_after=2024-12-29 00:00:00+00:00
[2024-12-29T00:32:03.693+0000] {processor.py:208} INFO - Processing /home/airflow/.local/lib/python3.12/site-packages/airflow/example_dags/example_latest_only.py took 0.091 seconds
[2024-12-29T00:32:36.018+0000] {processor.py:186} INFO - Started process (PID=1706) to work on /home/airflow/.local/lib/python3.12/site-packages/airflow/example_dags/example_latest_only.py
[2024-12-29T00:32:36.020+0000] {processor.py:914} INFO - Processing file /home/airflow/.local/lib/python3.12/site-packages/airflow/example_dags/example_latest_only.py for tasks to queue
[2024-12-29T00:32:36.023+0000] {logging_mixin.py:190} INFO - [2024-12-29T00:32:36.022+0000] {dagbag.py:588} INFO - Filling up the DagBag from /home/airflow/.local/lib/python3.12/site-packages/airflow/example_dags/example_latest_only.py
[2024-12-29T00:32:36.031+0000] {processor.py:925} INFO - DAG(s) 'latest_only' retrieved from /home/airflow/.local/lib/python3.12/site-packages/airflow/example_dags/example_latest_only.py
[2024-12-29T00:32:36.058+0000] {logging_mixin.py:190} INFO - [2024-12-29T00:32:36.057+0000] {dag.py:3239} INFO - Sync 1 DAGs
[2024-12-29T00:32:36.087+0000] {logging_mixin.py:190} INFO - [2024-12-29T00:32:36.087+0000] {dag.py:4180} INFO - Setting next_dagrun for latest_only to 2024-12-28 20:00:00+00:00, run_after=2024-12-29 00:00:00+00:00
[2024-12-29T00:32:36.112+0000] {processor.py:208} INFO - Processing /home/airflow/.local/lib/python3.12/site-packages/airflow/example_dags/example_latest_only.py took 0.100 seconds
[2024-12-29T00:33:07.183+0000] {processor.py:186} INFO - Started process (PID=1771) to work on /home/airflow/.local/lib/python3.12/site-packages/airflow/example_dags/example_latest_only.py
[2024-12-29T00:33:07.185+0000] {processor.py:914} INFO - Processing file /home/airflow/.local/lib/python3.12/site-packages/airflow/example_dags/example_latest_only.py for tasks to queue
[2024-12-29T00:33:07.188+0000] {logging_mixin.py:190} INFO - [2024-12-29T00:33:07.188+0000] {dagbag.py:588} INFO - Filling up the DagBag from /home/airflow/.local/lib/python3.12/site-packages/airflow/example_dags/example_latest_only.py
[2024-12-29T00:33:07.197+0000] {processor.py:925} INFO - DAG(s) 'latest_only' retrieved from /home/airflow/.local/lib/python3.12/site-packages/airflow/example_dags/example_latest_only.py
[2024-12-29T00:33:07.226+0000] {logging_mixin.py:190} INFO - [2024-12-29T00:33:07.226+0000] {dag.py:3239} INFO - Sync 1 DAGs
[2024-12-29T00:33:07.259+0000] {logging_mixin.py:190} INFO - [2024-12-29T00:33:07.259+0000] {dag.py:4180} INFO - Setting next_dagrun for latest_only to 2024-12-28 20:00:00+00:00, run_after=2024-12-29 00:00:00+00:00
[2024-12-29T00:33:07.287+0000] {processor.py:208} INFO - Processing /home/airflow/.local/lib/python3.12/site-packages/airflow/example_dags/example_latest_only.py took 0.110 seconds
[2024-12-29T00:33:39.143+0000] {processor.py:186} INFO - Started process (PID=1836) to work on /home/airflow/.local/lib/python3.12/site-packages/airflow/example_dags/example_latest_only.py
[2024-12-29T00:33:39.145+0000] {processor.py:914} INFO - Processing file /home/airflow/.local/lib/python3.12/site-packages/airflow/example_dags/example_latest_only.py for tasks to queue
[2024-12-29T00:33:39.148+0000] {logging_mixin.py:190} INFO - [2024-12-29T00:33:39.148+0000] {dagbag.py:588} INFO - Filling up the DagBag from /home/airflow/.local/lib/python3.12/site-packages/airflow/example_dags/example_latest_only.py
[2024-12-29T00:33:39.157+0000] {processor.py:925} INFO - DAG(s) 'latest_only' retrieved from /home/airflow/.local/lib/python3.12/site-packages/airflow/example_dags/example_latest_only.py
[2024-12-29T00:33:39.187+0000] {logging_mixin.py:190} INFO - [2024-12-29T00:33:39.187+0000] {dag.py:3239} INFO - Sync 1 DAGs
[2024-12-29T00:33:39.220+0000] {logging_mixin.py:190} INFO - [2024-12-29T00:33:39.220+0000] {dag.py:4180} INFO - Setting next_dagrun for latest_only to 2024-12-28 20:00:00+00:00, run_after=2024-12-29 00:00:00+00:00
[2024-12-29T00:33:39.253+0000] {processor.py:208} INFO - Processing /home/airflow/.local/lib/python3.12/site-packages/airflow/example_dags/example_latest_only.py took 0.117 seconds
[2024-12-29T00:34:10.169+0000] {processor.py:186} INFO - Started process (PID=1907) to work on /home/airflow/.local/lib/python3.12/site-packages/airflow/example_dags/example_latest_only.py
[2024-12-29T00:34:10.170+0000] {processor.py:914} INFO - Processing file /home/airflow/.local/lib/python3.12/site-packages/airflow/example_dags/example_latest_only.py for tasks to queue
[2024-12-29T00:34:10.174+0000] {logging_mixin.py:190} INFO - [2024-12-29T00:34:10.174+0000] {dagbag.py:588} INFO - Filling up the DagBag from /home/airflow/.local/lib/python3.12/site-packages/airflow/example_dags/example_latest_only.py
[2024-12-29T00:34:10.184+0000] {processor.py:925} INFO - DAG(s) 'latest_only' retrieved from /home/airflow/.local/lib/python3.12/site-packages/airflow/example_dags/example_latest_only.py
[2024-12-29T00:34:10.211+0000] {logging_mixin.py:190} INFO - [2024-12-29T00:34:10.211+0000] {dag.py:3239} INFO - Sync 1 DAGs
[2024-12-29T00:34:10.245+0000] {logging_mixin.py:190} INFO - [2024-12-29T00:34:10.244+0000] {dag.py:4180} INFO - Setting next_dagrun for latest_only to 2024-12-28 20:00:00+00:00, run_after=2024-12-29 00:00:00+00:00
[2024-12-29T00:34:10.274+0000] {processor.py:208} INFO - Processing /home/airflow/.local/lib/python3.12/site-packages/airflow/example_dags/example_latest_only.py took 0.113 seconds
[2024-12-29T00:34:41.796+0000] {processor.py:186} INFO - Started process (PID=1972) to work on /home/airflow/.local/lib/python3.12/site-packages/airflow/example_dags/example_latest_only.py
[2024-12-29T00:34:41.798+0000] {processor.py:914} INFO - Processing file /home/airflow/.local/lib/python3.12/site-packages/airflow/example_dags/example_latest_only.py for tasks to queue
[2024-12-29T00:34:41.802+0000] {logging_mixin.py:190} INFO - [2024-12-29T00:34:41.801+0000] {dagbag.py:588} INFO - Filling up the DagBag from /home/airflow/.local/lib/python3.12/site-packages/airflow/example_dags/example_latest_only.py
[2024-12-29T00:34:41.810+0000] {processor.py:925} INFO - DAG(s) 'latest_only' retrieved from /home/airflow/.local/lib/python3.12/site-packages/airflow/example_dags/example_latest_only.py
[2024-12-29T00:34:41.842+0000] {logging_mixin.py:190} INFO - [2024-12-29T00:34:41.841+0000] {dag.py:3239} INFO - Sync 1 DAGs
[2024-12-29T00:34:41.876+0000] {logging_mixin.py:190} INFO - [2024-12-29T00:34:41.876+0000] {dag.py:4180} INFO - Setting next_dagrun for latest_only to 2024-12-28 20:00:00+00:00, run_after=2024-12-29 00:00:00+00:00
[2024-12-29T00:34:41.908+0000] {processor.py:208} INFO - Processing /home/airflow/.local/lib/python3.12/site-packages/airflow/example_dags/example_latest_only.py took 0.119 seconds
[2024-12-29T00:35:12.867+0000] {processor.py:186} INFO - Started process (PID=2037) to work on /home/airflow/.local/lib/python3.12/site-packages/airflow/example_dags/example_latest_only.py
[2024-12-29T00:35:12.869+0000] {processor.py:914} INFO - Processing file /home/airflow/.local/lib/python3.12/site-packages/airflow/example_dags/example_latest_only.py for tasks to queue
[2024-12-29T00:35:12.872+0000] {logging_mixin.py:190} INFO - [2024-12-29T00:35:12.872+0000] {dagbag.py:588} INFO - Filling up the DagBag from /home/airflow/.local/lib/python3.12/site-packages/airflow/example_dags/example_latest_only.py
[2024-12-29T00:35:12.882+0000] {processor.py:925} INFO - DAG(s) 'latest_only' retrieved from /home/airflow/.local/lib/python3.12/site-packages/airflow/example_dags/example_latest_only.py
[2024-12-29T00:35:12.917+0000] {logging_mixin.py:190} INFO - [2024-12-29T00:35:12.916+0000] {dag.py:3239} INFO - Sync 1 DAGs
[2024-12-29T00:35:12.956+0000] {logging_mixin.py:190} INFO - [2024-12-29T00:35:12.955+0000] {dag.py:4180} INFO - Setting next_dagrun for latest_only to 2024-12-28 20:00:00+00:00, run_after=2024-12-29 00:00:00+00:00
[2024-12-29T00:35:12.983+0000] {processor.py:208} INFO - Processing /home/airflow/.local/lib/python3.12/site-packages/airflow/example_dags/example_latest_only.py took 0.126 seconds
[2024-12-29T00:35:43.403+0000] {processor.py:186} INFO - Started process (PID=2102) to work on /home/airflow/.local/lib/python3.12/site-packages/airflow/example_dags/example_latest_only.py
[2024-12-29T00:35:43.405+0000] {processor.py:914} INFO - Processing file /home/airflow/.local/lib/python3.12/site-packages/airflow/example_dags/example_latest_only.py for tasks to queue
[2024-12-29T00:35:43.407+0000] {logging_mixin.py:190} INFO - [2024-12-29T00:35:43.407+0000] {dagbag.py:588} INFO - Filling up the DagBag from /home/airflow/.local/lib/python3.12/site-packages/airflow/example_dags/example_latest_only.py
[2024-12-29T00:35:43.416+0000] {processor.py:925} INFO - DAG(s) 'latest_only' retrieved from /home/airflow/.local/lib/python3.12/site-packages/airflow/example_dags/example_latest_only.py
[2024-12-29T00:35:43.444+0000] {logging_mixin.py:190} INFO - [2024-12-29T00:35:43.444+0000] {dag.py:3239} INFO - Sync 1 DAGs
[2024-12-29T00:35:43.474+0000] {logging_mixin.py:190} INFO - [2024-12-29T00:35:43.473+0000] {dag.py:4180} INFO - Setting next_dagrun for latest_only to 2024-12-28 20:00:00+00:00, run_after=2024-12-29 00:00:00+00:00
[2024-12-29T00:35:43.505+0000] {processor.py:208} INFO - Processing /home/airflow/.local/lib/python3.12/site-packages/airflow/example_dags/example_latest_only.py took 0.108 seconds
[2024-12-29T00:36:14.422+0000] {processor.py:186} INFO - Started process (PID=2167) to work on /home/airflow/.local/lib/python3.12/site-packages/airflow/example_dags/example_latest_only.py
[2024-12-29T00:36:14.423+0000] {processor.py:914} INFO - Processing file /home/airflow/.local/lib/python3.12/site-packages/airflow/example_dags/example_latest_only.py for tasks to queue
[2024-12-29T00:36:14.426+0000] {logging_mixin.py:190} INFO - [2024-12-29T00:36:14.426+0000] {dagbag.py:588} INFO - Filling up the DagBag from /home/airflow/.local/lib/python3.12/site-packages/airflow/example_dags/example_latest_only.py
[2024-12-29T00:36:14.433+0000] {processor.py:925} INFO - DAG(s) 'latest_only' retrieved from /home/airflow/.local/lib/python3.12/site-packages/airflow/example_dags/example_latest_only.py
[2024-12-29T00:36:14.458+0000] {logging_mixin.py:190} INFO - [2024-12-29T00:36:14.457+0000] {dag.py:3239} INFO - Sync 1 DAGs
[2024-12-29T00:36:14.485+0000] {logging_mixin.py:190} INFO - [2024-12-29T00:36:14.485+0000] {dag.py:4180} INFO - Setting next_dagrun for latest_only to 2024-12-28 20:00:00+00:00, run_after=2024-12-29 00:00:00+00:00
[2024-12-29T00:36:14.513+0000] {processor.py:208} INFO - Processing /home/airflow/.local/lib/python3.12/site-packages/airflow/example_dags/example_latest_only.py took 0.097 seconds
[2024-12-29T00:36:46.145+0000] {processor.py:186} INFO - Started process (PID=2233) to work on /home/airflow/.local/lib/python3.12/site-packages/airflow/example_dags/example_latest_only.py
[2024-12-29T00:36:46.147+0000] {processor.py:914} INFO - Processing file /home/airflow/.local/lib/python3.12/site-packages/airflow/example_dags/example_latest_only.py for tasks to queue
[2024-12-29T00:36:46.151+0000] {logging_mixin.py:190} INFO - [2024-12-29T00:36:46.150+0000] {dagbag.py:588} INFO - Filling up the DagBag from /home/airflow/.local/lib/python3.12/site-packages/airflow/example_dags/example_latest_only.py
[2024-12-29T00:36:46.159+0000] {processor.py:925} INFO - DAG(s) 'latest_only' retrieved from /home/airflow/.local/lib/python3.12/site-packages/airflow/example_dags/example_latest_only.py
[2024-12-29T00:36:46.187+0000] {logging_mixin.py:190} INFO - [2024-12-29T00:36:46.187+0000] {dag.py:3239} INFO - Sync 1 DAGs
[2024-12-29T00:36:46.216+0000] {logging_mixin.py:190} INFO - [2024-12-29T00:36:46.215+0000] {dag.py:4180} INFO - Setting next_dagrun for latest_only to 2024-12-28 20:00:00+00:00, run_after=2024-12-29 00:00:00+00:00
[2024-12-29T00:36:46.242+0000] {processor.py:208} INFO - Processing /home/airflow/.local/lib/python3.12/site-packages/airflow/example_dags/example_latest_only.py took 0.103 seconds
[2024-12-29T00:37:16.762+0000] {processor.py:186} INFO - Started process (PID=2298) to work on /home/airflow/.local/lib/python3.12/site-packages/airflow/example_dags/example_latest_only.py
[2024-12-29T00:37:16.764+0000] {processor.py:914} INFO - Processing file /home/airflow/.local/lib/python3.12/site-packages/airflow/example_dags/example_latest_only.py for tasks to queue
[2024-12-29T00:37:16.766+0000] {logging_mixin.py:190} INFO - [2024-12-29T00:37:16.766+0000] {dagbag.py:588} INFO - Filling up the DagBag from /home/airflow/.local/lib/python3.12/site-packages/airflow/example_dags/example_latest_only.py
[2024-12-29T00:37:16.774+0000] {processor.py:925} INFO - DAG(s) 'latest_only' retrieved from /home/airflow/.local/lib/python3.12/site-packages/airflow/example_dags/example_latest_only.py
[2024-12-29T00:37:16.801+0000] {logging_mixin.py:190} INFO - [2024-12-29T00:37:16.801+0000] {dag.py:3239} INFO - Sync 1 DAGs
[2024-12-29T00:37:16.827+0000] {logging_mixin.py:190} INFO - [2024-12-29T00:37:16.827+0000] {dag.py:4180} INFO - Setting next_dagrun for latest_only to 2024-12-28 20:00:00+00:00, run_after=2024-12-29 00:00:00+00:00
[2024-12-29T00:37:16.854+0000] {processor.py:208} INFO - Processing /home/airflow/.local/lib/python3.12/site-packages/airflow/example_dags/example_latest_only.py took 0.097 seconds
[2024-12-29T00:37:48.340+0000] {processor.py:186} INFO - Started process (PID=2363) to work on /home/airflow/.local/lib/python3.12/site-packages/airflow/example_dags/example_latest_only.py
[2024-12-29T00:37:48.343+0000] {processor.py:914} INFO - Processing file /home/airflow/.local/lib/python3.12/site-packages/airflow/example_dags/example_latest_only.py for tasks to queue
[2024-12-29T00:37:48.349+0000] {logging_mixin.py:190} INFO - [2024-12-29T00:37:48.348+0000] {dagbag.py:588} INFO - Filling up the DagBag from /home/airflow/.local/lib/python3.12/site-packages/airflow/example_dags/example_latest_only.py
[2024-12-29T00:37:48.363+0000] {processor.py:925} INFO - DAG(s) 'latest_only' retrieved from /home/airflow/.local/lib/python3.12/site-packages/airflow/example_dags/example_latest_only.py
[2024-12-29T00:37:48.397+0000] {logging_mixin.py:190} INFO - [2024-12-29T00:37:48.397+0000] {dag.py:3239} INFO - Sync 1 DAGs
[2024-12-29T00:37:48.434+0000] {logging_mixin.py:190} INFO - [2024-12-29T00:37:48.434+0000] {dag.py:4180} INFO - Setting next_dagrun for latest_only to 2024-12-28 20:00:00+00:00, run_after=2024-12-29 00:00:00+00:00
[2024-12-29T00:37:48.469+0000] {processor.py:208} INFO - Processing /home/airflow/.local/lib/python3.12/site-packages/airflow/example_dags/example_latest_only.py took 0.142 seconds
[2024-12-29T00:38:19.312+0000] {processor.py:186} INFO - Started process (PID=2428) to work on /home/airflow/.local/lib/python3.12/site-packages/airflow/example_dags/example_latest_only.py
[2024-12-29T00:38:19.314+0000] {processor.py:914} INFO - Processing file /home/airflow/.local/lib/python3.12/site-packages/airflow/example_dags/example_latest_only.py for tasks to queue
[2024-12-29T00:38:19.317+0000] {logging_mixin.py:190} INFO - [2024-12-29T00:38:19.317+0000] {dagbag.py:588} INFO - Filling up the DagBag from /home/airflow/.local/lib/python3.12/site-packages/airflow/example_dags/example_latest_only.py
[2024-12-29T00:38:19.327+0000] {processor.py:925} INFO - DAG(s) 'latest_only' retrieved from /home/airflow/.local/lib/python3.12/site-packages/airflow/example_dags/example_latest_only.py
[2024-12-29T00:38:19.359+0000] {logging_mixin.py:190} INFO - [2024-12-29T00:38:19.358+0000] {dag.py:3239} INFO - Sync 1 DAGs
[2024-12-29T00:38:19.394+0000] {logging_mixin.py:190} INFO - [2024-12-29T00:38:19.393+0000] {dag.py:4180} INFO - Setting next_dagrun for latest_only to 2024-12-28 20:00:00+00:00, run_after=2024-12-29 00:00:00+00:00
[2024-12-29T00:38:19.425+0000] {processor.py:208} INFO - Processing /home/airflow/.local/lib/python3.12/site-packages/airflow/example_dags/example_latest_only.py took 0.121 seconds
