[2024-12-29T00:03:52.887+0000] {processor.py:186} INFO - Started process (PID=107) to work on /home/airflow/.local/lib/python3.12/site-packages/airflow/example_dags/example_bash_decorator.py
[2024-12-29T00:03:52.888+0000] {processor.py:914} INFO - Processing file /home/airflow/.local/lib/python3.12/site-packages/airflow/example_dags/example_bash_decorator.py for tasks to queue
[2024-12-29T00:03:52.891+0000] {logging_mixin.py:190} INFO - [2024-12-29T00:03:52.890+0000] {dagbag.py:588} INFO - Filling up the DagBag from /home/airflow/.local/lib/python3.12/site-packages/airflow/example_dags/example_bash_decorator.py
[2024-12-29T00:03:52.920+0000] {processor.py:925} INFO - DAG(s) 'example_bash_decorator' retrieved from /home/airflow/.local/lib/python3.12/site-packages/airflow/example_dags/example_bash_decorator.py
[2024-12-29T00:03:53.108+0000] {logging_mixin.py:190} INFO - [2024-12-29T00:03:53.107+0000] {override.py:1911} INFO - Created Permission View: can read on DAG:example_bash_decorator
[2024-12-29T00:03:53.207+0000] {logging_mixin.py:190} INFO - [2024-12-29T00:03:53.206+0000] {override.py:1911} INFO - Created Permission View: can edit on DAG:example_bash_decorator
[2024-12-29T00:03:53.220+0000] {logging_mixin.py:190} INFO - [2024-12-29T00:03:53.219+0000] {override.py:1911} INFO - Created Permission View: can delete on DAG:example_bash_decorator
[2024-12-29T00:03:53.234+0000] {logging_mixin.py:190} INFO - [2024-12-29T00:03:53.234+0000] {override.py:1911} INFO - Created Permission View: can create on DAG Run:example_bash_decorator
[2024-12-29T00:03:53.248+0000] {logging_mixin.py:190} INFO - [2024-12-29T00:03:53.247+0000] {override.py:1911} INFO - Created Permission View: can read on DAG Run:example_bash_decorator
[2024-12-29T00:03:53.262+0000] {logging_mixin.py:190} INFO - [2024-12-29T00:03:53.262+0000] {override.py:1911} INFO - Created Permission View: can delete on DAG Run:example_bash_decorator
[2024-12-29T00:03:53.279+0000] {logging_mixin.py:190} INFO - [2024-12-29T00:03:53.278+0000] {override.py:1911} INFO - Created Permission View: menu access on DAG Run:example_bash_decorator
[2024-12-29T00:03:53.279+0000] {logging_mixin.py:190} INFO - [2024-12-29T00:03:53.279+0000] {dag.py:3239} INFO - Sync 1 DAGs
[2024-12-29T00:03:53.301+0000] {logging_mixin.py:190} INFO - [2024-12-29T00:03:53.300+0000] {dag.py:3262} INFO - Creating ORM DAG for example_bash_decorator
[2024-12-29T00:03:53.302+0000] {logging_mixin.py:190} INFO - [2024-12-29T00:03:53.302+0000] {dag.py:4180} INFO - Setting next_dagrun for example_bash_decorator to None, run_after=None
[2024-12-29T00:03:53.343+0000] {processor.py:208} INFO - Processing /home/airflow/.local/lib/python3.12/site-packages/airflow/example_dags/example_bash_decorator.py took 0.464 seconds
[2024-12-29T00:04:23.431+0000] {processor.py:186} INFO - Started process (PID=171) to work on /home/airflow/.local/lib/python3.12/site-packages/airflow/example_dags/example_bash_decorator.py
[2024-12-29T00:04:23.432+0000] {processor.py:914} INFO - Processing file /home/airflow/.local/lib/python3.12/site-packages/airflow/example_dags/example_bash_decorator.py for tasks to queue
[2024-12-29T00:04:23.435+0000] {logging_mixin.py:190} INFO - [2024-12-29T00:04:23.434+0000] {dagbag.py:588} INFO - Filling up the DagBag from /home/airflow/.local/lib/python3.12/site-packages/airflow/example_dags/example_bash_decorator.py
[2024-12-29T00:04:23.451+0000] {processor.py:925} INFO - DAG(s) 'example_bash_decorator' retrieved from /home/airflow/.local/lib/python3.12/site-packages/airflow/example_dags/example_bash_decorator.py
[2024-12-29T00:04:23.481+0000] {logging_mixin.py:190} INFO - [2024-12-29T00:04:23.481+0000] {dag.py:3239} INFO - Sync 1 DAGs
[2024-12-29T00:04:23.497+0000] {logging_mixin.py:190} INFO - [2024-12-29T00:04:23.497+0000] {dag.py:4180} INFO - Setting next_dagrun for example_bash_decorator to None, run_after=None
[2024-12-29T00:04:23.522+0000] {processor.py:208} INFO - Processing /home/airflow/.local/lib/python3.12/site-packages/airflow/example_dags/example_bash_decorator.py took 0.098 seconds
[2024-12-29T00:04:54.438+0000] {processor.py:186} INFO - Started process (PID=235) to work on /home/airflow/.local/lib/python3.12/site-packages/airflow/example_dags/example_bash_decorator.py
[2024-12-29T00:04:54.440+0000] {processor.py:914} INFO - Processing file /home/airflow/.local/lib/python3.12/site-packages/airflow/example_dags/example_bash_decorator.py for tasks to queue
[2024-12-29T00:04:54.443+0000] {logging_mixin.py:190} INFO - [2024-12-29T00:04:54.442+0000] {dagbag.py:588} INFO - Filling up the DagBag from /home/airflow/.local/lib/python3.12/site-packages/airflow/example_dags/example_bash_decorator.py
[2024-12-29T00:04:54.462+0000] {processor.py:925} INFO - DAG(s) 'example_bash_decorator' retrieved from /home/airflow/.local/lib/python3.12/site-packages/airflow/example_dags/example_bash_decorator.py
[2024-12-29T00:04:54.494+0000] {logging_mixin.py:190} INFO - [2024-12-29T00:04:54.494+0000] {dag.py:3239} INFO - Sync 1 DAGs
[2024-12-29T00:04:54.512+0000] {logging_mixin.py:190} INFO - [2024-12-29T00:04:54.511+0000] {dag.py:4180} INFO - Setting next_dagrun for example_bash_decorator to None, run_after=None
[2024-12-29T00:04:54.536+0000] {processor.py:208} INFO - Processing /home/airflow/.local/lib/python3.12/site-packages/airflow/example_dags/example_bash_decorator.py took 0.105 seconds
[2024-12-29T00:05:24.956+0000] {processor.py:186} INFO - Started process (PID=299) to work on /home/airflow/.local/lib/python3.12/site-packages/airflow/example_dags/example_bash_decorator.py
[2024-12-29T00:05:24.958+0000] {processor.py:914} INFO - Processing file /home/airflow/.local/lib/python3.12/site-packages/airflow/example_dags/example_bash_decorator.py for tasks to queue
[2024-12-29T00:05:24.961+0000] {logging_mixin.py:190} INFO - [2024-12-29T00:05:24.960+0000] {dagbag.py:588} INFO - Filling up the DagBag from /home/airflow/.local/lib/python3.12/site-packages/airflow/example_dags/example_bash_decorator.py
[2024-12-29T00:05:24.979+0000] {processor.py:925} INFO - DAG(s) 'example_bash_decorator' retrieved from /home/airflow/.local/lib/python3.12/site-packages/airflow/example_dags/example_bash_decorator.py
[2024-12-29T00:05:25.011+0000] {logging_mixin.py:190} INFO - [2024-12-29T00:05:25.011+0000] {dag.py:3239} INFO - Sync 1 DAGs
[2024-12-29T00:05:25.026+0000] {logging_mixin.py:190} INFO - [2024-12-29T00:05:25.026+0000] {dag.py:4180} INFO - Setting next_dagrun for example_bash_decorator to None, run_after=None
[2024-12-29T00:05:25.053+0000] {processor.py:208} INFO - Processing /home/airflow/.local/lib/python3.12/site-packages/airflow/example_dags/example_bash_decorator.py took 0.103 seconds
[2024-12-29T00:05:55.327+0000] {processor.py:186} INFO - Started process (PID=363) to work on /home/airflow/.local/lib/python3.12/site-packages/airflow/example_dags/example_bash_decorator.py
[2024-12-29T00:05:55.328+0000] {processor.py:914} INFO - Processing file /home/airflow/.local/lib/python3.12/site-packages/airflow/example_dags/example_bash_decorator.py for tasks to queue
[2024-12-29T00:05:55.331+0000] {logging_mixin.py:190} INFO - [2024-12-29T00:05:55.330+0000] {dagbag.py:588} INFO - Filling up the DagBag from /home/airflow/.local/lib/python3.12/site-packages/airflow/example_dags/example_bash_decorator.py
[2024-12-29T00:05:55.347+0000] {processor.py:925} INFO - DAG(s) 'example_bash_decorator' retrieved from /home/airflow/.local/lib/python3.12/site-packages/airflow/example_dags/example_bash_decorator.py
[2024-12-29T00:05:55.376+0000] {logging_mixin.py:190} INFO - [2024-12-29T00:05:55.375+0000] {dag.py:3239} INFO - Sync 1 DAGs
[2024-12-29T00:05:55.390+0000] {logging_mixin.py:190} INFO - [2024-12-29T00:05:55.390+0000] {dag.py:4180} INFO - Setting next_dagrun for example_bash_decorator to None, run_after=None
[2024-12-29T00:05:55.417+0000] {processor.py:208} INFO - Processing /home/airflow/.local/lib/python3.12/site-packages/airflow/example_dags/example_bash_decorator.py took 0.097 seconds
[2024-12-29T00:06:25.608+0000] {processor.py:186} INFO - Started process (PID=427) to work on /home/airflow/.local/lib/python3.12/site-packages/airflow/example_dags/example_bash_decorator.py
[2024-12-29T00:06:25.609+0000] {processor.py:914} INFO - Processing file /home/airflow/.local/lib/python3.12/site-packages/airflow/example_dags/example_bash_decorator.py for tasks to queue
[2024-12-29T00:06:25.612+0000] {logging_mixin.py:190} INFO - [2024-12-29T00:06:25.611+0000] {dagbag.py:588} INFO - Filling up the DagBag from /home/airflow/.local/lib/python3.12/site-packages/airflow/example_dags/example_bash_decorator.py
[2024-12-29T00:06:25.625+0000] {processor.py:925} INFO - DAG(s) 'example_bash_decorator' retrieved from /home/airflow/.local/lib/python3.12/site-packages/airflow/example_dags/example_bash_decorator.py
[2024-12-29T00:06:25.652+0000] {logging_mixin.py:190} INFO - [2024-12-29T00:06:25.652+0000] {dag.py:3239} INFO - Sync 1 DAGs
[2024-12-29T00:06:25.666+0000] {logging_mixin.py:190} INFO - [2024-12-29T00:06:25.666+0000] {dag.py:4180} INFO - Setting next_dagrun for example_bash_decorator to None, run_after=None
[2024-12-29T00:06:25.692+0000] {processor.py:208} INFO - Processing /home/airflow/.local/lib/python3.12/site-packages/airflow/example_dags/example_bash_decorator.py took 0.089 seconds
[2024-12-29T00:06:56.316+0000] {processor.py:186} INFO - Started process (PID=491) to work on /home/airflow/.local/lib/python3.12/site-packages/airflow/example_dags/example_bash_decorator.py
[2024-12-29T00:06:56.318+0000] {processor.py:914} INFO - Processing file /home/airflow/.local/lib/python3.12/site-packages/airflow/example_dags/example_bash_decorator.py for tasks to queue
[2024-12-29T00:06:56.323+0000] {logging_mixin.py:190} INFO - [2024-12-29T00:06:56.322+0000] {dagbag.py:588} INFO - Filling up the DagBag from /home/airflow/.local/lib/python3.12/site-packages/airflow/example_dags/example_bash_decorator.py
[2024-12-29T00:06:56.347+0000] {processor.py:925} INFO - DAG(s) 'example_bash_decorator' retrieved from /home/airflow/.local/lib/python3.12/site-packages/airflow/example_dags/example_bash_decorator.py
[2024-12-29T00:06:56.391+0000] {logging_mixin.py:190} INFO - [2024-12-29T00:06:56.391+0000] {dag.py:3239} INFO - Sync 1 DAGs
[2024-12-29T00:06:56.413+0000] {logging_mixin.py:190} INFO - [2024-12-29T00:06:56.413+0000] {dag.py:4180} INFO - Setting next_dagrun for example_bash_decorator to None, run_after=None
[2024-12-29T00:06:56.447+0000] {processor.py:208} INFO - Processing /home/airflow/.local/lib/python3.12/site-packages/airflow/example_dags/example_bash_decorator.py took 0.139 seconds
[2024-12-29T00:07:26.966+0000] {processor.py:186} INFO - Started process (PID=555) to work on /home/airflow/.local/lib/python3.12/site-packages/airflow/example_dags/example_bash_decorator.py
[2024-12-29T00:07:26.968+0000] {processor.py:914} INFO - Processing file /home/airflow/.local/lib/python3.12/site-packages/airflow/example_dags/example_bash_decorator.py for tasks to queue
[2024-12-29T00:07:26.970+0000] {logging_mixin.py:190} INFO - [2024-12-29T00:07:26.970+0000] {dagbag.py:588} INFO - Filling up the DagBag from /home/airflow/.local/lib/python3.12/site-packages/airflow/example_dags/example_bash_decorator.py
[2024-12-29T00:07:26.984+0000] {processor.py:925} INFO - DAG(s) 'example_bash_decorator' retrieved from /home/airflow/.local/lib/python3.12/site-packages/airflow/example_dags/example_bash_decorator.py
[2024-12-29T00:07:27.011+0000] {logging_mixin.py:190} INFO - [2024-12-29T00:07:27.011+0000] {dag.py:3239} INFO - Sync 1 DAGs
[2024-12-29T00:07:27.026+0000] {logging_mixin.py:190} INFO - [2024-12-29T00:07:27.025+0000] {dag.py:4180} INFO - Setting next_dagrun for example_bash_decorator to None, run_after=None
[2024-12-29T00:07:27.049+0000] {processor.py:208} INFO - Processing /home/airflow/.local/lib/python3.12/site-packages/airflow/example_dags/example_bash_decorator.py took 0.089 seconds
[2024-12-29T00:07:59.383+0000] {processor.py:186} INFO - Started process (PID=619) to work on /home/airflow/.local/lib/python3.12/site-packages/airflow/example_dags/example_bash_decorator.py
[2024-12-29T00:07:59.384+0000] {processor.py:914} INFO - Processing file /home/airflow/.local/lib/python3.12/site-packages/airflow/example_dags/example_bash_decorator.py for tasks to queue
[2024-12-29T00:07:59.388+0000] {logging_mixin.py:190} INFO - [2024-12-29T00:07:59.387+0000] {dagbag.py:588} INFO - Filling up the DagBag from /home/airflow/.local/lib/python3.12/site-packages/airflow/example_dags/example_bash_decorator.py
[2024-12-29T00:07:59.405+0000] {processor.py:925} INFO - DAG(s) 'example_bash_decorator' retrieved from /home/airflow/.local/lib/python3.12/site-packages/airflow/example_dags/example_bash_decorator.py
[2024-12-29T00:07:59.435+0000] {logging_mixin.py:190} INFO - [2024-12-29T00:07:59.435+0000] {dag.py:3239} INFO - Sync 1 DAGs
[2024-12-29T00:07:59.451+0000] {logging_mixin.py:190} INFO - [2024-12-29T00:07:59.451+0000] {dag.py:4180} INFO - Setting next_dagrun for example_bash_decorator to None, run_after=None
[2024-12-29T00:07:59.476+0000] {processor.py:208} INFO - Processing /home/airflow/.local/lib/python3.12/site-packages/airflow/example_dags/example_bash_decorator.py took 0.100 seconds
[2024-12-29T00:08:30.875+0000] {processor.py:186} INFO - Started process (PID=682) to work on /home/airflow/.local/lib/python3.12/site-packages/airflow/example_dags/example_bash_decorator.py
[2024-12-29T00:08:30.876+0000] {processor.py:914} INFO - Processing file /home/airflow/.local/lib/python3.12/site-packages/airflow/example_dags/example_bash_decorator.py for tasks to queue
[2024-12-29T00:08:30.879+0000] {logging_mixin.py:190} INFO - [2024-12-29T00:08:30.878+0000] {dagbag.py:588} INFO - Filling up the DagBag from /home/airflow/.local/lib/python3.12/site-packages/airflow/example_dags/example_bash_decorator.py
[2024-12-29T00:08:30.895+0000] {processor.py:925} INFO - DAG(s) 'example_bash_decorator' retrieved from /home/airflow/.local/lib/python3.12/site-packages/airflow/example_dags/example_bash_decorator.py
[2024-12-29T00:08:30.928+0000] {logging_mixin.py:190} INFO - [2024-12-29T00:08:30.927+0000] {dag.py:3239} INFO - Sync 1 DAGs
[2024-12-29T00:08:30.946+0000] {logging_mixin.py:190} INFO - [2024-12-29T00:08:30.946+0000] {dag.py:4180} INFO - Setting next_dagrun for example_bash_decorator to None, run_after=None
[2024-12-29T00:08:30.975+0000] {processor.py:208} INFO - Processing /home/airflow/.local/lib/python3.12/site-packages/airflow/example_dags/example_bash_decorator.py took 0.107 seconds
[2024-12-29T00:09:01.791+0000] {processor.py:186} INFO - Started process (PID=746) to work on /home/airflow/.local/lib/python3.12/site-packages/airflow/example_dags/example_bash_decorator.py
[2024-12-29T00:09:01.792+0000] {processor.py:914} INFO - Processing file /home/airflow/.local/lib/python3.12/site-packages/airflow/example_dags/example_bash_decorator.py for tasks to queue
[2024-12-29T00:09:01.795+0000] {logging_mixin.py:190} INFO - [2024-12-29T00:09:01.794+0000] {dagbag.py:588} INFO - Filling up the DagBag from /home/airflow/.local/lib/python3.12/site-packages/airflow/example_dags/example_bash_decorator.py
[2024-12-29T00:09:01.811+0000] {processor.py:925} INFO - DAG(s) 'example_bash_decorator' retrieved from /home/airflow/.local/lib/python3.12/site-packages/airflow/example_dags/example_bash_decorator.py
[2024-12-29T00:09:01.840+0000] {logging_mixin.py:190} INFO - [2024-12-29T00:09:01.840+0000] {dag.py:3239} INFO - Sync 1 DAGs
[2024-12-29T00:09:01.855+0000] {logging_mixin.py:190} INFO - [2024-12-29T00:09:01.855+0000] {dag.py:4180} INFO - Setting next_dagrun for example_bash_decorator to None, run_after=None
[2024-12-29T00:09:01.879+0000] {processor.py:208} INFO - Processing /home/airflow/.local/lib/python3.12/site-packages/airflow/example_dags/example_bash_decorator.py took 0.095 seconds
[2024-12-29T00:09:32.930+0000] {processor.py:186} INFO - Started process (PID=810) to work on /home/airflow/.local/lib/python3.12/site-packages/airflow/example_dags/example_bash_decorator.py
[2024-12-29T00:09:32.932+0000] {processor.py:914} INFO - Processing file /home/airflow/.local/lib/python3.12/site-packages/airflow/example_dags/example_bash_decorator.py for tasks to queue
[2024-12-29T00:09:32.935+0000] {logging_mixin.py:190} INFO - [2024-12-29T00:09:32.934+0000] {dagbag.py:588} INFO - Filling up the DagBag from /home/airflow/.local/lib/python3.12/site-packages/airflow/example_dags/example_bash_decorator.py
[2024-12-29T00:09:32.948+0000] {processor.py:925} INFO - DAG(s) 'example_bash_decorator' retrieved from /home/airflow/.local/lib/python3.12/site-packages/airflow/example_dags/example_bash_decorator.py
[2024-12-29T00:09:32.976+0000] {logging_mixin.py:190} INFO - [2024-12-29T00:09:32.976+0000] {dag.py:3239} INFO - Sync 1 DAGs
[2024-12-29T00:09:32.991+0000] {logging_mixin.py:190} INFO - [2024-12-29T00:09:32.991+0000] {dag.py:4180} INFO - Setting next_dagrun for example_bash_decorator to None, run_after=None
[2024-12-29T00:09:33.018+0000] {processor.py:208} INFO - Processing /home/airflow/.local/lib/python3.12/site-packages/airflow/example_dags/example_bash_decorator.py took 0.093 seconds
[2024-12-29T00:10:04.358+0000] {processor.py:186} INFO - Started process (PID=874) to work on /home/airflow/.local/lib/python3.12/site-packages/airflow/example_dags/example_bash_decorator.py
[2024-12-29T00:10:04.360+0000] {processor.py:914} INFO - Processing file /home/airflow/.local/lib/python3.12/site-packages/airflow/example_dags/example_bash_decorator.py for tasks to queue
[2024-12-29T00:10:04.362+0000] {logging_mixin.py:190} INFO - [2024-12-29T00:10:04.362+0000] {dagbag.py:588} INFO - Filling up the DagBag from /home/airflow/.local/lib/python3.12/site-packages/airflow/example_dags/example_bash_decorator.py
[2024-12-29T00:10:04.378+0000] {processor.py:925} INFO - DAG(s) 'example_bash_decorator' retrieved from /home/airflow/.local/lib/python3.12/site-packages/airflow/example_dags/example_bash_decorator.py
[2024-12-29T00:10:04.407+0000] {logging_mixin.py:190} INFO - [2024-12-29T00:10:04.407+0000] {dag.py:3239} INFO - Sync 1 DAGs
[2024-12-29T00:10:04.425+0000] {logging_mixin.py:190} INFO - [2024-12-29T00:10:04.425+0000] {dag.py:4180} INFO - Setting next_dagrun for example_bash_decorator to None, run_after=None
[2024-12-29T00:10:04.452+0000] {processor.py:208} INFO - Processing /home/airflow/.local/lib/python3.12/site-packages/airflow/example_dags/example_bash_decorator.py took 0.101 seconds
[2024-12-29T00:10:35.429+0000] {processor.py:186} INFO - Started process (PID=938) to work on /home/airflow/.local/lib/python3.12/site-packages/airflow/example_dags/example_bash_decorator.py
[2024-12-29T00:10:35.431+0000] {processor.py:914} INFO - Processing file /home/airflow/.local/lib/python3.12/site-packages/airflow/example_dags/example_bash_decorator.py for tasks to queue
[2024-12-29T00:10:35.435+0000] {logging_mixin.py:190} INFO - [2024-12-29T00:10:35.434+0000] {dagbag.py:588} INFO - Filling up the DagBag from /home/airflow/.local/lib/python3.12/site-packages/airflow/example_dags/example_bash_decorator.py
[2024-12-29T00:10:35.460+0000] {processor.py:925} INFO - DAG(s) 'example_bash_decorator' retrieved from /home/airflow/.local/lib/python3.12/site-packages/airflow/example_dags/example_bash_decorator.py
[2024-12-29T00:10:35.502+0000] {logging_mixin.py:190} INFO - [2024-12-29T00:10:35.502+0000] {dag.py:3239} INFO - Sync 1 DAGs
[2024-12-29T00:10:35.526+0000] {logging_mixin.py:190} INFO - [2024-12-29T00:10:35.525+0000] {dag.py:4180} INFO - Setting next_dagrun for example_bash_decorator to None, run_after=None
[2024-12-29T00:10:35.555+0000] {processor.py:208} INFO - Processing /home/airflow/.local/lib/python3.12/site-packages/airflow/example_dags/example_bash_decorator.py took 0.135 seconds
[2024-12-29T00:11:06.942+0000] {processor.py:186} INFO - Started process (PID=1002) to work on /home/airflow/.local/lib/python3.12/site-packages/airflow/example_dags/example_bash_decorator.py
[2024-12-29T00:11:06.944+0000] {processor.py:914} INFO - Processing file /home/airflow/.local/lib/python3.12/site-packages/airflow/example_dags/example_bash_decorator.py for tasks to queue
[2024-12-29T00:11:06.948+0000] {logging_mixin.py:190} INFO - [2024-12-29T00:11:06.947+0000] {dagbag.py:588} INFO - Filling up the DagBag from /home/airflow/.local/lib/python3.12/site-packages/airflow/example_dags/example_bash_decorator.py
[2024-12-29T00:11:06.967+0000] {processor.py:925} INFO - DAG(s) 'example_bash_decorator' retrieved from /home/airflow/.local/lib/python3.12/site-packages/airflow/example_dags/example_bash_decorator.py
[2024-12-29T00:11:07.004+0000] {logging_mixin.py:190} INFO - [2024-12-29T00:11:07.003+0000] {dag.py:3239} INFO - Sync 1 DAGs
[2024-12-29T00:11:07.024+0000] {logging_mixin.py:190} INFO - [2024-12-29T00:11:07.023+0000] {dag.py:4180} INFO - Setting next_dagrun for example_bash_decorator to None, run_after=None
[2024-12-29T00:11:07.057+0000] {processor.py:208} INFO - Processing /home/airflow/.local/lib/python3.12/site-packages/airflow/example_dags/example_bash_decorator.py took 0.121 seconds
[2024-12-29T00:11:39.173+0000] {processor.py:186} INFO - Started process (PID=1066) to work on /home/airflow/.local/lib/python3.12/site-packages/airflow/example_dags/example_bash_decorator.py
[2024-12-29T00:11:39.176+0000] {processor.py:914} INFO - Processing file /home/airflow/.local/lib/python3.12/site-packages/airflow/example_dags/example_bash_decorator.py for tasks to queue
[2024-12-29T00:11:39.178+0000] {logging_mixin.py:190} INFO - [2024-12-29T00:11:39.178+0000] {dagbag.py:588} INFO - Filling up the DagBag from /home/airflow/.local/lib/python3.12/site-packages/airflow/example_dags/example_bash_decorator.py
[2024-12-29T00:11:39.199+0000] {processor.py:925} INFO - DAG(s) 'example_bash_decorator' retrieved from /home/airflow/.local/lib/python3.12/site-packages/airflow/example_dags/example_bash_decorator.py
[2024-12-29T00:11:39.231+0000] {logging_mixin.py:190} INFO - [2024-12-29T00:11:39.231+0000] {dag.py:3239} INFO - Sync 1 DAGs
[2024-12-29T00:11:39.249+0000] {logging_mixin.py:190} INFO - [2024-12-29T00:11:39.248+0000] {dag.py:4180} INFO - Setting next_dagrun for example_bash_decorator to None, run_after=None
[2024-12-29T00:11:39.281+0000] {processor.py:208} INFO - Processing /home/airflow/.local/lib/python3.12/site-packages/airflow/example_dags/example_bash_decorator.py took 0.114 seconds
[2024-12-29T00:12:10.692+0000] {processor.py:186} INFO - Started process (PID=1130) to work on /home/airflow/.local/lib/python3.12/site-packages/airflow/example_dags/example_bash_decorator.py
[2024-12-29T00:12:10.694+0000] {processor.py:914} INFO - Processing file /home/airflow/.local/lib/python3.12/site-packages/airflow/example_dags/example_bash_decorator.py for tasks to queue
[2024-12-29T00:12:10.697+0000] {logging_mixin.py:190} INFO - [2024-12-29T00:12:10.696+0000] {dagbag.py:588} INFO - Filling up the DagBag from /home/airflow/.local/lib/python3.12/site-packages/airflow/example_dags/example_bash_decorator.py
[2024-12-29T00:12:10.718+0000] {processor.py:925} INFO - DAG(s) 'example_bash_decorator' retrieved from /home/airflow/.local/lib/python3.12/site-packages/airflow/example_dags/example_bash_decorator.py
[2024-12-29T00:12:10.754+0000] {logging_mixin.py:190} INFO - [2024-12-29T00:12:10.753+0000] {dag.py:3239} INFO - Sync 1 DAGs
[2024-12-29T00:12:10.771+0000] {logging_mixin.py:190} INFO - [2024-12-29T00:12:10.771+0000] {dag.py:4180} INFO - Setting next_dagrun for example_bash_decorator to None, run_after=None
[2024-12-29T00:12:10.798+0000] {processor.py:208} INFO - Processing /home/airflow/.local/lib/python3.12/site-packages/airflow/example_dags/example_bash_decorator.py took 0.115 seconds
[2024-12-29T00:12:42.536+0000] {processor.py:186} INFO - Started process (PID=1194) to work on /home/airflow/.local/lib/python3.12/site-packages/airflow/example_dags/example_bash_decorator.py
[2024-12-29T00:12:42.538+0000] {processor.py:914} INFO - Processing file /home/airflow/.local/lib/python3.12/site-packages/airflow/example_dags/example_bash_decorator.py for tasks to queue
[2024-12-29T00:12:42.544+0000] {logging_mixin.py:190} INFO - [2024-12-29T00:12:42.542+0000] {dagbag.py:588} INFO - Filling up the DagBag from /home/airflow/.local/lib/python3.12/site-packages/airflow/example_dags/example_bash_decorator.py
[2024-12-29T00:12:42.582+0000] {processor.py:925} INFO - DAG(s) 'example_bash_decorator' retrieved from /home/airflow/.local/lib/python3.12/site-packages/airflow/example_dags/example_bash_decorator.py
[2024-12-29T00:12:42.636+0000] {logging_mixin.py:190} INFO - [2024-12-29T00:12:42.636+0000] {dag.py:3239} INFO - Sync 1 DAGs
[2024-12-29T00:12:42.665+0000] {logging_mixin.py:190} INFO - [2024-12-29T00:12:42.664+0000] {dag.py:4180} INFO - Setting next_dagrun for example_bash_decorator to None, run_after=None
[2024-12-29T00:12:42.703+0000] {processor.py:208} INFO - Processing /home/airflow/.local/lib/python3.12/site-packages/airflow/example_dags/example_bash_decorator.py took 0.179 seconds
[2024-12-29T00:13:20.028+0000] {processor.py:186} INFO - Started process (PID=1266) to work on /home/airflow/.local/lib/python3.12/site-packages/airflow/example_dags/example_bash_decorator.py
[2024-12-29T00:13:20.030+0000] {processor.py:914} INFO - Processing file /home/airflow/.local/lib/python3.12/site-packages/airflow/example_dags/example_bash_decorator.py for tasks to queue
[2024-12-29T00:13:20.033+0000] {logging_mixin.py:190} INFO - [2024-12-29T00:13:20.033+0000] {dagbag.py:588} INFO - Filling up the DagBag from /home/airflow/.local/lib/python3.12/site-packages/airflow/example_dags/example_bash_decorator.py
[2024-12-29T00:13:20.060+0000] {processor.py:925} INFO - DAG(s) 'example_bash_decorator' retrieved from /home/airflow/.local/lib/python3.12/site-packages/airflow/example_dags/example_bash_decorator.py
[2024-12-29T00:13:20.109+0000] {logging_mixin.py:190} INFO - [2024-12-29T00:13:20.109+0000] {dag.py:3239} INFO - Sync 1 DAGs
[2024-12-29T00:13:20.138+0000] {logging_mixin.py:190} INFO - [2024-12-29T00:13:20.137+0000] {dag.py:4180} INFO - Setting next_dagrun for example_bash_decorator to None, run_after=None
[2024-12-29T00:13:20.182+0000] {processor.py:208} INFO - Processing /home/airflow/.local/lib/python3.12/site-packages/airflow/example_dags/example_bash_decorator.py took 0.168 seconds
[2024-12-29T00:13:50.263+0000] {processor.py:186} INFO - Started process (PID=1331) to work on /home/airflow/.local/lib/python3.12/site-packages/airflow/example_dags/example_bash_decorator.py
[2024-12-29T00:13:50.266+0000] {processor.py:914} INFO - Processing file /home/airflow/.local/lib/python3.12/site-packages/airflow/example_dags/example_bash_decorator.py for tasks to queue
[2024-12-29T00:13:50.270+0000] {logging_mixin.py:190} INFO - [2024-12-29T00:13:50.269+0000] {dagbag.py:588} INFO - Filling up the DagBag from /home/airflow/.local/lib/python3.12/site-packages/airflow/example_dags/example_bash_decorator.py
[2024-12-29T00:13:50.294+0000] {processor.py:925} INFO - DAG(s) 'example_bash_decorator' retrieved from /home/airflow/.local/lib/python3.12/site-packages/airflow/example_dags/example_bash_decorator.py
[2024-12-29T00:13:50.334+0000] {logging_mixin.py:190} INFO - [2024-12-29T00:13:50.333+0000] {dag.py:3239} INFO - Sync 1 DAGs
[2024-12-29T00:13:50.355+0000] {logging_mixin.py:190} INFO - [2024-12-29T00:13:50.355+0000] {dag.py:4180} INFO - Setting next_dagrun for example_bash_decorator to None, run_after=None
[2024-12-29T00:13:50.385+0000] {processor.py:208} INFO - Processing /home/airflow/.local/lib/python3.12/site-packages/airflow/example_dags/example_bash_decorator.py took 0.129 seconds
[2024-12-29T00:14:21.697+0000] {processor.py:186} INFO - Started process (PID=1396) to work on /home/airflow/.local/lib/python3.12/site-packages/airflow/example_dags/example_bash_decorator.py
[2024-12-29T00:14:21.699+0000] {processor.py:914} INFO - Processing file /home/airflow/.local/lib/python3.12/site-packages/airflow/example_dags/example_bash_decorator.py for tasks to queue
[2024-12-29T00:14:21.701+0000] {logging_mixin.py:190} INFO - [2024-12-29T00:14:21.700+0000] {dagbag.py:588} INFO - Filling up the DagBag from /home/airflow/.local/lib/python3.12/site-packages/airflow/example_dags/example_bash_decorator.py
[2024-12-29T00:14:21.715+0000] {processor.py:925} INFO - DAG(s) 'example_bash_decorator' retrieved from /home/airflow/.local/lib/python3.12/site-packages/airflow/example_dags/example_bash_decorator.py
[2024-12-29T00:14:21.742+0000] {logging_mixin.py:190} INFO - [2024-12-29T00:14:21.742+0000] {dag.py:3239} INFO - Sync 1 DAGs
[2024-12-29T00:14:21.760+0000] {logging_mixin.py:190} INFO - [2024-12-29T00:14:21.759+0000] {dag.py:4180} INFO - Setting next_dagrun for example_bash_decorator to None, run_after=None
[2024-12-29T00:14:21.786+0000] {processor.py:208} INFO - Processing /home/airflow/.local/lib/python3.12/site-packages/airflow/example_dags/example_bash_decorator.py took 0.095 seconds
[2024-12-29T00:14:53.315+0000] {processor.py:186} INFO - Started process (PID=1461) to work on /home/airflow/.local/lib/python3.12/site-packages/airflow/example_dags/example_bash_decorator.py
[2024-12-29T00:14:53.317+0000] {processor.py:914} INFO - Processing file /home/airflow/.local/lib/python3.12/site-packages/airflow/example_dags/example_bash_decorator.py for tasks to queue
[2024-12-29T00:14:53.319+0000] {logging_mixin.py:190} INFO - [2024-12-29T00:14:53.319+0000] {dagbag.py:588} INFO - Filling up the DagBag from /home/airflow/.local/lib/python3.12/site-packages/airflow/example_dags/example_bash_decorator.py
[2024-12-29T00:14:53.337+0000] {processor.py:925} INFO - DAG(s) 'example_bash_decorator' retrieved from /home/airflow/.local/lib/python3.12/site-packages/airflow/example_dags/example_bash_decorator.py
[2024-12-29T00:14:53.369+0000] {logging_mixin.py:190} INFO - [2024-12-29T00:14:53.368+0000] {dag.py:3239} INFO - Sync 1 DAGs
[2024-12-29T00:14:53.387+0000] {logging_mixin.py:190} INFO - [2024-12-29T00:14:53.387+0000] {dag.py:4180} INFO - Setting next_dagrun for example_bash_decorator to None, run_after=None
[2024-12-29T00:14:53.420+0000] {processor.py:208} INFO - Processing /home/airflow/.local/lib/python3.12/site-packages/airflow/example_dags/example_bash_decorator.py took 0.111 seconds
[2024-12-29T00:15:24.730+0000] {processor.py:186} INFO - Started process (PID=1528) to work on /home/airflow/.local/lib/python3.12/site-packages/airflow/example_dags/example_bash_decorator.py
[2024-12-29T00:15:24.732+0000] {processor.py:914} INFO - Processing file /home/airflow/.local/lib/python3.12/site-packages/airflow/example_dags/example_bash_decorator.py for tasks to queue
[2024-12-29T00:15:24.735+0000] {logging_mixin.py:190} INFO - [2024-12-29T00:15:24.735+0000] {dagbag.py:588} INFO - Filling up the DagBag from /home/airflow/.local/lib/python3.12/site-packages/airflow/example_dags/example_bash_decorator.py
[2024-12-29T00:15:24.755+0000] {processor.py:925} INFO - DAG(s) 'example_bash_decorator' retrieved from /home/airflow/.local/lib/python3.12/site-packages/airflow/example_dags/example_bash_decorator.py
[2024-12-29T00:15:24.795+0000] {logging_mixin.py:190} INFO - [2024-12-29T00:15:24.795+0000] {dag.py:3239} INFO - Sync 1 DAGs
[2024-12-29T00:15:24.815+0000] {logging_mixin.py:190} INFO - [2024-12-29T00:15:24.815+0000] {dag.py:4180} INFO - Setting next_dagrun for example_bash_decorator to None, run_after=None
[2024-12-29T00:15:24.846+0000] {processor.py:208} INFO - Processing /home/airflow/.local/lib/python3.12/site-packages/airflow/example_dags/example_bash_decorator.py took 0.127 seconds
[2024-12-29T00:15:57.746+0000] {processor.py:186} INFO - Started process (PID=1593) to work on /home/airflow/.local/lib/python3.12/site-packages/airflow/example_dags/example_bash_decorator.py
[2024-12-29T00:15:57.747+0000] {processor.py:914} INFO - Processing file /home/airflow/.local/lib/python3.12/site-packages/airflow/example_dags/example_bash_decorator.py for tasks to queue
[2024-12-29T00:15:57.750+0000] {logging_mixin.py:190} INFO - [2024-12-29T00:15:57.750+0000] {dagbag.py:588} INFO - Filling up the DagBag from /home/airflow/.local/lib/python3.12/site-packages/airflow/example_dags/example_bash_decorator.py
[2024-12-29T00:15:57.771+0000] {processor.py:925} INFO - DAG(s) 'example_bash_decorator' retrieved from /home/airflow/.local/lib/python3.12/site-packages/airflow/example_dags/example_bash_decorator.py
[2024-12-29T00:15:57.803+0000] {logging_mixin.py:190} INFO - [2024-12-29T00:15:57.803+0000] {dag.py:3239} INFO - Sync 1 DAGs
[2024-12-29T00:15:57.822+0000] {logging_mixin.py:190} INFO - [2024-12-29T00:15:57.821+0000] {dag.py:4180} INFO - Setting next_dagrun for example_bash_decorator to None, run_after=None
[2024-12-29T00:15:57.852+0000] {processor.py:208} INFO - Processing /home/airflow/.local/lib/python3.12/site-packages/airflow/example_dags/example_bash_decorator.py took 0.114 seconds
[2024-12-29T00:16:29.769+0000] {processor.py:186} INFO - Started process (PID=1659) to work on /home/airflow/.local/lib/python3.12/site-packages/airflow/example_dags/example_bash_decorator.py
[2024-12-29T00:16:29.770+0000] {processor.py:914} INFO - Processing file /home/airflow/.local/lib/python3.12/site-packages/airflow/example_dags/example_bash_decorator.py for tasks to queue
[2024-12-29T00:16:29.773+0000] {logging_mixin.py:190} INFO - [2024-12-29T00:16:29.772+0000] {dagbag.py:588} INFO - Filling up the DagBag from /home/airflow/.local/lib/python3.12/site-packages/airflow/example_dags/example_bash_decorator.py
[2024-12-29T00:16:29.794+0000] {processor.py:925} INFO - DAG(s) 'example_bash_decorator' retrieved from /home/airflow/.local/lib/python3.12/site-packages/airflow/example_dags/example_bash_decorator.py
[2024-12-29T00:16:29.844+0000] {logging_mixin.py:190} INFO - [2024-12-29T00:16:29.844+0000] {dag.py:3239} INFO - Sync 1 DAGs
[2024-12-29T00:16:29.858+0000] {logging_mixin.py:190} INFO - [2024-12-29T00:16:29.858+0000] {dag.py:4180} INFO - Setting next_dagrun for example_bash_decorator to None, run_after=None
[2024-12-29T00:16:29.883+0000] {processor.py:208} INFO - Processing /home/airflow/.local/lib/python3.12/site-packages/airflow/example_dags/example_bash_decorator.py took 0.120 seconds
[2024-12-29T00:17:02.417+0000] {processor.py:186} INFO - Started process (PID=1724) to work on /home/airflow/.local/lib/python3.12/site-packages/airflow/example_dags/example_bash_decorator.py
[2024-12-29T00:17:02.419+0000] {processor.py:914} INFO - Processing file /home/airflow/.local/lib/python3.12/site-packages/airflow/example_dags/example_bash_decorator.py for tasks to queue
[2024-12-29T00:17:02.422+0000] {logging_mixin.py:190} INFO - [2024-12-29T00:17:02.421+0000] {dagbag.py:588} INFO - Filling up the DagBag from /home/airflow/.local/lib/python3.12/site-packages/airflow/example_dags/example_bash_decorator.py
[2024-12-29T00:17:02.442+0000] {processor.py:925} INFO - DAG(s) 'example_bash_decorator' retrieved from /home/airflow/.local/lib/python3.12/site-packages/airflow/example_dags/example_bash_decorator.py
[2024-12-29T00:17:02.472+0000] {logging_mixin.py:190} INFO - [2024-12-29T00:17:02.472+0000] {dag.py:3239} INFO - Sync 1 DAGs
[2024-12-29T00:17:02.491+0000] {logging_mixin.py:190} INFO - [2024-12-29T00:17:02.490+0000] {dag.py:4180} INFO - Setting next_dagrun for example_bash_decorator to None, run_after=None
[2024-12-29T00:17:02.519+0000] {processor.py:208} INFO - Processing /home/airflow/.local/lib/python3.12/site-packages/airflow/example_dags/example_bash_decorator.py took 0.109 seconds
[2024-12-29T00:19:58.468+0000] {processor.py:186} INFO - Started process (PID=105) to work on /home/airflow/.local/lib/python3.12/site-packages/airflow/example_dags/example_bash_decorator.py
[2024-12-29T00:19:58.470+0000] {processor.py:914} INFO - Processing file /home/airflow/.local/lib/python3.12/site-packages/airflow/example_dags/example_bash_decorator.py for tasks to queue
[2024-12-29T00:19:58.473+0000] {logging_mixin.py:190} INFO - [2024-12-29T00:19:58.473+0000] {dagbag.py:588} INFO - Filling up the DagBag from /home/airflow/.local/lib/python3.12/site-packages/airflow/example_dags/example_bash_decorator.py
[2024-12-29T00:19:58.493+0000] {processor.py:925} INFO - DAG(s) 'example_bash_decorator' retrieved from /home/airflow/.local/lib/python3.12/site-packages/airflow/example_dags/example_bash_decorator.py
[2024-12-29T00:19:58.662+0000] {logging_mixin.py:190} INFO - [2024-12-29T00:19:58.662+0000] {dag.py:3239} INFO - Sync 1 DAGs
[2024-12-29T00:19:58.677+0000] {logging_mixin.py:190} INFO - [2024-12-29T00:19:58.677+0000] {dag.py:4180} INFO - Setting next_dagrun for example_bash_decorator to None, run_after=None
[2024-12-29T00:19:58.709+0000] {processor.py:208} INFO - Processing /home/airflow/.local/lib/python3.12/site-packages/airflow/example_dags/example_bash_decorator.py took 0.252 seconds
[2024-12-29T00:20:31.231+0000] {processor.py:186} INFO - Started process (PID=170) to work on /home/airflow/.local/lib/python3.12/site-packages/airflow/example_dags/example_bash_decorator.py
[2024-12-29T00:20:31.232+0000] {processor.py:914} INFO - Processing file /home/airflow/.local/lib/python3.12/site-packages/airflow/example_dags/example_bash_decorator.py for tasks to queue
[2024-12-29T00:20:31.235+0000] {logging_mixin.py:190} INFO - [2024-12-29T00:20:31.234+0000] {dagbag.py:588} INFO - Filling up the DagBag from /home/airflow/.local/lib/python3.12/site-packages/airflow/example_dags/example_bash_decorator.py
[2024-12-29T00:20:31.249+0000] {processor.py:925} INFO - DAG(s) 'example_bash_decorator' retrieved from /home/airflow/.local/lib/python3.12/site-packages/airflow/example_dags/example_bash_decorator.py
[2024-12-29T00:20:31.277+0000] {logging_mixin.py:190} INFO - [2024-12-29T00:20:31.276+0000] {dag.py:3239} INFO - Sync 1 DAGs
[2024-12-29T00:20:31.292+0000] {logging_mixin.py:190} INFO - [2024-12-29T00:20:31.292+0000] {dag.py:4180} INFO - Setting next_dagrun for example_bash_decorator to None, run_after=None
[2024-12-29T00:20:31.316+0000] {processor.py:208} INFO - Processing /home/airflow/.local/lib/python3.12/site-packages/airflow/example_dags/example_bash_decorator.py took 0.090 seconds
[2024-12-29T00:21:02.784+0000] {processor.py:186} INFO - Started process (PID=235) to work on /home/airflow/.local/lib/python3.12/site-packages/airflow/example_dags/example_bash_decorator.py
[2024-12-29T00:21:02.786+0000] {processor.py:914} INFO - Processing file /home/airflow/.local/lib/python3.12/site-packages/airflow/example_dags/example_bash_decorator.py for tasks to queue
[2024-12-29T00:21:02.789+0000] {logging_mixin.py:190} INFO - [2024-12-29T00:21:02.788+0000] {dagbag.py:588} INFO - Filling up the DagBag from /home/airflow/.local/lib/python3.12/site-packages/airflow/example_dags/example_bash_decorator.py
[2024-12-29T00:21:02.808+0000] {processor.py:925} INFO - DAG(s) 'example_bash_decorator' retrieved from /home/airflow/.local/lib/python3.12/site-packages/airflow/example_dags/example_bash_decorator.py
[2024-12-29T00:21:02.841+0000] {logging_mixin.py:190} INFO - [2024-12-29T00:21:02.841+0000] {dag.py:3239} INFO - Sync 1 DAGs
[2024-12-29T00:21:02.859+0000] {logging_mixin.py:190} INFO - [2024-12-29T00:21:02.859+0000] {dag.py:4180} INFO - Setting next_dagrun for example_bash_decorator to None, run_after=None
[2024-12-29T00:21:02.888+0000] {processor.py:208} INFO - Processing /home/airflow/.local/lib/python3.12/site-packages/airflow/example_dags/example_bash_decorator.py took 0.111 seconds
[2024-12-29T00:21:34.414+0000] {processor.py:186} INFO - Started process (PID=300) to work on /home/airflow/.local/lib/python3.12/site-packages/airflow/example_dags/example_bash_decorator.py
[2024-12-29T00:21:34.416+0000] {processor.py:914} INFO - Processing file /home/airflow/.local/lib/python3.12/site-packages/airflow/example_dags/example_bash_decorator.py for tasks to queue
[2024-12-29T00:21:34.419+0000] {logging_mixin.py:190} INFO - [2024-12-29T00:21:34.418+0000] {dagbag.py:588} INFO - Filling up the DagBag from /home/airflow/.local/lib/python3.12/site-packages/airflow/example_dags/example_bash_decorator.py
[2024-12-29T00:21:34.437+0000] {processor.py:925} INFO - DAG(s) 'example_bash_decorator' retrieved from /home/airflow/.local/lib/python3.12/site-packages/airflow/example_dags/example_bash_decorator.py
[2024-12-29T00:21:34.469+0000] {logging_mixin.py:190} INFO - [2024-12-29T00:21:34.468+0000] {dag.py:3239} INFO - Sync 1 DAGs
[2024-12-29T00:21:34.489+0000] {logging_mixin.py:190} INFO - [2024-12-29T00:21:34.488+0000] {dag.py:4180} INFO - Setting next_dagrun for example_bash_decorator to None, run_after=None
[2024-12-29T00:21:34.519+0000] {processor.py:208} INFO - Processing /home/airflow/.local/lib/python3.12/site-packages/airflow/example_dags/example_bash_decorator.py took 0.112 seconds
[2024-12-29T00:22:06.033+0000] {processor.py:186} INFO - Started process (PID=365) to work on /home/airflow/.local/lib/python3.12/site-packages/airflow/example_dags/example_bash_decorator.py
[2024-12-29T00:22:06.039+0000] {processor.py:914} INFO - Processing file /home/airflow/.local/lib/python3.12/site-packages/airflow/example_dags/example_bash_decorator.py for tasks to queue
[2024-12-29T00:22:06.043+0000] {logging_mixin.py:190} INFO - [2024-12-29T00:22:06.042+0000] {dagbag.py:588} INFO - Filling up the DagBag from /home/airflow/.local/lib/python3.12/site-packages/airflow/example_dags/example_bash_decorator.py
[2024-12-29T00:22:06.070+0000] {processor.py:925} INFO - DAG(s) 'example_bash_decorator' retrieved from /home/airflow/.local/lib/python3.12/site-packages/airflow/example_dags/example_bash_decorator.py
[2024-12-29T00:22:06.118+0000] {logging_mixin.py:190} INFO - [2024-12-29T00:22:06.117+0000] {dag.py:3239} INFO - Sync 1 DAGs
[2024-12-29T00:22:06.137+0000] {logging_mixin.py:190} INFO - [2024-12-29T00:22:06.136+0000] {dag.py:4180} INFO - Setting next_dagrun for example_bash_decorator to None, run_after=None
[2024-12-29T00:22:06.167+0000] {processor.py:208} INFO - Processing /home/airflow/.local/lib/python3.12/site-packages/airflow/example_dags/example_bash_decorator.py took 0.144 seconds
[2024-12-29T00:22:37.367+0000] {processor.py:186} INFO - Started process (PID=430) to work on /home/airflow/.local/lib/python3.12/site-packages/airflow/example_dags/example_bash_decorator.py
[2024-12-29T00:22:37.369+0000] {processor.py:914} INFO - Processing file /home/airflow/.local/lib/python3.12/site-packages/airflow/example_dags/example_bash_decorator.py for tasks to queue
[2024-12-29T00:22:37.371+0000] {logging_mixin.py:190} INFO - [2024-12-29T00:22:37.371+0000] {dagbag.py:588} INFO - Filling up the DagBag from /home/airflow/.local/lib/python3.12/site-packages/airflow/example_dags/example_bash_decorator.py
[2024-12-29T00:22:37.385+0000] {processor.py:925} INFO - DAG(s) 'example_bash_decorator' retrieved from /home/airflow/.local/lib/python3.12/site-packages/airflow/example_dags/example_bash_decorator.py
[2024-12-29T00:22:37.414+0000] {logging_mixin.py:190} INFO - [2024-12-29T00:22:37.413+0000] {dag.py:3239} INFO - Sync 1 DAGs
[2024-12-29T00:22:37.429+0000] {logging_mixin.py:190} INFO - [2024-12-29T00:22:37.428+0000] {dag.py:4180} INFO - Setting next_dagrun for example_bash_decorator to None, run_after=None
[2024-12-29T00:22:37.456+0000] {processor.py:208} INFO - Processing /home/airflow/.local/lib/python3.12/site-packages/airflow/example_dags/example_bash_decorator.py took 0.094 seconds
[2024-12-29T00:23:09.818+0000] {processor.py:186} INFO - Started process (PID=501) to work on /home/airflow/.local/lib/python3.12/site-packages/airflow/example_dags/example_bash_decorator.py
[2024-12-29T00:23:09.820+0000] {processor.py:914} INFO - Processing file /home/airflow/.local/lib/python3.12/site-packages/airflow/example_dags/example_bash_decorator.py for tasks to queue
[2024-12-29T00:23:09.823+0000] {logging_mixin.py:190} INFO - [2024-12-29T00:23:09.822+0000] {dagbag.py:588} INFO - Filling up the DagBag from /home/airflow/.local/lib/python3.12/site-packages/airflow/example_dags/example_bash_decorator.py
[2024-12-29T00:23:09.842+0000] {processor.py:925} INFO - DAG(s) 'example_bash_decorator' retrieved from /home/airflow/.local/lib/python3.12/site-packages/airflow/example_dags/example_bash_decorator.py
[2024-12-29T00:23:09.879+0000] {logging_mixin.py:190} INFO - [2024-12-29T00:23:09.878+0000] {dag.py:3239} INFO - Sync 1 DAGs
[2024-12-29T00:23:09.900+0000] {logging_mixin.py:190} INFO - [2024-12-29T00:23:09.900+0000] {dag.py:4180} INFO - Setting next_dagrun for example_bash_decorator to None, run_after=None
[2024-12-29T00:23:09.932+0000] {processor.py:208} INFO - Processing /home/airflow/.local/lib/python3.12/site-packages/airflow/example_dags/example_bash_decorator.py took 0.120 seconds
[2024-12-29T00:23:40.441+0000] {processor.py:186} INFO - Started process (PID=567) to work on /home/airflow/.local/lib/python3.12/site-packages/airflow/example_dags/example_bash_decorator.py
[2024-12-29T00:23:40.443+0000] {processor.py:914} INFO - Processing file /home/airflow/.local/lib/python3.12/site-packages/airflow/example_dags/example_bash_decorator.py for tasks to queue
[2024-12-29T00:23:40.445+0000] {logging_mixin.py:190} INFO - [2024-12-29T00:23:40.445+0000] {dagbag.py:588} INFO - Filling up the DagBag from /home/airflow/.local/lib/python3.12/site-packages/airflow/example_dags/example_bash_decorator.py
[2024-12-29T00:23:40.460+0000] {processor.py:925} INFO - DAG(s) 'example_bash_decorator' retrieved from /home/airflow/.local/lib/python3.12/site-packages/airflow/example_dags/example_bash_decorator.py
[2024-12-29T00:23:40.489+0000] {logging_mixin.py:190} INFO - [2024-12-29T00:23:40.488+0000] {dag.py:3239} INFO - Sync 1 DAGs
[2024-12-29T00:23:40.505+0000] {logging_mixin.py:190} INFO - [2024-12-29T00:23:40.504+0000] {dag.py:4180} INFO - Setting next_dagrun for example_bash_decorator to None, run_after=None
[2024-12-29T00:23:40.528+0000] {processor.py:208} INFO - Processing /home/airflow/.local/lib/python3.12/site-packages/airflow/example_dags/example_bash_decorator.py took 0.092 seconds
[2024-12-29T00:24:11.771+0000] {processor.py:186} INFO - Started process (PID=632) to work on /home/airflow/.local/lib/python3.12/site-packages/airflow/example_dags/example_bash_decorator.py
[2024-12-29T00:24:11.773+0000] {processor.py:914} INFO - Processing file /home/airflow/.local/lib/python3.12/site-packages/airflow/example_dags/example_bash_decorator.py for tasks to queue
[2024-12-29T00:24:11.777+0000] {logging_mixin.py:190} INFO - [2024-12-29T00:24:11.776+0000] {dagbag.py:588} INFO - Filling up the DagBag from /home/airflow/.local/lib/python3.12/site-packages/airflow/example_dags/example_bash_decorator.py
[2024-12-29T00:24:11.807+0000] {processor.py:925} INFO - DAG(s) 'example_bash_decorator' retrieved from /home/airflow/.local/lib/python3.12/site-packages/airflow/example_dags/example_bash_decorator.py
[2024-12-29T00:24:11.849+0000] {logging_mixin.py:190} INFO - [2024-12-29T00:24:11.849+0000] {dag.py:3239} INFO - Sync 1 DAGs
[2024-12-29T00:24:11.871+0000] {logging_mixin.py:190} INFO - [2024-12-29T00:24:11.871+0000] {dag.py:4180} INFO - Setting next_dagrun for example_bash_decorator to None, run_after=None
[2024-12-29T00:24:11.900+0000] {processor.py:208} INFO - Processing /home/airflow/.local/lib/python3.12/site-packages/airflow/example_dags/example_bash_decorator.py took 0.139 seconds
[2024-12-29T00:24:42.516+0000] {processor.py:186} INFO - Started process (PID=697) to work on /home/airflow/.local/lib/python3.12/site-packages/airflow/example_dags/example_bash_decorator.py
[2024-12-29T00:24:42.517+0000] {processor.py:914} INFO - Processing file /home/airflow/.local/lib/python3.12/site-packages/airflow/example_dags/example_bash_decorator.py for tasks to queue
[2024-12-29T00:24:42.521+0000] {logging_mixin.py:190} INFO - [2024-12-29T00:24:42.520+0000] {dagbag.py:588} INFO - Filling up the DagBag from /home/airflow/.local/lib/python3.12/site-packages/airflow/example_dags/example_bash_decorator.py
[2024-12-29T00:24:42.534+0000] {processor.py:925} INFO - DAG(s) 'example_bash_decorator' retrieved from /home/airflow/.local/lib/python3.12/site-packages/airflow/example_dags/example_bash_decorator.py
[2024-12-29T00:24:42.560+0000] {logging_mixin.py:190} INFO - [2024-12-29T00:24:42.560+0000] {dag.py:3239} INFO - Sync 1 DAGs
[2024-12-29T00:24:42.575+0000] {logging_mixin.py:190} INFO - [2024-12-29T00:24:42.575+0000] {dag.py:4180} INFO - Setting next_dagrun for example_bash_decorator to None, run_after=None
[2024-12-29T00:24:42.601+0000] {processor.py:208} INFO - Processing /home/airflow/.local/lib/python3.12/site-packages/airflow/example_dags/example_bash_decorator.py took 0.091 seconds
[2024-12-29T00:25:13.151+0000] {processor.py:186} INFO - Started process (PID=762) to work on /home/airflow/.local/lib/python3.12/site-packages/airflow/example_dags/example_bash_decorator.py
[2024-12-29T00:25:13.152+0000] {processor.py:914} INFO - Processing file /home/airflow/.local/lib/python3.12/site-packages/airflow/example_dags/example_bash_decorator.py for tasks to queue
[2024-12-29T00:25:13.155+0000] {logging_mixin.py:190} INFO - [2024-12-29T00:25:13.155+0000] {dagbag.py:588} INFO - Filling up the DagBag from /home/airflow/.local/lib/python3.12/site-packages/airflow/example_dags/example_bash_decorator.py
[2024-12-29T00:25:13.168+0000] {processor.py:925} INFO - DAG(s) 'example_bash_decorator' retrieved from /home/airflow/.local/lib/python3.12/site-packages/airflow/example_dags/example_bash_decorator.py
[2024-12-29T00:25:13.197+0000] {logging_mixin.py:190} INFO - [2024-12-29T00:25:13.197+0000] {dag.py:3239} INFO - Sync 1 DAGs
[2024-12-29T00:25:13.212+0000] {logging_mixin.py:190} INFO - [2024-12-29T00:25:13.212+0000] {dag.py:4180} INFO - Setting next_dagrun for example_bash_decorator to None, run_after=None
[2024-12-29T00:25:13.240+0000] {processor.py:208} INFO - Processing /home/airflow/.local/lib/python3.12/site-packages/airflow/example_dags/example_bash_decorator.py took 0.095 seconds
[2024-12-29T00:25:44.217+0000] {processor.py:186} INFO - Started process (PID=827) to work on /home/airflow/.local/lib/python3.12/site-packages/airflow/example_dags/example_bash_decorator.py
[2024-12-29T00:25:44.219+0000] {processor.py:914} INFO - Processing file /home/airflow/.local/lib/python3.12/site-packages/airflow/example_dags/example_bash_decorator.py for tasks to queue
[2024-12-29T00:25:44.222+0000] {logging_mixin.py:190} INFO - [2024-12-29T00:25:44.221+0000] {dagbag.py:588} INFO - Filling up the DagBag from /home/airflow/.local/lib/python3.12/site-packages/airflow/example_dags/example_bash_decorator.py
[2024-12-29T00:25:44.238+0000] {processor.py:925} INFO - DAG(s) 'example_bash_decorator' retrieved from /home/airflow/.local/lib/python3.12/site-packages/airflow/example_dags/example_bash_decorator.py
[2024-12-29T00:25:44.271+0000] {logging_mixin.py:190} INFO - [2024-12-29T00:25:44.270+0000] {dag.py:3239} INFO - Sync 1 DAGs
[2024-12-29T00:25:44.289+0000] {logging_mixin.py:190} INFO - [2024-12-29T00:25:44.289+0000] {dag.py:4180} INFO - Setting next_dagrun for example_bash_decorator to None, run_after=None
[2024-12-29T00:25:44.318+0000] {processor.py:208} INFO - Processing /home/airflow/.local/lib/python3.12/site-packages/airflow/example_dags/example_bash_decorator.py took 0.107 seconds
[2024-12-29T00:26:14.399+0000] {processor.py:186} INFO - Started process (PID=891) to work on /home/airflow/.local/lib/python3.12/site-packages/airflow/example_dags/example_bash_decorator.py
[2024-12-29T00:26:14.400+0000] {processor.py:914} INFO - Processing file /home/airflow/.local/lib/python3.12/site-packages/airflow/example_dags/example_bash_decorator.py for tasks to queue
[2024-12-29T00:26:14.403+0000] {logging_mixin.py:190} INFO - [2024-12-29T00:26:14.402+0000] {dagbag.py:588} INFO - Filling up the DagBag from /home/airflow/.local/lib/python3.12/site-packages/airflow/example_dags/example_bash_decorator.py
[2024-12-29T00:26:14.419+0000] {processor.py:925} INFO - DAG(s) 'example_bash_decorator' retrieved from /home/airflow/.local/lib/python3.12/site-packages/airflow/example_dags/example_bash_decorator.py
[2024-12-29T00:26:14.454+0000] {logging_mixin.py:190} INFO - [2024-12-29T00:26:14.453+0000] {dag.py:3239} INFO - Sync 1 DAGs
[2024-12-29T00:26:14.478+0000] {logging_mixin.py:190} INFO - [2024-12-29T00:26:14.477+0000] {dag.py:4180} INFO - Setting next_dagrun for example_bash_decorator to None, run_after=None
[2024-12-29T00:26:14.507+0000] {processor.py:208} INFO - Processing /home/airflow/.local/lib/python3.12/site-packages/airflow/example_dags/example_bash_decorator.py took 0.115 seconds
[2024-12-29T00:26:45.309+0000] {processor.py:186} INFO - Started process (PID=956) to work on /home/airflow/.local/lib/python3.12/site-packages/airflow/example_dags/example_bash_decorator.py
[2024-12-29T00:26:45.313+0000] {processor.py:914} INFO - Processing file /home/airflow/.local/lib/python3.12/site-packages/airflow/example_dags/example_bash_decorator.py for tasks to queue
[2024-12-29T00:26:45.317+0000] {logging_mixin.py:190} INFO - [2024-12-29T00:26:45.316+0000] {dagbag.py:588} INFO - Filling up the DagBag from /home/airflow/.local/lib/python3.12/site-packages/airflow/example_dags/example_bash_decorator.py
[2024-12-29T00:26:45.332+0000] {processor.py:925} INFO - DAG(s) 'example_bash_decorator' retrieved from /home/airflow/.local/lib/python3.12/site-packages/airflow/example_dags/example_bash_decorator.py
[2024-12-29T00:26:45.362+0000] {logging_mixin.py:190} INFO - [2024-12-29T00:26:45.362+0000] {dag.py:3239} INFO - Sync 1 DAGs
[2024-12-29T00:26:45.379+0000] {logging_mixin.py:190} INFO - [2024-12-29T00:26:45.379+0000] {dag.py:4180} INFO - Setting next_dagrun for example_bash_decorator to None, run_after=None
[2024-12-29T00:26:45.405+0000] {processor.py:208} INFO - Processing /home/airflow/.local/lib/python3.12/site-packages/airflow/example_dags/example_bash_decorator.py took 0.102 seconds
[2024-12-29T00:27:15.692+0000] {processor.py:186} INFO - Started process (PID=1020) to work on /home/airflow/.local/lib/python3.12/site-packages/airflow/example_dags/example_bash_decorator.py
[2024-12-29T00:27:15.694+0000] {processor.py:914} INFO - Processing file /home/airflow/.local/lib/python3.12/site-packages/airflow/example_dags/example_bash_decorator.py for tasks to queue
[2024-12-29T00:27:15.697+0000] {logging_mixin.py:190} INFO - [2024-12-29T00:27:15.696+0000] {dagbag.py:588} INFO - Filling up the DagBag from /home/airflow/.local/lib/python3.12/site-packages/airflow/example_dags/example_bash_decorator.py
[2024-12-29T00:27:15.711+0000] {processor.py:925} INFO - DAG(s) 'example_bash_decorator' retrieved from /home/airflow/.local/lib/python3.12/site-packages/airflow/example_dags/example_bash_decorator.py
[2024-12-29T00:27:15.736+0000] {logging_mixin.py:190} INFO - [2024-12-29T00:27:15.736+0000] {dag.py:3239} INFO - Sync 1 DAGs
[2024-12-29T00:27:15.750+0000] {logging_mixin.py:190} INFO - [2024-12-29T00:27:15.749+0000] {dag.py:4180} INFO - Setting next_dagrun for example_bash_decorator to None, run_after=None
[2024-12-29T00:27:15.774+0000] {processor.py:208} INFO - Processing /home/airflow/.local/lib/python3.12/site-packages/airflow/example_dags/example_bash_decorator.py took 0.087 seconds
[2024-12-29T00:27:45.891+0000] {processor.py:186} INFO - Started process (PID=1085) to work on /home/airflow/.local/lib/python3.12/site-packages/airflow/example_dags/example_bash_decorator.py
[2024-12-29T00:27:45.893+0000] {processor.py:914} INFO - Processing file /home/airflow/.local/lib/python3.12/site-packages/airflow/example_dags/example_bash_decorator.py for tasks to queue
[2024-12-29T00:27:45.896+0000] {logging_mixin.py:190} INFO - [2024-12-29T00:27:45.896+0000] {dagbag.py:588} INFO - Filling up the DagBag from /home/airflow/.local/lib/python3.12/site-packages/airflow/example_dags/example_bash_decorator.py
[2024-12-29T00:27:45.912+0000] {processor.py:925} INFO - DAG(s) 'example_bash_decorator' retrieved from /home/airflow/.local/lib/python3.12/site-packages/airflow/example_dags/example_bash_decorator.py
[2024-12-29T00:27:45.944+0000] {logging_mixin.py:190} INFO - [2024-12-29T00:27:45.943+0000] {dag.py:3239} INFO - Sync 1 DAGs
[2024-12-29T00:27:45.959+0000] {logging_mixin.py:190} INFO - [2024-12-29T00:27:45.959+0000] {dag.py:4180} INFO - Setting next_dagrun for example_bash_decorator to None, run_after=None
[2024-12-29T00:27:45.986+0000] {processor.py:208} INFO - Processing /home/airflow/.local/lib/python3.12/site-packages/airflow/example_dags/example_bash_decorator.py took 0.101 seconds
[2024-12-29T00:28:16.417+0000] {processor.py:186} INFO - Started process (PID=1151) to work on /home/airflow/.local/lib/python3.12/site-packages/airflow/example_dags/example_bash_decorator.py
[2024-12-29T00:28:16.419+0000] {processor.py:914} INFO - Processing file /home/airflow/.local/lib/python3.12/site-packages/airflow/example_dags/example_bash_decorator.py for tasks to queue
[2024-12-29T00:28:16.422+0000] {logging_mixin.py:190} INFO - [2024-12-29T00:28:16.421+0000] {dagbag.py:588} INFO - Filling up the DagBag from /home/airflow/.local/lib/python3.12/site-packages/airflow/example_dags/example_bash_decorator.py
[2024-12-29T00:28:16.441+0000] {processor.py:925} INFO - DAG(s) 'example_bash_decorator' retrieved from /home/airflow/.local/lib/python3.12/site-packages/airflow/example_dags/example_bash_decorator.py
[2024-12-29T00:28:16.477+0000] {logging_mixin.py:190} INFO - [2024-12-29T00:28:16.477+0000] {dag.py:3239} INFO - Sync 1 DAGs
[2024-12-29T00:28:16.496+0000] {logging_mixin.py:190} INFO - [2024-12-29T00:28:16.496+0000] {dag.py:4180} INFO - Setting next_dagrun for example_bash_decorator to None, run_after=None
[2024-12-29T00:28:16.526+0000] {processor.py:208} INFO - Processing /home/airflow/.local/lib/python3.12/site-packages/airflow/example_dags/example_bash_decorator.py took 0.116 seconds
[2024-12-29T00:28:47.030+0000] {processor.py:186} INFO - Started process (PID=1216) to work on /home/airflow/.local/lib/python3.12/site-packages/airflow/example_dags/example_bash_decorator.py
[2024-12-29T00:28:47.035+0000] {processor.py:914} INFO - Processing file /home/airflow/.local/lib/python3.12/site-packages/airflow/example_dags/example_bash_decorator.py for tasks to queue
[2024-12-29T00:28:47.038+0000] {logging_mixin.py:190} INFO - [2024-12-29T00:28:47.038+0000] {dagbag.py:588} INFO - Filling up the DagBag from /home/airflow/.local/lib/python3.12/site-packages/airflow/example_dags/example_bash_decorator.py
[2024-12-29T00:28:47.055+0000] {processor.py:925} INFO - DAG(s) 'example_bash_decorator' retrieved from /home/airflow/.local/lib/python3.12/site-packages/airflow/example_dags/example_bash_decorator.py
[2024-12-29T00:28:47.091+0000] {logging_mixin.py:190} INFO - [2024-12-29T00:28:47.090+0000] {dag.py:3239} INFO - Sync 1 DAGs
[2024-12-29T00:28:47.119+0000] {logging_mixin.py:190} INFO - [2024-12-29T00:28:47.118+0000] {dag.py:4180} INFO - Setting next_dagrun for example_bash_decorator to None, run_after=None
[2024-12-29T00:28:47.147+0000] {processor.py:208} INFO - Processing /home/airflow/.local/lib/python3.12/site-packages/airflow/example_dags/example_bash_decorator.py took 0.124 seconds
[2024-12-29T00:29:17.351+0000] {processor.py:186} INFO - Started process (PID=1281) to work on /home/airflow/.local/lib/python3.12/site-packages/airflow/example_dags/example_bash_decorator.py
[2024-12-29T00:29:17.356+0000] {processor.py:914} INFO - Processing file /home/airflow/.local/lib/python3.12/site-packages/airflow/example_dags/example_bash_decorator.py for tasks to queue
[2024-12-29T00:29:17.360+0000] {logging_mixin.py:190} INFO - [2024-12-29T00:29:17.359+0000] {dagbag.py:588} INFO - Filling up the DagBag from /home/airflow/.local/lib/python3.12/site-packages/airflow/example_dags/example_bash_decorator.py
[2024-12-29T00:29:17.377+0000] {processor.py:925} INFO - DAG(s) 'example_bash_decorator' retrieved from /home/airflow/.local/lib/python3.12/site-packages/airflow/example_dags/example_bash_decorator.py
[2024-12-29T00:29:17.404+0000] {logging_mixin.py:190} INFO - [2024-12-29T00:29:17.404+0000] {dag.py:3239} INFO - Sync 1 DAGs
[2024-12-29T00:29:17.422+0000] {logging_mixin.py:190} INFO - [2024-12-29T00:29:17.421+0000] {dag.py:4180} INFO - Setting next_dagrun for example_bash_decorator to None, run_after=None
[2024-12-29T00:29:17.448+0000] {processor.py:208} INFO - Processing /home/airflow/.local/lib/python3.12/site-packages/airflow/example_dags/example_bash_decorator.py took 0.103 seconds
[2024-12-29T00:29:47.497+0000] {processor.py:186} INFO - Started process (PID=1346) to work on /home/airflow/.local/lib/python3.12/site-packages/airflow/example_dags/example_bash_decorator.py
[2024-12-29T00:29:47.499+0000] {processor.py:914} INFO - Processing file /home/airflow/.local/lib/python3.12/site-packages/airflow/example_dags/example_bash_decorator.py for tasks to queue
[2024-12-29T00:29:47.502+0000] {logging_mixin.py:190} INFO - [2024-12-29T00:29:47.501+0000] {dagbag.py:588} INFO - Filling up the DagBag from /home/airflow/.local/lib/python3.12/site-packages/airflow/example_dags/example_bash_decorator.py
[2024-12-29T00:29:47.518+0000] {processor.py:925} INFO - DAG(s) 'example_bash_decorator' retrieved from /home/airflow/.local/lib/python3.12/site-packages/airflow/example_dags/example_bash_decorator.py
[2024-12-29T00:29:47.549+0000] {logging_mixin.py:190} INFO - [2024-12-29T00:29:47.549+0000] {dag.py:3239} INFO - Sync 1 DAGs
[2024-12-29T00:29:47.566+0000] {logging_mixin.py:190} INFO - [2024-12-29T00:29:47.566+0000] {dag.py:4180} INFO - Setting next_dagrun for example_bash_decorator to None, run_after=None
[2024-12-29T00:29:47.598+0000] {processor.py:208} INFO - Processing /home/airflow/.local/lib/python3.12/site-packages/airflow/example_dags/example_bash_decorator.py took 0.107 seconds
[2024-12-29T00:30:18.302+0000] {processor.py:186} INFO - Started process (PID=1411) to work on /home/airflow/.local/lib/python3.12/site-packages/airflow/example_dags/example_bash_decorator.py
[2024-12-29T00:30:18.304+0000] {processor.py:914} INFO - Processing file /home/airflow/.local/lib/python3.12/site-packages/airflow/example_dags/example_bash_decorator.py for tasks to queue
[2024-12-29T00:30:18.307+0000] {logging_mixin.py:190} INFO - [2024-12-29T00:30:18.307+0000] {dagbag.py:588} INFO - Filling up the DagBag from /home/airflow/.local/lib/python3.12/site-packages/airflow/example_dags/example_bash_decorator.py
[2024-12-29T00:30:18.323+0000] {processor.py:925} INFO - DAG(s) 'example_bash_decorator' retrieved from /home/airflow/.local/lib/python3.12/site-packages/airflow/example_dags/example_bash_decorator.py
[2024-12-29T00:30:18.350+0000] {logging_mixin.py:190} INFO - [2024-12-29T00:30:18.349+0000] {dag.py:3239} INFO - Sync 1 DAGs
[2024-12-29T00:30:18.366+0000] {logging_mixin.py:190} INFO - [2024-12-29T00:30:18.365+0000] {dag.py:4180} INFO - Setting next_dagrun for example_bash_decorator to None, run_after=None
[2024-12-29T00:30:18.392+0000] {processor.py:208} INFO - Processing /home/airflow/.local/lib/python3.12/site-packages/airflow/example_dags/example_bash_decorator.py took 0.096 seconds
[2024-12-29T00:30:48.625+0000] {processor.py:186} INFO - Started process (PID=1476) to work on /home/airflow/.local/lib/python3.12/site-packages/airflow/example_dags/example_bash_decorator.py
[2024-12-29T00:30:48.627+0000] {processor.py:914} INFO - Processing file /home/airflow/.local/lib/python3.12/site-packages/airflow/example_dags/example_bash_decorator.py for tasks to queue
[2024-12-29T00:30:48.630+0000] {logging_mixin.py:190} INFO - [2024-12-29T00:30:48.629+0000] {dagbag.py:588} INFO - Filling up the DagBag from /home/airflow/.local/lib/python3.12/site-packages/airflow/example_dags/example_bash_decorator.py
[2024-12-29T00:30:48.643+0000] {processor.py:925} INFO - DAG(s) 'example_bash_decorator' retrieved from /home/airflow/.local/lib/python3.12/site-packages/airflow/example_dags/example_bash_decorator.py
[2024-12-29T00:30:48.670+0000] {logging_mixin.py:190} INFO - [2024-12-29T00:30:48.669+0000] {dag.py:3239} INFO - Sync 1 DAGs
[2024-12-29T00:30:48.684+0000] {logging_mixin.py:190} INFO - [2024-12-29T00:30:48.684+0000] {dag.py:4180} INFO - Setting next_dagrun for example_bash_decorator to None, run_after=None
[2024-12-29T00:30:48.708+0000] {processor.py:208} INFO - Processing /home/airflow/.local/lib/python3.12/site-packages/airflow/example_dags/example_bash_decorator.py took 0.088 seconds
[2024-12-29T00:31:19.153+0000] {processor.py:186} INFO - Started process (PID=1542) to work on /home/airflow/.local/lib/python3.12/site-packages/airflow/example_dags/example_bash_decorator.py
[2024-12-29T00:31:19.157+0000] {processor.py:914} INFO - Processing file /home/airflow/.local/lib/python3.12/site-packages/airflow/example_dags/example_bash_decorator.py for tasks to queue
[2024-12-29T00:31:19.160+0000] {logging_mixin.py:190} INFO - [2024-12-29T00:31:19.159+0000] {dagbag.py:588} INFO - Filling up the DagBag from /home/airflow/.local/lib/python3.12/site-packages/airflow/example_dags/example_bash_decorator.py
[2024-12-29T00:31:19.177+0000] {processor.py:925} INFO - DAG(s) 'example_bash_decorator' retrieved from /home/airflow/.local/lib/python3.12/site-packages/airflow/example_dags/example_bash_decorator.py
[2024-12-29T00:31:19.209+0000] {logging_mixin.py:190} INFO - [2024-12-29T00:31:19.208+0000] {dag.py:3239} INFO - Sync 1 DAGs
[2024-12-29T00:31:19.228+0000] {logging_mixin.py:190} INFO - [2024-12-29T00:31:19.227+0000] {dag.py:4180} INFO - Setting next_dagrun for example_bash_decorator to None, run_after=None
[2024-12-29T00:31:19.259+0000] {processor.py:208} INFO - Processing /home/airflow/.local/lib/python3.12/site-packages/airflow/example_dags/example_bash_decorator.py took 0.113 seconds
[2024-12-29T00:31:49.383+0000] {processor.py:186} INFO - Started process (PID=1607) to work on /home/airflow/.local/lib/python3.12/site-packages/airflow/example_dags/example_bash_decorator.py
[2024-12-29T00:31:49.385+0000] {processor.py:914} INFO - Processing file /home/airflow/.local/lib/python3.12/site-packages/airflow/example_dags/example_bash_decorator.py for tasks to queue
[2024-12-29T00:31:49.387+0000] {logging_mixin.py:190} INFO - [2024-12-29T00:31:49.386+0000] {dagbag.py:588} INFO - Filling up the DagBag from /home/airflow/.local/lib/python3.12/site-packages/airflow/example_dags/example_bash_decorator.py
[2024-12-29T00:31:49.401+0000] {processor.py:925} INFO - DAG(s) 'example_bash_decorator' retrieved from /home/airflow/.local/lib/python3.12/site-packages/airflow/example_dags/example_bash_decorator.py
[2024-12-29T00:31:49.428+0000] {logging_mixin.py:190} INFO - [2024-12-29T00:31:49.428+0000] {dag.py:3239} INFO - Sync 1 DAGs
[2024-12-29T00:31:49.444+0000] {logging_mixin.py:190} INFO - [2024-12-29T00:31:49.444+0000] {dag.py:4180} INFO - Setting next_dagrun for example_bash_decorator to None, run_after=None
[2024-12-29T00:31:49.473+0000] {processor.py:208} INFO - Processing /home/airflow/.local/lib/python3.12/site-packages/airflow/example_dags/example_bash_decorator.py took 0.096 seconds
[2024-12-29T00:32:19.754+0000] {processor.py:186} INFO - Started process (PID=1672) to work on /home/airflow/.local/lib/python3.12/site-packages/airflow/example_dags/example_bash_decorator.py
[2024-12-29T00:32:19.756+0000] {processor.py:914} INFO - Processing file /home/airflow/.local/lib/python3.12/site-packages/airflow/example_dags/example_bash_decorator.py for tasks to queue
[2024-12-29T00:32:19.760+0000] {logging_mixin.py:190} INFO - [2024-12-29T00:32:19.760+0000] {dagbag.py:588} INFO - Filling up the DagBag from /home/airflow/.local/lib/python3.12/site-packages/airflow/example_dags/example_bash_decorator.py
[2024-12-29T00:32:19.776+0000] {processor.py:925} INFO - DAG(s) 'example_bash_decorator' retrieved from /home/airflow/.local/lib/python3.12/site-packages/airflow/example_dags/example_bash_decorator.py
[2024-12-29T00:32:19.806+0000] {logging_mixin.py:190} INFO - [2024-12-29T00:32:19.806+0000] {dag.py:3239} INFO - Sync 1 DAGs
[2024-12-29T00:32:19.824+0000] {logging_mixin.py:190} INFO - [2024-12-29T00:32:19.823+0000] {dag.py:4180} INFO - Setting next_dagrun for example_bash_decorator to None, run_after=None
[2024-12-29T00:32:19.854+0000] {processor.py:208} INFO - Processing /home/airflow/.local/lib/python3.12/site-packages/airflow/example_dags/example_bash_decorator.py took 0.107 seconds
[2024-12-29T00:32:50.406+0000] {processor.py:186} INFO - Started process (PID=1737) to work on /home/airflow/.local/lib/python3.12/site-packages/airflow/example_dags/example_bash_decorator.py
[2024-12-29T00:32:50.408+0000] {processor.py:914} INFO - Processing file /home/airflow/.local/lib/python3.12/site-packages/airflow/example_dags/example_bash_decorator.py for tasks to queue
[2024-12-29T00:32:50.412+0000] {logging_mixin.py:190} INFO - [2024-12-29T00:32:50.411+0000] {dagbag.py:588} INFO - Filling up the DagBag from /home/airflow/.local/lib/python3.12/site-packages/airflow/example_dags/example_bash_decorator.py
[2024-12-29T00:32:50.438+0000] {processor.py:925} INFO - DAG(s) 'example_bash_decorator' retrieved from /home/airflow/.local/lib/python3.12/site-packages/airflow/example_dags/example_bash_decorator.py
[2024-12-29T00:32:50.489+0000] {logging_mixin.py:190} INFO - [2024-12-29T00:32:50.488+0000] {dag.py:3239} INFO - Sync 1 DAGs
[2024-12-29T00:32:50.523+0000] {logging_mixin.py:190} INFO - [2024-12-29T00:32:50.523+0000] {dag.py:4180} INFO - Setting next_dagrun for example_bash_decorator to None, run_after=None
[2024-12-29T00:32:50.565+0000] {processor.py:208} INFO - Processing /home/airflow/.local/lib/python3.12/site-packages/airflow/example_dags/example_bash_decorator.py took 0.172 seconds
[2024-12-29T00:33:20.737+0000] {processor.py:186} INFO - Started process (PID=1802) to work on /home/airflow/.local/lib/python3.12/site-packages/airflow/example_dags/example_bash_decorator.py
[2024-12-29T00:33:20.738+0000] {processor.py:914} INFO - Processing file /home/airflow/.local/lib/python3.12/site-packages/airflow/example_dags/example_bash_decorator.py for tasks to queue
[2024-12-29T00:33:20.741+0000] {logging_mixin.py:190} INFO - [2024-12-29T00:33:20.740+0000] {dagbag.py:588} INFO - Filling up the DagBag from /home/airflow/.local/lib/python3.12/site-packages/airflow/example_dags/example_bash_decorator.py
[2024-12-29T00:33:20.758+0000] {processor.py:925} INFO - DAG(s) 'example_bash_decorator' retrieved from /home/airflow/.local/lib/python3.12/site-packages/airflow/example_dags/example_bash_decorator.py
[2024-12-29T00:33:20.791+0000] {logging_mixin.py:190} INFO - [2024-12-29T00:33:20.790+0000] {dag.py:3239} INFO - Sync 1 DAGs
[2024-12-29T00:33:20.809+0000] {logging_mixin.py:190} INFO - [2024-12-29T00:33:20.809+0000] {dag.py:4180} INFO - Setting next_dagrun for example_bash_decorator to None, run_after=None
[2024-12-29T00:33:20.836+0000] {processor.py:208} INFO - Processing /home/airflow/.local/lib/python3.12/site-packages/airflow/example_dags/example_bash_decorator.py took 0.107 seconds
[2024-12-29T00:33:50.970+0000] {processor.py:186} INFO - Started process (PID=1867) to work on /home/airflow/.local/lib/python3.12/site-packages/airflow/example_dags/example_bash_decorator.py
[2024-12-29T00:33:50.971+0000] {processor.py:914} INFO - Processing file /home/airflow/.local/lib/python3.12/site-packages/airflow/example_dags/example_bash_decorator.py for tasks to queue
[2024-12-29T00:33:50.973+0000] {logging_mixin.py:190} INFO - [2024-12-29T00:33:50.973+0000] {dagbag.py:588} INFO - Filling up the DagBag from /home/airflow/.local/lib/python3.12/site-packages/airflow/example_dags/example_bash_decorator.py
[2024-12-29T00:33:50.989+0000] {processor.py:925} INFO - DAG(s) 'example_bash_decorator' retrieved from /home/airflow/.local/lib/python3.12/site-packages/airflow/example_dags/example_bash_decorator.py
[2024-12-29T00:33:51.021+0000] {logging_mixin.py:190} INFO - [2024-12-29T00:33:51.021+0000] {dag.py:3239} INFO - Sync 1 DAGs
[2024-12-29T00:33:51.038+0000] {logging_mixin.py:190} INFO - [2024-12-29T00:33:51.037+0000] {dag.py:4180} INFO - Setting next_dagrun for example_bash_decorator to None, run_after=None
[2024-12-29T00:33:51.067+0000] {processor.py:208} INFO - Processing /home/airflow/.local/lib/python3.12/site-packages/airflow/example_dags/example_bash_decorator.py took 0.103 seconds
[2024-12-29T00:34:21.879+0000] {processor.py:186} INFO - Started process (PID=1932) to work on /home/airflow/.local/lib/python3.12/site-packages/airflow/example_dags/example_bash_decorator.py
[2024-12-29T00:34:21.880+0000] {processor.py:914} INFO - Processing file /home/airflow/.local/lib/python3.12/site-packages/airflow/example_dags/example_bash_decorator.py for tasks to queue
[2024-12-29T00:34:21.883+0000] {logging_mixin.py:190} INFO - [2024-12-29T00:34:21.882+0000] {dagbag.py:588} INFO - Filling up the DagBag from /home/airflow/.local/lib/python3.12/site-packages/airflow/example_dags/example_bash_decorator.py
[2024-12-29T00:34:21.899+0000] {processor.py:925} INFO - DAG(s) 'example_bash_decorator' retrieved from /home/airflow/.local/lib/python3.12/site-packages/airflow/example_dags/example_bash_decorator.py
[2024-12-29T00:34:21.930+0000] {logging_mixin.py:190} INFO - [2024-12-29T00:34:21.929+0000] {dag.py:3239} INFO - Sync 1 DAGs
[2024-12-29T00:34:21.947+0000] {logging_mixin.py:190} INFO - [2024-12-29T00:34:21.947+0000] {dag.py:4180} INFO - Setting next_dagrun for example_bash_decorator to None, run_after=None
[2024-12-29T00:34:21.975+0000] {processor.py:208} INFO - Processing /home/airflow/.local/lib/python3.12/site-packages/airflow/example_dags/example_bash_decorator.py took 0.103 seconds
[2024-12-29T00:34:52.483+0000] {processor.py:186} INFO - Started process (PID=1997) to work on /home/airflow/.local/lib/python3.12/site-packages/airflow/example_dags/example_bash_decorator.py
[2024-12-29T00:34:52.485+0000] {processor.py:914} INFO - Processing file /home/airflow/.local/lib/python3.12/site-packages/airflow/example_dags/example_bash_decorator.py for tasks to queue
[2024-12-29T00:34:52.487+0000] {logging_mixin.py:190} INFO - [2024-12-29T00:34:52.487+0000] {dagbag.py:588} INFO - Filling up the DagBag from /home/airflow/.local/lib/python3.12/site-packages/airflow/example_dags/example_bash_decorator.py
[2024-12-29T00:34:52.502+0000] {processor.py:925} INFO - DAG(s) 'example_bash_decorator' retrieved from /home/airflow/.local/lib/python3.12/site-packages/airflow/example_dags/example_bash_decorator.py
[2024-12-29T00:34:52.531+0000] {logging_mixin.py:190} INFO - [2024-12-29T00:34:52.531+0000] {dag.py:3239} INFO - Sync 1 DAGs
[2024-12-29T00:34:52.547+0000] {logging_mixin.py:190} INFO - [2024-12-29T00:34:52.547+0000] {dag.py:4180} INFO - Setting next_dagrun for example_bash_decorator to None, run_after=None
[2024-12-29T00:34:52.571+0000] {processor.py:208} INFO - Processing /home/airflow/.local/lib/python3.12/site-packages/airflow/example_dags/example_bash_decorator.py took 0.094 seconds
[2024-12-29T00:35:22.619+0000] {processor.py:186} INFO - Started process (PID=2062) to work on /home/airflow/.local/lib/python3.12/site-packages/airflow/example_dags/example_bash_decorator.py
[2024-12-29T00:35:22.620+0000] {processor.py:914} INFO - Processing file /home/airflow/.local/lib/python3.12/site-packages/airflow/example_dags/example_bash_decorator.py for tasks to queue
[2024-12-29T00:35:22.622+0000] {logging_mixin.py:190} INFO - [2024-12-29T00:35:22.622+0000] {dagbag.py:588} INFO - Filling up the DagBag from /home/airflow/.local/lib/python3.12/site-packages/airflow/example_dags/example_bash_decorator.py
[2024-12-29T00:35:22.636+0000] {processor.py:925} INFO - DAG(s) 'example_bash_decorator' retrieved from /home/airflow/.local/lib/python3.12/site-packages/airflow/example_dags/example_bash_decorator.py
[2024-12-29T00:35:22.664+0000] {logging_mixin.py:190} INFO - [2024-12-29T00:35:22.664+0000] {dag.py:3239} INFO - Sync 1 DAGs
[2024-12-29T00:35:22.680+0000] {logging_mixin.py:190} INFO - [2024-12-29T00:35:22.679+0000] {dag.py:4180} INFO - Setting next_dagrun for example_bash_decorator to None, run_after=None
[2024-12-29T00:35:22.704+0000] {processor.py:208} INFO - Processing /home/airflow/.local/lib/python3.12/site-packages/airflow/example_dags/example_bash_decorator.py took 0.091 seconds
[2024-12-29T00:35:53.494+0000] {processor.py:186} INFO - Started process (PID=2127) to work on /home/airflow/.local/lib/python3.12/site-packages/airflow/example_dags/example_bash_decorator.py
[2024-12-29T00:35:53.502+0000] {processor.py:914} INFO - Processing file /home/airflow/.local/lib/python3.12/site-packages/airflow/example_dags/example_bash_decorator.py for tasks to queue
[2024-12-29T00:35:53.505+0000] {logging_mixin.py:190} INFO - [2024-12-29T00:35:53.505+0000] {dagbag.py:588} INFO - Filling up the DagBag from /home/airflow/.local/lib/python3.12/site-packages/airflow/example_dags/example_bash_decorator.py
[2024-12-29T00:35:53.523+0000] {processor.py:925} INFO - DAG(s) 'example_bash_decorator' retrieved from /home/airflow/.local/lib/python3.12/site-packages/airflow/example_dags/example_bash_decorator.py
[2024-12-29T00:35:53.557+0000] {logging_mixin.py:190} INFO - [2024-12-29T00:35:53.557+0000] {dag.py:3239} INFO - Sync 1 DAGs
[2024-12-29T00:35:53.578+0000] {logging_mixin.py:190} INFO - [2024-12-29T00:35:53.578+0000] {dag.py:4180} INFO - Setting next_dagrun for example_bash_decorator to None, run_after=None
[2024-12-29T00:35:53.631+0000] {processor.py:208} INFO - Processing /home/airflow/.local/lib/python3.12/site-packages/airflow/example_dags/example_bash_decorator.py took 0.144 seconds
[2024-12-29T00:36:23.905+0000] {processor.py:186} INFO - Started process (PID=2192) to work on /home/airflow/.local/lib/python3.12/site-packages/airflow/example_dags/example_bash_decorator.py
[2024-12-29T00:36:23.907+0000] {processor.py:914} INFO - Processing file /home/airflow/.local/lib/python3.12/site-packages/airflow/example_dags/example_bash_decorator.py for tasks to queue
[2024-12-29T00:36:23.909+0000] {logging_mixin.py:190} INFO - [2024-12-29T00:36:23.909+0000] {dagbag.py:588} INFO - Filling up the DagBag from /home/airflow/.local/lib/python3.12/site-packages/airflow/example_dags/example_bash_decorator.py
[2024-12-29T00:36:23.925+0000] {processor.py:925} INFO - DAG(s) 'example_bash_decorator' retrieved from /home/airflow/.local/lib/python3.12/site-packages/airflow/example_dags/example_bash_decorator.py
[2024-12-29T00:36:23.958+0000] {logging_mixin.py:190} INFO - [2024-12-29T00:36:23.957+0000] {dag.py:3239} INFO - Sync 1 DAGs
[2024-12-29T00:36:23.975+0000] {logging_mixin.py:190} INFO - [2024-12-29T00:36:23.975+0000] {dag.py:4180} INFO - Setting next_dagrun for example_bash_decorator to None, run_after=None
[2024-12-29T00:36:24.003+0000] {processor.py:208} INFO - Processing /home/airflow/.local/lib/python3.12/site-packages/airflow/example_dags/example_bash_decorator.py took 0.104 seconds
[2024-12-29T00:36:54.911+0000] {processor.py:186} INFO - Started process (PID=2258) to work on /home/airflow/.local/lib/python3.12/site-packages/airflow/example_dags/example_bash_decorator.py
[2024-12-29T00:36:54.913+0000] {processor.py:914} INFO - Processing file /home/airflow/.local/lib/python3.12/site-packages/airflow/example_dags/example_bash_decorator.py for tasks to queue
[2024-12-29T00:36:54.915+0000] {logging_mixin.py:190} INFO - [2024-12-29T00:36:54.915+0000] {dagbag.py:588} INFO - Filling up the DagBag from /home/airflow/.local/lib/python3.12/site-packages/airflow/example_dags/example_bash_decorator.py
[2024-12-29T00:36:54.932+0000] {processor.py:925} INFO - DAG(s) 'example_bash_decorator' retrieved from /home/airflow/.local/lib/python3.12/site-packages/airflow/example_dags/example_bash_decorator.py
[2024-12-29T00:36:54.963+0000] {logging_mixin.py:190} INFO - [2024-12-29T00:36:54.962+0000] {dag.py:3239} INFO - Sync 1 DAGs
[2024-12-29T00:36:54.982+0000] {logging_mixin.py:190} INFO - [2024-12-29T00:36:54.981+0000] {dag.py:4180} INFO - Setting next_dagrun for example_bash_decorator to None, run_after=None
[2024-12-29T00:36:55.011+0000] {processor.py:208} INFO - Processing /home/airflow/.local/lib/python3.12/site-packages/airflow/example_dags/example_bash_decorator.py took 0.107 seconds
[2024-12-29T00:37:25.339+0000] {processor.py:186} INFO - Started process (PID=2323) to work on /home/airflow/.local/lib/python3.12/site-packages/airflow/example_dags/example_bash_decorator.py
[2024-12-29T00:37:25.341+0000] {processor.py:914} INFO - Processing file /home/airflow/.local/lib/python3.12/site-packages/airflow/example_dags/example_bash_decorator.py for tasks to queue
[2024-12-29T00:37:25.343+0000] {logging_mixin.py:190} INFO - [2024-12-29T00:37:25.343+0000] {dagbag.py:588} INFO - Filling up the DagBag from /home/airflow/.local/lib/python3.12/site-packages/airflow/example_dags/example_bash_decorator.py
[2024-12-29T00:37:25.358+0000] {processor.py:925} INFO - DAG(s) 'example_bash_decorator' retrieved from /home/airflow/.local/lib/python3.12/site-packages/airflow/example_dags/example_bash_decorator.py
[2024-12-29T00:37:25.386+0000] {logging_mixin.py:190} INFO - [2024-12-29T00:37:25.385+0000] {dag.py:3239} INFO - Sync 1 DAGs
[2024-12-29T00:37:25.401+0000] {logging_mixin.py:190} INFO - [2024-12-29T00:37:25.401+0000] {dag.py:4180} INFO - Setting next_dagrun for example_bash_decorator to None, run_after=None
[2024-12-29T00:37:25.424+0000] {processor.py:208} INFO - Processing /home/airflow/.local/lib/python3.12/site-packages/airflow/example_dags/example_bash_decorator.py took 0.091 seconds
[2024-12-29T00:37:56.089+0000] {processor.py:186} INFO - Started process (PID=2388) to work on /home/airflow/.local/lib/python3.12/site-packages/airflow/example_dags/example_bash_decorator.py
[2024-12-29T00:37:56.090+0000] {processor.py:914} INFO - Processing file /home/airflow/.local/lib/python3.12/site-packages/airflow/example_dags/example_bash_decorator.py for tasks to queue
[2024-12-29T00:37:56.093+0000] {logging_mixin.py:190} INFO - [2024-12-29T00:37:56.092+0000] {dagbag.py:588} INFO - Filling up the DagBag from /home/airflow/.local/lib/python3.12/site-packages/airflow/example_dags/example_bash_decorator.py
[2024-12-29T00:37:56.108+0000] {processor.py:925} INFO - DAG(s) 'example_bash_decorator' retrieved from /home/airflow/.local/lib/python3.12/site-packages/airflow/example_dags/example_bash_decorator.py
[2024-12-29T00:37:56.135+0000] {logging_mixin.py:190} INFO - [2024-12-29T00:37:56.135+0000] {dag.py:3239} INFO - Sync 1 DAGs
[2024-12-29T00:37:56.152+0000] {logging_mixin.py:190} INFO - [2024-12-29T00:37:56.152+0000] {dag.py:4180} INFO - Setting next_dagrun for example_bash_decorator to None, run_after=None
[2024-12-29T00:37:56.179+0000] {processor.py:208} INFO - Processing /home/airflow/.local/lib/python3.12/site-packages/airflow/example_dags/example_bash_decorator.py took 0.096 seconds
