[2024-12-29T00:03:59.636+0000] {processor.py:186} INFO - Started process (PID=125) to work on /home/airflow/.local/lib/python3.12/site-packages/airflow/example_dags/example_task_group.py
[2024-12-29T00:03:59.637+0000] {processor.py:914} INFO - Processing file /home/airflow/.local/lib/python3.12/site-packages/airflow/example_dags/example_task_group.py for tasks to queue
[2024-12-29T00:03:59.640+0000] {logging_mixin.py:190} INFO - [2024-12-29T00:03:59.639+0000] {dagbag.py:588} INFO - Filling up the DagBag from /home/airflow/.local/lib/python3.12/site-packages/airflow/example_dags/example_task_group.py
[2024-12-29T00:03:59.653+0000] {processor.py:925} INFO - DAG(s) 'example_task_group' retrieved from /home/airflow/.local/lib/python3.12/site-packages/airflow/example_dags/example_task_group.py
[2024-12-29T00:03:59.798+0000] {logging_mixin.py:190} INFO - [2024-12-29T00:03:59.797+0000] {override.py:1911} INFO - Created Permission View: can read on DAG:example_task_group
[2024-12-29T00:03:59.816+0000] {logging_mixin.py:190} INFO - [2024-12-29T00:03:59.815+0000] {override.py:1911} INFO - Created Permission View: can edit on DAG:example_task_group
[2024-12-29T00:03:59.831+0000] {logging_mixin.py:190} INFO - [2024-12-29T00:03:59.830+0000] {override.py:1911} INFO - Created Permission View: can delete on DAG:example_task_group
[2024-12-29T00:03:59.851+0000] {logging_mixin.py:190} INFO - [2024-12-29T00:03:59.850+0000] {override.py:1911} INFO - Created Permission View: can create on DAG Run:example_task_group
[2024-12-29T00:03:59.869+0000] {logging_mixin.py:190} INFO - [2024-12-29T00:03:59.869+0000] {override.py:1911} INFO - Created Permission View: can read on DAG Run:example_task_group
[2024-12-29T00:03:59.885+0000] {logging_mixin.py:190} INFO - [2024-12-29T00:03:59.884+0000] {override.py:1911} INFO - Created Permission View: can delete on DAG Run:example_task_group
[2024-12-29T00:03:59.903+0000] {logging_mixin.py:190} INFO - [2024-12-29T00:03:59.902+0000] {override.py:1911} INFO - Created Permission View: menu access on DAG Run:example_task_group
[2024-12-29T00:03:59.904+0000] {logging_mixin.py:190} INFO - [2024-12-29T00:03:59.903+0000] {dag.py:3239} INFO - Sync 1 DAGs
[2024-12-29T00:03:59.929+0000] {logging_mixin.py:190} INFO - [2024-12-29T00:03:59.928+0000] {dag.py:3262} INFO - Creating ORM DAG for example_task_group
[2024-12-29T00:03:59.930+0000] {logging_mixin.py:190} INFO - [2024-12-29T00:03:59.929+0000] {dag.py:4180} INFO - Setting next_dagrun for example_task_group to None, run_after=None
[2024-12-29T00:03:59.965+0000] {processor.py:208} INFO - Processing /home/airflow/.local/lib/python3.12/site-packages/airflow/example_dags/example_task_group.py took 0.336 seconds
[2024-12-29T00:04:30.831+0000] {processor.py:186} INFO - Started process (PID=189) to work on /home/airflow/.local/lib/python3.12/site-packages/airflow/example_dags/example_task_group.py
[2024-12-29T00:04:30.833+0000] {processor.py:914} INFO - Processing file /home/airflow/.local/lib/python3.12/site-packages/airflow/example_dags/example_task_group.py for tasks to queue
[2024-12-29T00:04:30.835+0000] {logging_mixin.py:190} INFO - [2024-12-29T00:04:30.835+0000] {dagbag.py:588} INFO - Filling up the DagBag from /home/airflow/.local/lib/python3.12/site-packages/airflow/example_dags/example_task_group.py
[2024-12-29T00:04:30.851+0000] {processor.py:925} INFO - DAG(s) 'example_task_group' retrieved from /home/airflow/.local/lib/python3.12/site-packages/airflow/example_dags/example_task_group.py
[2024-12-29T00:04:30.882+0000] {logging_mixin.py:190} INFO - [2024-12-29T00:04:30.882+0000] {dag.py:3239} INFO - Sync 1 DAGs
[2024-12-29T00:04:30.900+0000] {logging_mixin.py:190} INFO - [2024-12-29T00:04:30.899+0000] {dag.py:4180} INFO - Setting next_dagrun for example_task_group to None, run_after=None
[2024-12-29T00:04:30.931+0000] {processor.py:208} INFO - Processing /home/airflow/.local/lib/python3.12/site-packages/airflow/example_dags/example_task_group.py took 0.106 seconds
[2024-12-29T00:05:02.940+0000] {processor.py:186} INFO - Started process (PID=253) to work on /home/airflow/.local/lib/python3.12/site-packages/airflow/example_dags/example_task_group.py
[2024-12-29T00:05:02.942+0000] {processor.py:914} INFO - Processing file /home/airflow/.local/lib/python3.12/site-packages/airflow/example_dags/example_task_group.py for tasks to queue
[2024-12-29T00:05:02.945+0000] {logging_mixin.py:190} INFO - [2024-12-29T00:05:02.944+0000] {dagbag.py:588} INFO - Filling up the DagBag from /home/airflow/.local/lib/python3.12/site-packages/airflow/example_dags/example_task_group.py
[2024-12-29T00:05:02.957+0000] {processor.py:925} INFO - DAG(s) 'example_task_group' retrieved from /home/airflow/.local/lib/python3.12/site-packages/airflow/example_dags/example_task_group.py
[2024-12-29T00:05:02.991+0000] {logging_mixin.py:190} INFO - [2024-12-29T00:05:02.990+0000] {dag.py:3239} INFO - Sync 1 DAGs
[2024-12-29T00:05:03.009+0000] {logging_mixin.py:190} INFO - [2024-12-29T00:05:03.009+0000] {dag.py:4180} INFO - Setting next_dagrun for example_task_group to None, run_after=None
[2024-12-29T00:05:03.041+0000] {processor.py:208} INFO - Processing /home/airflow/.local/lib/python3.12/site-packages/airflow/example_dags/example_task_group.py took 0.108 seconds
[2024-12-29T00:05:34.189+0000] {processor.py:186} INFO - Started process (PID=317) to work on /home/airflow/.local/lib/python3.12/site-packages/airflow/example_dags/example_task_group.py
[2024-12-29T00:05:34.190+0000] {processor.py:914} INFO - Processing file /home/airflow/.local/lib/python3.12/site-packages/airflow/example_dags/example_task_group.py for tasks to queue
[2024-12-29T00:05:34.193+0000] {logging_mixin.py:190} INFO - [2024-12-29T00:05:34.193+0000] {dagbag.py:588} INFO - Filling up the DagBag from /home/airflow/.local/lib/python3.12/site-packages/airflow/example_dags/example_task_group.py
[2024-12-29T00:05:34.204+0000] {processor.py:925} INFO - DAG(s) 'example_task_group' retrieved from /home/airflow/.local/lib/python3.12/site-packages/airflow/example_dags/example_task_group.py
[2024-12-29T00:05:34.234+0000] {logging_mixin.py:190} INFO - [2024-12-29T00:05:34.234+0000] {dag.py:3239} INFO - Sync 1 DAGs
[2024-12-29T00:05:34.251+0000] {logging_mixin.py:190} INFO - [2024-12-29T00:05:34.250+0000] {dag.py:4180} INFO - Setting next_dagrun for example_task_group to None, run_after=None
[2024-12-29T00:05:34.277+0000] {processor.py:208} INFO - Processing /home/airflow/.local/lib/python3.12/site-packages/airflow/example_dags/example_task_group.py took 0.096 seconds
[2024-12-29T00:06:05.568+0000] {processor.py:186} INFO - Started process (PID=381) to work on /home/airflow/.local/lib/python3.12/site-packages/airflow/example_dags/example_task_group.py
[2024-12-29T00:06:05.569+0000] {processor.py:914} INFO - Processing file /home/airflow/.local/lib/python3.12/site-packages/airflow/example_dags/example_task_group.py for tasks to queue
[2024-12-29T00:06:05.572+0000] {logging_mixin.py:190} INFO - [2024-12-29T00:06:05.571+0000] {dagbag.py:588} INFO - Filling up the DagBag from /home/airflow/.local/lib/python3.12/site-packages/airflow/example_dags/example_task_group.py
[2024-12-29T00:06:05.581+0000] {processor.py:925} INFO - DAG(s) 'example_task_group' retrieved from /home/airflow/.local/lib/python3.12/site-packages/airflow/example_dags/example_task_group.py
[2024-12-29T00:06:05.607+0000] {logging_mixin.py:190} INFO - [2024-12-29T00:06:05.606+0000] {dag.py:3239} INFO - Sync 1 DAGs
[2024-12-29T00:06:05.622+0000] {logging_mixin.py:190} INFO - [2024-12-29T00:06:05.622+0000] {dag.py:4180} INFO - Setting next_dagrun for example_task_group to None, run_after=None
[2024-12-29T00:06:05.647+0000] {processor.py:208} INFO - Processing /home/airflow/.local/lib/python3.12/site-packages/airflow/example_dags/example_task_group.py took 0.085 seconds
[2024-12-29T00:06:37.086+0000] {processor.py:186} INFO - Started process (PID=445) to work on /home/airflow/.local/lib/python3.12/site-packages/airflow/example_dags/example_task_group.py
[2024-12-29T00:06:37.088+0000] {processor.py:914} INFO - Processing file /home/airflow/.local/lib/python3.12/site-packages/airflow/example_dags/example_task_group.py for tasks to queue
[2024-12-29T00:06:37.091+0000] {logging_mixin.py:190} INFO - [2024-12-29T00:06:37.091+0000] {dagbag.py:588} INFO - Filling up the DagBag from /home/airflow/.local/lib/python3.12/site-packages/airflow/example_dags/example_task_group.py
[2024-12-29T00:06:37.103+0000] {processor.py:925} INFO - DAG(s) 'example_task_group' retrieved from /home/airflow/.local/lib/python3.12/site-packages/airflow/example_dags/example_task_group.py
[2024-12-29T00:06:37.134+0000] {logging_mixin.py:190} INFO - [2024-12-29T00:06:37.133+0000] {dag.py:3239} INFO - Sync 1 DAGs
[2024-12-29T00:06:37.150+0000] {logging_mixin.py:190} INFO - [2024-12-29T00:06:37.150+0000] {dag.py:4180} INFO - Setting next_dagrun for example_task_group to None, run_after=None
[2024-12-29T00:06:37.178+0000] {processor.py:208} INFO - Processing /home/airflow/.local/lib/python3.12/site-packages/airflow/example_dags/example_task_group.py took 0.101 seconds
[2024-12-29T00:07:08.758+0000] {processor.py:186} INFO - Started process (PID=509) to work on /home/airflow/.local/lib/python3.12/site-packages/airflow/example_dags/example_task_group.py
[2024-12-29T00:07:08.761+0000] {processor.py:914} INFO - Processing file /home/airflow/.local/lib/python3.12/site-packages/airflow/example_dags/example_task_group.py for tasks to queue
[2024-12-29T00:07:08.764+0000] {logging_mixin.py:190} INFO - [2024-12-29T00:07:08.763+0000] {dagbag.py:588} INFO - Filling up the DagBag from /home/airflow/.local/lib/python3.12/site-packages/airflow/example_dags/example_task_group.py
[2024-12-29T00:07:08.779+0000] {processor.py:925} INFO - DAG(s) 'example_task_group' retrieved from /home/airflow/.local/lib/python3.12/site-packages/airflow/example_dags/example_task_group.py
[2024-12-29T00:07:08.821+0000] {logging_mixin.py:190} INFO - [2024-12-29T00:07:08.820+0000] {dag.py:3239} INFO - Sync 1 DAGs
[2024-12-29T00:07:08.842+0000] {logging_mixin.py:190} INFO - [2024-12-29T00:07:08.841+0000] {dag.py:4180} INFO - Setting next_dagrun for example_task_group to None, run_after=None
[2024-12-29T00:07:08.881+0000] {processor.py:208} INFO - Processing /home/airflow/.local/lib/python3.12/site-packages/airflow/example_dags/example_task_group.py took 0.132 seconds
[2024-12-29T00:07:40.649+0000] {processor.py:186} INFO - Started process (PID=574) to work on /home/airflow/.local/lib/python3.12/site-packages/airflow/example_dags/example_task_group.py
[2024-12-29T00:07:40.651+0000] {processor.py:914} INFO - Processing file /home/airflow/.local/lib/python3.12/site-packages/airflow/example_dags/example_task_group.py for tasks to queue
[2024-12-29T00:07:40.654+0000] {logging_mixin.py:190} INFO - [2024-12-29T00:07:40.653+0000] {dagbag.py:588} INFO - Filling up the DagBag from /home/airflow/.local/lib/python3.12/site-packages/airflow/example_dags/example_task_group.py
[2024-12-29T00:07:40.665+0000] {processor.py:925} INFO - DAG(s) 'example_task_group' retrieved from /home/airflow/.local/lib/python3.12/site-packages/airflow/example_dags/example_task_group.py
[2024-12-29T00:07:40.699+0000] {logging_mixin.py:190} INFO - [2024-12-29T00:07:40.698+0000] {dag.py:3239} INFO - Sync 1 DAGs
[2024-12-29T00:07:40.719+0000] {logging_mixin.py:190} INFO - [2024-12-29T00:07:40.718+0000] {dag.py:4180} INFO - Setting next_dagrun for example_task_group to None, run_after=None
[2024-12-29T00:07:40.749+0000] {processor.py:208} INFO - Processing /home/airflow/.local/lib/python3.12/site-packages/airflow/example_dags/example_task_group.py took 0.108 seconds
[2024-12-29T00:08:11.858+0000] {processor.py:186} INFO - Started process (PID=638) to work on /home/airflow/.local/lib/python3.12/site-packages/airflow/example_dags/example_task_group.py
[2024-12-29T00:08:11.860+0000] {processor.py:914} INFO - Processing file /home/airflow/.local/lib/python3.12/site-packages/airflow/example_dags/example_task_group.py for tasks to queue
[2024-12-29T00:08:11.863+0000] {logging_mixin.py:190} INFO - [2024-12-29T00:08:11.862+0000] {dagbag.py:588} INFO - Filling up the DagBag from /home/airflow/.local/lib/python3.12/site-packages/airflow/example_dags/example_task_group.py
[2024-12-29T00:08:11.871+0000] {processor.py:925} INFO - DAG(s) 'example_task_group' retrieved from /home/airflow/.local/lib/python3.12/site-packages/airflow/example_dags/example_task_group.py
[2024-12-29T00:08:11.898+0000] {logging_mixin.py:190} INFO - [2024-12-29T00:08:11.898+0000] {dag.py:3239} INFO - Sync 1 DAGs
[2024-12-29T00:08:11.912+0000] {logging_mixin.py:190} INFO - [2024-12-29T00:08:11.912+0000] {dag.py:4180} INFO - Setting next_dagrun for example_task_group to None, run_after=None
[2024-12-29T00:08:11.936+0000] {processor.py:208} INFO - Processing /home/airflow/.local/lib/python3.12/site-packages/airflow/example_dags/example_task_group.py took 0.083 seconds
[2024-12-29T00:08:43.995+0000] {processor.py:186} INFO - Started process (PID=707) to work on /home/airflow/.local/lib/python3.12/site-packages/airflow/example_dags/example_task_group.py
[2024-12-29T00:08:43.997+0000] {processor.py:914} INFO - Processing file /home/airflow/.local/lib/python3.12/site-packages/airflow/example_dags/example_task_group.py for tasks to queue
[2024-12-29T00:08:44.000+0000] {logging_mixin.py:190} INFO - [2024-12-29T00:08:43.999+0000] {dagbag.py:588} INFO - Filling up the DagBag from /home/airflow/.local/lib/python3.12/site-packages/airflow/example_dags/example_task_group.py
[2024-12-29T00:08:44.012+0000] {processor.py:925} INFO - DAG(s) 'example_task_group' retrieved from /home/airflow/.local/lib/python3.12/site-packages/airflow/example_dags/example_task_group.py
[2024-12-29T00:08:44.046+0000] {logging_mixin.py:190} INFO - [2024-12-29T00:08:44.045+0000] {dag.py:3239} INFO - Sync 1 DAGs
[2024-12-29T00:08:44.068+0000] {logging_mixin.py:190} INFO - [2024-12-29T00:08:44.067+0000] {dag.py:4180} INFO - Setting next_dagrun for example_task_group to None, run_after=None
[2024-12-29T00:08:44.095+0000] {processor.py:208} INFO - Processing /home/airflow/.local/lib/python3.12/site-packages/airflow/example_dags/example_task_group.py took 0.109 seconds
[2024-12-29T00:09:15.430+0000] {processor.py:186} INFO - Started process (PID=771) to work on /home/airflow/.local/lib/python3.12/site-packages/airflow/example_dags/example_task_group.py
[2024-12-29T00:09:15.431+0000] {processor.py:914} INFO - Processing file /home/airflow/.local/lib/python3.12/site-packages/airflow/example_dags/example_task_group.py for tasks to queue
[2024-12-29T00:09:15.434+0000] {logging_mixin.py:190} INFO - [2024-12-29T00:09:15.433+0000] {dagbag.py:588} INFO - Filling up the DagBag from /home/airflow/.local/lib/python3.12/site-packages/airflow/example_dags/example_task_group.py
[2024-12-29T00:09:15.444+0000] {processor.py:925} INFO - DAG(s) 'example_task_group' retrieved from /home/airflow/.local/lib/python3.12/site-packages/airflow/example_dags/example_task_group.py
[2024-12-29T00:09:15.477+0000] {logging_mixin.py:190} INFO - [2024-12-29T00:09:15.477+0000] {dag.py:3239} INFO - Sync 1 DAGs
[2024-12-29T00:09:15.495+0000] {logging_mixin.py:190} INFO - [2024-12-29T00:09:15.495+0000] {dag.py:4180} INFO - Setting next_dagrun for example_task_group to None, run_after=None
[2024-12-29T00:09:15.524+0000] {processor.py:208} INFO - Processing /home/airflow/.local/lib/python3.12/site-packages/airflow/example_dags/example_task_group.py took 0.101 seconds
[2024-12-29T00:09:46.754+0000] {processor.py:186} INFO - Started process (PID=835) to work on /home/airflow/.local/lib/python3.12/site-packages/airflow/example_dags/example_task_group.py
[2024-12-29T00:09:46.755+0000] {processor.py:914} INFO - Processing file /home/airflow/.local/lib/python3.12/site-packages/airflow/example_dags/example_task_group.py for tasks to queue
[2024-12-29T00:09:46.759+0000] {logging_mixin.py:190} INFO - [2024-12-29T00:09:46.758+0000] {dagbag.py:588} INFO - Filling up the DagBag from /home/airflow/.local/lib/python3.12/site-packages/airflow/example_dags/example_task_group.py
[2024-12-29T00:09:46.773+0000] {processor.py:925} INFO - DAG(s) 'example_task_group' retrieved from /home/airflow/.local/lib/python3.12/site-packages/airflow/example_dags/example_task_group.py
[2024-12-29T00:09:46.802+0000] {logging_mixin.py:190} INFO - [2024-12-29T00:09:46.802+0000] {dag.py:3239} INFO - Sync 1 DAGs
[2024-12-29T00:09:46.827+0000] {logging_mixin.py:190} INFO - [2024-12-29T00:09:46.827+0000] {dag.py:4180} INFO - Setting next_dagrun for example_task_group to None, run_after=None
[2024-12-29T00:09:46.855+0000] {processor.py:208} INFO - Processing /home/airflow/.local/lib/python3.12/site-packages/airflow/example_dags/example_task_group.py took 0.108 seconds
[2024-12-29T00:10:18.548+0000] {processor.py:186} INFO - Started process (PID=899) to work on /home/airflow/.local/lib/python3.12/site-packages/airflow/example_dags/example_task_group.py
[2024-12-29T00:10:18.550+0000] {processor.py:914} INFO - Processing file /home/airflow/.local/lib/python3.12/site-packages/airflow/example_dags/example_task_group.py for tasks to queue
[2024-12-29T00:10:18.553+0000] {logging_mixin.py:190} INFO - [2024-12-29T00:10:18.553+0000] {dagbag.py:588} INFO - Filling up the DagBag from /home/airflow/.local/lib/python3.12/site-packages/airflow/example_dags/example_task_group.py
[2024-12-29T00:10:18.569+0000] {processor.py:925} INFO - DAG(s) 'example_task_group' retrieved from /home/airflow/.local/lib/python3.12/site-packages/airflow/example_dags/example_task_group.py
[2024-12-29T00:10:18.604+0000] {logging_mixin.py:190} INFO - [2024-12-29T00:10:18.604+0000] {dag.py:3239} INFO - Sync 1 DAGs
[2024-12-29T00:10:18.628+0000] {logging_mixin.py:190} INFO - [2024-12-29T00:10:18.627+0000] {dag.py:4180} INFO - Setting next_dagrun for example_task_group to None, run_after=None
[2024-12-29T00:10:18.661+0000] {processor.py:208} INFO - Processing /home/airflow/.local/lib/python3.12/site-packages/airflow/example_dags/example_task_group.py took 0.121 seconds
[2024-12-29T00:10:49.845+0000] {processor.py:186} INFO - Started process (PID=965) to work on /home/airflow/.local/lib/python3.12/site-packages/airflow/example_dags/example_task_group.py
[2024-12-29T00:10:49.847+0000] {processor.py:914} INFO - Processing file /home/airflow/.local/lib/python3.12/site-packages/airflow/example_dags/example_task_group.py for tasks to queue
[2024-12-29T00:10:49.850+0000] {logging_mixin.py:190} INFO - [2024-12-29T00:10:49.849+0000] {dagbag.py:588} INFO - Filling up the DagBag from /home/airflow/.local/lib/python3.12/site-packages/airflow/example_dags/example_task_group.py
[2024-12-29T00:10:49.859+0000] {processor.py:925} INFO - DAG(s) 'example_task_group' retrieved from /home/airflow/.local/lib/python3.12/site-packages/airflow/example_dags/example_task_group.py
[2024-12-29T00:10:49.885+0000] {logging_mixin.py:190} INFO - [2024-12-29T00:10:49.885+0000] {dag.py:3239} INFO - Sync 1 DAGs
[2024-12-29T00:10:49.899+0000] {logging_mixin.py:190} INFO - [2024-12-29T00:10:49.899+0000] {dag.py:4180} INFO - Setting next_dagrun for example_task_group to None, run_after=None
[2024-12-29T00:10:49.921+0000] {processor.py:208} INFO - Processing /home/airflow/.local/lib/python3.12/site-packages/airflow/example_dags/example_task_group.py took 0.082 seconds
[2024-12-29T00:11:21.540+0000] {processor.py:186} INFO - Started process (PID=1030) to work on /home/airflow/.local/lib/python3.12/site-packages/airflow/example_dags/example_task_group.py
[2024-12-29T00:11:21.543+0000] {processor.py:914} INFO - Processing file /home/airflow/.local/lib/python3.12/site-packages/airflow/example_dags/example_task_group.py for tasks to queue
[2024-12-29T00:11:21.545+0000] {logging_mixin.py:190} INFO - [2024-12-29T00:11:21.545+0000] {dagbag.py:588} INFO - Filling up the DagBag from /home/airflow/.local/lib/python3.12/site-packages/airflow/example_dags/example_task_group.py
[2024-12-29T00:11:21.554+0000] {processor.py:925} INFO - DAG(s) 'example_task_group' retrieved from /home/airflow/.local/lib/python3.12/site-packages/airflow/example_dags/example_task_group.py
[2024-12-29T00:11:21.581+0000] {logging_mixin.py:190} INFO - [2024-12-29T00:11:21.581+0000] {dag.py:3239} INFO - Sync 1 DAGs
[2024-12-29T00:11:21.596+0000] {logging_mixin.py:190} INFO - [2024-12-29T00:11:21.596+0000] {dag.py:4180} INFO - Setting next_dagrun for example_task_group to None, run_after=None
[2024-12-29T00:11:21.622+0000] {processor.py:208} INFO - Processing /home/airflow/.local/lib/python3.12/site-packages/airflow/example_dags/example_task_group.py took 0.088 seconds
[2024-12-29T00:11:53.361+0000] {processor.py:186} INFO - Started process (PID=1094) to work on /home/airflow/.local/lib/python3.12/site-packages/airflow/example_dags/example_task_group.py
[2024-12-29T00:11:53.363+0000] {processor.py:914} INFO - Processing file /home/airflow/.local/lib/python3.12/site-packages/airflow/example_dags/example_task_group.py for tasks to queue
[2024-12-29T00:11:53.365+0000] {logging_mixin.py:190} INFO - [2024-12-29T00:11:53.365+0000] {dagbag.py:588} INFO - Filling up the DagBag from /home/airflow/.local/lib/python3.12/site-packages/airflow/example_dags/example_task_group.py
[2024-12-29T00:11:53.376+0000] {processor.py:925} INFO - DAG(s) 'example_task_group' retrieved from /home/airflow/.local/lib/python3.12/site-packages/airflow/example_dags/example_task_group.py
[2024-12-29T00:11:53.407+0000] {logging_mixin.py:190} INFO - [2024-12-29T00:11:53.407+0000] {dag.py:3239} INFO - Sync 1 DAGs
[2024-12-29T00:11:53.425+0000] {logging_mixin.py:190} INFO - [2024-12-29T00:11:53.425+0000] {dag.py:4180} INFO - Setting next_dagrun for example_task_group to None, run_after=None
[2024-12-29T00:11:53.454+0000] {processor.py:208} INFO - Processing /home/airflow/.local/lib/python3.12/site-packages/airflow/example_dags/example_task_group.py took 0.100 seconds
[2024-12-29T00:12:26.959+0000] {processor.py:186} INFO - Started process (PID=1165) to work on /home/airflow/.local/lib/python3.12/site-packages/airflow/example_dags/example_task_group.py
[2024-12-29T00:12:28.468+0000] {processor.py:914} INFO - Processing file /home/airflow/.local/lib/python3.12/site-packages/airflow/example_dags/example_task_group.py for tasks to queue
[2024-12-29T00:12:28.470+0000] {logging_mixin.py:190} INFO - [2024-12-29T00:12:28.470+0000] {dagbag.py:588} INFO - Filling up the DagBag from /home/airflow/.local/lib/python3.12/site-packages/airflow/example_dags/example_task_group.py
[2024-12-29T00:12:28.496+0000] {processor.py:925} INFO - DAG(s) 'example_task_group' retrieved from /home/airflow/.local/lib/python3.12/site-packages/airflow/example_dags/example_task_group.py
[2024-12-29T00:12:28.525+0000] {logging_mixin.py:190} INFO - [2024-12-29T00:12:28.525+0000] {dag.py:3239} INFO - Sync 1 DAGs
[2024-12-29T00:12:28.544+0000] {logging_mixin.py:190} INFO - [2024-12-29T00:12:28.544+0000] {dag.py:4180} INFO - Setting next_dagrun for example_task_group to None, run_after=None
[2024-12-29T00:12:28.583+0000] {processor.py:208} INFO - Processing /home/airflow/.local/lib/python3.12/site-packages/airflow/example_dags/example_task_group.py took 1.631 seconds
[2024-12-29T00:12:59.341+0000] {processor.py:186} INFO - Started process (PID=1229) to work on /home/airflow/.local/lib/python3.12/site-packages/airflow/example_dags/example_task_group.py
[2024-12-29T00:12:59.343+0000] {processor.py:914} INFO - Processing file /home/airflow/.local/lib/python3.12/site-packages/airflow/example_dags/example_task_group.py for tasks to queue
[2024-12-29T00:12:59.346+0000] {logging_mixin.py:190} INFO - [2024-12-29T00:12:59.345+0000] {dagbag.py:588} INFO - Filling up the DagBag from /home/airflow/.local/lib/python3.12/site-packages/airflow/example_dags/example_task_group.py
[2024-12-29T00:12:59.356+0000] {processor.py:925} INFO - DAG(s) 'example_task_group' retrieved from /home/airflow/.local/lib/python3.12/site-packages/airflow/example_dags/example_task_group.py
[2024-12-29T00:12:59.386+0000] {logging_mixin.py:190} INFO - [2024-12-29T00:12:59.386+0000] {dag.py:3239} INFO - Sync 1 DAGs
[2024-12-29T00:12:59.405+0000] {logging_mixin.py:190} INFO - [2024-12-29T00:12:59.404+0000] {dag.py:4180} INFO - Setting next_dagrun for example_task_group to None, run_after=None
[2024-12-29T00:12:59.436+0000] {processor.py:208} INFO - Processing /home/airflow/.local/lib/python3.12/site-packages/airflow/example_dags/example_task_group.py took 0.101 seconds
[2024-12-29T00:13:29.770+0000] {processor.py:186} INFO - Started process (PID=1294) to work on /home/airflow/.local/lib/python3.12/site-packages/airflow/example_dags/example_task_group.py
[2024-12-29T00:13:29.771+0000] {processor.py:914} INFO - Processing file /home/airflow/.local/lib/python3.12/site-packages/airflow/example_dags/example_task_group.py for tasks to queue
[2024-12-29T00:13:29.774+0000] {logging_mixin.py:190} INFO - [2024-12-29T00:13:29.773+0000] {dagbag.py:588} INFO - Filling up the DagBag from /home/airflow/.local/lib/python3.12/site-packages/airflow/example_dags/example_task_group.py
[2024-12-29T00:13:29.783+0000] {processor.py:925} INFO - DAG(s) 'example_task_group' retrieved from /home/airflow/.local/lib/python3.12/site-packages/airflow/example_dags/example_task_group.py
[2024-12-29T00:13:29.810+0000] {logging_mixin.py:190} INFO - [2024-12-29T00:13:29.809+0000] {dag.py:3239} INFO - Sync 1 DAGs
[2024-12-29T00:13:29.827+0000] {logging_mixin.py:190} INFO - [2024-12-29T00:13:29.827+0000] {dag.py:4180} INFO - Setting next_dagrun for example_task_group to None, run_after=None
[2024-12-29T00:13:29.853+0000] {processor.py:208} INFO - Processing /home/airflow/.local/lib/python3.12/site-packages/airflow/example_dags/example_task_group.py took 0.089 seconds
[2024-12-29T00:14:00.111+0000] {processor.py:186} INFO - Started process (PID=1359) to work on /home/airflow/.local/lib/python3.12/site-packages/airflow/example_dags/example_task_group.py
[2024-12-29T00:14:00.113+0000] {processor.py:914} INFO - Processing file /home/airflow/.local/lib/python3.12/site-packages/airflow/example_dags/example_task_group.py for tasks to queue
[2024-12-29T00:14:00.116+0000] {logging_mixin.py:190} INFO - [2024-12-29T00:14:00.116+0000] {dagbag.py:588} INFO - Filling up the DagBag from /home/airflow/.local/lib/python3.12/site-packages/airflow/example_dags/example_task_group.py
[2024-12-29T00:14:00.130+0000] {processor.py:925} INFO - DAG(s) 'example_task_group' retrieved from /home/airflow/.local/lib/python3.12/site-packages/airflow/example_dags/example_task_group.py
[2024-12-29T00:14:00.166+0000] {logging_mixin.py:190} INFO - [2024-12-29T00:14:00.166+0000] {dag.py:3239} INFO - Sync 1 DAGs
[2024-12-29T00:14:00.187+0000] {logging_mixin.py:190} INFO - [2024-12-29T00:14:00.186+0000] {dag.py:4180} INFO - Setting next_dagrun for example_task_group to None, run_after=None
[2024-12-29T00:14:00.221+0000] {processor.py:208} INFO - Processing /home/airflow/.local/lib/python3.12/site-packages/airflow/example_dags/example_task_group.py took 0.117 seconds
[2024-12-29T00:14:31.832+0000] {processor.py:186} INFO - Started process (PID=1424) to work on /home/airflow/.local/lib/python3.12/site-packages/airflow/example_dags/example_task_group.py
[2024-12-29T00:14:31.834+0000] {processor.py:914} INFO - Processing file /home/airflow/.local/lib/python3.12/site-packages/airflow/example_dags/example_task_group.py for tasks to queue
[2024-12-29T00:14:31.836+0000] {logging_mixin.py:190} INFO - [2024-12-29T00:14:31.835+0000] {dagbag.py:588} INFO - Filling up the DagBag from /home/airflow/.local/lib/python3.12/site-packages/airflow/example_dags/example_task_group.py
[2024-12-29T00:14:31.846+0000] {processor.py:925} INFO - DAG(s) 'example_task_group' retrieved from /home/airflow/.local/lib/python3.12/site-packages/airflow/example_dags/example_task_group.py
[2024-12-29T00:14:31.878+0000] {logging_mixin.py:190} INFO - [2024-12-29T00:14:31.877+0000] {dag.py:3239} INFO - Sync 1 DAGs
[2024-12-29T00:14:31.896+0000] {logging_mixin.py:190} INFO - [2024-12-29T00:14:31.896+0000] {dag.py:4180} INFO - Setting next_dagrun for example_task_group to None, run_after=None
[2024-12-29T00:14:31.927+0000] {processor.py:208} INFO - Processing /home/airflow/.local/lib/python3.12/site-packages/airflow/example_dags/example_task_group.py took 0.101 seconds
[2024-12-29T00:15:02.762+0000] {processor.py:186} INFO - Started process (PID=1489) to work on /home/airflow/.local/lib/python3.12/site-packages/airflow/example_dags/example_task_group.py
[2024-12-29T00:15:02.763+0000] {processor.py:914} INFO - Processing file /home/airflow/.local/lib/python3.12/site-packages/airflow/example_dags/example_task_group.py for tasks to queue
[2024-12-29T00:15:02.766+0000] {logging_mixin.py:190} INFO - [2024-12-29T00:15:02.766+0000] {dagbag.py:588} INFO - Filling up the DagBag from /home/airflow/.local/lib/python3.12/site-packages/airflow/example_dags/example_task_group.py
[2024-12-29T00:15:02.776+0000] {processor.py:925} INFO - DAG(s) 'example_task_group' retrieved from /home/airflow/.local/lib/python3.12/site-packages/airflow/example_dags/example_task_group.py
[2024-12-29T00:15:02.808+0000] {logging_mixin.py:190} INFO - [2024-12-29T00:15:02.808+0000] {dag.py:3239} INFO - Sync 1 DAGs
[2024-12-29T00:15:02.828+0000] {logging_mixin.py:190} INFO - [2024-12-29T00:15:02.828+0000] {dag.py:4180} INFO - Setting next_dagrun for example_task_group to None, run_after=None
[2024-12-29T00:15:02.860+0000] {processor.py:208} INFO - Processing /home/airflow/.local/lib/python3.12/site-packages/airflow/example_dags/example_task_group.py took 0.105 seconds
[2024-12-29T00:15:34.218+0000] {processor.py:186} INFO - Started process (PID=1554) to work on /home/airflow/.local/lib/python3.12/site-packages/airflow/example_dags/example_task_group.py
[2024-12-29T00:15:34.220+0000] {processor.py:914} INFO - Processing file /home/airflow/.local/lib/python3.12/site-packages/airflow/example_dags/example_task_group.py for tasks to queue
[2024-12-29T00:15:34.224+0000] {logging_mixin.py:190} INFO - [2024-12-29T00:15:34.223+0000] {dagbag.py:588} INFO - Filling up the DagBag from /home/airflow/.local/lib/python3.12/site-packages/airflow/example_dags/example_task_group.py
[2024-12-29T00:15:34.237+0000] {processor.py:925} INFO - DAG(s) 'example_task_group' retrieved from /home/airflow/.local/lib/python3.12/site-packages/airflow/example_dags/example_task_group.py
[2024-12-29T00:15:34.270+0000] {logging_mixin.py:190} INFO - [2024-12-29T00:15:34.270+0000] {dag.py:3239} INFO - Sync 1 DAGs
[2024-12-29T00:15:34.292+0000] {logging_mixin.py:190} INFO - [2024-12-29T00:15:34.291+0000] {dag.py:4180} INFO - Setting next_dagrun for example_task_group to None, run_after=None
[2024-12-29T00:15:34.324+0000] {processor.py:208} INFO - Processing /home/airflow/.local/lib/python3.12/site-packages/airflow/example_dags/example_task_group.py took 0.114 seconds
[2024-12-29T00:16:05.842+0000] {processor.py:186} INFO - Started process (PID=1622) to work on /home/airflow/.local/lib/python3.12/site-packages/airflow/example_dags/example_task_group.py
[2024-12-29T00:16:05.844+0000] {processor.py:914} INFO - Processing file /home/airflow/.local/lib/python3.12/site-packages/airflow/example_dags/example_task_group.py for tasks to queue
[2024-12-29T00:16:05.848+0000] {logging_mixin.py:190} INFO - [2024-12-29T00:16:05.847+0000] {dagbag.py:588} INFO - Filling up the DagBag from /home/airflow/.local/lib/python3.12/site-packages/airflow/example_dags/example_task_group.py
[2024-12-29T00:16:05.858+0000] {processor.py:925} INFO - DAG(s) 'example_task_group' retrieved from /home/airflow/.local/lib/python3.12/site-packages/airflow/example_dags/example_task_group.py
[2024-12-29T00:16:05.884+0000] {logging_mixin.py:190} INFO - [2024-12-29T00:16:05.884+0000] {dag.py:3239} INFO - Sync 1 DAGs
[2024-12-29T00:16:05.900+0000] {logging_mixin.py:190} INFO - [2024-12-29T00:16:05.900+0000] {dag.py:4180} INFO - Setting next_dagrun for example_task_group to None, run_after=None
[2024-12-29T00:16:05.924+0000] {processor.py:208} INFO - Processing /home/airflow/.local/lib/python3.12/site-packages/airflow/example_dags/example_task_group.py took 0.087 seconds
[2024-12-29T00:16:37.540+0000] {processor.py:186} INFO - Started process (PID=1690) to work on /home/airflow/.local/lib/python3.12/site-packages/airflow/example_dags/example_task_group.py
[2024-12-29T00:16:37.543+0000] {processor.py:914} INFO - Processing file /home/airflow/.local/lib/python3.12/site-packages/airflow/example_dags/example_task_group.py for tasks to queue
[2024-12-29T00:16:37.546+0000] {logging_mixin.py:190} INFO - [2024-12-29T00:16:37.545+0000] {dagbag.py:588} INFO - Filling up the DagBag from /home/airflow/.local/lib/python3.12/site-packages/airflow/example_dags/example_task_group.py
[2024-12-29T00:16:37.557+0000] {processor.py:925} INFO - DAG(s) 'example_task_group' retrieved from /home/airflow/.local/lib/python3.12/site-packages/airflow/example_dags/example_task_group.py
[2024-12-29T00:16:37.587+0000] {logging_mixin.py:190} INFO - [2024-12-29T00:16:37.587+0000] {dag.py:3239} INFO - Sync 1 DAGs
[2024-12-29T00:16:37.605+0000] {logging_mixin.py:190} INFO - [2024-12-29T00:16:37.604+0000] {dag.py:4180} INFO - Setting next_dagrun for example_task_group to None, run_after=None
[2024-12-29T00:16:37.632+0000] {processor.py:208} INFO - Processing /home/airflow/.local/lib/python3.12/site-packages/airflow/example_dags/example_task_group.py took 0.098 seconds
[2024-12-29T00:20:00.971+0000] {processor.py:186} INFO - Started process (PID=123) to work on /home/airflow/.local/lib/python3.12/site-packages/airflow/example_dags/example_task_group.py
[2024-12-29T00:20:00.973+0000] {processor.py:914} INFO - Processing file /home/airflow/.local/lib/python3.12/site-packages/airflow/example_dags/example_task_group.py for tasks to queue
[2024-12-29T00:20:00.976+0000] {logging_mixin.py:190} INFO - [2024-12-29T00:20:00.976+0000] {dagbag.py:588} INFO - Filling up the DagBag from /home/airflow/.local/lib/python3.12/site-packages/airflow/example_dags/example_task_group.py
[2024-12-29T00:20:00.988+0000] {processor.py:925} INFO - DAG(s) 'example_task_group' retrieved from /home/airflow/.local/lib/python3.12/site-packages/airflow/example_dags/example_task_group.py
[2024-12-29T00:20:01.024+0000] {logging_mixin.py:190} INFO - [2024-12-29T00:20:01.023+0000] {dag.py:3239} INFO - Sync 1 DAGs
[2024-12-29T00:20:01.045+0000] {logging_mixin.py:190} INFO - [2024-12-29T00:20:01.045+0000] {dag.py:4180} INFO - Setting next_dagrun for example_task_group to None, run_after=None
[2024-12-29T00:20:01.084+0000] {processor.py:208} INFO - Processing /home/airflow/.local/lib/python3.12/site-packages/airflow/example_dags/example_task_group.py took 0.121 seconds
[2024-12-29T00:20:33.055+0000] {processor.py:186} INFO - Started process (PID=188) to work on /home/airflow/.local/lib/python3.12/site-packages/airflow/example_dags/example_task_group.py
[2024-12-29T00:20:33.056+0000] {processor.py:914} INFO - Processing file /home/airflow/.local/lib/python3.12/site-packages/airflow/example_dags/example_task_group.py for tasks to queue
[2024-12-29T00:20:33.059+0000] {logging_mixin.py:190} INFO - [2024-12-29T00:20:33.059+0000] {dagbag.py:588} INFO - Filling up the DagBag from /home/airflow/.local/lib/python3.12/site-packages/airflow/example_dags/example_task_group.py
[2024-12-29T00:20:33.067+0000] {processor.py:925} INFO - DAG(s) 'example_task_group' retrieved from /home/airflow/.local/lib/python3.12/site-packages/airflow/example_dags/example_task_group.py
[2024-12-29T00:20:33.093+0000] {logging_mixin.py:190} INFO - [2024-12-29T00:20:33.093+0000] {dag.py:3239} INFO - Sync 1 DAGs
[2024-12-29T00:20:33.107+0000] {logging_mixin.py:190} INFO - [2024-12-29T00:20:33.107+0000] {dag.py:4180} INFO - Setting next_dagrun for example_task_group to None, run_after=None
[2024-12-29T00:20:33.131+0000] {processor.py:208} INFO - Processing /home/airflow/.local/lib/python3.12/site-packages/airflow/example_dags/example_task_group.py took 0.082 seconds
[2024-12-29T00:21:05.469+0000] {processor.py:186} INFO - Started process (PID=253) to work on /home/airflow/.local/lib/python3.12/site-packages/airflow/example_dags/example_task_group.py
[2024-12-29T00:21:05.471+0000] {processor.py:914} INFO - Processing file /home/airflow/.local/lib/python3.12/site-packages/airflow/example_dags/example_task_group.py for tasks to queue
[2024-12-29T00:21:05.473+0000] {logging_mixin.py:190} INFO - [2024-12-29T00:21:05.473+0000] {dagbag.py:588} INFO - Filling up the DagBag from /home/airflow/.local/lib/python3.12/site-packages/airflow/example_dags/example_task_group.py
[2024-12-29T00:21:05.481+0000] {processor.py:925} INFO - DAG(s) 'example_task_group' retrieved from /home/airflow/.local/lib/python3.12/site-packages/airflow/example_dags/example_task_group.py
[2024-12-29T00:21:05.507+0000] {logging_mixin.py:190} INFO - [2024-12-29T00:21:05.507+0000] {dag.py:3239} INFO - Sync 1 DAGs
[2024-12-29T00:21:05.523+0000] {logging_mixin.py:190} INFO - [2024-12-29T00:21:05.523+0000] {dag.py:4180} INFO - Setting next_dagrun for example_task_group to None, run_after=None
[2024-12-29T00:21:05.549+0000] {processor.py:208} INFO - Processing /home/airflow/.local/lib/python3.12/site-packages/airflow/example_dags/example_task_group.py took 0.085 seconds
[2024-12-29T00:21:36.771+0000] {processor.py:186} INFO - Started process (PID=318) to work on /home/airflow/.local/lib/python3.12/site-packages/airflow/example_dags/example_task_group.py
[2024-12-29T00:21:36.773+0000] {processor.py:914} INFO - Processing file /home/airflow/.local/lib/python3.12/site-packages/airflow/example_dags/example_task_group.py for tasks to queue
[2024-12-29T00:21:36.776+0000] {logging_mixin.py:190} INFO - [2024-12-29T00:21:36.775+0000] {dagbag.py:588} INFO - Filling up the DagBag from /home/airflow/.local/lib/python3.12/site-packages/airflow/example_dags/example_task_group.py
[2024-12-29T00:21:36.786+0000] {processor.py:925} INFO - DAG(s) 'example_task_group' retrieved from /home/airflow/.local/lib/python3.12/site-packages/airflow/example_dags/example_task_group.py
[2024-12-29T00:21:36.815+0000] {logging_mixin.py:190} INFO - [2024-12-29T00:21:36.814+0000] {dag.py:3239} INFO - Sync 1 DAGs
[2024-12-29T00:21:36.831+0000] {logging_mixin.py:190} INFO - [2024-12-29T00:21:36.831+0000] {dag.py:4180} INFO - Setting next_dagrun for example_task_group to None, run_after=None
[2024-12-29T00:21:36.857+0000] {processor.py:208} INFO - Processing /home/airflow/.local/lib/python3.12/site-packages/airflow/example_dags/example_task_group.py took 0.092 seconds
[2024-12-29T00:22:08.359+0000] {processor.py:186} INFO - Started process (PID=383) to work on /home/airflow/.local/lib/python3.12/site-packages/airflow/example_dags/example_task_group.py
[2024-12-29T00:22:08.360+0000] {processor.py:914} INFO - Processing file /home/airflow/.local/lib/python3.12/site-packages/airflow/example_dags/example_task_group.py for tasks to queue
[2024-12-29T00:22:08.363+0000] {logging_mixin.py:190} INFO - [2024-12-29T00:22:08.363+0000] {dagbag.py:588} INFO - Filling up the DagBag from /home/airflow/.local/lib/python3.12/site-packages/airflow/example_dags/example_task_group.py
[2024-12-29T00:22:08.373+0000] {processor.py:925} INFO - DAG(s) 'example_task_group' retrieved from /home/airflow/.local/lib/python3.12/site-packages/airflow/example_dags/example_task_group.py
[2024-12-29T00:22:08.404+0000] {logging_mixin.py:190} INFO - [2024-12-29T00:22:08.403+0000] {dag.py:3239} INFO - Sync 1 DAGs
[2024-12-29T00:22:08.422+0000] {logging_mixin.py:190} INFO - [2024-12-29T00:22:08.422+0000] {dag.py:4180} INFO - Setting next_dagrun for example_task_group to None, run_after=None
[2024-12-29T00:22:08.454+0000] {processor.py:208} INFO - Processing /home/airflow/.local/lib/python3.12/site-packages/airflow/example_dags/example_task_group.py took 0.102 seconds
[2024-12-29T00:22:39.292+0000] {processor.py:186} INFO - Started process (PID=454) to work on /home/airflow/.local/lib/python3.12/site-packages/airflow/example_dags/example_task_group.py
[2024-12-29T00:22:39.294+0000] {processor.py:914} INFO - Processing file /home/airflow/.local/lib/python3.12/site-packages/airflow/example_dags/example_task_group.py for tasks to queue
[2024-12-29T00:22:39.298+0000] {logging_mixin.py:190} INFO - [2024-12-29T00:22:39.297+0000] {dagbag.py:588} INFO - Filling up the DagBag from /home/airflow/.local/lib/python3.12/site-packages/airflow/example_dags/example_task_group.py
[2024-12-29T00:22:39.308+0000] {processor.py:925} INFO - DAG(s) 'example_task_group' retrieved from /home/airflow/.local/lib/python3.12/site-packages/airflow/example_dags/example_task_group.py
[2024-12-29T00:22:39.339+0000] {logging_mixin.py:190} INFO - [2024-12-29T00:22:39.339+0000] {dag.py:3239} INFO - Sync 1 DAGs
[2024-12-29T00:22:39.358+0000] {logging_mixin.py:190} INFO - [2024-12-29T00:22:39.358+0000] {dag.py:4180} INFO - Setting next_dagrun for example_task_group to None, run_after=None
[2024-12-29T00:22:39.389+0000] {processor.py:208} INFO - Processing /home/airflow/.local/lib/python3.12/site-packages/airflow/example_dags/example_task_group.py took 0.106 seconds
[2024-12-29T00:23:12.205+0000] {processor.py:186} INFO - Started process (PID=519) to work on /home/airflow/.local/lib/python3.12/site-packages/airflow/example_dags/example_task_group.py
[2024-12-29T00:23:12.207+0000] {processor.py:914} INFO - Processing file /home/airflow/.local/lib/python3.12/site-packages/airflow/example_dags/example_task_group.py for tasks to queue
[2024-12-29T00:23:12.209+0000] {logging_mixin.py:190} INFO - [2024-12-29T00:23:12.209+0000] {dagbag.py:588} INFO - Filling up the DagBag from /home/airflow/.local/lib/python3.12/site-packages/airflow/example_dags/example_task_group.py
[2024-12-29T00:23:12.220+0000] {processor.py:925} INFO - DAG(s) 'example_task_group' retrieved from /home/airflow/.local/lib/python3.12/site-packages/airflow/example_dags/example_task_group.py
[2024-12-29T00:23:12.252+0000] {logging_mixin.py:190} INFO - [2024-12-29T00:23:12.252+0000] {dag.py:3239} INFO - Sync 1 DAGs
[2024-12-29T00:23:12.271+0000] {logging_mixin.py:190} INFO - [2024-12-29T00:23:12.270+0000] {dag.py:4180} INFO - Setting next_dagrun for example_task_group to None, run_after=None
[2024-12-29T00:23:12.301+0000] {processor.py:208} INFO - Processing /home/airflow/.local/lib/python3.12/site-packages/airflow/example_dags/example_task_group.py took 0.102 seconds
[2024-12-29T00:23:43.586+0000] {processor.py:186} INFO - Started process (PID=585) to work on /home/airflow/.local/lib/python3.12/site-packages/airflow/example_dags/example_task_group.py
[2024-12-29T00:23:43.588+0000] {processor.py:914} INFO - Processing file /home/airflow/.local/lib/python3.12/site-packages/airflow/example_dags/example_task_group.py for tasks to queue
[2024-12-29T00:23:43.591+0000] {logging_mixin.py:190} INFO - [2024-12-29T00:23:43.591+0000] {dagbag.py:588} INFO - Filling up the DagBag from /home/airflow/.local/lib/python3.12/site-packages/airflow/example_dags/example_task_group.py
[2024-12-29T00:23:43.605+0000] {processor.py:925} INFO - DAG(s) 'example_task_group' retrieved from /home/airflow/.local/lib/python3.12/site-packages/airflow/example_dags/example_task_group.py
[2024-12-29T00:23:43.640+0000] {logging_mixin.py:190} INFO - [2024-12-29T00:23:43.639+0000] {dag.py:3239} INFO - Sync 1 DAGs
[2024-12-29T00:23:43.663+0000] {logging_mixin.py:190} INFO - [2024-12-29T00:23:43.663+0000] {dag.py:4180} INFO - Setting next_dagrun for example_task_group to None, run_after=None
[2024-12-29T00:23:43.696+0000] {processor.py:208} INFO - Processing /home/airflow/.local/lib/python3.12/site-packages/airflow/example_dags/example_task_group.py took 0.119 seconds
[2024-12-29T00:24:14.694+0000] {processor.py:186} INFO - Started process (PID=650) to work on /home/airflow/.local/lib/python3.12/site-packages/airflow/example_dags/example_task_group.py
[2024-12-29T00:24:14.695+0000] {processor.py:914} INFO - Processing file /home/airflow/.local/lib/python3.12/site-packages/airflow/example_dags/example_task_group.py for tasks to queue
[2024-12-29T00:24:14.697+0000] {logging_mixin.py:190} INFO - [2024-12-29T00:24:14.697+0000] {dagbag.py:588} INFO - Filling up the DagBag from /home/airflow/.local/lib/python3.12/site-packages/airflow/example_dags/example_task_group.py
[2024-12-29T00:24:14.705+0000] {processor.py:925} INFO - DAG(s) 'example_task_group' retrieved from /home/airflow/.local/lib/python3.12/site-packages/airflow/example_dags/example_task_group.py
[2024-12-29T00:24:14.732+0000] {logging_mixin.py:190} INFO - [2024-12-29T00:24:14.731+0000] {dag.py:3239} INFO - Sync 1 DAGs
[2024-12-29T00:24:14.748+0000] {logging_mixin.py:190} INFO - [2024-12-29T00:24:14.747+0000] {dag.py:4180} INFO - Setting next_dagrun for example_task_group to None, run_after=None
[2024-12-29T00:24:14.773+0000] {processor.py:208} INFO - Processing /home/airflow/.local/lib/python3.12/site-packages/airflow/example_dags/example_task_group.py took 0.085 seconds
[2024-12-29T00:24:45.981+0000] {processor.py:186} INFO - Started process (PID=715) to work on /home/airflow/.local/lib/python3.12/site-packages/airflow/example_dags/example_task_group.py
[2024-12-29T00:24:45.983+0000] {processor.py:914} INFO - Processing file /home/airflow/.local/lib/python3.12/site-packages/airflow/example_dags/example_task_group.py for tasks to queue
[2024-12-29T00:24:45.986+0000] {logging_mixin.py:190} INFO - [2024-12-29T00:24:45.985+0000] {dagbag.py:588} INFO - Filling up the DagBag from /home/airflow/.local/lib/python3.12/site-packages/airflow/example_dags/example_task_group.py
[2024-12-29T00:24:45.998+0000] {processor.py:925} INFO - DAG(s) 'example_task_group' retrieved from /home/airflow/.local/lib/python3.12/site-packages/airflow/example_dags/example_task_group.py
[2024-12-29T00:24:46.036+0000] {logging_mixin.py:190} INFO - [2024-12-29T00:24:46.036+0000] {dag.py:3239} INFO - Sync 1 DAGs
[2024-12-29T00:24:46.059+0000] {logging_mixin.py:190} INFO - [2024-12-29T00:24:46.059+0000] {dag.py:4180} INFO - Setting next_dagrun for example_task_group to None, run_after=None
[2024-12-29T00:24:46.090+0000] {processor.py:208} INFO - Processing /home/airflow/.local/lib/python3.12/site-packages/airflow/example_dags/example_task_group.py took 0.116 seconds
[2024-12-29T00:25:17.099+0000] {processor.py:186} INFO - Started process (PID=780) to work on /home/airflow/.local/lib/python3.12/site-packages/airflow/example_dags/example_task_group.py
[2024-12-29T00:25:17.101+0000] {processor.py:914} INFO - Processing file /home/airflow/.local/lib/python3.12/site-packages/airflow/example_dags/example_task_group.py for tasks to queue
[2024-12-29T00:25:17.104+0000] {logging_mixin.py:190} INFO - [2024-12-29T00:25:17.103+0000] {dagbag.py:588} INFO - Filling up the DagBag from /home/airflow/.local/lib/python3.12/site-packages/airflow/example_dags/example_task_group.py
[2024-12-29T00:25:17.112+0000] {processor.py:925} INFO - DAG(s) 'example_task_group' retrieved from /home/airflow/.local/lib/python3.12/site-packages/airflow/example_dags/example_task_group.py
[2024-12-29T00:25:17.138+0000] {logging_mixin.py:190} INFO - [2024-12-29T00:25:17.138+0000] {dag.py:3239} INFO - Sync 1 DAGs
[2024-12-29T00:25:17.153+0000] {logging_mixin.py:190} INFO - [2024-12-29T00:25:17.153+0000] {dag.py:4180} INFO - Setting next_dagrun for example_task_group to None, run_after=None
[2024-12-29T00:25:17.179+0000] {processor.py:208} INFO - Processing /home/airflow/.local/lib/python3.12/site-packages/airflow/example_dags/example_task_group.py took 0.085 seconds
[2024-12-29T00:25:48.568+0000] {processor.py:186} INFO - Started process (PID=845) to work on /home/airflow/.local/lib/python3.12/site-packages/airflow/example_dags/example_task_group.py
[2024-12-29T00:25:48.570+0000] {processor.py:914} INFO - Processing file /home/airflow/.local/lib/python3.12/site-packages/airflow/example_dags/example_task_group.py for tasks to queue
[2024-12-29T00:25:48.573+0000] {logging_mixin.py:190} INFO - [2024-12-29T00:25:48.572+0000] {dagbag.py:588} INFO - Filling up the DagBag from /home/airflow/.local/lib/python3.12/site-packages/airflow/example_dags/example_task_group.py
[2024-12-29T00:25:48.583+0000] {processor.py:925} INFO - DAG(s) 'example_task_group' retrieved from /home/airflow/.local/lib/python3.12/site-packages/airflow/example_dags/example_task_group.py
[2024-12-29T00:25:48.614+0000] {logging_mixin.py:190} INFO - [2024-12-29T00:25:48.614+0000] {dag.py:3239} INFO - Sync 1 DAGs
[2024-12-29T00:25:48.632+0000] {logging_mixin.py:190} INFO - [2024-12-29T00:25:48.632+0000] {dag.py:4180} INFO - Setting next_dagrun for example_task_group to None, run_after=None
[2024-12-29T00:25:48.662+0000] {processor.py:208} INFO - Processing /home/airflow/.local/lib/python3.12/site-packages/airflow/example_dags/example_task_group.py took 0.101 seconds
[2024-12-29T00:26:19.709+0000] {processor.py:186} INFO - Started process (PID=910) to work on /home/airflow/.local/lib/python3.12/site-packages/airflow/example_dags/example_task_group.py
[2024-12-29T00:26:19.711+0000] {processor.py:914} INFO - Processing file /home/airflow/.local/lib/python3.12/site-packages/airflow/example_dags/example_task_group.py for tasks to queue
[2024-12-29T00:26:19.713+0000] {logging_mixin.py:190} INFO - [2024-12-29T00:26:19.712+0000] {dagbag.py:588} INFO - Filling up the DagBag from /home/airflow/.local/lib/python3.12/site-packages/airflow/example_dags/example_task_group.py
[2024-12-29T00:26:19.721+0000] {processor.py:925} INFO - DAG(s) 'example_task_group' retrieved from /home/airflow/.local/lib/python3.12/site-packages/airflow/example_dags/example_task_group.py
[2024-12-29T00:26:19.747+0000] {logging_mixin.py:190} INFO - [2024-12-29T00:26:19.746+0000] {dag.py:3239} INFO - Sync 1 DAGs
[2024-12-29T00:26:19.761+0000] {logging_mixin.py:190} INFO - [2024-12-29T00:26:19.761+0000] {dag.py:4180} INFO - Setting next_dagrun for example_task_group to None, run_after=None
[2024-12-29T00:26:19.787+0000] {processor.py:208} INFO - Processing /home/airflow/.local/lib/python3.12/site-packages/airflow/example_dags/example_task_group.py took 0.083 seconds
[2024-12-29T00:26:51.157+0000] {processor.py:186} INFO - Started process (PID=975) to work on /home/airflow/.local/lib/python3.12/site-packages/airflow/example_dags/example_task_group.py
[2024-12-29T00:26:51.159+0000] {processor.py:914} INFO - Processing file /home/airflow/.local/lib/python3.12/site-packages/airflow/example_dags/example_task_group.py for tasks to queue
[2024-12-29T00:26:51.163+0000] {logging_mixin.py:190} INFO - [2024-12-29T00:26:51.162+0000] {dagbag.py:588} INFO - Filling up the DagBag from /home/airflow/.local/lib/python3.12/site-packages/airflow/example_dags/example_task_group.py
[2024-12-29T00:26:51.176+0000] {processor.py:925} INFO - DAG(s) 'example_task_group' retrieved from /home/airflow/.local/lib/python3.12/site-packages/airflow/example_dags/example_task_group.py
[2024-12-29T00:26:51.209+0000] {logging_mixin.py:190} INFO - [2024-12-29T00:26:51.208+0000] {dag.py:3239} INFO - Sync 1 DAGs
[2024-12-29T00:26:51.228+0000] {logging_mixin.py:190} INFO - [2024-12-29T00:26:51.228+0000] {dag.py:4180} INFO - Setting next_dagrun for example_task_group to None, run_after=None
[2024-12-29T00:26:51.259+0000] {processor.py:208} INFO - Processing /home/airflow/.local/lib/python3.12/site-packages/airflow/example_dags/example_task_group.py took 0.109 seconds
[2024-12-29T00:27:22.956+0000] {processor.py:186} INFO - Started process (PID=1040) to work on /home/airflow/.local/lib/python3.12/site-packages/airflow/example_dags/example_task_group.py
[2024-12-29T00:27:22.958+0000] {processor.py:914} INFO - Processing file /home/airflow/.local/lib/python3.12/site-packages/airflow/example_dags/example_task_group.py for tasks to queue
[2024-12-29T00:27:22.960+0000] {logging_mixin.py:190} INFO - [2024-12-29T00:27:22.960+0000] {dagbag.py:588} INFO - Filling up the DagBag from /home/airflow/.local/lib/python3.12/site-packages/airflow/example_dags/example_task_group.py
[2024-12-29T00:27:22.970+0000] {processor.py:925} INFO - DAG(s) 'example_task_group' retrieved from /home/airflow/.local/lib/python3.12/site-packages/airflow/example_dags/example_task_group.py
[2024-12-29T00:27:23.000+0000] {logging_mixin.py:190} INFO - [2024-12-29T00:27:22.999+0000] {dag.py:3239} INFO - Sync 1 DAGs
[2024-12-29T00:27:23.018+0000] {logging_mixin.py:190} INFO - [2024-12-29T00:27:23.017+0000] {dag.py:4180} INFO - Setting next_dagrun for example_task_group to None, run_after=None
[2024-12-29T00:27:23.051+0000] {processor.py:208} INFO - Processing /home/airflow/.local/lib/python3.12/site-packages/airflow/example_dags/example_task_group.py took 0.102 seconds
[2024-12-29T00:27:53.710+0000] {processor.py:186} INFO - Started process (PID=1105) to work on /home/airflow/.local/lib/python3.12/site-packages/airflow/example_dags/example_task_group.py
[2024-12-29T00:27:53.712+0000] {processor.py:914} INFO - Processing file /home/airflow/.local/lib/python3.12/site-packages/airflow/example_dags/example_task_group.py for tasks to queue
[2024-12-29T00:27:53.716+0000] {logging_mixin.py:190} INFO - [2024-12-29T00:27:53.715+0000] {dagbag.py:588} INFO - Filling up the DagBag from /home/airflow/.local/lib/python3.12/site-packages/airflow/example_dags/example_task_group.py
[2024-12-29T00:27:53.730+0000] {processor.py:925} INFO - DAG(s) 'example_task_group' retrieved from /home/airflow/.local/lib/python3.12/site-packages/airflow/example_dags/example_task_group.py
[2024-12-29T00:27:53.770+0000] {logging_mixin.py:190} INFO - [2024-12-29T00:27:53.770+0000] {dag.py:3239} INFO - Sync 1 DAGs
[2024-12-29T00:27:53.790+0000] {logging_mixin.py:190} INFO - [2024-12-29T00:27:53.790+0000] {dag.py:4180} INFO - Setting next_dagrun for example_task_group to None, run_after=None
[2024-12-29T00:27:53.820+0000] {processor.py:208} INFO - Processing /home/airflow/.local/lib/python3.12/site-packages/airflow/example_dags/example_task_group.py took 0.118 seconds
[2024-12-29T00:28:24.622+0000] {processor.py:186} INFO - Started process (PID=1171) to work on /home/airflow/.local/lib/python3.12/site-packages/airflow/example_dags/example_task_group.py
[2024-12-29T00:28:24.623+0000] {processor.py:914} INFO - Processing file /home/airflow/.local/lib/python3.12/site-packages/airflow/example_dags/example_task_group.py for tasks to queue
[2024-12-29T00:28:24.627+0000] {logging_mixin.py:190} INFO - [2024-12-29T00:28:24.626+0000] {dagbag.py:588} INFO - Filling up the DagBag from /home/airflow/.local/lib/python3.12/site-packages/airflow/example_dags/example_task_group.py
[2024-12-29T00:28:24.635+0000] {processor.py:925} INFO - DAG(s) 'example_task_group' retrieved from /home/airflow/.local/lib/python3.12/site-packages/airflow/example_dags/example_task_group.py
[2024-12-29T00:28:24.660+0000] {logging_mixin.py:190} INFO - [2024-12-29T00:28:24.659+0000] {dag.py:3239} INFO - Sync 1 DAGs
[2024-12-29T00:28:24.676+0000] {logging_mixin.py:190} INFO - [2024-12-29T00:28:24.675+0000] {dag.py:4180} INFO - Setting next_dagrun for example_task_group to None, run_after=None
[2024-12-29T00:28:24.702+0000] {processor.py:208} INFO - Processing /home/airflow/.local/lib/python3.12/site-packages/airflow/example_dags/example_task_group.py took 0.086 seconds
[2024-12-29T00:28:55.820+0000] {processor.py:186} INFO - Started process (PID=1236) to work on /home/airflow/.local/lib/python3.12/site-packages/airflow/example_dags/example_task_group.py
[2024-12-29T00:28:55.822+0000] {processor.py:914} INFO - Processing file /home/airflow/.local/lib/python3.12/site-packages/airflow/example_dags/example_task_group.py for tasks to queue
[2024-12-29T00:28:55.825+0000] {logging_mixin.py:190} INFO - [2024-12-29T00:28:55.824+0000] {dagbag.py:588} INFO - Filling up the DagBag from /home/airflow/.local/lib/python3.12/site-packages/airflow/example_dags/example_task_group.py
[2024-12-29T00:28:55.834+0000] {processor.py:925} INFO - DAG(s) 'example_task_group' retrieved from /home/airflow/.local/lib/python3.12/site-packages/airflow/example_dags/example_task_group.py
[2024-12-29T00:28:55.862+0000] {logging_mixin.py:190} INFO - [2024-12-29T00:28:55.861+0000] {dag.py:3239} INFO - Sync 1 DAGs
[2024-12-29T00:28:55.876+0000] {logging_mixin.py:190} INFO - [2024-12-29T00:28:55.875+0000] {dag.py:4180} INFO - Setting next_dagrun for example_task_group to None, run_after=None
[2024-12-29T00:28:55.902+0000] {processor.py:208} INFO - Processing /home/airflow/.local/lib/python3.12/site-packages/airflow/example_dags/example_task_group.py took 0.088 seconds
[2024-12-29T00:29:27.596+0000] {processor.py:186} INFO - Started process (PID=1301) to work on /home/airflow/.local/lib/python3.12/site-packages/airflow/example_dags/example_task_group.py
[2024-12-29T00:29:27.598+0000] {processor.py:914} INFO - Processing file /home/airflow/.local/lib/python3.12/site-packages/airflow/example_dags/example_task_group.py for tasks to queue
[2024-12-29T00:29:27.600+0000] {logging_mixin.py:190} INFO - [2024-12-29T00:29:27.600+0000] {dagbag.py:588} INFO - Filling up the DagBag from /home/airflow/.local/lib/python3.12/site-packages/airflow/example_dags/example_task_group.py
[2024-12-29T00:29:27.608+0000] {processor.py:925} INFO - DAG(s) 'example_task_group' retrieved from /home/airflow/.local/lib/python3.12/site-packages/airflow/example_dags/example_task_group.py
[2024-12-29T00:29:27.634+0000] {logging_mixin.py:190} INFO - [2024-12-29T00:29:27.634+0000] {dag.py:3239} INFO - Sync 1 DAGs
[2024-12-29T00:29:27.649+0000] {logging_mixin.py:190} INFO - [2024-12-29T00:29:27.649+0000] {dag.py:4180} INFO - Setting next_dagrun for example_task_group to None, run_after=None
[2024-12-29T00:29:27.674+0000] {processor.py:208} INFO - Processing /home/airflow/.local/lib/python3.12/site-packages/airflow/example_dags/example_task_group.py took 0.084 seconds
[2024-12-29T00:29:58.308+0000] {processor.py:186} INFO - Started process (PID=1366) to work on /home/airflow/.local/lib/python3.12/site-packages/airflow/example_dags/example_task_group.py
[2024-12-29T00:29:58.310+0000] {processor.py:914} INFO - Processing file /home/airflow/.local/lib/python3.12/site-packages/airflow/example_dags/example_task_group.py for tasks to queue
[2024-12-29T00:29:58.313+0000] {logging_mixin.py:190} INFO - [2024-12-29T00:29:58.312+0000] {dagbag.py:588} INFO - Filling up the DagBag from /home/airflow/.local/lib/python3.12/site-packages/airflow/example_dags/example_task_group.py
[2024-12-29T00:29:58.323+0000] {processor.py:925} INFO - DAG(s) 'example_task_group' retrieved from /home/airflow/.local/lib/python3.12/site-packages/airflow/example_dags/example_task_group.py
[2024-12-29T00:29:58.351+0000] {logging_mixin.py:190} INFO - [2024-12-29T00:29:58.351+0000] {dag.py:3239} INFO - Sync 1 DAGs
[2024-12-29T00:29:58.366+0000] {logging_mixin.py:190} INFO - [2024-12-29T00:29:58.366+0000] {dag.py:4180} INFO - Setting next_dagrun for example_task_group to None, run_after=None
[2024-12-29T00:29:58.391+0000] {processor.py:208} INFO - Processing /home/airflow/.local/lib/python3.12/site-packages/airflow/example_dags/example_task_group.py took 0.089 seconds
[2024-12-29T00:30:29.211+0000] {processor.py:186} INFO - Started process (PID=1431) to work on /home/airflow/.local/lib/python3.12/site-packages/airflow/example_dags/example_task_group.py
[2024-12-29T00:30:29.212+0000] {processor.py:914} INFO - Processing file /home/airflow/.local/lib/python3.12/site-packages/airflow/example_dags/example_task_group.py for tasks to queue
[2024-12-29T00:30:29.215+0000] {logging_mixin.py:190} INFO - [2024-12-29T00:30:29.214+0000] {dagbag.py:588} INFO - Filling up the DagBag from /home/airflow/.local/lib/python3.12/site-packages/airflow/example_dags/example_task_group.py
[2024-12-29T00:30:29.224+0000] {processor.py:925} INFO - DAG(s) 'example_task_group' retrieved from /home/airflow/.local/lib/python3.12/site-packages/airflow/example_dags/example_task_group.py
[2024-12-29T00:30:29.252+0000] {logging_mixin.py:190} INFO - [2024-12-29T00:30:29.252+0000] {dag.py:3239} INFO - Sync 1 DAGs
[2024-12-29T00:30:29.268+0000] {logging_mixin.py:190} INFO - [2024-12-29T00:30:29.267+0000] {dag.py:4180} INFO - Setting next_dagrun for example_task_group to None, run_after=None
[2024-12-29T00:30:29.294+0000] {processor.py:208} INFO - Processing /home/airflow/.local/lib/python3.12/site-packages/airflow/example_dags/example_task_group.py took 0.089 seconds
[2024-12-29T00:31:01.153+0000] {processor.py:186} INFO - Started process (PID=1498) to work on /home/airflow/.local/lib/python3.12/site-packages/airflow/example_dags/example_task_group.py
[2024-12-29T00:31:01.155+0000] {processor.py:914} INFO - Processing file /home/airflow/.local/lib/python3.12/site-packages/airflow/example_dags/example_task_group.py for tasks to queue
[2024-12-29T00:31:01.158+0000] {logging_mixin.py:190} INFO - [2024-12-29T00:31:01.158+0000] {dagbag.py:588} INFO - Filling up the DagBag from /home/airflow/.local/lib/python3.12/site-packages/airflow/example_dags/example_task_group.py
[2024-12-29T00:31:01.171+0000] {processor.py:925} INFO - DAG(s) 'example_task_group' retrieved from /home/airflow/.local/lib/python3.12/site-packages/airflow/example_dags/example_task_group.py
[2024-12-29T00:31:01.206+0000] {logging_mixin.py:190} INFO - [2024-12-29T00:31:01.205+0000] {dag.py:3239} INFO - Sync 1 DAGs
[2024-12-29T00:31:01.226+0000] {logging_mixin.py:190} INFO - [2024-12-29T00:31:01.226+0000] {dag.py:4180} INFO - Setting next_dagrun for example_task_group to None, run_after=None
[2024-12-29T00:31:01.260+0000] {processor.py:208} INFO - Processing /home/airflow/.local/lib/python3.12/site-packages/airflow/example_dags/example_task_group.py took 0.114 seconds
[2024-12-29T00:31:32.273+0000] {processor.py:186} INFO - Started process (PID=1564) to work on /home/airflow/.local/lib/python3.12/site-packages/airflow/example_dags/example_task_group.py
[2024-12-29T00:31:32.275+0000] {processor.py:914} INFO - Processing file /home/airflow/.local/lib/python3.12/site-packages/airflow/example_dags/example_task_group.py for tasks to queue
[2024-12-29T00:31:32.278+0000] {logging_mixin.py:190} INFO - [2024-12-29T00:31:32.278+0000] {dagbag.py:588} INFO - Filling up the DagBag from /home/airflow/.local/lib/python3.12/site-packages/airflow/example_dags/example_task_group.py
[2024-12-29T00:31:32.290+0000] {processor.py:925} INFO - DAG(s) 'example_task_group' retrieved from /home/airflow/.local/lib/python3.12/site-packages/airflow/example_dags/example_task_group.py
[2024-12-29T00:31:32.322+0000] {logging_mixin.py:190} INFO - [2024-12-29T00:31:32.321+0000] {dag.py:3239} INFO - Sync 1 DAGs
[2024-12-29T00:31:32.344+0000] {logging_mixin.py:190} INFO - [2024-12-29T00:31:32.343+0000] {dag.py:4180} INFO - Setting next_dagrun for example_task_group to None, run_after=None
[2024-12-29T00:31:32.373+0000] {processor.py:208} INFO - Processing /home/airflow/.local/lib/python3.12/site-packages/airflow/example_dags/example_task_group.py took 0.107 seconds
[2024-12-29T00:32:03.412+0000] {processor.py:186} INFO - Started process (PID=1630) to work on /home/airflow/.local/lib/python3.12/site-packages/airflow/example_dags/example_task_group.py
[2024-12-29T00:32:03.413+0000] {processor.py:914} INFO - Processing file /home/airflow/.local/lib/python3.12/site-packages/airflow/example_dags/example_task_group.py for tasks to queue
[2024-12-29T00:32:03.415+0000] {logging_mixin.py:190} INFO - [2024-12-29T00:32:03.415+0000] {dagbag.py:588} INFO - Filling up the DagBag from /home/airflow/.local/lib/python3.12/site-packages/airflow/example_dags/example_task_group.py
[2024-12-29T00:32:03.423+0000] {processor.py:925} INFO - DAG(s) 'example_task_group' retrieved from /home/airflow/.local/lib/python3.12/site-packages/airflow/example_dags/example_task_group.py
[2024-12-29T00:32:03.451+0000] {logging_mixin.py:190} INFO - [2024-12-29T00:32:03.451+0000] {dag.py:3239} INFO - Sync 1 DAGs
[2024-12-29T00:32:03.468+0000] {logging_mixin.py:190} INFO - [2024-12-29T00:32:03.467+0000] {dag.py:4180} INFO - Setting next_dagrun for example_task_group to None, run_after=None
[2024-12-29T00:32:03.494+0000] {processor.py:208} INFO - Processing /home/airflow/.local/lib/python3.12/site-packages/airflow/example_dags/example_task_group.py took 0.089 seconds
[2024-12-29T00:32:35.871+0000] {processor.py:186} INFO - Started process (PID=1703) to work on /home/airflow/.local/lib/python3.12/site-packages/airflow/example_dags/example_task_group.py
[2024-12-29T00:32:35.873+0000] {processor.py:914} INFO - Processing file /home/airflow/.local/lib/python3.12/site-packages/airflow/example_dags/example_task_group.py for tasks to queue
[2024-12-29T00:32:35.875+0000] {logging_mixin.py:190} INFO - [2024-12-29T00:32:35.875+0000] {dagbag.py:588} INFO - Filling up the DagBag from /home/airflow/.local/lib/python3.12/site-packages/airflow/example_dags/example_task_group.py
[2024-12-29T00:32:35.883+0000] {processor.py:925} INFO - DAG(s) 'example_task_group' retrieved from /home/airflow/.local/lib/python3.12/site-packages/airflow/example_dags/example_task_group.py
[2024-12-29T00:32:35.912+0000] {logging_mixin.py:190} INFO - [2024-12-29T00:32:35.911+0000] {dag.py:3239} INFO - Sync 1 DAGs
[2024-12-29T00:32:35.931+0000] {logging_mixin.py:190} INFO - [2024-12-29T00:32:35.931+0000] {dag.py:4180} INFO - Setting next_dagrun for example_task_group to None, run_after=None
[2024-12-29T00:32:35.960+0000] {processor.py:208} INFO - Processing /home/airflow/.local/lib/python3.12/site-packages/airflow/example_dags/example_task_group.py took 0.095 seconds
[2024-12-29T00:33:07.000+0000] {processor.py:186} INFO - Started process (PID=1768) to work on /home/airflow/.local/lib/python3.12/site-packages/airflow/example_dags/example_task_group.py
[2024-12-29T00:33:07.001+0000] {processor.py:914} INFO - Processing file /home/airflow/.local/lib/python3.12/site-packages/airflow/example_dags/example_task_group.py for tasks to queue
[2024-12-29T00:33:07.005+0000] {logging_mixin.py:190} INFO - [2024-12-29T00:33:07.005+0000] {dagbag.py:588} INFO - Filling up the DagBag from /home/airflow/.local/lib/python3.12/site-packages/airflow/example_dags/example_task_group.py
[2024-12-29T00:33:07.017+0000] {processor.py:925} INFO - DAG(s) 'example_task_group' retrieved from /home/airflow/.local/lib/python3.12/site-packages/airflow/example_dags/example_task_group.py
[2024-12-29T00:33:07.049+0000] {logging_mixin.py:190} INFO - [2024-12-29T00:33:07.048+0000] {dag.py:3239} INFO - Sync 1 DAGs
[2024-12-29T00:33:07.069+0000] {logging_mixin.py:190} INFO - [2024-12-29T00:33:07.068+0000] {dag.py:4180} INFO - Setting next_dagrun for example_task_group to None, run_after=None
[2024-12-29T00:33:07.101+0000] {processor.py:208} INFO - Processing /home/airflow/.local/lib/python3.12/site-packages/airflow/example_dags/example_task_group.py took 0.107 seconds
[2024-12-29T00:33:38.877+0000] {processor.py:186} INFO - Started process (PID=1833) to work on /home/airflow/.local/lib/python3.12/site-packages/airflow/example_dags/example_task_group.py
[2024-12-29T00:33:38.879+0000] {processor.py:914} INFO - Processing file /home/airflow/.local/lib/python3.12/site-packages/airflow/example_dags/example_task_group.py for tasks to queue
[2024-12-29T00:33:38.881+0000] {logging_mixin.py:190} INFO - [2024-12-29T00:33:38.881+0000] {dagbag.py:588} INFO - Filling up the DagBag from /home/airflow/.local/lib/python3.12/site-packages/airflow/example_dags/example_task_group.py
[2024-12-29T00:33:38.893+0000] {processor.py:925} INFO - DAG(s) 'example_task_group' retrieved from /home/airflow/.local/lib/python3.12/site-packages/airflow/example_dags/example_task_group.py
[2024-12-29T00:33:38.924+0000] {logging_mixin.py:190} INFO - [2024-12-29T00:33:38.924+0000] {dag.py:3239} INFO - Sync 1 DAGs
[2024-12-29T00:33:38.945+0000] {logging_mixin.py:190} INFO - [2024-12-29T00:33:38.945+0000] {dag.py:4180} INFO - Setting next_dagrun for example_task_group to None, run_after=None
[2024-12-29T00:33:38.975+0000] {processor.py:208} INFO - Processing /home/airflow/.local/lib/python3.12/site-packages/airflow/example_dags/example_task_group.py took 0.105 seconds
[2024-12-29T00:34:09.928+0000] {processor.py:186} INFO - Started process (PID=1898) to work on /home/airflow/.local/lib/python3.12/site-packages/airflow/example_dags/example_task_group.py
[2024-12-29T00:34:09.929+0000] {processor.py:914} INFO - Processing file /home/airflow/.local/lib/python3.12/site-packages/airflow/example_dags/example_task_group.py for tasks to queue
[2024-12-29T00:34:09.933+0000] {logging_mixin.py:190} INFO - [2024-12-29T00:34:09.932+0000] {dagbag.py:588} INFO - Filling up the DagBag from /home/airflow/.local/lib/python3.12/site-packages/airflow/example_dags/example_task_group.py
[2024-12-29T00:34:09.946+0000] {processor.py:925} INFO - DAG(s) 'example_task_group' retrieved from /home/airflow/.local/lib/python3.12/site-packages/airflow/example_dags/example_task_group.py
[2024-12-29T00:34:09.979+0000] {logging_mixin.py:190} INFO - [2024-12-29T00:34:09.978+0000] {dag.py:3239} INFO - Sync 1 DAGs
[2024-12-29T00:34:09.999+0000] {logging_mixin.py:190} INFO - [2024-12-29T00:34:09.998+0000] {dag.py:4180} INFO - Setting next_dagrun for example_task_group to None, run_after=None
[2024-12-29T00:34:10.045+0000] {processor.py:208} INFO - Processing /home/airflow/.local/lib/python3.12/site-packages/airflow/example_dags/example_task_group.py took 0.126 seconds
[2024-12-29T00:34:41.516+0000] {processor.py:186} INFO - Started process (PID=1969) to work on /home/airflow/.local/lib/python3.12/site-packages/airflow/example_dags/example_task_group.py
[2024-12-29T00:34:41.517+0000] {processor.py:914} INFO - Processing file /home/airflow/.local/lib/python3.12/site-packages/airflow/example_dags/example_task_group.py for tasks to queue
[2024-12-29T00:34:41.520+0000] {logging_mixin.py:190} INFO - [2024-12-29T00:34:41.520+0000] {dagbag.py:588} INFO - Filling up the DagBag from /home/airflow/.local/lib/python3.12/site-packages/airflow/example_dags/example_task_group.py
[2024-12-29T00:34:41.530+0000] {processor.py:925} INFO - DAG(s) 'example_task_group' retrieved from /home/airflow/.local/lib/python3.12/site-packages/airflow/example_dags/example_task_group.py
[2024-12-29T00:34:41.558+0000] {logging_mixin.py:190} INFO - [2024-12-29T00:34:41.558+0000] {dag.py:3239} INFO - Sync 1 DAGs
[2024-12-29T00:34:41.577+0000] {logging_mixin.py:190} INFO - [2024-12-29T00:34:41.576+0000] {dag.py:4180} INFO - Setting next_dagrun for example_task_group to None, run_after=None
[2024-12-29T00:34:41.609+0000] {processor.py:208} INFO - Processing /home/airflow/.local/lib/python3.12/site-packages/airflow/example_dags/example_task_group.py took 0.100 seconds
[2024-12-29T00:35:12.631+0000] {processor.py:186} INFO - Started process (PID=2034) to work on /home/airflow/.local/lib/python3.12/site-packages/airflow/example_dags/example_task_group.py
[2024-12-29T00:35:12.633+0000] {processor.py:914} INFO - Processing file /home/airflow/.local/lib/python3.12/site-packages/airflow/example_dags/example_task_group.py for tasks to queue
[2024-12-29T00:35:12.637+0000] {logging_mixin.py:190} INFO - [2024-12-29T00:35:12.636+0000] {dagbag.py:588} INFO - Filling up the DagBag from /home/airflow/.local/lib/python3.12/site-packages/airflow/example_dags/example_task_group.py
[2024-12-29T00:35:12.646+0000] {processor.py:925} INFO - DAG(s) 'example_task_group' retrieved from /home/airflow/.local/lib/python3.12/site-packages/airflow/example_dags/example_task_group.py
[2024-12-29T00:35:12.673+0000] {logging_mixin.py:190} INFO - [2024-12-29T00:35:12.672+0000] {dag.py:3239} INFO - Sync 1 DAGs
[2024-12-29T00:35:12.689+0000] {logging_mixin.py:190} INFO - [2024-12-29T00:35:12.688+0000] {dag.py:4180} INFO - Setting next_dagrun for example_task_group to None, run_after=None
[2024-12-29T00:35:12.722+0000] {processor.py:208} INFO - Processing /home/airflow/.local/lib/python3.12/site-packages/airflow/example_dags/example_task_group.py took 0.097 seconds
[2024-12-29T00:35:43.014+0000] {processor.py:186} INFO - Started process (PID=2099) to work on /home/airflow/.local/lib/python3.12/site-packages/airflow/example_dags/example_task_group.py
[2024-12-29T00:35:43.016+0000] {processor.py:914} INFO - Processing file /home/airflow/.local/lib/python3.12/site-packages/airflow/example_dags/example_task_group.py for tasks to queue
[2024-12-29T00:35:43.019+0000] {logging_mixin.py:190} INFO - [2024-12-29T00:35:43.019+0000] {dagbag.py:588} INFO - Filling up the DagBag from /home/airflow/.local/lib/python3.12/site-packages/airflow/example_dags/example_task_group.py
[2024-12-29T00:35:43.029+0000] {processor.py:925} INFO - DAG(s) 'example_task_group' retrieved from /home/airflow/.local/lib/python3.12/site-packages/airflow/example_dags/example_task_group.py
[2024-12-29T00:35:43.058+0000] {logging_mixin.py:190} INFO - [2024-12-29T00:35:43.057+0000] {dag.py:3239} INFO - Sync 1 DAGs
[2024-12-29T00:35:43.074+0000] {logging_mixin.py:190} INFO - [2024-12-29T00:35:43.074+0000] {dag.py:4180} INFO - Setting next_dagrun for example_task_group to None, run_after=None
[2024-12-29T00:35:43.101+0000] {processor.py:208} INFO - Processing /home/airflow/.local/lib/python3.12/site-packages/airflow/example_dags/example_task_group.py took 0.093 seconds
[2024-12-29T00:36:14.000+0000] {processor.py:186} INFO - Started process (PID=2164) to work on /home/airflow/.local/lib/python3.12/site-packages/airflow/example_dags/example_task_group.py
[2024-12-29T00:36:14.002+0000] {processor.py:914} INFO - Processing file /home/airflow/.local/lib/python3.12/site-packages/airflow/example_dags/example_task_group.py for tasks to queue
[2024-12-29T00:36:14.005+0000] {logging_mixin.py:190} INFO - [2024-12-29T00:36:14.005+0000] {dagbag.py:588} INFO - Filling up the DagBag from /home/airflow/.local/lib/python3.12/site-packages/airflow/example_dags/example_task_group.py
[2024-12-29T00:36:14.015+0000] {processor.py:925} INFO - DAG(s) 'example_task_group' retrieved from /home/airflow/.local/lib/python3.12/site-packages/airflow/example_dags/example_task_group.py
[2024-12-29T00:36:14.048+0000] {logging_mixin.py:190} INFO - [2024-12-29T00:36:14.047+0000] {dag.py:3239} INFO - Sync 1 DAGs
[2024-12-29T00:36:14.068+0000] {logging_mixin.py:190} INFO - [2024-12-29T00:36:14.068+0000] {dag.py:4180} INFO - Setting next_dagrun for example_task_group to None, run_after=None
[2024-12-29T00:36:14.098+0000] {processor.py:208} INFO - Processing /home/airflow/.local/lib/python3.12/site-packages/airflow/example_dags/example_task_group.py took 0.105 seconds
[2024-12-29T00:36:44.898+0000] {processor.py:186} INFO - Started process (PID=2229) to work on /home/airflow/.local/lib/python3.12/site-packages/airflow/example_dags/example_task_group.py
[2024-12-29T00:36:44.900+0000] {processor.py:914} INFO - Processing file /home/airflow/.local/lib/python3.12/site-packages/airflow/example_dags/example_task_group.py for tasks to queue
[2024-12-29T00:36:44.903+0000] {logging_mixin.py:190} INFO - [2024-12-29T00:36:44.903+0000] {dagbag.py:588} INFO - Filling up the DagBag from /home/airflow/.local/lib/python3.12/site-packages/airflow/example_dags/example_task_group.py
[2024-12-29T00:36:44.913+0000] {processor.py:925} INFO - DAG(s) 'example_task_group' retrieved from /home/airflow/.local/lib/python3.12/site-packages/airflow/example_dags/example_task_group.py
[2024-12-29T00:36:44.947+0000] {logging_mixin.py:190} INFO - [2024-12-29T00:36:44.946+0000] {dag.py:3239} INFO - Sync 1 DAGs
[2024-12-29T00:36:44.965+0000] {logging_mixin.py:190} INFO - [2024-12-29T00:36:44.965+0000] {dag.py:4180} INFO - Setting next_dagrun for example_task_group to None, run_after=None
[2024-12-29T00:36:44.996+0000] {processor.py:208} INFO - Processing /home/airflow/.local/lib/python3.12/site-packages/airflow/example_dags/example_task_group.py took 0.106 seconds
[2024-12-29T00:37:15.045+0000] {processor.py:186} INFO - Started process (PID=2293) to work on /home/airflow/.local/lib/python3.12/site-packages/airflow/example_dags/example_task_group.py
[2024-12-29T00:37:15.047+0000] {processor.py:914} INFO - Processing file /home/airflow/.local/lib/python3.12/site-packages/airflow/example_dags/example_task_group.py for tasks to queue
[2024-12-29T00:37:15.050+0000] {logging_mixin.py:190} INFO - [2024-12-29T00:37:15.049+0000] {dagbag.py:588} INFO - Filling up the DagBag from /home/airflow/.local/lib/python3.12/site-packages/airflow/example_dags/example_task_group.py
[2024-12-29T00:37:15.060+0000] {processor.py:925} INFO - DAG(s) 'example_task_group' retrieved from /home/airflow/.local/lib/python3.12/site-packages/airflow/example_dags/example_task_group.py
[2024-12-29T00:37:15.092+0000] {logging_mixin.py:190} INFO - [2024-12-29T00:37:15.091+0000] {dag.py:3239} INFO - Sync 1 DAGs
[2024-12-29T00:37:15.108+0000] {logging_mixin.py:190} INFO - [2024-12-29T00:37:15.108+0000] {dag.py:4180} INFO - Setting next_dagrun for example_task_group to None, run_after=None
[2024-12-29T00:37:15.137+0000] {processor.py:208} INFO - Processing /home/airflow/.local/lib/python3.12/site-packages/airflow/example_dags/example_task_group.py took 0.100 seconds
[2024-12-29T00:37:45.995+0000] {processor.py:186} INFO - Started process (PID=2358) to work on /home/airflow/.local/lib/python3.12/site-packages/airflow/example_dags/example_task_group.py
[2024-12-29T00:37:45.997+0000] {processor.py:914} INFO - Processing file /home/airflow/.local/lib/python3.12/site-packages/airflow/example_dags/example_task_group.py for tasks to queue
[2024-12-29T00:37:46.000+0000] {logging_mixin.py:190} INFO - [2024-12-29T00:37:45.999+0000] {dagbag.py:588} INFO - Filling up the DagBag from /home/airflow/.local/lib/python3.12/site-packages/airflow/example_dags/example_task_group.py
[2024-12-29T00:37:46.009+0000] {processor.py:925} INFO - DAG(s) 'example_task_group' retrieved from /home/airflow/.local/lib/python3.12/site-packages/airflow/example_dags/example_task_group.py
[2024-12-29T00:37:46.036+0000] {logging_mixin.py:190} INFO - [2024-12-29T00:37:46.036+0000] {dag.py:3239} INFO - Sync 1 DAGs
[2024-12-29T00:37:46.052+0000] {logging_mixin.py:190} INFO - [2024-12-29T00:37:46.052+0000] {dag.py:4180} INFO - Setting next_dagrun for example_task_group to None, run_after=None
[2024-12-29T00:37:46.076+0000] {processor.py:208} INFO - Processing /home/airflow/.local/lib/python3.12/site-packages/airflow/example_dags/example_task_group.py took 0.086 seconds
[2024-12-29T00:38:17.028+0000] {processor.py:186} INFO - Started process (PID=2423) to work on /home/airflow/.local/lib/python3.12/site-packages/airflow/example_dags/example_task_group.py
[2024-12-29T00:38:17.030+0000] {processor.py:914} INFO - Processing file /home/airflow/.local/lib/python3.12/site-packages/airflow/example_dags/example_task_group.py for tasks to queue
[2024-12-29T00:38:17.032+0000] {logging_mixin.py:190} INFO - [2024-12-29T00:38:17.032+0000] {dagbag.py:588} INFO - Filling up the DagBag from /home/airflow/.local/lib/python3.12/site-packages/airflow/example_dags/example_task_group.py
[2024-12-29T00:38:17.041+0000] {processor.py:925} INFO - DAG(s) 'example_task_group' retrieved from /home/airflow/.local/lib/python3.12/site-packages/airflow/example_dags/example_task_group.py
[2024-12-29T00:38:17.070+0000] {logging_mixin.py:190} INFO - [2024-12-29T00:38:17.070+0000] {dag.py:3239} INFO - Sync 1 DAGs
[2024-12-29T00:38:17.087+0000] {logging_mixin.py:190} INFO - [2024-12-29T00:38:17.086+0000] {dag.py:4180} INFO - Setting next_dagrun for example_task_group to None, run_after=None
[2024-12-29T00:38:17.113+0000] {processor.py:208} INFO - Processing /home/airflow/.local/lib/python3.12/site-packages/airflow/example_dags/example_task_group.py took 0.092 seconds
