[2024-12-29T00:03:58.108+0000] {processor.py:186} INFO - Started process (PID=118) to work on /home/airflow/.local/lib/python3.12/site-packages/airflow/example_dags/example_complex.py
[2024-12-29T00:03:58.109+0000] {processor.py:914} INFO - Processing file /home/airflow/.local/lib/python3.12/site-packages/airflow/example_dags/example_complex.py for tasks to queue
[2024-12-29T00:03:58.112+0000] {logging_mixin.py:190} INFO - [2024-12-29T00:03:58.112+0000] {dagbag.py:588} INFO - Filling up the DagBag from /home/airflow/.local/lib/python3.12/site-packages/airflow/example_dags/example_complex.py
[2024-12-29T00:03:58.129+0000] {processor.py:925} INFO - DAG(s) 'example_complex' retrieved from /home/airflow/.local/lib/python3.12/site-packages/airflow/example_dags/example_complex.py
[2024-12-29T00:03:58.291+0000] {logging_mixin.py:190} INFO - [2024-12-29T00:03:58.290+0000] {override.py:1911} INFO - Created Permission View: can read on DAG:example_complex
[2024-12-29T00:03:58.308+0000] {logging_mixin.py:190} INFO - [2024-12-29T00:03:58.308+0000] {override.py:1911} INFO - Created Permission View: can edit on DAG:example_complex
[2024-12-29T00:03:58.320+0000] {logging_mixin.py:190} INFO - [2024-12-29T00:03:58.320+0000] {override.py:1911} INFO - Created Permission View: can delete on DAG:example_complex
[2024-12-29T00:03:58.333+0000] {logging_mixin.py:190} INFO - [2024-12-29T00:03:58.333+0000] {override.py:1911} INFO - Created Permission View: can create on DAG Run:example_complex
[2024-12-29T00:03:58.347+0000] {logging_mixin.py:190} INFO - [2024-12-29T00:03:58.346+0000] {override.py:1911} INFO - Created Permission View: can read on DAG Run:example_complex
[2024-12-29T00:03:58.360+0000] {logging_mixin.py:190} INFO - [2024-12-29T00:03:58.359+0000] {override.py:1911} INFO - Created Permission View: can delete on DAG Run:example_complex
[2024-12-29T00:03:58.374+0000] {logging_mixin.py:190} INFO - [2024-12-29T00:03:58.373+0000] {override.py:1911} INFO - Created Permission View: menu access on DAG Run:example_complex
[2024-12-29T00:03:58.375+0000] {logging_mixin.py:190} INFO - [2024-12-29T00:03:58.374+0000] {dag.py:3239} INFO - Sync 1 DAGs
[2024-12-29T00:03:58.397+0000] {logging_mixin.py:190} INFO - [2024-12-29T00:03:58.397+0000] {dag.py:3262} INFO - Creating ORM DAG for example_complex
[2024-12-29T00:03:58.398+0000] {logging_mixin.py:190} INFO - [2024-12-29T00:03:58.398+0000] {dag.py:4180} INFO - Setting next_dagrun for example_complex to None, run_after=None
[2024-12-29T00:03:58.431+0000] {processor.py:208} INFO - Processing /home/airflow/.local/lib/python3.12/site-packages/airflow/example_dags/example_complex.py took 0.332 seconds
[2024-12-29T00:04:29.189+0000] {processor.py:186} INFO - Started process (PID=182) to work on /home/airflow/.local/lib/python3.12/site-packages/airflow/example_dags/example_complex.py
[2024-12-29T00:04:29.190+0000] {processor.py:914} INFO - Processing file /home/airflow/.local/lib/python3.12/site-packages/airflow/example_dags/example_complex.py for tasks to queue
[2024-12-29T00:04:29.192+0000] {logging_mixin.py:190} INFO - [2024-12-29T00:04:29.192+0000] {dagbag.py:588} INFO - Filling up the DagBag from /home/airflow/.local/lib/python3.12/site-packages/airflow/example_dags/example_complex.py
[2024-12-29T00:04:29.205+0000] {processor.py:925} INFO - DAG(s) 'example_complex' retrieved from /home/airflow/.local/lib/python3.12/site-packages/airflow/example_dags/example_complex.py
[2024-12-29T00:04:29.242+0000] {logging_mixin.py:190} INFO - [2024-12-29T00:04:29.242+0000] {dag.py:3239} INFO - Sync 1 DAGs
[2024-12-29T00:04:29.259+0000] {logging_mixin.py:190} INFO - [2024-12-29T00:04:29.259+0000] {dag.py:4180} INFO - Setting next_dagrun for example_complex to None, run_after=None
[2024-12-29T00:04:29.288+0000] {processor.py:208} INFO - Processing /home/airflow/.local/lib/python3.12/site-packages/airflow/example_dags/example_complex.py took 0.105 seconds
[2024-12-29T00:05:02.167+0000] {processor.py:186} INFO - Started process (PID=246) to work on /home/airflow/.local/lib/python3.12/site-packages/airflow/example_dags/example_complex.py
[2024-12-29T00:05:02.169+0000] {processor.py:914} INFO - Processing file /home/airflow/.local/lib/python3.12/site-packages/airflow/example_dags/example_complex.py for tasks to queue
[2024-12-29T00:05:02.172+0000] {logging_mixin.py:190} INFO - [2024-12-29T00:05:02.171+0000] {dagbag.py:588} INFO - Filling up the DagBag from /home/airflow/.local/lib/python3.12/site-packages/airflow/example_dags/example_complex.py
[2024-12-29T00:05:02.194+0000] {processor.py:925} INFO - DAG(s) 'example_complex' retrieved from /home/airflow/.local/lib/python3.12/site-packages/airflow/example_dags/example_complex.py
[2024-12-29T00:05:02.248+0000] {logging_mixin.py:190} INFO - [2024-12-29T00:05:02.248+0000] {dag.py:3239} INFO - Sync 1 DAGs
[2024-12-29T00:05:02.279+0000] {logging_mixin.py:190} INFO - [2024-12-29T00:05:02.278+0000] {dag.py:4180} INFO - Setting next_dagrun for example_complex to None, run_after=None
[2024-12-29T00:05:02.313+0000] {processor.py:208} INFO - Processing /home/airflow/.local/lib/python3.12/site-packages/airflow/example_dags/example_complex.py took 0.154 seconds
[2024-12-29T00:05:33.641+0000] {processor.py:186} INFO - Started process (PID=310) to work on /home/airflow/.local/lib/python3.12/site-packages/airflow/example_dags/example_complex.py
[2024-12-29T00:05:33.643+0000] {processor.py:914} INFO - Processing file /home/airflow/.local/lib/python3.12/site-packages/airflow/example_dags/example_complex.py for tasks to queue
[2024-12-29T00:05:33.646+0000] {logging_mixin.py:190} INFO - [2024-12-29T00:05:33.645+0000] {dagbag.py:588} INFO - Filling up the DagBag from /home/airflow/.local/lib/python3.12/site-packages/airflow/example_dags/example_complex.py
[2024-12-29T00:05:33.662+0000] {processor.py:925} INFO - DAG(s) 'example_complex' retrieved from /home/airflow/.local/lib/python3.12/site-packages/airflow/example_dags/example_complex.py
[2024-12-29T00:05:33.703+0000] {logging_mixin.py:190} INFO - [2024-12-29T00:05:33.702+0000] {dag.py:3239} INFO - Sync 1 DAGs
[2024-12-29T00:05:33.723+0000] {logging_mixin.py:190} INFO - [2024-12-29T00:05:33.722+0000] {dag.py:4180} INFO - Setting next_dagrun for example_complex to None, run_after=None
[2024-12-29T00:05:33.753+0000] {processor.py:208} INFO - Processing /home/airflow/.local/lib/python3.12/site-packages/airflow/example_dags/example_complex.py took 0.119 seconds
[2024-12-29T00:06:05.078+0000] {processor.py:186} INFO - Started process (PID=374) to work on /home/airflow/.local/lib/python3.12/site-packages/airflow/example_dags/example_complex.py
[2024-12-29T00:06:05.079+0000] {processor.py:914} INFO - Processing file /home/airflow/.local/lib/python3.12/site-packages/airflow/example_dags/example_complex.py for tasks to queue
[2024-12-29T00:06:05.081+0000] {logging_mixin.py:190} INFO - [2024-12-29T00:06:05.081+0000] {dagbag.py:588} INFO - Filling up the DagBag from /home/airflow/.local/lib/python3.12/site-packages/airflow/example_dags/example_complex.py
[2024-12-29T00:06:05.093+0000] {processor.py:925} INFO - DAG(s) 'example_complex' retrieved from /home/airflow/.local/lib/python3.12/site-packages/airflow/example_dags/example_complex.py
[2024-12-29T00:06:05.130+0000] {logging_mixin.py:190} INFO - [2024-12-29T00:06:05.130+0000] {dag.py:3239} INFO - Sync 1 DAGs
[2024-12-29T00:06:05.145+0000] {logging_mixin.py:190} INFO - [2024-12-29T00:06:05.144+0000] {dag.py:4180} INFO - Setting next_dagrun for example_complex to None, run_after=None
[2024-12-29T00:06:05.168+0000] {processor.py:208} INFO - Processing /home/airflow/.local/lib/python3.12/site-packages/airflow/example_dags/example_complex.py took 0.096 seconds
[2024-12-29T00:06:36.505+0000] {processor.py:186} INFO - Started process (PID=438) to work on /home/airflow/.local/lib/python3.12/site-packages/airflow/example_dags/example_complex.py
[2024-12-29T00:06:36.507+0000] {processor.py:914} INFO - Processing file /home/airflow/.local/lib/python3.12/site-packages/airflow/example_dags/example_complex.py for tasks to queue
[2024-12-29T00:06:36.510+0000] {logging_mixin.py:190} INFO - [2024-12-29T00:06:36.510+0000] {dagbag.py:588} INFO - Filling up the DagBag from /home/airflow/.local/lib/python3.12/site-packages/airflow/example_dags/example_complex.py
[2024-12-29T00:06:36.528+0000] {processor.py:925} INFO - DAG(s) 'example_complex' retrieved from /home/airflow/.local/lib/python3.12/site-packages/airflow/example_dags/example_complex.py
[2024-12-29T00:06:36.575+0000] {logging_mixin.py:190} INFO - [2024-12-29T00:06:36.574+0000] {dag.py:3239} INFO - Sync 1 DAGs
[2024-12-29T00:06:36.596+0000] {logging_mixin.py:190} INFO - [2024-12-29T00:06:36.596+0000] {dag.py:4180} INFO - Setting next_dagrun for example_complex to None, run_after=None
[2024-12-29T00:06:36.629+0000] {processor.py:208} INFO - Processing /home/airflow/.local/lib/python3.12/site-packages/airflow/example_dags/example_complex.py took 0.132 seconds
[2024-12-29T00:07:08.063+0000] {processor.py:186} INFO - Started process (PID=502) to work on /home/airflow/.local/lib/python3.12/site-packages/airflow/example_dags/example_complex.py
[2024-12-29T00:07:08.065+0000] {processor.py:914} INFO - Processing file /home/airflow/.local/lib/python3.12/site-packages/airflow/example_dags/example_complex.py for tasks to queue
[2024-12-29T00:07:08.068+0000] {logging_mixin.py:190} INFO - [2024-12-29T00:07:08.068+0000] {dagbag.py:588} INFO - Filling up the DagBag from /home/airflow/.local/lib/python3.12/site-packages/airflow/example_dags/example_complex.py
[2024-12-29T00:07:08.093+0000] {processor.py:925} INFO - DAG(s) 'example_complex' retrieved from /home/airflow/.local/lib/python3.12/site-packages/airflow/example_dags/example_complex.py
[2024-12-29T00:07:08.132+0000] {logging_mixin.py:190} INFO - [2024-12-29T00:07:08.131+0000] {dag.py:3239} INFO - Sync 1 DAGs
[2024-12-29T00:07:08.151+0000] {logging_mixin.py:190} INFO - [2024-12-29T00:07:08.150+0000] {dag.py:4180} INFO - Setting next_dagrun for example_complex to None, run_after=None
[2024-12-29T00:07:08.181+0000] {processor.py:208} INFO - Processing /home/airflow/.local/lib/python3.12/site-packages/airflow/example_dags/example_complex.py took 0.127 seconds
[2024-12-29T00:07:39.872+0000] {processor.py:186} INFO - Started process (PID=566) to work on /home/airflow/.local/lib/python3.12/site-packages/airflow/example_dags/example_complex.py
[2024-12-29T00:07:39.874+0000] {processor.py:914} INFO - Processing file /home/airflow/.local/lib/python3.12/site-packages/airflow/example_dags/example_complex.py for tasks to queue
[2024-12-29T00:07:39.877+0000] {logging_mixin.py:190} INFO - [2024-12-29T00:07:39.876+0000] {dagbag.py:588} INFO - Filling up the DagBag from /home/airflow/.local/lib/python3.12/site-packages/airflow/example_dags/example_complex.py
[2024-12-29T00:07:39.897+0000] {processor.py:925} INFO - DAG(s) 'example_complex' retrieved from /home/airflow/.local/lib/python3.12/site-packages/airflow/example_dags/example_complex.py
[2024-12-29T00:07:39.949+0000] {logging_mixin.py:190} INFO - [2024-12-29T00:07:39.948+0000] {dag.py:3239} INFO - Sync 1 DAGs
[2024-12-29T00:07:39.974+0000] {logging_mixin.py:190} INFO - [2024-12-29T00:07:39.974+0000] {dag.py:4180} INFO - Setting next_dagrun for example_complex to None, run_after=None
[2024-12-29T00:07:40.008+0000] {processor.py:208} INFO - Processing /home/airflow/.local/lib/python3.12/site-packages/airflow/example_dags/example_complex.py took 0.144 seconds
[2024-12-29T00:08:11.163+0000] {processor.py:186} INFO - Started process (PID=630) to work on /home/airflow/.local/lib/python3.12/site-packages/airflow/example_dags/example_complex.py
[2024-12-29T00:08:11.165+0000] {processor.py:914} INFO - Processing file /home/airflow/.local/lib/python3.12/site-packages/airflow/example_dags/example_complex.py for tasks to queue
[2024-12-29T00:08:11.167+0000] {logging_mixin.py:190} INFO - [2024-12-29T00:08:11.167+0000] {dagbag.py:588} INFO - Filling up the DagBag from /home/airflow/.local/lib/python3.12/site-packages/airflow/example_dags/example_complex.py
[2024-12-29T00:08:11.180+0000] {processor.py:925} INFO - DAG(s) 'example_complex' retrieved from /home/airflow/.local/lib/python3.12/site-packages/airflow/example_dags/example_complex.py
[2024-12-29T00:08:11.230+0000] {logging_mixin.py:190} INFO - [2024-12-29T00:08:11.229+0000] {dag.py:3239} INFO - Sync 1 DAGs
[2024-12-29T00:08:11.253+0000] {logging_mixin.py:190} INFO - [2024-12-29T00:08:11.252+0000] {dag.py:4180} INFO - Setting next_dagrun for example_complex to None, run_after=None
[2024-12-29T00:08:11.282+0000] {processor.py:208} INFO - Processing /home/airflow/.local/lib/python3.12/site-packages/airflow/example_dags/example_complex.py took 0.124 seconds
[2024-12-29T00:08:43.333+0000] {processor.py:186} INFO - Started process (PID=700) to work on /home/airflow/.local/lib/python3.12/site-packages/airflow/example_dags/example_complex.py
[2024-12-29T00:08:43.334+0000] {processor.py:914} INFO - Processing file /home/airflow/.local/lib/python3.12/site-packages/airflow/example_dags/example_complex.py for tasks to queue
[2024-12-29T00:08:43.338+0000] {logging_mixin.py:190} INFO - [2024-12-29T00:08:43.337+0000] {dagbag.py:588} INFO - Filling up the DagBag from /home/airflow/.local/lib/python3.12/site-packages/airflow/example_dags/example_complex.py
[2024-12-29T00:08:43.355+0000] {processor.py:925} INFO - DAG(s) 'example_complex' retrieved from /home/airflow/.local/lib/python3.12/site-packages/airflow/example_dags/example_complex.py
[2024-12-29T00:08:43.411+0000] {logging_mixin.py:190} INFO - [2024-12-29T00:08:43.411+0000] {dag.py:3239} INFO - Sync 1 DAGs
[2024-12-29T00:08:43.438+0000] {logging_mixin.py:190} INFO - [2024-12-29T00:08:43.437+0000] {dag.py:4180} INFO - Setting next_dagrun for example_complex to None, run_after=None
[2024-12-29T00:08:43.475+0000] {processor.py:208} INFO - Processing /home/airflow/.local/lib/python3.12/site-packages/airflow/example_dags/example_complex.py took 0.150 seconds
[2024-12-29T00:09:14.602+0000] {processor.py:186} INFO - Started process (PID=764) to work on /home/airflow/.local/lib/python3.12/site-packages/airflow/example_dags/example_complex.py
[2024-12-29T00:09:14.603+0000] {processor.py:914} INFO - Processing file /home/airflow/.local/lib/python3.12/site-packages/airflow/example_dags/example_complex.py for tasks to queue
[2024-12-29T00:09:14.606+0000] {logging_mixin.py:190} INFO - [2024-12-29T00:09:14.606+0000] {dagbag.py:588} INFO - Filling up the DagBag from /home/airflow/.local/lib/python3.12/site-packages/airflow/example_dags/example_complex.py
[2024-12-29T00:09:14.620+0000] {processor.py:925} INFO - DAG(s) 'example_complex' retrieved from /home/airflow/.local/lib/python3.12/site-packages/airflow/example_dags/example_complex.py
[2024-12-29T00:09:14.664+0000] {logging_mixin.py:190} INFO - [2024-12-29T00:09:14.664+0000] {dag.py:3239} INFO - Sync 1 DAGs
[2024-12-29T00:09:14.684+0000] {logging_mixin.py:190} INFO - [2024-12-29T00:09:14.684+0000] {dag.py:4180} INFO - Setting next_dagrun for example_complex to None, run_after=None
[2024-12-29T00:09:14.713+0000] {processor.py:208} INFO - Processing /home/airflow/.local/lib/python3.12/site-packages/airflow/example_dags/example_complex.py took 0.118 seconds
[2024-12-29T00:09:46.226+0000] {processor.py:186} INFO - Started process (PID=828) to work on /home/airflow/.local/lib/python3.12/site-packages/airflow/example_dags/example_complex.py
[2024-12-29T00:09:46.227+0000] {processor.py:914} INFO - Processing file /home/airflow/.local/lib/python3.12/site-packages/airflow/example_dags/example_complex.py for tasks to queue
[2024-12-29T00:09:46.229+0000] {logging_mixin.py:190} INFO - [2024-12-29T00:09:46.229+0000] {dagbag.py:588} INFO - Filling up the DagBag from /home/airflow/.local/lib/python3.12/site-packages/airflow/example_dags/example_complex.py
[2024-12-29T00:09:46.243+0000] {processor.py:925} INFO - DAG(s) 'example_complex' retrieved from /home/airflow/.local/lib/python3.12/site-packages/airflow/example_dags/example_complex.py
[2024-12-29T00:09:46.281+0000] {logging_mixin.py:190} INFO - [2024-12-29T00:09:46.281+0000] {dag.py:3239} INFO - Sync 1 DAGs
[2024-12-29T00:09:46.300+0000] {logging_mixin.py:190} INFO - [2024-12-29T00:09:46.300+0000] {dag.py:4180} INFO - Setting next_dagrun for example_complex to None, run_after=None
[2024-12-29T00:09:46.328+0000] {processor.py:208} INFO - Processing /home/airflow/.local/lib/python3.12/site-packages/airflow/example_dags/example_complex.py took 0.108 seconds
[2024-12-29T00:10:17.896+0000] {processor.py:186} INFO - Started process (PID=892) to work on /home/airflow/.local/lib/python3.12/site-packages/airflow/example_dags/example_complex.py
[2024-12-29T00:10:17.898+0000] {processor.py:914} INFO - Processing file /home/airflow/.local/lib/python3.12/site-packages/airflow/example_dags/example_complex.py for tasks to queue
[2024-12-29T00:10:17.901+0000] {logging_mixin.py:190} INFO - [2024-12-29T00:10:17.900+0000] {dagbag.py:588} INFO - Filling up the DagBag from /home/airflow/.local/lib/python3.12/site-packages/airflow/example_dags/example_complex.py
[2024-12-29T00:10:17.916+0000] {processor.py:925} INFO - DAG(s) 'example_complex' retrieved from /home/airflow/.local/lib/python3.12/site-packages/airflow/example_dags/example_complex.py
[2024-12-29T00:10:17.956+0000] {logging_mixin.py:190} INFO - [2024-12-29T00:10:17.956+0000] {dag.py:3239} INFO - Sync 1 DAGs
[2024-12-29T00:10:17.975+0000] {logging_mixin.py:190} INFO - [2024-12-29T00:10:17.974+0000] {dag.py:4180} INFO - Setting next_dagrun for example_complex to None, run_after=None
[2024-12-29T00:10:18.009+0000] {processor.py:208} INFO - Processing /home/airflow/.local/lib/python3.12/site-packages/airflow/example_dags/example_complex.py took 0.120 seconds
[2024-12-29T00:10:49.244+0000] {processor.py:186} INFO - Started process (PID=956) to work on /home/airflow/.local/lib/python3.12/site-packages/airflow/example_dags/example_complex.py
[2024-12-29T00:10:49.247+0000] {processor.py:914} INFO - Processing file /home/airflow/.local/lib/python3.12/site-packages/airflow/example_dags/example_complex.py for tasks to queue
[2024-12-29T00:10:49.250+0000] {logging_mixin.py:190} INFO - [2024-12-29T00:10:49.249+0000] {dagbag.py:588} INFO - Filling up the DagBag from /home/airflow/.local/lib/python3.12/site-packages/airflow/example_dags/example_complex.py
[2024-12-29T00:10:49.261+0000] {processor.py:925} INFO - DAG(s) 'example_complex' retrieved from /home/airflow/.local/lib/python3.12/site-packages/airflow/example_dags/example_complex.py
[2024-12-29T00:10:49.296+0000] {logging_mixin.py:190} INFO - [2024-12-29T00:10:49.295+0000] {dag.py:3239} INFO - Sync 1 DAGs
[2024-12-29T00:10:49.313+0000] {logging_mixin.py:190} INFO - [2024-12-29T00:10:49.312+0000] {dag.py:4180} INFO - Setting next_dagrun for example_complex to None, run_after=None
[2024-12-29T00:10:49.338+0000] {processor.py:208} INFO - Processing /home/airflow/.local/lib/python3.12/site-packages/airflow/example_dags/example_complex.py took 0.100 seconds
[2024-12-29T00:11:20.708+0000] {processor.py:186} INFO - Started process (PID=1022) to work on /home/airflow/.local/lib/python3.12/site-packages/airflow/example_dags/example_complex.py
[2024-12-29T00:11:20.710+0000] {processor.py:914} INFO - Processing file /home/airflow/.local/lib/python3.12/site-packages/airflow/example_dags/example_complex.py for tasks to queue
[2024-12-29T00:11:20.712+0000] {logging_mixin.py:190} INFO - [2024-12-29T00:11:20.712+0000] {dagbag.py:588} INFO - Filling up the DagBag from /home/airflow/.local/lib/python3.12/site-packages/airflow/example_dags/example_complex.py
[2024-12-29T00:11:20.727+0000] {processor.py:925} INFO - DAG(s) 'example_complex' retrieved from /home/airflow/.local/lib/python3.12/site-packages/airflow/example_dags/example_complex.py
[2024-12-29T00:11:20.767+0000] {logging_mixin.py:190} INFO - [2024-12-29T00:11:20.767+0000] {dag.py:3239} INFO - Sync 1 DAGs
[2024-12-29T00:11:20.784+0000] {logging_mixin.py:190} INFO - [2024-12-29T00:11:20.784+0000] {dag.py:4180} INFO - Setting next_dagrun for example_complex to None, run_after=None
[2024-12-29T00:11:20.812+0000] {processor.py:208} INFO - Processing /home/airflow/.local/lib/python3.12/site-packages/airflow/example_dags/example_complex.py took 0.109 seconds
[2024-12-29T00:11:51.240+0000] {processor.py:186} INFO - Started process (PID=1085) to work on /home/airflow/.local/lib/python3.12/site-packages/airflow/example_dags/example_complex.py
[2024-12-29T00:11:51.243+0000] {processor.py:914} INFO - Processing file /home/airflow/.local/lib/python3.12/site-packages/airflow/example_dags/example_complex.py for tasks to queue
[2024-12-29T00:11:51.246+0000] {logging_mixin.py:190} INFO - [2024-12-29T00:11:51.245+0000] {dagbag.py:588} INFO - Filling up the DagBag from /home/airflow/.local/lib/python3.12/site-packages/airflow/example_dags/example_complex.py
[2024-12-29T00:11:51.261+0000] {processor.py:925} INFO - DAG(s) 'example_complex' retrieved from /home/airflow/.local/lib/python3.12/site-packages/airflow/example_dags/example_complex.py
[2024-12-29T00:11:51.319+0000] {logging_mixin.py:190} INFO - [2024-12-29T00:11:51.319+0000] {dag.py:3239} INFO - Sync 1 DAGs
[2024-12-29T00:11:51.341+0000] {logging_mixin.py:190} INFO - [2024-12-29T00:11:51.341+0000] {dag.py:4180} INFO - Setting next_dagrun for example_complex to None, run_after=None
[2024-12-29T00:11:51.375+0000] {processor.py:208} INFO - Processing /home/airflow/.local/lib/python3.12/site-packages/airflow/example_dags/example_complex.py took 0.142 seconds
[2024-12-29T00:12:21.729+0000] {processor.py:186} INFO - Started process (PID=1148) to work on /home/airflow/.local/lib/python3.12/site-packages/airflow/example_dags/example_complex.py
[2024-12-29T00:12:21.731+0000] {processor.py:914} INFO - Processing file /home/airflow/.local/lib/python3.12/site-packages/airflow/example_dags/example_complex.py for tasks to queue
[2024-12-29T00:12:21.735+0000] {logging_mixin.py:190} INFO - [2024-12-29T00:12:21.734+0000] {dagbag.py:588} INFO - Filling up the DagBag from /home/airflow/.local/lib/python3.12/site-packages/airflow/example_dags/example_complex.py
[2024-12-29T00:12:21.760+0000] {processor.py:925} INFO - DAG(s) 'example_complex' retrieved from /home/airflow/.local/lib/python3.12/site-packages/airflow/example_dags/example_complex.py
[2024-12-29T00:12:21.824+0000] {logging_mixin.py:190} INFO - [2024-12-29T00:12:21.823+0000] {dag.py:3239} INFO - Sync 1 DAGs
[2024-12-29T00:12:21.854+0000] {logging_mixin.py:190} INFO - [2024-12-29T00:12:21.854+0000] {dag.py:4180} INFO - Setting next_dagrun for example_complex to None, run_after=None
[2024-12-29T00:12:21.916+0000] {processor.py:208} INFO - Processing /home/airflow/.local/lib/python3.12/site-packages/airflow/example_dags/example_complex.py took 0.204 seconds
[2024-12-29T00:12:53.025+0000] {processor.py:186} INFO - Started process (PID=1213) to work on /home/airflow/.local/lib/python3.12/site-packages/airflow/example_dags/example_complex.py
[2024-12-29T00:12:53.027+0000] {processor.py:914} INFO - Processing file /home/airflow/.local/lib/python3.12/site-packages/airflow/example_dags/example_complex.py for tasks to queue
[2024-12-29T00:12:53.032+0000] {logging_mixin.py:190} INFO - [2024-12-29T00:12:53.031+0000] {dagbag.py:588} INFO - Filling up the DagBag from /home/airflow/.local/lib/python3.12/site-packages/airflow/example_dags/example_complex.py
[2024-12-29T00:12:53.057+0000] {processor.py:925} INFO - DAG(s) 'example_complex' retrieved from /home/airflow/.local/lib/python3.12/site-packages/airflow/example_dags/example_complex.py
[2024-12-29T00:12:53.127+0000] {logging_mixin.py:190} INFO - [2024-12-29T00:12:53.127+0000] {dag.py:3239} INFO - Sync 1 DAGs
[2024-12-29T00:12:53.165+0000] {logging_mixin.py:190} INFO - [2024-12-29T00:12:53.164+0000] {dag.py:4180} INFO - Setting next_dagrun for example_complex to None, run_after=None
[2024-12-29T00:12:53.217+0000] {processor.py:208} INFO - Processing /home/airflow/.local/lib/python3.12/site-packages/airflow/example_dags/example_complex.py took 0.206 seconds
[2024-12-29T00:13:24.192+0000] {processor.py:186} INFO - Started process (PID=1278) to work on /home/airflow/.local/lib/python3.12/site-packages/airflow/example_dags/example_complex.py
[2024-12-29T00:13:24.195+0000] {processor.py:914} INFO - Processing file /home/airflow/.local/lib/python3.12/site-packages/airflow/example_dags/example_complex.py for tasks to queue
[2024-12-29T00:13:24.199+0000] {logging_mixin.py:190} INFO - [2024-12-29T00:13:24.198+0000] {dagbag.py:588} INFO - Filling up the DagBag from /home/airflow/.local/lib/python3.12/site-packages/airflow/example_dags/example_complex.py
[2024-12-29T00:13:24.217+0000] {processor.py:925} INFO - DAG(s) 'example_complex' retrieved from /home/airflow/.local/lib/python3.12/site-packages/airflow/example_dags/example_complex.py
[2024-12-29T00:13:24.266+0000] {logging_mixin.py:190} INFO - [2024-12-29T00:13:24.266+0000] {dag.py:3239} INFO - Sync 1 DAGs
[2024-12-29T00:13:24.299+0000] {logging_mixin.py:190} INFO - [2024-12-29T00:13:24.298+0000] {dag.py:4180} INFO - Setting next_dagrun for example_complex to None, run_after=None
[2024-12-29T00:13:24.345+0000] {processor.py:208} INFO - Processing /home/airflow/.local/lib/python3.12/site-packages/airflow/example_dags/example_complex.py took 0.159 seconds
[2024-12-29T00:13:54.678+0000] {processor.py:186} INFO - Started process (PID=1343) to work on /home/airflow/.local/lib/python3.12/site-packages/airflow/example_dags/example_complex.py
[2024-12-29T00:13:54.681+0000] {processor.py:914} INFO - Processing file /home/airflow/.local/lib/python3.12/site-packages/airflow/example_dags/example_complex.py for tasks to queue
[2024-12-29T00:13:54.685+0000] {logging_mixin.py:190} INFO - [2024-12-29T00:13:54.684+0000] {dagbag.py:588} INFO - Filling up the DagBag from /home/airflow/.local/lib/python3.12/site-packages/airflow/example_dags/example_complex.py
[2024-12-29T00:13:54.701+0000] {processor.py:925} INFO - DAG(s) 'example_complex' retrieved from /home/airflow/.local/lib/python3.12/site-packages/airflow/example_dags/example_complex.py
[2024-12-29T00:13:54.744+0000] {logging_mixin.py:190} INFO - [2024-12-29T00:13:54.744+0000] {dag.py:3239} INFO - Sync 1 DAGs
[2024-12-29T00:13:54.764+0000] {logging_mixin.py:190} INFO - [2024-12-29T00:13:54.764+0000] {dag.py:4180} INFO - Setting next_dagrun for example_complex to None, run_after=None
[2024-12-29T00:13:54.798+0000] {processor.py:208} INFO - Processing /home/airflow/.local/lib/python3.12/site-packages/airflow/example_dags/example_complex.py took 0.128 seconds
[2024-12-29T00:14:25.558+0000] {processor.py:186} INFO - Started process (PID=1408) to work on /home/airflow/.local/lib/python3.12/site-packages/airflow/example_dags/example_complex.py
[2024-12-29T00:14:25.560+0000] {processor.py:914} INFO - Processing file /home/airflow/.local/lib/python3.12/site-packages/airflow/example_dags/example_complex.py for tasks to queue
[2024-12-29T00:14:25.563+0000] {logging_mixin.py:190} INFO - [2024-12-29T00:14:25.562+0000] {dagbag.py:588} INFO - Filling up the DagBag from /home/airflow/.local/lib/python3.12/site-packages/airflow/example_dags/example_complex.py
[2024-12-29T00:14:25.574+0000] {processor.py:925} INFO - DAG(s) 'example_complex' retrieved from /home/airflow/.local/lib/python3.12/site-packages/airflow/example_dags/example_complex.py
[2024-12-29T00:14:25.607+0000] {logging_mixin.py:190} INFO - [2024-12-29T00:14:25.606+0000] {dag.py:3239} INFO - Sync 1 DAGs
[2024-12-29T00:14:25.622+0000] {logging_mixin.py:190} INFO - [2024-12-29T00:14:25.622+0000] {dag.py:4180} INFO - Setting next_dagrun for example_complex to None, run_after=None
[2024-12-29T00:14:25.646+0000] {processor.py:208} INFO - Processing /home/airflow/.local/lib/python3.12/site-packages/airflow/example_dags/example_complex.py took 0.093 seconds
[2024-12-29T00:14:56.267+0000] {processor.py:186} INFO - Started process (PID=1473) to work on /home/airflow/.local/lib/python3.12/site-packages/airflow/example_dags/example_complex.py
[2024-12-29T00:14:56.269+0000] {processor.py:914} INFO - Processing file /home/airflow/.local/lib/python3.12/site-packages/airflow/example_dags/example_complex.py for tasks to queue
[2024-12-29T00:14:56.272+0000] {logging_mixin.py:190} INFO - [2024-12-29T00:14:56.272+0000] {dagbag.py:588} INFO - Filling up the DagBag from /home/airflow/.local/lib/python3.12/site-packages/airflow/example_dags/example_complex.py
[2024-12-29T00:14:56.283+0000] {processor.py:925} INFO - DAG(s) 'example_complex' retrieved from /home/airflow/.local/lib/python3.12/site-packages/airflow/example_dags/example_complex.py
[2024-12-29T00:14:56.316+0000] {logging_mixin.py:190} INFO - [2024-12-29T00:14:56.315+0000] {dag.py:3239} INFO - Sync 1 DAGs
[2024-12-29T00:14:56.330+0000] {logging_mixin.py:190} INFO - [2024-12-29T00:14:56.329+0000] {dag.py:4180} INFO - Setting next_dagrun for example_complex to None, run_after=None
[2024-12-29T00:14:56.356+0000] {processor.py:208} INFO - Processing /home/airflow/.local/lib/python3.12/site-packages/airflow/example_dags/example_complex.py took 0.093 seconds
[2024-12-29T00:15:26.551+0000] {processor.py:186} INFO - Started process (PID=1538) to work on /home/airflow/.local/lib/python3.12/site-packages/airflow/example_dags/example_complex.py
[2024-12-29T00:15:26.553+0000] {processor.py:914} INFO - Processing file /home/airflow/.local/lib/python3.12/site-packages/airflow/example_dags/example_complex.py for tasks to queue
[2024-12-29T00:15:26.555+0000] {logging_mixin.py:190} INFO - [2024-12-29T00:15:26.555+0000] {dagbag.py:588} INFO - Filling up the DagBag from /home/airflow/.local/lib/python3.12/site-packages/airflow/example_dags/example_complex.py
[2024-12-29T00:15:26.568+0000] {processor.py:925} INFO - DAG(s) 'example_complex' retrieved from /home/airflow/.local/lib/python3.12/site-packages/airflow/example_dags/example_complex.py
[2024-12-29T00:15:26.607+0000] {logging_mixin.py:190} INFO - [2024-12-29T00:15:26.606+0000] {dag.py:3239} INFO - Sync 1 DAGs
[2024-12-29T00:15:26.626+0000] {logging_mixin.py:190} INFO - [2024-12-29T00:15:26.626+0000] {dag.py:4180} INFO - Setting next_dagrun for example_complex to None, run_after=None
[2024-12-29T00:15:26.652+0000] {processor.py:208} INFO - Processing /home/airflow/.local/lib/python3.12/site-packages/airflow/example_dags/example_complex.py took 0.107 seconds
[2024-12-29T00:15:58.563+0000] {processor.py:186} INFO - Started process (PID=1603) to work on /home/airflow/.local/lib/python3.12/site-packages/airflow/example_dags/example_complex.py
[2024-12-29T00:15:58.565+0000] {processor.py:914} INFO - Processing file /home/airflow/.local/lib/python3.12/site-packages/airflow/example_dags/example_complex.py for tasks to queue
[2024-12-29T00:15:58.568+0000] {logging_mixin.py:190} INFO - [2024-12-29T00:15:58.567+0000] {dagbag.py:588} INFO - Filling up the DagBag from /home/airflow/.local/lib/python3.12/site-packages/airflow/example_dags/example_complex.py
[2024-12-29T00:15:58.583+0000] {processor.py:925} INFO - DAG(s) 'example_complex' retrieved from /home/airflow/.local/lib/python3.12/site-packages/airflow/example_dags/example_complex.py
[2024-12-29T00:15:58.626+0000] {logging_mixin.py:190} INFO - [2024-12-29T00:15:58.626+0000] {dag.py:3239} INFO - Sync 1 DAGs
[2024-12-29T00:15:58.647+0000] {logging_mixin.py:190} INFO - [2024-12-29T00:15:58.646+0000] {dag.py:4180} INFO - Setting next_dagrun for example_complex to None, run_after=None
[2024-12-29T00:15:58.675+0000] {processor.py:208} INFO - Processing /home/airflow/.local/lib/python3.12/site-packages/airflow/example_dags/example_complex.py took 0.119 seconds
[2024-12-29T00:16:30.453+0000] {processor.py:186} INFO - Started process (PID=1668) to work on /home/airflow/.local/lib/python3.12/site-packages/airflow/example_dags/example_complex.py
[2024-12-29T00:16:30.455+0000] {processor.py:914} INFO - Processing file /home/airflow/.local/lib/python3.12/site-packages/airflow/example_dags/example_complex.py for tasks to queue
[2024-12-29T00:16:30.458+0000] {logging_mixin.py:190} INFO - [2024-12-29T00:16:30.457+0000] {dagbag.py:588} INFO - Filling up the DagBag from /home/airflow/.local/lib/python3.12/site-packages/airflow/example_dags/example_complex.py
[2024-12-29T00:16:30.472+0000] {processor.py:925} INFO - DAG(s) 'example_complex' retrieved from /home/airflow/.local/lib/python3.12/site-packages/airflow/example_dags/example_complex.py
[2024-12-29T00:16:30.521+0000] {logging_mixin.py:190} INFO - [2024-12-29T00:16:30.521+0000] {dag.py:3239} INFO - Sync 1 DAGs
[2024-12-29T00:16:30.545+0000] {logging_mixin.py:190} INFO - [2024-12-29T00:16:30.544+0000] {dag.py:4180} INFO - Setting next_dagrun for example_complex to None, run_after=None
[2024-12-29T00:16:30.579+0000] {processor.py:208} INFO - Processing /home/airflow/.local/lib/python3.12/site-packages/airflow/example_dags/example_complex.py took 0.132 seconds
[2024-12-29T00:17:03.469+0000] {processor.py:186} INFO - Started process (PID=1736) to work on /home/airflow/.local/lib/python3.12/site-packages/airflow/example_dags/example_complex.py
[2024-12-29T00:17:03.470+0000] {processor.py:914} INFO - Processing file /home/airflow/.local/lib/python3.12/site-packages/airflow/example_dags/example_complex.py for tasks to queue
[2024-12-29T00:17:03.472+0000] {logging_mixin.py:190} INFO - [2024-12-29T00:17:03.472+0000] {dagbag.py:588} INFO - Filling up the DagBag from /home/airflow/.local/lib/python3.12/site-packages/airflow/example_dags/example_complex.py
[2024-12-29T00:17:03.486+0000] {processor.py:925} INFO - DAG(s) 'example_complex' retrieved from /home/airflow/.local/lib/python3.12/site-packages/airflow/example_dags/example_complex.py
[2024-12-29T00:17:03.525+0000] {logging_mixin.py:190} INFO - [2024-12-29T00:17:03.525+0000] {dag.py:3239} INFO - Sync 1 DAGs
[2024-12-29T00:17:03.540+0000] {logging_mixin.py:190} INFO - [2024-12-29T00:17:03.540+0000] {dag.py:4180} INFO - Setting next_dagrun for example_complex to None, run_after=None
[2024-12-29T00:17:03.566+0000] {processor.py:208} INFO - Processing /home/airflow/.local/lib/python3.12/site-packages/airflow/example_dags/example_complex.py took 0.103 seconds
[2024-12-29T00:20:00.252+0000] {processor.py:186} INFO - Started process (PID=116) to work on /home/airflow/.local/lib/python3.12/site-packages/airflow/example_dags/example_complex.py
[2024-12-29T00:20:00.254+0000] {processor.py:914} INFO - Processing file /home/airflow/.local/lib/python3.12/site-packages/airflow/example_dags/example_complex.py for tasks to queue
[2024-12-29T00:20:00.257+0000] {logging_mixin.py:190} INFO - [2024-12-29T00:20:00.256+0000] {dagbag.py:588} INFO - Filling up the DagBag from /home/airflow/.local/lib/python3.12/site-packages/airflow/example_dags/example_complex.py
[2024-12-29T00:20:00.270+0000] {processor.py:925} INFO - DAG(s) 'example_complex' retrieved from /home/airflow/.local/lib/python3.12/site-packages/airflow/example_dags/example_complex.py
[2024-12-29T00:20:00.311+0000] {logging_mixin.py:190} INFO - [2024-12-29T00:20:00.311+0000] {dag.py:3239} INFO - Sync 1 DAGs
[2024-12-29T00:20:00.330+0000] {logging_mixin.py:190} INFO - [2024-12-29T00:20:00.329+0000] {dag.py:4180} INFO - Setting next_dagrun for example_complex to None, run_after=None
[2024-12-29T00:20:00.358+0000] {processor.py:208} INFO - Processing /home/airflow/.local/lib/python3.12/site-packages/airflow/example_dags/example_complex.py took 0.114 seconds
[2024-12-29T00:20:32.606+0000] {processor.py:186} INFO - Started process (PID=181) to work on /home/airflow/.local/lib/python3.12/site-packages/airflow/example_dags/example_complex.py
[2024-12-29T00:20:32.607+0000] {processor.py:914} INFO - Processing file /home/airflow/.local/lib/python3.12/site-packages/airflow/example_dags/example_complex.py for tasks to queue
[2024-12-29T00:20:32.609+0000] {logging_mixin.py:190} INFO - [2024-12-29T00:20:32.609+0000] {dagbag.py:588} INFO - Filling up the DagBag from /home/airflow/.local/lib/python3.12/site-packages/airflow/example_dags/example_complex.py
[2024-12-29T00:20:32.620+0000] {processor.py:925} INFO - DAG(s) 'example_complex' retrieved from /home/airflow/.local/lib/python3.12/site-packages/airflow/example_dags/example_complex.py
[2024-12-29T00:20:32.653+0000] {logging_mixin.py:190} INFO - [2024-12-29T00:20:32.653+0000] {dag.py:3239} INFO - Sync 1 DAGs
[2024-12-29T00:20:32.669+0000] {logging_mixin.py:190} INFO - [2024-12-29T00:20:32.668+0000] {dag.py:4180} INFO - Setting next_dagrun for example_complex to None, run_after=None
[2024-12-29T00:20:32.693+0000] {processor.py:208} INFO - Processing /home/airflow/.local/lib/python3.12/site-packages/airflow/example_dags/example_complex.py took 0.093 seconds
[2024-12-29T00:21:04.862+0000] {processor.py:186} INFO - Started process (PID=246) to work on /home/airflow/.local/lib/python3.12/site-packages/airflow/example_dags/example_complex.py
[2024-12-29T00:21:04.864+0000] {processor.py:914} INFO - Processing file /home/airflow/.local/lib/python3.12/site-packages/airflow/example_dags/example_complex.py for tasks to queue
[2024-12-29T00:21:04.867+0000] {logging_mixin.py:190} INFO - [2024-12-29T00:21:04.866+0000] {dagbag.py:588} INFO - Filling up the DagBag from /home/airflow/.local/lib/python3.12/site-packages/airflow/example_dags/example_complex.py
[2024-12-29T00:21:04.881+0000] {processor.py:925} INFO - DAG(s) 'example_complex' retrieved from /home/airflow/.local/lib/python3.12/site-packages/airflow/example_dags/example_complex.py
[2024-12-29T00:21:04.925+0000] {logging_mixin.py:190} INFO - [2024-12-29T00:21:04.924+0000] {dag.py:3239} INFO - Sync 1 DAGs
[2024-12-29T00:21:04.944+0000] {logging_mixin.py:190} INFO - [2024-12-29T00:21:04.944+0000] {dag.py:4180} INFO - Setting next_dagrun for example_complex to None, run_after=None
[2024-12-29T00:21:04.974+0000] {processor.py:208} INFO - Processing /home/airflow/.local/lib/python3.12/site-packages/airflow/example_dags/example_complex.py took 0.119 seconds
[2024-12-29T00:21:36.171+0000] {processor.py:186} INFO - Started process (PID=311) to work on /home/airflow/.local/lib/python3.12/site-packages/airflow/example_dags/example_complex.py
[2024-12-29T00:21:36.173+0000] {processor.py:914} INFO - Processing file /home/airflow/.local/lib/python3.12/site-packages/airflow/example_dags/example_complex.py for tasks to queue
[2024-12-29T00:21:36.177+0000] {logging_mixin.py:190} INFO - [2024-12-29T00:21:36.176+0000] {dagbag.py:588} INFO - Filling up the DagBag from /home/airflow/.local/lib/python3.12/site-packages/airflow/example_dags/example_complex.py
[2024-12-29T00:21:36.195+0000] {processor.py:925} INFO - DAG(s) 'example_complex' retrieved from /home/airflow/.local/lib/python3.12/site-packages/airflow/example_dags/example_complex.py
[2024-12-29T00:21:36.241+0000] {logging_mixin.py:190} INFO - [2024-12-29T00:21:36.241+0000] {dag.py:3239} INFO - Sync 1 DAGs
[2024-12-29T00:21:36.260+0000] {logging_mixin.py:190} INFO - [2024-12-29T00:21:36.259+0000] {dag.py:4180} INFO - Setting next_dagrun for example_complex to None, run_after=None
[2024-12-29T00:21:36.291+0000] {processor.py:208} INFO - Processing /home/airflow/.local/lib/python3.12/site-packages/airflow/example_dags/example_complex.py took 0.127 seconds
[2024-12-29T00:22:07.658+0000] {processor.py:186} INFO - Started process (PID=376) to work on /home/airflow/.local/lib/python3.12/site-packages/airflow/example_dags/example_complex.py
[2024-12-29T00:22:07.660+0000] {processor.py:914} INFO - Processing file /home/airflow/.local/lib/python3.12/site-packages/airflow/example_dags/example_complex.py for tasks to queue
[2024-12-29T00:22:07.663+0000] {logging_mixin.py:190} INFO - [2024-12-29T00:22:07.662+0000] {dagbag.py:588} INFO - Filling up the DagBag from /home/airflow/.local/lib/python3.12/site-packages/airflow/example_dags/example_complex.py
[2024-12-29T00:22:07.678+0000] {processor.py:925} INFO - DAG(s) 'example_complex' retrieved from /home/airflow/.local/lib/python3.12/site-packages/airflow/example_dags/example_complex.py
[2024-12-29T00:22:07.720+0000] {logging_mixin.py:190} INFO - [2024-12-29T00:22:07.720+0000] {dag.py:3239} INFO - Sync 1 DAGs
[2024-12-29T00:22:07.740+0000] {logging_mixin.py:190} INFO - [2024-12-29T00:22:07.740+0000] {dag.py:4180} INFO - Setting next_dagrun for example_complex to None, run_after=None
[2024-12-29T00:22:07.779+0000] {processor.py:208} INFO - Processing /home/airflow/.local/lib/python3.12/site-packages/airflow/example_dags/example_complex.py took 0.128 seconds
[2024-12-29T00:22:38.737+0000] {processor.py:186} INFO - Started process (PID=441) to work on /home/airflow/.local/lib/python3.12/site-packages/airflow/example_dags/example_complex.py
[2024-12-29T00:22:38.739+0000] {processor.py:914} INFO - Processing file /home/airflow/.local/lib/python3.12/site-packages/airflow/example_dags/example_complex.py for tasks to queue
[2024-12-29T00:22:38.743+0000] {logging_mixin.py:190} INFO - [2024-12-29T00:22:38.742+0000] {dagbag.py:588} INFO - Filling up the DagBag from /home/airflow/.local/lib/python3.12/site-packages/airflow/example_dags/example_complex.py
[2024-12-29T00:22:38.763+0000] {processor.py:925} INFO - DAG(s) 'example_complex' retrieved from /home/airflow/.local/lib/python3.12/site-packages/airflow/example_dags/example_complex.py
[2024-12-29T00:22:38.810+0000] {logging_mixin.py:190} INFO - [2024-12-29T00:22:38.810+0000] {dag.py:3239} INFO - Sync 1 DAGs
[2024-12-29T00:22:38.829+0000] {logging_mixin.py:190} INFO - [2024-12-29T00:22:38.829+0000] {dag.py:4180} INFO - Setting next_dagrun for example_complex to None, run_after=None
[2024-12-29T00:22:38.856+0000] {processor.py:208} INFO - Processing /home/airflow/.local/lib/python3.12/site-packages/airflow/example_dags/example_complex.py took 0.126 seconds
[2024-12-29T00:23:11.621+0000] {processor.py:186} INFO - Started process (PID=512) to work on /home/airflow/.local/lib/python3.12/site-packages/airflow/example_dags/example_complex.py
[2024-12-29T00:23:11.622+0000] {processor.py:914} INFO - Processing file /home/airflow/.local/lib/python3.12/site-packages/airflow/example_dags/example_complex.py for tasks to queue
[2024-12-29T00:23:11.626+0000] {logging_mixin.py:190} INFO - [2024-12-29T00:23:11.625+0000] {dagbag.py:588} INFO - Filling up the DagBag from /home/airflow/.local/lib/python3.12/site-packages/airflow/example_dags/example_complex.py
[2024-12-29T00:23:11.638+0000] {processor.py:925} INFO - DAG(s) 'example_complex' retrieved from /home/airflow/.local/lib/python3.12/site-packages/airflow/example_dags/example_complex.py
[2024-12-29T00:23:11.678+0000] {logging_mixin.py:190} INFO - [2024-12-29T00:23:11.678+0000] {dag.py:3239} INFO - Sync 1 DAGs
[2024-12-29T00:23:11.695+0000] {logging_mixin.py:190} INFO - [2024-12-29T00:23:11.694+0000] {dag.py:4180} INFO - Setting next_dagrun for example_complex to None, run_after=None
[2024-12-29T00:23:11.723+0000] {processor.py:208} INFO - Processing /home/airflow/.local/lib/python3.12/site-packages/airflow/example_dags/example_complex.py took 0.108 seconds
[2024-12-29T00:23:43.110+0000] {processor.py:186} INFO - Started process (PID=578) to work on /home/airflow/.local/lib/python3.12/site-packages/airflow/example_dags/example_complex.py
[2024-12-29T00:23:43.112+0000] {processor.py:914} INFO - Processing file /home/airflow/.local/lib/python3.12/site-packages/airflow/example_dags/example_complex.py for tasks to queue
[2024-12-29T00:23:43.115+0000] {logging_mixin.py:190} INFO - [2024-12-29T00:23:43.114+0000] {dagbag.py:588} INFO - Filling up the DagBag from /home/airflow/.local/lib/python3.12/site-packages/airflow/example_dags/example_complex.py
[2024-12-29T00:23:43.127+0000] {processor.py:925} INFO - DAG(s) 'example_complex' retrieved from /home/airflow/.local/lib/python3.12/site-packages/airflow/example_dags/example_complex.py
[2024-12-29T00:23:43.163+0000] {logging_mixin.py:190} INFO - [2024-12-29T00:23:43.163+0000] {dag.py:3239} INFO - Sync 1 DAGs
[2024-12-29T00:23:43.179+0000] {logging_mixin.py:190} INFO - [2024-12-29T00:23:43.178+0000] {dag.py:4180} INFO - Setting next_dagrun for example_complex to None, run_after=None
[2024-12-29T00:23:43.206+0000] {processor.py:208} INFO - Processing /home/airflow/.local/lib/python3.12/site-packages/airflow/example_dags/example_complex.py took 0.102 seconds
[2024-12-29T00:24:14.263+0000] {processor.py:186} INFO - Started process (PID=643) to work on /home/airflow/.local/lib/python3.12/site-packages/airflow/example_dags/example_complex.py
[2024-12-29T00:24:14.265+0000] {processor.py:914} INFO - Processing file /home/airflow/.local/lib/python3.12/site-packages/airflow/example_dags/example_complex.py for tasks to queue
[2024-12-29T00:24:14.267+0000] {logging_mixin.py:190} INFO - [2024-12-29T00:24:14.267+0000] {dagbag.py:588} INFO - Filling up the DagBag from /home/airflow/.local/lib/python3.12/site-packages/airflow/example_dags/example_complex.py
[2024-12-29T00:24:14.278+0000] {processor.py:925} INFO - DAG(s) 'example_complex' retrieved from /home/airflow/.local/lib/python3.12/site-packages/airflow/example_dags/example_complex.py
[2024-12-29T00:24:14.311+0000] {logging_mixin.py:190} INFO - [2024-12-29T00:24:14.311+0000] {dag.py:3239} INFO - Sync 1 DAGs
[2024-12-29T00:24:14.327+0000] {logging_mixin.py:190} INFO - [2024-12-29T00:24:14.326+0000] {dag.py:4180} INFO - Setting next_dagrun for example_complex to None, run_after=None
[2024-12-29T00:24:14.351+0000] {processor.py:208} INFO - Processing /home/airflow/.local/lib/python3.12/site-packages/airflow/example_dags/example_complex.py took 0.094 seconds
[2024-12-29T00:24:45.319+0000] {processor.py:186} INFO - Started process (PID=708) to work on /home/airflow/.local/lib/python3.12/site-packages/airflow/example_dags/example_complex.py
[2024-12-29T00:24:45.321+0000] {processor.py:914} INFO - Processing file /home/airflow/.local/lib/python3.12/site-packages/airflow/example_dags/example_complex.py for tasks to queue
[2024-12-29T00:24:45.324+0000] {logging_mixin.py:190} INFO - [2024-12-29T00:24:45.323+0000] {dagbag.py:588} INFO - Filling up the DagBag from /home/airflow/.local/lib/python3.12/site-packages/airflow/example_dags/example_complex.py
[2024-12-29T00:24:45.339+0000] {processor.py:925} INFO - DAG(s) 'example_complex' retrieved from /home/airflow/.local/lib/python3.12/site-packages/airflow/example_dags/example_complex.py
[2024-12-29T00:24:45.381+0000] {logging_mixin.py:190} INFO - [2024-12-29T00:24:45.381+0000] {dag.py:3239} INFO - Sync 1 DAGs
[2024-12-29T00:24:45.401+0000] {logging_mixin.py:190} INFO - [2024-12-29T00:24:45.401+0000] {dag.py:4180} INFO - Setting next_dagrun for example_complex to None, run_after=None
[2024-12-29T00:24:45.432+0000] {processor.py:208} INFO - Processing /home/airflow/.local/lib/python3.12/site-packages/airflow/example_dags/example_complex.py took 0.121 seconds
[2024-12-29T00:25:16.698+0000] {processor.py:186} INFO - Started process (PID=773) to work on /home/airflow/.local/lib/python3.12/site-packages/airflow/example_dags/example_complex.py
[2024-12-29T00:25:16.700+0000] {processor.py:914} INFO - Processing file /home/airflow/.local/lib/python3.12/site-packages/airflow/example_dags/example_complex.py for tasks to queue
[2024-12-29T00:25:16.702+0000] {logging_mixin.py:190} INFO - [2024-12-29T00:25:16.702+0000] {dagbag.py:588} INFO - Filling up the DagBag from /home/airflow/.local/lib/python3.12/site-packages/airflow/example_dags/example_complex.py
[2024-12-29T00:25:16.714+0000] {processor.py:925} INFO - DAG(s) 'example_complex' retrieved from /home/airflow/.local/lib/python3.12/site-packages/airflow/example_dags/example_complex.py
[2024-12-29T00:25:16.749+0000] {logging_mixin.py:190} INFO - [2024-12-29T00:25:16.749+0000] {dag.py:3239} INFO - Sync 1 DAGs
[2024-12-29T00:25:16.765+0000] {logging_mixin.py:190} INFO - [2024-12-29T00:25:16.765+0000] {dag.py:4180} INFO - Setting next_dagrun for example_complex to None, run_after=None
[2024-12-29T00:25:16.794+0000] {processor.py:208} INFO - Processing /home/airflow/.local/lib/python3.12/site-packages/airflow/example_dags/example_complex.py took 0.101 seconds
[2024-12-29T00:25:47.994+0000] {processor.py:186} INFO - Started process (PID=838) to work on /home/airflow/.local/lib/python3.12/site-packages/airflow/example_dags/example_complex.py
[2024-12-29T00:25:47.996+0000] {processor.py:914} INFO - Processing file /home/airflow/.local/lib/python3.12/site-packages/airflow/example_dags/example_complex.py for tasks to queue
[2024-12-29T00:25:47.998+0000] {logging_mixin.py:190} INFO - [2024-12-29T00:25:47.998+0000] {dagbag.py:588} INFO - Filling up the DagBag from /home/airflow/.local/lib/python3.12/site-packages/airflow/example_dags/example_complex.py
[2024-12-29T00:25:48.011+0000] {processor.py:925} INFO - DAG(s) 'example_complex' retrieved from /home/airflow/.local/lib/python3.12/site-packages/airflow/example_dags/example_complex.py
[2024-12-29T00:25:48.048+0000] {logging_mixin.py:190} INFO - [2024-12-29T00:25:48.048+0000] {dag.py:3239} INFO - Sync 1 DAGs
[2024-12-29T00:25:48.066+0000] {logging_mixin.py:190} INFO - [2024-12-29T00:25:48.066+0000] {dag.py:4180} INFO - Setting next_dagrun for example_complex to None, run_after=None
[2024-12-29T00:25:48.095+0000] {processor.py:208} INFO - Processing /home/airflow/.local/lib/python3.12/site-packages/airflow/example_dags/example_complex.py took 0.107 seconds
[2024-12-29T00:26:19.176+0000] {processor.py:186} INFO - Started process (PID=903) to work on /home/airflow/.local/lib/python3.12/site-packages/airflow/example_dags/example_complex.py
[2024-12-29T00:26:19.178+0000] {processor.py:914} INFO - Processing file /home/airflow/.local/lib/python3.12/site-packages/airflow/example_dags/example_complex.py for tasks to queue
[2024-12-29T00:26:19.180+0000] {logging_mixin.py:190} INFO - [2024-12-29T00:26:19.180+0000] {dagbag.py:588} INFO - Filling up the DagBag from /home/airflow/.local/lib/python3.12/site-packages/airflow/example_dags/example_complex.py
[2024-12-29T00:26:19.193+0000] {processor.py:925} INFO - DAG(s) 'example_complex' retrieved from /home/airflow/.local/lib/python3.12/site-packages/airflow/example_dags/example_complex.py
[2024-12-29T00:26:19.231+0000] {logging_mixin.py:190} INFO - [2024-12-29T00:26:19.231+0000] {dag.py:3239} INFO - Sync 1 DAGs
[2024-12-29T00:26:19.247+0000] {logging_mixin.py:190} INFO - [2024-12-29T00:26:19.247+0000] {dag.py:4180} INFO - Setting next_dagrun for example_complex to None, run_after=None
[2024-12-29T00:26:19.276+0000] {processor.py:208} INFO - Processing /home/airflow/.local/lib/python3.12/site-packages/airflow/example_dags/example_complex.py took 0.105 seconds
[2024-12-29T00:26:50.364+0000] {processor.py:186} INFO - Started process (PID=968) to work on /home/airflow/.local/lib/python3.12/site-packages/airflow/example_dags/example_complex.py
[2024-12-29T00:26:50.366+0000] {processor.py:914} INFO - Processing file /home/airflow/.local/lib/python3.12/site-packages/airflow/example_dags/example_complex.py for tasks to queue
[2024-12-29T00:26:50.370+0000] {logging_mixin.py:190} INFO - [2024-12-29T00:26:50.369+0000] {dagbag.py:588} INFO - Filling up the DagBag from /home/airflow/.local/lib/python3.12/site-packages/airflow/example_dags/example_complex.py
[2024-12-29T00:26:50.385+0000] {processor.py:925} INFO - DAG(s) 'example_complex' retrieved from /home/airflow/.local/lib/python3.12/site-packages/airflow/example_dags/example_complex.py
[2024-12-29T00:26:50.424+0000] {logging_mixin.py:190} INFO - [2024-12-29T00:26:50.424+0000] {dag.py:3239} INFO - Sync 1 DAGs
[2024-12-29T00:26:50.442+0000] {logging_mixin.py:190} INFO - [2024-12-29T00:26:50.442+0000] {dag.py:4180} INFO - Setting next_dagrun for example_complex to None, run_after=None
[2024-12-29T00:26:50.470+0000] {processor.py:208} INFO - Processing /home/airflow/.local/lib/python3.12/site-packages/airflow/example_dags/example_complex.py took 0.114 seconds
[2024-12-29T00:27:22.155+0000] {processor.py:186} INFO - Started process (PID=1033) to work on /home/airflow/.local/lib/python3.12/site-packages/airflow/example_dags/example_complex.py
[2024-12-29T00:27:22.158+0000] {processor.py:914} INFO - Processing file /home/airflow/.local/lib/python3.12/site-packages/airflow/example_dags/example_complex.py for tasks to queue
[2024-12-29T00:27:22.161+0000] {logging_mixin.py:190} INFO - [2024-12-29T00:27:22.160+0000] {dagbag.py:588} INFO - Filling up the DagBag from /home/airflow/.local/lib/python3.12/site-packages/airflow/example_dags/example_complex.py
[2024-12-29T00:27:22.176+0000] {processor.py:925} INFO - DAG(s) 'example_complex' retrieved from /home/airflow/.local/lib/python3.12/site-packages/airflow/example_dags/example_complex.py
[2024-12-29T00:27:22.219+0000] {logging_mixin.py:190} INFO - [2024-12-29T00:27:22.218+0000] {dag.py:3239} INFO - Sync 1 DAGs
[2024-12-29T00:27:22.239+0000] {logging_mixin.py:190} INFO - [2024-12-29T00:27:22.239+0000] {dag.py:4180} INFO - Setting next_dagrun for example_complex to None, run_after=None
[2024-12-29T00:27:22.269+0000] {processor.py:208} INFO - Processing /home/airflow/.local/lib/python3.12/site-packages/airflow/example_dags/example_complex.py took 0.121 seconds
[2024-12-29T00:27:52.889+0000] {processor.py:186} INFO - Started process (PID=1098) to work on /home/airflow/.local/lib/python3.12/site-packages/airflow/example_dags/example_complex.py
[2024-12-29T00:27:52.891+0000] {processor.py:914} INFO - Processing file /home/airflow/.local/lib/python3.12/site-packages/airflow/example_dags/example_complex.py for tasks to queue
[2024-12-29T00:27:52.893+0000] {logging_mixin.py:190} INFO - [2024-12-29T00:27:52.893+0000] {dagbag.py:588} INFO - Filling up the DagBag from /home/airflow/.local/lib/python3.12/site-packages/airflow/example_dags/example_complex.py
[2024-12-29T00:27:52.907+0000] {processor.py:925} INFO - DAG(s) 'example_complex' retrieved from /home/airflow/.local/lib/python3.12/site-packages/airflow/example_dags/example_complex.py
[2024-12-29T00:27:52.948+0000] {logging_mixin.py:190} INFO - [2024-12-29T00:27:52.947+0000] {dag.py:3239} INFO - Sync 1 DAGs
[2024-12-29T00:27:52.965+0000] {logging_mixin.py:190} INFO - [2024-12-29T00:27:52.965+0000] {dag.py:4180} INFO - Setting next_dagrun for example_complex to None, run_after=None
[2024-12-29T00:27:52.995+0000] {processor.py:208} INFO - Processing /home/airflow/.local/lib/python3.12/site-packages/airflow/example_dags/example_complex.py took 0.113 seconds
[2024-12-29T00:28:24.079+0000] {processor.py:186} INFO - Started process (PID=1164) to work on /home/airflow/.local/lib/python3.12/site-packages/airflow/example_dags/example_complex.py
[2024-12-29T00:28:24.080+0000] {processor.py:914} INFO - Processing file /home/airflow/.local/lib/python3.12/site-packages/airflow/example_dags/example_complex.py for tasks to queue
[2024-12-29T00:28:24.083+0000] {logging_mixin.py:190} INFO - [2024-12-29T00:28:24.082+0000] {dagbag.py:588} INFO - Filling up the DagBag from /home/airflow/.local/lib/python3.12/site-packages/airflow/example_dags/example_complex.py
[2024-12-29T00:28:24.093+0000] {processor.py:925} INFO - DAG(s) 'example_complex' retrieved from /home/airflow/.local/lib/python3.12/site-packages/airflow/example_dags/example_complex.py
[2024-12-29T00:28:24.127+0000] {logging_mixin.py:190} INFO - [2024-12-29T00:28:24.127+0000] {dag.py:3239} INFO - Sync 1 DAGs
[2024-12-29T00:28:24.142+0000] {logging_mixin.py:190} INFO - [2024-12-29T00:28:24.142+0000] {dag.py:4180} INFO - Setting next_dagrun for example_complex to None, run_after=None
[2024-12-29T00:28:24.169+0000] {processor.py:208} INFO - Processing /home/airflow/.local/lib/python3.12/site-packages/airflow/example_dags/example_complex.py took 0.096 seconds
[2024-12-29T00:28:55.374+0000] {processor.py:186} INFO - Started process (PID=1229) to work on /home/airflow/.local/lib/python3.12/site-packages/airflow/example_dags/example_complex.py
[2024-12-29T00:28:55.377+0000] {processor.py:914} INFO - Processing file /home/airflow/.local/lib/python3.12/site-packages/airflow/example_dags/example_complex.py for tasks to queue
[2024-12-29T00:28:55.379+0000] {logging_mixin.py:190} INFO - [2024-12-29T00:28:55.378+0000] {dagbag.py:588} INFO - Filling up the DagBag from /home/airflow/.local/lib/python3.12/site-packages/airflow/example_dags/example_complex.py
[2024-12-29T00:28:55.389+0000] {processor.py:925} INFO - DAG(s) 'example_complex' retrieved from /home/airflow/.local/lib/python3.12/site-packages/airflow/example_dags/example_complex.py
[2024-12-29T00:28:55.422+0000] {logging_mixin.py:190} INFO - [2024-12-29T00:28:55.422+0000] {dag.py:3239} INFO - Sync 1 DAGs
[2024-12-29T00:28:55.439+0000] {logging_mixin.py:190} INFO - [2024-12-29T00:28:55.438+0000] {dag.py:4180} INFO - Setting next_dagrun for example_complex to None, run_after=None
[2024-12-29T00:28:55.467+0000] {processor.py:208} INFO - Processing /home/airflow/.local/lib/python3.12/site-packages/airflow/example_dags/example_complex.py took 0.098 seconds
[2024-12-29T00:29:26.881+0000] {processor.py:186} INFO - Started process (PID=1294) to work on /home/airflow/.local/lib/python3.12/site-packages/airflow/example_dags/example_complex.py
[2024-12-29T00:29:26.883+0000] {processor.py:914} INFO - Processing file /home/airflow/.local/lib/python3.12/site-packages/airflow/example_dags/example_complex.py for tasks to queue
[2024-12-29T00:29:26.886+0000] {logging_mixin.py:190} INFO - [2024-12-29T00:29:26.885+0000] {dagbag.py:588} INFO - Filling up the DagBag from /home/airflow/.local/lib/python3.12/site-packages/airflow/example_dags/example_complex.py
[2024-12-29T00:29:26.901+0000] {processor.py:925} INFO - DAG(s) 'example_complex' retrieved from /home/airflow/.local/lib/python3.12/site-packages/airflow/example_dags/example_complex.py
[2024-12-29T00:29:26.944+0000] {logging_mixin.py:190} INFO - [2024-12-29T00:29:26.943+0000] {dag.py:3239} INFO - Sync 1 DAGs
[2024-12-29T00:29:26.962+0000] {logging_mixin.py:190} INFO - [2024-12-29T00:29:26.962+0000] {dag.py:4180} INFO - Setting next_dagrun for example_complex to None, run_after=None
[2024-12-29T00:29:26.989+0000] {processor.py:208} INFO - Processing /home/airflow/.local/lib/python3.12/site-packages/airflow/example_dags/example_complex.py took 0.116 seconds
[2024-12-29T00:29:57.882+0000] {processor.py:186} INFO - Started process (PID=1359) to work on /home/airflow/.local/lib/python3.12/site-packages/airflow/example_dags/example_complex.py
[2024-12-29T00:29:57.883+0000] {processor.py:914} INFO - Processing file /home/airflow/.local/lib/python3.12/site-packages/airflow/example_dags/example_complex.py for tasks to queue
[2024-12-29T00:29:57.885+0000] {logging_mixin.py:190} INFO - [2024-12-29T00:29:57.885+0000] {dagbag.py:588} INFO - Filling up the DagBag from /home/airflow/.local/lib/python3.12/site-packages/airflow/example_dags/example_complex.py
[2024-12-29T00:29:57.896+0000] {processor.py:925} INFO - DAG(s) 'example_complex' retrieved from /home/airflow/.local/lib/python3.12/site-packages/airflow/example_dags/example_complex.py
[2024-12-29T00:29:57.930+0000] {logging_mixin.py:190} INFO - [2024-12-29T00:29:57.930+0000] {dag.py:3239} INFO - Sync 1 DAGs
[2024-12-29T00:29:57.945+0000] {logging_mixin.py:190} INFO - [2024-12-29T00:29:57.944+0000] {dag.py:4180} INFO - Setting next_dagrun for example_complex to None, run_after=None
[2024-12-29T00:29:57.969+0000] {processor.py:208} INFO - Processing /home/airflow/.local/lib/python3.12/site-packages/airflow/example_dags/example_complex.py took 0.093 seconds
[2024-12-29T00:30:28.592+0000] {processor.py:186} INFO - Started process (PID=1424) to work on /home/airflow/.local/lib/python3.12/site-packages/airflow/example_dags/example_complex.py
[2024-12-29T00:30:28.594+0000] {processor.py:914} INFO - Processing file /home/airflow/.local/lib/python3.12/site-packages/airflow/example_dags/example_complex.py for tasks to queue
[2024-12-29T00:30:28.596+0000] {logging_mixin.py:190} INFO - [2024-12-29T00:30:28.596+0000] {dagbag.py:588} INFO - Filling up the DagBag from /home/airflow/.local/lib/python3.12/site-packages/airflow/example_dags/example_complex.py
[2024-12-29T00:30:28.608+0000] {processor.py:925} INFO - DAG(s) 'example_complex' retrieved from /home/airflow/.local/lib/python3.12/site-packages/airflow/example_dags/example_complex.py
[2024-12-29T00:30:28.644+0000] {logging_mixin.py:190} INFO - [2024-12-29T00:30:28.644+0000] {dag.py:3239} INFO - Sync 1 DAGs
[2024-12-29T00:30:28.661+0000] {logging_mixin.py:190} INFO - [2024-12-29T00:30:28.660+0000] {dag.py:4180} INFO - Setting next_dagrun for example_complex to None, run_after=None
[2024-12-29T00:30:28.686+0000] {processor.py:208} INFO - Processing /home/airflow/.local/lib/python3.12/site-packages/airflow/example_dags/example_complex.py took 0.099 seconds
[2024-12-29T00:31:00.086+0000] {processor.py:186} INFO - Started process (PID=1489) to work on /home/airflow/.local/lib/python3.12/site-packages/airflow/example_dags/example_complex.py
[2024-12-29T00:31:00.090+0000] {processor.py:914} INFO - Processing file /home/airflow/.local/lib/python3.12/site-packages/airflow/example_dags/example_complex.py for tasks to queue
[2024-12-29T00:31:00.095+0000] {logging_mixin.py:190} INFO - [2024-12-29T00:31:00.094+0000] {dagbag.py:588} INFO - Filling up the DagBag from /home/airflow/.local/lib/python3.12/site-packages/airflow/example_dags/example_complex.py
[2024-12-29T00:31:00.116+0000] {processor.py:925} INFO - DAG(s) 'example_complex' retrieved from /home/airflow/.local/lib/python3.12/site-packages/airflow/example_dags/example_complex.py
[2024-12-29T00:31:00.169+0000] {logging_mixin.py:190} INFO - [2024-12-29T00:31:00.169+0000] {dag.py:3239} INFO - Sync 1 DAGs
[2024-12-29T00:31:00.198+0000] {logging_mixin.py:190} INFO - [2024-12-29T00:31:00.198+0000] {dag.py:4180} INFO - Setting next_dagrun for example_complex to None, run_after=None
[2024-12-29T00:31:00.233+0000] {processor.py:208} INFO - Processing /home/airflow/.local/lib/python3.12/site-packages/airflow/example_dags/example_complex.py took 0.159 seconds
[2024-12-29T00:31:31.598+0000] {processor.py:186} INFO - Started process (PID=1555) to work on /home/airflow/.local/lib/python3.12/site-packages/airflow/example_dags/example_complex.py
[2024-12-29T00:31:31.600+0000] {processor.py:914} INFO - Processing file /home/airflow/.local/lib/python3.12/site-packages/airflow/example_dags/example_complex.py for tasks to queue
[2024-12-29T00:31:31.603+0000] {logging_mixin.py:190} INFO - [2024-12-29T00:31:31.602+0000] {dagbag.py:588} INFO - Filling up the DagBag from /home/airflow/.local/lib/python3.12/site-packages/airflow/example_dags/example_complex.py
[2024-12-29T00:31:31.617+0000] {processor.py:925} INFO - DAG(s) 'example_complex' retrieved from /home/airflow/.local/lib/python3.12/site-packages/airflow/example_dags/example_complex.py
[2024-12-29T00:31:31.660+0000] {logging_mixin.py:190} INFO - [2024-12-29T00:31:31.660+0000] {dag.py:3239} INFO - Sync 1 DAGs
[2024-12-29T00:31:31.680+0000] {logging_mixin.py:190} INFO - [2024-12-29T00:31:31.680+0000] {dag.py:4180} INFO - Setting next_dagrun for example_complex to None, run_after=None
[2024-12-29T00:31:31.715+0000] {processor.py:208} INFO - Processing /home/airflow/.local/lib/python3.12/site-packages/airflow/example_dags/example_complex.py took 0.125 seconds
[2024-12-29T00:32:02.742+0000] {processor.py:186} INFO - Started process (PID=1620) to work on /home/airflow/.local/lib/python3.12/site-packages/airflow/example_dags/example_complex.py
[2024-12-29T00:32:02.744+0000] {processor.py:914} INFO - Processing file /home/airflow/.local/lib/python3.12/site-packages/airflow/example_dags/example_complex.py for tasks to queue
[2024-12-29T00:32:02.747+0000] {logging_mixin.py:190} INFO - [2024-12-29T00:32:02.747+0000] {dagbag.py:588} INFO - Filling up the DagBag from /home/airflow/.local/lib/python3.12/site-packages/airflow/example_dags/example_complex.py
[2024-12-29T00:32:02.760+0000] {processor.py:925} INFO - DAG(s) 'example_complex' retrieved from /home/airflow/.local/lib/python3.12/site-packages/airflow/example_dags/example_complex.py
[2024-12-29T00:32:02.796+0000] {logging_mixin.py:190} INFO - [2024-12-29T00:32:02.796+0000] {dag.py:3239} INFO - Sync 1 DAGs
[2024-12-29T00:32:02.813+0000] {logging_mixin.py:190} INFO - [2024-12-29T00:32:02.813+0000] {dag.py:4180} INFO - Setting next_dagrun for example_complex to None, run_after=None
[2024-12-29T00:32:02.846+0000] {processor.py:208} INFO - Processing /home/airflow/.local/lib/python3.12/site-packages/airflow/example_dags/example_complex.py took 0.111 seconds
[2024-12-29T00:32:34.621+0000] {processor.py:186} INFO - Started process (PID=1688) to work on /home/airflow/.local/lib/python3.12/site-packages/airflow/example_dags/example_complex.py
[2024-12-29T00:32:34.622+0000] {processor.py:914} INFO - Processing file /home/airflow/.local/lib/python3.12/site-packages/airflow/example_dags/example_complex.py for tasks to queue
[2024-12-29T00:32:34.625+0000] {logging_mixin.py:190} INFO - [2024-12-29T00:32:34.625+0000] {dagbag.py:588} INFO - Filling up the DagBag from /home/airflow/.local/lib/python3.12/site-packages/airflow/example_dags/example_complex.py
[2024-12-29T00:32:34.641+0000] {processor.py:925} INFO - DAG(s) 'example_complex' retrieved from /home/airflow/.local/lib/python3.12/site-packages/airflow/example_dags/example_complex.py
[2024-12-29T00:32:34.687+0000] {logging_mixin.py:190} INFO - [2024-12-29T00:32:34.687+0000] {dag.py:3239} INFO - Sync 1 DAGs
[2024-12-29T00:32:34.708+0000] {logging_mixin.py:190} INFO - [2024-12-29T00:32:34.707+0000] {dag.py:4180} INFO - Setting next_dagrun for example_complex to None, run_after=None
[2024-12-29T00:32:34.737+0000] {processor.py:208} INFO - Processing /home/airflow/.local/lib/python3.12/site-packages/airflow/example_dags/example_complex.py took 0.126 seconds
[2024-12-29T00:33:06.121+0000] {processor.py:186} INFO - Started process (PID=1759) to work on /home/airflow/.local/lib/python3.12/site-packages/airflow/example_dags/example_complex.py
[2024-12-29T00:33:06.124+0000] {processor.py:914} INFO - Processing file /home/airflow/.local/lib/python3.12/site-packages/airflow/example_dags/example_complex.py for tasks to queue
[2024-12-29T00:33:06.127+0000] {logging_mixin.py:190} INFO - [2024-12-29T00:33:06.126+0000] {dagbag.py:588} INFO - Filling up the DagBag from /home/airflow/.local/lib/python3.12/site-packages/airflow/example_dags/example_complex.py
[2024-12-29T00:33:06.138+0000] {processor.py:925} INFO - DAG(s) 'example_complex' retrieved from /home/airflow/.local/lib/python3.12/site-packages/airflow/example_dags/example_complex.py
[2024-12-29T00:33:06.175+0000] {logging_mixin.py:190} INFO - [2024-12-29T00:33:06.174+0000] {dag.py:3239} INFO - Sync 1 DAGs
[2024-12-29T00:33:06.194+0000] {logging_mixin.py:190} INFO - [2024-12-29T00:33:06.194+0000] {dag.py:4180} INFO - Setting next_dagrun for example_complex to None, run_after=None
[2024-12-29T00:33:06.222+0000] {processor.py:208} INFO - Processing /home/airflow/.local/lib/python3.12/site-packages/airflow/example_dags/example_complex.py took 0.106 seconds
[2024-12-29T00:33:37.800+0000] {processor.py:186} INFO - Started process (PID=1824) to work on /home/airflow/.local/lib/python3.12/site-packages/airflow/example_dags/example_complex.py
[2024-12-29T00:33:37.802+0000] {processor.py:914} INFO - Processing file /home/airflow/.local/lib/python3.12/site-packages/airflow/example_dags/example_complex.py for tasks to queue
[2024-12-29T00:33:37.805+0000] {logging_mixin.py:190} INFO - [2024-12-29T00:33:37.805+0000] {dagbag.py:588} INFO - Filling up the DagBag from /home/airflow/.local/lib/python3.12/site-packages/airflow/example_dags/example_complex.py
[2024-12-29T00:33:37.816+0000] {processor.py:925} INFO - DAG(s) 'example_complex' retrieved from /home/airflow/.local/lib/python3.12/site-packages/airflow/example_dags/example_complex.py
[2024-12-29T00:33:37.854+0000] {logging_mixin.py:190} INFO - [2024-12-29T00:33:37.853+0000] {dag.py:3239} INFO - Sync 1 DAGs
[2024-12-29T00:33:37.871+0000] {logging_mixin.py:190} INFO - [2024-12-29T00:33:37.870+0000] {dag.py:4180} INFO - Setting next_dagrun for example_complex to None, run_after=None
[2024-12-29T00:33:37.898+0000] {processor.py:208} INFO - Processing /home/airflow/.local/lib/python3.12/site-packages/airflow/example_dags/example_complex.py took 0.104 seconds
[2024-12-29T00:34:08.480+0000] {processor.py:186} INFO - Started process (PID=1889) to work on /home/airflow/.local/lib/python3.12/site-packages/airflow/example_dags/example_complex.py
[2024-12-29T00:34:08.485+0000] {processor.py:914} INFO - Processing file /home/airflow/.local/lib/python3.12/site-packages/airflow/example_dags/example_complex.py for tasks to queue
[2024-12-29T00:34:08.488+0000] {logging_mixin.py:190} INFO - [2024-12-29T00:34:08.487+0000] {dagbag.py:588} INFO - Filling up the DagBag from /home/airflow/.local/lib/python3.12/site-packages/airflow/example_dags/example_complex.py
[2024-12-29T00:34:08.502+0000] {processor.py:925} INFO - DAG(s) 'example_complex' retrieved from /home/airflow/.local/lib/python3.12/site-packages/airflow/example_dags/example_complex.py
[2024-12-29T00:34:08.546+0000] {logging_mixin.py:190} INFO - [2024-12-29T00:34:08.546+0000] {dag.py:3239} INFO - Sync 1 DAGs
[2024-12-29T00:34:08.565+0000] {logging_mixin.py:190} INFO - [2024-12-29T00:34:08.565+0000] {dag.py:4180} INFO - Setting next_dagrun for example_complex to None, run_after=None
[2024-12-29T00:34:08.597+0000] {processor.py:208} INFO - Processing /home/airflow/.local/lib/python3.12/site-packages/airflow/example_dags/example_complex.py took 0.124 seconds
[2024-12-29T00:34:38.645+0000] {processor.py:186} INFO - Started process (PID=1953) to work on /home/airflow/.local/lib/python3.12/site-packages/airflow/example_dags/example_complex.py
[2024-12-29T00:34:38.647+0000] {processor.py:914} INFO - Processing file /home/airflow/.local/lib/python3.12/site-packages/airflow/example_dags/example_complex.py for tasks to queue
[2024-12-29T00:34:38.650+0000] {logging_mixin.py:190} INFO - [2024-12-29T00:34:38.649+0000] {dagbag.py:588} INFO - Filling up the DagBag from /home/airflow/.local/lib/python3.12/site-packages/airflow/example_dags/example_complex.py
[2024-12-29T00:34:38.668+0000] {processor.py:925} INFO - DAG(s) 'example_complex' retrieved from /home/airflow/.local/lib/python3.12/site-packages/airflow/example_dags/example_complex.py
[2024-12-29T00:34:38.716+0000] {logging_mixin.py:190} INFO - [2024-12-29T00:34:38.715+0000] {dag.py:3239} INFO - Sync 1 DAGs
[2024-12-29T00:34:38.738+0000] {logging_mixin.py:190} INFO - [2024-12-29T00:34:38.737+0000] {dag.py:4180} INFO - Setting next_dagrun for example_complex to None, run_after=None
[2024-12-29T00:34:38.772+0000] {processor.py:208} INFO - Processing /home/airflow/.local/lib/python3.12/site-packages/airflow/example_dags/example_complex.py took 0.136 seconds
[2024-12-29T00:35:09.748+0000] {processor.py:186} INFO - Started process (PID=2019) to work on /home/airflow/.local/lib/python3.12/site-packages/airflow/example_dags/example_complex.py
[2024-12-29T00:35:09.749+0000] {processor.py:914} INFO - Processing file /home/airflow/.local/lib/python3.12/site-packages/airflow/example_dags/example_complex.py for tasks to queue
[2024-12-29T00:35:09.752+0000] {logging_mixin.py:190} INFO - [2024-12-29T00:35:09.751+0000] {dagbag.py:588} INFO - Filling up the DagBag from /home/airflow/.local/lib/python3.12/site-packages/airflow/example_dags/example_complex.py
[2024-12-29T00:35:09.764+0000] {processor.py:925} INFO - DAG(s) 'example_complex' retrieved from /home/airflow/.local/lib/python3.12/site-packages/airflow/example_dags/example_complex.py
[2024-12-29T00:35:09.799+0000] {logging_mixin.py:190} INFO - [2024-12-29T00:35:09.799+0000] {dag.py:3239} INFO - Sync 1 DAGs
[2024-12-29T00:35:09.815+0000] {logging_mixin.py:190} INFO - [2024-12-29T00:35:09.814+0000] {dag.py:4180} INFO - Setting next_dagrun for example_complex to None, run_after=None
[2024-12-29T00:35:09.840+0000] {processor.py:208} INFO - Processing /home/airflow/.local/lib/python3.12/site-packages/airflow/example_dags/example_complex.py took 0.099 seconds
[2024-12-29T00:35:40.940+0000] {processor.py:186} INFO - Started process (PID=2090) to work on /home/airflow/.local/lib/python3.12/site-packages/airflow/example_dags/example_complex.py
[2024-12-29T00:35:40.941+0000] {processor.py:914} INFO - Processing file /home/airflow/.local/lib/python3.12/site-packages/airflow/example_dags/example_complex.py for tasks to queue
[2024-12-29T00:35:40.944+0000] {logging_mixin.py:190} INFO - [2024-12-29T00:35:40.944+0000] {dagbag.py:588} INFO - Filling up the DagBag from /home/airflow/.local/lib/python3.12/site-packages/airflow/example_dags/example_complex.py
[2024-12-29T00:35:40.956+0000] {processor.py:925} INFO - DAG(s) 'example_complex' retrieved from /home/airflow/.local/lib/python3.12/site-packages/airflow/example_dags/example_complex.py
[2024-12-29T00:35:40.990+0000] {logging_mixin.py:190} INFO - [2024-12-29T00:35:40.990+0000] {dag.py:3239} INFO - Sync 1 DAGs
[2024-12-29T00:35:41.006+0000] {logging_mixin.py:190} INFO - [2024-12-29T00:35:41.006+0000] {dag.py:4180} INFO - Setting next_dagrun for example_complex to None, run_after=None
[2024-12-29T00:35:41.032+0000] {processor.py:208} INFO - Processing /home/airflow/.local/lib/python3.12/site-packages/airflow/example_dags/example_complex.py took 0.098 seconds
[2024-12-29T00:36:11.726+0000] {processor.py:186} INFO - Started process (PID=2155) to work on /home/airflow/.local/lib/python3.12/site-packages/airflow/example_dags/example_complex.py
[2024-12-29T00:36:11.729+0000] {processor.py:914} INFO - Processing file /home/airflow/.local/lib/python3.12/site-packages/airflow/example_dags/example_complex.py for tasks to queue
[2024-12-29T00:36:11.732+0000] {logging_mixin.py:190} INFO - [2024-12-29T00:36:11.732+0000] {dagbag.py:588} INFO - Filling up the DagBag from /home/airflow/.local/lib/python3.12/site-packages/airflow/example_dags/example_complex.py
[2024-12-29T00:36:11.747+0000] {processor.py:925} INFO - DAG(s) 'example_complex' retrieved from /home/airflow/.local/lib/python3.12/site-packages/airflow/example_dags/example_complex.py
[2024-12-29T00:36:11.789+0000] {logging_mixin.py:190} INFO - [2024-12-29T00:36:11.789+0000] {dag.py:3239} INFO - Sync 1 DAGs
[2024-12-29T00:36:11.809+0000] {logging_mixin.py:190} INFO - [2024-12-29T00:36:11.808+0000] {dag.py:4180} INFO - Setting next_dagrun for example_complex to None, run_after=None
[2024-12-29T00:36:11.838+0000] {processor.py:208} INFO - Processing /home/airflow/.local/lib/python3.12/site-packages/airflow/example_dags/example_complex.py took 0.120 seconds
[2024-12-29T00:36:43.085+0000] {processor.py:186} INFO - Started process (PID=2221) to work on /home/airflow/.local/lib/python3.12/site-packages/airflow/example_dags/example_complex.py
[2024-12-29T00:36:43.087+0000] {processor.py:914} INFO - Processing file /home/airflow/.local/lib/python3.12/site-packages/airflow/example_dags/example_complex.py for tasks to queue
[2024-12-29T00:36:43.089+0000] {logging_mixin.py:190} INFO - [2024-12-29T00:36:43.089+0000] {dagbag.py:588} INFO - Filling up the DagBag from /home/airflow/.local/lib/python3.12/site-packages/airflow/example_dags/example_complex.py
[2024-12-29T00:36:43.100+0000] {processor.py:925} INFO - DAG(s) 'example_complex' retrieved from /home/airflow/.local/lib/python3.12/site-packages/airflow/example_dags/example_complex.py
[2024-12-29T00:36:43.133+0000] {logging_mixin.py:190} INFO - [2024-12-29T00:36:43.132+0000] {dag.py:3239} INFO - Sync 1 DAGs
[2024-12-29T00:36:43.148+0000] {logging_mixin.py:190} INFO - [2024-12-29T00:36:43.148+0000] {dag.py:4180} INFO - Setting next_dagrun for example_complex to None, run_after=None
[2024-12-29T00:36:43.174+0000] {processor.py:208} INFO - Processing /home/airflow/.local/lib/python3.12/site-packages/airflow/example_dags/example_complex.py took 0.095 seconds
[2024-12-29T00:37:14.425+0000] {processor.py:186} INFO - Started process (PID=2286) to work on /home/airflow/.local/lib/python3.12/site-packages/airflow/example_dags/example_complex.py
[2024-12-29T00:37:14.427+0000] {processor.py:914} INFO - Processing file /home/airflow/.local/lib/python3.12/site-packages/airflow/example_dags/example_complex.py for tasks to queue
[2024-12-29T00:37:14.430+0000] {logging_mixin.py:190} INFO - [2024-12-29T00:37:14.430+0000] {dagbag.py:588} INFO - Filling up the DagBag from /home/airflow/.local/lib/python3.12/site-packages/airflow/example_dags/example_complex.py
[2024-12-29T00:37:14.445+0000] {processor.py:925} INFO - DAG(s) 'example_complex' retrieved from /home/airflow/.local/lib/python3.12/site-packages/airflow/example_dags/example_complex.py
[2024-12-29T00:37:14.487+0000] {logging_mixin.py:190} INFO - [2024-12-29T00:37:14.487+0000] {dag.py:3239} INFO - Sync 1 DAGs
[2024-12-29T00:37:14.508+0000] {logging_mixin.py:190} INFO - [2024-12-29T00:37:14.508+0000] {dag.py:4180} INFO - Setting next_dagrun for example_complex to None, run_after=None
[2024-12-29T00:37:14.539+0000] {processor.py:208} INFO - Processing /home/airflow/.local/lib/python3.12/site-packages/airflow/example_dags/example_complex.py took 0.122 seconds
[2024-12-29T00:37:45.577+0000] {processor.py:186} INFO - Started process (PID=2351) to work on /home/airflow/.local/lib/python3.12/site-packages/airflow/example_dags/example_complex.py
[2024-12-29T00:37:45.579+0000] {processor.py:914} INFO - Processing file /home/airflow/.local/lib/python3.12/site-packages/airflow/example_dags/example_complex.py for tasks to queue
[2024-12-29T00:37:45.581+0000] {logging_mixin.py:190} INFO - [2024-12-29T00:37:45.581+0000] {dagbag.py:588} INFO - Filling up the DagBag from /home/airflow/.local/lib/python3.12/site-packages/airflow/example_dags/example_complex.py
[2024-12-29T00:37:45.592+0000] {processor.py:925} INFO - DAG(s) 'example_complex' retrieved from /home/airflow/.local/lib/python3.12/site-packages/airflow/example_dags/example_complex.py
[2024-12-29T00:37:45.625+0000] {logging_mixin.py:190} INFO - [2024-12-29T00:37:45.624+0000] {dag.py:3239} INFO - Sync 1 DAGs
[2024-12-29T00:37:45.639+0000] {logging_mixin.py:190} INFO - [2024-12-29T00:37:45.639+0000] {dag.py:4180} INFO - Setting next_dagrun for example_complex to None, run_after=None
[2024-12-29T00:37:45.666+0000] {processor.py:208} INFO - Processing /home/airflow/.local/lib/python3.12/site-packages/airflow/example_dags/example_complex.py took 0.094 seconds
[2024-12-29T00:38:16.519+0000] {processor.py:186} INFO - Started process (PID=2416) to work on /home/airflow/.local/lib/python3.12/site-packages/airflow/example_dags/example_complex.py
[2024-12-29T00:38:16.521+0000] {processor.py:914} INFO - Processing file /home/airflow/.local/lib/python3.12/site-packages/airflow/example_dags/example_complex.py for tasks to queue
[2024-12-29T00:38:16.524+0000] {logging_mixin.py:190} INFO - [2024-12-29T00:38:16.523+0000] {dagbag.py:588} INFO - Filling up the DagBag from /home/airflow/.local/lib/python3.12/site-packages/airflow/example_dags/example_complex.py
[2024-12-29T00:38:16.537+0000] {processor.py:925} INFO - DAG(s) 'example_complex' retrieved from /home/airflow/.local/lib/python3.12/site-packages/airflow/example_dags/example_complex.py
[2024-12-29T00:38:16.584+0000] {logging_mixin.py:190} INFO - [2024-12-29T00:38:16.584+0000] {dag.py:3239} INFO - Sync 1 DAGs
[2024-12-29T00:38:16.603+0000] {logging_mixin.py:190} INFO - [2024-12-29T00:38:16.603+0000] {dag.py:4180} INFO - Setting next_dagrun for example_complex to None, run_after=None
[2024-12-29T00:38:16.630+0000] {processor.py:208} INFO - Processing /home/airflow/.local/lib/python3.12/site-packages/airflow/example_dags/example_complex.py took 0.119 seconds
