[2024-12-29T00:03:52.071+0000] {processor.py:186} INFO - Started process (PID=104) to work on /home/airflow/.local/lib/python3.12/site-packages/airflow/example_dags/example_short_circuit_operator.py
[2024-12-29T00:03:52.072+0000] {processor.py:914} INFO - Processing file /home/airflow/.local/lib/python3.12/site-packages/airflow/example_dags/example_short_circuit_operator.py for tasks to queue
[2024-12-29T00:03:52.075+0000] {logging_mixin.py:190} INFO - [2024-12-29T00:03:52.074+0000] {dagbag.py:588} INFO - Filling up the DagBag from /home/airflow/.local/lib/python3.12/site-packages/airflow/example_dags/example_short_circuit_operator.py
[2024-12-29T00:03:52.084+0000] {processor.py:925} INFO - DAG(s) 'example_short_circuit_operator' retrieved from /home/airflow/.local/lib/python3.12/site-packages/airflow/example_dags/example_short_circuit_operator.py
[2024-12-29T00:03:52.385+0000] {logging_mixin.py:190} INFO - [2024-12-29T00:03:52.384+0000] {override.py:1911} INFO - Created Permission View: can read on DAG:example_short_circuit_operator
[2024-12-29T00:03:52.405+0000] {logging_mixin.py:190} INFO - [2024-12-29T00:03:52.405+0000] {override.py:1911} INFO - Created Permission View: can edit on DAG:example_short_circuit_operator
[2024-12-29T00:03:52.424+0000] {logging_mixin.py:190} INFO - [2024-12-29T00:03:52.424+0000] {override.py:1911} INFO - Created Permission View: can delete on DAG:example_short_circuit_operator
[2024-12-29T00:03:52.451+0000] {logging_mixin.py:190} INFO - [2024-12-29T00:03:52.450+0000] {override.py:1911} INFO - Created Permission View: can create on DAG Run:example_short_circuit_operator
[2024-12-29T00:03:52.472+0000] {logging_mixin.py:190} INFO - [2024-12-29T00:03:52.471+0000] {override.py:1911} INFO - Created Permission View: can read on DAG Run:example_short_circuit_operator
[2024-12-29T00:03:52.498+0000] {logging_mixin.py:190} INFO - [2024-12-29T00:03:52.497+0000] {override.py:1911} INFO - Created Permission View: can delete on DAG Run:example_short_circuit_operator
[2024-12-29T00:03:52.517+0000] {logging_mixin.py:190} INFO - [2024-12-29T00:03:52.517+0000] {override.py:1911} INFO - Created Permission View: menu access on DAG Run:example_short_circuit_operator
[2024-12-29T00:03:52.518+0000] {logging_mixin.py:190} INFO - [2024-12-29T00:03:52.518+0000] {dag.py:3239} INFO - Sync 1 DAGs
[2024-12-29T00:03:52.558+0000] {logging_mixin.py:190} INFO - [2024-12-29T00:03:52.557+0000] {dag.py:3262} INFO - Creating ORM DAG for example_short_circuit_operator
[2024-12-29T00:03:52.559+0000] {logging_mixin.py:190} INFO - [2024-12-29T00:03:52.559+0000] {dag.py:4180} INFO - Setting next_dagrun for example_short_circuit_operator to None, run_after=None
[2024-12-29T00:03:52.611+0000] {processor.py:208} INFO - Processing /home/airflow/.local/lib/python3.12/site-packages/airflow/example_dags/example_short_circuit_operator.py took 0.546 seconds
[2024-12-29T00:04:23.159+0000] {processor.py:186} INFO - Started process (PID=168) to work on /home/airflow/.local/lib/python3.12/site-packages/airflow/example_dags/example_short_circuit_operator.py
[2024-12-29T00:04:23.160+0000] {processor.py:914} INFO - Processing file /home/airflow/.local/lib/python3.12/site-packages/airflow/example_dags/example_short_circuit_operator.py for tasks to queue
[2024-12-29T00:04:23.163+0000] {logging_mixin.py:190} INFO - [2024-12-29T00:04:23.163+0000] {dagbag.py:588} INFO - Filling up the DagBag from /home/airflow/.local/lib/python3.12/site-packages/airflow/example_dags/example_short_circuit_operator.py
[2024-12-29T00:04:23.172+0000] {processor.py:925} INFO - DAG(s) 'example_short_circuit_operator' retrieved from /home/airflow/.local/lib/python3.12/site-packages/airflow/example_dags/example_short_circuit_operator.py
[2024-12-29T00:04:23.199+0000] {logging_mixin.py:190} INFO - [2024-12-29T00:04:23.199+0000] {dag.py:3239} INFO - Sync 1 DAGs
[2024-12-29T00:04:23.216+0000] {logging_mixin.py:190} INFO - [2024-12-29T00:04:23.216+0000] {dag.py:4180} INFO - Setting next_dagrun for example_short_circuit_operator to None, run_after=None
[2024-12-29T00:04:23.241+0000] {processor.py:208} INFO - Processing /home/airflow/.local/lib/python3.12/site-packages/airflow/example_dags/example_short_circuit_operator.py took 0.087 seconds
[2024-12-29T00:04:54.168+0000] {processor.py:186} INFO - Started process (PID=232) to work on /home/airflow/.local/lib/python3.12/site-packages/airflow/example_dags/example_short_circuit_operator.py
[2024-12-29T00:04:54.169+0000] {processor.py:914} INFO - Processing file /home/airflow/.local/lib/python3.12/site-packages/airflow/example_dags/example_short_circuit_operator.py for tasks to queue
[2024-12-29T00:04:54.172+0000] {logging_mixin.py:190} INFO - [2024-12-29T00:04:54.172+0000] {dagbag.py:588} INFO - Filling up the DagBag from /home/airflow/.local/lib/python3.12/site-packages/airflow/example_dags/example_short_circuit_operator.py
[2024-12-29T00:04:54.183+0000] {processor.py:925} INFO - DAG(s) 'example_short_circuit_operator' retrieved from /home/airflow/.local/lib/python3.12/site-packages/airflow/example_dags/example_short_circuit_operator.py
[2024-12-29T00:04:54.213+0000] {logging_mixin.py:190} INFO - [2024-12-29T00:04:54.213+0000] {dag.py:3239} INFO - Sync 1 DAGs
[2024-12-29T00:04:54.230+0000] {logging_mixin.py:190} INFO - [2024-12-29T00:04:54.229+0000] {dag.py:4180} INFO - Setting next_dagrun for example_short_circuit_operator to None, run_after=None
[2024-12-29T00:04:54.256+0000] {processor.py:208} INFO - Processing /home/airflow/.local/lib/python3.12/site-packages/airflow/example_dags/example_short_circuit_operator.py took 0.096 seconds
[2024-12-29T00:05:24.646+0000] {processor.py:186} INFO - Started process (PID=296) to work on /home/airflow/.local/lib/python3.12/site-packages/airflow/example_dags/example_short_circuit_operator.py
[2024-12-29T00:05:24.647+0000] {processor.py:914} INFO - Processing file /home/airflow/.local/lib/python3.12/site-packages/airflow/example_dags/example_short_circuit_operator.py for tasks to queue
[2024-12-29T00:05:24.651+0000] {logging_mixin.py:190} INFO - [2024-12-29T00:05:24.650+0000] {dagbag.py:588} INFO - Filling up the DagBag from /home/airflow/.local/lib/python3.12/site-packages/airflow/example_dags/example_short_circuit_operator.py
[2024-12-29T00:05:24.662+0000] {processor.py:925} INFO - DAG(s) 'example_short_circuit_operator' retrieved from /home/airflow/.local/lib/python3.12/site-packages/airflow/example_dags/example_short_circuit_operator.py
[2024-12-29T00:05:24.694+0000] {logging_mixin.py:190} INFO - [2024-12-29T00:05:24.694+0000] {dag.py:3239} INFO - Sync 1 DAGs
[2024-12-29T00:05:24.715+0000] {logging_mixin.py:190} INFO - [2024-12-29T00:05:24.715+0000] {dag.py:4180} INFO - Setting next_dagrun for example_short_circuit_operator to None, run_after=None
[2024-12-29T00:05:24.756+0000] {processor.py:208} INFO - Processing /home/airflow/.local/lib/python3.12/site-packages/airflow/example_dags/example_short_circuit_operator.py took 0.117 seconds
[2024-12-29T00:05:55.072+0000] {processor.py:186} INFO - Started process (PID=360) to work on /home/airflow/.local/lib/python3.12/site-packages/airflow/example_dags/example_short_circuit_operator.py
[2024-12-29T00:05:55.074+0000] {processor.py:914} INFO - Processing file /home/airflow/.local/lib/python3.12/site-packages/airflow/example_dags/example_short_circuit_operator.py for tasks to queue
[2024-12-29T00:05:55.077+0000] {logging_mixin.py:190} INFO - [2024-12-29T00:05:55.077+0000] {dagbag.py:588} INFO - Filling up the DagBag from /home/airflow/.local/lib/python3.12/site-packages/airflow/example_dags/example_short_circuit_operator.py
[2024-12-29T00:05:55.087+0000] {processor.py:925} INFO - DAG(s) 'example_short_circuit_operator' retrieved from /home/airflow/.local/lib/python3.12/site-packages/airflow/example_dags/example_short_circuit_operator.py
[2024-12-29T00:05:55.115+0000] {logging_mixin.py:190} INFO - [2024-12-29T00:05:55.115+0000] {dag.py:3239} INFO - Sync 1 DAGs
[2024-12-29T00:05:55.131+0000] {logging_mixin.py:190} INFO - [2024-12-29T00:05:55.131+0000] {dag.py:4180} INFO - Setting next_dagrun for example_short_circuit_operator to None, run_after=None
[2024-12-29T00:05:55.159+0000] {processor.py:208} INFO - Processing /home/airflow/.local/lib/python3.12/site-packages/airflow/example_dags/example_short_circuit_operator.py took 0.093 seconds
[2024-12-29T00:06:25.385+0000] {processor.py:186} INFO - Started process (PID=424) to work on /home/airflow/.local/lib/python3.12/site-packages/airflow/example_dags/example_short_circuit_operator.py
[2024-12-29T00:06:25.387+0000] {processor.py:914} INFO - Processing file /home/airflow/.local/lib/python3.12/site-packages/airflow/example_dags/example_short_circuit_operator.py for tasks to queue
[2024-12-29T00:06:25.389+0000] {logging_mixin.py:190} INFO - [2024-12-29T00:06:25.389+0000] {dagbag.py:588} INFO - Filling up the DagBag from /home/airflow/.local/lib/python3.12/site-packages/airflow/example_dags/example_short_circuit_operator.py
[2024-12-29T00:06:25.397+0000] {processor.py:925} INFO - DAG(s) 'example_short_circuit_operator' retrieved from /home/airflow/.local/lib/python3.12/site-packages/airflow/example_dags/example_short_circuit_operator.py
[2024-12-29T00:06:25.423+0000] {logging_mixin.py:190} INFO - [2024-12-29T00:06:25.423+0000] {dag.py:3239} INFO - Sync 1 DAGs
[2024-12-29T00:06:25.438+0000] {logging_mixin.py:190} INFO - [2024-12-29T00:06:25.437+0000] {dag.py:4180} INFO - Setting next_dagrun for example_short_circuit_operator to None, run_after=None
[2024-12-29T00:06:25.461+0000] {processor.py:208} INFO - Processing /home/airflow/.local/lib/python3.12/site-packages/airflow/example_dags/example_short_circuit_operator.py took 0.081 seconds
[2024-12-29T00:06:56.038+0000] {processor.py:186} INFO - Started process (PID=488) to work on /home/airflow/.local/lib/python3.12/site-packages/airflow/example_dags/example_short_circuit_operator.py
[2024-12-29T00:06:56.041+0000] {processor.py:914} INFO - Processing file /home/airflow/.local/lib/python3.12/site-packages/airflow/example_dags/example_short_circuit_operator.py for tasks to queue
[2024-12-29T00:06:56.046+0000] {logging_mixin.py:190} INFO - [2024-12-29T00:06:56.045+0000] {dagbag.py:588} INFO - Filling up the DagBag from /home/airflow/.local/lib/python3.12/site-packages/airflow/example_dags/example_short_circuit_operator.py
[2024-12-29T00:06:56.071+0000] {processor.py:925} INFO - DAG(s) 'example_short_circuit_operator' retrieved from /home/airflow/.local/lib/python3.12/site-packages/airflow/example_dags/example_short_circuit_operator.py
[2024-12-29T00:06:56.117+0000] {logging_mixin.py:190} INFO - [2024-12-29T00:06:56.116+0000] {dag.py:3239} INFO - Sync 1 DAGs
[2024-12-29T00:06:56.143+0000] {logging_mixin.py:190} INFO - [2024-12-29T00:06:56.143+0000] {dag.py:4180} INFO - Setting next_dagrun for example_short_circuit_operator to None, run_after=None
[2024-12-29T00:06:56.188+0000] {processor.py:208} INFO - Processing /home/airflow/.local/lib/python3.12/site-packages/airflow/example_dags/example_short_circuit_operator.py took 0.169 seconds
[2024-12-29T00:07:26.606+0000] {processor.py:186} INFO - Started process (PID=552) to work on /home/airflow/.local/lib/python3.12/site-packages/airflow/example_dags/example_short_circuit_operator.py
[2024-12-29T00:07:26.607+0000] {processor.py:914} INFO - Processing file /home/airflow/.local/lib/python3.12/site-packages/airflow/example_dags/example_short_circuit_operator.py for tasks to queue
[2024-12-29T00:07:26.610+0000] {logging_mixin.py:190} INFO - [2024-12-29T00:07:26.609+0000] {dagbag.py:588} INFO - Filling up the DagBag from /home/airflow/.local/lib/python3.12/site-packages/airflow/example_dags/example_short_circuit_operator.py
[2024-12-29T00:07:26.617+0000] {processor.py:925} INFO - DAG(s) 'example_short_circuit_operator' retrieved from /home/airflow/.local/lib/python3.12/site-packages/airflow/example_dags/example_short_circuit_operator.py
[2024-12-29T00:07:26.645+0000] {logging_mixin.py:190} INFO - [2024-12-29T00:07:26.645+0000] {dag.py:3239} INFO - Sync 1 DAGs
[2024-12-29T00:07:26.660+0000] {logging_mixin.py:190} INFO - [2024-12-29T00:07:26.660+0000] {dag.py:4180} INFO - Setting next_dagrun for example_short_circuit_operator to None, run_after=None
[2024-12-29T00:07:26.682+0000] {processor.py:208} INFO - Processing /home/airflow/.local/lib/python3.12/site-packages/airflow/example_dags/example_short_circuit_operator.py took 0.082 seconds
[2024-12-29T00:07:58.137+0000] {processor.py:186} INFO - Started process (PID=615) to work on /home/airflow/.local/lib/python3.12/site-packages/airflow/example_dags/example_short_circuit_operator.py
[2024-12-29T00:07:58.171+0000] {processor.py:914} INFO - Processing file /home/airflow/.local/lib/python3.12/site-packages/airflow/example_dags/example_short_circuit_operator.py for tasks to queue
[2024-12-29T00:07:58.173+0000] {logging_mixin.py:190} INFO - [2024-12-29T00:07:58.173+0000] {dagbag.py:588} INFO - Filling up the DagBag from /home/airflow/.local/lib/python3.12/site-packages/airflow/example_dags/example_short_circuit_operator.py
[2024-12-29T00:07:58.196+0000] {processor.py:925} INFO - DAG(s) 'example_short_circuit_operator' retrieved from /home/airflow/.local/lib/python3.12/site-packages/airflow/example_dags/example_short_circuit_operator.py
[2024-12-29T00:07:58.230+0000] {logging_mixin.py:190} INFO - [2024-12-29T00:07:58.229+0000] {dag.py:3239} INFO - Sync 1 DAGs
[2024-12-29T00:07:58.253+0000] {logging_mixin.py:190} INFO - [2024-12-29T00:07:58.252+0000] {dag.py:4180} INFO - Setting next_dagrun for example_short_circuit_operator to None, run_after=None
[2024-12-29T00:07:58.297+0000] {processor.py:208} INFO - Processing /home/airflow/.local/lib/python3.12/site-packages/airflow/example_dags/example_short_circuit_operator.py took 0.166 seconds
[2024-12-29T00:08:28.470+0000] {processor.py:186} INFO - Started process (PID=677) to work on /home/airflow/.local/lib/python3.12/site-packages/airflow/example_dags/example_short_circuit_operator.py
[2024-12-29T00:08:28.472+0000] {processor.py:914} INFO - Processing file /home/airflow/.local/lib/python3.12/site-packages/airflow/example_dags/example_short_circuit_operator.py for tasks to queue
[2024-12-29T00:08:28.474+0000] {logging_mixin.py:190} INFO - [2024-12-29T00:08:28.474+0000] {dagbag.py:588} INFO - Filling up the DagBag from /home/airflow/.local/lib/python3.12/site-packages/airflow/example_dags/example_short_circuit_operator.py
[2024-12-29T00:08:28.484+0000] {processor.py:925} INFO - DAG(s) 'example_short_circuit_operator' retrieved from /home/airflow/.local/lib/python3.12/site-packages/airflow/example_dags/example_short_circuit_operator.py
[2024-12-29T00:08:28.518+0000] {logging_mixin.py:190} INFO - [2024-12-29T00:08:28.517+0000] {dag.py:3239} INFO - Sync 1 DAGs
[2024-12-29T00:08:28.547+0000] {logging_mixin.py:190} INFO - [2024-12-29T00:08:28.546+0000] {dag.py:4180} INFO - Setting next_dagrun for example_short_circuit_operator to None, run_after=None
[2024-12-29T00:08:28.598+0000] {processor.py:208} INFO - Processing /home/airflow/.local/lib/python3.12/site-packages/airflow/example_dags/example_short_circuit_operator.py took 0.134 seconds
[2024-12-29T00:08:58.728+0000] {processor.py:186} INFO - Started process (PID=741) to work on /home/airflow/.local/lib/python3.12/site-packages/airflow/example_dags/example_short_circuit_operator.py
[2024-12-29T00:08:58.729+0000] {processor.py:914} INFO - Processing file /home/airflow/.local/lib/python3.12/site-packages/airflow/example_dags/example_short_circuit_operator.py for tasks to queue
[2024-12-29T00:08:58.733+0000] {logging_mixin.py:190} INFO - [2024-12-29T00:08:58.732+0000] {dagbag.py:588} INFO - Filling up the DagBag from /home/airflow/.local/lib/python3.12/site-packages/airflow/example_dags/example_short_circuit_operator.py
[2024-12-29T00:08:58.748+0000] {processor.py:925} INFO - DAG(s) 'example_short_circuit_operator' retrieved from /home/airflow/.local/lib/python3.12/site-packages/airflow/example_dags/example_short_circuit_operator.py
[2024-12-29T00:08:58.790+0000] {logging_mixin.py:190} INFO - [2024-12-29T00:08:58.789+0000] {dag.py:3239} INFO - Sync 1 DAGs
[2024-12-29T00:08:58.818+0000] {logging_mixin.py:190} INFO - [2024-12-29T00:08:58.817+0000] {dag.py:4180} INFO - Setting next_dagrun for example_short_circuit_operator to None, run_after=None
[2024-12-29T00:08:58.848+0000] {processor.py:208} INFO - Processing /home/airflow/.local/lib/python3.12/site-packages/airflow/example_dags/example_short_circuit_operator.py took 0.129 seconds
[2024-12-29T00:09:28.957+0000] {processor.py:186} INFO - Started process (PID=805) to work on /home/airflow/.local/lib/python3.12/site-packages/airflow/example_dags/example_short_circuit_operator.py
[2024-12-29T00:09:28.959+0000] {processor.py:914} INFO - Processing file /home/airflow/.local/lib/python3.12/site-packages/airflow/example_dags/example_short_circuit_operator.py for tasks to queue
[2024-12-29T00:09:28.962+0000] {logging_mixin.py:190} INFO - [2024-12-29T00:09:28.962+0000] {dagbag.py:588} INFO - Filling up the DagBag from /home/airflow/.local/lib/python3.12/site-packages/airflow/example_dags/example_short_circuit_operator.py
[2024-12-29T00:09:28.971+0000] {processor.py:925} INFO - DAG(s) 'example_short_circuit_operator' retrieved from /home/airflow/.local/lib/python3.12/site-packages/airflow/example_dags/example_short_circuit_operator.py
[2024-12-29T00:09:28.999+0000] {logging_mixin.py:190} INFO - [2024-12-29T00:09:28.999+0000] {dag.py:3239} INFO - Sync 1 DAGs
[2024-12-29T00:09:29.015+0000] {logging_mixin.py:190} INFO - [2024-12-29T00:09:29.015+0000] {dag.py:4180} INFO - Setting next_dagrun for example_short_circuit_operator to None, run_after=None
[2024-12-29T00:09:29.041+0000] {processor.py:208} INFO - Processing /home/airflow/.local/lib/python3.12/site-packages/airflow/example_dags/example_short_circuit_operator.py took 0.090 seconds
[2024-12-29T00:09:59.114+0000] {processor.py:186} INFO - Started process (PID=869) to work on /home/airflow/.local/lib/python3.12/site-packages/airflow/example_dags/example_short_circuit_operator.py
[2024-12-29T00:09:59.116+0000] {processor.py:914} INFO - Processing file /home/airflow/.local/lib/python3.12/site-packages/airflow/example_dags/example_short_circuit_operator.py for tasks to queue
[2024-12-29T00:09:59.118+0000] {logging_mixin.py:190} INFO - [2024-12-29T00:09:59.118+0000] {dagbag.py:588} INFO - Filling up the DagBag from /home/airflow/.local/lib/python3.12/site-packages/airflow/example_dags/example_short_circuit_operator.py
[2024-12-29T00:09:59.127+0000] {processor.py:925} INFO - DAG(s) 'example_short_circuit_operator' retrieved from /home/airflow/.local/lib/python3.12/site-packages/airflow/example_dags/example_short_circuit_operator.py
[2024-12-29T00:09:59.154+0000] {logging_mixin.py:190} INFO - [2024-12-29T00:09:59.154+0000] {dag.py:3239} INFO - Sync 1 DAGs
[2024-12-29T00:09:59.170+0000] {logging_mixin.py:190} INFO - [2024-12-29T00:09:59.170+0000] {dag.py:4180} INFO - Setting next_dagrun for example_short_circuit_operator to None, run_after=None
[2024-12-29T00:09:59.195+0000] {processor.py:208} INFO - Processing /home/airflow/.local/lib/python3.12/site-packages/airflow/example_dags/example_short_circuit_operator.py took 0.086 seconds
[2024-12-29T00:10:29.315+0000] {processor.py:186} INFO - Started process (PID=933) to work on /home/airflow/.local/lib/python3.12/site-packages/airflow/example_dags/example_short_circuit_operator.py
[2024-12-29T00:10:29.317+0000] {processor.py:914} INFO - Processing file /home/airflow/.local/lib/python3.12/site-packages/airflow/example_dags/example_short_circuit_operator.py for tasks to queue
[2024-12-29T00:10:29.320+0000] {logging_mixin.py:190} INFO - [2024-12-29T00:10:29.319+0000] {dagbag.py:588} INFO - Filling up the DagBag from /home/airflow/.local/lib/python3.12/site-packages/airflow/example_dags/example_short_circuit_operator.py
[2024-12-29T00:10:29.330+0000] {processor.py:925} INFO - DAG(s) 'example_short_circuit_operator' retrieved from /home/airflow/.local/lib/python3.12/site-packages/airflow/example_dags/example_short_circuit_operator.py
[2024-12-29T00:10:29.361+0000] {logging_mixin.py:190} INFO - [2024-12-29T00:10:29.361+0000] {dag.py:3239} INFO - Sync 1 DAGs
[2024-12-29T00:10:29.380+0000] {logging_mixin.py:190} INFO - [2024-12-29T00:10:29.380+0000] {dag.py:4180} INFO - Setting next_dagrun for example_short_circuit_operator to None, run_after=None
[2024-12-29T00:10:29.408+0000] {processor.py:208} INFO - Processing /home/airflow/.local/lib/python3.12/site-packages/airflow/example_dags/example_short_circuit_operator.py took 0.100 seconds
[2024-12-29T00:10:59.943+0000] {processor.py:186} INFO - Started process (PID=997) to work on /home/airflow/.local/lib/python3.12/site-packages/airflow/example_dags/example_short_circuit_operator.py
[2024-12-29T00:10:59.945+0000] {processor.py:914} INFO - Processing file /home/airflow/.local/lib/python3.12/site-packages/airflow/example_dags/example_short_circuit_operator.py for tasks to queue
[2024-12-29T00:10:59.947+0000] {logging_mixin.py:190} INFO - [2024-12-29T00:10:59.947+0000] {dagbag.py:588} INFO - Filling up the DagBag from /home/airflow/.local/lib/python3.12/site-packages/airflow/example_dags/example_short_circuit_operator.py
[2024-12-29T00:10:59.956+0000] {processor.py:925} INFO - DAG(s) 'example_short_circuit_operator' retrieved from /home/airflow/.local/lib/python3.12/site-packages/airflow/example_dags/example_short_circuit_operator.py
[2024-12-29T00:10:59.983+0000] {logging_mixin.py:190} INFO - [2024-12-29T00:10:59.982+0000] {dag.py:3239} INFO - Sync 1 DAGs
[2024-12-29T00:10:59.998+0000] {logging_mixin.py:190} INFO - [2024-12-29T00:10:59.998+0000] {dag.py:4180} INFO - Setting next_dagrun for example_short_circuit_operator to None, run_after=None
[2024-12-29T00:11:00.029+0000] {processor.py:208} INFO - Processing /home/airflow/.local/lib/python3.12/site-packages/airflow/example_dags/example_short_circuit_operator.py took 0.091 seconds
[2024-12-29T00:11:30.462+0000] {processor.py:186} INFO - Started process (PID=1061) to work on /home/airflow/.local/lib/python3.12/site-packages/airflow/example_dags/example_short_circuit_operator.py
[2024-12-29T00:11:30.465+0000] {processor.py:914} INFO - Processing file /home/airflow/.local/lib/python3.12/site-packages/airflow/example_dags/example_short_circuit_operator.py for tasks to queue
[2024-12-29T00:11:30.468+0000] {logging_mixin.py:190} INFO - [2024-12-29T00:11:30.467+0000] {dagbag.py:588} INFO - Filling up the DagBag from /home/airflow/.local/lib/python3.12/site-packages/airflow/example_dags/example_short_circuit_operator.py
[2024-12-29T00:11:30.476+0000] {processor.py:925} INFO - DAG(s) 'example_short_circuit_operator' retrieved from /home/airflow/.local/lib/python3.12/site-packages/airflow/example_dags/example_short_circuit_operator.py
[2024-12-29T00:11:30.503+0000] {logging_mixin.py:190} INFO - [2024-12-29T00:11:30.502+0000] {dag.py:3239} INFO - Sync 1 DAGs
[2024-12-29T00:11:30.517+0000] {logging_mixin.py:190} INFO - [2024-12-29T00:11:30.517+0000] {dag.py:4180} INFO - Setting next_dagrun for example_short_circuit_operator to None, run_after=None
[2024-12-29T00:11:30.543+0000] {processor.py:208} INFO - Processing /home/airflow/.local/lib/python3.12/site-packages/airflow/example_dags/example_short_circuit_operator.py took 0.086 seconds
[2024-12-29T00:12:00.803+0000] {processor.py:186} INFO - Started process (PID=1125) to work on /home/airflow/.local/lib/python3.12/site-packages/airflow/example_dags/example_short_circuit_operator.py
[2024-12-29T00:12:00.807+0000] {processor.py:914} INFO - Processing file /home/airflow/.local/lib/python3.12/site-packages/airflow/example_dags/example_short_circuit_operator.py for tasks to queue
[2024-12-29T00:12:00.814+0000] {logging_mixin.py:190} INFO - [2024-12-29T00:12:00.812+0000] {dagbag.py:588} INFO - Filling up the DagBag from /home/airflow/.local/lib/python3.12/site-packages/airflow/example_dags/example_short_circuit_operator.py
[2024-12-29T00:12:00.842+0000] {processor.py:925} INFO - DAG(s) 'example_short_circuit_operator' retrieved from /home/airflow/.local/lib/python3.12/site-packages/airflow/example_dags/example_short_circuit_operator.py
[2024-12-29T00:12:00.886+0000] {logging_mixin.py:190} INFO - [2024-12-29T00:12:00.885+0000] {dag.py:3239} INFO - Sync 1 DAGs
[2024-12-29T00:12:00.908+0000] {logging_mixin.py:190} INFO - [2024-12-29T00:12:00.908+0000] {dag.py:4180} INFO - Setting next_dagrun for example_short_circuit_operator to None, run_after=None
[2024-12-29T00:12:00.944+0000] {processor.py:208} INFO - Processing /home/airflow/.local/lib/python3.12/site-packages/airflow/example_dags/example_short_circuit_operator.py took 0.167 seconds
[2024-12-29T00:12:31.814+0000] {processor.py:186} INFO - Started process (PID=1189) to work on /home/airflow/.local/lib/python3.12/site-packages/airflow/example_dags/example_short_circuit_operator.py
[2024-12-29T00:12:31.816+0000] {processor.py:914} INFO - Processing file /home/airflow/.local/lib/python3.12/site-packages/airflow/example_dags/example_short_circuit_operator.py for tasks to queue
[2024-12-29T00:12:31.819+0000] {logging_mixin.py:190} INFO - [2024-12-29T00:12:31.818+0000] {dagbag.py:588} INFO - Filling up the DagBag from /home/airflow/.local/lib/python3.12/site-packages/airflow/example_dags/example_short_circuit_operator.py
[2024-12-29T00:12:31.831+0000] {processor.py:925} INFO - DAG(s) 'example_short_circuit_operator' retrieved from /home/airflow/.local/lib/python3.12/site-packages/airflow/example_dags/example_short_circuit_operator.py
[2024-12-29T00:12:31.866+0000] {logging_mixin.py:190} INFO - [2024-12-29T00:12:31.866+0000] {dag.py:3239} INFO - Sync 1 DAGs
[2024-12-29T00:12:31.885+0000] {logging_mixin.py:190} INFO - [2024-12-29T00:12:31.885+0000] {dag.py:4180} INFO - Setting next_dagrun for example_short_circuit_operator to None, run_after=None
[2024-12-29T00:12:31.934+0000] {processor.py:208} INFO - Processing /home/airflow/.local/lib/python3.12/site-packages/airflow/example_dags/example_short_circuit_operator.py took 0.128 seconds
[2024-12-29T00:13:02.127+0000] {processor.py:186} INFO - Started process (PID=1252) to work on /home/airflow/.local/lib/python3.12/site-packages/airflow/example_dags/example_short_circuit_operator.py
[2024-12-29T00:13:02.128+0000] {processor.py:914} INFO - Processing file /home/airflow/.local/lib/python3.12/site-packages/airflow/example_dags/example_short_circuit_operator.py for tasks to queue
[2024-12-29T00:13:02.131+0000] {logging_mixin.py:190} INFO - [2024-12-29T00:13:02.131+0000] {dagbag.py:588} INFO - Filling up the DagBag from /home/airflow/.local/lib/python3.12/site-packages/airflow/example_dags/example_short_circuit_operator.py
[2024-12-29T00:13:02.140+0000] {processor.py:925} INFO - DAG(s) 'example_short_circuit_operator' retrieved from /home/airflow/.local/lib/python3.12/site-packages/airflow/example_dags/example_short_circuit_operator.py
[2024-12-29T00:13:02.171+0000] {logging_mixin.py:190} INFO - [2024-12-29T00:13:02.170+0000] {dag.py:3239} INFO - Sync 1 DAGs
[2024-12-29T00:13:02.189+0000] {logging_mixin.py:190} INFO - [2024-12-29T00:13:02.188+0000] {dag.py:4180} INFO - Setting next_dagrun for example_short_circuit_operator to None, run_after=None
[2024-12-29T00:13:02.216+0000] {processor.py:208} INFO - Processing /home/airflow/.local/lib/python3.12/site-packages/airflow/example_dags/example_short_circuit_operator.py took 0.095 seconds
[2024-12-29T00:13:33.062+0000] {processor.py:186} INFO - Started process (PID=1317) to work on /home/airflow/.local/lib/python3.12/site-packages/airflow/example_dags/example_short_circuit_operator.py
[2024-12-29T00:13:33.064+0000] {processor.py:914} INFO - Processing file /home/airflow/.local/lib/python3.12/site-packages/airflow/example_dags/example_short_circuit_operator.py for tasks to queue
[2024-12-29T00:13:33.067+0000] {logging_mixin.py:190} INFO - [2024-12-29T00:13:33.066+0000] {dagbag.py:588} INFO - Filling up the DagBag from /home/airflow/.local/lib/python3.12/site-packages/airflow/example_dags/example_short_circuit_operator.py
[2024-12-29T00:13:33.078+0000] {processor.py:925} INFO - DAG(s) 'example_short_circuit_operator' retrieved from /home/airflow/.local/lib/python3.12/site-packages/airflow/example_dags/example_short_circuit_operator.py
[2024-12-29T00:13:33.121+0000] {logging_mixin.py:190} INFO - [2024-12-29T00:13:33.121+0000] {dag.py:3239} INFO - Sync 1 DAGs
[2024-12-29T00:13:33.143+0000] {logging_mixin.py:190} INFO - [2024-12-29T00:13:33.143+0000] {dag.py:4180} INFO - Setting next_dagrun for example_short_circuit_operator to None, run_after=None
[2024-12-29T00:13:33.189+0000] {processor.py:208} INFO - Processing /home/airflow/.local/lib/python3.12/site-packages/airflow/example_dags/example_short_circuit_operator.py took 0.134 seconds
[2024-12-29T00:14:03.453+0000] {processor.py:186} INFO - Started process (PID=1382) to work on /home/airflow/.local/lib/python3.12/site-packages/airflow/example_dags/example_short_circuit_operator.py
[2024-12-29T00:14:03.454+0000] {processor.py:914} INFO - Processing file /home/airflow/.local/lib/python3.12/site-packages/airflow/example_dags/example_short_circuit_operator.py for tasks to queue
[2024-12-29T00:14:03.457+0000] {logging_mixin.py:190} INFO - [2024-12-29T00:14:03.457+0000] {dagbag.py:588} INFO - Filling up the DagBag from /home/airflow/.local/lib/python3.12/site-packages/airflow/example_dags/example_short_circuit_operator.py
[2024-12-29T00:14:03.467+0000] {processor.py:925} INFO - DAG(s) 'example_short_circuit_operator' retrieved from /home/airflow/.local/lib/python3.12/site-packages/airflow/example_dags/example_short_circuit_operator.py
[2024-12-29T00:14:03.498+0000] {logging_mixin.py:190} INFO - [2024-12-29T00:14:03.498+0000] {dag.py:3239} INFO - Sync 1 DAGs
[2024-12-29T00:14:03.517+0000] {logging_mixin.py:190} INFO - [2024-12-29T00:14:03.516+0000] {dag.py:4180} INFO - Setting next_dagrun for example_short_circuit_operator to None, run_after=None
[2024-12-29T00:14:03.546+0000] {processor.py:208} INFO - Processing /home/airflow/.local/lib/python3.12/site-packages/airflow/example_dags/example_short_circuit_operator.py took 0.101 seconds
[2024-12-29T00:14:33.958+0000] {processor.py:186} INFO - Started process (PID=1447) to work on /home/airflow/.local/lib/python3.12/site-packages/airflow/example_dags/example_short_circuit_operator.py
[2024-12-29T00:14:33.960+0000] {processor.py:914} INFO - Processing file /home/airflow/.local/lib/python3.12/site-packages/airflow/example_dags/example_short_circuit_operator.py for tasks to queue
[2024-12-29T00:14:33.963+0000] {logging_mixin.py:190} INFO - [2024-12-29T00:14:33.963+0000] {dagbag.py:588} INFO - Filling up the DagBag from /home/airflow/.local/lib/python3.12/site-packages/airflow/example_dags/example_short_circuit_operator.py
[2024-12-29T00:14:33.975+0000] {processor.py:925} INFO - DAG(s) 'example_short_circuit_operator' retrieved from /home/airflow/.local/lib/python3.12/site-packages/airflow/example_dags/example_short_circuit_operator.py
[2024-12-29T00:14:34.007+0000] {logging_mixin.py:190} INFO - [2024-12-29T00:14:34.007+0000] {dag.py:3239} INFO - Sync 1 DAGs
[2024-12-29T00:14:34.026+0000] {logging_mixin.py:190} INFO - [2024-12-29T00:14:34.025+0000] {dag.py:4180} INFO - Setting next_dagrun for example_short_circuit_operator to None, run_after=None
[2024-12-29T00:14:34.061+0000] {processor.py:208} INFO - Processing /home/airflow/.local/lib/python3.12/site-packages/airflow/example_dags/example_short_circuit_operator.py took 0.111 seconds
[2024-12-29T00:15:05.368+0000] {processor.py:186} INFO - Started process (PID=1507) to work on /home/airflow/.local/lib/python3.12/site-packages/airflow/example_dags/example_short_circuit_operator.py
[2024-12-29T00:15:05.373+0000] {processor.py:914} INFO - Processing file /home/airflow/.local/lib/python3.12/site-packages/airflow/example_dags/example_short_circuit_operator.py for tasks to queue
[2024-12-29T00:15:05.379+0000] {logging_mixin.py:190} INFO - [2024-12-29T00:15:05.379+0000] {dagbag.py:588} INFO - Filling up the DagBag from /home/airflow/.local/lib/python3.12/site-packages/airflow/example_dags/example_short_circuit_operator.py
[2024-12-29T00:15:05.395+0000] {processor.py:925} INFO - DAG(s) 'example_short_circuit_operator' retrieved from /home/airflow/.local/lib/python3.12/site-packages/airflow/example_dags/example_short_circuit_operator.py
[2024-12-29T00:15:05.476+0000] {logging_mixin.py:190} INFO - [2024-12-29T00:15:05.476+0000] {dag.py:3239} INFO - Sync 1 DAGs
[2024-12-29T00:15:05.496+0000] {logging_mixin.py:190} INFO - [2024-12-29T00:15:05.496+0000] {dag.py:4180} INFO - Setting next_dagrun for example_short_circuit_operator to None, run_after=None
[2024-12-29T00:15:05.677+0000] {processor.py:208} INFO - Processing /home/airflow/.local/lib/python3.12/site-packages/airflow/example_dags/example_short_circuit_operator.py took 0.326 seconds
[2024-12-29T00:15:36.208+0000] {processor.py:186} INFO - Started process (PID=1572) to work on /home/airflow/.local/lib/python3.12/site-packages/airflow/example_dags/example_short_circuit_operator.py
[2024-12-29T00:15:36.209+0000] {processor.py:914} INFO - Processing file /home/airflow/.local/lib/python3.12/site-packages/airflow/example_dags/example_short_circuit_operator.py for tasks to queue
[2024-12-29T00:15:36.213+0000] {logging_mixin.py:190} INFO - [2024-12-29T00:15:36.212+0000] {dagbag.py:588} INFO - Filling up the DagBag from /home/airflow/.local/lib/python3.12/site-packages/airflow/example_dags/example_short_circuit_operator.py
[2024-12-29T00:15:36.223+0000] {processor.py:925} INFO - DAG(s) 'example_short_circuit_operator' retrieved from /home/airflow/.local/lib/python3.12/site-packages/airflow/example_dags/example_short_circuit_operator.py
[2024-12-29T00:15:36.261+0000] {logging_mixin.py:190} INFO - [2024-12-29T00:15:36.261+0000] {dag.py:3239} INFO - Sync 1 DAGs
[2024-12-29T00:15:36.280+0000] {logging_mixin.py:190} INFO - [2024-12-29T00:15:36.280+0000] {dag.py:4180} INFO - Setting next_dagrun for example_short_circuit_operator to None, run_after=None
[2024-12-29T00:15:36.311+0000] {processor.py:208} INFO - Processing /home/airflow/.local/lib/python3.12/site-packages/airflow/example_dags/example_short_circuit_operator.py took 0.110 seconds
[2024-12-29T00:16:06.991+0000] {processor.py:186} INFO - Started process (PID=1635) to work on /home/airflow/.local/lib/python3.12/site-packages/airflow/example_dags/example_short_circuit_operator.py
[2024-12-29T00:16:06.994+0000] {processor.py:914} INFO - Processing file /home/airflow/.local/lib/python3.12/site-packages/airflow/example_dags/example_short_circuit_operator.py for tasks to queue
[2024-12-29T00:16:06.997+0000] {logging_mixin.py:190} INFO - [2024-12-29T00:16:06.996+0000] {dagbag.py:588} INFO - Filling up the DagBag from /home/airflow/.local/lib/python3.12/site-packages/airflow/example_dags/example_short_circuit_operator.py
[2024-12-29T00:16:07.012+0000] {processor.py:925} INFO - DAG(s) 'example_short_circuit_operator' retrieved from /home/airflow/.local/lib/python3.12/site-packages/airflow/example_dags/example_short_circuit_operator.py
[2024-12-29T00:16:07.046+0000] {logging_mixin.py:190} INFO - [2024-12-29T00:16:07.046+0000] {dag.py:3239} INFO - Sync 1 DAGs
[2024-12-29T00:16:07.068+0000] {logging_mixin.py:190} INFO - [2024-12-29T00:16:07.068+0000] {dag.py:4180} INFO - Setting next_dagrun for example_short_circuit_operator to None, run_after=None
[2024-12-29T00:16:07.102+0000] {processor.py:208} INFO - Processing /home/airflow/.local/lib/python3.12/site-packages/airflow/example_dags/example_short_circuit_operator.py took 0.121 seconds
[2024-12-29T00:16:37.976+0000] {processor.py:186} INFO - Started process (PID=1697) to work on /home/airflow/.local/lib/python3.12/site-packages/airflow/example_dags/example_short_circuit_operator.py
[2024-12-29T00:16:37.978+0000] {processor.py:914} INFO - Processing file /home/airflow/.local/lib/python3.12/site-packages/airflow/example_dags/example_short_circuit_operator.py for tasks to queue
[2024-12-29T00:16:37.981+0000] {logging_mixin.py:190} INFO - [2024-12-29T00:16:37.980+0000] {dagbag.py:588} INFO - Filling up the DagBag from /home/airflow/.local/lib/python3.12/site-packages/airflow/example_dags/example_short_circuit_operator.py
[2024-12-29T00:16:37.992+0000] {processor.py:925} INFO - DAG(s) 'example_short_circuit_operator' retrieved from /home/airflow/.local/lib/python3.12/site-packages/airflow/example_dags/example_short_circuit_operator.py
[2024-12-29T00:16:38.023+0000] {logging_mixin.py:190} INFO - [2024-12-29T00:16:38.023+0000] {dag.py:3239} INFO - Sync 1 DAGs
[2024-12-29T00:16:38.039+0000] {logging_mixin.py:190} INFO - [2024-12-29T00:16:38.039+0000] {dag.py:4180} INFO - Setting next_dagrun for example_short_circuit_operator to None, run_after=None
[2024-12-29T00:16:38.066+0000] {processor.py:208} INFO - Processing /home/airflow/.local/lib/python3.12/site-packages/airflow/example_dags/example_short_circuit_operator.py took 0.096 seconds
[2024-12-29T00:19:58.256+0000] {processor.py:186} INFO - Started process (PID=102) to work on /home/airflow/.local/lib/python3.12/site-packages/airflow/example_dags/example_short_circuit_operator.py
[2024-12-29T00:19:58.258+0000] {processor.py:914} INFO - Processing file /home/airflow/.local/lib/python3.12/site-packages/airflow/example_dags/example_short_circuit_operator.py for tasks to queue
[2024-12-29T00:19:58.260+0000] {logging_mixin.py:190} INFO - [2024-12-29T00:19:58.260+0000] {dagbag.py:588} INFO - Filling up the DagBag from /home/airflow/.local/lib/python3.12/site-packages/airflow/example_dags/example_short_circuit_operator.py
[2024-12-29T00:19:58.273+0000] {processor.py:925} INFO - DAG(s) 'example_short_circuit_operator' retrieved from /home/airflow/.local/lib/python3.12/site-packages/airflow/example_dags/example_short_circuit_operator.py
[2024-12-29T00:19:58.303+0000] {logging_mixin.py:190} INFO - [2024-12-29T00:19:58.302+0000] {dag.py:3239} INFO - Sync 1 DAGs
[2024-12-29T00:19:58.319+0000] {logging_mixin.py:190} INFO - [2024-12-29T00:19:58.318+0000] {dag.py:4180} INFO - Setting next_dagrun for example_short_circuit_operator to None, run_after=None
[2024-12-29T00:19:58.343+0000] {processor.py:208} INFO - Processing /home/airflow/.local/lib/python3.12/site-packages/airflow/example_dags/example_short_circuit_operator.py took 0.093 seconds
[2024-12-29T00:20:30.992+0000] {processor.py:186} INFO - Started process (PID=167) to work on /home/airflow/.local/lib/python3.12/site-packages/airflow/example_dags/example_short_circuit_operator.py
[2024-12-29T00:20:30.994+0000] {processor.py:914} INFO - Processing file /home/airflow/.local/lib/python3.12/site-packages/airflow/example_dags/example_short_circuit_operator.py for tasks to queue
[2024-12-29T00:20:30.997+0000] {logging_mixin.py:190} INFO - [2024-12-29T00:20:30.996+0000] {dagbag.py:588} INFO - Filling up the DagBag from /home/airflow/.local/lib/python3.12/site-packages/airflow/example_dags/example_short_circuit_operator.py
[2024-12-29T00:20:31.005+0000] {processor.py:925} INFO - DAG(s) 'example_short_circuit_operator' retrieved from /home/airflow/.local/lib/python3.12/site-packages/airflow/example_dags/example_short_circuit_operator.py
[2024-12-29T00:20:31.033+0000] {logging_mixin.py:190} INFO - [2024-12-29T00:20:31.033+0000] {dag.py:3239} INFO - Sync 1 DAGs
[2024-12-29T00:20:31.051+0000] {logging_mixin.py:190} INFO - [2024-12-29T00:20:31.050+0000] {dag.py:4180} INFO - Setting next_dagrun for example_short_circuit_operator to None, run_after=None
[2024-12-29T00:20:31.079+0000] {processor.py:208} INFO - Processing /home/airflow/.local/lib/python3.12/site-packages/airflow/example_dags/example_short_circuit_operator.py took 0.094 seconds
[2024-12-29T00:21:02.559+0000] {processor.py:186} INFO - Started process (PID=232) to work on /home/airflow/.local/lib/python3.12/site-packages/airflow/example_dags/example_short_circuit_operator.py
[2024-12-29T00:21:02.561+0000] {processor.py:914} INFO - Processing file /home/airflow/.local/lib/python3.12/site-packages/airflow/example_dags/example_short_circuit_operator.py for tasks to queue
[2024-12-29T00:21:02.564+0000] {logging_mixin.py:190} INFO - [2024-12-29T00:21:02.564+0000] {dagbag.py:588} INFO - Filling up the DagBag from /home/airflow/.local/lib/python3.12/site-packages/airflow/example_dags/example_short_circuit_operator.py
[2024-12-29T00:21:02.574+0000] {processor.py:925} INFO - DAG(s) 'example_short_circuit_operator' retrieved from /home/airflow/.local/lib/python3.12/site-packages/airflow/example_dags/example_short_circuit_operator.py
[2024-12-29T00:21:02.608+0000] {logging_mixin.py:190} INFO - [2024-12-29T00:21:02.608+0000] {dag.py:3239} INFO - Sync 1 DAGs
[2024-12-29T00:21:02.628+0000] {logging_mixin.py:190} INFO - [2024-12-29T00:21:02.627+0000] {dag.py:4180} INFO - Setting next_dagrun for example_short_circuit_operator to None, run_after=None
[2024-12-29T00:21:02.658+0000] {processor.py:208} INFO - Processing /home/airflow/.local/lib/python3.12/site-packages/airflow/example_dags/example_short_circuit_operator.py took 0.106 seconds
[2024-12-29T00:21:34.236+0000] {processor.py:186} INFO - Started process (PID=297) to work on /home/airflow/.local/lib/python3.12/site-packages/airflow/example_dags/example_short_circuit_operator.py
[2024-12-29T00:21:34.238+0000] {processor.py:914} INFO - Processing file /home/airflow/.local/lib/python3.12/site-packages/airflow/example_dags/example_short_circuit_operator.py for tasks to queue
[2024-12-29T00:21:34.241+0000] {logging_mixin.py:190} INFO - [2024-12-29T00:21:34.241+0000] {dagbag.py:588} INFO - Filling up the DagBag from /home/airflow/.local/lib/python3.12/site-packages/airflow/example_dags/example_short_circuit_operator.py
[2024-12-29T00:21:34.252+0000] {processor.py:925} INFO - DAG(s) 'example_short_circuit_operator' retrieved from /home/airflow/.local/lib/python3.12/site-packages/airflow/example_dags/example_short_circuit_operator.py
[2024-12-29T00:21:34.286+0000] {logging_mixin.py:190} INFO - [2024-12-29T00:21:34.285+0000] {dag.py:3239} INFO - Sync 1 DAGs
[2024-12-29T00:21:34.305+0000] {logging_mixin.py:190} INFO - [2024-12-29T00:21:34.305+0000] {dag.py:4180} INFO - Setting next_dagrun for example_short_circuit_operator to None, run_after=None
[2024-12-29T00:21:34.335+0000] {processor.py:208} INFO - Processing /home/airflow/.local/lib/python3.12/site-packages/airflow/example_dags/example_short_circuit_operator.py took 0.106 seconds
[2024-12-29T00:22:05.772+0000] {processor.py:186} INFO - Started process (PID=362) to work on /home/airflow/.local/lib/python3.12/site-packages/airflow/example_dags/example_short_circuit_operator.py
[2024-12-29T00:22:05.774+0000] {processor.py:914} INFO - Processing file /home/airflow/.local/lib/python3.12/site-packages/airflow/example_dags/example_short_circuit_operator.py for tasks to queue
[2024-12-29T00:22:05.777+0000] {logging_mixin.py:190} INFO - [2024-12-29T00:22:05.777+0000] {dagbag.py:588} INFO - Filling up the DagBag from /home/airflow/.local/lib/python3.12/site-packages/airflow/example_dags/example_short_circuit_operator.py
[2024-12-29T00:22:05.789+0000] {processor.py:925} INFO - DAG(s) 'example_short_circuit_operator' retrieved from /home/airflow/.local/lib/python3.12/site-packages/airflow/example_dags/example_short_circuit_operator.py
[2024-12-29T00:22:05.825+0000] {logging_mixin.py:190} INFO - [2024-12-29T00:22:05.825+0000] {dag.py:3239} INFO - Sync 1 DAGs
[2024-12-29T00:22:05.845+0000] {logging_mixin.py:190} INFO - [2024-12-29T00:22:05.845+0000] {dag.py:4180} INFO - Setting next_dagrun for example_short_circuit_operator to None, run_after=None
[2024-12-29T00:22:05.906+0000] {processor.py:208} INFO - Processing /home/airflow/.local/lib/python3.12/site-packages/airflow/example_dags/example_short_circuit_operator.py took 0.145 seconds
[2024-12-29T00:22:37.199+0000] {processor.py:186} INFO - Started process (PID=427) to work on /home/airflow/.local/lib/python3.12/site-packages/airflow/example_dags/example_short_circuit_operator.py
[2024-12-29T00:22:37.201+0000] {processor.py:914} INFO - Processing file /home/airflow/.local/lib/python3.12/site-packages/airflow/example_dags/example_short_circuit_operator.py for tasks to queue
[2024-12-29T00:22:37.203+0000] {logging_mixin.py:190} INFO - [2024-12-29T00:22:37.203+0000] {dagbag.py:588} INFO - Filling up the DagBag from /home/airflow/.local/lib/python3.12/site-packages/airflow/example_dags/example_short_circuit_operator.py
[2024-12-29T00:22:37.211+0000] {processor.py:925} INFO - DAG(s) 'example_short_circuit_operator' retrieved from /home/airflow/.local/lib/python3.12/site-packages/airflow/example_dags/example_short_circuit_operator.py
[2024-12-29T00:22:37.237+0000] {logging_mixin.py:190} INFO - [2024-12-29T00:22:37.236+0000] {dag.py:3239} INFO - Sync 1 DAGs
[2024-12-29T00:22:37.253+0000] {logging_mixin.py:190} INFO - [2024-12-29T00:22:37.252+0000] {dag.py:4180} INFO - Setting next_dagrun for example_short_circuit_operator to None, run_after=None
[2024-12-29T00:22:37.277+0000] {processor.py:208} INFO - Processing /home/airflow/.local/lib/python3.12/site-packages/airflow/example_dags/example_short_circuit_operator.py took 0.083 seconds
[2024-12-29T00:23:09.406+0000] {processor.py:186} INFO - Started process (PID=498) to work on /home/airflow/.local/lib/python3.12/site-packages/airflow/example_dags/example_short_circuit_operator.py
[2024-12-29T00:23:09.407+0000] {processor.py:914} INFO - Processing file /home/airflow/.local/lib/python3.12/site-packages/airflow/example_dags/example_short_circuit_operator.py for tasks to queue
[2024-12-29T00:23:09.410+0000] {logging_mixin.py:190} INFO - [2024-12-29T00:23:09.409+0000] {dagbag.py:588} INFO - Filling up the DagBag from /home/airflow/.local/lib/python3.12/site-packages/airflow/example_dags/example_short_circuit_operator.py
[2024-12-29T00:23:09.419+0000] {processor.py:925} INFO - DAG(s) 'example_short_circuit_operator' retrieved from /home/airflow/.local/lib/python3.12/site-packages/airflow/example_dags/example_short_circuit_operator.py
[2024-12-29T00:23:09.452+0000] {logging_mixin.py:190} INFO - [2024-12-29T00:23:09.451+0000] {dag.py:3239} INFO - Sync 1 DAGs
[2024-12-29T00:23:09.472+0000] {logging_mixin.py:190} INFO - [2024-12-29T00:23:09.472+0000] {dag.py:4180} INFO - Setting next_dagrun for example_short_circuit_operator to None, run_after=None
[2024-12-29T00:23:09.506+0000] {processor.py:208} INFO - Processing /home/airflow/.local/lib/python3.12/site-packages/airflow/example_dags/example_short_circuit_operator.py took 0.106 seconds
[2024-12-29T00:23:40.214+0000] {processor.py:186} INFO - Started process (PID=564) to work on /home/airflow/.local/lib/python3.12/site-packages/airflow/example_dags/example_short_circuit_operator.py
[2024-12-29T00:23:40.217+0000] {processor.py:914} INFO - Processing file /home/airflow/.local/lib/python3.12/site-packages/airflow/example_dags/example_short_circuit_operator.py for tasks to queue
[2024-12-29T00:23:40.219+0000] {logging_mixin.py:190} INFO - [2024-12-29T00:23:40.219+0000] {dagbag.py:588} INFO - Filling up the DagBag from /home/airflow/.local/lib/python3.12/site-packages/airflow/example_dags/example_short_circuit_operator.py
[2024-12-29T00:23:40.226+0000] {processor.py:925} INFO - DAG(s) 'example_short_circuit_operator' retrieved from /home/airflow/.local/lib/python3.12/site-packages/airflow/example_dags/example_short_circuit_operator.py
[2024-12-29T00:23:40.255+0000] {logging_mixin.py:190} INFO - [2024-12-29T00:23:40.254+0000] {dag.py:3239} INFO - Sync 1 DAGs
[2024-12-29T00:23:40.269+0000] {logging_mixin.py:190} INFO - [2024-12-29T00:23:40.268+0000] {dag.py:4180} INFO - Setting next_dagrun for example_short_circuit_operator to None, run_after=None
[2024-12-29T00:23:40.292+0000] {processor.py:208} INFO - Processing /home/airflow/.local/lib/python3.12/site-packages/airflow/example_dags/example_short_circuit_operator.py took 0.083 seconds
[2024-12-29T00:24:11.288+0000] {processor.py:186} INFO - Started process (PID=629) to work on /home/airflow/.local/lib/python3.12/site-packages/airflow/example_dags/example_short_circuit_operator.py
[2024-12-29T00:24:11.297+0000] {processor.py:914} INFO - Processing file /home/airflow/.local/lib/python3.12/site-packages/airflow/example_dags/example_short_circuit_operator.py for tasks to queue
[2024-12-29T00:24:11.300+0000] {logging_mixin.py:190} INFO - [2024-12-29T00:24:11.299+0000] {dagbag.py:588} INFO - Filling up the DagBag from /home/airflow/.local/lib/python3.12/site-packages/airflow/example_dags/example_short_circuit_operator.py
[2024-12-29T00:24:11.312+0000] {processor.py:925} INFO - DAG(s) 'example_short_circuit_operator' retrieved from /home/airflow/.local/lib/python3.12/site-packages/airflow/example_dags/example_short_circuit_operator.py
[2024-12-29T00:24:11.354+0000] {logging_mixin.py:190} INFO - [2024-12-29T00:24:11.353+0000] {dag.py:3239} INFO - Sync 1 DAGs
[2024-12-29T00:24:11.374+0000] {logging_mixin.py:190} INFO - [2024-12-29T00:24:11.373+0000] {dag.py:4180} INFO - Setting next_dagrun for example_short_circuit_operator to None, run_after=None
[2024-12-29T00:24:11.407+0000] {processor.py:208} INFO - Processing /home/airflow/.local/lib/python3.12/site-packages/airflow/example_dags/example_short_circuit_operator.py took 0.127 seconds
[2024-12-29T00:24:41.533+0000] {processor.py:186} INFO - Started process (PID=693) to work on /home/airflow/.local/lib/python3.12/site-packages/airflow/example_dags/example_short_circuit_operator.py
[2024-12-29T00:24:41.534+0000] {processor.py:914} INFO - Processing file /home/airflow/.local/lib/python3.12/site-packages/airflow/example_dags/example_short_circuit_operator.py for tasks to queue
[2024-12-29T00:24:41.537+0000] {logging_mixin.py:190} INFO - [2024-12-29T00:24:41.536+0000] {dagbag.py:588} INFO - Filling up the DagBag from /home/airflow/.local/lib/python3.12/site-packages/airflow/example_dags/example_short_circuit_operator.py
[2024-12-29T00:24:41.546+0000] {processor.py:925} INFO - DAG(s) 'example_short_circuit_operator' retrieved from /home/airflow/.local/lib/python3.12/site-packages/airflow/example_dags/example_short_circuit_operator.py
[2024-12-29T00:24:41.582+0000] {logging_mixin.py:190} INFO - [2024-12-29T00:24:41.582+0000] {dag.py:3239} INFO - Sync 1 DAGs
[2024-12-29T00:24:41.599+0000] {logging_mixin.py:190} INFO - [2024-12-29T00:24:41.598+0000] {dag.py:4180} INFO - Setting next_dagrun for example_short_circuit_operator to None, run_after=None
[2024-12-29T00:24:41.624+0000] {processor.py:208} INFO - Processing /home/airflow/.local/lib/python3.12/site-packages/airflow/example_dags/example_short_circuit_operator.py took 0.097 seconds
[2024-12-29T00:25:12.579+0000] {processor.py:186} INFO - Started process (PID=758) to work on /home/airflow/.local/lib/python3.12/site-packages/airflow/example_dags/example_short_circuit_operator.py
[2024-12-29T00:25:12.581+0000] {processor.py:914} INFO - Processing file /home/airflow/.local/lib/python3.12/site-packages/airflow/example_dags/example_short_circuit_operator.py for tasks to queue
[2024-12-29T00:25:12.585+0000] {logging_mixin.py:190} INFO - [2024-12-29T00:25:12.584+0000] {dagbag.py:588} INFO - Filling up the DagBag from /home/airflow/.local/lib/python3.12/site-packages/airflow/example_dags/example_short_circuit_operator.py
[2024-12-29T00:25:12.597+0000] {processor.py:925} INFO - DAG(s) 'example_short_circuit_operator' retrieved from /home/airflow/.local/lib/python3.12/site-packages/airflow/example_dags/example_short_circuit_operator.py
[2024-12-29T00:25:12.633+0000] {logging_mixin.py:190} INFO - [2024-12-29T00:25:12.633+0000] {dag.py:3239} INFO - Sync 1 DAGs
[2024-12-29T00:25:12.655+0000] {logging_mixin.py:190} INFO - [2024-12-29T00:25:12.655+0000] {dag.py:4180} INFO - Setting next_dagrun for example_short_circuit_operator to None, run_after=None
[2024-12-29T00:25:12.689+0000] {processor.py:208} INFO - Processing /home/airflow/.local/lib/python3.12/site-packages/airflow/example_dags/example_short_circuit_operator.py took 0.118 seconds
[2024-12-29T00:25:42.783+0000] {processor.py:186} INFO - Started process (PID=822) to work on /home/airflow/.local/lib/python3.12/site-packages/airflow/example_dags/example_short_circuit_operator.py
[2024-12-29T00:25:42.784+0000] {processor.py:914} INFO - Processing file /home/airflow/.local/lib/python3.12/site-packages/airflow/example_dags/example_short_circuit_operator.py for tasks to queue
[2024-12-29T00:25:42.787+0000] {logging_mixin.py:190} INFO - [2024-12-29T00:25:42.786+0000] {dagbag.py:588} INFO - Filling up the DagBag from /home/airflow/.local/lib/python3.12/site-packages/airflow/example_dags/example_short_circuit_operator.py
[2024-12-29T00:25:42.797+0000] {processor.py:925} INFO - DAG(s) 'example_short_circuit_operator' retrieved from /home/airflow/.local/lib/python3.12/site-packages/airflow/example_dags/example_short_circuit_operator.py
[2024-12-29T00:25:42.828+0000] {logging_mixin.py:190} INFO - [2024-12-29T00:25:42.828+0000] {dag.py:3239} INFO - Sync 1 DAGs
[2024-12-29T00:25:42.852+0000] {logging_mixin.py:190} INFO - [2024-12-29T00:25:42.852+0000] {dag.py:4180} INFO - Setting next_dagrun for example_short_circuit_operator to None, run_after=None
[2024-12-29T00:25:42.883+0000] {processor.py:208} INFO - Processing /home/airflow/.local/lib/python3.12/site-packages/airflow/example_dags/example_short_circuit_operator.py took 0.107 seconds
[2024-12-29T00:26:13.005+0000] {processor.py:186} INFO - Started process (PID=887) to work on /home/airflow/.local/lib/python3.12/site-packages/airflow/example_dags/example_short_circuit_operator.py
[2024-12-29T00:26:13.007+0000] {processor.py:914} INFO - Processing file /home/airflow/.local/lib/python3.12/site-packages/airflow/example_dags/example_short_circuit_operator.py for tasks to queue
[2024-12-29T00:26:13.009+0000] {logging_mixin.py:190} INFO - [2024-12-29T00:26:13.009+0000] {dagbag.py:588} INFO - Filling up the DagBag from /home/airflow/.local/lib/python3.12/site-packages/airflow/example_dags/example_short_circuit_operator.py
[2024-12-29T00:26:13.019+0000] {processor.py:925} INFO - DAG(s) 'example_short_circuit_operator' retrieved from /home/airflow/.local/lib/python3.12/site-packages/airflow/example_dags/example_short_circuit_operator.py
[2024-12-29T00:26:13.052+0000] {logging_mixin.py:190} INFO - [2024-12-29T00:26:13.052+0000] {dag.py:3239} INFO - Sync 1 DAGs
[2024-12-29T00:26:13.069+0000] {logging_mixin.py:190} INFO - [2024-12-29T00:26:13.069+0000] {dag.py:4180} INFO - Setting next_dagrun for example_short_circuit_operator to None, run_after=None
[2024-12-29T00:26:13.097+0000] {processor.py:208} INFO - Processing /home/airflow/.local/lib/python3.12/site-packages/airflow/example_dags/example_short_circuit_operator.py took 0.099 seconds
[2024-12-29T00:26:44.040+0000] {processor.py:186} INFO - Started process (PID=952) to work on /home/airflow/.local/lib/python3.12/site-packages/airflow/example_dags/example_short_circuit_operator.py
[2024-12-29T00:26:44.041+0000] {processor.py:914} INFO - Processing file /home/airflow/.local/lib/python3.12/site-packages/airflow/example_dags/example_short_circuit_operator.py for tasks to queue
[2024-12-29T00:26:44.043+0000] {logging_mixin.py:190} INFO - [2024-12-29T00:26:44.043+0000] {dagbag.py:588} INFO - Filling up the DagBag from /home/airflow/.local/lib/python3.12/site-packages/airflow/example_dags/example_short_circuit_operator.py
[2024-12-29T00:26:44.051+0000] {processor.py:925} INFO - DAG(s) 'example_short_circuit_operator' retrieved from /home/airflow/.local/lib/python3.12/site-packages/airflow/example_dags/example_short_circuit_operator.py
[2024-12-29T00:26:44.076+0000] {logging_mixin.py:190} INFO - [2024-12-29T00:26:44.075+0000] {dag.py:3239} INFO - Sync 1 DAGs
[2024-12-29T00:26:44.090+0000] {logging_mixin.py:190} INFO - [2024-12-29T00:26:44.090+0000] {dag.py:4180} INFO - Setting next_dagrun for example_short_circuit_operator to None, run_after=None
[2024-12-29T00:26:44.112+0000] {processor.py:208} INFO - Processing /home/airflow/.local/lib/python3.12/site-packages/airflow/example_dags/example_short_circuit_operator.py took 0.078 seconds
[2024-12-29T00:27:14.544+0000] {processor.py:186} INFO - Started process (PID=1017) to work on /home/airflow/.local/lib/python3.12/site-packages/airflow/example_dags/example_short_circuit_operator.py
[2024-12-29T00:27:14.545+0000] {processor.py:914} INFO - Processing file /home/airflow/.local/lib/python3.12/site-packages/airflow/example_dags/example_short_circuit_operator.py for tasks to queue
[2024-12-29T00:27:14.548+0000] {logging_mixin.py:190} INFO - [2024-12-29T00:27:14.547+0000] {dagbag.py:588} INFO - Filling up the DagBag from /home/airflow/.local/lib/python3.12/site-packages/airflow/example_dags/example_short_circuit_operator.py
[2024-12-29T00:27:14.556+0000] {processor.py:925} INFO - DAG(s) 'example_short_circuit_operator' retrieved from /home/airflow/.local/lib/python3.12/site-packages/airflow/example_dags/example_short_circuit_operator.py
[2024-12-29T00:27:14.586+0000] {logging_mixin.py:190} INFO - [2024-12-29T00:27:14.585+0000] {dag.py:3239} INFO - Sync 1 DAGs
[2024-12-29T00:27:14.602+0000] {logging_mixin.py:190} INFO - [2024-12-29T00:27:14.601+0000] {dag.py:4180} INFO - Setting next_dagrun for example_short_circuit_operator to None, run_after=None
[2024-12-29T00:27:14.628+0000] {processor.py:208} INFO - Processing /home/airflow/.local/lib/python3.12/site-packages/airflow/example_dags/example_short_circuit_operator.py took 0.090 seconds
[2024-12-29T00:27:44.734+0000] {processor.py:186} INFO - Started process (PID=1082) to work on /home/airflow/.local/lib/python3.12/site-packages/airflow/example_dags/example_short_circuit_operator.py
[2024-12-29T00:27:44.736+0000] {processor.py:914} INFO - Processing file /home/airflow/.local/lib/python3.12/site-packages/airflow/example_dags/example_short_circuit_operator.py for tasks to queue
[2024-12-29T00:27:44.739+0000] {logging_mixin.py:190} INFO - [2024-12-29T00:27:44.739+0000] {dagbag.py:588} INFO - Filling up the DagBag from /home/airflow/.local/lib/python3.12/site-packages/airflow/example_dags/example_short_circuit_operator.py
[2024-12-29T00:27:44.750+0000] {processor.py:925} INFO - DAG(s) 'example_short_circuit_operator' retrieved from /home/airflow/.local/lib/python3.12/site-packages/airflow/example_dags/example_short_circuit_operator.py
[2024-12-29T00:27:44.779+0000] {logging_mixin.py:190} INFO - [2024-12-29T00:27:44.778+0000] {dag.py:3239} INFO - Sync 1 DAGs
[2024-12-29T00:27:44.796+0000] {logging_mixin.py:190} INFO - [2024-12-29T00:27:44.796+0000] {dag.py:4180} INFO - Setting next_dagrun for example_short_circuit_operator to None, run_after=None
[2024-12-29T00:27:44.823+0000] {processor.py:208} INFO - Processing /home/airflow/.local/lib/python3.12/site-packages/airflow/example_dags/example_short_circuit_operator.py took 0.096 seconds
[2024-12-29T00:28:15.271+0000] {processor.py:186} INFO - Started process (PID=1148) to work on /home/airflow/.local/lib/python3.12/site-packages/airflow/example_dags/example_short_circuit_operator.py
[2024-12-29T00:28:15.278+0000] {processor.py:914} INFO - Processing file /home/airflow/.local/lib/python3.12/site-packages/airflow/example_dags/example_short_circuit_operator.py for tasks to queue
[2024-12-29T00:28:15.280+0000] {logging_mixin.py:190} INFO - [2024-12-29T00:28:15.280+0000] {dagbag.py:588} INFO - Filling up the DagBag from /home/airflow/.local/lib/python3.12/site-packages/airflow/example_dags/example_short_circuit_operator.py
[2024-12-29T00:28:15.289+0000] {processor.py:925} INFO - DAG(s) 'example_short_circuit_operator' retrieved from /home/airflow/.local/lib/python3.12/site-packages/airflow/example_dags/example_short_circuit_operator.py
[2024-12-29T00:28:15.316+0000] {logging_mixin.py:190} INFO - [2024-12-29T00:28:15.315+0000] {dag.py:3239} INFO - Sync 1 DAGs
[2024-12-29T00:28:15.331+0000] {logging_mixin.py:190} INFO - [2024-12-29T00:28:15.331+0000] {dag.py:4180} INFO - Setting next_dagrun for example_short_circuit_operator to None, run_after=None
[2024-12-29T00:28:15.355+0000] {processor.py:208} INFO - Processing /home/airflow/.local/lib/python3.12/site-packages/airflow/example_dags/example_short_circuit_operator.py took 0.089 seconds
[2024-12-29T00:28:45.871+0000] {processor.py:186} INFO - Started process (PID=1213) to work on /home/airflow/.local/lib/python3.12/site-packages/airflow/example_dags/example_short_circuit_operator.py
[2024-12-29T00:28:45.873+0000] {processor.py:914} INFO - Processing file /home/airflow/.local/lib/python3.12/site-packages/airflow/example_dags/example_short_circuit_operator.py for tasks to queue
[2024-12-29T00:28:45.876+0000] {logging_mixin.py:190} INFO - [2024-12-29T00:28:45.875+0000] {dagbag.py:588} INFO - Filling up the DagBag from /home/airflow/.local/lib/python3.12/site-packages/airflow/example_dags/example_short_circuit_operator.py
[2024-12-29T00:28:45.884+0000] {processor.py:925} INFO - DAG(s) 'example_short_circuit_operator' retrieved from /home/airflow/.local/lib/python3.12/site-packages/airflow/example_dags/example_short_circuit_operator.py
[2024-12-29T00:28:45.916+0000] {logging_mixin.py:190} INFO - [2024-12-29T00:28:45.916+0000] {dag.py:3239} INFO - Sync 1 DAGs
[2024-12-29T00:28:45.935+0000] {logging_mixin.py:190} INFO - [2024-12-29T00:28:45.935+0000] {dag.py:4180} INFO - Setting next_dagrun for example_short_circuit_operator to None, run_after=None
[2024-12-29T00:28:45.966+0000] {processor.py:208} INFO - Processing /home/airflow/.local/lib/python3.12/site-packages/airflow/example_dags/example_short_circuit_operator.py took 0.101 seconds
[2024-12-29T00:29:16.208+0000] {processor.py:186} INFO - Started process (PID=1278) to work on /home/airflow/.local/lib/python3.12/site-packages/airflow/example_dags/example_short_circuit_operator.py
[2024-12-29T00:29:16.210+0000] {processor.py:914} INFO - Processing file /home/airflow/.local/lib/python3.12/site-packages/airflow/example_dags/example_short_circuit_operator.py for tasks to queue
[2024-12-29T00:29:16.213+0000] {logging_mixin.py:190} INFO - [2024-12-29T00:29:16.212+0000] {dagbag.py:588} INFO - Filling up the DagBag from /home/airflow/.local/lib/python3.12/site-packages/airflow/example_dags/example_short_circuit_operator.py
[2024-12-29T00:29:16.222+0000] {processor.py:925} INFO - DAG(s) 'example_short_circuit_operator' retrieved from /home/airflow/.local/lib/python3.12/site-packages/airflow/example_dags/example_short_circuit_operator.py
[2024-12-29T00:29:16.252+0000] {logging_mixin.py:190} INFO - [2024-12-29T00:29:16.251+0000] {dag.py:3239} INFO - Sync 1 DAGs
[2024-12-29T00:29:16.267+0000] {logging_mixin.py:190} INFO - [2024-12-29T00:29:16.267+0000] {dag.py:4180} INFO - Setting next_dagrun for example_short_circuit_operator to None, run_after=None
[2024-12-29T00:29:16.292+0000] {processor.py:208} INFO - Processing /home/airflow/.local/lib/python3.12/site-packages/airflow/example_dags/example_short_circuit_operator.py took 0.090 seconds
[2024-12-29T00:29:46.346+0000] {processor.py:186} INFO - Started process (PID=1343) to work on /home/airflow/.local/lib/python3.12/site-packages/airflow/example_dags/example_short_circuit_operator.py
[2024-12-29T00:29:46.348+0000] {processor.py:914} INFO - Processing file /home/airflow/.local/lib/python3.12/site-packages/airflow/example_dags/example_short_circuit_operator.py for tasks to queue
[2024-12-29T00:29:46.350+0000] {logging_mixin.py:190} INFO - [2024-12-29T00:29:46.350+0000] {dagbag.py:588} INFO - Filling up the DagBag from /home/airflow/.local/lib/python3.12/site-packages/airflow/example_dags/example_short_circuit_operator.py
[2024-12-29T00:29:46.361+0000] {processor.py:925} INFO - DAG(s) 'example_short_circuit_operator' retrieved from /home/airflow/.local/lib/python3.12/site-packages/airflow/example_dags/example_short_circuit_operator.py
[2024-12-29T00:29:46.394+0000] {logging_mixin.py:190} INFO - [2024-12-29T00:29:46.393+0000] {dag.py:3239} INFO - Sync 1 DAGs
[2024-12-29T00:29:46.411+0000] {logging_mixin.py:190} INFO - [2024-12-29T00:29:46.411+0000] {dag.py:4180} INFO - Setting next_dagrun for example_short_circuit_operator to None, run_after=None
[2024-12-29T00:29:46.438+0000] {processor.py:208} INFO - Processing /home/airflow/.local/lib/python3.12/site-packages/airflow/example_dags/example_short_circuit_operator.py took 0.098 seconds
[2024-12-29T00:30:17.163+0000] {processor.py:186} INFO - Started process (PID=1408) to work on /home/airflow/.local/lib/python3.12/site-packages/airflow/example_dags/example_short_circuit_operator.py
[2024-12-29T00:30:17.165+0000] {processor.py:914} INFO - Processing file /home/airflow/.local/lib/python3.12/site-packages/airflow/example_dags/example_short_circuit_operator.py for tasks to queue
[2024-12-29T00:30:17.167+0000] {logging_mixin.py:190} INFO - [2024-12-29T00:30:17.167+0000] {dagbag.py:588} INFO - Filling up the DagBag from /home/airflow/.local/lib/python3.12/site-packages/airflow/example_dags/example_short_circuit_operator.py
[2024-12-29T00:30:17.175+0000] {processor.py:925} INFO - DAG(s) 'example_short_circuit_operator' retrieved from /home/airflow/.local/lib/python3.12/site-packages/airflow/example_dags/example_short_circuit_operator.py
[2024-12-29T00:30:17.202+0000] {logging_mixin.py:190} INFO - [2024-12-29T00:30:17.202+0000] {dag.py:3239} INFO - Sync 1 DAGs
[2024-12-29T00:30:17.219+0000] {logging_mixin.py:190} INFO - [2024-12-29T00:30:17.219+0000] {dag.py:4180} INFO - Setting next_dagrun for example_short_circuit_operator to None, run_after=None
[2024-12-29T00:30:17.247+0000] {processor.py:208} INFO - Processing /home/airflow/.local/lib/python3.12/site-packages/airflow/example_dags/example_short_circuit_operator.py took 0.090 seconds
[2024-12-29T00:30:47.462+0000] {processor.py:186} INFO - Started process (PID=1473) to work on /home/airflow/.local/lib/python3.12/site-packages/airflow/example_dags/example_short_circuit_operator.py
[2024-12-29T00:30:47.464+0000] {processor.py:914} INFO - Processing file /home/airflow/.local/lib/python3.12/site-packages/airflow/example_dags/example_short_circuit_operator.py for tasks to queue
[2024-12-29T00:30:47.467+0000] {logging_mixin.py:190} INFO - [2024-12-29T00:30:47.467+0000] {dagbag.py:588} INFO - Filling up the DagBag from /home/airflow/.local/lib/python3.12/site-packages/airflow/example_dags/example_short_circuit_operator.py
[2024-12-29T00:30:47.478+0000] {processor.py:925} INFO - DAG(s) 'example_short_circuit_operator' retrieved from /home/airflow/.local/lib/python3.12/site-packages/airflow/example_dags/example_short_circuit_operator.py
[2024-12-29T00:30:47.516+0000] {logging_mixin.py:190} INFO - [2024-12-29T00:30:47.516+0000] {dag.py:3239} INFO - Sync 1 DAGs
[2024-12-29T00:30:47.534+0000] {logging_mixin.py:190} INFO - [2024-12-29T00:30:47.534+0000] {dag.py:4180} INFO - Setting next_dagrun for example_short_circuit_operator to None, run_after=None
[2024-12-29T00:30:47.566+0000] {processor.py:208} INFO - Processing /home/airflow/.local/lib/python3.12/site-packages/airflow/example_dags/example_short_circuit_operator.py took 0.110 seconds
[2024-12-29T00:31:17.993+0000] {processor.py:186} INFO - Started process (PID=1539) to work on /home/airflow/.local/lib/python3.12/site-packages/airflow/example_dags/example_short_circuit_operator.py
[2024-12-29T00:31:17.995+0000] {processor.py:914} INFO - Processing file /home/airflow/.local/lib/python3.12/site-packages/airflow/example_dags/example_short_circuit_operator.py for tasks to queue
[2024-12-29T00:31:17.998+0000] {logging_mixin.py:190} INFO - [2024-12-29T00:31:17.997+0000] {dagbag.py:588} INFO - Filling up the DagBag from /home/airflow/.local/lib/python3.12/site-packages/airflow/example_dags/example_short_circuit_operator.py
[2024-12-29T00:31:18.008+0000] {processor.py:925} INFO - DAG(s) 'example_short_circuit_operator' retrieved from /home/airflow/.local/lib/python3.12/site-packages/airflow/example_dags/example_short_circuit_operator.py
[2024-12-29T00:31:18.040+0000] {logging_mixin.py:190} INFO - [2024-12-29T00:31:18.039+0000] {dag.py:3239} INFO - Sync 1 DAGs
[2024-12-29T00:31:18.056+0000] {logging_mixin.py:190} INFO - [2024-12-29T00:31:18.055+0000] {dag.py:4180} INFO - Setting next_dagrun for example_short_circuit_operator to None, run_after=None
[2024-12-29T00:31:18.081+0000] {processor.py:208} INFO - Processing /home/airflow/.local/lib/python3.12/site-packages/airflow/example_dags/example_short_circuit_operator.py took 0.095 seconds
[2024-12-29T00:31:48.244+0000] {processor.py:186} INFO - Started process (PID=1604) to work on /home/airflow/.local/lib/python3.12/site-packages/airflow/example_dags/example_short_circuit_operator.py
[2024-12-29T00:31:48.246+0000] {processor.py:914} INFO - Processing file /home/airflow/.local/lib/python3.12/site-packages/airflow/example_dags/example_short_circuit_operator.py for tasks to queue
[2024-12-29T00:31:48.248+0000] {logging_mixin.py:190} INFO - [2024-12-29T00:31:48.248+0000] {dagbag.py:588} INFO - Filling up the DagBag from /home/airflow/.local/lib/python3.12/site-packages/airflow/example_dags/example_short_circuit_operator.py
[2024-12-29T00:31:48.257+0000] {processor.py:925} INFO - DAG(s) 'example_short_circuit_operator' retrieved from /home/airflow/.local/lib/python3.12/site-packages/airflow/example_dags/example_short_circuit_operator.py
[2024-12-29T00:31:48.283+0000] {logging_mixin.py:190} INFO - [2024-12-29T00:31:48.283+0000] {dag.py:3239} INFO - Sync 1 DAGs
[2024-12-29T00:31:48.297+0000] {logging_mixin.py:190} INFO - [2024-12-29T00:31:48.297+0000] {dag.py:4180} INFO - Setting next_dagrun for example_short_circuit_operator to None, run_after=None
[2024-12-29T00:31:48.323+0000] {processor.py:208} INFO - Processing /home/airflow/.local/lib/python3.12/site-packages/airflow/example_dags/example_short_circuit_operator.py took 0.085 seconds
[2024-12-29T00:32:18.610+0000] {processor.py:186} INFO - Started process (PID=1669) to work on /home/airflow/.local/lib/python3.12/site-packages/airflow/example_dags/example_short_circuit_operator.py
[2024-12-29T00:32:18.611+0000] {processor.py:914} INFO - Processing file /home/airflow/.local/lib/python3.12/site-packages/airflow/example_dags/example_short_circuit_operator.py for tasks to queue
[2024-12-29T00:32:18.614+0000] {logging_mixin.py:190} INFO - [2024-12-29T00:32:18.614+0000] {dagbag.py:588} INFO - Filling up the DagBag from /home/airflow/.local/lib/python3.12/site-packages/airflow/example_dags/example_short_circuit_operator.py
[2024-12-29T00:32:18.622+0000] {processor.py:925} INFO - DAG(s) 'example_short_circuit_operator' retrieved from /home/airflow/.local/lib/python3.12/site-packages/airflow/example_dags/example_short_circuit_operator.py
[2024-12-29T00:32:18.650+0000] {logging_mixin.py:190} INFO - [2024-12-29T00:32:18.649+0000] {dag.py:3239} INFO - Sync 1 DAGs
[2024-12-29T00:32:18.667+0000] {logging_mixin.py:190} INFO - [2024-12-29T00:32:18.667+0000] {dag.py:4180} INFO - Setting next_dagrun for example_short_circuit_operator to None, run_after=None
[2024-12-29T00:32:18.696+0000] {processor.py:208} INFO - Processing /home/airflow/.local/lib/python3.12/site-packages/airflow/example_dags/example_short_circuit_operator.py took 0.092 seconds
[2024-12-29T00:32:49.214+0000] {processor.py:186} INFO - Started process (PID=1734) to work on /home/airflow/.local/lib/python3.12/site-packages/airflow/example_dags/example_short_circuit_operator.py
[2024-12-29T00:32:49.216+0000] {processor.py:914} INFO - Processing file /home/airflow/.local/lib/python3.12/site-packages/airflow/example_dags/example_short_circuit_operator.py for tasks to queue
[2024-12-29T00:32:49.219+0000] {logging_mixin.py:190} INFO - [2024-12-29T00:32:49.218+0000] {dagbag.py:588} INFO - Filling up the DagBag from /home/airflow/.local/lib/python3.12/site-packages/airflow/example_dags/example_short_circuit_operator.py
[2024-12-29T00:32:49.229+0000] {processor.py:925} INFO - DAG(s) 'example_short_circuit_operator' retrieved from /home/airflow/.local/lib/python3.12/site-packages/airflow/example_dags/example_short_circuit_operator.py
[2024-12-29T00:32:49.264+0000] {logging_mixin.py:190} INFO - [2024-12-29T00:32:49.263+0000] {dag.py:3239} INFO - Sync 1 DAGs
[2024-12-29T00:32:49.284+0000] {logging_mixin.py:190} INFO - [2024-12-29T00:32:49.284+0000] {dag.py:4180} INFO - Setting next_dagrun for example_short_circuit_operator to None, run_after=None
[2024-12-29T00:32:49.316+0000] {processor.py:208} INFO - Processing /home/airflow/.local/lib/python3.12/site-packages/airflow/example_dags/example_short_circuit_operator.py took 0.108 seconds
[2024-12-29T00:33:19.569+0000] {processor.py:186} INFO - Started process (PID=1799) to work on /home/airflow/.local/lib/python3.12/site-packages/airflow/example_dags/example_short_circuit_operator.py
[2024-12-29T00:33:19.570+0000] {processor.py:914} INFO - Processing file /home/airflow/.local/lib/python3.12/site-packages/airflow/example_dags/example_short_circuit_operator.py for tasks to queue
[2024-12-29T00:33:19.573+0000] {logging_mixin.py:190} INFO - [2024-12-29T00:33:19.573+0000] {dagbag.py:588} INFO - Filling up the DagBag from /home/airflow/.local/lib/python3.12/site-packages/airflow/example_dags/example_short_circuit_operator.py
[2024-12-29T00:33:19.582+0000] {processor.py:925} INFO - DAG(s) 'example_short_circuit_operator' retrieved from /home/airflow/.local/lib/python3.12/site-packages/airflow/example_dags/example_short_circuit_operator.py
[2024-12-29T00:33:19.618+0000] {logging_mixin.py:190} INFO - [2024-12-29T00:33:19.618+0000] {dag.py:3239} INFO - Sync 1 DAGs
[2024-12-29T00:33:19.636+0000] {logging_mixin.py:190} INFO - [2024-12-29T00:33:19.636+0000] {dag.py:4180} INFO - Setting next_dagrun for example_short_circuit_operator to None, run_after=None
[2024-12-29T00:33:19.668+0000] {processor.py:208} INFO - Processing /home/airflow/.local/lib/python3.12/site-packages/airflow/example_dags/example_short_circuit_operator.py took 0.106 seconds
[2024-12-29T00:33:49.805+0000] {processor.py:186} INFO - Started process (PID=1864) to work on /home/airflow/.local/lib/python3.12/site-packages/airflow/example_dags/example_short_circuit_operator.py
[2024-12-29T00:33:49.807+0000] {processor.py:914} INFO - Processing file /home/airflow/.local/lib/python3.12/site-packages/airflow/example_dags/example_short_circuit_operator.py for tasks to queue
[2024-12-29T00:33:49.809+0000] {logging_mixin.py:190} INFO - [2024-12-29T00:33:49.809+0000] {dagbag.py:588} INFO - Filling up the DagBag from /home/airflow/.local/lib/python3.12/site-packages/airflow/example_dags/example_short_circuit_operator.py
[2024-12-29T00:33:49.818+0000] {processor.py:925} INFO - DAG(s) 'example_short_circuit_operator' retrieved from /home/airflow/.local/lib/python3.12/site-packages/airflow/example_dags/example_short_circuit_operator.py
[2024-12-29T00:33:49.847+0000] {logging_mixin.py:190} INFO - [2024-12-29T00:33:49.847+0000] {dag.py:3239} INFO - Sync 1 DAGs
[2024-12-29T00:33:49.865+0000] {logging_mixin.py:190} INFO - [2024-12-29T00:33:49.865+0000] {dag.py:4180} INFO - Setting next_dagrun for example_short_circuit_operator to None, run_after=None
[2024-12-29T00:33:49.896+0000] {processor.py:208} INFO - Processing /home/airflow/.local/lib/python3.12/site-packages/airflow/example_dags/example_short_circuit_operator.py took 0.097 seconds
[2024-12-29T00:34:20.719+0000] {processor.py:186} INFO - Started process (PID=1929) to work on /home/airflow/.local/lib/python3.12/site-packages/airflow/example_dags/example_short_circuit_operator.py
[2024-12-29T00:34:20.721+0000] {processor.py:914} INFO - Processing file /home/airflow/.local/lib/python3.12/site-packages/airflow/example_dags/example_short_circuit_operator.py for tasks to queue
[2024-12-29T00:34:20.724+0000] {logging_mixin.py:190} INFO - [2024-12-29T00:34:20.724+0000] {dagbag.py:588} INFO - Filling up the DagBag from /home/airflow/.local/lib/python3.12/site-packages/airflow/example_dags/example_short_circuit_operator.py
[2024-12-29T00:34:20.734+0000] {processor.py:925} INFO - DAG(s) 'example_short_circuit_operator' retrieved from /home/airflow/.local/lib/python3.12/site-packages/airflow/example_dags/example_short_circuit_operator.py
[2024-12-29T00:34:20.766+0000] {logging_mixin.py:190} INFO - [2024-12-29T00:34:20.765+0000] {dag.py:3239} INFO - Sync 1 DAGs
[2024-12-29T00:34:20.783+0000] {logging_mixin.py:190} INFO - [2024-12-29T00:34:20.783+0000] {dag.py:4180} INFO - Setting next_dagrun for example_short_circuit_operator to None, run_after=None
[2024-12-29T00:34:20.813+0000] {processor.py:208} INFO - Processing /home/airflow/.local/lib/python3.12/site-packages/airflow/example_dags/example_short_circuit_operator.py took 0.101 seconds
[2024-12-29T00:34:51.324+0000] {processor.py:186} INFO - Started process (PID=1994) to work on /home/airflow/.local/lib/python3.12/site-packages/airflow/example_dags/example_short_circuit_operator.py
[2024-12-29T00:34:51.325+0000] {processor.py:914} INFO - Processing file /home/airflow/.local/lib/python3.12/site-packages/airflow/example_dags/example_short_circuit_operator.py for tasks to queue
[2024-12-29T00:34:51.328+0000] {logging_mixin.py:190} INFO - [2024-12-29T00:34:51.328+0000] {dagbag.py:588} INFO - Filling up the DagBag from /home/airflow/.local/lib/python3.12/site-packages/airflow/example_dags/example_short_circuit_operator.py
[2024-12-29T00:34:51.336+0000] {processor.py:925} INFO - DAG(s) 'example_short_circuit_operator' retrieved from /home/airflow/.local/lib/python3.12/site-packages/airflow/example_dags/example_short_circuit_operator.py
[2024-12-29T00:34:51.369+0000] {logging_mixin.py:190} INFO - [2024-12-29T00:34:51.369+0000] {dag.py:3239} INFO - Sync 1 DAGs
[2024-12-29T00:34:51.387+0000] {logging_mixin.py:190} INFO - [2024-12-29T00:34:51.387+0000] {dag.py:4180} INFO - Setting next_dagrun for example_short_circuit_operator to None, run_after=None
[2024-12-29T00:34:51.417+0000] {processor.py:208} INFO - Processing /home/airflow/.local/lib/python3.12/site-packages/airflow/example_dags/example_short_circuit_operator.py took 0.100 seconds
[2024-12-29T00:35:22.384+0000] {processor.py:186} INFO - Started process (PID=2059) to work on /home/airflow/.local/lib/python3.12/site-packages/airflow/example_dags/example_short_circuit_operator.py
[2024-12-29T00:35:22.386+0000] {processor.py:914} INFO - Processing file /home/airflow/.local/lib/python3.12/site-packages/airflow/example_dags/example_short_circuit_operator.py for tasks to queue
[2024-12-29T00:35:22.389+0000] {logging_mixin.py:190} INFO - [2024-12-29T00:35:22.388+0000] {dagbag.py:588} INFO - Filling up the DagBag from /home/airflow/.local/lib/python3.12/site-packages/airflow/example_dags/example_short_circuit_operator.py
[2024-12-29T00:35:22.397+0000] {processor.py:925} INFO - DAG(s) 'example_short_circuit_operator' retrieved from /home/airflow/.local/lib/python3.12/site-packages/airflow/example_dags/example_short_circuit_operator.py
[2024-12-29T00:35:22.423+0000] {logging_mixin.py:190} INFO - [2024-12-29T00:35:22.422+0000] {dag.py:3239} INFO - Sync 1 DAGs
[2024-12-29T00:35:22.437+0000] {logging_mixin.py:190} INFO - [2024-12-29T00:35:22.437+0000] {dag.py:4180} INFO - Setting next_dagrun for example_short_circuit_operator to None, run_after=None
[2024-12-29T00:35:22.464+0000] {processor.py:208} INFO - Processing /home/airflow/.local/lib/python3.12/site-packages/airflow/example_dags/example_short_circuit_operator.py took 0.084 seconds
[2024-12-29T00:35:53.234+0000] {processor.py:186} INFO - Started process (PID=2124) to work on /home/airflow/.local/lib/python3.12/site-packages/airflow/example_dags/example_short_circuit_operator.py
[2024-12-29T00:35:53.268+0000] {processor.py:914} INFO - Processing file /home/airflow/.local/lib/python3.12/site-packages/airflow/example_dags/example_short_circuit_operator.py for tasks to queue
[2024-12-29T00:35:53.271+0000] {logging_mixin.py:190} INFO - [2024-12-29T00:35:53.271+0000] {dagbag.py:588} INFO - Filling up the DagBag from /home/airflow/.local/lib/python3.12/site-packages/airflow/example_dags/example_short_circuit_operator.py
[2024-12-29T00:35:53.282+0000] {processor.py:925} INFO - DAG(s) 'example_short_circuit_operator' retrieved from /home/airflow/.local/lib/python3.12/site-packages/airflow/example_dags/example_short_circuit_operator.py
[2024-12-29T00:35:53.319+0000] {logging_mixin.py:190} INFO - [2024-12-29T00:35:53.319+0000] {dag.py:3239} INFO - Sync 1 DAGs
[2024-12-29T00:35:53.341+0000] {logging_mixin.py:190} INFO - [2024-12-29T00:35:53.341+0000] {dag.py:4180} INFO - Setting next_dagrun for example_short_circuit_operator to None, run_after=None
[2024-12-29T00:35:53.375+0000] {processor.py:208} INFO - Processing /home/airflow/.local/lib/python3.12/site-packages/airflow/example_dags/example_short_circuit_operator.py took 0.150 seconds
[2024-12-29T00:36:23.653+0000] {processor.py:186} INFO - Started process (PID=2189) to work on /home/airflow/.local/lib/python3.12/site-packages/airflow/example_dags/example_short_circuit_operator.py
[2024-12-29T00:36:23.654+0000] {processor.py:914} INFO - Processing file /home/airflow/.local/lib/python3.12/site-packages/airflow/example_dags/example_short_circuit_operator.py for tasks to queue
[2024-12-29T00:36:23.657+0000] {logging_mixin.py:190} INFO - [2024-12-29T00:36:23.656+0000] {dagbag.py:588} INFO - Filling up the DagBag from /home/airflow/.local/lib/python3.12/site-packages/airflow/example_dags/example_short_circuit_operator.py
[2024-12-29T00:36:23.666+0000] {processor.py:925} INFO - DAG(s) 'example_short_circuit_operator' retrieved from /home/airflow/.local/lib/python3.12/site-packages/airflow/example_dags/example_short_circuit_operator.py
[2024-12-29T00:36:23.697+0000] {logging_mixin.py:190} INFO - [2024-12-29T00:36:23.697+0000] {dag.py:3239} INFO - Sync 1 DAGs
[2024-12-29T00:36:23.714+0000] {logging_mixin.py:190} INFO - [2024-12-29T00:36:23.714+0000] {dag.py:4180} INFO - Setting next_dagrun for example_short_circuit_operator to None, run_after=None
[2024-12-29T00:36:23.745+0000] {processor.py:208} INFO - Processing /home/airflow/.local/lib/python3.12/site-packages/airflow/example_dags/example_short_circuit_operator.py took 0.099 seconds
[2024-12-29T00:36:54.625+0000] {processor.py:186} INFO - Started process (PID=2255) to work on /home/airflow/.local/lib/python3.12/site-packages/airflow/example_dags/example_short_circuit_operator.py
[2024-12-29T00:36:54.626+0000] {processor.py:914} INFO - Processing file /home/airflow/.local/lib/python3.12/site-packages/airflow/example_dags/example_short_circuit_operator.py for tasks to queue
[2024-12-29T00:36:54.629+0000] {logging_mixin.py:190} INFO - [2024-12-29T00:36:54.629+0000] {dagbag.py:588} INFO - Filling up the DagBag from /home/airflow/.local/lib/python3.12/site-packages/airflow/example_dags/example_short_circuit_operator.py
[2024-12-29T00:36:54.640+0000] {processor.py:925} INFO - DAG(s) 'example_short_circuit_operator' retrieved from /home/airflow/.local/lib/python3.12/site-packages/airflow/example_dags/example_short_circuit_operator.py
[2024-12-29T00:36:54.674+0000] {logging_mixin.py:190} INFO - [2024-12-29T00:36:54.673+0000] {dag.py:3239} INFO - Sync 1 DAGs
[2024-12-29T00:36:54.692+0000] {logging_mixin.py:190} INFO - [2024-12-29T00:36:54.692+0000] {dag.py:4180} INFO - Setting next_dagrun for example_short_circuit_operator to None, run_after=None
[2024-12-29T00:36:54.727+0000] {processor.py:208} INFO - Processing /home/airflow/.local/lib/python3.12/site-packages/airflow/example_dags/example_short_circuit_operator.py took 0.109 seconds
[2024-12-29T00:37:25.111+0000] {processor.py:186} INFO - Started process (PID=2320) to work on /home/airflow/.local/lib/python3.12/site-packages/airflow/example_dags/example_short_circuit_operator.py
[2024-12-29T00:37:25.113+0000] {processor.py:914} INFO - Processing file /home/airflow/.local/lib/python3.12/site-packages/airflow/example_dags/example_short_circuit_operator.py for tasks to queue
[2024-12-29T00:37:25.115+0000] {logging_mixin.py:190} INFO - [2024-12-29T00:37:25.115+0000] {dagbag.py:588} INFO - Filling up the DagBag from /home/airflow/.local/lib/python3.12/site-packages/airflow/example_dags/example_short_circuit_operator.py
[2024-12-29T00:37:25.123+0000] {processor.py:925} INFO - DAG(s) 'example_short_circuit_operator' retrieved from /home/airflow/.local/lib/python3.12/site-packages/airflow/example_dags/example_short_circuit_operator.py
[2024-12-29T00:37:25.150+0000] {logging_mixin.py:190} INFO - [2024-12-29T00:37:25.149+0000] {dag.py:3239} INFO - Sync 1 DAGs
[2024-12-29T00:37:25.164+0000] {logging_mixin.py:190} INFO - [2024-12-29T00:37:25.164+0000] {dag.py:4180} INFO - Setting next_dagrun for example_short_circuit_operator to None, run_after=None
[2024-12-29T00:37:25.187+0000] {processor.py:208} INFO - Processing /home/airflow/.local/lib/python3.12/site-packages/airflow/example_dags/example_short_circuit_operator.py took 0.080 seconds
[2024-12-29T00:37:55.851+0000] {processor.py:186} INFO - Started process (PID=2385) to work on /home/airflow/.local/lib/python3.12/site-packages/airflow/example_dags/example_short_circuit_operator.py
[2024-12-29T00:37:55.853+0000] {processor.py:914} INFO - Processing file /home/airflow/.local/lib/python3.12/site-packages/airflow/example_dags/example_short_circuit_operator.py for tasks to queue
[2024-12-29T00:37:55.855+0000] {logging_mixin.py:190} INFO - [2024-12-29T00:37:55.855+0000] {dagbag.py:588} INFO - Filling up the DagBag from /home/airflow/.local/lib/python3.12/site-packages/airflow/example_dags/example_short_circuit_operator.py
[2024-12-29T00:37:55.864+0000] {processor.py:925} INFO - DAG(s) 'example_short_circuit_operator' retrieved from /home/airflow/.local/lib/python3.12/site-packages/airflow/example_dags/example_short_circuit_operator.py
[2024-12-29T00:37:55.892+0000] {logging_mixin.py:190} INFO - [2024-12-29T00:37:55.892+0000] {dag.py:3239} INFO - Sync 1 DAGs
[2024-12-29T00:37:55.907+0000] {logging_mixin.py:190} INFO - [2024-12-29T00:37:55.907+0000] {dag.py:4180} INFO - Setting next_dagrun for example_short_circuit_operator to None, run_after=None
[2024-12-29T00:37:55.931+0000] {processor.py:208} INFO - Processing /home/airflow/.local/lib/python3.12/site-packages/airflow/example_dags/example_short_circuit_operator.py took 0.085 seconds
