[2024-12-29T00:03:53.417+0000] {processor.py:186} INFO - Started process (PID=109) to work on /home/airflow/.local/lib/python3.12/site-packages/airflow/example_dags/example_branch_operator.py
[2024-12-29T00:03:53.419+0000] {processor.py:914} INFO - Processing file /home/airflow/.local/lib/python3.12/site-packages/airflow/example_dags/example_branch_operator.py for tasks to queue
[2024-12-29T00:03:53.424+0000] {logging_mixin.py:190} INFO - [2024-12-29T00:03:53.423+0000] {dagbag.py:588} INFO - Filling up the DagBag from /home/airflow/.local/lib/python3.12/site-packages/airflow/example_dags/example_branch_operator.py
[2024-12-29T00:03:53.468+0000] {processor.py:925} INFO - DAG(s) 'example_branch_operator' retrieved from /home/airflow/.local/lib/python3.12/site-packages/airflow/example_dags/example_branch_operator.py
[2024-12-29T00:03:53.680+0000] {logging_mixin.py:190} INFO - [2024-12-29T00:03:53.679+0000] {override.py:1911} INFO - Created Permission View: can read on DAG:example_branch_operator
[2024-12-29T00:03:53.699+0000] {logging_mixin.py:190} INFO - [2024-12-29T00:03:53.698+0000] {override.py:1911} INFO - Created Permission View: can edit on DAG:example_branch_operator
[2024-12-29T00:03:53.713+0000] {logging_mixin.py:190} INFO - [2024-12-29T00:03:53.713+0000] {override.py:1911} INFO - Created Permission View: can delete on DAG:example_branch_operator
[2024-12-29T00:03:53.730+0000] {logging_mixin.py:190} INFO - [2024-12-29T00:03:53.730+0000] {override.py:1911} INFO - Created Permission View: can create on DAG Run:example_branch_operator
[2024-12-29T00:03:53.744+0000] {logging_mixin.py:190} INFO - [2024-12-29T00:03:53.743+0000] {override.py:1911} INFO - Created Permission View: can read on DAG Run:example_branch_operator
[2024-12-29T00:03:53.757+0000] {logging_mixin.py:190} INFO - [2024-12-29T00:03:53.756+0000] {override.py:1911} INFO - Created Permission View: can delete on DAG Run:example_branch_operator
[2024-12-29T00:03:53.770+0000] {logging_mixin.py:190} INFO - [2024-12-29T00:03:53.770+0000] {override.py:1911} INFO - Created Permission View: menu access on DAG Run:example_branch_operator
[2024-12-29T00:03:53.771+0000] {logging_mixin.py:190} INFO - [2024-12-29T00:03:53.771+0000] {dag.py:3239} INFO - Sync 1 DAGs
[2024-12-29T00:03:53.792+0000] {logging_mixin.py:190} INFO - [2024-12-29T00:03:53.791+0000] {dag.py:3262} INFO - Creating ORM DAG for example_branch_operator
[2024-12-29T00:03:53.808+0000] {logging_mixin.py:190} INFO - [2024-12-29T00:03:53.807+0000] {dag.py:4180} INFO - Setting next_dagrun for example_branch_operator to 2024-12-28 00:00:00+00:00, run_after=2024-12-29 00:00:00+00:00
[2024-12-29T00:03:53.839+0000] {processor.py:208} INFO - Processing /home/airflow/.local/lib/python3.12/site-packages/airflow/example_dags/example_branch_operator.py took 0.433 seconds
[2024-12-29T00:04:24.571+0000] {processor.py:186} INFO - Started process (PID=173) to work on /home/airflow/.local/lib/python3.12/site-packages/airflow/example_dags/example_branch_operator.py
[2024-12-29T00:04:24.572+0000] {processor.py:914} INFO - Processing file /home/airflow/.local/lib/python3.12/site-packages/airflow/example_dags/example_branch_operator.py for tasks to queue
[2024-12-29T00:04:24.575+0000] {logging_mixin.py:190} INFO - [2024-12-29T00:04:24.575+0000] {dagbag.py:588} INFO - Filling up the DagBag from /home/airflow/.local/lib/python3.12/site-packages/airflow/example_dags/example_branch_operator.py
[2024-12-29T00:04:24.603+0000] {processor.py:925} INFO - DAG(s) 'example_branch_operator' retrieved from /home/airflow/.local/lib/python3.12/site-packages/airflow/example_dags/example_branch_operator.py
[2024-12-29T00:04:24.651+0000] {logging_mixin.py:190} INFO - [2024-12-29T00:04:24.650+0000] {dag.py:3239} INFO - Sync 1 DAGs
[2024-12-29T00:04:24.704+0000] {logging_mixin.py:190} INFO - [2024-12-29T00:04:24.704+0000] {dag.py:4180} INFO - Setting next_dagrun for example_branch_operator to 2024-12-28 00:00:00+00:00, run_after=2024-12-29 00:00:00+00:00
[2024-12-29T00:04:24.737+0000] {processor.py:208} INFO - Processing /home/airflow/.local/lib/python3.12/site-packages/airflow/example_dags/example_branch_operator.py took 0.174 seconds
[2024-12-29T00:04:55.478+0000] {processor.py:186} INFO - Started process (PID=237) to work on /home/airflow/.local/lib/python3.12/site-packages/airflow/example_dags/example_branch_operator.py
[2024-12-29T00:04:55.480+0000] {processor.py:914} INFO - Processing file /home/airflow/.local/lib/python3.12/site-packages/airflow/example_dags/example_branch_operator.py for tasks to queue
[2024-12-29T00:04:55.483+0000] {logging_mixin.py:190} INFO - [2024-12-29T00:04:55.482+0000] {dagbag.py:588} INFO - Filling up the DagBag from /home/airflow/.local/lib/python3.12/site-packages/airflow/example_dags/example_branch_operator.py
[2024-12-29T00:04:55.510+0000] {processor.py:925} INFO - DAG(s) 'example_branch_operator' retrieved from /home/airflow/.local/lib/python3.12/site-packages/airflow/example_dags/example_branch_operator.py
[2024-12-29T00:04:55.573+0000] {logging_mixin.py:190} INFO - [2024-12-29T00:04:55.573+0000] {dag.py:3239} INFO - Sync 1 DAGs
[2024-12-29T00:04:55.616+0000] {logging_mixin.py:190} INFO - [2024-12-29T00:04:55.616+0000] {dag.py:4180} INFO - Setting next_dagrun for example_branch_operator to 2024-12-28 00:00:00+00:00, run_after=2024-12-29 00:00:00+00:00
[2024-12-29T00:04:55.650+0000] {processor.py:208} INFO - Processing /home/airflow/.local/lib/python3.12/site-packages/airflow/example_dags/example_branch_operator.py took 0.180 seconds
[2024-12-29T00:05:26.109+0000] {processor.py:186} INFO - Started process (PID=301) to work on /home/airflow/.local/lib/python3.12/site-packages/airflow/example_dags/example_branch_operator.py
[2024-12-29T00:05:26.110+0000] {processor.py:914} INFO - Processing file /home/airflow/.local/lib/python3.12/site-packages/airflow/example_dags/example_branch_operator.py for tasks to queue
[2024-12-29T00:05:26.113+0000] {logging_mixin.py:190} INFO - [2024-12-29T00:05:26.112+0000] {dagbag.py:588} INFO - Filling up the DagBag from /home/airflow/.local/lib/python3.12/site-packages/airflow/example_dags/example_branch_operator.py
[2024-12-29T00:05:26.137+0000] {processor.py:925} INFO - DAG(s) 'example_branch_operator' retrieved from /home/airflow/.local/lib/python3.12/site-packages/airflow/example_dags/example_branch_operator.py
[2024-12-29T00:05:26.178+0000] {logging_mixin.py:190} INFO - [2024-12-29T00:05:26.178+0000] {dag.py:3239} INFO - Sync 1 DAGs
[2024-12-29T00:05:26.224+0000] {logging_mixin.py:190} INFO - [2024-12-29T00:05:26.224+0000] {dag.py:4180} INFO - Setting next_dagrun for example_branch_operator to 2024-12-28 00:00:00+00:00, run_after=2024-12-29 00:00:00+00:00
[2024-12-29T00:05:26.256+0000] {processor.py:208} INFO - Processing /home/airflow/.local/lib/python3.12/site-packages/airflow/example_dags/example_branch_operator.py took 0.154 seconds
[2024-12-29T00:05:56.460+0000] {processor.py:186} INFO - Started process (PID=365) to work on /home/airflow/.local/lib/python3.12/site-packages/airflow/example_dags/example_branch_operator.py
[2024-12-29T00:05:56.462+0000] {processor.py:914} INFO - Processing file /home/airflow/.local/lib/python3.12/site-packages/airflow/example_dags/example_branch_operator.py for tasks to queue
[2024-12-29T00:05:56.464+0000] {logging_mixin.py:190} INFO - [2024-12-29T00:05:56.464+0000] {dagbag.py:588} INFO - Filling up the DagBag from /home/airflow/.local/lib/python3.12/site-packages/airflow/example_dags/example_branch_operator.py
[2024-12-29T00:05:56.486+0000] {processor.py:925} INFO - DAG(s) 'example_branch_operator' retrieved from /home/airflow/.local/lib/python3.12/site-packages/airflow/example_dags/example_branch_operator.py
[2024-12-29T00:05:56.520+0000] {logging_mixin.py:190} INFO - [2024-12-29T00:05:56.520+0000] {dag.py:3239} INFO - Sync 1 DAGs
[2024-12-29T00:05:56.547+0000] {logging_mixin.py:190} INFO - [2024-12-29T00:05:56.547+0000] {dag.py:4180} INFO - Setting next_dagrun for example_branch_operator to 2024-12-28 00:00:00+00:00, run_after=2024-12-29 00:00:00+00:00
[2024-12-29T00:05:56.572+0000] {processor.py:208} INFO - Processing /home/airflow/.local/lib/python3.12/site-packages/airflow/example_dags/example_branch_operator.py took 0.120 seconds
[2024-12-29T00:06:26.728+0000] {processor.py:186} INFO - Started process (PID=429) to work on /home/airflow/.local/lib/python3.12/site-packages/airflow/example_dags/example_branch_operator.py
[2024-12-29T00:06:26.736+0000] {processor.py:914} INFO - Processing file /home/airflow/.local/lib/python3.12/site-packages/airflow/example_dags/example_branch_operator.py for tasks to queue
[2024-12-29T00:06:26.738+0000] {logging_mixin.py:190} INFO - [2024-12-29T00:06:26.738+0000] {dagbag.py:588} INFO - Filling up the DagBag from /home/airflow/.local/lib/python3.12/site-packages/airflow/example_dags/example_branch_operator.py
[2024-12-29T00:06:26.756+0000] {processor.py:925} INFO - DAG(s) 'example_branch_operator' retrieved from /home/airflow/.local/lib/python3.12/site-packages/airflow/example_dags/example_branch_operator.py
[2024-12-29T00:06:26.787+0000] {logging_mixin.py:190} INFO - [2024-12-29T00:06:26.787+0000] {dag.py:3239} INFO - Sync 1 DAGs
[2024-12-29T00:06:26.814+0000] {logging_mixin.py:190} INFO - [2024-12-29T00:06:26.814+0000] {dag.py:4180} INFO - Setting next_dagrun for example_branch_operator to 2024-12-28 00:00:00+00:00, run_after=2024-12-29 00:00:00+00:00
[2024-12-29T00:06:26.839+0000] {processor.py:208} INFO - Processing /home/airflow/.local/lib/python3.12/site-packages/airflow/example_dags/example_branch_operator.py took 0.116 seconds
[2024-12-29T00:06:57.453+0000] {processor.py:186} INFO - Started process (PID=493) to work on /home/airflow/.local/lib/python3.12/site-packages/airflow/example_dags/example_branch_operator.py
[2024-12-29T00:06:57.454+0000] {processor.py:914} INFO - Processing file /home/airflow/.local/lib/python3.12/site-packages/airflow/example_dags/example_branch_operator.py for tasks to queue
[2024-12-29T00:06:57.458+0000] {logging_mixin.py:190} INFO - [2024-12-29T00:06:57.457+0000] {dagbag.py:588} INFO - Filling up the DagBag from /home/airflow/.local/lib/python3.12/site-packages/airflow/example_dags/example_branch_operator.py
[2024-12-29T00:06:57.484+0000] {processor.py:925} INFO - DAG(s) 'example_branch_operator' retrieved from /home/airflow/.local/lib/python3.12/site-packages/airflow/example_dags/example_branch_operator.py
[2024-12-29T00:06:57.525+0000] {logging_mixin.py:190} INFO - [2024-12-29T00:06:57.524+0000] {dag.py:3239} INFO - Sync 1 DAGs
[2024-12-29T00:06:57.559+0000] {logging_mixin.py:190} INFO - [2024-12-29T00:06:57.558+0000] {dag.py:4180} INFO - Setting next_dagrun for example_branch_operator to 2024-12-28 00:00:00+00:00, run_after=2024-12-29 00:00:00+00:00
[2024-12-29T00:06:57.594+0000] {processor.py:208} INFO - Processing /home/airflow/.local/lib/python3.12/site-packages/airflow/example_dags/example_branch_operator.py took 0.148 seconds
[2024-12-29T00:07:28.112+0000] {processor.py:186} INFO - Started process (PID=557) to work on /home/airflow/.local/lib/python3.12/site-packages/airflow/example_dags/example_branch_operator.py
[2024-12-29T00:07:28.113+0000] {processor.py:914} INFO - Processing file /home/airflow/.local/lib/python3.12/site-packages/airflow/example_dags/example_branch_operator.py for tasks to queue
[2024-12-29T00:07:28.116+0000] {logging_mixin.py:190} INFO - [2024-12-29T00:07:28.115+0000] {dagbag.py:588} INFO - Filling up the DagBag from /home/airflow/.local/lib/python3.12/site-packages/airflow/example_dags/example_branch_operator.py
[2024-12-29T00:07:28.136+0000] {processor.py:925} INFO - DAG(s) 'example_branch_operator' retrieved from /home/airflow/.local/lib/python3.12/site-packages/airflow/example_dags/example_branch_operator.py
[2024-12-29T00:07:28.172+0000] {logging_mixin.py:190} INFO - [2024-12-29T00:07:28.172+0000] {dag.py:3239} INFO - Sync 1 DAGs
[2024-12-29T00:07:28.200+0000] {logging_mixin.py:190} INFO - [2024-12-29T00:07:28.200+0000] {dag.py:4180} INFO - Setting next_dagrun for example_branch_operator to 2024-12-28 00:00:00+00:00, run_after=2024-12-29 00:00:00+00:00
[2024-12-29T00:07:28.225+0000] {processor.py:208} INFO - Processing /home/airflow/.local/lib/python3.12/site-packages/airflow/example_dags/example_branch_operator.py took 0.121 seconds
[2024-12-29T00:07:59.628+0000] {processor.py:186} INFO - Started process (PID=621) to work on /home/airflow/.local/lib/python3.12/site-packages/airflow/example_dags/example_branch_operator.py
[2024-12-29T00:07:59.629+0000] {processor.py:914} INFO - Processing file /home/airflow/.local/lib/python3.12/site-packages/airflow/example_dags/example_branch_operator.py for tasks to queue
[2024-12-29T00:07:59.632+0000] {logging_mixin.py:190} INFO - [2024-12-29T00:07:59.632+0000] {dagbag.py:588} INFO - Filling up the DagBag from /home/airflow/.local/lib/python3.12/site-packages/airflow/example_dags/example_branch_operator.py
[2024-12-29T00:07:59.650+0000] {processor.py:925} INFO - DAG(s) 'example_branch_operator' retrieved from /home/airflow/.local/lib/python3.12/site-packages/airflow/example_dags/example_branch_operator.py
[2024-12-29T00:07:59.682+0000] {logging_mixin.py:190} INFO - [2024-12-29T00:07:59.682+0000] {dag.py:3239} INFO - Sync 1 DAGs
[2024-12-29T00:07:59.707+0000] {logging_mixin.py:190} INFO - [2024-12-29T00:07:59.707+0000] {dag.py:4180} INFO - Setting next_dagrun for example_branch_operator to 2024-12-28 00:00:00+00:00, run_after=2024-12-29 00:00:00+00:00
[2024-12-29T00:07:59.733+0000] {processor.py:208} INFO - Processing /home/airflow/.local/lib/python3.12/site-packages/airflow/example_dags/example_branch_operator.py took 0.111 seconds
[2024-12-29T00:08:31.019+0000] {processor.py:186} INFO - Started process (PID=684) to work on /home/airflow/.local/lib/python3.12/site-packages/airflow/example_dags/example_branch_operator.py
[2024-12-29T00:08:31.021+0000] {processor.py:914} INFO - Processing file /home/airflow/.local/lib/python3.12/site-packages/airflow/example_dags/example_branch_operator.py for tasks to queue
[2024-12-29T00:08:31.024+0000] {logging_mixin.py:190} INFO - [2024-12-29T00:08:31.023+0000] {dagbag.py:588} INFO - Filling up the DagBag from /home/airflow/.local/lib/python3.12/site-packages/airflow/example_dags/example_branch_operator.py
[2024-12-29T00:08:31.043+0000] {processor.py:925} INFO - DAG(s) 'example_branch_operator' retrieved from /home/airflow/.local/lib/python3.12/site-packages/airflow/example_dags/example_branch_operator.py
[2024-12-29T00:08:31.082+0000] {logging_mixin.py:190} INFO - [2024-12-29T00:08:31.082+0000] {dag.py:3239} INFO - Sync 1 DAGs
[2024-12-29T00:08:31.115+0000] {logging_mixin.py:190} INFO - [2024-12-29T00:08:31.115+0000] {dag.py:4180} INFO - Setting next_dagrun for example_branch_operator to 2024-12-28 00:00:00+00:00, run_after=2024-12-29 00:00:00+00:00
[2024-12-29T00:08:31.145+0000] {processor.py:208} INFO - Processing /home/airflow/.local/lib/python3.12/site-packages/airflow/example_dags/example_branch_operator.py took 0.132 seconds
[2024-12-29T00:09:01.915+0000] {processor.py:186} INFO - Started process (PID=748) to work on /home/airflow/.local/lib/python3.12/site-packages/airflow/example_dags/example_branch_operator.py
[2024-12-29T00:09:01.917+0000] {processor.py:914} INFO - Processing file /home/airflow/.local/lib/python3.12/site-packages/airflow/example_dags/example_branch_operator.py for tasks to queue
[2024-12-29T00:09:01.919+0000] {logging_mixin.py:190} INFO - [2024-12-29T00:09:01.918+0000] {dagbag.py:588} INFO - Filling up the DagBag from /home/airflow/.local/lib/python3.12/site-packages/airflow/example_dags/example_branch_operator.py
[2024-12-29T00:09:01.937+0000] {processor.py:925} INFO - DAG(s) 'example_branch_operator' retrieved from /home/airflow/.local/lib/python3.12/site-packages/airflow/example_dags/example_branch_operator.py
[2024-12-29T00:09:01.969+0000] {logging_mixin.py:190} INFO - [2024-12-29T00:09:01.969+0000] {dag.py:3239} INFO - Sync 1 DAGs
[2024-12-29T00:09:01.997+0000] {logging_mixin.py:190} INFO - [2024-12-29T00:09:01.997+0000] {dag.py:4180} INFO - Setting next_dagrun for example_branch_operator to 2024-12-28 00:00:00+00:00, run_after=2024-12-29 00:00:00+00:00
[2024-12-29T00:09:02.023+0000] {processor.py:208} INFO - Processing /home/airflow/.local/lib/python3.12/site-packages/airflow/example_dags/example_branch_operator.py took 0.114 seconds
[2024-12-29T00:09:33.052+0000] {processor.py:186} INFO - Started process (PID=812) to work on /home/airflow/.local/lib/python3.12/site-packages/airflow/example_dags/example_branch_operator.py
[2024-12-29T00:09:33.053+0000] {processor.py:914} INFO - Processing file /home/airflow/.local/lib/python3.12/site-packages/airflow/example_dags/example_branch_operator.py for tasks to queue
[2024-12-29T00:09:33.055+0000] {logging_mixin.py:190} INFO - [2024-12-29T00:09:33.055+0000] {dagbag.py:588} INFO - Filling up the DagBag from /home/airflow/.local/lib/python3.12/site-packages/airflow/example_dags/example_branch_operator.py
[2024-12-29T00:09:33.073+0000] {processor.py:925} INFO - DAG(s) 'example_branch_operator' retrieved from /home/airflow/.local/lib/python3.12/site-packages/airflow/example_dags/example_branch_operator.py
[2024-12-29T00:09:33.105+0000] {logging_mixin.py:190} INFO - [2024-12-29T00:09:33.105+0000] {dag.py:3239} INFO - Sync 1 DAGs
[2024-12-29T00:09:33.131+0000] {logging_mixin.py:190} INFO - [2024-12-29T00:09:33.130+0000] {dag.py:4180} INFO - Setting next_dagrun for example_branch_operator to 2024-12-28 00:00:00+00:00, run_after=2024-12-29 00:00:00+00:00
[2024-12-29T00:09:33.154+0000] {processor.py:208} INFO - Processing /home/airflow/.local/lib/python3.12/site-packages/airflow/example_dags/example_branch_operator.py took 0.107 seconds
[2024-12-29T00:10:04.500+0000] {processor.py:186} INFO - Started process (PID=876) to work on /home/airflow/.local/lib/python3.12/site-packages/airflow/example_dags/example_branch_operator.py
[2024-12-29T00:10:04.502+0000] {processor.py:914} INFO - Processing file /home/airflow/.local/lib/python3.12/site-packages/airflow/example_dags/example_branch_operator.py for tasks to queue
[2024-12-29T00:10:04.505+0000] {logging_mixin.py:190} INFO - [2024-12-29T00:10:04.504+0000] {dagbag.py:588} INFO - Filling up the DagBag from /home/airflow/.local/lib/python3.12/site-packages/airflow/example_dags/example_branch_operator.py
[2024-12-29T00:10:04.528+0000] {processor.py:925} INFO - DAG(s) 'example_branch_operator' retrieved from /home/airflow/.local/lib/python3.12/site-packages/airflow/example_dags/example_branch_operator.py
[2024-12-29T00:10:04.564+0000] {logging_mixin.py:190} INFO - [2024-12-29T00:10:04.564+0000] {dag.py:3239} INFO - Sync 1 DAGs
[2024-12-29T00:10:04.594+0000] {logging_mixin.py:190} INFO - [2024-12-29T00:10:04.594+0000] {dag.py:4180} INFO - Setting next_dagrun for example_branch_operator to 2024-12-28 00:00:00+00:00, run_after=2024-12-29 00:00:00+00:00
[2024-12-29T00:10:04.623+0000] {processor.py:208} INFO - Processing /home/airflow/.local/lib/python3.12/site-packages/airflow/example_dags/example_branch_operator.py took 0.129 seconds
[2024-12-29T00:10:35.604+0000] {processor.py:186} INFO - Started process (PID=940) to work on /home/airflow/.local/lib/python3.12/site-packages/airflow/example_dags/example_branch_operator.py
[2024-12-29T00:10:35.607+0000] {processor.py:914} INFO - Processing file /home/airflow/.local/lib/python3.12/site-packages/airflow/example_dags/example_branch_operator.py for tasks to queue
[2024-12-29T00:10:35.610+0000] {logging_mixin.py:190} INFO - [2024-12-29T00:10:35.610+0000] {dagbag.py:588} INFO - Filling up the DagBag from /home/airflow/.local/lib/python3.12/site-packages/airflow/example_dags/example_branch_operator.py
[2024-12-29T00:10:35.633+0000] {processor.py:925} INFO - DAG(s) 'example_branch_operator' retrieved from /home/airflow/.local/lib/python3.12/site-packages/airflow/example_dags/example_branch_operator.py
[2024-12-29T00:10:35.670+0000] {logging_mixin.py:190} INFO - [2024-12-29T00:10:35.670+0000] {dag.py:3239} INFO - Sync 1 DAGs
[2024-12-29T00:10:35.708+0000] {logging_mixin.py:190} INFO - [2024-12-29T00:10:35.708+0000] {dag.py:4180} INFO - Setting next_dagrun for example_branch_operator to 2024-12-28 00:00:00+00:00, run_after=2024-12-29 00:00:00+00:00
[2024-12-29T00:10:35.747+0000] {processor.py:208} INFO - Processing /home/airflow/.local/lib/python3.12/site-packages/airflow/example_dags/example_branch_operator.py took 0.151 seconds
[2024-12-29T00:11:07.104+0000] {processor.py:186} INFO - Started process (PID=1004) to work on /home/airflow/.local/lib/python3.12/site-packages/airflow/example_dags/example_branch_operator.py
[2024-12-29T00:11:07.106+0000] {processor.py:914} INFO - Processing file /home/airflow/.local/lib/python3.12/site-packages/airflow/example_dags/example_branch_operator.py for tasks to queue
[2024-12-29T00:11:07.110+0000] {logging_mixin.py:190} INFO - [2024-12-29T00:11:07.109+0000] {dagbag.py:588} INFO - Filling up the DagBag from /home/airflow/.local/lib/python3.12/site-packages/airflow/example_dags/example_branch_operator.py
[2024-12-29T00:11:07.137+0000] {processor.py:925} INFO - DAG(s) 'example_branch_operator' retrieved from /home/airflow/.local/lib/python3.12/site-packages/airflow/example_dags/example_branch_operator.py
[2024-12-29T00:11:07.184+0000] {logging_mixin.py:190} INFO - [2024-12-29T00:11:07.184+0000] {dag.py:3239} INFO - Sync 1 DAGs
[2024-12-29T00:11:07.237+0000] {logging_mixin.py:190} INFO - [2024-12-29T00:11:07.237+0000] {dag.py:4180} INFO - Setting next_dagrun for example_branch_operator to 2024-12-28 00:00:00+00:00, run_after=2024-12-29 00:00:00+00:00
[2024-12-29T00:11:07.272+0000] {processor.py:208} INFO - Processing /home/airflow/.local/lib/python3.12/site-packages/airflow/example_dags/example_branch_operator.py took 0.174 seconds
[2024-12-29T00:11:39.332+0000] {processor.py:186} INFO - Started process (PID=1068) to work on /home/airflow/.local/lib/python3.12/site-packages/airflow/example_dags/example_branch_operator.py
[2024-12-29T00:11:39.334+0000] {processor.py:914} INFO - Processing file /home/airflow/.local/lib/python3.12/site-packages/airflow/example_dags/example_branch_operator.py for tasks to queue
[2024-12-29T00:11:39.338+0000] {logging_mixin.py:190} INFO - [2024-12-29T00:11:39.337+0000] {dagbag.py:588} INFO - Filling up the DagBag from /home/airflow/.local/lib/python3.12/site-packages/airflow/example_dags/example_branch_operator.py
[2024-12-29T00:11:39.367+0000] {processor.py:925} INFO - DAG(s) 'example_branch_operator' retrieved from /home/airflow/.local/lib/python3.12/site-packages/airflow/example_dags/example_branch_operator.py
[2024-12-29T00:11:39.412+0000] {logging_mixin.py:190} INFO - [2024-12-29T00:11:39.412+0000] {dag.py:3239} INFO - Sync 1 DAGs
[2024-12-29T00:11:39.446+0000] {logging_mixin.py:190} INFO - [2024-12-29T00:11:39.446+0000] {dag.py:4180} INFO - Setting next_dagrun for example_branch_operator to 2024-12-28 00:00:00+00:00, run_after=2024-12-29 00:00:00+00:00
[2024-12-29T00:11:39.475+0000] {processor.py:208} INFO - Processing /home/airflow/.local/lib/python3.12/site-packages/airflow/example_dags/example_branch_operator.py took 0.151 seconds
[2024-12-29T00:12:10.843+0000] {processor.py:186} INFO - Started process (PID=1132) to work on /home/airflow/.local/lib/python3.12/site-packages/airflow/example_dags/example_branch_operator.py
[2024-12-29T00:12:10.845+0000] {processor.py:914} INFO - Processing file /home/airflow/.local/lib/python3.12/site-packages/airflow/example_dags/example_branch_operator.py for tasks to queue
[2024-12-29T00:12:10.848+0000] {logging_mixin.py:190} INFO - [2024-12-29T00:12:10.847+0000] {dagbag.py:588} INFO - Filling up the DagBag from /home/airflow/.local/lib/python3.12/site-packages/airflow/example_dags/example_branch_operator.py
[2024-12-29T00:12:10.868+0000] {processor.py:925} INFO - DAG(s) 'example_branch_operator' retrieved from /home/airflow/.local/lib/python3.12/site-packages/airflow/example_dags/example_branch_operator.py
[2024-12-29T00:12:10.906+0000] {logging_mixin.py:190} INFO - [2024-12-29T00:12:10.906+0000] {dag.py:3239} INFO - Sync 1 DAGs
[2024-12-29T00:12:10.935+0000] {logging_mixin.py:190} INFO - [2024-12-29T00:12:10.935+0000] {dag.py:4180} INFO - Setting next_dagrun for example_branch_operator to 2024-12-28 00:00:00+00:00, run_after=2024-12-29 00:00:00+00:00
[2024-12-29T00:12:10.964+0000] {processor.py:208} INFO - Processing /home/airflow/.local/lib/python3.12/site-packages/airflow/example_dags/example_branch_operator.py took 0.127 seconds
[2024-12-29T00:12:42.770+0000] {processor.py:186} INFO - Started process (PID=1196) to work on /home/airflow/.local/lib/python3.12/site-packages/airflow/example_dags/example_branch_operator.py
[2024-12-29T00:12:42.772+0000] {processor.py:914} INFO - Processing file /home/airflow/.local/lib/python3.12/site-packages/airflow/example_dags/example_branch_operator.py for tasks to queue
[2024-12-29T00:12:42.775+0000] {logging_mixin.py:190} INFO - [2024-12-29T00:12:42.775+0000] {dagbag.py:588} INFO - Filling up the DagBag from /home/airflow/.local/lib/python3.12/site-packages/airflow/example_dags/example_branch_operator.py
[2024-12-29T00:12:42.801+0000] {processor.py:925} INFO - DAG(s) 'example_branch_operator' retrieved from /home/airflow/.local/lib/python3.12/site-packages/airflow/example_dags/example_branch_operator.py
[2024-12-29T00:12:42.843+0000] {logging_mixin.py:190} INFO - [2024-12-29T00:12:42.843+0000] {dag.py:3239} INFO - Sync 1 DAGs
[2024-12-29T00:12:42.881+0000] {logging_mixin.py:190} INFO - [2024-12-29T00:12:42.880+0000] {dag.py:4180} INFO - Setting next_dagrun for example_branch_operator to 2024-12-28 00:00:00+00:00, run_after=2024-12-29 00:00:00+00:00
[2024-12-29T00:12:42.916+0000] {processor.py:208} INFO - Processing /home/airflow/.local/lib/python3.12/site-packages/airflow/example_dags/example_branch_operator.py took 0.157 seconds
[2024-12-29T00:13:20.255+0000] {processor.py:186} INFO - Started process (PID=1268) to work on /home/airflow/.local/lib/python3.12/site-packages/airflow/example_dags/example_branch_operator.py
[2024-12-29T00:13:20.257+0000] {processor.py:914} INFO - Processing file /home/airflow/.local/lib/python3.12/site-packages/airflow/example_dags/example_branch_operator.py for tasks to queue
[2024-12-29T00:13:20.261+0000] {logging_mixin.py:190} INFO - [2024-12-29T00:13:20.261+0000] {dagbag.py:588} INFO - Filling up the DagBag from /home/airflow/.local/lib/python3.12/site-packages/airflow/example_dags/example_branch_operator.py
[2024-12-29T00:13:20.299+0000] {processor.py:925} INFO - DAG(s) 'example_branch_operator' retrieved from /home/airflow/.local/lib/python3.12/site-packages/airflow/example_dags/example_branch_operator.py
[2024-12-29T00:13:20.355+0000] {logging_mixin.py:190} INFO - [2024-12-29T00:13:20.354+0000] {dag.py:3239} INFO - Sync 1 DAGs
[2024-12-29T00:13:20.419+0000] {logging_mixin.py:190} INFO - [2024-12-29T00:13:20.419+0000] {dag.py:4180} INFO - Setting next_dagrun for example_branch_operator to 2024-12-28 00:00:00+00:00, run_after=2024-12-29 00:00:00+00:00
[2024-12-29T00:13:20.459+0000] {processor.py:208} INFO - Processing /home/airflow/.local/lib/python3.12/site-packages/airflow/example_dags/example_branch_operator.py took 0.213 seconds
[2024-12-29T00:13:50.588+0000] {processor.py:186} INFO - Started process (PID=1333) to work on /home/airflow/.local/lib/python3.12/site-packages/airflow/example_dags/example_branch_operator.py
[2024-12-29T00:13:50.591+0000] {processor.py:914} INFO - Processing file /home/airflow/.local/lib/python3.12/site-packages/airflow/example_dags/example_branch_operator.py for tasks to queue
[2024-12-29T00:13:50.594+0000] {logging_mixin.py:190} INFO - [2024-12-29T00:13:50.593+0000] {dagbag.py:588} INFO - Filling up the DagBag from /home/airflow/.local/lib/python3.12/site-packages/airflow/example_dags/example_branch_operator.py
[2024-12-29T00:13:50.618+0000] {processor.py:925} INFO - DAG(s) 'example_branch_operator' retrieved from /home/airflow/.local/lib/python3.12/site-packages/airflow/example_dags/example_branch_operator.py
[2024-12-29T00:13:50.674+0000] {logging_mixin.py:190} INFO - [2024-12-29T00:13:50.673+0000] {dag.py:3239} INFO - Sync 1 DAGs
[2024-12-29T00:13:50.707+0000] {logging_mixin.py:190} INFO - [2024-12-29T00:13:50.706+0000] {dag.py:4180} INFO - Setting next_dagrun for example_branch_operator to 2024-12-28 00:00:00+00:00, run_after=2024-12-29 00:00:00+00:00
[2024-12-29T00:13:50.737+0000] {processor.py:208} INFO - Processing /home/airflow/.local/lib/python3.12/site-packages/airflow/example_dags/example_branch_operator.py took 0.157 seconds
[2024-12-29T00:14:21.827+0000] {processor.py:186} INFO - Started process (PID=1398) to work on /home/airflow/.local/lib/python3.12/site-packages/airflow/example_dags/example_branch_operator.py
[2024-12-29T00:14:21.829+0000] {processor.py:914} INFO - Processing file /home/airflow/.local/lib/python3.12/site-packages/airflow/example_dags/example_branch_operator.py for tasks to queue
[2024-12-29T00:14:21.831+0000] {logging_mixin.py:190} INFO - [2024-12-29T00:14:21.831+0000] {dagbag.py:588} INFO - Filling up the DagBag from /home/airflow/.local/lib/python3.12/site-packages/airflow/example_dags/example_branch_operator.py
[2024-12-29T00:14:21.850+0000] {processor.py:925} INFO - DAG(s) 'example_branch_operator' retrieved from /home/airflow/.local/lib/python3.12/site-packages/airflow/example_dags/example_branch_operator.py
[2024-12-29T00:14:21.886+0000] {logging_mixin.py:190} INFO - [2024-12-29T00:14:21.886+0000] {dag.py:3239} INFO - Sync 1 DAGs
[2024-12-29T00:14:21.914+0000] {logging_mixin.py:190} INFO - [2024-12-29T00:14:21.913+0000] {dag.py:4180} INFO - Setting next_dagrun for example_branch_operator to 2024-12-28 00:00:00+00:00, run_after=2024-12-29 00:00:00+00:00
[2024-12-29T00:14:21.939+0000] {processor.py:208} INFO - Processing /home/airflow/.local/lib/python3.12/site-packages/airflow/example_dags/example_branch_operator.py took 0.119 seconds
[2024-12-29T00:14:53.470+0000] {processor.py:186} INFO - Started process (PID=1463) to work on /home/airflow/.local/lib/python3.12/site-packages/airflow/example_dags/example_branch_operator.py
[2024-12-29T00:14:53.471+0000] {processor.py:914} INFO - Processing file /home/airflow/.local/lib/python3.12/site-packages/airflow/example_dags/example_branch_operator.py for tasks to queue
[2024-12-29T00:14:53.474+0000] {logging_mixin.py:190} INFO - [2024-12-29T00:14:53.474+0000] {dagbag.py:588} INFO - Filling up the DagBag from /home/airflow/.local/lib/python3.12/site-packages/airflow/example_dags/example_branch_operator.py
[2024-12-29T00:14:53.498+0000] {processor.py:925} INFO - DAG(s) 'example_branch_operator' retrieved from /home/airflow/.local/lib/python3.12/site-packages/airflow/example_dags/example_branch_operator.py
[2024-12-29T00:14:53.538+0000] {logging_mixin.py:190} INFO - [2024-12-29T00:14:53.538+0000] {dag.py:3239} INFO - Sync 1 DAGs
[2024-12-29T00:14:53.574+0000] {logging_mixin.py:190} INFO - [2024-12-29T00:14:53.574+0000] {dag.py:4180} INFO - Setting next_dagrun for example_branch_operator to 2024-12-28 00:00:00+00:00, run_after=2024-12-29 00:00:00+00:00
[2024-12-29T00:14:53.606+0000] {processor.py:208} INFO - Processing /home/airflow/.local/lib/python3.12/site-packages/airflow/example_dags/example_branch_operator.py took 0.143 seconds
[2024-12-29T00:15:24.901+0000] {processor.py:186} INFO - Started process (PID=1530) to work on /home/airflow/.local/lib/python3.12/site-packages/airflow/example_dags/example_branch_operator.py
[2024-12-29T00:15:24.903+0000] {processor.py:914} INFO - Processing file /home/airflow/.local/lib/python3.12/site-packages/airflow/example_dags/example_branch_operator.py for tasks to queue
[2024-12-29T00:15:24.906+0000] {logging_mixin.py:190} INFO - [2024-12-29T00:15:24.906+0000] {dagbag.py:588} INFO - Filling up the DagBag from /home/airflow/.local/lib/python3.12/site-packages/airflow/example_dags/example_branch_operator.py
[2024-12-29T00:15:24.929+0000] {processor.py:925} INFO - DAG(s) 'example_branch_operator' retrieved from /home/airflow/.local/lib/python3.12/site-packages/airflow/example_dags/example_branch_operator.py
[2024-12-29T00:15:24.968+0000] {logging_mixin.py:190} INFO - [2024-12-29T00:15:24.967+0000] {dag.py:3239} INFO - Sync 1 DAGs
[2024-12-29T00:15:25.003+0000] {logging_mixin.py:190} INFO - [2024-12-29T00:15:25.003+0000] {dag.py:4180} INFO - Setting next_dagrun for example_branch_operator to 2024-12-28 00:00:00+00:00, run_after=2024-12-29 00:00:00+00:00
[2024-12-29T00:15:25.034+0000] {processor.py:208} INFO - Processing /home/airflow/.local/lib/python3.12/site-packages/airflow/example_dags/example_branch_operator.py took 0.141 seconds
[2024-12-29T00:15:57.899+0000] {processor.py:186} INFO - Started process (PID=1595) to work on /home/airflow/.local/lib/python3.12/site-packages/airflow/example_dags/example_branch_operator.py
[2024-12-29T00:15:57.901+0000] {processor.py:914} INFO - Processing file /home/airflow/.local/lib/python3.12/site-packages/airflow/example_dags/example_branch_operator.py for tasks to queue
[2024-12-29T00:15:57.904+0000] {logging_mixin.py:190} INFO - [2024-12-29T00:15:57.903+0000] {dagbag.py:588} INFO - Filling up the DagBag from /home/airflow/.local/lib/python3.12/site-packages/airflow/example_dags/example_branch_operator.py
[2024-12-29T00:15:57.928+0000] {processor.py:925} INFO - DAG(s) 'example_branch_operator' retrieved from /home/airflow/.local/lib/python3.12/site-packages/airflow/example_dags/example_branch_operator.py
[2024-12-29T00:15:57.968+0000] {logging_mixin.py:190} INFO - [2024-12-29T00:15:57.967+0000] {dag.py:3239} INFO - Sync 1 DAGs
[2024-12-29T00:15:58.008+0000] {logging_mixin.py:190} INFO - [2024-12-29T00:15:58.008+0000] {dag.py:4180} INFO - Setting next_dagrun for example_branch_operator to 2024-12-28 00:00:00+00:00, run_after=2024-12-29 00:00:00+00:00
[2024-12-29T00:15:58.036+0000] {processor.py:208} INFO - Processing /home/airflow/.local/lib/python3.12/site-packages/airflow/example_dags/example_branch_operator.py took 0.144 seconds
[2024-12-29T00:16:29.931+0000] {processor.py:186} INFO - Started process (PID=1661) to work on /home/airflow/.local/lib/python3.12/site-packages/airflow/example_dags/example_branch_operator.py
[2024-12-29T00:16:29.933+0000] {processor.py:914} INFO - Processing file /home/airflow/.local/lib/python3.12/site-packages/airflow/example_dags/example_branch_operator.py for tasks to queue
[2024-12-29T00:16:29.936+0000] {logging_mixin.py:190} INFO - [2024-12-29T00:16:29.936+0000] {dagbag.py:588} INFO - Filling up the DagBag from /home/airflow/.local/lib/python3.12/site-packages/airflow/example_dags/example_branch_operator.py
[2024-12-29T00:16:29.957+0000] {processor.py:925} INFO - DAG(s) 'example_branch_operator' retrieved from /home/airflow/.local/lib/python3.12/site-packages/airflow/example_dags/example_branch_operator.py
[2024-12-29T00:16:29.989+0000] {logging_mixin.py:190} INFO - [2024-12-29T00:16:29.989+0000] {dag.py:3239} INFO - Sync 1 DAGs
[2024-12-29T00:16:30.030+0000] {logging_mixin.py:190} INFO - [2024-12-29T00:16:30.030+0000] {dag.py:4180} INFO - Setting next_dagrun for example_branch_operator to 2024-12-28 00:00:00+00:00, run_after=2024-12-29 00:00:00+00:00
[2024-12-29T00:16:30.054+0000] {processor.py:208} INFO - Processing /home/airflow/.local/lib/python3.12/site-packages/airflow/example_dags/example_branch_operator.py took 0.129 seconds
[2024-12-29T00:17:02.559+0000] {processor.py:186} INFO - Started process (PID=1726) to work on /home/airflow/.local/lib/python3.12/site-packages/airflow/example_dags/example_branch_operator.py
[2024-12-29T00:17:02.562+0000] {processor.py:914} INFO - Processing file /home/airflow/.local/lib/python3.12/site-packages/airflow/example_dags/example_branch_operator.py for tasks to queue
[2024-12-29T00:17:02.565+0000] {logging_mixin.py:190} INFO - [2024-12-29T00:17:02.564+0000] {dagbag.py:588} INFO - Filling up the DagBag from /home/airflow/.local/lib/python3.12/site-packages/airflow/example_dags/example_branch_operator.py
[2024-12-29T00:17:02.585+0000] {processor.py:925} INFO - DAG(s) 'example_branch_operator' retrieved from /home/airflow/.local/lib/python3.12/site-packages/airflow/example_dags/example_branch_operator.py
[2024-12-29T00:17:02.623+0000] {logging_mixin.py:190} INFO - [2024-12-29T00:17:02.622+0000] {dag.py:3239} INFO - Sync 1 DAGs
[2024-12-29T00:17:02.654+0000] {logging_mixin.py:190} INFO - [2024-12-29T00:17:02.654+0000] {dag.py:4180} INFO - Setting next_dagrun for example_branch_operator to 2024-12-28 00:00:00+00:00, run_after=2024-12-29 00:00:00+00:00
[2024-12-29T00:17:02.684+0000] {processor.py:208} INFO - Processing /home/airflow/.local/lib/python3.12/site-packages/airflow/example_dags/example_branch_operator.py took 0.131 seconds
[2024-12-29T00:19:58.695+0000] {processor.py:186} INFO - Started process (PID=107) to work on /home/airflow/.local/lib/python3.12/site-packages/airflow/example_dags/example_branch_operator.py
[2024-12-29T00:19:58.698+0000] {processor.py:914} INFO - Processing file /home/airflow/.local/lib/python3.12/site-packages/airflow/example_dags/example_branch_operator.py for tasks to queue
[2024-12-29T00:19:58.700+0000] {logging_mixin.py:190} INFO - [2024-12-29T00:19:58.700+0000] {dagbag.py:588} INFO - Filling up the DagBag from /home/airflow/.local/lib/python3.12/site-packages/airflow/example_dags/example_branch_operator.py
[2024-12-29T00:19:58.719+0000] {processor.py:925} INFO - DAG(s) 'example_branch_operator' retrieved from /home/airflow/.local/lib/python3.12/site-packages/airflow/example_dags/example_branch_operator.py
[2024-12-29T00:19:58.886+0000] {logging_mixin.py:190} INFO - [2024-12-29T00:19:58.885+0000] {dag.py:3239} INFO - Sync 1 DAGs
[2024-12-29T00:19:58.921+0000] {logging_mixin.py:190} INFO - [2024-12-29T00:19:58.921+0000] {dag.py:4180} INFO - Setting next_dagrun for example_branch_operator to 2024-12-28 00:00:00+00:00, run_after=2024-12-29 00:00:00+00:00
[2024-12-29T00:19:58.969+0000] {processor.py:208} INFO - Processing /home/airflow/.local/lib/python3.12/site-packages/airflow/example_dags/example_branch_operator.py took 0.281 seconds
[2024-12-29T00:20:31.360+0000] {processor.py:186} INFO - Started process (PID=172) to work on /home/airflow/.local/lib/python3.12/site-packages/airflow/example_dags/example_branch_operator.py
[2024-12-29T00:20:31.361+0000] {processor.py:914} INFO - Processing file /home/airflow/.local/lib/python3.12/site-packages/airflow/example_dags/example_branch_operator.py for tasks to queue
[2024-12-29T00:20:31.365+0000] {logging_mixin.py:190} INFO - [2024-12-29T00:20:31.365+0000] {dagbag.py:588} INFO - Filling up the DagBag from /home/airflow/.local/lib/python3.12/site-packages/airflow/example_dags/example_branch_operator.py
[2024-12-29T00:20:31.385+0000] {processor.py:925} INFO - DAG(s) 'example_branch_operator' retrieved from /home/airflow/.local/lib/python3.12/site-packages/airflow/example_dags/example_branch_operator.py
[2024-12-29T00:20:31.421+0000] {logging_mixin.py:190} INFO - [2024-12-29T00:20:31.421+0000] {dag.py:3239} INFO - Sync 1 DAGs
[2024-12-29T00:20:31.452+0000] {logging_mixin.py:190} INFO - [2024-12-29T00:20:31.451+0000] {dag.py:4180} INFO - Setting next_dagrun for example_branch_operator to 2024-12-28 00:00:00+00:00, run_after=2024-12-29 00:00:00+00:00
[2024-12-29T00:20:31.478+0000] {processor.py:208} INFO - Processing /home/airflow/.local/lib/python3.12/site-packages/airflow/example_dags/example_branch_operator.py took 0.124 seconds
[2024-12-29T00:21:02.934+0000] {processor.py:186} INFO - Started process (PID=237) to work on /home/airflow/.local/lib/python3.12/site-packages/airflow/example_dags/example_branch_operator.py
[2024-12-29T00:21:02.936+0000] {processor.py:914} INFO - Processing file /home/airflow/.local/lib/python3.12/site-packages/airflow/example_dags/example_branch_operator.py for tasks to queue
[2024-12-29T00:21:02.939+0000] {logging_mixin.py:190} INFO - [2024-12-29T00:21:02.938+0000] {dagbag.py:588} INFO - Filling up the DagBag from /home/airflow/.local/lib/python3.12/site-packages/airflow/example_dags/example_branch_operator.py
[2024-12-29T00:21:02.960+0000] {processor.py:925} INFO - DAG(s) 'example_branch_operator' retrieved from /home/airflow/.local/lib/python3.12/site-packages/airflow/example_dags/example_branch_operator.py
[2024-12-29T00:21:03.002+0000] {logging_mixin.py:190} INFO - [2024-12-29T00:21:03.002+0000] {dag.py:3239} INFO - Sync 1 DAGs
[2024-12-29T00:21:03.035+0000] {logging_mixin.py:190} INFO - [2024-12-29T00:21:03.035+0000] {dag.py:4180} INFO - Setting next_dagrun for example_branch_operator to 2024-12-28 00:00:00+00:00, run_after=2024-12-29 00:00:00+00:00
[2024-12-29T00:21:03.069+0000] {processor.py:208} INFO - Processing /home/airflow/.local/lib/python3.12/site-packages/airflow/example_dags/example_branch_operator.py took 0.143 seconds
[2024-12-29T00:21:34.559+0000] {processor.py:186} INFO - Started process (PID=302) to work on /home/airflow/.local/lib/python3.12/site-packages/airflow/example_dags/example_branch_operator.py
[2024-12-29T00:21:34.561+0000] {processor.py:914} INFO - Processing file /home/airflow/.local/lib/python3.12/site-packages/airflow/example_dags/example_branch_operator.py for tasks to queue
[2024-12-29T00:21:34.563+0000] {logging_mixin.py:190} INFO - [2024-12-29T00:21:34.563+0000] {dagbag.py:588} INFO - Filling up the DagBag from /home/airflow/.local/lib/python3.12/site-packages/airflow/example_dags/example_branch_operator.py
[2024-12-29T00:21:34.583+0000] {processor.py:925} INFO - DAG(s) 'example_branch_operator' retrieved from /home/airflow/.local/lib/python3.12/site-packages/airflow/example_dags/example_branch_operator.py
[2024-12-29T00:21:34.621+0000] {logging_mixin.py:190} INFO - [2024-12-29T00:21:34.620+0000] {dag.py:3239} INFO - Sync 1 DAGs
[2024-12-29T00:21:34.655+0000] {logging_mixin.py:190} INFO - [2024-12-29T00:21:34.655+0000] {dag.py:4180} INFO - Setting next_dagrun for example_branch_operator to 2024-12-28 00:00:00+00:00, run_after=2024-12-29 00:00:00+00:00
[2024-12-29T00:21:34.685+0000] {processor.py:208} INFO - Processing /home/airflow/.local/lib/python3.12/site-packages/airflow/example_dags/example_branch_operator.py took 0.132 seconds
[2024-12-29T00:22:06.213+0000] {processor.py:186} INFO - Started process (PID=367) to work on /home/airflow/.local/lib/python3.12/site-packages/airflow/example_dags/example_branch_operator.py
[2024-12-29T00:22:06.239+0000] {processor.py:914} INFO - Processing file /home/airflow/.local/lib/python3.12/site-packages/airflow/example_dags/example_branch_operator.py for tasks to queue
[2024-12-29T00:22:06.242+0000] {logging_mixin.py:190} INFO - [2024-12-29T00:22:06.242+0000] {dagbag.py:588} INFO - Filling up the DagBag from /home/airflow/.local/lib/python3.12/site-packages/airflow/example_dags/example_branch_operator.py
[2024-12-29T00:22:06.264+0000] {processor.py:925} INFO - DAG(s) 'example_branch_operator' retrieved from /home/airflow/.local/lib/python3.12/site-packages/airflow/example_dags/example_branch_operator.py
[2024-12-29T00:22:06.301+0000] {logging_mixin.py:190} INFO - [2024-12-29T00:22:06.301+0000] {dag.py:3239} INFO - Sync 1 DAGs
[2024-12-29T00:22:06.334+0000] {logging_mixin.py:190} INFO - [2024-12-29T00:22:06.334+0000] {dag.py:4180} INFO - Setting next_dagrun for example_branch_operator to 2024-12-28 00:00:00+00:00, run_after=2024-12-29 00:00:00+00:00
[2024-12-29T00:22:06.387+0000] {processor.py:208} INFO - Processing /home/airflow/.local/lib/python3.12/site-packages/airflow/example_dags/example_branch_operator.py took 0.181 seconds
[2024-12-29T00:22:37.496+0000] {processor.py:186} INFO - Started process (PID=432) to work on /home/airflow/.local/lib/python3.12/site-packages/airflow/example_dags/example_branch_operator.py
[2024-12-29T00:22:37.498+0000] {processor.py:914} INFO - Processing file /home/airflow/.local/lib/python3.12/site-packages/airflow/example_dags/example_branch_operator.py for tasks to queue
[2024-12-29T00:22:37.501+0000] {logging_mixin.py:190} INFO - [2024-12-29T00:22:37.500+0000] {dagbag.py:588} INFO - Filling up the DagBag from /home/airflow/.local/lib/python3.12/site-packages/airflow/example_dags/example_branch_operator.py
[2024-12-29T00:22:37.517+0000] {processor.py:925} INFO - DAG(s) 'example_branch_operator' retrieved from /home/airflow/.local/lib/python3.12/site-packages/airflow/example_dags/example_branch_operator.py
[2024-12-29T00:22:37.548+0000] {logging_mixin.py:190} INFO - [2024-12-29T00:22:37.547+0000] {dag.py:3239} INFO - Sync 1 DAGs
[2024-12-29T00:22:37.573+0000] {logging_mixin.py:190} INFO - [2024-12-29T00:22:37.572+0000] {dag.py:4180} INFO - Setting next_dagrun for example_branch_operator to 2024-12-28 00:00:00+00:00, run_after=2024-12-29 00:00:00+00:00
[2024-12-29T00:22:37.596+0000] {processor.py:208} INFO - Processing /home/airflow/.local/lib/python3.12/site-packages/airflow/example_dags/example_branch_operator.py took 0.106 seconds
[2024-12-29T00:23:09.972+0000] {processor.py:186} INFO - Started process (PID=503) to work on /home/airflow/.local/lib/python3.12/site-packages/airflow/example_dags/example_branch_operator.py
[2024-12-29T00:23:09.974+0000] {processor.py:914} INFO - Processing file /home/airflow/.local/lib/python3.12/site-packages/airflow/example_dags/example_branch_operator.py for tasks to queue
[2024-12-29T00:23:09.977+0000] {logging_mixin.py:190} INFO - [2024-12-29T00:23:09.977+0000] {dagbag.py:588} INFO - Filling up the DagBag from /home/airflow/.local/lib/python3.12/site-packages/airflow/example_dags/example_branch_operator.py
[2024-12-29T00:23:09.999+0000] {processor.py:925} INFO - DAG(s) 'example_branch_operator' retrieved from /home/airflow/.local/lib/python3.12/site-packages/airflow/example_dags/example_branch_operator.py
[2024-12-29T00:23:10.040+0000] {logging_mixin.py:190} INFO - [2024-12-29T00:23:10.040+0000] {dag.py:3239} INFO - Sync 1 DAGs
[2024-12-29T00:23:10.076+0000] {logging_mixin.py:190} INFO - [2024-12-29T00:23:10.075+0000] {dag.py:4180} INFO - Setting next_dagrun for example_branch_operator to 2024-12-28 00:00:00+00:00, run_after=2024-12-29 00:00:00+00:00
[2024-12-29T00:23:10.106+0000] {processor.py:208} INFO - Processing /home/airflow/.local/lib/python3.12/site-packages/airflow/example_dags/example_branch_operator.py took 0.139 seconds
[2024-12-29T00:23:40.678+0000] {processor.py:186} INFO - Started process (PID=569) to work on /home/airflow/.local/lib/python3.12/site-packages/airflow/example_dags/example_branch_operator.py
[2024-12-29T00:23:40.679+0000] {processor.py:914} INFO - Processing file /home/airflow/.local/lib/python3.12/site-packages/airflow/example_dags/example_branch_operator.py for tasks to queue
[2024-12-29T00:23:40.683+0000] {logging_mixin.py:190} INFO - [2024-12-29T00:23:40.682+0000] {dagbag.py:588} INFO - Filling up the DagBag from /home/airflow/.local/lib/python3.12/site-packages/airflow/example_dags/example_branch_operator.py
[2024-12-29T00:23:40.701+0000] {processor.py:925} INFO - DAG(s) 'example_branch_operator' retrieved from /home/airflow/.local/lib/python3.12/site-packages/airflow/example_dags/example_branch_operator.py
[2024-12-29T00:23:40.736+0000] {logging_mixin.py:190} INFO - [2024-12-29T00:23:40.736+0000] {dag.py:3239} INFO - Sync 1 DAGs
[2024-12-29T00:23:40.763+0000] {logging_mixin.py:190} INFO - [2024-12-29T00:23:40.763+0000] {dag.py:4180} INFO - Setting next_dagrun for example_branch_operator to 2024-12-28 00:00:00+00:00, run_after=2024-12-29 00:00:00+00:00
[2024-12-29T00:23:40.788+0000] {processor.py:208} INFO - Processing /home/airflow/.local/lib/python3.12/site-packages/airflow/example_dags/example_branch_operator.py took 0.116 seconds
[2024-12-29T00:24:11.944+0000] {processor.py:186} INFO - Started process (PID=634) to work on /home/airflow/.local/lib/python3.12/site-packages/airflow/example_dags/example_branch_operator.py
[2024-12-29T00:24:11.945+0000] {processor.py:914} INFO - Processing file /home/airflow/.local/lib/python3.12/site-packages/airflow/example_dags/example_branch_operator.py for tasks to queue
[2024-12-29T00:24:11.948+0000] {logging_mixin.py:190} INFO - [2024-12-29T00:24:11.947+0000] {dagbag.py:588} INFO - Filling up the DagBag from /home/airflow/.local/lib/python3.12/site-packages/airflow/example_dags/example_branch_operator.py
[2024-12-29T00:24:11.967+0000] {processor.py:925} INFO - DAG(s) 'example_branch_operator' retrieved from /home/airflow/.local/lib/python3.12/site-packages/airflow/example_dags/example_branch_operator.py
[2024-12-29T00:24:12.002+0000] {logging_mixin.py:190} INFO - [2024-12-29T00:24:12.002+0000] {dag.py:3239} INFO - Sync 1 DAGs
[2024-12-29T00:24:12.034+0000] {logging_mixin.py:190} INFO - [2024-12-29T00:24:12.033+0000] {dag.py:4180} INFO - Setting next_dagrun for example_branch_operator to 2024-12-28 00:00:00+00:00, run_after=2024-12-29 00:00:00+00:00
[2024-12-29T00:24:12.060+0000] {processor.py:208} INFO - Processing /home/airflow/.local/lib/python3.12/site-packages/airflow/example_dags/example_branch_operator.py took 0.123 seconds
[2024-12-29T00:24:42.638+0000] {processor.py:186} INFO - Started process (PID=699) to work on /home/airflow/.local/lib/python3.12/site-packages/airflow/example_dags/example_branch_operator.py
[2024-12-29T00:24:42.640+0000] {processor.py:914} INFO - Processing file /home/airflow/.local/lib/python3.12/site-packages/airflow/example_dags/example_branch_operator.py for tasks to queue
[2024-12-29T00:24:42.642+0000] {logging_mixin.py:190} INFO - [2024-12-29T00:24:42.642+0000] {dagbag.py:588} INFO - Filling up the DagBag from /home/airflow/.local/lib/python3.12/site-packages/airflow/example_dags/example_branch_operator.py
[2024-12-29T00:24:42.659+0000] {processor.py:925} INFO - DAG(s) 'example_branch_operator' retrieved from /home/airflow/.local/lib/python3.12/site-packages/airflow/example_dags/example_branch_operator.py
[2024-12-29T00:24:42.692+0000] {logging_mixin.py:190} INFO - [2024-12-29T00:24:42.692+0000] {dag.py:3239} INFO - Sync 1 DAGs
[2024-12-29T00:24:42.720+0000] {logging_mixin.py:190} INFO - [2024-12-29T00:24:42.720+0000] {dag.py:4180} INFO - Setting next_dagrun for example_branch_operator to 2024-12-28 00:00:00+00:00, run_after=2024-12-29 00:00:00+00:00
[2024-12-29T00:24:42.748+0000] {processor.py:208} INFO - Processing /home/airflow/.local/lib/python3.12/site-packages/airflow/example_dags/example_branch_operator.py took 0.115 seconds
[2024-12-29T00:25:13.398+0000] {processor.py:186} INFO - Started process (PID=764) to work on /home/airflow/.local/lib/python3.12/site-packages/airflow/example_dags/example_branch_operator.py
[2024-12-29T00:25:13.400+0000] {processor.py:914} INFO - Processing file /home/airflow/.local/lib/python3.12/site-packages/airflow/example_dags/example_branch_operator.py for tasks to queue
[2024-12-29T00:25:13.403+0000] {logging_mixin.py:190} INFO - [2024-12-29T00:25:13.402+0000] {dagbag.py:588} INFO - Filling up the DagBag from /home/airflow/.local/lib/python3.12/site-packages/airflow/example_dags/example_branch_operator.py
[2024-12-29T00:25:13.419+0000] {processor.py:925} INFO - DAG(s) 'example_branch_operator' retrieved from /home/airflow/.local/lib/python3.12/site-packages/airflow/example_dags/example_branch_operator.py
[2024-12-29T00:25:13.453+0000] {logging_mixin.py:190} INFO - [2024-12-29T00:25:13.452+0000] {dag.py:3239} INFO - Sync 1 DAGs
[2024-12-29T00:25:13.478+0000] {logging_mixin.py:190} INFO - [2024-12-29T00:25:13.478+0000] {dag.py:4180} INFO - Setting next_dagrun for example_branch_operator to 2024-12-28 00:00:00+00:00, run_after=2024-12-29 00:00:00+00:00
[2024-12-29T00:25:13.501+0000] {processor.py:208} INFO - Processing /home/airflow/.local/lib/python3.12/site-packages/airflow/example_dags/example_branch_operator.py took 0.108 seconds
[2024-12-29T00:25:44.508+0000] {processor.py:186} INFO - Started process (PID=829) to work on /home/airflow/.local/lib/python3.12/site-packages/airflow/example_dags/example_branch_operator.py
[2024-12-29T00:25:44.509+0000] {processor.py:914} INFO - Processing file /home/airflow/.local/lib/python3.12/site-packages/airflow/example_dags/example_branch_operator.py for tasks to queue
[2024-12-29T00:25:44.512+0000] {logging_mixin.py:190} INFO - [2024-12-29T00:25:44.512+0000] {dagbag.py:588} INFO - Filling up the DagBag from /home/airflow/.local/lib/python3.12/site-packages/airflow/example_dags/example_branch_operator.py
[2024-12-29T00:25:44.532+0000] {processor.py:925} INFO - DAG(s) 'example_branch_operator' retrieved from /home/airflow/.local/lib/python3.12/site-packages/airflow/example_dags/example_branch_operator.py
[2024-12-29T00:25:44.565+0000] {logging_mixin.py:190} INFO - [2024-12-29T00:25:44.565+0000] {dag.py:3239} INFO - Sync 1 DAGs
[2024-12-29T00:25:44.595+0000] {logging_mixin.py:190} INFO - [2024-12-29T00:25:44.595+0000] {dag.py:4180} INFO - Setting next_dagrun for example_branch_operator to 2024-12-28 00:00:00+00:00, run_after=2024-12-29 00:00:00+00:00
[2024-12-29T00:25:44.620+0000] {processor.py:208} INFO - Processing /home/airflow/.local/lib/python3.12/site-packages/airflow/example_dags/example_branch_operator.py took 0.120 seconds
[2024-12-29T00:26:14.726+0000] {processor.py:186} INFO - Started process (PID=893) to work on /home/airflow/.local/lib/python3.12/site-packages/airflow/example_dags/example_branch_operator.py
[2024-12-29T00:26:14.728+0000] {processor.py:914} INFO - Processing file /home/airflow/.local/lib/python3.12/site-packages/airflow/example_dags/example_branch_operator.py for tasks to queue
[2024-12-29T00:26:14.731+0000] {logging_mixin.py:190} INFO - [2024-12-29T00:26:14.730+0000] {dagbag.py:588} INFO - Filling up the DagBag from /home/airflow/.local/lib/python3.12/site-packages/airflow/example_dags/example_branch_operator.py
[2024-12-29T00:26:14.751+0000] {processor.py:925} INFO - DAG(s) 'example_branch_operator' retrieved from /home/airflow/.local/lib/python3.12/site-packages/airflow/example_dags/example_branch_operator.py
[2024-12-29T00:26:14.807+0000] {logging_mixin.py:190} INFO - [2024-12-29T00:26:14.806+0000] {dag.py:3239} INFO - Sync 1 DAGs
[2024-12-29T00:26:14.862+0000] {logging_mixin.py:190} INFO - [2024-12-29T00:26:14.862+0000] {dag.py:4180} INFO - Setting next_dagrun for example_branch_operator to 2024-12-28 00:00:00+00:00, run_after=2024-12-29 00:00:00+00:00
[2024-12-29T00:26:14.914+0000] {processor.py:208} INFO - Processing /home/airflow/.local/lib/python3.12/site-packages/airflow/example_dags/example_branch_operator.py took 0.194 seconds
[2024-12-29T00:26:45.580+0000] {processor.py:186} INFO - Started process (PID=958) to work on /home/airflow/.local/lib/python3.12/site-packages/airflow/example_dags/example_branch_operator.py
[2024-12-29T00:26:45.582+0000] {processor.py:914} INFO - Processing file /home/airflow/.local/lib/python3.12/site-packages/airflow/example_dags/example_branch_operator.py for tasks to queue
[2024-12-29T00:26:45.584+0000] {logging_mixin.py:190} INFO - [2024-12-29T00:26:45.584+0000] {dagbag.py:588} INFO - Filling up the DagBag from /home/airflow/.local/lib/python3.12/site-packages/airflow/example_dags/example_branch_operator.py
[2024-12-29T00:26:45.605+0000] {processor.py:925} INFO - DAG(s) 'example_branch_operator' retrieved from /home/airflow/.local/lib/python3.12/site-packages/airflow/example_dags/example_branch_operator.py
[2024-12-29T00:26:45.641+0000] {logging_mixin.py:190} INFO - [2024-12-29T00:26:45.640+0000] {dag.py:3239} INFO - Sync 1 DAGs
[2024-12-29T00:26:45.668+0000] {logging_mixin.py:190} INFO - [2024-12-29T00:26:45.667+0000] {dag.py:4180} INFO - Setting next_dagrun for example_branch_operator to 2024-12-28 00:00:00+00:00, run_after=2024-12-29 00:00:00+00:00
[2024-12-29T00:26:45.693+0000] {processor.py:208} INFO - Processing /home/airflow/.local/lib/python3.12/site-packages/airflow/example_dags/example_branch_operator.py took 0.119 seconds
[2024-12-29T00:27:15.817+0000] {processor.py:186} INFO - Started process (PID=1022) to work on /home/airflow/.local/lib/python3.12/site-packages/airflow/example_dags/example_branch_operator.py
[2024-12-29T00:27:15.819+0000] {processor.py:914} INFO - Processing file /home/airflow/.local/lib/python3.12/site-packages/airflow/example_dags/example_branch_operator.py for tasks to queue
[2024-12-29T00:27:15.822+0000] {logging_mixin.py:190} INFO - [2024-12-29T00:27:15.821+0000] {dagbag.py:588} INFO - Filling up the DagBag from /home/airflow/.local/lib/python3.12/site-packages/airflow/example_dags/example_branch_operator.py
[2024-12-29T00:27:15.840+0000] {processor.py:925} INFO - DAG(s) 'example_branch_operator' retrieved from /home/airflow/.local/lib/python3.12/site-packages/airflow/example_dags/example_branch_operator.py
[2024-12-29T00:27:15.873+0000] {logging_mixin.py:190} INFO - [2024-12-29T00:27:15.872+0000] {dag.py:3239} INFO - Sync 1 DAGs
[2024-12-29T00:27:15.901+0000] {logging_mixin.py:190} INFO - [2024-12-29T00:27:15.901+0000] {dag.py:4180} INFO - Setting next_dagrun for example_branch_operator to 2024-12-28 00:00:00+00:00, run_after=2024-12-29 00:00:00+00:00
[2024-12-29T00:27:15.927+0000] {processor.py:208} INFO - Processing /home/airflow/.local/lib/python3.12/site-packages/airflow/example_dags/example_branch_operator.py took 0.116 seconds
[2024-12-29T00:27:46.037+0000] {processor.py:186} INFO - Started process (PID=1087) to work on /home/airflow/.local/lib/python3.12/site-packages/airflow/example_dags/example_branch_operator.py
[2024-12-29T00:27:46.039+0000] {processor.py:914} INFO - Processing file /home/airflow/.local/lib/python3.12/site-packages/airflow/example_dags/example_branch_operator.py for tasks to queue
[2024-12-29T00:27:46.042+0000] {logging_mixin.py:190} INFO - [2024-12-29T00:27:46.041+0000] {dagbag.py:588} INFO - Filling up the DagBag from /home/airflow/.local/lib/python3.12/site-packages/airflow/example_dags/example_branch_operator.py
[2024-12-29T00:27:46.061+0000] {processor.py:925} INFO - DAG(s) 'example_branch_operator' retrieved from /home/airflow/.local/lib/python3.12/site-packages/airflow/example_dags/example_branch_operator.py
[2024-12-29T00:27:46.097+0000] {logging_mixin.py:190} INFO - [2024-12-29T00:27:46.096+0000] {dag.py:3239} INFO - Sync 1 DAGs
[2024-12-29T00:27:46.129+0000] {logging_mixin.py:190} INFO - [2024-12-29T00:27:46.128+0000] {dag.py:4180} INFO - Setting next_dagrun for example_branch_operator to 2024-12-28 00:00:00+00:00, run_after=2024-12-29 00:00:00+00:00
[2024-12-29T00:27:46.157+0000] {processor.py:208} INFO - Processing /home/airflow/.local/lib/python3.12/site-packages/airflow/example_dags/example_branch_operator.py took 0.127 seconds
[2024-12-29T00:28:16.569+0000] {processor.py:186} INFO - Started process (PID=1153) to work on /home/airflow/.local/lib/python3.12/site-packages/airflow/example_dags/example_branch_operator.py
[2024-12-29T00:28:16.571+0000] {processor.py:914} INFO - Processing file /home/airflow/.local/lib/python3.12/site-packages/airflow/example_dags/example_branch_operator.py for tasks to queue
[2024-12-29T00:28:16.574+0000] {logging_mixin.py:190} INFO - [2024-12-29T00:28:16.574+0000] {dagbag.py:588} INFO - Filling up the DagBag from /home/airflow/.local/lib/python3.12/site-packages/airflow/example_dags/example_branch_operator.py
[2024-12-29T00:28:16.594+0000] {processor.py:925} INFO - DAG(s) 'example_branch_operator' retrieved from /home/airflow/.local/lib/python3.12/site-packages/airflow/example_dags/example_branch_operator.py
[2024-12-29T00:28:16.632+0000] {logging_mixin.py:190} INFO - [2024-12-29T00:28:16.631+0000] {dag.py:3239} INFO - Sync 1 DAGs
[2024-12-29T00:28:16.660+0000] {logging_mixin.py:190} INFO - [2024-12-29T00:28:16.660+0000] {dag.py:4180} INFO - Setting next_dagrun for example_branch_operator to 2024-12-28 00:00:00+00:00, run_after=2024-12-29 00:00:00+00:00
[2024-12-29T00:28:16.689+0000] {processor.py:208} INFO - Processing /home/airflow/.local/lib/python3.12/site-packages/airflow/example_dags/example_branch_operator.py took 0.126 seconds
[2024-12-29T00:28:47.329+0000] {processor.py:186} INFO - Started process (PID=1218) to work on /home/airflow/.local/lib/python3.12/site-packages/airflow/example_dags/example_branch_operator.py
[2024-12-29T00:28:47.332+0000] {processor.py:914} INFO - Processing file /home/airflow/.local/lib/python3.12/site-packages/airflow/example_dags/example_branch_operator.py for tasks to queue
[2024-12-29T00:28:47.335+0000] {logging_mixin.py:190} INFO - [2024-12-29T00:28:47.335+0000] {dagbag.py:588} INFO - Filling up the DagBag from /home/airflow/.local/lib/python3.12/site-packages/airflow/example_dags/example_branch_operator.py
[2024-12-29T00:28:47.360+0000] {processor.py:925} INFO - DAG(s) 'example_branch_operator' retrieved from /home/airflow/.local/lib/python3.12/site-packages/airflow/example_dags/example_branch_operator.py
[2024-12-29T00:28:47.405+0000] {logging_mixin.py:190} INFO - [2024-12-29T00:28:47.405+0000] {dag.py:3239} INFO - Sync 1 DAGs
[2024-12-29T00:28:47.439+0000] {logging_mixin.py:190} INFO - [2024-12-29T00:28:47.438+0000] {dag.py:4180} INFO - Setting next_dagrun for example_branch_operator to 2024-12-28 00:00:00+00:00, run_after=2024-12-29 00:00:00+00:00
[2024-12-29T00:28:47.467+0000] {processor.py:208} INFO - Processing /home/airflow/.local/lib/python3.12/site-packages/airflow/example_dags/example_branch_operator.py took 0.146 seconds
[2024-12-29T00:29:17.576+0000] {processor.py:186} INFO - Started process (PID=1283) to work on /home/airflow/.local/lib/python3.12/site-packages/airflow/example_dags/example_branch_operator.py
[2024-12-29T00:29:17.577+0000] {processor.py:914} INFO - Processing file /home/airflow/.local/lib/python3.12/site-packages/airflow/example_dags/example_branch_operator.py for tasks to queue
[2024-12-29T00:29:17.580+0000] {logging_mixin.py:190} INFO - [2024-12-29T00:29:17.579+0000] {dagbag.py:588} INFO - Filling up the DagBag from /home/airflow/.local/lib/python3.12/site-packages/airflow/example_dags/example_branch_operator.py
[2024-12-29T00:29:17.596+0000] {processor.py:925} INFO - DAG(s) 'example_branch_operator' retrieved from /home/airflow/.local/lib/python3.12/site-packages/airflow/example_dags/example_branch_operator.py
[2024-12-29T00:29:17.626+0000] {logging_mixin.py:190} INFO - [2024-12-29T00:29:17.625+0000] {dag.py:3239} INFO - Sync 1 DAGs
[2024-12-29T00:29:17.654+0000] {logging_mixin.py:190} INFO - [2024-12-29T00:29:17.653+0000] {dag.py:4180} INFO - Setting next_dagrun for example_branch_operator to 2024-12-28 00:00:00+00:00, run_after=2024-12-29 00:00:00+00:00
[2024-12-29T00:29:17.676+0000] {processor.py:208} INFO - Processing /home/airflow/.local/lib/python3.12/site-packages/airflow/example_dags/example_branch_operator.py took 0.106 seconds
[2024-12-29T00:29:47.744+0000] {processor.py:186} INFO - Started process (PID=1348) to work on /home/airflow/.local/lib/python3.12/site-packages/airflow/example_dags/example_branch_operator.py
[2024-12-29T00:29:47.746+0000] {processor.py:914} INFO - Processing file /home/airflow/.local/lib/python3.12/site-packages/airflow/example_dags/example_branch_operator.py for tasks to queue
[2024-12-29T00:29:47.749+0000] {logging_mixin.py:190} INFO - [2024-12-29T00:29:47.748+0000] {dagbag.py:588} INFO - Filling up the DagBag from /home/airflow/.local/lib/python3.12/site-packages/airflow/example_dags/example_branch_operator.py
[2024-12-29T00:29:47.771+0000] {processor.py:925} INFO - DAG(s) 'example_branch_operator' retrieved from /home/airflow/.local/lib/python3.12/site-packages/airflow/example_dags/example_branch_operator.py
[2024-12-29T00:29:47.809+0000] {logging_mixin.py:190} INFO - [2024-12-29T00:29:47.809+0000] {dag.py:3239} INFO - Sync 1 DAGs
[2024-12-29T00:29:47.842+0000] {logging_mixin.py:190} INFO - [2024-12-29T00:29:47.841+0000] {dag.py:4180} INFO - Setting next_dagrun for example_branch_operator to 2024-12-28 00:00:00+00:00, run_after=2024-12-29 00:00:00+00:00
[2024-12-29T00:29:47.869+0000] {processor.py:208} INFO - Processing /home/airflow/.local/lib/python3.12/site-packages/airflow/example_dags/example_branch_operator.py took 0.133 seconds
[2024-12-29T00:30:18.433+0000] {processor.py:186} INFO - Started process (PID=1413) to work on /home/airflow/.local/lib/python3.12/site-packages/airflow/example_dags/example_branch_operator.py
[2024-12-29T00:30:18.435+0000] {processor.py:914} INFO - Processing file /home/airflow/.local/lib/python3.12/site-packages/airflow/example_dags/example_branch_operator.py for tasks to queue
[2024-12-29T00:30:18.438+0000] {logging_mixin.py:190} INFO - [2024-12-29T00:30:18.438+0000] {dagbag.py:588} INFO - Filling up the DagBag from /home/airflow/.local/lib/python3.12/site-packages/airflow/example_dags/example_branch_operator.py
[2024-12-29T00:30:18.457+0000] {processor.py:925} INFO - DAG(s) 'example_branch_operator' retrieved from /home/airflow/.local/lib/python3.12/site-packages/airflow/example_dags/example_branch_operator.py
[2024-12-29T00:30:18.491+0000] {logging_mixin.py:190} INFO - [2024-12-29T00:30:18.490+0000] {dag.py:3239} INFO - Sync 1 DAGs
[2024-12-29T00:30:18.519+0000] {logging_mixin.py:190} INFO - [2024-12-29T00:30:18.518+0000] {dag.py:4180} INFO - Setting next_dagrun for example_branch_operator to 2024-12-28 00:00:00+00:00, run_after=2024-12-29 00:00:00+00:00
[2024-12-29T00:30:18.545+0000] {processor.py:208} INFO - Processing /home/airflow/.local/lib/python3.12/site-packages/airflow/example_dags/example_branch_operator.py took 0.118 seconds
[2024-12-29T00:30:48.746+0000] {processor.py:186} INFO - Started process (PID=1478) to work on /home/airflow/.local/lib/python3.12/site-packages/airflow/example_dags/example_branch_operator.py
[2024-12-29T00:30:48.748+0000] {processor.py:914} INFO - Processing file /home/airflow/.local/lib/python3.12/site-packages/airflow/example_dags/example_branch_operator.py for tasks to queue
[2024-12-29T00:30:48.750+0000] {logging_mixin.py:190} INFO - [2024-12-29T00:30:48.750+0000] {dagbag.py:588} INFO - Filling up the DagBag from /home/airflow/.local/lib/python3.12/site-packages/airflow/example_dags/example_branch_operator.py
[2024-12-29T00:30:48.766+0000] {processor.py:925} INFO - DAG(s) 'example_branch_operator' retrieved from /home/airflow/.local/lib/python3.12/site-packages/airflow/example_dags/example_branch_operator.py
[2024-12-29T00:30:48.798+0000] {logging_mixin.py:190} INFO - [2024-12-29T00:30:48.798+0000] {dag.py:3239} INFO - Sync 1 DAGs
[2024-12-29T00:30:48.824+0000] {logging_mixin.py:190} INFO - [2024-12-29T00:30:48.824+0000] {dag.py:4180} INFO - Setting next_dagrun for example_branch_operator to 2024-12-28 00:00:00+00:00, run_after=2024-12-29 00:00:00+00:00
[2024-12-29T00:30:48.848+0000] {processor.py:208} INFO - Processing /home/airflow/.local/lib/python3.12/site-packages/airflow/example_dags/example_branch_operator.py took 0.108 seconds
[2024-12-29T00:31:19.307+0000] {processor.py:186} INFO - Started process (PID=1544) to work on /home/airflow/.local/lib/python3.12/site-packages/airflow/example_dags/example_branch_operator.py
[2024-12-29T00:31:19.309+0000] {processor.py:914} INFO - Processing file /home/airflow/.local/lib/python3.12/site-packages/airflow/example_dags/example_branch_operator.py for tasks to queue
[2024-12-29T00:31:19.312+0000] {logging_mixin.py:190} INFO - [2024-12-29T00:31:19.311+0000] {dagbag.py:588} INFO - Filling up the DagBag from /home/airflow/.local/lib/python3.12/site-packages/airflow/example_dags/example_branch_operator.py
[2024-12-29T00:31:19.332+0000] {processor.py:925} INFO - DAG(s) 'example_branch_operator' retrieved from /home/airflow/.local/lib/python3.12/site-packages/airflow/example_dags/example_branch_operator.py
[2024-12-29T00:31:19.370+0000] {logging_mixin.py:190} INFO - [2024-12-29T00:31:19.370+0000] {dag.py:3239} INFO - Sync 1 DAGs
[2024-12-29T00:31:19.403+0000] {logging_mixin.py:190} INFO - [2024-12-29T00:31:19.403+0000] {dag.py:4180} INFO - Setting next_dagrun for example_branch_operator to 2024-12-28 00:00:00+00:00, run_after=2024-12-29 00:00:00+00:00
[2024-12-29T00:31:19.434+0000] {processor.py:208} INFO - Processing /home/airflow/.local/lib/python3.12/site-packages/airflow/example_dags/example_branch_operator.py took 0.134 seconds
[2024-12-29T00:31:49.516+0000] {processor.py:186} INFO - Started process (PID=1609) to work on /home/airflow/.local/lib/python3.12/site-packages/airflow/example_dags/example_branch_operator.py
[2024-12-29T00:31:49.517+0000] {processor.py:914} INFO - Processing file /home/airflow/.local/lib/python3.12/site-packages/airflow/example_dags/example_branch_operator.py for tasks to queue
[2024-12-29T00:31:49.520+0000] {logging_mixin.py:190} INFO - [2024-12-29T00:31:49.519+0000] {dagbag.py:588} INFO - Filling up the DagBag from /home/airflow/.local/lib/python3.12/site-packages/airflow/example_dags/example_branch_operator.py
[2024-12-29T00:31:49.538+0000] {processor.py:925} INFO - DAG(s) 'example_branch_operator' retrieved from /home/airflow/.local/lib/python3.12/site-packages/airflow/example_dags/example_branch_operator.py
[2024-12-29T00:31:49.573+0000] {logging_mixin.py:190} INFO - [2024-12-29T00:31:49.572+0000] {dag.py:3239} INFO - Sync 1 DAGs
[2024-12-29T00:31:49.602+0000] {logging_mixin.py:190} INFO - [2024-12-29T00:31:49.602+0000] {dag.py:4180} INFO - Setting next_dagrun for example_branch_operator to 2024-12-28 00:00:00+00:00, run_after=2024-12-29 00:00:00+00:00
[2024-12-29T00:31:49.630+0000] {processor.py:208} INFO - Processing /home/airflow/.local/lib/python3.12/site-packages/airflow/example_dags/example_branch_operator.py took 0.120 seconds
[2024-12-29T00:32:19.904+0000] {processor.py:186} INFO - Started process (PID=1674) to work on /home/airflow/.local/lib/python3.12/site-packages/airflow/example_dags/example_branch_operator.py
[2024-12-29T00:32:19.906+0000] {processor.py:914} INFO - Processing file /home/airflow/.local/lib/python3.12/site-packages/airflow/example_dags/example_branch_operator.py for tasks to queue
[2024-12-29T00:32:19.908+0000] {logging_mixin.py:190} INFO - [2024-12-29T00:32:19.908+0000] {dagbag.py:588} INFO - Filling up the DagBag from /home/airflow/.local/lib/python3.12/site-packages/airflow/example_dags/example_branch_operator.py
[2024-12-29T00:32:19.929+0000] {processor.py:925} INFO - DAG(s) 'example_branch_operator' retrieved from /home/airflow/.local/lib/python3.12/site-packages/airflow/example_dags/example_branch_operator.py
[2024-12-29T00:32:19.965+0000] {logging_mixin.py:190} INFO - [2024-12-29T00:32:19.964+0000] {dag.py:3239} INFO - Sync 1 DAGs
[2024-12-29T00:32:19.993+0000] {logging_mixin.py:190} INFO - [2024-12-29T00:32:19.993+0000] {dag.py:4180} INFO - Setting next_dagrun for example_branch_operator to 2024-12-28 00:00:00+00:00, run_after=2024-12-29 00:00:00+00:00
[2024-12-29T00:32:20.024+0000] {processor.py:208} INFO - Processing /home/airflow/.local/lib/python3.12/site-packages/airflow/example_dags/example_branch_operator.py took 0.129 seconds
[2024-12-29T00:32:50.633+0000] {processor.py:186} INFO - Started process (PID=1739) to work on /home/airflow/.local/lib/python3.12/site-packages/airflow/example_dags/example_branch_operator.py
[2024-12-29T00:32:50.634+0000] {processor.py:914} INFO - Processing file /home/airflow/.local/lib/python3.12/site-packages/airflow/example_dags/example_branch_operator.py for tasks to queue
[2024-12-29T00:32:50.638+0000] {logging_mixin.py:190} INFO - [2024-12-29T00:32:50.637+0000] {dagbag.py:588} INFO - Filling up the DagBag from /home/airflow/.local/lib/python3.12/site-packages/airflow/example_dags/example_branch_operator.py
[2024-12-29T00:32:50.666+0000] {processor.py:925} INFO - DAG(s) 'example_branch_operator' retrieved from /home/airflow/.local/lib/python3.12/site-packages/airflow/example_dags/example_branch_operator.py
[2024-12-29T00:32:50.729+0000] {logging_mixin.py:190} INFO - [2024-12-29T00:32:50.729+0000] {dag.py:3239} INFO - Sync 1 DAGs
[2024-12-29T00:32:50.784+0000] {logging_mixin.py:190} INFO - [2024-12-29T00:32:50.783+0000] {dag.py:4180} INFO - Setting next_dagrun for example_branch_operator to 2024-12-28 00:00:00+00:00, run_after=2024-12-29 00:00:00+00:00
[2024-12-29T00:32:50.821+0000] {processor.py:208} INFO - Processing /home/airflow/.local/lib/python3.12/site-packages/airflow/example_dags/example_branch_operator.py took 0.197 seconds
[2024-12-29T00:33:20.881+0000] {processor.py:186} INFO - Started process (PID=1804) to work on /home/airflow/.local/lib/python3.12/site-packages/airflow/example_dags/example_branch_operator.py
[2024-12-29T00:33:20.884+0000] {processor.py:914} INFO - Processing file /home/airflow/.local/lib/python3.12/site-packages/airflow/example_dags/example_branch_operator.py for tasks to queue
[2024-12-29T00:33:20.887+0000] {logging_mixin.py:190} INFO - [2024-12-29T00:33:20.887+0000] {dagbag.py:588} INFO - Filling up the DagBag from /home/airflow/.local/lib/python3.12/site-packages/airflow/example_dags/example_branch_operator.py
[2024-12-29T00:33:20.907+0000] {processor.py:925} INFO - DAG(s) 'example_branch_operator' retrieved from /home/airflow/.local/lib/python3.12/site-packages/airflow/example_dags/example_branch_operator.py
[2024-12-29T00:33:20.946+0000] {logging_mixin.py:190} INFO - [2024-12-29T00:33:20.946+0000] {dag.py:3239} INFO - Sync 1 DAGs
[2024-12-29T00:33:20.978+0000] {logging_mixin.py:190} INFO - [2024-12-29T00:33:20.978+0000] {dag.py:4180} INFO - Setting next_dagrun for example_branch_operator to 2024-12-28 00:00:00+00:00, run_after=2024-12-29 00:00:00+00:00
[2024-12-29T00:33:21.007+0000] {processor.py:208} INFO - Processing /home/airflow/.local/lib/python3.12/site-packages/airflow/example_dags/example_branch_operator.py took 0.132 seconds
[2024-12-29T00:33:51.111+0000] {processor.py:186} INFO - Started process (PID=1869) to work on /home/airflow/.local/lib/python3.12/site-packages/airflow/example_dags/example_branch_operator.py
[2024-12-29T00:33:51.112+0000] {processor.py:914} INFO - Processing file /home/airflow/.local/lib/python3.12/site-packages/airflow/example_dags/example_branch_operator.py for tasks to queue
[2024-12-29T00:33:51.115+0000] {logging_mixin.py:190} INFO - [2024-12-29T00:33:51.114+0000] {dagbag.py:588} INFO - Filling up the DagBag from /home/airflow/.local/lib/python3.12/site-packages/airflow/example_dags/example_branch_operator.py
[2024-12-29T00:33:51.136+0000] {processor.py:925} INFO - DAG(s) 'example_branch_operator' retrieved from /home/airflow/.local/lib/python3.12/site-packages/airflow/example_dags/example_branch_operator.py
[2024-12-29T00:33:51.171+0000] {logging_mixin.py:190} INFO - [2024-12-29T00:33:51.171+0000] {dag.py:3239} INFO - Sync 1 DAGs
[2024-12-29T00:33:51.200+0000] {logging_mixin.py:190} INFO - [2024-12-29T00:33:51.199+0000] {dag.py:4180} INFO - Setting next_dagrun for example_branch_operator to 2024-12-28 00:00:00+00:00, run_after=2024-12-29 00:00:00+00:00
[2024-12-29T00:33:51.229+0000] {processor.py:208} INFO - Processing /home/airflow/.local/lib/python3.12/site-packages/airflow/example_dags/example_branch_operator.py took 0.125 seconds
[2024-12-29T00:34:22.030+0000] {processor.py:186} INFO - Started process (PID=1934) to work on /home/airflow/.local/lib/python3.12/site-packages/airflow/example_dags/example_branch_operator.py
[2024-12-29T00:34:22.032+0000] {processor.py:914} INFO - Processing file /home/airflow/.local/lib/python3.12/site-packages/airflow/example_dags/example_branch_operator.py for tasks to queue
[2024-12-29T00:34:22.035+0000] {logging_mixin.py:190} INFO - [2024-12-29T00:34:22.035+0000] {dagbag.py:588} INFO - Filling up the DagBag from /home/airflow/.local/lib/python3.12/site-packages/airflow/example_dags/example_branch_operator.py
[2024-12-29T00:34:22.056+0000] {processor.py:925} INFO - DAG(s) 'example_branch_operator' retrieved from /home/airflow/.local/lib/python3.12/site-packages/airflow/example_dags/example_branch_operator.py
[2024-12-29T00:34:22.097+0000] {logging_mixin.py:190} INFO - [2024-12-29T00:34:22.097+0000] {dag.py:3239} INFO - Sync 1 DAGs
[2024-12-29T00:34:22.129+0000] {logging_mixin.py:190} INFO - [2024-12-29T00:34:22.128+0000] {dag.py:4180} INFO - Setting next_dagrun for example_branch_operator to 2024-12-28 00:00:00+00:00, run_after=2024-12-29 00:00:00+00:00
[2024-12-29T00:34:22.157+0000] {processor.py:208} INFO - Processing /home/airflow/.local/lib/python3.12/site-packages/airflow/example_dags/example_branch_operator.py took 0.136 seconds
[2024-12-29T00:34:52.610+0000] {processor.py:186} INFO - Started process (PID=1999) to work on /home/airflow/.local/lib/python3.12/site-packages/airflow/example_dags/example_branch_operator.py
[2024-12-29T00:34:52.612+0000] {processor.py:914} INFO - Processing file /home/airflow/.local/lib/python3.12/site-packages/airflow/example_dags/example_branch_operator.py for tasks to queue
[2024-12-29T00:34:52.614+0000] {logging_mixin.py:190} INFO - [2024-12-29T00:34:52.614+0000] {dagbag.py:588} INFO - Filling up the DagBag from /home/airflow/.local/lib/python3.12/site-packages/airflow/example_dags/example_branch_operator.py
[2024-12-29T00:34:52.631+0000] {processor.py:925} INFO - DAG(s) 'example_branch_operator' retrieved from /home/airflow/.local/lib/python3.12/site-packages/airflow/example_dags/example_branch_operator.py
[2024-12-29T00:34:52.666+0000] {logging_mixin.py:190} INFO - [2024-12-29T00:34:52.665+0000] {dag.py:3239} INFO - Sync 1 DAGs
[2024-12-29T00:34:52.693+0000] {logging_mixin.py:190} INFO - [2024-12-29T00:34:52.693+0000] {dag.py:4180} INFO - Setting next_dagrun for example_branch_operator to 2024-12-28 00:00:00+00:00, run_after=2024-12-29 00:00:00+00:00
[2024-12-29T00:34:52.720+0000] {processor.py:208} INFO - Processing /home/airflow/.local/lib/python3.12/site-packages/airflow/example_dags/example_branch_operator.py took 0.116 seconds
[2024-12-29T00:35:22.832+0000] {processor.py:186} INFO - Started process (PID=2064) to work on /home/airflow/.local/lib/python3.12/site-packages/airflow/example_dags/example_branch_operator.py
[2024-12-29T00:35:22.834+0000] {processor.py:914} INFO - Processing file /home/airflow/.local/lib/python3.12/site-packages/airflow/example_dags/example_branch_operator.py for tasks to queue
[2024-12-29T00:35:22.836+0000] {logging_mixin.py:190} INFO - [2024-12-29T00:35:22.836+0000] {dagbag.py:588} INFO - Filling up the DagBag from /home/airflow/.local/lib/python3.12/site-packages/airflow/example_dags/example_branch_operator.py
[2024-12-29T00:35:22.869+0000] {processor.py:925} INFO - DAG(s) 'example_branch_operator' retrieved from /home/airflow/.local/lib/python3.12/site-packages/airflow/example_dags/example_branch_operator.py
[2024-12-29T00:35:22.924+0000] {logging_mixin.py:190} INFO - [2024-12-29T00:35:22.923+0000] {dag.py:3239} INFO - Sync 1 DAGs
[2024-12-29T00:35:22.959+0000] {logging_mixin.py:190} INFO - [2024-12-29T00:35:22.958+0000] {dag.py:4180} INFO - Setting next_dagrun for example_branch_operator to 2024-12-28 00:00:00+00:00, run_after=2024-12-29 00:00:00+00:00
[2024-12-29T00:35:22.984+0000] {processor.py:208} INFO - Processing /home/airflow/.local/lib/python3.12/site-packages/airflow/example_dags/example_branch_operator.py took 0.158 seconds
[2024-12-29T00:35:53.680+0000] {processor.py:186} INFO - Started process (PID=2129) to work on /home/airflow/.local/lib/python3.12/site-packages/airflow/example_dags/example_branch_operator.py
[2024-12-29T00:35:53.683+0000] {processor.py:914} INFO - Processing file /home/airflow/.local/lib/python3.12/site-packages/airflow/example_dags/example_branch_operator.py for tasks to queue
[2024-12-29T00:35:53.687+0000] {logging_mixin.py:190} INFO - [2024-12-29T00:35:53.686+0000] {dagbag.py:588} INFO - Filling up the DagBag from /home/airflow/.local/lib/python3.12/site-packages/airflow/example_dags/example_branch_operator.py
[2024-12-29T00:35:53.712+0000] {processor.py:925} INFO - DAG(s) 'example_branch_operator' retrieved from /home/airflow/.local/lib/python3.12/site-packages/airflow/example_dags/example_branch_operator.py
[2024-12-29T00:35:53.754+0000] {logging_mixin.py:190} INFO - [2024-12-29T00:35:53.754+0000] {dag.py:3239} INFO - Sync 1 DAGs
[2024-12-29T00:35:53.789+0000] {logging_mixin.py:190} INFO - [2024-12-29T00:35:53.789+0000] {dag.py:4180} INFO - Setting next_dagrun for example_branch_operator to 2024-12-28 00:00:00+00:00, run_after=2024-12-29 00:00:00+00:00
[2024-12-29T00:35:53.841+0000] {processor.py:208} INFO - Processing /home/airflow/.local/lib/python3.12/site-packages/airflow/example_dags/example_branch_operator.py took 0.169 seconds
[2024-12-29T00:36:24.046+0000] {processor.py:186} INFO - Started process (PID=2194) to work on /home/airflow/.local/lib/python3.12/site-packages/airflow/example_dags/example_branch_operator.py
[2024-12-29T00:36:24.048+0000] {processor.py:914} INFO - Processing file /home/airflow/.local/lib/python3.12/site-packages/airflow/example_dags/example_branch_operator.py for tasks to queue
[2024-12-29T00:36:24.051+0000] {logging_mixin.py:190} INFO - [2024-12-29T00:36:24.050+0000] {dagbag.py:588} INFO - Filling up the DagBag from /home/airflow/.local/lib/python3.12/site-packages/airflow/example_dags/example_branch_operator.py
[2024-12-29T00:36:24.070+0000] {processor.py:925} INFO - DAG(s) 'example_branch_operator' retrieved from /home/airflow/.local/lib/python3.12/site-packages/airflow/example_dags/example_branch_operator.py
[2024-12-29T00:36:24.108+0000] {logging_mixin.py:190} INFO - [2024-12-29T00:36:24.108+0000] {dag.py:3239} INFO - Sync 1 DAGs
[2024-12-29T00:36:24.136+0000] {logging_mixin.py:190} INFO - [2024-12-29T00:36:24.136+0000] {dag.py:4180} INFO - Setting next_dagrun for example_branch_operator to 2024-12-28 00:00:00+00:00, run_after=2024-12-29 00:00:00+00:00
[2024-12-29T00:36:24.161+0000] {processor.py:208} INFO - Processing /home/airflow/.local/lib/python3.12/site-packages/airflow/example_dags/example_branch_operator.py took 0.120 seconds
[2024-12-29T00:36:55.182+0000] {processor.py:186} INFO - Started process (PID=2260) to work on /home/airflow/.local/lib/python3.12/site-packages/airflow/example_dags/example_branch_operator.py
[2024-12-29T00:36:55.184+0000] {processor.py:914} INFO - Processing file /home/airflow/.local/lib/python3.12/site-packages/airflow/example_dags/example_branch_operator.py for tasks to queue
[2024-12-29T00:36:55.186+0000] {logging_mixin.py:190} INFO - [2024-12-29T00:36:55.186+0000] {dagbag.py:588} INFO - Filling up the DagBag from /home/airflow/.local/lib/python3.12/site-packages/airflow/example_dags/example_branch_operator.py
[2024-12-29T00:36:55.209+0000] {processor.py:925} INFO - DAG(s) 'example_branch_operator' retrieved from /home/airflow/.local/lib/python3.12/site-packages/airflow/example_dags/example_branch_operator.py
[2024-12-29T00:36:55.249+0000] {logging_mixin.py:190} INFO - [2024-12-29T00:36:55.248+0000] {dag.py:3239} INFO - Sync 1 DAGs
[2024-12-29T00:36:55.282+0000] {logging_mixin.py:190} INFO - [2024-12-29T00:36:55.282+0000] {dag.py:4180} INFO - Setting next_dagrun for example_branch_operator to 2024-12-28 00:00:00+00:00, run_after=2024-12-29 00:00:00+00:00
[2024-12-29T00:36:55.312+0000] {processor.py:208} INFO - Processing /home/airflow/.local/lib/python3.12/site-packages/airflow/example_dags/example_branch_operator.py took 0.135 seconds
[2024-12-29T00:37:25.460+0000] {processor.py:186} INFO - Started process (PID=2325) to work on /home/airflow/.local/lib/python3.12/site-packages/airflow/example_dags/example_branch_operator.py
[2024-12-29T00:37:25.461+0000] {processor.py:914} INFO - Processing file /home/airflow/.local/lib/python3.12/site-packages/airflow/example_dags/example_branch_operator.py for tasks to queue
[2024-12-29T00:37:25.463+0000] {logging_mixin.py:190} INFO - [2024-12-29T00:37:25.463+0000] {dagbag.py:588} INFO - Filling up the DagBag from /home/airflow/.local/lib/python3.12/site-packages/airflow/example_dags/example_branch_operator.py
[2024-12-29T00:37:25.481+0000] {processor.py:925} INFO - DAG(s) 'example_branch_operator' retrieved from /home/airflow/.local/lib/python3.12/site-packages/airflow/example_dags/example_branch_operator.py
[2024-12-29T00:37:25.513+0000] {logging_mixin.py:190} INFO - [2024-12-29T00:37:25.512+0000] {dag.py:3239} INFO - Sync 1 DAGs
[2024-12-29T00:37:25.542+0000] {logging_mixin.py:190} INFO - [2024-12-29T00:37:25.542+0000] {dag.py:4180} INFO - Setting next_dagrun for example_branch_operator to 2024-12-28 00:00:00+00:00, run_after=2024-12-29 00:00:00+00:00
[2024-12-29T00:37:25.567+0000] {processor.py:208} INFO - Processing /home/airflow/.local/lib/python3.12/site-packages/airflow/example_dags/example_branch_operator.py took 0.113 seconds
[2024-12-29T00:37:56.217+0000] {processor.py:186} INFO - Started process (PID=2390) to work on /home/airflow/.local/lib/python3.12/site-packages/airflow/example_dags/example_branch_operator.py
[2024-12-29T00:37:56.219+0000] {processor.py:914} INFO - Processing file /home/airflow/.local/lib/python3.12/site-packages/airflow/example_dags/example_branch_operator.py for tasks to queue
[2024-12-29T00:37:56.221+0000] {logging_mixin.py:190} INFO - [2024-12-29T00:37:56.221+0000] {dagbag.py:588} INFO - Filling up the DagBag from /home/airflow/.local/lib/python3.12/site-packages/airflow/example_dags/example_branch_operator.py
[2024-12-29T00:37:56.239+0000] {processor.py:925} INFO - DAG(s) 'example_branch_operator' retrieved from /home/airflow/.local/lib/python3.12/site-packages/airflow/example_dags/example_branch_operator.py
[2024-12-29T00:37:56.272+0000] {logging_mixin.py:190} INFO - [2024-12-29T00:37:56.272+0000] {dag.py:3239} INFO - Sync 1 DAGs
[2024-12-29T00:37:56.298+0000] {logging_mixin.py:190} INFO - [2024-12-29T00:37:56.298+0000] {dag.py:4180} INFO - Setting next_dagrun for example_branch_operator to 2024-12-28 00:00:00+00:00, run_after=2024-12-29 00:00:00+00:00
[2024-12-29T00:37:56.321+0000] {processor.py:208} INFO - Processing /home/airflow/.local/lib/python3.12/site-packages/airflow/example_dags/example_branch_operator.py took 0.109 seconds
