[2024-12-29T00:03:59.748+0000] {processor.py:186} INFO - Started process (PID=126) to work on /home/airflow/.local/lib/python3.12/site-packages/airflow/example_dags/example_skip_dag.py
[2024-12-29T00:03:59.749+0000] {processor.py:914} INFO - Processing file /home/airflow/.local/lib/python3.12/site-packages/airflow/example_dags/example_skip_dag.py for tasks to queue
[2024-12-29T00:03:59.753+0000] {logging_mixin.py:190} INFO - [2024-12-29T00:03:59.752+0000] {dagbag.py:588} INFO - Filling up the DagBag from /home/airflow/.local/lib/python3.12/site-packages/airflow/example_dags/example_skip_dag.py
[2024-12-29T00:03:59.763+0000] {processor.py:925} INFO - DAG(s) 'example_skip_dag' retrieved from /home/airflow/.local/lib/python3.12/site-packages/airflow/example_dags/example_skip_dag.py
[2024-12-29T00:03:59.939+0000] {logging_mixin.py:190} INFO - [2024-12-29T00:03:59.938+0000] {override.py:1911} INFO - Created Permission View: can read on DAG:example_skip_dag
[2024-12-29T00:03:59.957+0000] {logging_mixin.py:190} INFO - [2024-12-29T00:03:59.957+0000] {override.py:1911} INFO - Created Permission View: can edit on DAG:example_skip_dag
[2024-12-29T00:03:59.970+0000] {logging_mixin.py:190} INFO - [2024-12-29T00:03:59.969+0000] {override.py:1911} INFO - Created Permission View: can delete on DAG:example_skip_dag
[2024-12-29T00:03:59.983+0000] {logging_mixin.py:190} INFO - [2024-12-29T00:03:59.982+0000] {override.py:1911} INFO - Created Permission View: can create on DAG Run:example_skip_dag
[2024-12-29T00:03:59.995+0000] {logging_mixin.py:190} INFO - [2024-12-29T00:03:59.994+0000] {override.py:1911} INFO - Created Permission View: can read on DAG Run:example_skip_dag
[2024-12-29T00:04:00.007+0000] {logging_mixin.py:190} INFO - [2024-12-29T00:04:00.006+0000] {override.py:1911} INFO - Created Permission View: can delete on DAG Run:example_skip_dag
[2024-12-29T00:04:00.021+0000] {logging_mixin.py:190} INFO - [2024-12-29T00:04:00.020+0000] {override.py:1911} INFO - Created Permission View: menu access on DAG Run:example_skip_dag
[2024-12-29T00:04:00.021+0000] {logging_mixin.py:190} INFO - [2024-12-29T00:04:00.021+0000] {dag.py:3239} INFO - Sync 1 DAGs
[2024-12-29T00:04:00.042+0000] {logging_mixin.py:190} INFO - [2024-12-29T00:04:00.042+0000] {dag.py:3262} INFO - Creating ORM DAG for example_skip_dag
[2024-12-29T00:04:00.058+0000] {logging_mixin.py:190} INFO - [2024-12-29T00:04:00.058+0000] {dag.py:4180} INFO - Setting next_dagrun for example_skip_dag to 2024-12-28 00:00:00+00:00, run_after=2024-12-29 00:00:00+00:00
[2024-12-29T00:04:00.089+0000] {processor.py:208} INFO - Processing /home/airflow/.local/lib/python3.12/site-packages/airflow/example_dags/example_skip_dag.py took 0.348 seconds
[2024-12-29T00:04:30.844+0000] {processor.py:186} INFO - Started process (PID=190) to work on /home/airflow/.local/lib/python3.12/site-packages/airflow/example_dags/example_skip_dag.py
[2024-12-29T00:04:30.846+0000] {processor.py:914} INFO - Processing file /home/airflow/.local/lib/python3.12/site-packages/airflow/example_dags/example_skip_dag.py for tasks to queue
[2024-12-29T00:04:30.849+0000] {logging_mixin.py:190} INFO - [2024-12-29T00:04:30.848+0000] {dagbag.py:588} INFO - Filling up the DagBag from /home/airflow/.local/lib/python3.12/site-packages/airflow/example_dags/example_skip_dag.py
[2024-12-29T00:04:30.859+0000] {processor.py:925} INFO - DAG(s) 'example_skip_dag' retrieved from /home/airflow/.local/lib/python3.12/site-packages/airflow/example_dags/example_skip_dag.py
[2024-12-29T00:04:30.886+0000] {logging_mixin.py:190} INFO - [2024-12-29T00:04:30.886+0000] {dag.py:3239} INFO - Sync 1 DAGs
[2024-12-29T00:04:30.916+0000] {logging_mixin.py:190} INFO - [2024-12-29T00:04:30.916+0000] {dag.py:4180} INFO - Setting next_dagrun for example_skip_dag to 2024-12-28 00:00:00+00:00, run_after=2024-12-29 00:00:00+00:00
[2024-12-29T00:04:30.951+0000] {processor.py:208} INFO - Processing /home/airflow/.local/lib/python3.12/site-packages/airflow/example_dags/example_skip_dag.py took 0.113 seconds
[2024-12-29T00:05:03.054+0000] {processor.py:186} INFO - Started process (PID=254) to work on /home/airflow/.local/lib/python3.12/site-packages/airflow/example_dags/example_skip_dag.py
[2024-12-29T00:05:03.056+0000] {processor.py:914} INFO - Processing file /home/airflow/.local/lib/python3.12/site-packages/airflow/example_dags/example_skip_dag.py for tasks to queue
[2024-12-29T00:05:03.059+0000] {logging_mixin.py:190} INFO - [2024-12-29T00:05:03.059+0000] {dagbag.py:588} INFO - Filling up the DagBag from /home/airflow/.local/lib/python3.12/site-packages/airflow/example_dags/example_skip_dag.py
[2024-12-29T00:05:03.069+0000] {processor.py:925} INFO - DAG(s) 'example_skip_dag' retrieved from /home/airflow/.local/lib/python3.12/site-packages/airflow/example_dags/example_skip_dag.py
[2024-12-29T00:05:03.103+0000] {logging_mixin.py:190} INFO - [2024-12-29T00:05:03.103+0000] {dag.py:3239} INFO - Sync 1 DAGs
[2024-12-29T00:05:03.137+0000] {logging_mixin.py:190} INFO - [2024-12-29T00:05:03.136+0000] {dag.py:4180} INFO - Setting next_dagrun for example_skip_dag to 2024-12-28 00:00:00+00:00, run_after=2024-12-29 00:00:00+00:00
[2024-12-29T00:05:03.166+0000] {processor.py:208} INFO - Processing /home/airflow/.local/lib/python3.12/site-packages/airflow/example_dags/example_skip_dag.py took 0.120 seconds
[2024-12-29T00:05:34.315+0000] {processor.py:186} INFO - Started process (PID=318) to work on /home/airflow/.local/lib/python3.12/site-packages/airflow/example_dags/example_skip_dag.py
[2024-12-29T00:05:34.317+0000] {processor.py:914} INFO - Processing file /home/airflow/.local/lib/python3.12/site-packages/airflow/example_dags/example_skip_dag.py for tasks to queue
[2024-12-29T00:05:34.320+0000] {logging_mixin.py:190} INFO - [2024-12-29T00:05:34.320+0000] {dagbag.py:588} INFO - Filling up the DagBag from /home/airflow/.local/lib/python3.12/site-packages/airflow/example_dags/example_skip_dag.py
[2024-12-29T00:05:34.331+0000] {processor.py:925} INFO - DAG(s) 'example_skip_dag' retrieved from /home/airflow/.local/lib/python3.12/site-packages/airflow/example_dags/example_skip_dag.py
[2024-12-29T00:05:34.359+0000] {logging_mixin.py:190} INFO - [2024-12-29T00:05:34.358+0000] {dag.py:3239} INFO - Sync 1 DAGs
[2024-12-29T00:05:34.387+0000] {logging_mixin.py:190} INFO - [2024-12-29T00:05:34.386+0000] {dag.py:4180} INFO - Setting next_dagrun for example_skip_dag to 2024-12-28 00:00:00+00:00, run_after=2024-12-29 00:00:00+00:00
[2024-12-29T00:05:34.414+0000] {processor.py:208} INFO - Processing /home/airflow/.local/lib/python3.12/site-packages/airflow/example_dags/example_skip_dag.py took 0.106 seconds
[2024-12-29T00:06:05.633+0000] {processor.py:186} INFO - Started process (PID=382) to work on /home/airflow/.local/lib/python3.12/site-packages/airflow/example_dags/example_skip_dag.py
[2024-12-29T00:06:05.635+0000] {processor.py:914} INFO - Processing file /home/airflow/.local/lib/python3.12/site-packages/airflow/example_dags/example_skip_dag.py for tasks to queue
[2024-12-29T00:06:05.637+0000] {logging_mixin.py:190} INFO - [2024-12-29T00:06:05.637+0000] {dagbag.py:588} INFO - Filling up the DagBag from /home/airflow/.local/lib/python3.12/site-packages/airflow/example_dags/example_skip_dag.py
[2024-12-29T00:06:05.646+0000] {processor.py:925} INFO - DAG(s) 'example_skip_dag' retrieved from /home/airflow/.local/lib/python3.12/site-packages/airflow/example_dags/example_skip_dag.py
[2024-12-29T00:06:05.671+0000] {logging_mixin.py:190} INFO - [2024-12-29T00:06:05.670+0000] {dag.py:3239} INFO - Sync 1 DAGs
[2024-12-29T00:06:05.697+0000] {logging_mixin.py:190} INFO - [2024-12-29T00:06:05.697+0000] {dag.py:4180} INFO - Setting next_dagrun for example_skip_dag to 2024-12-28 00:00:00+00:00, run_after=2024-12-29 00:00:00+00:00
[2024-12-29T00:06:05.721+0000] {processor.py:208} INFO - Processing /home/airflow/.local/lib/python3.12/site-packages/airflow/example_dags/example_skip_dag.py took 0.093 seconds
[2024-12-29T00:06:37.147+0000] {processor.py:186} INFO - Started process (PID=446) to work on /home/airflow/.local/lib/python3.12/site-packages/airflow/example_dags/example_skip_dag.py
[2024-12-29T00:06:37.148+0000] {processor.py:914} INFO - Processing file /home/airflow/.local/lib/python3.12/site-packages/airflow/example_dags/example_skip_dag.py for tasks to queue
[2024-12-29T00:06:37.151+0000] {logging_mixin.py:190} INFO - [2024-12-29T00:06:37.150+0000] {dagbag.py:588} INFO - Filling up the DagBag from /home/airflow/.local/lib/python3.12/site-packages/airflow/example_dags/example_skip_dag.py
[2024-12-29T00:06:37.159+0000] {processor.py:925} INFO - DAG(s) 'example_skip_dag' retrieved from /home/airflow/.local/lib/python3.12/site-packages/airflow/example_dags/example_skip_dag.py
[2024-12-29T00:06:37.189+0000] {logging_mixin.py:190} INFO - [2024-12-29T00:06:37.189+0000] {dag.py:3239} INFO - Sync 1 DAGs
[2024-12-29T00:06:37.220+0000] {logging_mixin.py:190} INFO - [2024-12-29T00:06:37.220+0000] {dag.py:4180} INFO - Setting next_dagrun for example_skip_dag to 2024-12-28 00:00:00+00:00, run_after=2024-12-29 00:00:00+00:00
[2024-12-29T00:06:37.247+0000] {processor.py:208} INFO - Processing /home/airflow/.local/lib/python3.12/site-packages/airflow/example_dags/example_skip_dag.py took 0.107 seconds
[2024-12-29T00:07:08.866+0000] {processor.py:186} INFO - Started process (PID=510) to work on /home/airflow/.local/lib/python3.12/site-packages/airflow/example_dags/example_skip_dag.py
[2024-12-29T00:07:08.867+0000] {processor.py:914} INFO - Processing file /home/airflow/.local/lib/python3.12/site-packages/airflow/example_dags/example_skip_dag.py for tasks to queue
[2024-12-29T00:07:08.871+0000] {logging_mixin.py:190} INFO - [2024-12-29T00:07:08.870+0000] {dagbag.py:588} INFO - Filling up the DagBag from /home/airflow/.local/lib/python3.12/site-packages/airflow/example_dags/example_skip_dag.py
[2024-12-29T00:07:08.885+0000] {processor.py:925} INFO - DAG(s) 'example_skip_dag' retrieved from /home/airflow/.local/lib/python3.12/site-packages/airflow/example_dags/example_skip_dag.py
[2024-12-29T00:07:08.919+0000] {logging_mixin.py:190} INFO - [2024-12-29T00:07:08.919+0000] {dag.py:3239} INFO - Sync 1 DAGs
[2024-12-29T00:07:08.956+0000] {logging_mixin.py:190} INFO - [2024-12-29T00:07:08.956+0000] {dag.py:4180} INFO - Setting next_dagrun for example_skip_dag to 2024-12-28 00:00:00+00:00, run_after=2024-12-29 00:00:00+00:00
[2024-12-29T00:07:08.989+0000] {processor.py:208} INFO - Processing /home/airflow/.local/lib/python3.12/site-packages/airflow/example_dags/example_skip_dag.py took 0.132 seconds
[2024-12-29T00:07:40.661+0000] {processor.py:186} INFO - Started process (PID=575) to work on /home/airflow/.local/lib/python3.12/site-packages/airflow/example_dags/example_skip_dag.py
[2024-12-29T00:07:40.663+0000] {processor.py:914} INFO - Processing file /home/airflow/.local/lib/python3.12/site-packages/airflow/example_dags/example_skip_dag.py for tasks to queue
[2024-12-29T00:07:40.666+0000] {logging_mixin.py:190} INFO - [2024-12-29T00:07:40.666+0000] {dagbag.py:588} INFO - Filling up the DagBag from /home/airflow/.local/lib/python3.12/site-packages/airflow/example_dags/example_skip_dag.py
[2024-12-29T00:07:40.677+0000] {processor.py:925} INFO - DAG(s) 'example_skip_dag' retrieved from /home/airflow/.local/lib/python3.12/site-packages/airflow/example_dags/example_skip_dag.py
[2024-12-29T00:07:40.712+0000] {logging_mixin.py:190} INFO - [2024-12-29T00:07:40.711+0000] {dag.py:3239} INFO - Sync 1 DAGs
[2024-12-29T00:07:40.742+0000] {logging_mixin.py:190} INFO - [2024-12-29T00:07:40.742+0000] {dag.py:4180} INFO - Setting next_dagrun for example_skip_dag to 2024-12-28 00:00:00+00:00, run_after=2024-12-29 00:00:00+00:00
[2024-12-29T00:07:40.772+0000] {processor.py:208} INFO - Processing /home/airflow/.local/lib/python3.12/site-packages/airflow/example_dags/example_skip_dag.py took 0.117 seconds
[2024-12-29T00:08:11.868+0000] {processor.py:186} INFO - Started process (PID=639) to work on /home/airflow/.local/lib/python3.12/site-packages/airflow/example_dags/example_skip_dag.py
[2024-12-29T00:08:11.870+0000] {processor.py:914} INFO - Processing file /home/airflow/.local/lib/python3.12/site-packages/airflow/example_dags/example_skip_dag.py for tasks to queue
[2024-12-29T00:08:11.872+0000] {logging_mixin.py:190} INFO - [2024-12-29T00:08:11.871+0000] {dagbag.py:588} INFO - Filling up the DagBag from /home/airflow/.local/lib/python3.12/site-packages/airflow/example_dags/example_skip_dag.py
[2024-12-29T00:08:11.880+0000] {processor.py:925} INFO - DAG(s) 'example_skip_dag' retrieved from /home/airflow/.local/lib/python3.12/site-packages/airflow/example_dags/example_skip_dag.py
[2024-12-29T00:08:11.906+0000] {logging_mixin.py:190} INFO - [2024-12-29T00:08:11.906+0000] {dag.py:3239} INFO - Sync 1 DAGs
[2024-12-29T00:08:11.931+0000] {logging_mixin.py:190} INFO - [2024-12-29T00:08:11.931+0000] {dag.py:4180} INFO - Setting next_dagrun for example_skip_dag to 2024-12-28 00:00:00+00:00, run_after=2024-12-29 00:00:00+00:00
[2024-12-29T00:08:11.954+0000] {processor.py:208} INFO - Processing /home/airflow/.local/lib/python3.12/site-packages/airflow/example_dags/example_skip_dag.py took 0.092 seconds
[2024-12-29T00:08:44.073+0000] {processor.py:186} INFO - Started process (PID=708) to work on /home/airflow/.local/lib/python3.12/site-packages/airflow/example_dags/example_skip_dag.py
[2024-12-29T00:08:44.075+0000] {processor.py:914} INFO - Processing file /home/airflow/.local/lib/python3.12/site-packages/airflow/example_dags/example_skip_dag.py for tasks to queue
[2024-12-29T00:08:44.078+0000] {logging_mixin.py:190} INFO - [2024-12-29T00:08:44.077+0000] {dagbag.py:588} INFO - Filling up the DagBag from /home/airflow/.local/lib/python3.12/site-packages/airflow/example_dags/example_skip_dag.py
[2024-12-29T00:08:44.086+0000] {processor.py:925} INFO - DAG(s) 'example_skip_dag' retrieved from /home/airflow/.local/lib/python3.12/site-packages/airflow/example_dags/example_skip_dag.py
[2024-12-29T00:08:44.115+0000] {logging_mixin.py:190} INFO - [2024-12-29T00:08:44.115+0000] {dag.py:3239} INFO - Sync 1 DAGs
[2024-12-29T00:08:44.144+0000] {logging_mixin.py:190} INFO - [2024-12-29T00:08:44.144+0000] {dag.py:4180} INFO - Setting next_dagrun for example_skip_dag to 2024-12-28 00:00:00+00:00, run_after=2024-12-29 00:00:00+00:00
[2024-12-29T00:08:44.170+0000] {processor.py:208} INFO - Processing /home/airflow/.local/lib/python3.12/site-packages/airflow/example_dags/example_skip_dag.py took 0.103 seconds
[2024-12-29T00:09:15.443+0000] {processor.py:186} INFO - Started process (PID=772) to work on /home/airflow/.local/lib/python3.12/site-packages/airflow/example_dags/example_skip_dag.py
[2024-12-29T00:09:15.444+0000] {processor.py:914} INFO - Processing file /home/airflow/.local/lib/python3.12/site-packages/airflow/example_dags/example_skip_dag.py for tasks to queue
[2024-12-29T00:09:15.447+0000] {logging_mixin.py:190} INFO - [2024-12-29T00:09:15.447+0000] {dagbag.py:588} INFO - Filling up the DagBag from /home/airflow/.local/lib/python3.12/site-packages/airflow/example_dags/example_skip_dag.py
[2024-12-29T00:09:15.458+0000] {processor.py:925} INFO - DAG(s) 'example_skip_dag' retrieved from /home/airflow/.local/lib/python3.12/site-packages/airflow/example_dags/example_skip_dag.py
[2024-12-29T00:09:15.488+0000] {logging_mixin.py:190} INFO - [2024-12-29T00:09:15.487+0000] {dag.py:3239} INFO - Sync 1 DAGs
[2024-12-29T00:09:15.519+0000] {logging_mixin.py:190} INFO - [2024-12-29T00:09:15.519+0000] {dag.py:4180} INFO - Setting next_dagrun for example_skip_dag to 2024-12-28 00:00:00+00:00, run_after=2024-12-29 00:00:00+00:00
[2024-12-29T00:09:15.547+0000] {processor.py:208} INFO - Processing /home/airflow/.local/lib/python3.12/site-packages/airflow/example_dags/example_skip_dag.py took 0.111 seconds
[2024-12-29T00:09:46.810+0000] {processor.py:186} INFO - Started process (PID=836) to work on /home/airflow/.local/lib/python3.12/site-packages/airflow/example_dags/example_skip_dag.py
[2024-12-29T00:09:46.811+0000] {processor.py:914} INFO - Processing file /home/airflow/.local/lib/python3.12/site-packages/airflow/example_dags/example_skip_dag.py for tasks to queue
[2024-12-29T00:09:46.814+0000] {logging_mixin.py:190} INFO - [2024-12-29T00:09:46.814+0000] {dagbag.py:588} INFO - Filling up the DagBag from /home/airflow/.local/lib/python3.12/site-packages/airflow/example_dags/example_skip_dag.py
[2024-12-29T00:09:46.823+0000] {processor.py:925} INFO - DAG(s) 'example_skip_dag' retrieved from /home/airflow/.local/lib/python3.12/site-packages/airflow/example_dags/example_skip_dag.py
[2024-12-29T00:09:46.851+0000] {logging_mixin.py:190} INFO - [2024-12-29T00:09:46.851+0000] {dag.py:3239} INFO - Sync 1 DAGs
[2024-12-29T00:09:46.877+0000] {logging_mixin.py:190} INFO - [2024-12-29T00:09:46.876+0000] {dag.py:4180} INFO - Setting next_dagrun for example_skip_dag to 2024-12-28 00:00:00+00:00, run_after=2024-12-29 00:00:00+00:00
[2024-12-29T00:09:46.904+0000] {processor.py:208} INFO - Processing /home/airflow/.local/lib/python3.12/site-packages/airflow/example_dags/example_skip_dag.py took 0.101 seconds
[2024-12-29T00:10:18.606+0000] {processor.py:186} INFO - Started process (PID=900) to work on /home/airflow/.local/lib/python3.12/site-packages/airflow/example_dags/example_skip_dag.py
[2024-12-29T00:10:18.608+0000] {processor.py:914} INFO - Processing file /home/airflow/.local/lib/python3.12/site-packages/airflow/example_dags/example_skip_dag.py for tasks to queue
[2024-12-29T00:10:18.611+0000] {logging_mixin.py:190} INFO - [2024-12-29T00:10:18.610+0000] {dagbag.py:588} INFO - Filling up the DagBag from /home/airflow/.local/lib/python3.12/site-packages/airflow/example_dags/example_skip_dag.py
[2024-12-29T00:10:18.622+0000] {processor.py:925} INFO - DAG(s) 'example_skip_dag' retrieved from /home/airflow/.local/lib/python3.12/site-packages/airflow/example_dags/example_skip_dag.py
[2024-12-29T00:10:18.658+0000] {logging_mixin.py:190} INFO - [2024-12-29T00:10:18.657+0000] {dag.py:3239} INFO - Sync 1 DAGs
[2024-12-29T00:10:18.693+0000] {logging_mixin.py:190} INFO - [2024-12-29T00:10:18.693+0000] {dag.py:4180} INFO - Setting next_dagrun for example_skip_dag to 2024-12-28 00:00:00+00:00, run_after=2024-12-29 00:00:00+00:00
[2024-12-29T00:10:18.722+0000] {processor.py:208} INFO - Processing /home/airflow/.local/lib/python3.12/site-packages/airflow/example_dags/example_skip_dag.py took 0.123 seconds
[2024-12-29T00:10:49.899+0000] {processor.py:186} INFO - Started process (PID=966) to work on /home/airflow/.local/lib/python3.12/site-packages/airflow/example_dags/example_skip_dag.py
[2024-12-29T00:10:49.901+0000] {processor.py:914} INFO - Processing file /home/airflow/.local/lib/python3.12/site-packages/airflow/example_dags/example_skip_dag.py for tasks to queue
[2024-12-29T00:10:49.903+0000] {logging_mixin.py:190} INFO - [2024-12-29T00:10:49.903+0000] {dagbag.py:588} INFO - Filling up the DagBag from /home/airflow/.local/lib/python3.12/site-packages/airflow/example_dags/example_skip_dag.py
[2024-12-29T00:10:49.912+0000] {processor.py:925} INFO - DAG(s) 'example_skip_dag' retrieved from /home/airflow/.local/lib/python3.12/site-packages/airflow/example_dags/example_skip_dag.py
[2024-12-29T00:10:49.938+0000] {logging_mixin.py:190} INFO - [2024-12-29T00:10:49.937+0000] {dag.py:3239} INFO - Sync 1 DAGs
[2024-12-29T00:10:49.964+0000] {logging_mixin.py:190} INFO - [2024-12-29T00:10:49.964+0000] {dag.py:4180} INFO - Setting next_dagrun for example_skip_dag to 2024-12-28 00:00:00+00:00, run_after=2024-12-29 00:00:00+00:00
[2024-12-29T00:10:49.990+0000] {processor.py:208} INFO - Processing /home/airflow/.local/lib/python3.12/site-packages/airflow/example_dags/example_skip_dag.py took 0.097 seconds
[2024-12-29T00:11:21.589+0000] {processor.py:186} INFO - Started process (PID=1031) to work on /home/airflow/.local/lib/python3.12/site-packages/airflow/example_dags/example_skip_dag.py
[2024-12-29T00:11:21.591+0000] {processor.py:914} INFO - Processing file /home/airflow/.local/lib/python3.12/site-packages/airflow/example_dags/example_skip_dag.py for tasks to queue
[2024-12-29T00:11:21.594+0000] {logging_mixin.py:190} INFO - [2024-12-29T00:11:21.593+0000] {dagbag.py:588} INFO - Filling up the DagBag from /home/airflow/.local/lib/python3.12/site-packages/airflow/example_dags/example_skip_dag.py
[2024-12-29T00:11:21.602+0000] {processor.py:925} INFO - DAG(s) 'example_skip_dag' retrieved from /home/airflow/.local/lib/python3.12/site-packages/airflow/example_dags/example_skip_dag.py
[2024-12-29T00:11:21.632+0000] {logging_mixin.py:190} INFO - [2024-12-29T00:11:21.631+0000] {dag.py:3239} INFO - Sync 1 DAGs
[2024-12-29T00:11:21.660+0000] {logging_mixin.py:190} INFO - [2024-12-29T00:11:21.659+0000] {dag.py:4180} INFO - Setting next_dagrun for example_skip_dag to 2024-12-28 00:00:00+00:00, run_after=2024-12-29 00:00:00+00:00
[2024-12-29T00:11:21.687+0000] {processor.py:208} INFO - Processing /home/airflow/.local/lib/python3.12/site-packages/airflow/example_dags/example_skip_dag.py took 0.104 seconds
[2024-12-29T00:11:54.204+0000] {processor.py:186} INFO - Started process (PID=1102) to work on /home/airflow/.local/lib/python3.12/site-packages/airflow/example_dags/example_skip_dag.py
[2024-12-29T00:11:54.206+0000] {processor.py:914} INFO - Processing file /home/airflow/.local/lib/python3.12/site-packages/airflow/example_dags/example_skip_dag.py for tasks to queue
[2024-12-29T00:11:54.209+0000] {logging_mixin.py:190} INFO - [2024-12-29T00:11:54.208+0000] {dagbag.py:588} INFO - Filling up the DagBag from /home/airflow/.local/lib/python3.12/site-packages/airflow/example_dags/example_skip_dag.py
[2024-12-29T00:11:54.219+0000] {processor.py:925} INFO - DAG(s) 'example_skip_dag' retrieved from /home/airflow/.local/lib/python3.12/site-packages/airflow/example_dags/example_skip_dag.py
[2024-12-29T00:11:54.245+0000] {logging_mixin.py:190} INFO - [2024-12-29T00:11:54.245+0000] {dag.py:3239} INFO - Sync 1 DAGs
[2024-12-29T00:11:54.275+0000] {logging_mixin.py:190} INFO - [2024-12-29T00:11:54.274+0000] {dag.py:4180} INFO - Setting next_dagrun for example_skip_dag to 2024-12-28 00:00:00+00:00, run_after=2024-12-29 00:00:00+00:00
[2024-12-29T00:11:54.299+0000] {processor.py:208} INFO - Processing /home/airflow/.local/lib/python3.12/site-packages/airflow/example_dags/example_skip_dag.py took 0.102 seconds
[2024-12-29T00:12:28.643+0000] {processor.py:186} INFO - Started process (PID=1166) to work on /home/airflow/.local/lib/python3.12/site-packages/airflow/example_dags/example_skip_dag.py
[2024-12-29T00:12:28.646+0000] {processor.py:914} INFO - Processing file /home/airflow/.local/lib/python3.12/site-packages/airflow/example_dags/example_skip_dag.py for tasks to queue
[2024-12-29T00:12:28.649+0000] {logging_mixin.py:190} INFO - [2024-12-29T00:12:28.648+0000] {dagbag.py:588} INFO - Filling up the DagBag from /home/airflow/.local/lib/python3.12/site-packages/airflow/example_dags/example_skip_dag.py
[2024-12-29T00:12:28.662+0000] {processor.py:925} INFO - DAG(s) 'example_skip_dag' retrieved from /home/airflow/.local/lib/python3.12/site-packages/airflow/example_dags/example_skip_dag.py
[2024-12-29T00:12:28.690+0000] {logging_mixin.py:190} INFO - [2024-12-29T00:12:28.690+0000] {dag.py:3239} INFO - Sync 1 DAGs
[2024-12-29T00:12:28.726+0000] {logging_mixin.py:190} INFO - [2024-12-29T00:12:28.726+0000] {dag.py:4180} INFO - Setting next_dagrun for example_skip_dag to 2024-12-28 00:00:00+00:00, run_after=2024-12-29 00:00:00+00:00
[2024-12-29T00:12:28.759+0000] {processor.py:208} INFO - Processing /home/airflow/.local/lib/python3.12/site-packages/airflow/example_dags/example_skip_dag.py took 0.124 seconds
[2024-12-29T00:12:59.476+0000] {processor.py:186} INFO - Started process (PID=1230) to work on /home/airflow/.local/lib/python3.12/site-packages/airflow/example_dags/example_skip_dag.py
[2024-12-29T00:12:59.478+0000] {processor.py:914} INFO - Processing file /home/airflow/.local/lib/python3.12/site-packages/airflow/example_dags/example_skip_dag.py for tasks to queue
[2024-12-29T00:12:59.481+0000] {logging_mixin.py:190} INFO - [2024-12-29T00:12:59.480+0000] {dagbag.py:588} INFO - Filling up the DagBag from /home/airflow/.local/lib/python3.12/site-packages/airflow/example_dags/example_skip_dag.py
[2024-12-29T00:12:59.490+0000] {processor.py:925} INFO - DAG(s) 'example_skip_dag' retrieved from /home/airflow/.local/lib/python3.12/site-packages/airflow/example_dags/example_skip_dag.py
[2024-12-29T00:12:59.521+0000] {logging_mixin.py:190} INFO - [2024-12-29T00:12:59.521+0000] {dag.py:3239} INFO - Sync 1 DAGs
[2024-12-29T00:12:59.552+0000] {logging_mixin.py:190} INFO - [2024-12-29T00:12:59.552+0000] {dag.py:4180} INFO - Setting next_dagrun for example_skip_dag to 2024-12-28 00:00:00+00:00, run_after=2024-12-29 00:00:00+00:00
[2024-12-29T00:12:59.584+0000] {processor.py:208} INFO - Processing /home/airflow/.local/lib/python3.12/site-packages/airflow/example_dags/example_skip_dag.py took 0.115 seconds
[2024-12-29T00:13:29.891+0000] {processor.py:186} INFO - Started process (PID=1295) to work on /home/airflow/.local/lib/python3.12/site-packages/airflow/example_dags/example_skip_dag.py
[2024-12-29T00:13:29.892+0000] {processor.py:914} INFO - Processing file /home/airflow/.local/lib/python3.12/site-packages/airflow/example_dags/example_skip_dag.py for tasks to queue
[2024-12-29T00:13:29.894+0000] {logging_mixin.py:190} INFO - [2024-12-29T00:13:29.894+0000] {dagbag.py:588} INFO - Filling up the DagBag from /home/airflow/.local/lib/python3.12/site-packages/airflow/example_dags/example_skip_dag.py
[2024-12-29T00:13:29.903+0000] {processor.py:925} INFO - DAG(s) 'example_skip_dag' retrieved from /home/airflow/.local/lib/python3.12/site-packages/airflow/example_dags/example_skip_dag.py
[2024-12-29T00:13:29.931+0000] {logging_mixin.py:190} INFO - [2024-12-29T00:13:29.931+0000] {dag.py:3239} INFO - Sync 1 DAGs
[2024-12-29T00:13:29.961+0000] {logging_mixin.py:190} INFO - [2024-12-29T00:13:29.961+0000] {dag.py:4180} INFO - Setting next_dagrun for example_skip_dag to 2024-12-28 00:00:00+00:00, run_after=2024-12-29 00:00:00+00:00
[2024-12-29T00:13:29.988+0000] {processor.py:208} INFO - Processing /home/airflow/.local/lib/python3.12/site-packages/airflow/example_dags/example_skip_dag.py took 0.103 seconds
[2024-12-29T00:14:00.283+0000] {processor.py:186} INFO - Started process (PID=1360) to work on /home/airflow/.local/lib/python3.12/site-packages/airflow/example_dags/example_skip_dag.py
[2024-12-29T00:14:00.285+0000] {processor.py:914} INFO - Processing file /home/airflow/.local/lib/python3.12/site-packages/airflow/example_dags/example_skip_dag.py for tasks to queue
[2024-12-29T00:14:00.288+0000] {logging_mixin.py:190} INFO - [2024-12-29T00:14:00.287+0000] {dagbag.py:588} INFO - Filling up the DagBag from /home/airflow/.local/lib/python3.12/site-packages/airflow/example_dags/example_skip_dag.py
[2024-12-29T00:14:00.300+0000] {processor.py:925} INFO - DAG(s) 'example_skip_dag' retrieved from /home/airflow/.local/lib/python3.12/site-packages/airflow/example_dags/example_skip_dag.py
[2024-12-29T00:14:00.337+0000] {logging_mixin.py:190} INFO - [2024-12-29T00:14:00.336+0000] {dag.py:3239} INFO - Sync 1 DAGs
[2024-12-29T00:14:00.371+0000] {logging_mixin.py:190} INFO - [2024-12-29T00:14:00.370+0000] {dag.py:4180} INFO - Setting next_dagrun for example_skip_dag to 2024-12-28 00:00:00+00:00, run_after=2024-12-29 00:00:00+00:00
[2024-12-29T00:14:00.403+0000] {processor.py:208} INFO - Processing /home/airflow/.local/lib/python3.12/site-packages/airflow/example_dags/example_skip_dag.py took 0.128 seconds
[2024-12-29T00:14:31.966+0000] {processor.py:186} INFO - Started process (PID=1425) to work on /home/airflow/.local/lib/python3.12/site-packages/airflow/example_dags/example_skip_dag.py
[2024-12-29T00:14:31.967+0000] {processor.py:914} INFO - Processing file /home/airflow/.local/lib/python3.12/site-packages/airflow/example_dags/example_skip_dag.py for tasks to queue
[2024-12-29T00:14:31.971+0000] {logging_mixin.py:190} INFO - [2024-12-29T00:14:31.970+0000] {dagbag.py:588} INFO - Filling up the DagBag from /home/airflow/.local/lib/python3.12/site-packages/airflow/example_dags/example_skip_dag.py
[2024-12-29T00:14:31.980+0000] {processor.py:925} INFO - DAG(s) 'example_skip_dag' retrieved from /home/airflow/.local/lib/python3.12/site-packages/airflow/example_dags/example_skip_dag.py
[2024-12-29T00:14:32.012+0000] {logging_mixin.py:190} INFO - [2024-12-29T00:14:32.011+0000] {dag.py:3239} INFO - Sync 1 DAGs
[2024-12-29T00:14:32.050+0000] {logging_mixin.py:190} INFO - [2024-12-29T00:14:32.049+0000] {dag.py:4180} INFO - Setting next_dagrun for example_skip_dag to 2024-12-28 00:00:00+00:00, run_after=2024-12-29 00:00:00+00:00
[2024-12-29T00:14:32.085+0000] {processor.py:208} INFO - Processing /home/airflow/.local/lib/python3.12/site-packages/airflow/example_dags/example_skip_dag.py took 0.126 seconds
[2024-12-29T00:15:02.904+0000] {processor.py:186} INFO - Started process (PID=1490) to work on /home/airflow/.local/lib/python3.12/site-packages/airflow/example_dags/example_skip_dag.py
[2024-12-29T00:15:02.906+0000] {processor.py:914} INFO - Processing file /home/airflow/.local/lib/python3.12/site-packages/airflow/example_dags/example_skip_dag.py for tasks to queue
[2024-12-29T00:15:02.908+0000] {logging_mixin.py:190} INFO - [2024-12-29T00:15:02.908+0000] {dagbag.py:588} INFO - Filling up the DagBag from /home/airflow/.local/lib/python3.12/site-packages/airflow/example_dags/example_skip_dag.py
[2024-12-29T00:15:02.917+0000] {processor.py:925} INFO - DAG(s) 'example_skip_dag' retrieved from /home/airflow/.local/lib/python3.12/site-packages/airflow/example_dags/example_skip_dag.py
[2024-12-29T00:15:02.947+0000] {logging_mixin.py:190} INFO - [2024-12-29T00:15:02.946+0000] {dag.py:3239} INFO - Sync 1 DAGs
[2024-12-29T00:15:02.980+0000] {logging_mixin.py:190} INFO - [2024-12-29T00:15:02.980+0000] {dag.py:4180} INFO - Setting next_dagrun for example_skip_dag to 2024-12-28 00:00:00+00:00, run_after=2024-12-29 00:00:00+00:00
[2024-12-29T00:15:03.018+0000] {processor.py:208} INFO - Processing /home/airflow/.local/lib/python3.12/site-packages/airflow/example_dags/example_skip_dag.py took 0.121 seconds
[2024-12-29T00:15:34.281+0000] {processor.py:186} INFO - Started process (PID=1555) to work on /home/airflow/.local/lib/python3.12/site-packages/airflow/example_dags/example_skip_dag.py
[2024-12-29T00:15:34.283+0000] {processor.py:914} INFO - Processing file /home/airflow/.local/lib/python3.12/site-packages/airflow/example_dags/example_skip_dag.py for tasks to queue
[2024-12-29T00:15:34.286+0000] {logging_mixin.py:190} INFO - [2024-12-29T00:15:34.286+0000] {dagbag.py:588} INFO - Filling up the DagBag from /home/airflow/.local/lib/python3.12/site-packages/airflow/example_dags/example_skip_dag.py
[2024-12-29T00:15:34.297+0000] {processor.py:925} INFO - DAG(s) 'example_skip_dag' retrieved from /home/airflow/.local/lib/python3.12/site-packages/airflow/example_dags/example_skip_dag.py
[2024-12-29T00:15:34.334+0000] {logging_mixin.py:190} INFO - [2024-12-29T00:15:34.333+0000] {dag.py:3239} INFO - Sync 1 DAGs
[2024-12-29T00:15:34.374+0000] {logging_mixin.py:190} INFO - [2024-12-29T00:15:34.374+0000] {dag.py:4180} INFO - Setting next_dagrun for example_skip_dag to 2024-12-28 00:00:00+00:00, run_after=2024-12-29 00:00:00+00:00
[2024-12-29T00:15:34.407+0000] {processor.py:208} INFO - Processing /home/airflow/.local/lib/python3.12/site-packages/airflow/example_dags/example_skip_dag.py took 0.133 seconds
[2024-12-29T00:16:05.883+0000] {processor.py:186} INFO - Started process (PID=1623) to work on /home/airflow/.local/lib/python3.12/site-packages/airflow/example_dags/example_skip_dag.py
[2024-12-29T00:16:05.886+0000] {processor.py:914} INFO - Processing file /home/airflow/.local/lib/python3.12/site-packages/airflow/example_dags/example_skip_dag.py for tasks to queue
[2024-12-29T00:16:05.888+0000] {logging_mixin.py:190} INFO - [2024-12-29T00:16:05.888+0000] {dagbag.py:588} INFO - Filling up the DagBag from /home/airflow/.local/lib/python3.12/site-packages/airflow/example_dags/example_skip_dag.py
[2024-12-29T00:16:05.897+0000] {processor.py:925} INFO - DAG(s) 'example_skip_dag' retrieved from /home/airflow/.local/lib/python3.12/site-packages/airflow/example_dags/example_skip_dag.py
[2024-12-29T00:16:05.924+0000] {logging_mixin.py:190} INFO - [2024-12-29T00:16:05.923+0000] {dag.py:3239} INFO - Sync 1 DAGs
[2024-12-29T00:16:05.950+0000] {logging_mixin.py:190} INFO - [2024-12-29T00:16:05.950+0000] {dag.py:4180} INFO - Setting next_dagrun for example_skip_dag to 2024-12-28 00:00:00+00:00, run_after=2024-12-29 00:00:00+00:00
[2024-12-29T00:16:05.974+0000] {processor.py:208} INFO - Processing /home/airflow/.local/lib/python3.12/site-packages/airflow/example_dags/example_skip_dag.py took 0.096 seconds
[2024-12-29T00:16:37.553+0000] {processor.py:186} INFO - Started process (PID=1691) to work on /home/airflow/.local/lib/python3.12/site-packages/airflow/example_dags/example_skip_dag.py
[2024-12-29T00:16:37.554+0000] {processor.py:914} INFO - Processing file /home/airflow/.local/lib/python3.12/site-packages/airflow/example_dags/example_skip_dag.py for tasks to queue
[2024-12-29T00:16:37.557+0000] {logging_mixin.py:190} INFO - [2024-12-29T00:16:37.557+0000] {dagbag.py:588} INFO - Filling up the DagBag from /home/airflow/.local/lib/python3.12/site-packages/airflow/example_dags/example_skip_dag.py
[2024-12-29T00:16:37.567+0000] {processor.py:925} INFO - DAG(s) 'example_skip_dag' retrieved from /home/airflow/.local/lib/python3.12/site-packages/airflow/example_dags/example_skip_dag.py
[2024-12-29T00:16:37.598+0000] {logging_mixin.py:190} INFO - [2024-12-29T00:16:37.598+0000] {dag.py:3239} INFO - Sync 1 DAGs
[2024-12-29T00:16:37.627+0000] {logging_mixin.py:190} INFO - [2024-12-29T00:16:37.627+0000] {dag.py:4180} INFO - Setting next_dagrun for example_skip_dag to 2024-12-28 00:00:00+00:00, run_after=2024-12-29 00:00:00+00:00
[2024-12-29T00:16:37.655+0000] {processor.py:208} INFO - Processing /home/airflow/.local/lib/python3.12/site-packages/airflow/example_dags/example_skip_dag.py took 0.108 seconds
[2024-12-29T00:20:01.046+0000] {processor.py:186} INFO - Started process (PID=124) to work on /home/airflow/.local/lib/python3.12/site-packages/airflow/example_dags/example_skip_dag.py
[2024-12-29T00:20:01.048+0000] {processor.py:914} INFO - Processing file /home/airflow/.local/lib/python3.12/site-packages/airflow/example_dags/example_skip_dag.py for tasks to queue
[2024-12-29T00:20:01.052+0000] {logging_mixin.py:190} INFO - [2024-12-29T00:20:01.051+0000] {dagbag.py:588} INFO - Filling up the DagBag from /home/airflow/.local/lib/python3.12/site-packages/airflow/example_dags/example_skip_dag.py
[2024-12-29T00:20:01.068+0000] {processor.py:925} INFO - DAG(s) 'example_skip_dag' retrieved from /home/airflow/.local/lib/python3.12/site-packages/airflow/example_dags/example_skip_dag.py
[2024-12-29T00:20:01.115+0000] {logging_mixin.py:190} INFO - [2024-12-29T00:20:01.115+0000] {dag.py:3239} INFO - Sync 1 DAGs
[2024-12-29T00:20:01.159+0000] {logging_mixin.py:190} INFO - [2024-12-29T00:20:01.158+0000] {dag.py:4180} INFO - Setting next_dagrun for example_skip_dag to 2024-12-28 00:00:00+00:00, run_after=2024-12-29 00:00:00+00:00
[2024-12-29T00:20:01.200+0000] {processor.py:208} INFO - Processing /home/airflow/.local/lib/python3.12/site-packages/airflow/example_dags/example_skip_dag.py took 0.162 seconds
[2024-12-29T00:20:33.122+0000] {processor.py:186} INFO - Started process (PID=189) to work on /home/airflow/.local/lib/python3.12/site-packages/airflow/example_dags/example_skip_dag.py
[2024-12-29T00:20:33.123+0000] {processor.py:914} INFO - Processing file /home/airflow/.local/lib/python3.12/site-packages/airflow/example_dags/example_skip_dag.py for tasks to queue
[2024-12-29T00:20:33.125+0000] {logging_mixin.py:190} INFO - [2024-12-29T00:20:33.125+0000] {dagbag.py:588} INFO - Filling up the DagBag from /home/airflow/.local/lib/python3.12/site-packages/airflow/example_dags/example_skip_dag.py
[2024-12-29T00:20:33.132+0000] {processor.py:925} INFO - DAG(s) 'example_skip_dag' retrieved from /home/airflow/.local/lib/python3.12/site-packages/airflow/example_dags/example_skip_dag.py
[2024-12-29T00:20:33.157+0000] {logging_mixin.py:190} INFO - [2024-12-29T00:20:33.157+0000] {dag.py:3239} INFO - Sync 1 DAGs
[2024-12-29T00:20:33.182+0000] {logging_mixin.py:190} INFO - [2024-12-29T00:20:33.182+0000] {dag.py:4180} INFO - Setting next_dagrun for example_skip_dag to 2024-12-28 00:00:00+00:00, run_after=2024-12-29 00:00:00+00:00
[2024-12-29T00:20:33.207+0000] {processor.py:208} INFO - Processing /home/airflow/.local/lib/python3.12/site-packages/airflow/example_dags/example_skip_dag.py took 0.091 seconds
[2024-12-29T00:21:05.530+0000] {processor.py:186} INFO - Started process (PID=254) to work on /home/airflow/.local/lib/python3.12/site-packages/airflow/example_dags/example_skip_dag.py
[2024-12-29T00:21:05.531+0000] {processor.py:914} INFO - Processing file /home/airflow/.local/lib/python3.12/site-packages/airflow/example_dags/example_skip_dag.py for tasks to queue
[2024-12-29T00:21:05.534+0000] {logging_mixin.py:190} INFO - [2024-12-29T00:21:05.533+0000] {dagbag.py:588} INFO - Filling up the DagBag from /home/airflow/.local/lib/python3.12/site-packages/airflow/example_dags/example_skip_dag.py
[2024-12-29T00:21:05.542+0000] {processor.py:925} INFO - DAG(s) 'example_skip_dag' retrieved from /home/airflow/.local/lib/python3.12/site-packages/airflow/example_dags/example_skip_dag.py
[2024-12-29T00:21:05.570+0000] {logging_mixin.py:190} INFO - [2024-12-29T00:21:05.569+0000] {dag.py:3239} INFO - Sync 1 DAGs
[2024-12-29T00:21:05.596+0000] {logging_mixin.py:190} INFO - [2024-12-29T00:21:05.595+0000] {dag.py:4180} INFO - Setting next_dagrun for example_skip_dag to 2024-12-28 00:00:00+00:00, run_after=2024-12-29 00:00:00+00:00
[2024-12-29T00:21:05.619+0000] {processor.py:208} INFO - Processing /home/airflow/.local/lib/python3.12/site-packages/airflow/example_dags/example_skip_dag.py took 0.095 seconds
[2024-12-29T00:21:36.831+0000] {processor.py:186} INFO - Started process (PID=319) to work on /home/airflow/.local/lib/python3.12/site-packages/airflow/example_dags/example_skip_dag.py
[2024-12-29T00:21:36.832+0000] {processor.py:914} INFO - Processing file /home/airflow/.local/lib/python3.12/site-packages/airflow/example_dags/example_skip_dag.py for tasks to queue
[2024-12-29T00:21:36.835+0000] {logging_mixin.py:190} INFO - [2024-12-29T00:21:36.834+0000] {dagbag.py:588} INFO - Filling up the DagBag from /home/airflow/.local/lib/python3.12/site-packages/airflow/example_dags/example_skip_dag.py
[2024-12-29T00:21:36.843+0000] {processor.py:925} INFO - DAG(s) 'example_skip_dag' retrieved from /home/airflow/.local/lib/python3.12/site-packages/airflow/example_dags/example_skip_dag.py
[2024-12-29T00:21:36.869+0000] {logging_mixin.py:190} INFO - [2024-12-29T00:21:36.868+0000] {dag.py:3239} INFO - Sync 1 DAGs
[2024-12-29T00:21:36.900+0000] {logging_mixin.py:190} INFO - [2024-12-29T00:21:36.900+0000] {dag.py:4180} INFO - Setting next_dagrun for example_skip_dag to 2024-12-28 00:00:00+00:00, run_after=2024-12-29 00:00:00+00:00
[2024-12-29T00:21:36.928+0000] {processor.py:208} INFO - Processing /home/airflow/.local/lib/python3.12/site-packages/airflow/example_dags/example_skip_dag.py took 0.103 seconds
[2024-12-29T00:22:08.496+0000] {processor.py:186} INFO - Started process (PID=384) to work on /home/airflow/.local/lib/python3.12/site-packages/airflow/example_dags/example_skip_dag.py
[2024-12-29T00:22:08.518+0000] {processor.py:914} INFO - Processing file /home/airflow/.local/lib/python3.12/site-packages/airflow/example_dags/example_skip_dag.py for tasks to queue
[2024-12-29T00:22:08.521+0000] {logging_mixin.py:190} INFO - [2024-12-29T00:22:08.521+0000] {dagbag.py:588} INFO - Filling up the DagBag from /home/airflow/.local/lib/python3.12/site-packages/airflow/example_dags/example_skip_dag.py
[2024-12-29T00:22:08.531+0000] {processor.py:925} INFO - DAG(s) 'example_skip_dag' retrieved from /home/airflow/.local/lib/python3.12/site-packages/airflow/example_dags/example_skip_dag.py
[2024-12-29T00:22:08.570+0000] {logging_mixin.py:190} INFO - [2024-12-29T00:22:08.569+0000] {dag.py:3239} INFO - Sync 1 DAGs
[2024-12-29T00:22:08.604+0000] {logging_mixin.py:190} INFO - [2024-12-29T00:22:08.604+0000] {dag.py:4180} INFO - Setting next_dagrun for example_skip_dag to 2024-12-28 00:00:00+00:00, run_after=2024-12-29 00:00:00+00:00
[2024-12-29T00:22:08.639+0000] {processor.py:208} INFO - Processing /home/airflow/.local/lib/python3.12/site-packages/airflow/example_dags/example_skip_dag.py took 0.149 seconds
[2024-12-29T00:22:39.363+0000] {processor.py:186} INFO - Started process (PID=455) to work on /home/airflow/.local/lib/python3.12/site-packages/airflow/example_dags/example_skip_dag.py
[2024-12-29T00:22:39.365+0000] {processor.py:914} INFO - Processing file /home/airflow/.local/lib/python3.12/site-packages/airflow/example_dags/example_skip_dag.py for tasks to queue
[2024-12-29T00:22:39.368+0000] {logging_mixin.py:190} INFO - [2024-12-29T00:22:39.367+0000] {dagbag.py:588} INFO - Filling up the DagBag from /home/airflow/.local/lib/python3.12/site-packages/airflow/example_dags/example_skip_dag.py
[2024-12-29T00:22:39.378+0000] {processor.py:925} INFO - DAG(s) 'example_skip_dag' retrieved from /home/airflow/.local/lib/python3.12/site-packages/airflow/example_dags/example_skip_dag.py
[2024-12-29T00:22:39.410+0000] {logging_mixin.py:190} INFO - [2024-12-29T00:22:39.410+0000] {dag.py:3239} INFO - Sync 1 DAGs
[2024-12-29T00:22:39.443+0000] {logging_mixin.py:190} INFO - [2024-12-29T00:22:39.443+0000] {dag.py:4180} INFO - Setting next_dagrun for example_skip_dag to 2024-12-28 00:00:00+00:00, run_after=2024-12-29 00:00:00+00:00
[2024-12-29T00:22:39.472+0000] {processor.py:208} INFO - Processing /home/airflow/.local/lib/python3.12/site-packages/airflow/example_dags/example_skip_dag.py took 0.116 seconds
[2024-12-29T00:23:12.266+0000] {processor.py:186} INFO - Started process (PID=520) to work on /home/airflow/.local/lib/python3.12/site-packages/airflow/example_dags/example_skip_dag.py
[2024-12-29T00:23:12.268+0000] {processor.py:914} INFO - Processing file /home/airflow/.local/lib/python3.12/site-packages/airflow/example_dags/example_skip_dag.py for tasks to queue
[2024-12-29T00:23:12.271+0000] {logging_mixin.py:190} INFO - [2024-12-29T00:23:12.270+0000] {dagbag.py:588} INFO - Filling up the DagBag from /home/airflow/.local/lib/python3.12/site-packages/airflow/example_dags/example_skip_dag.py
[2024-12-29T00:23:12.280+0000] {processor.py:925} INFO - DAG(s) 'example_skip_dag' retrieved from /home/airflow/.local/lib/python3.12/site-packages/airflow/example_dags/example_skip_dag.py
[2024-12-29T00:23:12.312+0000] {logging_mixin.py:190} INFO - [2024-12-29T00:23:12.312+0000] {dag.py:3239} INFO - Sync 1 DAGs
[2024-12-29T00:23:12.347+0000] {logging_mixin.py:190} INFO - [2024-12-29T00:23:12.346+0000] {dag.py:4180} INFO - Setting next_dagrun for example_skip_dag to 2024-12-28 00:00:00+00:00, run_after=2024-12-29 00:00:00+00:00
[2024-12-29T00:23:12.376+0000] {processor.py:208} INFO - Processing /home/airflow/.local/lib/python3.12/site-packages/airflow/example_dags/example_skip_dag.py took 0.117 seconds
[2024-12-29T00:23:43.738+0000] {processor.py:186} INFO - Started process (PID=586) to work on /home/airflow/.local/lib/python3.12/site-packages/airflow/example_dags/example_skip_dag.py
[2024-12-29T00:23:43.740+0000] {processor.py:914} INFO - Processing file /home/airflow/.local/lib/python3.12/site-packages/airflow/example_dags/example_skip_dag.py for tasks to queue
[2024-12-29T00:23:43.743+0000] {logging_mixin.py:190} INFO - [2024-12-29T00:23:43.742+0000] {dagbag.py:588} INFO - Filling up the DagBag from /home/airflow/.local/lib/python3.12/site-packages/airflow/example_dags/example_skip_dag.py
[2024-12-29T00:23:43.753+0000] {processor.py:925} INFO - DAG(s) 'example_skip_dag' retrieved from /home/airflow/.local/lib/python3.12/site-packages/airflow/example_dags/example_skip_dag.py
[2024-12-29T00:23:43.790+0000] {logging_mixin.py:190} INFO - [2024-12-29T00:23:43.789+0000] {dag.py:3239} INFO - Sync 1 DAGs
[2024-12-29T00:23:43.821+0000] {logging_mixin.py:190} INFO - [2024-12-29T00:23:43.820+0000] {dag.py:4180} INFO - Setting next_dagrun for example_skip_dag to 2024-12-28 00:00:00+00:00, run_after=2024-12-29 00:00:00+00:00
[2024-12-29T00:23:43.850+0000] {processor.py:208} INFO - Processing /home/airflow/.local/lib/python3.12/site-packages/airflow/example_dags/example_skip_dag.py took 0.120 seconds
[2024-12-29T00:24:14.787+0000] {processor.py:186} INFO - Started process (PID=651) to work on /home/airflow/.local/lib/python3.12/site-packages/airflow/example_dags/example_skip_dag.py
[2024-12-29T00:24:14.789+0000] {processor.py:914} INFO - Processing file /home/airflow/.local/lib/python3.12/site-packages/airflow/example_dags/example_skip_dag.py for tasks to queue
[2024-12-29T00:24:14.792+0000] {logging_mixin.py:190} INFO - [2024-12-29T00:24:14.791+0000] {dagbag.py:588} INFO - Filling up the DagBag from /home/airflow/.local/lib/python3.12/site-packages/airflow/example_dags/example_skip_dag.py
[2024-12-29T00:24:14.800+0000] {processor.py:925} INFO - DAG(s) 'example_skip_dag' retrieved from /home/airflow/.local/lib/python3.12/site-packages/airflow/example_dags/example_skip_dag.py
[2024-12-29T00:24:14.823+0000] {logging_mixin.py:190} INFO - [2024-12-29T00:24:14.823+0000] {dag.py:3239} INFO - Sync 1 DAGs
[2024-12-29T00:24:14.847+0000] {logging_mixin.py:190} INFO - [2024-12-29T00:24:14.847+0000] {dag.py:4180} INFO - Setting next_dagrun for example_skip_dag to 2024-12-28 00:00:00+00:00, run_after=2024-12-29 00:00:00+00:00
[2024-12-29T00:24:14.870+0000] {processor.py:208} INFO - Processing /home/airflow/.local/lib/python3.12/site-packages/airflow/example_dags/example_skip_dag.py took 0.089 seconds
[2024-12-29T00:24:46.035+0000] {processor.py:186} INFO - Started process (PID=716) to work on /home/airflow/.local/lib/python3.12/site-packages/airflow/example_dags/example_skip_dag.py
[2024-12-29T00:24:46.037+0000] {processor.py:914} INFO - Processing file /home/airflow/.local/lib/python3.12/site-packages/airflow/example_dags/example_skip_dag.py for tasks to queue
[2024-12-29T00:24:46.040+0000] {logging_mixin.py:190} INFO - [2024-12-29T00:24:46.040+0000] {dagbag.py:588} INFO - Filling up the DagBag from /home/airflow/.local/lib/python3.12/site-packages/airflow/example_dags/example_skip_dag.py
[2024-12-29T00:24:46.051+0000] {processor.py:925} INFO - DAG(s) 'example_skip_dag' retrieved from /home/airflow/.local/lib/python3.12/site-packages/airflow/example_dags/example_skip_dag.py
[2024-12-29T00:24:46.086+0000] {logging_mixin.py:190} INFO - [2024-12-29T00:24:46.085+0000] {dag.py:3239} INFO - Sync 1 DAGs
[2024-12-29T00:24:46.124+0000] {logging_mixin.py:190} INFO - [2024-12-29T00:24:46.123+0000] {dag.py:4180} INFO - Setting next_dagrun for example_skip_dag to 2024-12-28 00:00:00+00:00, run_after=2024-12-29 00:00:00+00:00
[2024-12-29T00:24:46.160+0000] {processor.py:208} INFO - Processing /home/airflow/.local/lib/python3.12/site-packages/airflow/example_dags/example_skip_dag.py took 0.133 seconds
[2024-12-29T00:25:17.197+0000] {processor.py:186} INFO - Started process (PID=781) to work on /home/airflow/.local/lib/python3.12/site-packages/airflow/example_dags/example_skip_dag.py
[2024-12-29T00:25:17.198+0000] {processor.py:914} INFO - Processing file /home/airflow/.local/lib/python3.12/site-packages/airflow/example_dags/example_skip_dag.py for tasks to queue
[2024-12-29T00:25:17.201+0000] {logging_mixin.py:190} INFO - [2024-12-29T00:25:17.200+0000] {dagbag.py:588} INFO - Filling up the DagBag from /home/airflow/.local/lib/python3.12/site-packages/airflow/example_dags/example_skip_dag.py
[2024-12-29T00:25:17.208+0000] {processor.py:925} INFO - DAG(s) 'example_skip_dag' retrieved from /home/airflow/.local/lib/python3.12/site-packages/airflow/example_dags/example_skip_dag.py
[2024-12-29T00:25:17.232+0000] {logging_mixin.py:190} INFO - [2024-12-29T00:25:17.232+0000] {dag.py:3239} INFO - Sync 1 DAGs
[2024-12-29T00:25:17.258+0000] {logging_mixin.py:190} INFO - [2024-12-29T00:25:17.258+0000] {dag.py:4180} INFO - Setting next_dagrun for example_skip_dag to 2024-12-28 00:00:00+00:00, run_after=2024-12-29 00:00:00+00:00
[2024-12-29T00:25:17.285+0000] {processor.py:208} INFO - Processing /home/airflow/.local/lib/python3.12/site-packages/airflow/example_dags/example_skip_dag.py took 0.093 seconds
[2024-12-29T00:25:48.695+0000] {processor.py:186} INFO - Started process (PID=846) to work on /home/airflow/.local/lib/python3.12/site-packages/airflow/example_dags/example_skip_dag.py
[2024-12-29T00:25:48.696+0000] {processor.py:914} INFO - Processing file /home/airflow/.local/lib/python3.12/site-packages/airflow/example_dags/example_skip_dag.py for tasks to queue
[2024-12-29T00:25:48.699+0000] {logging_mixin.py:190} INFO - [2024-12-29T00:25:48.698+0000] {dagbag.py:588} INFO - Filling up the DagBag from /home/airflow/.local/lib/python3.12/site-packages/airflow/example_dags/example_skip_dag.py
[2024-12-29T00:25:48.707+0000] {processor.py:925} INFO - DAG(s) 'example_skip_dag' retrieved from /home/airflow/.local/lib/python3.12/site-packages/airflow/example_dags/example_skip_dag.py
[2024-12-29T00:25:48.734+0000] {logging_mixin.py:190} INFO - [2024-12-29T00:25:48.733+0000] {dag.py:3239} INFO - Sync 1 DAGs
[2024-12-29T00:25:48.764+0000] {logging_mixin.py:190} INFO - [2024-12-29T00:25:48.764+0000] {dag.py:4180} INFO - Setting next_dagrun for example_skip_dag to 2024-12-28 00:00:00+00:00, run_after=2024-12-29 00:00:00+00:00
[2024-12-29T00:25:48.790+0000] {processor.py:208} INFO - Processing /home/airflow/.local/lib/python3.12/site-packages/airflow/example_dags/example_skip_dag.py took 0.102 seconds
[2024-12-29T00:26:19.763+0000] {processor.py:186} INFO - Started process (PID=911) to work on /home/airflow/.local/lib/python3.12/site-packages/airflow/example_dags/example_skip_dag.py
[2024-12-29T00:26:19.765+0000] {processor.py:914} INFO - Processing file /home/airflow/.local/lib/python3.12/site-packages/airflow/example_dags/example_skip_dag.py for tasks to queue
[2024-12-29T00:26:19.767+0000] {logging_mixin.py:190} INFO - [2024-12-29T00:26:19.767+0000] {dagbag.py:588} INFO - Filling up the DagBag from /home/airflow/.local/lib/python3.12/site-packages/airflow/example_dags/example_skip_dag.py
[2024-12-29T00:26:19.775+0000] {processor.py:925} INFO - DAG(s) 'example_skip_dag' retrieved from /home/airflow/.local/lib/python3.12/site-packages/airflow/example_dags/example_skip_dag.py
[2024-12-29T00:26:19.799+0000] {logging_mixin.py:190} INFO - [2024-12-29T00:26:19.799+0000] {dag.py:3239} INFO - Sync 1 DAGs
[2024-12-29T00:26:19.827+0000] {logging_mixin.py:190} INFO - [2024-12-29T00:26:19.826+0000] {dag.py:4180} INFO - Setting next_dagrun for example_skip_dag to 2024-12-28 00:00:00+00:00, run_after=2024-12-29 00:00:00+00:00
[2024-12-29T00:26:19.851+0000] {processor.py:208} INFO - Processing /home/airflow/.local/lib/python3.12/site-packages/airflow/example_dags/example_skip_dag.py took 0.094 seconds
[2024-12-29T00:26:51.173+0000] {processor.py:186} INFO - Started process (PID=976) to work on /home/airflow/.local/lib/python3.12/site-packages/airflow/example_dags/example_skip_dag.py
[2024-12-29T00:26:51.175+0000] {processor.py:914} INFO - Processing file /home/airflow/.local/lib/python3.12/site-packages/airflow/example_dags/example_skip_dag.py for tasks to queue
[2024-12-29T00:26:51.179+0000] {logging_mixin.py:190} INFO - [2024-12-29T00:26:51.178+0000] {dagbag.py:588} INFO - Filling up the DagBag from /home/airflow/.local/lib/python3.12/site-packages/airflow/example_dags/example_skip_dag.py
[2024-12-29T00:26:51.189+0000] {processor.py:925} INFO - DAG(s) 'example_skip_dag' retrieved from /home/airflow/.local/lib/python3.12/site-packages/airflow/example_dags/example_skip_dag.py
[2024-12-29T00:26:51.220+0000] {logging_mixin.py:190} INFO - [2024-12-29T00:26:51.220+0000] {dag.py:3239} INFO - Sync 1 DAGs
[2024-12-29T00:26:51.251+0000] {logging_mixin.py:190} INFO - [2024-12-29T00:26:51.251+0000] {dag.py:4180} INFO - Setting next_dagrun for example_skip_dag to 2024-12-28 00:00:00+00:00, run_after=2024-12-29 00:00:00+00:00
[2024-12-29T00:26:51.282+0000] {processor.py:208} INFO - Processing /home/airflow/.local/lib/python3.12/site-packages/airflow/example_dags/example_skip_dag.py took 0.119 seconds
[2024-12-29T00:27:23.120+0000] {processor.py:186} INFO - Started process (PID=1041) to work on /home/airflow/.local/lib/python3.12/site-packages/airflow/example_dags/example_skip_dag.py
[2024-12-29T00:27:23.122+0000] {processor.py:914} INFO - Processing file /home/airflow/.local/lib/python3.12/site-packages/airflow/example_dags/example_skip_dag.py for tasks to queue
[2024-12-29T00:27:23.126+0000] {logging_mixin.py:190} INFO - [2024-12-29T00:27:23.125+0000] {dagbag.py:588} INFO - Filling up the DagBag from /home/airflow/.local/lib/python3.12/site-packages/airflow/example_dags/example_skip_dag.py
[2024-12-29T00:27:23.137+0000] {processor.py:925} INFO - DAG(s) 'example_skip_dag' retrieved from /home/airflow/.local/lib/python3.12/site-packages/airflow/example_dags/example_skip_dag.py
[2024-12-29T00:27:23.185+0000] {logging_mixin.py:190} INFO - [2024-12-29T00:27:23.184+0000] {dag.py:3239} INFO - Sync 1 DAGs
[2024-12-29T00:27:23.220+0000] {logging_mixin.py:190} INFO - [2024-12-29T00:27:23.220+0000] {dag.py:4180} INFO - Setting next_dagrun for example_skip_dag to 2024-12-28 00:00:00+00:00, run_after=2024-12-29 00:00:00+00:00
[2024-12-29T00:27:23.250+0000] {processor.py:208} INFO - Processing /home/airflow/.local/lib/python3.12/site-packages/airflow/example_dags/example_skip_dag.py took 0.138 seconds
[2024-12-29T00:27:53.728+0000] {processor.py:186} INFO - Started process (PID=1106) to work on /home/airflow/.local/lib/python3.12/site-packages/airflow/example_dags/example_skip_dag.py
[2024-12-29T00:27:53.730+0000] {processor.py:914} INFO - Processing file /home/airflow/.local/lib/python3.12/site-packages/airflow/example_dags/example_skip_dag.py for tasks to queue
[2024-12-29T00:27:53.733+0000] {logging_mixin.py:190} INFO - [2024-12-29T00:27:53.733+0000] {dagbag.py:588} INFO - Filling up the DagBag from /home/airflow/.local/lib/python3.12/site-packages/airflow/example_dags/example_skip_dag.py
[2024-12-29T00:27:53.745+0000] {processor.py:925} INFO - DAG(s) 'example_skip_dag' retrieved from /home/airflow/.local/lib/python3.12/site-packages/airflow/example_dags/example_skip_dag.py
[2024-12-29T00:27:53.781+0000] {logging_mixin.py:190} INFO - [2024-12-29T00:27:53.781+0000] {dag.py:3239} INFO - Sync 1 DAGs
[2024-12-29T00:27:53.814+0000] {logging_mixin.py:190} INFO - [2024-12-29T00:27:53.814+0000] {dag.py:4180} INFO - Setting next_dagrun for example_skip_dag to 2024-12-28 00:00:00+00:00, run_after=2024-12-29 00:00:00+00:00
[2024-12-29T00:27:53.844+0000] {processor.py:208} INFO - Processing /home/airflow/.local/lib/python3.12/site-packages/airflow/example_dags/example_skip_dag.py took 0.125 seconds
[2024-12-29T00:28:24.661+0000] {processor.py:186} INFO - Started process (PID=1172) to work on /home/airflow/.local/lib/python3.12/site-packages/airflow/example_dags/example_skip_dag.py
[2024-12-29T00:28:24.663+0000] {processor.py:914} INFO - Processing file /home/airflow/.local/lib/python3.12/site-packages/airflow/example_dags/example_skip_dag.py for tasks to queue
[2024-12-29T00:28:24.666+0000] {logging_mixin.py:190} INFO - [2024-12-29T00:28:24.665+0000] {dagbag.py:588} INFO - Filling up the DagBag from /home/airflow/.local/lib/python3.12/site-packages/airflow/example_dags/example_skip_dag.py
[2024-12-29T00:28:24.674+0000] {processor.py:925} INFO - DAG(s) 'example_skip_dag' retrieved from /home/airflow/.local/lib/python3.12/site-packages/airflow/example_dags/example_skip_dag.py
[2024-12-29T00:28:24.699+0000] {logging_mixin.py:190} INFO - [2024-12-29T00:28:24.699+0000] {dag.py:3239} INFO - Sync 1 DAGs
[2024-12-29T00:28:24.728+0000] {logging_mixin.py:190} INFO - [2024-12-29T00:28:24.728+0000] {dag.py:4180} INFO - Setting next_dagrun for example_skip_dag to 2024-12-28 00:00:00+00:00, run_after=2024-12-29 00:00:00+00:00
[2024-12-29T00:28:24.754+0000] {processor.py:208} INFO - Processing /home/airflow/.local/lib/python3.12/site-packages/airflow/example_dags/example_skip_dag.py took 0.099 seconds
[2024-12-29T00:28:55.895+0000] {processor.py:186} INFO - Started process (PID=1237) to work on /home/airflow/.local/lib/python3.12/site-packages/airflow/example_dags/example_skip_dag.py
[2024-12-29T00:28:55.896+0000] {processor.py:914} INFO - Processing file /home/airflow/.local/lib/python3.12/site-packages/airflow/example_dags/example_skip_dag.py for tasks to queue
[2024-12-29T00:28:55.900+0000] {logging_mixin.py:190} INFO - [2024-12-29T00:28:55.899+0000] {dagbag.py:588} INFO - Filling up the DagBag from /home/airflow/.local/lib/python3.12/site-packages/airflow/example_dags/example_skip_dag.py
[2024-12-29T00:28:55.907+0000] {processor.py:925} INFO - DAG(s) 'example_skip_dag' retrieved from /home/airflow/.local/lib/python3.12/site-packages/airflow/example_dags/example_skip_dag.py
[2024-12-29T00:28:55.933+0000] {logging_mixin.py:190} INFO - [2024-12-29T00:28:55.932+0000] {dag.py:3239} INFO - Sync 1 DAGs
[2024-12-29T00:28:55.958+0000] {logging_mixin.py:190} INFO - [2024-12-29T00:28:55.958+0000] {dag.py:4180} INFO - Setting next_dagrun for example_skip_dag to 2024-12-28 00:00:00+00:00, run_after=2024-12-29 00:00:00+00:00
[2024-12-29T00:28:55.983+0000] {processor.py:208} INFO - Processing /home/airflow/.local/lib/python3.12/site-packages/airflow/example_dags/example_skip_dag.py took 0.094 seconds
[2024-12-29T00:29:27.618+0000] {processor.py:186} INFO - Started process (PID=1302) to work on /home/airflow/.local/lib/python3.12/site-packages/airflow/example_dags/example_skip_dag.py
[2024-12-29T00:29:27.620+0000] {processor.py:914} INFO - Processing file /home/airflow/.local/lib/python3.12/site-packages/airflow/example_dags/example_skip_dag.py for tasks to queue
[2024-12-29T00:29:27.623+0000] {logging_mixin.py:190} INFO - [2024-12-29T00:29:27.622+0000] {dagbag.py:588} INFO - Filling up the DagBag from /home/airflow/.local/lib/python3.12/site-packages/airflow/example_dags/example_skip_dag.py
[2024-12-29T00:29:27.631+0000] {processor.py:925} INFO - DAG(s) 'example_skip_dag' retrieved from /home/airflow/.local/lib/python3.12/site-packages/airflow/example_dags/example_skip_dag.py
[2024-12-29T00:29:27.658+0000] {logging_mixin.py:190} INFO - [2024-12-29T00:29:27.658+0000] {dag.py:3239} INFO - Sync 1 DAGs
[2024-12-29T00:29:27.685+0000] {logging_mixin.py:190} INFO - [2024-12-29T00:29:27.685+0000] {dag.py:4180} INFO - Setting next_dagrun for example_skip_dag to 2024-12-28 00:00:00+00:00, run_after=2024-12-29 00:00:00+00:00
[2024-12-29T00:29:27.709+0000] {processor.py:208} INFO - Processing /home/airflow/.local/lib/python3.12/site-packages/airflow/example_dags/example_skip_dag.py took 0.097 seconds
[2024-12-29T00:29:58.406+0000] {processor.py:186} INFO - Started process (PID=1367) to work on /home/airflow/.local/lib/python3.12/site-packages/airflow/example_dags/example_skip_dag.py
[2024-12-29T00:29:58.407+0000] {processor.py:914} INFO - Processing file /home/airflow/.local/lib/python3.12/site-packages/airflow/example_dags/example_skip_dag.py for tasks to queue
[2024-12-29T00:29:58.410+0000] {logging_mixin.py:190} INFO - [2024-12-29T00:29:58.409+0000] {dagbag.py:588} INFO - Filling up the DagBag from /home/airflow/.local/lib/python3.12/site-packages/airflow/example_dags/example_skip_dag.py
[2024-12-29T00:29:58.417+0000] {processor.py:925} INFO - DAG(s) 'example_skip_dag' retrieved from /home/airflow/.local/lib/python3.12/site-packages/airflow/example_dags/example_skip_dag.py
[2024-12-29T00:29:58.440+0000] {logging_mixin.py:190} INFO - [2024-12-29T00:29:58.440+0000] {dag.py:3239} INFO - Sync 1 DAGs
[2024-12-29T00:29:58.465+0000] {logging_mixin.py:190} INFO - [2024-12-29T00:29:58.465+0000] {dag.py:4180} INFO - Setting next_dagrun for example_skip_dag to 2024-12-28 00:00:00+00:00, run_after=2024-12-29 00:00:00+00:00
[2024-12-29T00:29:58.490+0000] {processor.py:208} INFO - Processing /home/airflow/.local/lib/python3.12/site-packages/airflow/example_dags/example_skip_dag.py took 0.090 seconds
[2024-12-29T00:30:29.221+0000] {processor.py:186} INFO - Started process (PID=1432) to work on /home/airflow/.local/lib/python3.12/site-packages/airflow/example_dags/example_skip_dag.py
[2024-12-29T00:30:29.223+0000] {processor.py:914} INFO - Processing file /home/airflow/.local/lib/python3.12/site-packages/airflow/example_dags/example_skip_dag.py for tasks to queue
[2024-12-29T00:30:29.225+0000] {logging_mixin.py:190} INFO - [2024-12-29T00:30:29.225+0000] {dagbag.py:588} INFO - Filling up the DagBag from /home/airflow/.local/lib/python3.12/site-packages/airflow/example_dags/example_skip_dag.py
[2024-12-29T00:30:29.234+0000] {processor.py:925} INFO - DAG(s) 'example_skip_dag' retrieved from /home/airflow/.local/lib/python3.12/site-packages/airflow/example_dags/example_skip_dag.py
[2024-12-29T00:30:29.263+0000] {logging_mixin.py:190} INFO - [2024-12-29T00:30:29.262+0000] {dag.py:3239} INFO - Sync 1 DAGs
[2024-12-29T00:30:29.289+0000] {logging_mixin.py:190} INFO - [2024-12-29T00:30:29.289+0000] {dag.py:4180} INFO - Setting next_dagrun for example_skip_dag to 2024-12-28 00:00:00+00:00, run_after=2024-12-29 00:00:00+00:00
[2024-12-29T00:30:29.313+0000] {processor.py:208} INFO - Processing /home/airflow/.local/lib/python3.12/site-packages/airflow/example_dags/example_skip_dag.py took 0.097 seconds
[2024-12-29T00:31:01.252+0000] {processor.py:186} INFO - Started process (PID=1499) to work on /home/airflow/.local/lib/python3.12/site-packages/airflow/example_dags/example_skip_dag.py
[2024-12-29T00:31:01.253+0000] {processor.py:914} INFO - Processing file /home/airflow/.local/lib/python3.12/site-packages/airflow/example_dags/example_skip_dag.py for tasks to queue
[2024-12-29T00:31:01.257+0000] {logging_mixin.py:190} INFO - [2024-12-29T00:31:01.256+0000] {dagbag.py:588} INFO - Filling up the DagBag from /home/airflow/.local/lib/python3.12/site-packages/airflow/example_dags/example_skip_dag.py
[2024-12-29T00:31:01.268+0000] {processor.py:925} INFO - DAG(s) 'example_skip_dag' retrieved from /home/airflow/.local/lib/python3.12/site-packages/airflow/example_dags/example_skip_dag.py
[2024-12-29T00:31:01.305+0000] {logging_mixin.py:190} INFO - [2024-12-29T00:31:01.305+0000] {dag.py:3239} INFO - Sync 1 DAGs
[2024-12-29T00:31:01.342+0000] {logging_mixin.py:190} INFO - [2024-12-29T00:31:01.342+0000] {dag.py:4180} INFO - Setting next_dagrun for example_skip_dag to 2024-12-28 00:00:00+00:00, run_after=2024-12-29 00:00:00+00:00
[2024-12-29T00:31:01.373+0000] {processor.py:208} INFO - Processing /home/airflow/.local/lib/python3.12/site-packages/airflow/example_dags/example_skip_dag.py took 0.130 seconds
[2024-12-29T00:31:32.372+0000] {processor.py:186} INFO - Started process (PID=1565) to work on /home/airflow/.local/lib/python3.12/site-packages/airflow/example_dags/example_skip_dag.py
[2024-12-29T00:31:32.374+0000] {processor.py:914} INFO - Processing file /home/airflow/.local/lib/python3.12/site-packages/airflow/example_dags/example_skip_dag.py for tasks to queue
[2024-12-29T00:31:32.378+0000] {logging_mixin.py:190} INFO - [2024-12-29T00:31:32.377+0000] {dagbag.py:588} INFO - Filling up the DagBag from /home/airflow/.local/lib/python3.12/site-packages/airflow/example_dags/example_skip_dag.py
[2024-12-29T00:31:32.388+0000] {processor.py:925} INFO - DAG(s) 'example_skip_dag' retrieved from /home/airflow/.local/lib/python3.12/site-packages/airflow/example_dags/example_skip_dag.py
[2024-12-29T00:31:32.421+0000] {logging_mixin.py:190} INFO - [2024-12-29T00:31:32.420+0000] {dag.py:3239} INFO - Sync 1 DAGs
[2024-12-29T00:31:32.456+0000] {logging_mixin.py:190} INFO - [2024-12-29T00:31:32.455+0000] {dag.py:4180} INFO - Setting next_dagrun for example_skip_dag to 2024-12-28 00:00:00+00:00, run_after=2024-12-29 00:00:00+00:00
[2024-12-29T00:31:32.484+0000] {processor.py:208} INFO - Processing /home/airflow/.local/lib/python3.12/site-packages/airflow/example_dags/example_skip_dag.py took 0.119 seconds
[2024-12-29T00:32:03.478+0000] {processor.py:186} INFO - Started process (PID=1631) to work on /home/airflow/.local/lib/python3.12/site-packages/airflow/example_dags/example_skip_dag.py
[2024-12-29T00:32:03.480+0000] {processor.py:914} INFO - Processing file /home/airflow/.local/lib/python3.12/site-packages/airflow/example_dags/example_skip_dag.py for tasks to queue
[2024-12-29T00:32:03.482+0000] {logging_mixin.py:190} INFO - [2024-12-29T00:32:03.482+0000] {dagbag.py:588} INFO - Filling up the DagBag from /home/airflow/.local/lib/python3.12/site-packages/airflow/example_dags/example_skip_dag.py
[2024-12-29T00:32:03.489+0000] {processor.py:925} INFO - DAG(s) 'example_skip_dag' retrieved from /home/airflow/.local/lib/python3.12/site-packages/airflow/example_dags/example_skip_dag.py
[2024-12-29T00:32:03.515+0000] {logging_mixin.py:190} INFO - [2024-12-29T00:32:03.515+0000] {dag.py:3239} INFO - Sync 1 DAGs
[2024-12-29T00:32:03.547+0000] {logging_mixin.py:190} INFO - [2024-12-29T00:32:03.547+0000] {dag.py:4180} INFO - Setting next_dagrun for example_skip_dag to 2024-12-28 00:00:00+00:00, run_after=2024-12-29 00:00:00+00:00
[2024-12-29T00:32:03.573+0000] {processor.py:208} INFO - Processing /home/airflow/.local/lib/python3.12/site-packages/airflow/example_dags/example_skip_dag.py took 0.100 seconds
[2024-12-29T00:32:35.882+0000] {processor.py:186} INFO - Started process (PID=1704) to work on /home/airflow/.local/lib/python3.12/site-packages/airflow/example_dags/example_skip_dag.py
[2024-12-29T00:32:35.886+0000] {processor.py:914} INFO - Processing file /home/airflow/.local/lib/python3.12/site-packages/airflow/example_dags/example_skip_dag.py for tasks to queue
[2024-12-29T00:32:35.888+0000] {logging_mixin.py:190} INFO - [2024-12-29T00:32:35.888+0000] {dagbag.py:588} INFO - Filling up the DagBag from /home/airflow/.local/lib/python3.12/site-packages/airflow/example_dags/example_skip_dag.py
[2024-12-29T00:32:35.896+0000] {processor.py:925} INFO - DAG(s) 'example_skip_dag' retrieved from /home/airflow/.local/lib/python3.12/site-packages/airflow/example_dags/example_skip_dag.py
[2024-12-29T00:32:35.923+0000] {logging_mixin.py:190} INFO - [2024-12-29T00:32:35.922+0000] {dag.py:3239} INFO - Sync 1 DAGs
[2024-12-29T00:32:35.952+0000] {logging_mixin.py:190} INFO - [2024-12-29T00:32:35.951+0000] {dag.py:4180} INFO - Setting next_dagrun for example_skip_dag to 2024-12-28 00:00:00+00:00, run_after=2024-12-29 00:00:00+00:00
[2024-12-29T00:32:35.979+0000] {processor.py:208} INFO - Processing /home/airflow/.local/lib/python3.12/site-packages/airflow/example_dags/example_skip_dag.py took 0.103 seconds
[2024-12-29T00:33:07.033+0000] {processor.py:186} INFO - Started process (PID=1769) to work on /home/airflow/.local/lib/python3.12/site-packages/airflow/example_dags/example_skip_dag.py
[2024-12-29T00:33:07.034+0000] {processor.py:914} INFO - Processing file /home/airflow/.local/lib/python3.12/site-packages/airflow/example_dags/example_skip_dag.py for tasks to queue
[2024-12-29T00:33:07.037+0000] {logging_mixin.py:190} INFO - [2024-12-29T00:33:07.037+0000] {dagbag.py:588} INFO - Filling up the DagBag from /home/airflow/.local/lib/python3.12/site-packages/airflow/example_dags/example_skip_dag.py
[2024-12-29T00:33:07.046+0000] {processor.py:925} INFO - DAG(s) 'example_skip_dag' retrieved from /home/airflow/.local/lib/python3.12/site-packages/airflow/example_dags/example_skip_dag.py
[2024-12-29T00:33:07.079+0000] {logging_mixin.py:190} INFO - [2024-12-29T00:33:07.078+0000] {dag.py:3239} INFO - Sync 1 DAGs
[2024-12-29T00:33:07.113+0000] {logging_mixin.py:190} INFO - [2024-12-29T00:33:07.113+0000] {dag.py:4180} INFO - Setting next_dagrun for example_skip_dag to 2024-12-28 00:00:00+00:00, run_after=2024-12-29 00:00:00+00:00
[2024-12-29T00:33:07.140+0000] {processor.py:208} INFO - Processing /home/airflow/.local/lib/python3.12/site-packages/airflow/example_dags/example_skip_dag.py took 0.114 seconds
[2024-12-29T00:33:38.983+0000] {processor.py:186} INFO - Started process (PID=1834) to work on /home/airflow/.local/lib/python3.12/site-packages/airflow/example_dags/example_skip_dag.py
[2024-12-29T00:33:38.985+0000] {processor.py:914} INFO - Processing file /home/airflow/.local/lib/python3.12/site-packages/airflow/example_dags/example_skip_dag.py for tasks to queue
[2024-12-29T00:33:38.988+0000] {logging_mixin.py:190} INFO - [2024-12-29T00:33:38.988+0000] {dagbag.py:588} INFO - Filling up the DagBag from /home/airflow/.local/lib/python3.12/site-packages/airflow/example_dags/example_skip_dag.py
[2024-12-29T00:33:38.998+0000] {processor.py:925} INFO - DAG(s) 'example_skip_dag' retrieved from /home/airflow/.local/lib/python3.12/site-packages/airflow/example_dags/example_skip_dag.py
[2024-12-29T00:33:39.030+0000] {logging_mixin.py:190} INFO - [2024-12-29T00:33:39.030+0000] {dag.py:3239} INFO - Sync 1 DAGs
[2024-12-29T00:33:39.065+0000] {logging_mixin.py:190} INFO - [2024-12-29T00:33:39.065+0000] {dag.py:4180} INFO - Setting next_dagrun for example_skip_dag to 2024-12-28 00:00:00+00:00, run_after=2024-12-29 00:00:00+00:00
[2024-12-29T00:33:39.098+0000] {processor.py:208} INFO - Processing /home/airflow/.local/lib/python3.12/site-packages/airflow/example_dags/example_skip_dag.py took 0.122 seconds
[2024-12-29T00:34:09.971+0000] {processor.py:186} INFO - Started process (PID=1899) to work on /home/airflow/.local/lib/python3.12/site-packages/airflow/example_dags/example_skip_dag.py
[2024-12-29T00:34:09.972+0000] {processor.py:914} INFO - Processing file /home/airflow/.local/lib/python3.12/site-packages/airflow/example_dags/example_skip_dag.py for tasks to queue
[2024-12-29T00:34:09.976+0000] {logging_mixin.py:190} INFO - [2024-12-29T00:34:09.976+0000] {dagbag.py:588} INFO - Filling up the DagBag from /home/airflow/.local/lib/python3.12/site-packages/airflow/example_dags/example_skip_dag.py
[2024-12-29T00:34:09.987+0000] {processor.py:925} INFO - DAG(s) 'example_skip_dag' retrieved from /home/airflow/.local/lib/python3.12/site-packages/airflow/example_dags/example_skip_dag.py
[2024-12-29T00:34:10.029+0000] {logging_mixin.py:190} INFO - [2024-12-29T00:34:10.028+0000] {dag.py:3239} INFO - Sync 1 DAGs
[2024-12-29T00:34:10.083+0000] {logging_mixin.py:190} INFO - [2024-12-29T00:34:10.083+0000] {dag.py:4180} INFO - Setting next_dagrun for example_skip_dag to 2024-12-28 00:00:00+00:00, run_after=2024-12-29 00:00:00+00:00
[2024-12-29T00:34:10.117+0000] {processor.py:208} INFO - Processing /home/airflow/.local/lib/python3.12/site-packages/airflow/example_dags/example_skip_dag.py took 0.153 seconds
[2024-12-29T00:34:41.649+0000] {processor.py:186} INFO - Started process (PID=1970) to work on /home/airflow/.local/lib/python3.12/site-packages/airflow/example_dags/example_skip_dag.py
[2024-12-29T00:34:41.651+0000] {processor.py:914} INFO - Processing file /home/airflow/.local/lib/python3.12/site-packages/airflow/example_dags/example_skip_dag.py for tasks to queue
[2024-12-29T00:34:41.654+0000] {logging_mixin.py:190} INFO - [2024-12-29T00:34:41.653+0000] {dagbag.py:588} INFO - Filling up the DagBag from /home/airflow/.local/lib/python3.12/site-packages/airflow/example_dags/example_skip_dag.py
[2024-12-29T00:34:41.663+0000] {processor.py:925} INFO - DAG(s) 'example_skip_dag' retrieved from /home/airflow/.local/lib/python3.12/site-packages/airflow/example_dags/example_skip_dag.py
[2024-12-29T00:34:41.692+0000] {logging_mixin.py:190} INFO - [2024-12-29T00:34:41.692+0000] {dag.py:3239} INFO - Sync 1 DAGs
[2024-12-29T00:34:41.728+0000] {logging_mixin.py:190} INFO - [2024-12-29T00:34:41.728+0000] {dag.py:4180} INFO - Setting next_dagrun for example_skip_dag to 2024-12-28 00:00:00+00:00, run_after=2024-12-29 00:00:00+00:00
[2024-12-29T00:34:41.759+0000] {processor.py:208} INFO - Processing /home/airflow/.local/lib/python3.12/site-packages/airflow/example_dags/example_skip_dag.py took 0.116 seconds
[2024-12-29T00:35:12.695+0000] {processor.py:186} INFO - Started process (PID=2035) to work on /home/airflow/.local/lib/python3.12/site-packages/airflow/example_dags/example_skip_dag.py
[2024-12-29T00:35:12.696+0000] {processor.py:914} INFO - Processing file /home/airflow/.local/lib/python3.12/site-packages/airflow/example_dags/example_skip_dag.py for tasks to queue
[2024-12-29T00:35:12.699+0000] {logging_mixin.py:190} INFO - [2024-12-29T00:35:12.699+0000] {dagbag.py:588} INFO - Filling up the DagBag from /home/airflow/.local/lib/python3.12/site-packages/airflow/example_dags/example_skip_dag.py
[2024-12-29T00:35:12.711+0000] {processor.py:925} INFO - DAG(s) 'example_skip_dag' retrieved from /home/airflow/.local/lib/python3.12/site-packages/airflow/example_dags/example_skip_dag.py
[2024-12-29T00:35:12.743+0000] {logging_mixin.py:190} INFO - [2024-12-29T00:35:12.743+0000] {dag.py:3239} INFO - Sync 1 DAGs
[2024-12-29T00:35:12.779+0000] {logging_mixin.py:190} INFO - [2024-12-29T00:35:12.778+0000] {dag.py:4180} INFO - Setting next_dagrun for example_skip_dag to 2024-12-28 00:00:00+00:00, run_after=2024-12-29 00:00:00+00:00
[2024-12-29T00:35:12.807+0000] {processor.py:208} INFO - Processing /home/airflow/.local/lib/python3.12/site-packages/airflow/example_dags/example_skip_dag.py took 0.118 seconds
[2024-12-29T00:35:43.140+0000] {processor.py:186} INFO - Started process (PID=2100) to work on /home/airflow/.local/lib/python3.12/site-packages/airflow/example_dags/example_skip_dag.py
[2024-12-29T00:35:43.143+0000] {processor.py:914} INFO - Processing file /home/airflow/.local/lib/python3.12/site-packages/airflow/example_dags/example_skip_dag.py for tasks to queue
[2024-12-29T00:35:43.145+0000] {logging_mixin.py:190} INFO - [2024-12-29T00:35:43.145+0000] {dagbag.py:588} INFO - Filling up the DagBag from /home/airflow/.local/lib/python3.12/site-packages/airflow/example_dags/example_skip_dag.py
[2024-12-29T00:35:43.154+0000] {processor.py:925} INFO - DAG(s) 'example_skip_dag' retrieved from /home/airflow/.local/lib/python3.12/site-packages/airflow/example_dags/example_skip_dag.py
[2024-12-29T00:35:43.181+0000] {logging_mixin.py:190} INFO - [2024-12-29T00:35:43.181+0000] {dag.py:3239} INFO - Sync 1 DAGs
[2024-12-29T00:35:43.209+0000] {logging_mixin.py:190} INFO - [2024-12-29T00:35:43.209+0000] {dag.py:4180} INFO - Setting next_dagrun for example_skip_dag to 2024-12-28 00:00:00+00:00, run_after=2024-12-29 00:00:00+00:00
[2024-12-29T00:35:43.238+0000] {processor.py:208} INFO - Processing /home/airflow/.local/lib/python3.12/site-packages/airflow/example_dags/example_skip_dag.py took 0.104 seconds
[2024-12-29T00:36:14.141+0000] {processor.py:186} INFO - Started process (PID=2165) to work on /home/airflow/.local/lib/python3.12/site-packages/airflow/example_dags/example_skip_dag.py
[2024-12-29T00:36:14.143+0000] {processor.py:914} INFO - Processing file /home/airflow/.local/lib/python3.12/site-packages/airflow/example_dags/example_skip_dag.py for tasks to queue
[2024-12-29T00:36:14.146+0000] {logging_mixin.py:190} INFO - [2024-12-29T00:36:14.145+0000] {dagbag.py:588} INFO - Filling up the DagBag from /home/airflow/.local/lib/python3.12/site-packages/airflow/example_dags/example_skip_dag.py
[2024-12-29T00:36:14.161+0000] {processor.py:925} INFO - DAG(s) 'example_skip_dag' retrieved from /home/airflow/.local/lib/python3.12/site-packages/airflow/example_dags/example_skip_dag.py
[2024-12-29T00:36:14.194+0000] {logging_mixin.py:190} INFO - [2024-12-29T00:36:14.194+0000] {dag.py:3239} INFO - Sync 1 DAGs
[2024-12-29T00:36:14.225+0000] {logging_mixin.py:190} INFO - [2024-12-29T00:36:14.225+0000] {dag.py:4180} INFO - Setting next_dagrun for example_skip_dag to 2024-12-28 00:00:00+00:00, run_after=2024-12-29 00:00:00+00:00
[2024-12-29T00:36:14.253+0000] {processor.py:208} INFO - Processing /home/airflow/.local/lib/python3.12/site-packages/airflow/example_dags/example_skip_dag.py took 0.119 seconds
[2024-12-29T00:36:45.039+0000] {processor.py:186} INFO - Started process (PID=2230) to work on /home/airflow/.local/lib/python3.12/site-packages/airflow/example_dags/example_skip_dag.py
[2024-12-29T00:36:45.041+0000] {processor.py:914} INFO - Processing file /home/airflow/.local/lib/python3.12/site-packages/airflow/example_dags/example_skip_dag.py for tasks to queue
[2024-12-29T00:36:45.044+0000] {logging_mixin.py:190} INFO - [2024-12-29T00:36:45.044+0000] {dagbag.py:588} INFO - Filling up the DagBag from /home/airflow/.local/lib/python3.12/site-packages/airflow/example_dags/example_skip_dag.py
[2024-12-29T00:36:45.054+0000] {processor.py:925} INFO - DAG(s) 'example_skip_dag' retrieved from /home/airflow/.local/lib/python3.12/site-packages/airflow/example_dags/example_skip_dag.py
[2024-12-29T00:36:45.087+0000] {logging_mixin.py:190} INFO - [2024-12-29T00:36:45.086+0000] {dag.py:3239} INFO - Sync 1 DAGs
[2024-12-29T00:36:45.118+0000] {logging_mixin.py:190} INFO - [2024-12-29T00:36:45.117+0000] {dag.py:4180} INFO - Setting next_dagrun for example_skip_dag to 2024-12-28 00:00:00+00:00, run_after=2024-12-29 00:00:00+00:00
[2024-12-29T00:36:45.147+0000] {processor.py:208} INFO - Processing /home/airflow/.local/lib/python3.12/site-packages/airflow/example_dags/example_skip_dag.py took 0.115 seconds
[2024-12-29T00:37:16.068+0000] {processor.py:186} INFO - Started process (PID=2295) to work on /home/airflow/.local/lib/python3.12/site-packages/airflow/example_dags/example_skip_dag.py
[2024-12-29T00:37:16.070+0000] {processor.py:914} INFO - Processing file /home/airflow/.local/lib/python3.12/site-packages/airflow/example_dags/example_skip_dag.py for tasks to queue
[2024-12-29T00:37:16.072+0000] {logging_mixin.py:190} INFO - [2024-12-29T00:37:16.072+0000] {dagbag.py:588} INFO - Filling up the DagBag from /home/airflow/.local/lib/python3.12/site-packages/airflow/example_dags/example_skip_dag.py
[2024-12-29T00:37:16.080+0000] {processor.py:925} INFO - DAG(s) 'example_skip_dag' retrieved from /home/airflow/.local/lib/python3.12/site-packages/airflow/example_dags/example_skip_dag.py
[2024-12-29T00:37:16.109+0000] {logging_mixin.py:190} INFO - [2024-12-29T00:37:16.109+0000] {dag.py:3239} INFO - Sync 1 DAGs
[2024-12-29T00:37:16.137+0000] {logging_mixin.py:190} INFO - [2024-12-29T00:37:16.137+0000] {dag.py:4180} INFO - Setting next_dagrun for example_skip_dag to 2024-12-28 00:00:00+00:00, run_after=2024-12-29 00:00:00+00:00
[2024-12-29T00:37:16.165+0000] {processor.py:208} INFO - Processing /home/airflow/.local/lib/python3.12/site-packages/airflow/example_dags/example_skip_dag.py took 0.102 seconds
[2024-12-29T00:37:48.124+0000] {processor.py:186} INFO - Started process (PID=2361) to work on /home/airflow/.local/lib/python3.12/site-packages/airflow/example_dags/example_skip_dag.py
[2024-12-29T00:37:48.126+0000] {processor.py:914} INFO - Processing file /home/airflow/.local/lib/python3.12/site-packages/airflow/example_dags/example_skip_dag.py for tasks to queue
[2024-12-29T00:37:48.129+0000] {logging_mixin.py:190} INFO - [2024-12-29T00:37:48.128+0000] {dagbag.py:588} INFO - Filling up the DagBag from /home/airflow/.local/lib/python3.12/site-packages/airflow/example_dags/example_skip_dag.py
[2024-12-29T00:37:48.140+0000] {processor.py:925} INFO - DAG(s) 'example_skip_dag' retrieved from /home/airflow/.local/lib/python3.12/site-packages/airflow/example_dags/example_skip_dag.py
[2024-12-29T00:37:48.173+0000] {logging_mixin.py:190} INFO - [2024-12-29T00:37:48.173+0000] {dag.py:3239} INFO - Sync 1 DAGs
[2024-12-29T00:37:48.222+0000] {logging_mixin.py:190} INFO - [2024-12-29T00:37:48.222+0000] {dag.py:4180} INFO - Setting next_dagrun for example_skip_dag to 2024-12-28 00:00:00+00:00, run_after=2024-12-29 00:00:00+00:00
[2024-12-29T00:37:48.273+0000] {processor.py:208} INFO - Processing /home/airflow/.local/lib/python3.12/site-packages/airflow/example_dags/example_skip_dag.py took 0.156 seconds
[2024-12-29T00:38:19.044+0000] {processor.py:186} INFO - Started process (PID=2426) to work on /home/airflow/.local/lib/python3.12/site-packages/airflow/example_dags/example_skip_dag.py
[2024-12-29T00:38:19.046+0000] {processor.py:914} INFO - Processing file /home/airflow/.local/lib/python3.12/site-packages/airflow/example_dags/example_skip_dag.py for tasks to queue
[2024-12-29T00:38:19.049+0000] {logging_mixin.py:190} INFO - [2024-12-29T00:38:19.048+0000] {dagbag.py:588} INFO - Filling up the DagBag from /home/airflow/.local/lib/python3.12/site-packages/airflow/example_dags/example_skip_dag.py
[2024-12-29T00:38:19.056+0000] {processor.py:925} INFO - DAG(s) 'example_skip_dag' retrieved from /home/airflow/.local/lib/python3.12/site-packages/airflow/example_dags/example_skip_dag.py
[2024-12-29T00:38:19.085+0000] {logging_mixin.py:190} INFO - [2024-12-29T00:38:19.084+0000] {dag.py:3239} INFO - Sync 1 DAGs
[2024-12-29T00:38:19.112+0000] {logging_mixin.py:190} INFO - [2024-12-29T00:38:19.112+0000] {dag.py:4180} INFO - Setting next_dagrun for example_skip_dag to 2024-12-28 00:00:00+00:00, run_after=2024-12-29 00:00:00+00:00
[2024-12-29T00:38:19.140+0000] {processor.py:208} INFO - Processing /home/airflow/.local/lib/python3.12/site-packages/airflow/example_dags/example_skip_dag.py took 0.102 seconds
