[2024-12-29T00:03:45.156+0000] {processor.py:186} INFO - Started process (PID=94) to work on /home/airflow/.local/lib/python3.12/site-packages/airflow/example_dags/example_branch_day_of_week_operator.py
[2024-12-29T00:03:45.157+0000] {processor.py:914} INFO - Processing file /home/airflow/.local/lib/python3.12/site-packages/airflow/example_dags/example_branch_day_of_week_operator.py for tasks to queue
[2024-12-29T00:03:45.161+0000] {logging_mixin.py:190} INFO - [2024-12-29T00:03:45.160+0000] {dagbag.py:588} INFO - Filling up the DagBag from /home/airflow/.local/lib/python3.12/site-packages/airflow/example_dags/example_branch_day_of_week_operator.py
[2024-12-29T00:03:45.181+0000] {processor.py:925} INFO - DAG(s) 'example_weekday_branch_operator' retrieved from /home/airflow/.local/lib/python3.12/site-packages/airflow/example_dags/example_branch_day_of_week_operator.py
[2024-12-29T00:03:45.333+0000] {logging_mixin.py:190} INFO - [2024-12-29T00:03:45.332+0000] {override.py:1911} INFO - Created Permission View: can read on DAG:example_weekday_branch_operator
[2024-12-29T00:03:45.353+0000] {logging_mixin.py:190} INFO - [2024-12-29T00:03:45.353+0000] {override.py:1911} INFO - Created Permission View: can edit on DAG:example_weekday_branch_operator
[2024-12-29T00:03:45.367+0000] {logging_mixin.py:190} INFO - [2024-12-29T00:03:45.366+0000] {override.py:1911} INFO - Created Permission View: can delete on DAG:example_weekday_branch_operator
[2024-12-29T00:03:45.386+0000] {logging_mixin.py:190} INFO - [2024-12-29T00:03:45.386+0000] {override.py:1911} INFO - Created Permission View: can create on DAG Run:example_weekday_branch_operator
[2024-12-29T00:03:45.403+0000] {logging_mixin.py:190} INFO - [2024-12-29T00:03:45.403+0000] {override.py:1911} INFO - Created Permission View: can read on DAG Run:example_weekday_branch_operator
[2024-12-29T00:03:45.418+0000] {logging_mixin.py:190} INFO - [2024-12-29T00:03:45.418+0000] {override.py:1911} INFO - Created Permission View: can delete on DAG Run:example_weekday_branch_operator
[2024-12-29T00:03:45.434+0000] {logging_mixin.py:190} INFO - [2024-12-29T00:03:45.433+0000] {override.py:1911} INFO - Created Permission View: menu access on DAG Run:example_weekday_branch_operator
[2024-12-29T00:03:45.434+0000] {logging_mixin.py:190} INFO - [2024-12-29T00:03:45.434+0000] {dag.py:3239} INFO - Sync 1 DAGs
[2024-12-29T00:03:45.456+0000] {logging_mixin.py:190} INFO - [2024-12-29T00:03:45.456+0000] {dag.py:3262} INFO - Creating ORM DAG for example_weekday_branch_operator
[2024-12-29T00:03:45.474+0000] {logging_mixin.py:190} INFO - [2024-12-29T00:03:45.474+0000] {dag.py:4180} INFO - Setting next_dagrun for example_weekday_branch_operator to 2024-12-28 00:00:00+00:00, run_after=2024-12-29 00:00:00+00:00
[2024-12-29T00:03:45.512+0000] {processor.py:208} INFO - Processing /home/airflow/.local/lib/python3.12/site-packages/airflow/example_dags/example_branch_day_of_week_operator.py took 0.364 seconds
[2024-12-29T00:04:15.880+0000] {processor.py:186} INFO - Started process (PID=158) to work on /home/airflow/.local/lib/python3.12/site-packages/airflow/example_dags/example_branch_day_of_week_operator.py
[2024-12-29T00:04:15.882+0000] {processor.py:914} INFO - Processing file /home/airflow/.local/lib/python3.12/site-packages/airflow/example_dags/example_branch_day_of_week_operator.py for tasks to queue
[2024-12-29T00:04:15.885+0000] {logging_mixin.py:190} INFO - [2024-12-29T00:04:15.884+0000] {dagbag.py:588} INFO - Filling up the DagBag from /home/airflow/.local/lib/python3.12/site-packages/airflow/example_dags/example_branch_day_of_week_operator.py
[2024-12-29T00:04:15.899+0000] {processor.py:925} INFO - DAG(s) 'example_weekday_branch_operator' retrieved from /home/airflow/.local/lib/python3.12/site-packages/airflow/example_dags/example_branch_day_of_week_operator.py
[2024-12-29T00:04:15.934+0000] {logging_mixin.py:190} INFO - [2024-12-29T00:04:15.933+0000] {dag.py:3239} INFO - Sync 1 DAGs
[2024-12-29T00:04:15.965+0000] {logging_mixin.py:190} INFO - [2024-12-29T00:04:15.965+0000] {dag.py:4180} INFO - Setting next_dagrun for example_weekday_branch_operator to 2024-12-28 00:00:00+00:00, run_after=2024-12-29 00:00:00+00:00
[2024-12-29T00:04:15.995+0000] {processor.py:208} INFO - Processing /home/airflow/.local/lib/python3.12/site-packages/airflow/example_dags/example_branch_day_of_week_operator.py took 0.122 seconds
[2024-12-29T00:04:46.436+0000] {processor.py:186} INFO - Started process (PID=221) to work on /home/airflow/.local/lib/python3.12/site-packages/airflow/example_dags/example_branch_day_of_week_operator.py
[2024-12-29T00:04:46.437+0000] {processor.py:914} INFO - Processing file /home/airflow/.local/lib/python3.12/site-packages/airflow/example_dags/example_branch_day_of_week_operator.py for tasks to queue
[2024-12-29T00:04:46.441+0000] {logging_mixin.py:190} INFO - [2024-12-29T00:04:46.440+0000] {dagbag.py:588} INFO - Filling up the DagBag from /home/airflow/.local/lib/python3.12/site-packages/airflow/example_dags/example_branch_day_of_week_operator.py
[2024-12-29T00:04:46.457+0000] {processor.py:925} INFO - DAG(s) 'example_weekday_branch_operator' retrieved from /home/airflow/.local/lib/python3.12/site-packages/airflow/example_dags/example_branch_day_of_week_operator.py
[2024-12-29T00:04:46.496+0000] {logging_mixin.py:190} INFO - [2024-12-29T00:04:46.496+0000] {dag.py:3239} INFO - Sync 1 DAGs
[2024-12-29T00:04:46.541+0000] {logging_mixin.py:190} INFO - [2024-12-29T00:04:46.541+0000] {dag.py:4180} INFO - Setting next_dagrun for example_weekday_branch_operator to 2024-12-28 00:00:00+00:00, run_after=2024-12-29 00:00:00+00:00
[2024-12-29T00:04:46.582+0000] {processor.py:208} INFO - Processing /home/airflow/.local/lib/python3.12/site-packages/airflow/example_dags/example_branch_day_of_week_operator.py took 0.154 seconds
[2024-12-29T00:05:16.880+0000] {processor.py:186} INFO - Started process (PID=284) to work on /home/airflow/.local/lib/python3.12/site-packages/airflow/example_dags/example_branch_day_of_week_operator.py
[2024-12-29T00:05:16.882+0000] {processor.py:914} INFO - Processing file /home/airflow/.local/lib/python3.12/site-packages/airflow/example_dags/example_branch_day_of_week_operator.py for tasks to queue
[2024-12-29T00:05:16.886+0000] {logging_mixin.py:190} INFO - [2024-12-29T00:05:16.885+0000] {dagbag.py:588} INFO - Filling up the DagBag from /home/airflow/.local/lib/python3.12/site-packages/airflow/example_dags/example_branch_day_of_week_operator.py
[2024-12-29T00:05:16.905+0000] {processor.py:925} INFO - DAG(s) 'example_weekday_branch_operator' retrieved from /home/airflow/.local/lib/python3.12/site-packages/airflow/example_dags/example_branch_day_of_week_operator.py
[2024-12-29T00:05:16.941+0000] {logging_mixin.py:190} INFO - [2024-12-29T00:05:16.941+0000] {dag.py:3239} INFO - Sync 1 DAGs
[2024-12-29T00:05:16.974+0000] {logging_mixin.py:190} INFO - [2024-12-29T00:05:16.973+0000] {dag.py:4180} INFO - Setting next_dagrun for example_weekday_branch_operator to 2024-12-28 00:00:00+00:00, run_after=2024-12-29 00:00:00+00:00
[2024-12-29T00:05:17.001+0000] {processor.py:208} INFO - Processing /home/airflow/.local/lib/python3.12/site-packages/airflow/example_dags/example_branch_day_of_week_operator.py took 0.130 seconds
[2024-12-29T00:05:47.144+0000] {processor.py:186} INFO - Started process (PID=348) to work on /home/airflow/.local/lib/python3.12/site-packages/airflow/example_dags/example_branch_day_of_week_operator.py
[2024-12-29T00:05:47.145+0000] {processor.py:914} INFO - Processing file /home/airflow/.local/lib/python3.12/site-packages/airflow/example_dags/example_branch_day_of_week_operator.py for tasks to queue
[2024-12-29T00:05:47.148+0000] {logging_mixin.py:190} INFO - [2024-12-29T00:05:47.148+0000] {dagbag.py:588} INFO - Filling up the DagBag from /home/airflow/.local/lib/python3.12/site-packages/airflow/example_dags/example_branch_day_of_week_operator.py
[2024-12-29T00:05:47.162+0000] {processor.py:925} INFO - DAG(s) 'example_weekday_branch_operator' retrieved from /home/airflow/.local/lib/python3.12/site-packages/airflow/example_dags/example_branch_day_of_week_operator.py
[2024-12-29T00:05:47.192+0000] {logging_mixin.py:190} INFO - [2024-12-29T00:05:47.192+0000] {dag.py:3239} INFO - Sync 1 DAGs
[2024-12-29T00:05:47.220+0000] {logging_mixin.py:190} INFO - [2024-12-29T00:05:47.220+0000] {dag.py:4180} INFO - Setting next_dagrun for example_weekday_branch_operator to 2024-12-28 00:00:00+00:00, run_after=2024-12-29 00:00:00+00:00
[2024-12-29T00:05:47.248+0000] {processor.py:208} INFO - Processing /home/airflow/.local/lib/python3.12/site-packages/airflow/example_dags/example_branch_day_of_week_operator.py took 0.110 seconds
[2024-12-29T00:06:17.572+0000] {processor.py:186} INFO - Started process (PID=412) to work on /home/airflow/.local/lib/python3.12/site-packages/airflow/example_dags/example_branch_day_of_week_operator.py
[2024-12-29T00:06:17.574+0000] {processor.py:914} INFO - Processing file /home/airflow/.local/lib/python3.12/site-packages/airflow/example_dags/example_branch_day_of_week_operator.py for tasks to queue
[2024-12-29T00:06:17.577+0000] {logging_mixin.py:190} INFO - [2024-12-29T00:06:17.577+0000] {dagbag.py:588} INFO - Filling up the DagBag from /home/airflow/.local/lib/python3.12/site-packages/airflow/example_dags/example_branch_day_of_week_operator.py
[2024-12-29T00:06:17.589+0000] {processor.py:925} INFO - DAG(s) 'example_weekday_branch_operator' retrieved from /home/airflow/.local/lib/python3.12/site-packages/airflow/example_dags/example_branch_day_of_week_operator.py
[2024-12-29T00:06:17.619+0000] {logging_mixin.py:190} INFO - [2024-12-29T00:06:17.618+0000] {dag.py:3239} INFO - Sync 1 DAGs
[2024-12-29T00:06:17.648+0000] {logging_mixin.py:190} INFO - [2024-12-29T00:06:17.648+0000] {dag.py:4180} INFO - Setting next_dagrun for example_weekday_branch_operator to 2024-12-28 00:00:00+00:00, run_after=2024-12-29 00:00:00+00:00
[2024-12-29T00:06:17.681+0000] {processor.py:208} INFO - Processing /home/airflow/.local/lib/python3.12/site-packages/airflow/example_dags/example_branch_day_of_week_operator.py took 0.115 seconds
[2024-12-29T00:06:47.991+0000] {processor.py:186} INFO - Started process (PID=477) to work on /home/airflow/.local/lib/python3.12/site-packages/airflow/example_dags/example_branch_day_of_week_operator.py
[2024-12-29T00:06:47.992+0000] {processor.py:914} INFO - Processing file /home/airflow/.local/lib/python3.12/site-packages/airflow/example_dags/example_branch_day_of_week_operator.py for tasks to queue
[2024-12-29T00:06:47.995+0000] {logging_mixin.py:190} INFO - [2024-12-29T00:06:47.995+0000] {dagbag.py:588} INFO - Filling up the DagBag from /home/airflow/.local/lib/python3.12/site-packages/airflow/example_dags/example_branch_day_of_week_operator.py
[2024-12-29T00:06:48.006+0000] {processor.py:925} INFO - DAG(s) 'example_weekday_branch_operator' retrieved from /home/airflow/.local/lib/python3.12/site-packages/airflow/example_dags/example_branch_day_of_week_operator.py
[2024-12-29T00:06:48.034+0000] {logging_mixin.py:190} INFO - [2024-12-29T00:06:48.034+0000] {dag.py:3239} INFO - Sync 1 DAGs
[2024-12-29T00:06:48.066+0000] {logging_mixin.py:190} INFO - [2024-12-29T00:06:48.066+0000] {dag.py:4180} INFO - Setting next_dagrun for example_weekday_branch_operator to 2024-12-28 00:00:00+00:00, run_after=2024-12-29 00:00:00+00:00
[2024-12-29T00:06:48.098+0000] {processor.py:208} INFO - Processing /home/airflow/.local/lib/python3.12/site-packages/airflow/example_dags/example_branch_day_of_week_operator.py took 0.113 seconds
[2024-12-29T00:07:18.884+0000] {processor.py:186} INFO - Started process (PID=541) to work on /home/airflow/.local/lib/python3.12/site-packages/airflow/example_dags/example_branch_day_of_week_operator.py
[2024-12-29T00:07:18.885+0000] {processor.py:914} INFO - Processing file /home/airflow/.local/lib/python3.12/site-packages/airflow/example_dags/example_branch_day_of_week_operator.py for tasks to queue
[2024-12-29T00:07:18.889+0000] {logging_mixin.py:190} INFO - [2024-12-29T00:07:18.888+0000] {dagbag.py:588} INFO - Filling up the DagBag from /home/airflow/.local/lib/python3.12/site-packages/airflow/example_dags/example_branch_day_of_week_operator.py
[2024-12-29T00:07:18.912+0000] {processor.py:925} INFO - DAG(s) 'example_weekday_branch_operator' retrieved from /home/airflow/.local/lib/python3.12/site-packages/airflow/example_dags/example_branch_day_of_week_operator.py
[2024-12-29T00:07:18.945+0000] {logging_mixin.py:190} INFO - [2024-12-29T00:07:18.945+0000] {dag.py:3239} INFO - Sync 1 DAGs
[2024-12-29T00:07:18.987+0000] {logging_mixin.py:190} INFO - [2024-12-29T00:07:18.986+0000] {dag.py:4180} INFO - Setting next_dagrun for example_weekday_branch_operator to 2024-12-28 00:00:00+00:00, run_after=2024-12-29 00:00:00+00:00
[2024-12-29T00:07:19.017+0000] {processor.py:208} INFO - Processing /home/airflow/.local/lib/python3.12/site-packages/airflow/example_dags/example_branch_day_of_week_operator.py took 0.142 seconds
[2024-12-29T00:07:49.536+0000] {processor.py:186} INFO - Started process (PID=605) to work on /home/airflow/.local/lib/python3.12/site-packages/airflow/example_dags/example_branch_day_of_week_operator.py
[2024-12-29T00:07:49.538+0000] {processor.py:914} INFO - Processing file /home/airflow/.local/lib/python3.12/site-packages/airflow/example_dags/example_branch_day_of_week_operator.py for tasks to queue
[2024-12-29T00:07:49.541+0000] {logging_mixin.py:190} INFO - [2024-12-29T00:07:49.540+0000] {dagbag.py:588} INFO - Filling up the DagBag from /home/airflow/.local/lib/python3.12/site-packages/airflow/example_dags/example_branch_day_of_week_operator.py
[2024-12-29T00:07:49.553+0000] {processor.py:925} INFO - DAG(s) 'example_weekday_branch_operator' retrieved from /home/airflow/.local/lib/python3.12/site-packages/airflow/example_dags/example_branch_day_of_week_operator.py
[2024-12-29T00:07:49.583+0000] {logging_mixin.py:190} INFO - [2024-12-29T00:07:49.582+0000] {dag.py:3239} INFO - Sync 1 DAGs
[2024-12-29T00:07:49.617+0000] {logging_mixin.py:190} INFO - [2024-12-29T00:07:49.617+0000] {dag.py:4180} INFO - Setting next_dagrun for example_weekday_branch_operator to 2024-12-28 00:00:00+00:00, run_after=2024-12-29 00:00:00+00:00
[2024-12-29T00:07:49.648+0000] {processor.py:208} INFO - Processing /home/airflow/.local/lib/python3.12/site-packages/airflow/example_dags/example_branch_day_of_week_operator.py took 0.119 seconds
[2024-12-29T00:08:19.714+0000] {processor.py:186} INFO - Started process (PID=668) to work on /home/airflow/.local/lib/python3.12/site-packages/airflow/example_dags/example_branch_day_of_week_operator.py
[2024-12-29T00:08:19.716+0000] {processor.py:914} INFO - Processing file /home/airflow/.local/lib/python3.12/site-packages/airflow/example_dags/example_branch_day_of_week_operator.py for tasks to queue
[2024-12-29T00:08:19.718+0000] {logging_mixin.py:190} INFO - [2024-12-29T00:08:19.718+0000] {dagbag.py:588} INFO - Filling up the DagBag from /home/airflow/.local/lib/python3.12/site-packages/airflow/example_dags/example_branch_day_of_week_operator.py
[2024-12-29T00:08:19.729+0000] {processor.py:925} INFO - DAG(s) 'example_weekday_branch_operator' retrieved from /home/airflow/.local/lib/python3.12/site-packages/airflow/example_dags/example_branch_day_of_week_operator.py
[2024-12-29T00:08:19.752+0000] {logging_mixin.py:190} INFO - [2024-12-29T00:08:19.752+0000] {dag.py:3239} INFO - Sync 1 DAGs
[2024-12-29T00:08:19.779+0000] {logging_mixin.py:190} INFO - [2024-12-29T00:08:19.778+0000] {dag.py:4180} INFO - Setting next_dagrun for example_weekday_branch_operator to 2024-12-28 00:00:00+00:00, run_after=2024-12-29 00:00:00+00:00
[2024-12-29T00:08:19.803+0000] {processor.py:208} INFO - Processing /home/airflow/.local/lib/python3.12/site-packages/airflow/example_dags/example_branch_day_of_week_operator.py took 0.095 seconds
[2024-12-29T00:08:50.011+0000] {processor.py:186} INFO - Started process (PID=732) to work on /home/airflow/.local/lib/python3.12/site-packages/airflow/example_dags/example_branch_day_of_week_operator.py
[2024-12-29T00:08:50.013+0000] {processor.py:914} INFO - Processing file /home/airflow/.local/lib/python3.12/site-packages/airflow/example_dags/example_branch_day_of_week_operator.py for tasks to queue
[2024-12-29T00:08:50.017+0000] {logging_mixin.py:190} INFO - [2024-12-29T00:08:50.016+0000] {dagbag.py:588} INFO - Filling up the DagBag from /home/airflow/.local/lib/python3.12/site-packages/airflow/example_dags/example_branch_day_of_week_operator.py
[2024-12-29T00:08:50.030+0000] {processor.py:925} INFO - DAG(s) 'example_weekday_branch_operator' retrieved from /home/airflow/.local/lib/python3.12/site-packages/airflow/example_dags/example_branch_day_of_week_operator.py
[2024-12-29T00:08:50.061+0000] {logging_mixin.py:190} INFO - [2024-12-29T00:08:50.061+0000] {dag.py:3239} INFO - Sync 1 DAGs
[2024-12-29T00:08:50.094+0000] {logging_mixin.py:190} INFO - [2024-12-29T00:08:50.093+0000] {dag.py:4180} INFO - Setting next_dagrun for example_weekday_branch_operator to 2024-12-28 00:00:00+00:00, run_after=2024-12-29 00:00:00+00:00
[2024-12-29T00:08:50.130+0000] {processor.py:208} INFO - Processing /home/airflow/.local/lib/python3.12/site-packages/airflow/example_dags/example_branch_day_of_week_operator.py took 0.127 seconds
[2024-12-29T00:09:20.192+0000] {processor.py:186} INFO - Started process (PID=796) to work on /home/airflow/.local/lib/python3.12/site-packages/airflow/example_dags/example_branch_day_of_week_operator.py
[2024-12-29T00:09:20.194+0000] {processor.py:914} INFO - Processing file /home/airflow/.local/lib/python3.12/site-packages/airflow/example_dags/example_branch_day_of_week_operator.py for tasks to queue
[2024-12-29T00:09:20.197+0000] {logging_mixin.py:190} INFO - [2024-12-29T00:09:20.197+0000] {dagbag.py:588} INFO - Filling up the DagBag from /home/airflow/.local/lib/python3.12/site-packages/airflow/example_dags/example_branch_day_of_week_operator.py
[2024-12-29T00:09:20.208+0000] {processor.py:925} INFO - DAG(s) 'example_weekday_branch_operator' retrieved from /home/airflow/.local/lib/python3.12/site-packages/airflow/example_dags/example_branch_day_of_week_operator.py
[2024-12-29T00:09:20.237+0000] {logging_mixin.py:190} INFO - [2024-12-29T00:09:20.237+0000] {dag.py:3239} INFO - Sync 1 DAGs
[2024-12-29T00:09:20.265+0000] {logging_mixin.py:190} INFO - [2024-12-29T00:09:20.264+0000] {dag.py:4180} INFO - Setting next_dagrun for example_weekday_branch_operator to 2024-12-28 00:00:00+00:00, run_after=2024-12-29 00:00:00+00:00
[2024-12-29T00:09:20.294+0000] {processor.py:208} INFO - Processing /home/airflow/.local/lib/python3.12/site-packages/airflow/example_dags/example_branch_day_of_week_operator.py took 0.109 seconds
[2024-12-29T00:09:50.402+0000] {processor.py:186} INFO - Started process (PID=860) to work on /home/airflow/.local/lib/python3.12/site-packages/airflow/example_dags/example_branch_day_of_week_operator.py
[2024-12-29T00:09:50.405+0000] {processor.py:914} INFO - Processing file /home/airflow/.local/lib/python3.12/site-packages/airflow/example_dags/example_branch_day_of_week_operator.py for tasks to queue
[2024-12-29T00:09:50.408+0000] {logging_mixin.py:190} INFO - [2024-12-29T00:09:50.407+0000] {dagbag.py:588} INFO - Filling up the DagBag from /home/airflow/.local/lib/python3.12/site-packages/airflow/example_dags/example_branch_day_of_week_operator.py
[2024-12-29T00:09:50.422+0000] {processor.py:925} INFO - DAG(s) 'example_weekday_branch_operator' retrieved from /home/airflow/.local/lib/python3.12/site-packages/airflow/example_dags/example_branch_day_of_week_operator.py
[2024-12-29T00:09:50.468+0000] {logging_mixin.py:190} INFO - [2024-12-29T00:09:50.467+0000] {dag.py:3239} INFO - Sync 1 DAGs
[2024-12-29T00:09:50.513+0000] {logging_mixin.py:190} INFO - [2024-12-29T00:09:50.512+0000] {dag.py:4180} INFO - Setting next_dagrun for example_weekday_branch_operator to 2024-12-28 00:00:00+00:00, run_after=2024-12-29 00:00:00+00:00
[2024-12-29T00:09:50.543+0000] {processor.py:208} INFO - Processing /home/airflow/.local/lib/python3.12/site-packages/airflow/example_dags/example_branch_day_of_week_operator.py took 0.149 seconds
[2024-12-29T00:10:21.433+0000] {processor.py:186} INFO - Started process (PID=924) to work on /home/airflow/.local/lib/python3.12/site-packages/airflow/example_dags/example_branch_day_of_week_operator.py
[2024-12-29T00:10:21.436+0000] {processor.py:914} INFO - Processing file /home/airflow/.local/lib/python3.12/site-packages/airflow/example_dags/example_branch_day_of_week_operator.py for tasks to queue
[2024-12-29T00:10:21.439+0000] {logging_mixin.py:190} INFO - [2024-12-29T00:10:21.438+0000] {dagbag.py:588} INFO - Filling up the DagBag from /home/airflow/.local/lib/python3.12/site-packages/airflow/example_dags/example_branch_day_of_week_operator.py
[2024-12-29T00:10:21.453+0000] {processor.py:925} INFO - DAG(s) 'example_weekday_branch_operator' retrieved from /home/airflow/.local/lib/python3.12/site-packages/airflow/example_dags/example_branch_day_of_week_operator.py
[2024-12-29T00:10:21.489+0000] {logging_mixin.py:190} INFO - [2024-12-29T00:10:21.489+0000] {dag.py:3239} INFO - Sync 1 DAGs
[2024-12-29T00:10:21.532+0000] {logging_mixin.py:190} INFO - [2024-12-29T00:10:21.531+0000] {dag.py:4180} INFO - Setting next_dagrun for example_weekday_branch_operator to 2024-12-28 00:00:00+00:00, run_after=2024-12-29 00:00:00+00:00
[2024-12-29T00:10:21.567+0000] {processor.py:208} INFO - Processing /home/airflow/.local/lib/python3.12/site-packages/airflow/example_dags/example_branch_day_of_week_operator.py took 0.141 seconds
[2024-12-29T00:10:52.489+0000] {processor.py:186} INFO - Started process (PID=987) to work on /home/airflow/.local/lib/python3.12/site-packages/airflow/example_dags/example_branch_day_of_week_operator.py
[2024-12-29T00:10:52.491+0000] {processor.py:914} INFO - Processing file /home/airflow/.local/lib/python3.12/site-packages/airflow/example_dags/example_branch_day_of_week_operator.py for tasks to queue
[2024-12-29T00:10:52.494+0000] {logging_mixin.py:190} INFO - [2024-12-29T00:10:52.493+0000] {dagbag.py:588} INFO - Filling up the DagBag from /home/airflow/.local/lib/python3.12/site-packages/airflow/example_dags/example_branch_day_of_week_operator.py
[2024-12-29T00:10:52.508+0000] {processor.py:925} INFO - DAG(s) 'example_weekday_branch_operator' retrieved from /home/airflow/.local/lib/python3.12/site-packages/airflow/example_dags/example_branch_day_of_week_operator.py
[2024-12-29T00:10:52.541+0000] {logging_mixin.py:190} INFO - [2024-12-29T00:10:52.541+0000] {dag.py:3239} INFO - Sync 1 DAGs
[2024-12-29T00:10:52.574+0000] {logging_mixin.py:190} INFO - [2024-12-29T00:10:52.574+0000] {dag.py:4180} INFO - Setting next_dagrun for example_weekday_branch_operator to 2024-12-28 00:00:00+00:00, run_after=2024-12-29 00:00:00+00:00
[2024-12-29T00:10:52.606+0000] {processor.py:208} INFO - Processing /home/airflow/.local/lib/python3.12/site-packages/airflow/example_dags/example_branch_day_of_week_operator.py took 0.126 seconds
[2024-12-29T00:11:23.124+0000] {processor.py:186} INFO - Started process (PID=1051) to work on /home/airflow/.local/lib/python3.12/site-packages/airflow/example_dags/example_branch_day_of_week_operator.py
[2024-12-29T00:11:23.126+0000] {processor.py:914} INFO - Processing file /home/airflow/.local/lib/python3.12/site-packages/airflow/example_dags/example_branch_day_of_week_operator.py for tasks to queue
[2024-12-29T00:11:23.129+0000] {logging_mixin.py:190} INFO - [2024-12-29T00:11:23.128+0000] {dagbag.py:588} INFO - Filling up the DagBag from /home/airflow/.local/lib/python3.12/site-packages/airflow/example_dags/example_branch_day_of_week_operator.py
[2024-12-29T00:11:23.140+0000] {processor.py:925} INFO - DAG(s) 'example_weekday_branch_operator' retrieved from /home/airflow/.local/lib/python3.12/site-packages/airflow/example_dags/example_branch_day_of_week_operator.py
[2024-12-29T00:11:23.171+0000] {logging_mixin.py:190} INFO - [2024-12-29T00:11:23.170+0000] {dag.py:3239} INFO - Sync 1 DAGs
[2024-12-29T00:11:23.201+0000] {logging_mixin.py:190} INFO - [2024-12-29T00:11:23.201+0000] {dag.py:4180} INFO - Setting next_dagrun for example_weekday_branch_operator to 2024-12-28 00:00:00+00:00, run_after=2024-12-29 00:00:00+00:00
[2024-12-29T00:11:23.232+0000] {processor.py:208} INFO - Processing /home/airflow/.local/lib/python3.12/site-packages/airflow/example_dags/example_branch_day_of_week_operator.py took 0.115 seconds
[2024-12-29T00:11:54.045+0000] {processor.py:186} INFO - Started process (PID=1100) to work on /home/airflow/.local/lib/python3.12/site-packages/airflow/example_dags/example_branch_day_of_week_operator.py
[2024-12-29T00:11:54.046+0000] {processor.py:914} INFO - Processing file /home/airflow/.local/lib/python3.12/site-packages/airflow/example_dags/example_branch_day_of_week_operator.py for tasks to queue
[2024-12-29T00:11:54.050+0000] {logging_mixin.py:190} INFO - [2024-12-29T00:11:54.049+0000] {dagbag.py:588} INFO - Filling up the DagBag from /home/airflow/.local/lib/python3.12/site-packages/airflow/example_dags/example_branch_day_of_week_operator.py
[2024-12-29T00:11:54.062+0000] {processor.py:925} INFO - DAG(s) 'example_weekday_branch_operator' retrieved from /home/airflow/.local/lib/python3.12/site-packages/airflow/example_dags/example_branch_day_of_week_operator.py
[2024-12-29T00:11:54.091+0000] {logging_mixin.py:190} INFO - [2024-12-29T00:11:54.091+0000] {dag.py:3239} INFO - Sync 1 DAGs
[2024-12-29T00:11:54.125+0000] {logging_mixin.py:190} INFO - [2024-12-29T00:11:54.125+0000] {dag.py:4180} INFO - Setting next_dagrun for example_weekday_branch_operator to 2024-12-28 00:00:00+00:00, run_after=2024-12-29 00:00:00+00:00
[2024-12-29T00:11:54.157+0000] {processor.py:208} INFO - Processing /home/airflow/.local/lib/python3.12/site-packages/airflow/example_dags/example_branch_day_of_week_operator.py took 0.120 seconds
[2024-12-29T00:12:25.922+0000] {processor.py:186} INFO - Started process (PID=1162) to work on /home/airflow/.local/lib/python3.12/site-packages/airflow/example_dags/example_branch_day_of_week_operator.py
[2024-12-29T00:12:25.924+0000] {processor.py:914} INFO - Processing file /home/airflow/.local/lib/python3.12/site-packages/airflow/example_dags/example_branch_day_of_week_operator.py for tasks to queue
[2024-12-29T00:12:25.927+0000] {logging_mixin.py:190} INFO - [2024-12-29T00:12:25.927+0000] {dagbag.py:588} INFO - Filling up the DagBag from /home/airflow/.local/lib/python3.12/site-packages/airflow/example_dags/example_branch_day_of_week_operator.py
[2024-12-29T00:12:25.943+0000] {processor.py:925} INFO - DAG(s) 'example_weekday_branch_operator' retrieved from /home/airflow/.local/lib/python3.12/site-packages/airflow/example_dags/example_branch_day_of_week_operator.py
[2024-12-29T00:12:25.977+0000] {logging_mixin.py:190} INFO - [2024-12-29T00:12:25.976+0000] {dag.py:3239} INFO - Sync 1 DAGs
[2024-12-29T00:12:26.019+0000] {logging_mixin.py:190} INFO - [2024-12-29T00:12:26.018+0000] {dag.py:4180} INFO - Setting next_dagrun for example_weekday_branch_operator to 2024-12-28 00:00:00+00:00, run_after=2024-12-29 00:00:00+00:00
[2024-12-29T00:12:26.052+0000] {processor.py:208} INFO - Processing /home/airflow/.local/lib/python3.12/site-packages/airflow/example_dags/example_branch_day_of_week_operator.py took 0.139 seconds
[2024-12-29T00:12:57.173+0000] {processor.py:186} INFO - Started process (PID=1226) to work on /home/airflow/.local/lib/python3.12/site-packages/airflow/example_dags/example_branch_day_of_week_operator.py
[2024-12-29T00:12:57.174+0000] {processor.py:914} INFO - Processing file /home/airflow/.local/lib/python3.12/site-packages/airflow/example_dags/example_branch_day_of_week_operator.py for tasks to queue
[2024-12-29T00:12:57.176+0000] {logging_mixin.py:190} INFO - [2024-12-29T00:12:57.176+0000] {dagbag.py:588} INFO - Filling up the DagBag from /home/airflow/.local/lib/python3.12/site-packages/airflow/example_dags/example_branch_day_of_week_operator.py
[2024-12-29T00:12:57.186+0000] {processor.py:925} INFO - DAG(s) 'example_weekday_branch_operator' retrieved from /home/airflow/.local/lib/python3.12/site-packages/airflow/example_dags/example_branch_day_of_week_operator.py
[2024-12-29T00:12:57.212+0000] {logging_mixin.py:190} INFO - [2024-12-29T00:12:57.211+0000] {dag.py:3239} INFO - Sync 1 DAGs
[2024-12-29T00:12:57.240+0000] {logging_mixin.py:190} INFO - [2024-12-29T00:12:57.240+0000] {dag.py:4180} INFO - Setting next_dagrun for example_weekday_branch_operator to 2024-12-28 00:00:00+00:00, run_after=2024-12-29 00:00:00+00:00
[2024-12-29T00:12:57.268+0000] {processor.py:208} INFO - Processing /home/airflow/.local/lib/python3.12/site-packages/airflow/example_dags/example_branch_day_of_week_operator.py took 0.101 seconds
[2024-12-29T00:13:28.268+0000] {processor.py:186} INFO - Started process (PID=1287) to work on /home/airflow/.local/lib/python3.12/site-packages/airflow/example_dags/example_branch_day_of_week_operator.py
[2024-12-29T00:13:28.269+0000] {processor.py:914} INFO - Processing file /home/airflow/.local/lib/python3.12/site-packages/airflow/example_dags/example_branch_day_of_week_operator.py for tasks to queue
[2024-12-29T00:13:28.272+0000] {logging_mixin.py:190} INFO - [2024-12-29T00:13:28.272+0000] {dagbag.py:588} INFO - Filling up the DagBag from /home/airflow/.local/lib/python3.12/site-packages/airflow/example_dags/example_branch_day_of_week_operator.py
[2024-12-29T00:13:28.284+0000] {processor.py:925} INFO - DAG(s) 'example_weekday_branch_operator' retrieved from /home/airflow/.local/lib/python3.12/site-packages/airflow/example_dags/example_branch_day_of_week_operator.py
[2024-12-29T00:13:28.312+0000] {logging_mixin.py:190} INFO - [2024-12-29T00:13:28.312+0000] {dag.py:3239} INFO - Sync 1 DAGs
[2024-12-29T00:13:28.340+0000] {logging_mixin.py:190} INFO - [2024-12-29T00:13:28.339+0000] {dag.py:4180} INFO - Setting next_dagrun for example_weekday_branch_operator to 2024-12-28 00:00:00+00:00, run_after=2024-12-29 00:00:00+00:00
[2024-12-29T00:13:28.364+0000] {processor.py:208} INFO - Processing /home/airflow/.local/lib/python3.12/site-packages/airflow/example_dags/example_branch_day_of_week_operator.py took 0.103 seconds
[2024-12-29T00:13:59.203+0000] {processor.py:186} INFO - Started process (PID=1352) to work on /home/airflow/.local/lib/python3.12/site-packages/airflow/example_dags/example_branch_day_of_week_operator.py
[2024-12-29T00:13:59.205+0000] {processor.py:914} INFO - Processing file /home/airflow/.local/lib/python3.12/site-packages/airflow/example_dags/example_branch_day_of_week_operator.py for tasks to queue
[2024-12-29T00:13:59.208+0000] {logging_mixin.py:190} INFO - [2024-12-29T00:13:59.208+0000] {dagbag.py:588} INFO - Filling up the DagBag from /home/airflow/.local/lib/python3.12/site-packages/airflow/example_dags/example_branch_day_of_week_operator.py
[2024-12-29T00:13:59.222+0000] {processor.py:925} INFO - DAG(s) 'example_weekday_branch_operator' retrieved from /home/airflow/.local/lib/python3.12/site-packages/airflow/example_dags/example_branch_day_of_week_operator.py
[2024-12-29T00:13:59.256+0000] {logging_mixin.py:190} INFO - [2024-12-29T00:13:59.256+0000] {dag.py:3239} INFO - Sync 1 DAGs
[2024-12-29T00:13:59.292+0000] {logging_mixin.py:190} INFO - [2024-12-29T00:13:59.292+0000] {dag.py:4180} INFO - Setting next_dagrun for example_weekday_branch_operator to 2024-12-28 00:00:00+00:00, run_after=2024-12-29 00:00:00+00:00
[2024-12-29T00:13:59.324+0000] {processor.py:208} INFO - Processing /home/airflow/.local/lib/python3.12/site-packages/airflow/example_dags/example_branch_day_of_week_operator.py took 0.131 seconds
[2024-12-29T00:14:30.145+0000] {processor.py:186} INFO - Started process (PID=1415) to work on /home/airflow/.local/lib/python3.12/site-packages/airflow/example_dags/example_branch_day_of_week_operator.py
[2024-12-29T00:14:30.146+0000] {processor.py:914} INFO - Processing file /home/airflow/.local/lib/python3.12/site-packages/airflow/example_dags/example_branch_day_of_week_operator.py for tasks to queue
[2024-12-29T00:14:30.149+0000] {logging_mixin.py:190} INFO - [2024-12-29T00:14:30.149+0000] {dagbag.py:588} INFO - Filling up the DagBag from /home/airflow/.local/lib/python3.12/site-packages/airflow/example_dags/example_branch_day_of_week_operator.py
[2024-12-29T00:14:30.159+0000] {processor.py:925} INFO - DAG(s) 'example_weekday_branch_operator' retrieved from /home/airflow/.local/lib/python3.12/site-packages/airflow/example_dags/example_branch_day_of_week_operator.py
[2024-12-29T00:14:30.186+0000] {logging_mixin.py:190} INFO - [2024-12-29T00:14:30.186+0000] {dag.py:3239} INFO - Sync 1 DAGs
[2024-12-29T00:14:30.216+0000] {logging_mixin.py:190} INFO - [2024-12-29T00:14:30.216+0000] {dag.py:4180} INFO - Setting next_dagrun for example_weekday_branch_operator to 2024-12-28 00:00:00+00:00, run_after=2024-12-29 00:00:00+00:00
[2024-12-29T00:14:30.241+0000] {processor.py:208} INFO - Processing /home/airflow/.local/lib/python3.12/site-packages/airflow/example_dags/example_branch_day_of_week_operator.py took 0.102 seconds
[2024-12-29T00:15:00.951+0000] {processor.py:186} INFO - Started process (PID=1480) to work on /home/airflow/.local/lib/python3.12/site-packages/airflow/example_dags/example_branch_day_of_week_operator.py
[2024-12-29T00:15:00.953+0000] {processor.py:914} INFO - Processing file /home/airflow/.local/lib/python3.12/site-packages/airflow/example_dags/example_branch_day_of_week_operator.py for tasks to queue
[2024-12-29T00:15:00.959+0000] {logging_mixin.py:190} INFO - [2024-12-29T00:15:00.958+0000] {dagbag.py:588} INFO - Filling up the DagBag from /home/airflow/.local/lib/python3.12/site-packages/airflow/example_dags/example_branch_day_of_week_operator.py
[2024-12-29T00:15:00.971+0000] {processor.py:925} INFO - DAG(s) 'example_weekday_branch_operator' retrieved from /home/airflow/.local/lib/python3.12/site-packages/airflow/example_dags/example_branch_day_of_week_operator.py
[2024-12-29T00:15:01.004+0000] {logging_mixin.py:190} INFO - [2024-12-29T00:15:01.004+0000] {dag.py:3239} INFO - Sync 1 DAGs
[2024-12-29T00:15:01.036+0000] {logging_mixin.py:190} INFO - [2024-12-29T00:15:01.035+0000] {dag.py:4180} INFO - Setting next_dagrun for example_weekday_branch_operator to 2024-12-28 00:00:00+00:00, run_after=2024-12-29 00:00:00+00:00
[2024-12-29T00:15:01.067+0000] {processor.py:208} INFO - Processing /home/airflow/.local/lib/python3.12/site-packages/airflow/example_dags/example_branch_day_of_week_operator.py took 0.124 seconds
[2024-12-29T00:15:31.373+0000] {processor.py:186} INFO - Started process (PID=1545) to work on /home/airflow/.local/lib/python3.12/site-packages/airflow/example_dags/example_branch_day_of_week_operator.py
[2024-12-29T00:15:31.376+0000] {processor.py:914} INFO - Processing file /home/airflow/.local/lib/python3.12/site-packages/airflow/example_dags/example_branch_day_of_week_operator.py for tasks to queue
[2024-12-29T00:15:31.379+0000] {logging_mixin.py:190} INFO - [2024-12-29T00:15:31.378+0000] {dagbag.py:588} INFO - Filling up the DagBag from /home/airflow/.local/lib/python3.12/site-packages/airflow/example_dags/example_branch_day_of_week_operator.py
[2024-12-29T00:15:31.393+0000] {processor.py:925} INFO - DAG(s) 'example_weekday_branch_operator' retrieved from /home/airflow/.local/lib/python3.12/site-packages/airflow/example_dags/example_branch_day_of_week_operator.py
[2024-12-29T00:15:31.433+0000] {logging_mixin.py:190} INFO - [2024-12-29T00:15:31.433+0000] {dag.py:3239} INFO - Sync 1 DAGs
[2024-12-29T00:15:31.480+0000] {logging_mixin.py:190} INFO - [2024-12-29T00:15:31.479+0000] {dag.py:4180} INFO - Setting next_dagrun for example_weekday_branch_operator to 2024-12-28 00:00:00+00:00, run_after=2024-12-29 00:00:00+00:00
[2024-12-29T00:15:31.519+0000] {processor.py:208} INFO - Processing /home/airflow/.local/lib/python3.12/site-packages/airflow/example_dags/example_branch_day_of_week_operator.py took 0.155 seconds
[2024-12-29T00:16:02.327+0000] {processor.py:186} INFO - Started process (PID=1610) to work on /home/airflow/.local/lib/python3.12/site-packages/airflow/example_dags/example_branch_day_of_week_operator.py
[2024-12-29T00:16:02.329+0000] {processor.py:914} INFO - Processing file /home/airflow/.local/lib/python3.12/site-packages/airflow/example_dags/example_branch_day_of_week_operator.py for tasks to queue
[2024-12-29T00:16:02.332+0000] {logging_mixin.py:190} INFO - [2024-12-29T00:16:02.332+0000] {dagbag.py:588} INFO - Filling up the DagBag from /home/airflow/.local/lib/python3.12/site-packages/airflow/example_dags/example_branch_day_of_week_operator.py
[2024-12-29T00:16:02.346+0000] {processor.py:925} INFO - DAG(s) 'example_weekday_branch_operator' retrieved from /home/airflow/.local/lib/python3.12/site-packages/airflow/example_dags/example_branch_day_of_week_operator.py
[2024-12-29T00:16:02.380+0000] {logging_mixin.py:190} INFO - [2024-12-29T00:16:02.379+0000] {dag.py:3239} INFO - Sync 1 DAGs
[2024-12-29T00:16:02.413+0000] {logging_mixin.py:190} INFO - [2024-12-29T00:16:02.413+0000] {dag.py:4180} INFO - Setting next_dagrun for example_weekday_branch_operator to 2024-12-28 00:00:00+00:00, run_after=2024-12-29 00:00:00+00:00
[2024-12-29T00:16:02.447+0000] {processor.py:208} INFO - Processing /home/airflow/.local/lib/python3.12/site-packages/airflow/example_dags/example_branch_day_of_week_operator.py took 0.127 seconds
[2024-12-29T00:16:33.219+0000] {processor.py:186} INFO - Started process (PID=1675) to work on /home/airflow/.local/lib/python3.12/site-packages/airflow/example_dags/example_branch_day_of_week_operator.py
[2024-12-29T00:16:33.221+0000] {processor.py:914} INFO - Processing file /home/airflow/.local/lib/python3.12/site-packages/airflow/example_dags/example_branch_day_of_week_operator.py for tasks to queue
[2024-12-29T00:16:33.224+0000] {logging_mixin.py:190} INFO - [2024-12-29T00:16:33.223+0000] {dagbag.py:588} INFO - Filling up the DagBag from /home/airflow/.local/lib/python3.12/site-packages/airflow/example_dags/example_branch_day_of_week_operator.py
[2024-12-29T00:16:33.238+0000] {processor.py:925} INFO - DAG(s) 'example_weekday_branch_operator' retrieved from /home/airflow/.local/lib/python3.12/site-packages/airflow/example_dags/example_branch_day_of_week_operator.py
[2024-12-29T00:16:33.270+0000] {logging_mixin.py:190} INFO - [2024-12-29T00:16:33.269+0000] {dag.py:3239} INFO - Sync 1 DAGs
[2024-12-29T00:16:33.305+0000] {logging_mixin.py:190} INFO - [2024-12-29T00:16:33.305+0000] {dag.py:4180} INFO - Setting next_dagrun for example_weekday_branch_operator to 2024-12-28 00:00:00+00:00, run_after=2024-12-29 00:00:00+00:00
[2024-12-29T00:16:33.335+0000] {processor.py:208} INFO - Processing /home/airflow/.local/lib/python3.12/site-packages/airflow/example_dags/example_branch_day_of_week_operator.py took 0.124 seconds
[2024-12-29T00:17:03.997+0000] {processor.py:186} INFO - Started process (PID=1740) to work on /home/airflow/.local/lib/python3.12/site-packages/airflow/example_dags/example_branch_day_of_week_operator.py
[2024-12-29T00:17:03.999+0000] {processor.py:914} INFO - Processing file /home/airflow/.local/lib/python3.12/site-packages/airflow/example_dags/example_branch_day_of_week_operator.py for tasks to queue
[2024-12-29T00:17:04.003+0000] {logging_mixin.py:190} INFO - [2024-12-29T00:17:04.002+0000] {dagbag.py:588} INFO - Filling up the DagBag from /home/airflow/.local/lib/python3.12/site-packages/airflow/example_dags/example_branch_day_of_week_operator.py
[2024-12-29T00:17:04.020+0000] {processor.py:925} INFO - DAG(s) 'example_weekday_branch_operator' retrieved from /home/airflow/.local/lib/python3.12/site-packages/airflow/example_dags/example_branch_day_of_week_operator.py
[2024-12-29T00:17:04.056+0000] {logging_mixin.py:190} INFO - [2024-12-29T00:17:04.055+0000] {dag.py:3239} INFO - Sync 1 DAGs
[2024-12-29T00:17:04.166+0000] {logging_mixin.py:190} INFO - [2024-12-29T00:17:04.165+0000] {dag.py:4180} INFO - Setting next_dagrun for example_weekday_branch_operator to 2024-12-28 00:00:00+00:00, run_after=2024-12-29 00:00:00+00:00
[2024-12-29T00:17:04.241+0000] {processor.py:208} INFO - Processing /home/airflow/.local/lib/python3.12/site-packages/airflow/example_dags/example_branch_day_of_week_operator.py took 0.253 seconds
[2024-12-29T00:19:54.491+0000] {processor.py:186} INFO - Started process (PID=92) to work on /home/airflow/.local/lib/python3.12/site-packages/airflow/example_dags/example_branch_day_of_week_operator.py
[2024-12-29T00:19:54.493+0000] {processor.py:914} INFO - Processing file /home/airflow/.local/lib/python3.12/site-packages/airflow/example_dags/example_branch_day_of_week_operator.py for tasks to queue
[2024-12-29T00:19:54.498+0000] {logging_mixin.py:190} INFO - [2024-12-29T00:19:54.497+0000] {dagbag.py:588} INFO - Filling up the DagBag from /home/airflow/.local/lib/python3.12/site-packages/airflow/example_dags/example_branch_day_of_week_operator.py
[2024-12-29T00:19:54.514+0000] {processor.py:925} INFO - DAG(s) 'example_weekday_branch_operator' retrieved from /home/airflow/.local/lib/python3.12/site-packages/airflow/example_dags/example_branch_day_of_week_operator.py
[2024-12-29T00:19:54.561+0000] {logging_mixin.py:190} INFO - [2024-12-29T00:19:54.560+0000] {dag.py:3239} INFO - Sync 1 DAGs
[2024-12-29T00:19:54.597+0000] {logging_mixin.py:190} INFO - [2024-12-29T00:19:54.597+0000] {dag.py:4180} INFO - Setting next_dagrun for example_weekday_branch_operator to 2024-12-28 00:00:00+00:00, run_after=2024-12-29 00:00:00+00:00
[2024-12-29T00:19:54.628+0000] {processor.py:208} INFO - Processing /home/airflow/.local/lib/python3.12/site-packages/airflow/example_dags/example_branch_day_of_week_operator.py took 0.145 seconds
[2024-12-29T00:20:24.702+0000] {processor.py:186} INFO - Started process (PID=156) to work on /home/airflow/.local/lib/python3.12/site-packages/airflow/example_dags/example_branch_day_of_week_operator.py
[2024-12-29T00:20:24.704+0000] {processor.py:914} INFO - Processing file /home/airflow/.local/lib/python3.12/site-packages/airflow/example_dags/example_branch_day_of_week_operator.py for tasks to queue
[2024-12-29T00:20:24.707+0000] {logging_mixin.py:190} INFO - [2024-12-29T00:20:24.706+0000] {dagbag.py:588} INFO - Filling up the DagBag from /home/airflow/.local/lib/python3.12/site-packages/airflow/example_dags/example_branch_day_of_week_operator.py
[2024-12-29T00:20:24.722+0000] {processor.py:925} INFO - DAG(s) 'example_weekday_branch_operator' retrieved from /home/airflow/.local/lib/python3.12/site-packages/airflow/example_dags/example_branch_day_of_week_operator.py
[2024-12-29T00:20:24.755+0000] {logging_mixin.py:190} INFO - [2024-12-29T00:20:24.755+0000] {dag.py:3239} INFO - Sync 1 DAGs
[2024-12-29T00:20:24.794+0000] {logging_mixin.py:190} INFO - [2024-12-29T00:20:24.793+0000] {dag.py:4180} INFO - Setting next_dagrun for example_weekday_branch_operator to 2024-12-28 00:00:00+00:00, run_after=2024-12-29 00:00:00+00:00
[2024-12-29T00:20:24.824+0000] {processor.py:208} INFO - Processing /home/airflow/.local/lib/python3.12/site-packages/airflow/example_dags/example_branch_day_of_week_operator.py took 0.130 seconds
[2024-12-29T00:20:54.903+0000] {processor.py:186} INFO - Started process (PID=221) to work on /home/airflow/.local/lib/python3.12/site-packages/airflow/example_dags/example_branch_day_of_week_operator.py
[2024-12-29T00:20:54.905+0000] {processor.py:914} INFO - Processing file /home/airflow/.local/lib/python3.12/site-packages/airflow/example_dags/example_branch_day_of_week_operator.py for tasks to queue
[2024-12-29T00:20:54.908+0000] {logging_mixin.py:190} INFO - [2024-12-29T00:20:54.907+0000] {dagbag.py:588} INFO - Filling up the DagBag from /home/airflow/.local/lib/python3.12/site-packages/airflow/example_dags/example_branch_day_of_week_operator.py
[2024-12-29T00:20:54.918+0000] {processor.py:925} INFO - DAG(s) 'example_weekday_branch_operator' retrieved from /home/airflow/.local/lib/python3.12/site-packages/airflow/example_dags/example_branch_day_of_week_operator.py
[2024-12-29T00:20:54.947+0000] {logging_mixin.py:190} INFO - [2024-12-29T00:20:54.947+0000] {dag.py:3239} INFO - Sync 1 DAGs
[2024-12-29T00:20:54.977+0000] {logging_mixin.py:190} INFO - [2024-12-29T00:20:54.977+0000] {dag.py:4180} INFO - Setting next_dagrun for example_weekday_branch_operator to 2024-12-28 00:00:00+00:00, run_after=2024-12-29 00:00:00+00:00
[2024-12-29T00:20:55.007+0000] {processor.py:208} INFO - Processing /home/airflow/.local/lib/python3.12/site-packages/airflow/example_dags/example_branch_day_of_week_operator.py took 0.111 seconds
[2024-12-29T00:21:25.534+0000] {processor.py:186} INFO - Started process (PID=286) to work on /home/airflow/.local/lib/python3.12/site-packages/airflow/example_dags/example_branch_day_of_week_operator.py
[2024-12-29T00:21:25.536+0000] {processor.py:914} INFO - Processing file /home/airflow/.local/lib/python3.12/site-packages/airflow/example_dags/example_branch_day_of_week_operator.py for tasks to queue
[2024-12-29T00:21:25.538+0000] {logging_mixin.py:190} INFO - [2024-12-29T00:21:25.538+0000] {dagbag.py:588} INFO - Filling up the DagBag from /home/airflow/.local/lib/python3.12/site-packages/airflow/example_dags/example_branch_day_of_week_operator.py
[2024-12-29T00:21:25.549+0000] {processor.py:925} INFO - DAG(s) 'example_weekday_branch_operator' retrieved from /home/airflow/.local/lib/python3.12/site-packages/airflow/example_dags/example_branch_day_of_week_operator.py
[2024-12-29T00:21:25.577+0000] {logging_mixin.py:190} INFO - [2024-12-29T00:21:25.576+0000] {dag.py:3239} INFO - Sync 1 DAGs
[2024-12-29T00:21:25.609+0000] {logging_mixin.py:190} INFO - [2024-12-29T00:21:25.609+0000] {dag.py:4180} INFO - Setting next_dagrun for example_weekday_branch_operator to 2024-12-28 00:00:00+00:00, run_after=2024-12-29 00:00:00+00:00
[2024-12-29T00:21:25.642+0000] {processor.py:208} INFO - Processing /home/airflow/.local/lib/python3.12/site-packages/airflow/example_dags/example_branch_day_of_week_operator.py took 0.115 seconds
[2024-12-29T00:21:55.791+0000] {processor.py:186} INFO - Started process (PID=351) to work on /home/airflow/.local/lib/python3.12/site-packages/airflow/example_dags/example_branch_day_of_week_operator.py
[2024-12-29T00:21:55.793+0000] {processor.py:914} INFO - Processing file /home/airflow/.local/lib/python3.12/site-packages/airflow/example_dags/example_branch_day_of_week_operator.py for tasks to queue
[2024-12-29T00:21:55.796+0000] {logging_mixin.py:190} INFO - [2024-12-29T00:21:55.796+0000] {dagbag.py:588} INFO - Filling up the DagBag from /home/airflow/.local/lib/python3.12/site-packages/airflow/example_dags/example_branch_day_of_week_operator.py
[2024-12-29T00:21:55.807+0000] {processor.py:925} INFO - DAG(s) 'example_weekday_branch_operator' retrieved from /home/airflow/.local/lib/python3.12/site-packages/airflow/example_dags/example_branch_day_of_week_operator.py
[2024-12-29T00:21:55.834+0000] {logging_mixin.py:190} INFO - [2024-12-29T00:21:55.834+0000] {dag.py:3239} INFO - Sync 1 DAGs
[2024-12-29T00:21:55.863+0000] {logging_mixin.py:190} INFO - [2024-12-29T00:21:55.863+0000] {dag.py:4180} INFO - Setting next_dagrun for example_weekday_branch_operator to 2024-12-28 00:00:00+00:00, run_after=2024-12-29 00:00:00+00:00
[2024-12-29T00:21:55.891+0000] {processor.py:208} INFO - Processing /home/airflow/.local/lib/python3.12/site-packages/airflow/example_dags/example_branch_day_of_week_operator.py took 0.106 seconds
[2024-12-29T00:22:26.649+0000] {processor.py:186} INFO - Started process (PID=416) to work on /home/airflow/.local/lib/python3.12/site-packages/airflow/example_dags/example_branch_day_of_week_operator.py
[2024-12-29T00:22:26.650+0000] {processor.py:914} INFO - Processing file /home/airflow/.local/lib/python3.12/site-packages/airflow/example_dags/example_branch_day_of_week_operator.py for tasks to queue
[2024-12-29T00:22:26.653+0000] {logging_mixin.py:190} INFO - [2024-12-29T00:22:26.652+0000] {dagbag.py:588} INFO - Filling up the DagBag from /home/airflow/.local/lib/python3.12/site-packages/airflow/example_dags/example_branch_day_of_week_operator.py
[2024-12-29T00:22:26.662+0000] {processor.py:925} INFO - DAG(s) 'example_weekday_branch_operator' retrieved from /home/airflow/.local/lib/python3.12/site-packages/airflow/example_dags/example_branch_day_of_week_operator.py
[2024-12-29T00:22:26.689+0000] {logging_mixin.py:190} INFO - [2024-12-29T00:22:26.688+0000] {dag.py:3239} INFO - Sync 1 DAGs
[2024-12-29T00:22:26.716+0000] {logging_mixin.py:190} INFO - [2024-12-29T00:22:26.716+0000] {dag.py:4180} INFO - Setting next_dagrun for example_weekday_branch_operator to 2024-12-28 00:00:00+00:00, run_after=2024-12-29 00:00:00+00:00
[2024-12-29T00:22:26.744+0000] {processor.py:208} INFO - Processing /home/airflow/.local/lib/python3.12/site-packages/airflow/example_dags/example_branch_day_of_week_operator.py took 0.101 seconds
[2024-12-29T00:22:57.189+0000] {processor.py:186} INFO - Started process (PID=481) to work on /home/airflow/.local/lib/python3.12/site-packages/airflow/example_dags/example_branch_day_of_week_operator.py
[2024-12-29T00:22:57.190+0000] {processor.py:914} INFO - Processing file /home/airflow/.local/lib/python3.12/site-packages/airflow/example_dags/example_branch_day_of_week_operator.py for tasks to queue
[2024-12-29T00:22:57.193+0000] {logging_mixin.py:190} INFO - [2024-12-29T00:22:57.193+0000] {dagbag.py:588} INFO - Filling up the DagBag from /home/airflow/.local/lib/python3.12/site-packages/airflow/example_dags/example_branch_day_of_week_operator.py
[2024-12-29T00:22:57.205+0000] {processor.py:925} INFO - DAG(s) 'example_weekday_branch_operator' retrieved from /home/airflow/.local/lib/python3.12/site-packages/airflow/example_dags/example_branch_day_of_week_operator.py
[2024-12-29T00:22:57.236+0000] {logging_mixin.py:190} INFO - [2024-12-29T00:22:57.236+0000] {dag.py:3239} INFO - Sync 1 DAGs
[2024-12-29T00:22:57.268+0000] {logging_mixin.py:190} INFO - [2024-12-29T00:22:57.268+0000] {dag.py:4180} INFO - Setting next_dagrun for example_weekday_branch_operator to 2024-12-28 00:00:00+00:00, run_after=2024-12-29 00:00:00+00:00
[2024-12-29T00:22:57.299+0000] {processor.py:208} INFO - Processing /home/airflow/.local/lib/python3.12/site-packages/airflow/example_dags/example_branch_day_of_week_operator.py took 0.117 seconds
[2024-12-29T00:23:27.423+0000] {processor.py:186} INFO - Started process (PID=546) to work on /home/airflow/.local/lib/python3.12/site-packages/airflow/example_dags/example_branch_day_of_week_operator.py
[2024-12-29T00:23:27.430+0000] {processor.py:914} INFO - Processing file /home/airflow/.local/lib/python3.12/site-packages/airflow/example_dags/example_branch_day_of_week_operator.py for tasks to queue
[2024-12-29T00:23:27.434+0000] {logging_mixin.py:190} INFO - [2024-12-29T00:23:27.433+0000] {dagbag.py:588} INFO - Filling up the DagBag from /home/airflow/.local/lib/python3.12/site-packages/airflow/example_dags/example_branch_day_of_week_operator.py
[2024-12-29T00:23:27.445+0000] {processor.py:925} INFO - DAG(s) 'example_weekday_branch_operator' retrieved from /home/airflow/.local/lib/python3.12/site-packages/airflow/example_dags/example_branch_day_of_week_operator.py
[2024-12-29T00:23:27.475+0000] {logging_mixin.py:190} INFO - [2024-12-29T00:23:27.475+0000] {dag.py:3239} INFO - Sync 1 DAGs
[2024-12-29T00:23:27.507+0000] {logging_mixin.py:190} INFO - [2024-12-29T00:23:27.507+0000] {dag.py:4180} INFO - Setting next_dagrun for example_weekday_branch_operator to 2024-12-28 00:00:00+00:00, run_after=2024-12-29 00:00:00+00:00
[2024-12-29T00:23:27.537+0000] {processor.py:208} INFO - Processing /home/airflow/.local/lib/python3.12/site-packages/airflow/example_dags/example_branch_day_of_week_operator.py took 0.120 seconds
[2024-12-29T00:23:57.795+0000] {processor.py:186} INFO - Started process (PID=612) to work on /home/airflow/.local/lib/python3.12/site-packages/airflow/example_dags/example_branch_day_of_week_operator.py
[2024-12-29T00:23:57.796+0000] {processor.py:914} INFO - Processing file /home/airflow/.local/lib/python3.12/site-packages/airflow/example_dags/example_branch_day_of_week_operator.py for tasks to queue
[2024-12-29T00:23:57.799+0000] {logging_mixin.py:190} INFO - [2024-12-29T00:23:57.799+0000] {dagbag.py:588} INFO - Filling up the DagBag from /home/airflow/.local/lib/python3.12/site-packages/airflow/example_dags/example_branch_day_of_week_operator.py
[2024-12-29T00:23:57.810+0000] {processor.py:925} INFO - DAG(s) 'example_weekday_branch_operator' retrieved from /home/airflow/.local/lib/python3.12/site-packages/airflow/example_dags/example_branch_day_of_week_operator.py
[2024-12-29T00:23:57.838+0000] {logging_mixin.py:190} INFO - [2024-12-29T00:23:57.837+0000] {dag.py:3239} INFO - Sync 1 DAGs
[2024-12-29T00:23:57.867+0000] {logging_mixin.py:190} INFO - [2024-12-29T00:23:57.867+0000] {dag.py:4180} INFO - Setting next_dagrun for example_weekday_branch_operator to 2024-12-28 00:00:00+00:00, run_after=2024-12-29 00:00:00+00:00
[2024-12-29T00:23:57.895+0000] {processor.py:208} INFO - Processing /home/airflow/.local/lib/python3.12/site-packages/airflow/example_dags/example_branch_day_of_week_operator.py took 0.107 seconds
[2024-12-29T00:24:28.372+0000] {processor.py:186} INFO - Started process (PID=677) to work on /home/airflow/.local/lib/python3.12/site-packages/airflow/example_dags/example_branch_day_of_week_operator.py
[2024-12-29T00:24:28.373+0000] {processor.py:914} INFO - Processing file /home/airflow/.local/lib/python3.12/site-packages/airflow/example_dags/example_branch_day_of_week_operator.py for tasks to queue
[2024-12-29T00:24:28.376+0000] {logging_mixin.py:190} INFO - [2024-12-29T00:24:28.376+0000] {dagbag.py:588} INFO - Filling up the DagBag from /home/airflow/.local/lib/python3.12/site-packages/airflow/example_dags/example_branch_day_of_week_operator.py
[2024-12-29T00:24:28.385+0000] {processor.py:925} INFO - DAG(s) 'example_weekday_branch_operator' retrieved from /home/airflow/.local/lib/python3.12/site-packages/airflow/example_dags/example_branch_day_of_week_operator.py
[2024-12-29T00:24:28.414+0000] {logging_mixin.py:190} INFO - [2024-12-29T00:24:28.413+0000] {dag.py:3239} INFO - Sync 1 DAGs
[2024-12-29T00:24:28.444+0000] {logging_mixin.py:190} INFO - [2024-12-29T00:24:28.443+0000] {dag.py:4180} INFO - Setting next_dagrun for example_weekday_branch_operator to 2024-12-28 00:00:00+00:00, run_after=2024-12-29 00:00:00+00:00
[2024-12-29T00:24:28.473+0000] {processor.py:208} INFO - Processing /home/airflow/.local/lib/python3.12/site-packages/airflow/example_dags/example_branch_day_of_week_operator.py took 0.107 seconds
[2024-12-29T00:24:58.593+0000] {processor.py:186} INFO - Started process (PID=742) to work on /home/airflow/.local/lib/python3.12/site-packages/airflow/example_dags/example_branch_day_of_week_operator.py
[2024-12-29T00:24:58.601+0000] {processor.py:914} INFO - Processing file /home/airflow/.local/lib/python3.12/site-packages/airflow/example_dags/example_branch_day_of_week_operator.py for tasks to queue
[2024-12-29T00:24:58.604+0000] {logging_mixin.py:190} INFO - [2024-12-29T00:24:58.604+0000] {dagbag.py:588} INFO - Filling up the DagBag from /home/airflow/.local/lib/python3.12/site-packages/airflow/example_dags/example_branch_day_of_week_operator.py
[2024-12-29T00:24:58.613+0000] {processor.py:925} INFO - DAG(s) 'example_weekday_branch_operator' retrieved from /home/airflow/.local/lib/python3.12/site-packages/airflow/example_dags/example_branch_day_of_week_operator.py
[2024-12-29T00:24:58.637+0000] {logging_mixin.py:190} INFO - [2024-12-29T00:24:58.636+0000] {dag.py:3239} INFO - Sync 1 DAGs
[2024-12-29T00:24:58.662+0000] {logging_mixin.py:190} INFO - [2024-12-29T00:24:58.662+0000] {dag.py:4180} INFO - Setting next_dagrun for example_weekday_branch_operator to 2024-12-28 00:00:00+00:00, run_after=2024-12-29 00:00:00+00:00
[2024-12-29T00:24:58.686+0000] {processor.py:208} INFO - Processing /home/airflow/.local/lib/python3.12/site-packages/airflow/example_dags/example_branch_day_of_week_operator.py took 0.098 seconds
[2024-12-29T00:25:28.865+0000] {processor.py:186} INFO - Started process (PID=807) to work on /home/airflow/.local/lib/python3.12/site-packages/airflow/example_dags/example_branch_day_of_week_operator.py
[2024-12-29T00:25:28.867+0000] {processor.py:914} INFO - Processing file /home/airflow/.local/lib/python3.12/site-packages/airflow/example_dags/example_branch_day_of_week_operator.py for tasks to queue
[2024-12-29T00:25:28.869+0000] {logging_mixin.py:190} INFO - [2024-12-29T00:25:28.869+0000] {dagbag.py:588} INFO - Filling up the DagBag from /home/airflow/.local/lib/python3.12/site-packages/airflow/example_dags/example_branch_day_of_week_operator.py
[2024-12-29T00:25:28.880+0000] {processor.py:925} INFO - DAG(s) 'example_weekday_branch_operator' retrieved from /home/airflow/.local/lib/python3.12/site-packages/airflow/example_dags/example_branch_day_of_week_operator.py
[2024-12-29T00:25:28.907+0000] {logging_mixin.py:190} INFO - [2024-12-29T00:25:28.907+0000] {dag.py:3239} INFO - Sync 1 DAGs
[2024-12-29T00:25:28.939+0000] {logging_mixin.py:190} INFO - [2024-12-29T00:25:28.939+0000] {dag.py:4180} INFO - Setting next_dagrun for example_weekday_branch_operator to 2024-12-28 00:00:00+00:00, run_after=2024-12-29 00:00:00+00:00
[2024-12-29T00:25:28.967+0000] {processor.py:208} INFO - Processing /home/airflow/.local/lib/python3.12/site-packages/airflow/example_dags/example_branch_day_of_week_operator.py took 0.108 seconds
[2024-12-29T00:25:59.115+0000] {processor.py:186} INFO - Started process (PID=872) to work on /home/airflow/.local/lib/python3.12/site-packages/airflow/example_dags/example_branch_day_of_week_operator.py
[2024-12-29T00:25:59.117+0000] {processor.py:914} INFO - Processing file /home/airflow/.local/lib/python3.12/site-packages/airflow/example_dags/example_branch_day_of_week_operator.py for tasks to queue
[2024-12-29T00:25:59.119+0000] {logging_mixin.py:190} INFO - [2024-12-29T00:25:59.118+0000] {dagbag.py:588} INFO - Filling up the DagBag from /home/airflow/.local/lib/python3.12/site-packages/airflow/example_dags/example_branch_day_of_week_operator.py
[2024-12-29T00:25:59.128+0000] {processor.py:925} INFO - DAG(s) 'example_weekday_branch_operator' retrieved from /home/airflow/.local/lib/python3.12/site-packages/airflow/example_dags/example_branch_day_of_week_operator.py
[2024-12-29T00:25:59.154+0000] {logging_mixin.py:190} INFO - [2024-12-29T00:25:59.154+0000] {dag.py:3239} INFO - Sync 1 DAGs
[2024-12-29T00:25:59.179+0000] {logging_mixin.py:190} INFO - [2024-12-29T00:25:59.179+0000] {dag.py:4180} INFO - Setting next_dagrun for example_weekday_branch_operator to 2024-12-28 00:00:00+00:00, run_after=2024-12-29 00:00:00+00:00
[2024-12-29T00:25:59.205+0000] {processor.py:208} INFO - Processing /home/airflow/.local/lib/python3.12/site-packages/airflow/example_dags/example_branch_day_of_week_operator.py took 0.096 seconds
[2024-12-29T00:26:29.283+0000] {processor.py:186} INFO - Started process (PID=937) to work on /home/airflow/.local/lib/python3.12/site-packages/airflow/example_dags/example_branch_day_of_week_operator.py
[2024-12-29T00:26:29.285+0000] {processor.py:914} INFO - Processing file /home/airflow/.local/lib/python3.12/site-packages/airflow/example_dags/example_branch_day_of_week_operator.py for tasks to queue
[2024-12-29T00:26:29.287+0000] {logging_mixin.py:190} INFO - [2024-12-29T00:26:29.286+0000] {dagbag.py:588} INFO - Filling up the DagBag from /home/airflow/.local/lib/python3.12/site-packages/airflow/example_dags/example_branch_day_of_week_operator.py
[2024-12-29T00:26:29.295+0000] {processor.py:925} INFO - DAG(s) 'example_weekday_branch_operator' retrieved from /home/airflow/.local/lib/python3.12/site-packages/airflow/example_dags/example_branch_day_of_week_operator.py
[2024-12-29T00:26:29.320+0000] {logging_mixin.py:190} INFO - [2024-12-29T00:26:29.319+0000] {dag.py:3239} INFO - Sync 1 DAGs
[2024-12-29T00:26:29.345+0000] {logging_mixin.py:190} INFO - [2024-12-29T00:26:29.345+0000] {dag.py:4180} INFO - Setting next_dagrun for example_weekday_branch_operator to 2024-12-28 00:00:00+00:00, run_after=2024-12-29 00:00:00+00:00
[2024-12-29T00:26:29.367+0000] {processor.py:208} INFO - Processing /home/airflow/.local/lib/python3.12/site-packages/airflow/example_dags/example_branch_day_of_week_operator.py took 0.089 seconds
[2024-12-29T00:26:59.751+0000] {processor.py:186} INFO - Started process (PID=1002) to work on /home/airflow/.local/lib/python3.12/site-packages/airflow/example_dags/example_branch_day_of_week_operator.py
[2024-12-29T00:26:59.753+0000] {processor.py:914} INFO - Processing file /home/airflow/.local/lib/python3.12/site-packages/airflow/example_dags/example_branch_day_of_week_operator.py for tasks to queue
[2024-12-29T00:26:59.755+0000] {logging_mixin.py:190} INFO - [2024-12-29T00:26:59.755+0000] {dagbag.py:588} INFO - Filling up the DagBag from /home/airflow/.local/lib/python3.12/site-packages/airflow/example_dags/example_branch_day_of_week_operator.py
[2024-12-29T00:26:59.767+0000] {processor.py:925} INFO - DAG(s) 'example_weekday_branch_operator' retrieved from /home/airflow/.local/lib/python3.12/site-packages/airflow/example_dags/example_branch_day_of_week_operator.py
[2024-12-29T00:26:59.797+0000] {logging_mixin.py:190} INFO - [2024-12-29T00:26:59.797+0000] {dag.py:3239} INFO - Sync 1 DAGs
[2024-12-29T00:26:59.832+0000] {logging_mixin.py:190} INFO - [2024-12-29T00:26:59.832+0000] {dag.py:4180} INFO - Setting next_dagrun for example_weekday_branch_operator to 2024-12-28 00:00:00+00:00, run_after=2024-12-29 00:00:00+00:00
[2024-12-29T00:26:59.860+0000] {processor.py:208} INFO - Processing /home/airflow/.local/lib/python3.12/site-packages/airflow/example_dags/example_branch_day_of_week_operator.py took 0.116 seconds
[2024-12-29T00:27:29.965+0000] {processor.py:186} INFO - Started process (PID=1067) to work on /home/airflow/.local/lib/python3.12/site-packages/airflow/example_dags/example_branch_day_of_week_operator.py
[2024-12-29T00:27:29.967+0000] {processor.py:914} INFO - Processing file /home/airflow/.local/lib/python3.12/site-packages/airflow/example_dags/example_branch_day_of_week_operator.py for tasks to queue
[2024-12-29T00:27:29.969+0000] {logging_mixin.py:190} INFO - [2024-12-29T00:27:29.969+0000] {dagbag.py:588} INFO - Filling up the DagBag from /home/airflow/.local/lib/python3.12/site-packages/airflow/example_dags/example_branch_day_of_week_operator.py
[2024-12-29T00:27:29.978+0000] {processor.py:925} INFO - DAG(s) 'example_weekday_branch_operator' retrieved from /home/airflow/.local/lib/python3.12/site-packages/airflow/example_dags/example_branch_day_of_week_operator.py
[2024-12-29T00:27:30.003+0000] {logging_mixin.py:190} INFO - [2024-12-29T00:27:30.003+0000] {dag.py:3239} INFO - Sync 1 DAGs
[2024-12-29T00:27:30.030+0000] {logging_mixin.py:190} INFO - [2024-12-29T00:27:30.029+0000] {dag.py:4180} INFO - Setting next_dagrun for example_weekday_branch_operator to 2024-12-28 00:00:00+00:00, run_after=2024-12-29 00:00:00+00:00
[2024-12-29T00:27:30.055+0000] {processor.py:208} INFO - Processing /home/airflow/.local/lib/python3.12/site-packages/airflow/example_dags/example_branch_day_of_week_operator.py took 0.095 seconds
[2024-12-29T00:28:00.451+0000] {processor.py:186} INFO - Started process (PID=1132) to work on /home/airflow/.local/lib/python3.12/site-packages/airflow/example_dags/example_branch_day_of_week_operator.py
[2024-12-29T00:28:00.453+0000] {processor.py:914} INFO - Processing file /home/airflow/.local/lib/python3.12/site-packages/airflow/example_dags/example_branch_day_of_week_operator.py for tasks to queue
[2024-12-29T00:28:00.457+0000] {logging_mixin.py:190} INFO - [2024-12-29T00:28:00.456+0000] {dagbag.py:588} INFO - Filling up the DagBag from /home/airflow/.local/lib/python3.12/site-packages/airflow/example_dags/example_branch_day_of_week_operator.py
[2024-12-29T00:28:00.473+0000] {processor.py:925} INFO - DAG(s) 'example_weekday_branch_operator' retrieved from /home/airflow/.local/lib/python3.12/site-packages/airflow/example_dags/example_branch_day_of_week_operator.py
[2024-12-29T00:28:00.506+0000] {logging_mixin.py:190} INFO - [2024-12-29T00:28:00.505+0000] {dag.py:3239} INFO - Sync 1 DAGs
[2024-12-29T00:28:00.541+0000] {logging_mixin.py:190} INFO - [2024-12-29T00:28:00.541+0000] {dag.py:4180} INFO - Setting next_dagrun for example_weekday_branch_operator to 2024-12-28 00:00:00+00:00, run_after=2024-12-29 00:00:00+00:00
[2024-12-29T00:28:00.572+0000] {processor.py:208} INFO - Processing /home/airflow/.local/lib/python3.12/site-packages/airflow/example_dags/example_branch_day_of_week_operator.py took 0.128 seconds
[2024-12-29T00:28:31.011+0000] {processor.py:186} INFO - Started process (PID=1198) to work on /home/airflow/.local/lib/python3.12/site-packages/airflow/example_dags/example_branch_day_of_week_operator.py
[2024-12-29T00:28:31.013+0000] {processor.py:914} INFO - Processing file /home/airflow/.local/lib/python3.12/site-packages/airflow/example_dags/example_branch_day_of_week_operator.py for tasks to queue
[2024-12-29T00:28:31.019+0000] {logging_mixin.py:190} INFO - [2024-12-29T00:28:31.018+0000] {dagbag.py:588} INFO - Filling up the DagBag from /home/airflow/.local/lib/python3.12/site-packages/airflow/example_dags/example_branch_day_of_week_operator.py
[2024-12-29T00:28:31.037+0000] {processor.py:925} INFO - DAG(s) 'example_weekday_branch_operator' retrieved from /home/airflow/.local/lib/python3.12/site-packages/airflow/example_dags/example_branch_day_of_week_operator.py
[2024-12-29T00:28:31.087+0000] {logging_mixin.py:190} INFO - [2024-12-29T00:28:31.087+0000] {dag.py:3239} INFO - Sync 1 DAGs
[2024-12-29T00:28:31.140+0000] {logging_mixin.py:190} INFO - [2024-12-29T00:28:31.139+0000] {dag.py:4180} INFO - Setting next_dagrun for example_weekday_branch_operator to 2024-12-28 00:00:00+00:00, run_after=2024-12-29 00:00:00+00:00
[2024-12-29T00:28:31.174+0000] {processor.py:208} INFO - Processing /home/airflow/.local/lib/python3.12/site-packages/airflow/example_dags/example_branch_day_of_week_operator.py took 0.175 seconds
[2024-12-29T00:29:01.264+0000] {processor.py:186} INFO - Started process (PID=1263) to work on /home/airflow/.local/lib/python3.12/site-packages/airflow/example_dags/example_branch_day_of_week_operator.py
[2024-12-29T00:29:01.266+0000] {processor.py:914} INFO - Processing file /home/airflow/.local/lib/python3.12/site-packages/airflow/example_dags/example_branch_day_of_week_operator.py for tasks to queue
[2024-12-29T00:29:01.269+0000] {logging_mixin.py:190} INFO - [2024-12-29T00:29:01.268+0000] {dagbag.py:588} INFO - Filling up the DagBag from /home/airflow/.local/lib/python3.12/site-packages/airflow/example_dags/example_branch_day_of_week_operator.py
[2024-12-29T00:29:01.282+0000] {processor.py:925} INFO - DAG(s) 'example_weekday_branch_operator' retrieved from /home/airflow/.local/lib/python3.12/site-packages/airflow/example_dags/example_branch_day_of_week_operator.py
[2024-12-29T00:29:01.313+0000] {logging_mixin.py:190} INFO - [2024-12-29T00:29:01.313+0000] {dag.py:3239} INFO - Sync 1 DAGs
[2024-12-29T00:29:01.348+0000] {logging_mixin.py:190} INFO - [2024-12-29T00:29:01.348+0000] {dag.py:4180} INFO - Setting next_dagrun for example_weekday_branch_operator to 2024-12-28 00:00:00+00:00, run_after=2024-12-29 00:00:00+00:00
[2024-12-29T00:29:01.378+0000] {processor.py:208} INFO - Processing /home/airflow/.local/lib/python3.12/site-packages/airflow/example_dags/example_branch_day_of_week_operator.py took 0.123 seconds
[2024-12-29T00:29:31.672+0000] {processor.py:186} INFO - Started process (PID=1328) to work on /home/airflow/.local/lib/python3.12/site-packages/airflow/example_dags/example_branch_day_of_week_operator.py
[2024-12-29T00:29:31.674+0000] {processor.py:914} INFO - Processing file /home/airflow/.local/lib/python3.12/site-packages/airflow/example_dags/example_branch_day_of_week_operator.py for tasks to queue
[2024-12-29T00:29:31.676+0000] {logging_mixin.py:190} INFO - [2024-12-29T00:29:31.676+0000] {dagbag.py:588} INFO - Filling up the DagBag from /home/airflow/.local/lib/python3.12/site-packages/airflow/example_dags/example_branch_day_of_week_operator.py
[2024-12-29T00:29:31.687+0000] {processor.py:925} INFO - DAG(s) 'example_weekday_branch_operator' retrieved from /home/airflow/.local/lib/python3.12/site-packages/airflow/example_dags/example_branch_day_of_week_operator.py
[2024-12-29T00:29:31.716+0000] {logging_mixin.py:190} INFO - [2024-12-29T00:29:31.716+0000] {dag.py:3239} INFO - Sync 1 DAGs
[2024-12-29T00:29:31.744+0000] {logging_mixin.py:190} INFO - [2024-12-29T00:29:31.744+0000] {dag.py:4180} INFO - Setting next_dagrun for example_weekday_branch_operator to 2024-12-28 00:00:00+00:00, run_after=2024-12-29 00:00:00+00:00
[2024-12-29T00:29:31.771+0000] {processor.py:208} INFO - Processing /home/airflow/.local/lib/python3.12/site-packages/airflow/example_dags/example_branch_day_of_week_operator.py took 0.105 seconds
[2024-12-29T00:30:02.347+0000] {processor.py:186} INFO - Started process (PID=1393) to work on /home/airflow/.local/lib/python3.12/site-packages/airflow/example_dags/example_branch_day_of_week_operator.py
[2024-12-29T00:30:02.350+0000] {processor.py:914} INFO - Processing file /home/airflow/.local/lib/python3.12/site-packages/airflow/example_dags/example_branch_day_of_week_operator.py for tasks to queue
[2024-12-29T00:30:02.354+0000] {logging_mixin.py:190} INFO - [2024-12-29T00:30:02.353+0000] {dagbag.py:588} INFO - Filling up the DagBag from /home/airflow/.local/lib/python3.12/site-packages/airflow/example_dags/example_branch_day_of_week_operator.py
[2024-12-29T00:30:02.370+0000] {processor.py:925} INFO - DAG(s) 'example_weekday_branch_operator' retrieved from /home/airflow/.local/lib/python3.12/site-packages/airflow/example_dags/example_branch_day_of_week_operator.py
[2024-12-29T00:30:02.403+0000] {logging_mixin.py:190} INFO - [2024-12-29T00:30:02.402+0000] {dag.py:3239} INFO - Sync 1 DAGs
[2024-12-29T00:30:02.436+0000] {logging_mixin.py:190} INFO - [2024-12-29T00:30:02.436+0000] {dag.py:4180} INFO - Setting next_dagrun for example_weekday_branch_operator to 2024-12-28 00:00:00+00:00, run_after=2024-12-29 00:00:00+00:00
[2024-12-29T00:30:02.462+0000] {processor.py:208} INFO - Processing /home/airflow/.local/lib/python3.12/site-packages/airflow/example_dags/example_branch_day_of_week_operator.py took 0.122 seconds
[2024-12-29T00:30:32.809+0000] {processor.py:186} INFO - Started process (PID=1457) to work on /home/airflow/.local/lib/python3.12/site-packages/airflow/example_dags/example_branch_day_of_week_operator.py
[2024-12-29T00:30:32.810+0000] {processor.py:914} INFO - Processing file /home/airflow/.local/lib/python3.12/site-packages/airflow/example_dags/example_branch_day_of_week_operator.py for tasks to queue
[2024-12-29T00:30:32.812+0000] {logging_mixin.py:190} INFO - [2024-12-29T00:30:32.812+0000] {dagbag.py:588} INFO - Filling up the DagBag from /home/airflow/.local/lib/python3.12/site-packages/airflow/example_dags/example_branch_day_of_week_operator.py
[2024-12-29T00:30:32.821+0000] {processor.py:925} INFO - DAG(s) 'example_weekday_branch_operator' retrieved from /home/airflow/.local/lib/python3.12/site-packages/airflow/example_dags/example_branch_day_of_week_operator.py
[2024-12-29T00:30:32.846+0000] {logging_mixin.py:190} INFO - [2024-12-29T00:30:32.845+0000] {dag.py:3239} INFO - Sync 1 DAGs
[2024-12-29T00:30:32.874+0000] {logging_mixin.py:190} INFO - [2024-12-29T00:30:32.874+0000] {dag.py:4180} INFO - Setting next_dagrun for example_weekday_branch_operator to 2024-12-28 00:00:00+00:00, run_after=2024-12-29 00:00:00+00:00
[2024-12-29T00:30:32.899+0000] {processor.py:208} INFO - Processing /home/airflow/.local/lib/python3.12/site-packages/airflow/example_dags/example_branch_day_of_week_operator.py took 0.095 seconds
[2024-12-29T00:31:03.073+0000] {processor.py:186} INFO - Started process (PID=1522) to work on /home/airflow/.local/lib/python3.12/site-packages/airflow/example_dags/example_branch_day_of_week_operator.py
[2024-12-29T00:31:03.076+0000] {processor.py:914} INFO - Processing file /home/airflow/.local/lib/python3.12/site-packages/airflow/example_dags/example_branch_day_of_week_operator.py for tasks to queue
[2024-12-29T00:31:03.079+0000] {logging_mixin.py:190} INFO - [2024-12-29T00:31:03.078+0000] {dagbag.py:588} INFO - Filling up the DagBag from /home/airflow/.local/lib/python3.12/site-packages/airflow/example_dags/example_branch_day_of_week_operator.py
[2024-12-29T00:31:03.093+0000] {processor.py:925} INFO - DAG(s) 'example_weekday_branch_operator' retrieved from /home/airflow/.local/lib/python3.12/site-packages/airflow/example_dags/example_branch_day_of_week_operator.py
[2024-12-29T00:31:03.122+0000] {logging_mixin.py:190} INFO - [2024-12-29T00:31:03.122+0000] {dag.py:3239} INFO - Sync 1 DAGs
[2024-12-29T00:31:03.153+0000] {logging_mixin.py:190} INFO - [2024-12-29T00:31:03.153+0000] {dag.py:4180} INFO - Setting next_dagrun for example_weekday_branch_operator to 2024-12-28 00:00:00+00:00, run_after=2024-12-29 00:00:00+00:00
[2024-12-29T00:31:03.182+0000] {processor.py:208} INFO - Processing /home/airflow/.local/lib/python3.12/site-packages/airflow/example_dags/example_branch_day_of_week_operator.py took 0.124 seconds
[2024-12-29T00:31:33.798+0000] {processor.py:186} INFO - Started process (PID=1588) to work on /home/airflow/.local/lib/python3.12/site-packages/airflow/example_dags/example_branch_day_of_week_operator.py
[2024-12-29T00:31:33.800+0000] {processor.py:914} INFO - Processing file /home/airflow/.local/lib/python3.12/site-packages/airflow/example_dags/example_branch_day_of_week_operator.py for tasks to queue
[2024-12-29T00:31:33.803+0000] {logging_mixin.py:190} INFO - [2024-12-29T00:31:33.802+0000] {dagbag.py:588} INFO - Filling up the DagBag from /home/airflow/.local/lib/python3.12/site-packages/airflow/example_dags/example_branch_day_of_week_operator.py
[2024-12-29T00:31:33.813+0000] {processor.py:925} INFO - DAG(s) 'example_weekday_branch_operator' retrieved from /home/airflow/.local/lib/python3.12/site-packages/airflow/example_dags/example_branch_day_of_week_operator.py
[2024-12-29T00:31:33.838+0000] {logging_mixin.py:190} INFO - [2024-12-29T00:31:33.838+0000] {dag.py:3239} INFO - Sync 1 DAGs
[2024-12-29T00:31:33.864+0000] {logging_mixin.py:190} INFO - [2024-12-29T00:31:33.864+0000] {dag.py:4180} INFO - Setting next_dagrun for example_weekday_branch_operator to 2024-12-28 00:00:00+00:00, run_after=2024-12-29 00:00:00+00:00
[2024-12-29T00:31:33.889+0000] {processor.py:208} INFO - Processing /home/airflow/.local/lib/python3.12/site-packages/airflow/example_dags/example_branch_day_of_week_operator.py took 0.096 seconds
[2024-12-29T00:32:04.873+0000] {processor.py:186} INFO - Started process (PID=1653) to work on /home/airflow/.local/lib/python3.12/site-packages/airflow/example_dags/example_branch_day_of_week_operator.py
[2024-12-29T00:32:04.876+0000] {processor.py:914} INFO - Processing file /home/airflow/.local/lib/python3.12/site-packages/airflow/example_dags/example_branch_day_of_week_operator.py for tasks to queue
[2024-12-29T00:32:04.879+0000] {logging_mixin.py:190} INFO - [2024-12-29T00:32:04.878+0000] {dagbag.py:588} INFO - Filling up the DagBag from /home/airflow/.local/lib/python3.12/site-packages/airflow/example_dags/example_branch_day_of_week_operator.py
[2024-12-29T00:32:04.887+0000] {processor.py:925} INFO - DAG(s) 'example_weekday_branch_operator' retrieved from /home/airflow/.local/lib/python3.12/site-packages/airflow/example_dags/example_branch_day_of_week_operator.py
[2024-12-29T00:32:04.909+0000] {logging_mixin.py:190} INFO - [2024-12-29T00:32:04.909+0000] {dag.py:3239} INFO - Sync 1 DAGs
[2024-12-29T00:32:04.936+0000] {logging_mixin.py:190} INFO - [2024-12-29T00:32:04.936+0000] {dag.py:4180} INFO - Setting next_dagrun for example_weekday_branch_operator to 2024-12-28 00:00:00+00:00, run_after=2024-12-29 00:00:00+00:00
[2024-12-29T00:32:04.960+0000] {processor.py:208} INFO - Processing /home/airflow/.local/lib/python3.12/site-packages/airflow/example_dags/example_branch_day_of_week_operator.py took 0.092 seconds
[2024-12-29T00:32:35.574+0000] {processor.py:186} INFO - Started process (PID=1701) to work on /home/airflow/.local/lib/python3.12/site-packages/airflow/example_dags/example_branch_day_of_week_operator.py
[2024-12-29T00:32:35.577+0000] {processor.py:914} INFO - Processing file /home/airflow/.local/lib/python3.12/site-packages/airflow/example_dags/example_branch_day_of_week_operator.py for tasks to queue
[2024-12-29T00:32:35.582+0000] {logging_mixin.py:190} INFO - [2024-12-29T00:32:35.581+0000] {dagbag.py:588} INFO - Filling up the DagBag from /home/airflow/.local/lib/python3.12/site-packages/airflow/example_dags/example_branch_day_of_week_operator.py
[2024-12-29T00:32:35.601+0000] {processor.py:925} INFO - DAG(s) 'example_weekday_branch_operator' retrieved from /home/airflow/.local/lib/python3.12/site-packages/airflow/example_dags/example_branch_day_of_week_operator.py
[2024-12-29T00:32:35.641+0000] {logging_mixin.py:190} INFO - [2024-12-29T00:32:35.640+0000] {dag.py:3239} INFO - Sync 1 DAGs
[2024-12-29T00:32:35.681+0000] {logging_mixin.py:190} INFO - [2024-12-29T00:32:35.681+0000] {dag.py:4180} INFO - Setting next_dagrun for example_weekday_branch_operator to 2024-12-28 00:00:00+00:00, run_after=2024-12-29 00:00:00+00:00
[2024-12-29T00:32:35.708+0000] {processor.py:208} INFO - Processing /home/airflow/.local/lib/python3.12/site-packages/airflow/example_dags/example_branch_day_of_week_operator.py took 0.145 seconds
[2024-12-29T00:33:06.839+0000] {processor.py:186} INFO - Started process (PID=1766) to work on /home/airflow/.local/lib/python3.12/site-packages/airflow/example_dags/example_branch_day_of_week_operator.py
[2024-12-29T00:33:06.841+0000] {processor.py:914} INFO - Processing file /home/airflow/.local/lib/python3.12/site-packages/airflow/example_dags/example_branch_day_of_week_operator.py for tasks to queue
[2024-12-29T00:33:06.844+0000] {logging_mixin.py:190} INFO - [2024-12-29T00:33:06.843+0000] {dagbag.py:588} INFO - Filling up the DagBag from /home/airflow/.local/lib/python3.12/site-packages/airflow/example_dags/example_branch_day_of_week_operator.py
[2024-12-29T00:33:06.855+0000] {processor.py:925} INFO - DAG(s) 'example_weekday_branch_operator' retrieved from /home/airflow/.local/lib/python3.12/site-packages/airflow/example_dags/example_branch_day_of_week_operator.py
[2024-12-29T00:33:06.887+0000] {logging_mixin.py:190} INFO - [2024-12-29T00:33:06.886+0000] {dag.py:3239} INFO - Sync 1 DAGs
[2024-12-29T00:33:06.924+0000] {logging_mixin.py:190} INFO - [2024-12-29T00:33:06.924+0000] {dag.py:4180} INFO - Setting next_dagrun for example_weekday_branch_operator to 2024-12-28 00:00:00+00:00, run_after=2024-12-29 00:00:00+00:00
[2024-12-29T00:33:06.956+0000] {processor.py:208} INFO - Processing /home/airflow/.local/lib/python3.12/site-packages/airflow/example_dags/example_branch_day_of_week_operator.py took 0.124 seconds
[2024-12-29T00:33:38.116+0000] {processor.py:186} INFO - Started process (PID=1826) to work on /home/airflow/.local/lib/python3.12/site-packages/airflow/example_dags/example_branch_day_of_week_operator.py
[2024-12-29T00:33:38.118+0000] {processor.py:914} INFO - Processing file /home/airflow/.local/lib/python3.12/site-packages/airflow/example_dags/example_branch_day_of_week_operator.py for tasks to queue
[2024-12-29T00:33:38.121+0000] {logging_mixin.py:190} INFO - [2024-12-29T00:33:38.120+0000] {dagbag.py:588} INFO - Filling up the DagBag from /home/airflow/.local/lib/python3.12/site-packages/airflow/example_dags/example_branch_day_of_week_operator.py
[2024-12-29T00:33:38.131+0000] {processor.py:925} INFO - DAG(s) 'example_weekday_branch_operator' retrieved from /home/airflow/.local/lib/python3.12/site-packages/airflow/example_dags/example_branch_day_of_week_operator.py
[2024-12-29T00:33:38.158+0000] {logging_mixin.py:190} INFO - [2024-12-29T00:33:38.157+0000] {dag.py:3239} INFO - Sync 1 DAGs
[2024-12-29T00:33:38.190+0000] {logging_mixin.py:190} INFO - [2024-12-29T00:33:38.190+0000] {dag.py:4180} INFO - Setting next_dagrun for example_weekday_branch_operator to 2024-12-28 00:00:00+00:00, run_after=2024-12-29 00:00:00+00:00
[2024-12-29T00:33:38.220+0000] {processor.py:208} INFO - Processing /home/airflow/.local/lib/python3.12/site-packages/airflow/example_dags/example_branch_day_of_week_operator.py took 0.110 seconds
[2024-12-29T00:34:08.641+0000] {processor.py:186} INFO - Started process (PID=1890) to work on /home/airflow/.local/lib/python3.12/site-packages/airflow/example_dags/example_branch_day_of_week_operator.py
[2024-12-29T00:34:08.645+0000] {processor.py:914} INFO - Processing file /home/airflow/.local/lib/python3.12/site-packages/airflow/example_dags/example_branch_day_of_week_operator.py for tasks to queue
[2024-12-29T00:34:08.648+0000] {logging_mixin.py:190} INFO - [2024-12-29T00:34:08.648+0000] {dagbag.py:588} INFO - Filling up the DagBag from /home/airflow/.local/lib/python3.12/site-packages/airflow/example_dags/example_branch_day_of_week_operator.py
[2024-12-29T00:34:08.661+0000] {processor.py:925} INFO - DAG(s) 'example_weekday_branch_operator' retrieved from /home/airflow/.local/lib/python3.12/site-packages/airflow/example_dags/example_branch_day_of_week_operator.py
[2024-12-29T00:34:08.692+0000] {logging_mixin.py:190} INFO - [2024-12-29T00:34:08.691+0000] {dag.py:3239} INFO - Sync 1 DAGs
[2024-12-29T00:34:08.723+0000] {logging_mixin.py:190} INFO - [2024-12-29T00:34:08.722+0000] {dag.py:4180} INFO - Setting next_dagrun for example_weekday_branch_operator to 2024-12-28 00:00:00+00:00, run_after=2024-12-29 00:00:00+00:00
[2024-12-29T00:34:08.754+0000] {processor.py:208} INFO - Processing /home/airflow/.local/lib/python3.12/site-packages/airflow/example_dags/example_branch_day_of_week_operator.py took 0.120 seconds
[2024-12-29T00:34:38.817+0000] {processor.py:186} INFO - Started process (PID=1954) to work on /home/airflow/.local/lib/python3.12/site-packages/airflow/example_dags/example_branch_day_of_week_operator.py
[2024-12-29T00:34:38.819+0000] {processor.py:914} INFO - Processing file /home/airflow/.local/lib/python3.12/site-packages/airflow/example_dags/example_branch_day_of_week_operator.py for tasks to queue
[2024-12-29T00:34:38.822+0000] {logging_mixin.py:190} INFO - [2024-12-29T00:34:38.821+0000] {dagbag.py:588} INFO - Filling up the DagBag from /home/airflow/.local/lib/python3.12/site-packages/airflow/example_dags/example_branch_day_of_week_operator.py
[2024-12-29T00:34:38.835+0000] {processor.py:925} INFO - DAG(s) 'example_weekday_branch_operator' retrieved from /home/airflow/.local/lib/python3.12/site-packages/airflow/example_dags/example_branch_day_of_week_operator.py
[2024-12-29T00:34:38.867+0000] {logging_mixin.py:190} INFO - [2024-12-29T00:34:38.867+0000] {dag.py:3239} INFO - Sync 1 DAGs
[2024-12-29T00:34:38.903+0000] {logging_mixin.py:190} INFO - [2024-12-29T00:34:38.902+0000] {dag.py:4180} INFO - Setting next_dagrun for example_weekday_branch_operator to 2024-12-28 00:00:00+00:00, run_after=2024-12-29 00:00:00+00:00
[2024-12-29T00:34:38.936+0000] {processor.py:208} INFO - Processing /home/airflow/.local/lib/python3.12/site-packages/airflow/example_dags/example_branch_day_of_week_operator.py took 0.127 seconds
[2024-12-29T00:35:09.612+0000] {processor.py:186} INFO - Started process (PID=2017) to work on /home/airflow/.local/lib/python3.12/site-packages/airflow/example_dags/example_branch_day_of_week_operator.py
[2024-12-29T00:35:09.614+0000] {processor.py:914} INFO - Processing file /home/airflow/.local/lib/python3.12/site-packages/airflow/example_dags/example_branch_day_of_week_operator.py for tasks to queue
[2024-12-29T00:35:09.616+0000] {logging_mixin.py:190} INFO - [2024-12-29T00:35:09.616+0000] {dagbag.py:588} INFO - Filling up the DagBag from /home/airflow/.local/lib/python3.12/site-packages/airflow/example_dags/example_branch_day_of_week_operator.py
[2024-12-29T00:35:09.627+0000] {processor.py:925} INFO - DAG(s) 'example_weekday_branch_operator' retrieved from /home/airflow/.local/lib/python3.12/site-packages/airflow/example_dags/example_branch_day_of_week_operator.py
[2024-12-29T00:35:09.654+0000] {logging_mixin.py:190} INFO - [2024-12-29T00:35:09.653+0000] {dag.py:3239} INFO - Sync 1 DAGs
[2024-12-29T00:35:09.683+0000] {logging_mixin.py:190} INFO - [2024-12-29T00:35:09.683+0000] {dag.py:4180} INFO - Setting next_dagrun for example_weekday_branch_operator to 2024-12-28 00:00:00+00:00, run_after=2024-12-29 00:00:00+00:00
[2024-12-29T00:35:09.709+0000] {processor.py:208} INFO - Processing /home/airflow/.local/lib/python3.12/site-packages/airflow/example_dags/example_branch_day_of_week_operator.py took 0.104 seconds
[2024-12-29T00:35:40.690+0000] {processor.py:186} INFO - Started process (PID=2088) to work on /home/airflow/.local/lib/python3.12/site-packages/airflow/example_dags/example_branch_day_of_week_operator.py
[2024-12-29T00:35:40.691+0000] {processor.py:914} INFO - Processing file /home/airflow/.local/lib/python3.12/site-packages/airflow/example_dags/example_branch_day_of_week_operator.py for tasks to queue
[2024-12-29T00:35:40.694+0000] {logging_mixin.py:190} INFO - [2024-12-29T00:35:40.693+0000] {dagbag.py:588} INFO - Filling up the DagBag from /home/airflow/.local/lib/python3.12/site-packages/airflow/example_dags/example_branch_day_of_week_operator.py
[2024-12-29T00:35:40.704+0000] {processor.py:925} INFO - DAG(s) 'example_weekday_branch_operator' retrieved from /home/airflow/.local/lib/python3.12/site-packages/airflow/example_dags/example_branch_day_of_week_operator.py
[2024-12-29T00:35:40.731+0000] {logging_mixin.py:190} INFO - [2024-12-29T00:35:40.731+0000] {dag.py:3239} INFO - Sync 1 DAGs
[2024-12-29T00:35:40.761+0000] {logging_mixin.py:190} INFO - [2024-12-29T00:35:40.761+0000] {dag.py:4180} INFO - Setting next_dagrun for example_weekday_branch_operator to 2024-12-28 00:00:00+00:00, run_after=2024-12-29 00:00:00+00:00
[2024-12-29T00:35:40.789+0000] {processor.py:208} INFO - Processing /home/airflow/.local/lib/python3.12/site-packages/airflow/example_dags/example_branch_day_of_week_operator.py took 0.105 seconds
[2024-12-29T00:36:10.978+0000] {processor.py:186} INFO - Started process (PID=2152) to work on /home/airflow/.local/lib/python3.12/site-packages/airflow/example_dags/example_branch_day_of_week_operator.py
[2024-12-29T00:36:10.980+0000] {processor.py:914} INFO - Processing file /home/airflow/.local/lib/python3.12/site-packages/airflow/example_dags/example_branch_day_of_week_operator.py for tasks to queue
[2024-12-29T00:36:10.983+0000] {logging_mixin.py:190} INFO - [2024-12-29T00:36:10.983+0000] {dagbag.py:588} INFO - Filling up the DagBag from /home/airflow/.local/lib/python3.12/site-packages/airflow/example_dags/example_branch_day_of_week_operator.py
[2024-12-29T00:36:10.995+0000] {processor.py:925} INFO - DAG(s) 'example_weekday_branch_operator' retrieved from /home/airflow/.local/lib/python3.12/site-packages/airflow/example_dags/example_branch_day_of_week_operator.py
[2024-12-29T00:36:11.027+0000] {logging_mixin.py:190} INFO - [2024-12-29T00:36:11.026+0000] {dag.py:3239} INFO - Sync 1 DAGs
[2024-12-29T00:36:11.059+0000] {logging_mixin.py:190} INFO - [2024-12-29T00:36:11.059+0000] {dag.py:4180} INFO - Setting next_dagrun for example_weekday_branch_operator to 2024-12-28 00:00:00+00:00, run_after=2024-12-29 00:00:00+00:00
[2024-12-29T00:36:11.089+0000] {processor.py:208} INFO - Processing /home/airflow/.local/lib/python3.12/site-packages/airflow/example_dags/example_branch_day_of_week_operator.py took 0.118 seconds
[2024-12-29T00:36:41.155+0000] {processor.py:186} INFO - Started process (PID=2216) to work on /home/airflow/.local/lib/python3.12/site-packages/airflow/example_dags/example_branch_day_of_week_operator.py
[2024-12-29T00:36:41.157+0000] {processor.py:914} INFO - Processing file /home/airflow/.local/lib/python3.12/site-packages/airflow/example_dags/example_branch_day_of_week_operator.py for tasks to queue
[2024-12-29T00:36:41.160+0000] {logging_mixin.py:190} INFO - [2024-12-29T00:36:41.159+0000] {dagbag.py:588} INFO - Filling up the DagBag from /home/airflow/.local/lib/python3.12/site-packages/airflow/example_dags/example_branch_day_of_week_operator.py
[2024-12-29T00:36:41.169+0000] {processor.py:925} INFO - DAG(s) 'example_weekday_branch_operator' retrieved from /home/airflow/.local/lib/python3.12/site-packages/airflow/example_dags/example_branch_day_of_week_operator.py
[2024-12-29T00:36:41.195+0000] {logging_mixin.py:190} INFO - [2024-12-29T00:36:41.195+0000] {dag.py:3239} INFO - Sync 1 DAGs
[2024-12-29T00:36:41.221+0000] {logging_mixin.py:190} INFO - [2024-12-29T00:36:41.221+0000] {dag.py:4180} INFO - Setting next_dagrun for example_weekday_branch_operator to 2024-12-28 00:00:00+00:00, run_after=2024-12-29 00:00:00+00:00
[2024-12-29T00:36:41.246+0000] {processor.py:208} INFO - Processing /home/airflow/.local/lib/python3.12/site-packages/airflow/example_dags/example_branch_day_of_week_operator.py took 0.097 seconds
[2024-12-29T00:37:11.388+0000] {processor.py:186} INFO - Started process (PID=2281) to work on /home/airflow/.local/lib/python3.12/site-packages/airflow/example_dags/example_branch_day_of_week_operator.py
[2024-12-29T00:37:11.390+0000] {processor.py:914} INFO - Processing file /home/airflow/.local/lib/python3.12/site-packages/airflow/example_dags/example_branch_day_of_week_operator.py for tasks to queue
[2024-12-29T00:37:11.393+0000] {logging_mixin.py:190} INFO - [2024-12-29T00:37:11.392+0000] {dagbag.py:588} INFO - Filling up the DagBag from /home/airflow/.local/lib/python3.12/site-packages/airflow/example_dags/example_branch_day_of_week_operator.py
[2024-12-29T00:37:11.403+0000] {processor.py:925} INFO - DAG(s) 'example_weekday_branch_operator' retrieved from /home/airflow/.local/lib/python3.12/site-packages/airflow/example_dags/example_branch_day_of_week_operator.py
[2024-12-29T00:37:11.428+0000] {logging_mixin.py:190} INFO - [2024-12-29T00:37:11.428+0000] {dag.py:3239} INFO - Sync 1 DAGs
[2024-12-29T00:37:11.453+0000] {logging_mixin.py:190} INFO - [2024-12-29T00:37:11.453+0000] {dag.py:4180} INFO - Setting next_dagrun for example_weekday_branch_operator to 2024-12-28 00:00:00+00:00, run_after=2024-12-29 00:00:00+00:00
[2024-12-29T00:37:11.480+0000] {processor.py:208} INFO - Processing /home/airflow/.local/lib/python3.12/site-packages/airflow/example_dags/example_branch_day_of_week_operator.py took 0.097 seconds
[2024-12-29T00:37:41.629+0000] {processor.py:186} INFO - Started process (PID=2346) to work on /home/airflow/.local/lib/python3.12/site-packages/airflow/example_dags/example_branch_day_of_week_operator.py
[2024-12-29T00:37:41.630+0000] {processor.py:914} INFO - Processing file /home/airflow/.local/lib/python3.12/site-packages/airflow/example_dags/example_branch_day_of_week_operator.py for tasks to queue
[2024-12-29T00:37:41.633+0000] {logging_mixin.py:190} INFO - [2024-12-29T00:37:41.633+0000] {dagbag.py:588} INFO - Filling up the DagBag from /home/airflow/.local/lib/python3.12/site-packages/airflow/example_dags/example_branch_day_of_week_operator.py
[2024-12-29T00:37:41.646+0000] {processor.py:925} INFO - DAG(s) 'example_weekday_branch_operator' retrieved from /home/airflow/.local/lib/python3.12/site-packages/airflow/example_dags/example_branch_day_of_week_operator.py
[2024-12-29T00:37:41.674+0000] {logging_mixin.py:190} INFO - [2024-12-29T00:37:41.674+0000] {dag.py:3239} INFO - Sync 1 DAGs
[2024-12-29T00:37:41.706+0000] {logging_mixin.py:190} INFO - [2024-12-29T00:37:41.706+0000] {dag.py:4180} INFO - Setting next_dagrun for example_weekday_branch_operator to 2024-12-28 00:00:00+00:00, run_after=2024-12-29 00:00:00+00:00
[2024-12-29T00:37:41.737+0000] {processor.py:208} INFO - Processing /home/airflow/.local/lib/python3.12/site-packages/airflow/example_dags/example_branch_day_of_week_operator.py took 0.115 seconds
[2024-12-29T00:38:12.462+0000] {processor.py:186} INFO - Started process (PID=2411) to work on /home/airflow/.local/lib/python3.12/site-packages/airflow/example_dags/example_branch_day_of_week_operator.py
[2024-12-29T00:38:12.465+0000] {processor.py:914} INFO - Processing file /home/airflow/.local/lib/python3.12/site-packages/airflow/example_dags/example_branch_day_of_week_operator.py for tasks to queue
[2024-12-29T00:38:12.468+0000] {logging_mixin.py:190} INFO - [2024-12-29T00:38:12.467+0000] {dagbag.py:588} INFO - Filling up the DagBag from /home/airflow/.local/lib/python3.12/site-packages/airflow/example_dags/example_branch_day_of_week_operator.py
[2024-12-29T00:38:12.481+0000] {processor.py:925} INFO - DAG(s) 'example_weekday_branch_operator' retrieved from /home/airflow/.local/lib/python3.12/site-packages/airflow/example_dags/example_branch_day_of_week_operator.py
[2024-12-29T00:38:12.514+0000] {logging_mixin.py:190} INFO - [2024-12-29T00:38:12.514+0000] {dag.py:3239} INFO - Sync 1 DAGs
[2024-12-29T00:38:12.553+0000] {logging_mixin.py:190} INFO - [2024-12-29T00:38:12.552+0000] {dag.py:4180} INFO - Setting next_dagrun for example_weekday_branch_operator to 2024-12-28 00:00:00+00:00, run_after=2024-12-29 00:00:00+00:00
[2024-12-29T00:38:12.587+0000] {processor.py:208} INFO - Processing /home/airflow/.local/lib/python3.12/site-packages/airflow/example_dags/example_branch_day_of_week_operator.py took 0.134 seconds
