[2024-12-29T00:03:53.824+0000] {processor.py:186} INFO - Started process (PID=110) to work on /home/airflow/.local/lib/python3.12/site-packages/airflow/example_dags/example_kubernetes_executor.py
[2024-12-29T00:03:53.825+0000] {processor.py:914} INFO - Processing file /home/airflow/.local/lib/python3.12/site-packages/airflow/example_dags/example_kubernetes_executor.py for tasks to queue
[2024-12-29T00:03:53.829+0000] {logging_mixin.py:190} INFO - [2024-12-29T00:03:53.828+0000] {dagbag.py:588} INFO - Filling up the DagBag from /home/airflow/.local/lib/python3.12/site-packages/airflow/example_dags/example_kubernetes_executor.py
[2024-12-29T00:03:53.854+0000] {processor.py:925} INFO - DAG(s) 'example_kubernetes_executor' retrieved from /home/airflow/.local/lib/python3.12/site-packages/airflow/example_dags/example_kubernetes_executor.py
[2024-12-29T00:03:54.332+0000] {logging_mixin.py:190} INFO - [2024-12-29T00:03:54.330+0000] {override.py:1911} INFO - Created Permission View: can read on DAG:example_kubernetes_executor
[2024-12-29T00:03:54.421+0000] {logging_mixin.py:190} INFO - [2024-12-29T00:03:54.421+0000] {override.py:1911} INFO - Created Permission View: can edit on DAG:example_kubernetes_executor
[2024-12-29T00:03:54.781+0000] {logging_mixin.py:190} INFO - [2024-12-29T00:03:54.781+0000] {override.py:1911} INFO - Created Permission View: can delete on DAG:example_kubernetes_executor
[2024-12-29T00:03:55.096+0000] {logging_mixin.py:190} INFO - [2024-12-29T00:03:55.096+0000] {override.py:1911} INFO - Created Permission View: can create on DAG Run:example_kubernetes_executor
[2024-12-29T00:03:55.111+0000] {logging_mixin.py:190} INFO - [2024-12-29T00:03:55.111+0000] {override.py:1911} INFO - Created Permission View: can read on DAG Run:example_kubernetes_executor
[2024-12-29T00:03:55.130+0000] {logging_mixin.py:190} INFO - [2024-12-29T00:03:55.129+0000] {override.py:1911} INFO - Created Permission View: can delete on DAG Run:example_kubernetes_executor
[2024-12-29T00:03:55.148+0000] {logging_mixin.py:190} INFO - [2024-12-29T00:03:55.147+0000] {override.py:1911} INFO - Created Permission View: menu access on DAG Run:example_kubernetes_executor
[2024-12-29T00:03:55.149+0000] {logging_mixin.py:190} INFO - [2024-12-29T00:03:55.149+0000] {dag.py:3239} INFO - Sync 1 DAGs
[2024-12-29T00:03:55.191+0000] {logging_mixin.py:190} INFO - [2024-12-29T00:03:55.190+0000] {dag.py:3262} INFO - Creating ORM DAG for example_kubernetes_executor
[2024-12-29T00:03:55.193+0000] {logging_mixin.py:190} INFO - [2024-12-29T00:03:55.193+0000] {dag.py:4180} INFO - Setting next_dagrun for example_kubernetes_executor to None, run_after=None
[2024-12-29T00:03:55.232+0000] {processor.py:208} INFO - Processing /home/airflow/.local/lib/python3.12/site-packages/airflow/example_dags/example_kubernetes_executor.py took 1.416 seconds
[2024-12-29T00:04:25.759+0000] {processor.py:186} INFO - Started process (PID=174) to work on /home/airflow/.local/lib/python3.12/site-packages/airflow/example_dags/example_kubernetes_executor.py
[2024-12-29T00:04:25.760+0000] {processor.py:914} INFO - Processing file /home/airflow/.local/lib/python3.12/site-packages/airflow/example_dags/example_kubernetes_executor.py for tasks to queue
[2024-12-29T00:04:25.763+0000] {logging_mixin.py:190} INFO - [2024-12-29T00:04:25.763+0000] {dagbag.py:588} INFO - Filling up the DagBag from /home/airflow/.local/lib/python3.12/site-packages/airflow/example_dags/example_kubernetes_executor.py
[2024-12-29T00:04:25.784+0000] {processor.py:925} INFO - DAG(s) 'example_kubernetes_executor' retrieved from /home/airflow/.local/lib/python3.12/site-packages/airflow/example_dags/example_kubernetes_executor.py
[2024-12-29T00:04:25.829+0000] {logging_mixin.py:190} INFO - [2024-12-29T00:04:25.828+0000] {dag.py:3239} INFO - Sync 1 DAGs
[2024-12-29T00:04:25.849+0000] {logging_mixin.py:190} INFO - [2024-12-29T00:04:25.849+0000] {dag.py:4180} INFO - Setting next_dagrun for example_kubernetes_executor to None, run_after=None
[2024-12-29T00:04:25.881+0000] {processor.py:208} INFO - Processing /home/airflow/.local/lib/python3.12/site-packages/airflow/example_dags/example_kubernetes_executor.py took 0.129 seconds
[2024-12-29T00:04:56.654+0000] {processor.py:186} INFO - Started process (PID=238) to work on /home/airflow/.local/lib/python3.12/site-packages/airflow/example_dags/example_kubernetes_executor.py
[2024-12-29T00:04:56.656+0000] {processor.py:914} INFO - Processing file /home/airflow/.local/lib/python3.12/site-packages/airflow/example_dags/example_kubernetes_executor.py for tasks to queue
[2024-12-29T00:04:56.658+0000] {logging_mixin.py:190} INFO - [2024-12-29T00:04:56.658+0000] {dagbag.py:588} INFO - Filling up the DagBag from /home/airflow/.local/lib/python3.12/site-packages/airflow/example_dags/example_kubernetes_executor.py
[2024-12-29T00:04:56.673+0000] {processor.py:925} INFO - DAG(s) 'example_kubernetes_executor' retrieved from /home/airflow/.local/lib/python3.12/site-packages/airflow/example_dags/example_kubernetes_executor.py
[2024-12-29T00:04:56.701+0000] {logging_mixin.py:190} INFO - [2024-12-29T00:04:56.700+0000] {dag.py:3239} INFO - Sync 1 DAGs
[2024-12-29T00:04:56.715+0000] {logging_mixin.py:190} INFO - [2024-12-29T00:04:56.715+0000] {dag.py:4180} INFO - Setting next_dagrun for example_kubernetes_executor to None, run_after=None
[2024-12-29T00:04:56.740+0000] {processor.py:208} INFO - Processing /home/airflow/.local/lib/python3.12/site-packages/airflow/example_dags/example_kubernetes_executor.py took 0.091 seconds
[2024-12-29T00:05:27.269+0000] {processor.py:186} INFO - Started process (PID=302) to work on /home/airflow/.local/lib/python3.12/site-packages/airflow/example_dags/example_kubernetes_executor.py
[2024-12-29T00:05:27.270+0000] {processor.py:914} INFO - Processing file /home/airflow/.local/lib/python3.12/site-packages/airflow/example_dags/example_kubernetes_executor.py for tasks to queue
[2024-12-29T00:05:27.273+0000] {logging_mixin.py:190} INFO - [2024-12-29T00:05:27.273+0000] {dagbag.py:588} INFO - Filling up the DagBag from /home/airflow/.local/lib/python3.12/site-packages/airflow/example_dags/example_kubernetes_executor.py
[2024-12-29T00:05:27.291+0000] {processor.py:925} INFO - DAG(s) 'example_kubernetes_executor' retrieved from /home/airflow/.local/lib/python3.12/site-packages/airflow/example_dags/example_kubernetes_executor.py
[2024-12-29T00:05:27.327+0000] {logging_mixin.py:190} INFO - [2024-12-29T00:05:27.327+0000] {dag.py:3239} INFO - Sync 1 DAGs
[2024-12-29T00:05:27.344+0000] {logging_mixin.py:190} INFO - [2024-12-29T00:05:27.344+0000] {dag.py:4180} INFO - Setting next_dagrun for example_kubernetes_executor to None, run_after=None
[2024-12-29T00:05:27.370+0000] {processor.py:208} INFO - Processing /home/airflow/.local/lib/python3.12/site-packages/airflow/example_dags/example_kubernetes_executor.py took 0.108 seconds
[2024-12-29T00:05:57.591+0000] {processor.py:186} INFO - Started process (PID=366) to work on /home/airflow/.local/lib/python3.12/site-packages/airflow/example_dags/example_kubernetes_executor.py
[2024-12-29T00:05:57.593+0000] {processor.py:914} INFO - Processing file /home/airflow/.local/lib/python3.12/site-packages/airflow/example_dags/example_kubernetes_executor.py for tasks to queue
[2024-12-29T00:05:57.596+0000] {logging_mixin.py:190} INFO - [2024-12-29T00:05:57.595+0000] {dagbag.py:588} INFO - Filling up the DagBag from /home/airflow/.local/lib/python3.12/site-packages/airflow/example_dags/example_kubernetes_executor.py
[2024-12-29T00:05:57.612+0000] {processor.py:925} INFO - DAG(s) 'example_kubernetes_executor' retrieved from /home/airflow/.local/lib/python3.12/site-packages/airflow/example_dags/example_kubernetes_executor.py
[2024-12-29T00:05:57.644+0000] {logging_mixin.py:190} INFO - [2024-12-29T00:05:57.644+0000] {dag.py:3239} INFO - Sync 1 DAGs
[2024-12-29T00:05:57.662+0000] {logging_mixin.py:190} INFO - [2024-12-29T00:05:57.662+0000] {dag.py:4180} INFO - Setting next_dagrun for example_kubernetes_executor to None, run_after=None
[2024-12-29T00:05:57.692+0000] {processor.py:208} INFO - Processing /home/airflow/.local/lib/python3.12/site-packages/airflow/example_dags/example_kubernetes_executor.py took 0.108 seconds
[2024-12-29T00:06:27.883+0000] {processor.py:186} INFO - Started process (PID=430) to work on /home/airflow/.local/lib/python3.12/site-packages/airflow/example_dags/example_kubernetes_executor.py
[2024-12-29T00:06:27.885+0000] {processor.py:914} INFO - Processing file /home/airflow/.local/lib/python3.12/site-packages/airflow/example_dags/example_kubernetes_executor.py for tasks to queue
[2024-12-29T00:06:27.889+0000] {logging_mixin.py:190} INFO - [2024-12-29T00:06:27.888+0000] {dagbag.py:588} INFO - Filling up the DagBag from /home/airflow/.local/lib/python3.12/site-packages/airflow/example_dags/example_kubernetes_executor.py
[2024-12-29T00:06:27.914+0000] {processor.py:925} INFO - DAG(s) 'example_kubernetes_executor' retrieved from /home/airflow/.local/lib/python3.12/site-packages/airflow/example_dags/example_kubernetes_executor.py
[2024-12-29T00:06:27.955+0000] {logging_mixin.py:190} INFO - [2024-12-29T00:06:27.955+0000] {dag.py:3239} INFO - Sync 1 DAGs
[2024-12-29T00:06:27.978+0000] {logging_mixin.py:190} INFO - [2024-12-29T00:06:27.978+0000] {dag.py:4180} INFO - Setting next_dagrun for example_kubernetes_executor to None, run_after=None
[2024-12-29T00:06:28.011+0000] {processor.py:208} INFO - Processing /home/airflow/.local/lib/python3.12/site-packages/airflow/example_dags/example_kubernetes_executor.py took 0.139 seconds
[2024-12-29T00:06:58.614+0000] {processor.py:186} INFO - Started process (PID=494) to work on /home/airflow/.local/lib/python3.12/site-packages/airflow/example_dags/example_kubernetes_executor.py
[2024-12-29T00:06:58.630+0000] {processor.py:914} INFO - Processing file /home/airflow/.local/lib/python3.12/site-packages/airflow/example_dags/example_kubernetes_executor.py for tasks to queue
[2024-12-29T00:06:58.633+0000] {logging_mixin.py:190} INFO - [2024-12-29T00:06:58.633+0000] {dagbag.py:588} INFO - Filling up the DagBag from /home/airflow/.local/lib/python3.12/site-packages/airflow/example_dags/example_kubernetes_executor.py
[2024-12-29T00:06:58.652+0000] {processor.py:925} INFO - DAG(s) 'example_kubernetes_executor' retrieved from /home/airflow/.local/lib/python3.12/site-packages/airflow/example_dags/example_kubernetes_executor.py
[2024-12-29T00:06:58.693+0000] {logging_mixin.py:190} INFO - [2024-12-29T00:06:58.693+0000] {dag.py:3239} INFO - Sync 1 DAGs
[2024-12-29T00:06:58.712+0000] {logging_mixin.py:190} INFO - [2024-12-29T00:06:58.711+0000] {dag.py:4180} INFO - Setting next_dagrun for example_kubernetes_executor to None, run_after=None
[2024-12-29T00:06:58.759+0000] {processor.py:208} INFO - Processing /home/airflow/.local/lib/python3.12/site-packages/airflow/example_dags/example_kubernetes_executor.py took 0.152 seconds
[2024-12-29T00:07:29.244+0000] {processor.py:186} INFO - Started process (PID=558) to work on /home/airflow/.local/lib/python3.12/site-packages/airflow/example_dags/example_kubernetes_executor.py
[2024-12-29T00:07:29.246+0000] {processor.py:914} INFO - Processing file /home/airflow/.local/lib/python3.12/site-packages/airflow/example_dags/example_kubernetes_executor.py for tasks to queue
[2024-12-29T00:07:29.249+0000] {logging_mixin.py:190} INFO - [2024-12-29T00:07:29.248+0000] {dagbag.py:588} INFO - Filling up the DagBag from /home/airflow/.local/lib/python3.12/site-packages/airflow/example_dags/example_kubernetes_executor.py
[2024-12-29T00:07:29.267+0000] {processor.py:925} INFO - DAG(s) 'example_kubernetes_executor' retrieved from /home/airflow/.local/lib/python3.12/site-packages/airflow/example_dags/example_kubernetes_executor.py
[2024-12-29T00:07:29.311+0000] {logging_mixin.py:190} INFO - [2024-12-29T00:07:29.311+0000] {dag.py:3239} INFO - Sync 1 DAGs
[2024-12-29T00:07:29.335+0000] {logging_mixin.py:190} INFO - [2024-12-29T00:07:29.334+0000] {dag.py:4180} INFO - Setting next_dagrun for example_kubernetes_executor to None, run_after=None
[2024-12-29T00:07:29.373+0000] {processor.py:208} INFO - Processing /home/airflow/.local/lib/python3.12/site-packages/airflow/example_dags/example_kubernetes_executor.py took 0.136 seconds
[2024-12-29T00:07:59.771+0000] {processor.py:186} INFO - Started process (PID=622) to work on /home/airflow/.local/lib/python3.12/site-packages/airflow/example_dags/example_kubernetes_executor.py
[2024-12-29T00:07:59.773+0000] {processor.py:914} INFO - Processing file /home/airflow/.local/lib/python3.12/site-packages/airflow/example_dags/example_kubernetes_executor.py for tasks to queue
[2024-12-29T00:07:59.775+0000] {logging_mixin.py:190} INFO - [2024-12-29T00:07:59.775+0000] {dagbag.py:588} INFO - Filling up the DagBag from /home/airflow/.local/lib/python3.12/site-packages/airflow/example_dags/example_kubernetes_executor.py
[2024-12-29T00:07:59.790+0000] {processor.py:925} INFO - DAG(s) 'example_kubernetes_executor' retrieved from /home/airflow/.local/lib/python3.12/site-packages/airflow/example_dags/example_kubernetes_executor.py
[2024-12-29T00:07:59.819+0000] {logging_mixin.py:190} INFO - [2024-12-29T00:07:59.819+0000] {dag.py:3239} INFO - Sync 1 DAGs
[2024-12-29T00:07:59.833+0000] {logging_mixin.py:190} INFO - [2024-12-29T00:07:59.833+0000] {dag.py:4180} INFO - Setting next_dagrun for example_kubernetes_executor to None, run_after=None
[2024-12-29T00:07:59.858+0000] {processor.py:208} INFO - Processing /home/airflow/.local/lib/python3.12/site-packages/airflow/example_dags/example_kubernetes_executor.py took 0.093 seconds
[2024-12-29T00:08:31.097+0000] {processor.py:186} INFO - Started process (PID=685) to work on /home/airflow/.local/lib/python3.12/site-packages/airflow/example_dags/example_kubernetes_executor.py
[2024-12-29T00:08:31.099+0000] {processor.py:914} INFO - Processing file /home/airflow/.local/lib/python3.12/site-packages/airflow/example_dags/example_kubernetes_executor.py for tasks to queue
[2024-12-29T00:08:31.102+0000] {logging_mixin.py:190} INFO - [2024-12-29T00:08:31.101+0000] {dagbag.py:588} INFO - Filling up the DagBag from /home/airflow/.local/lib/python3.12/site-packages/airflow/example_dags/example_kubernetes_executor.py
[2024-12-29T00:08:31.119+0000] {processor.py:925} INFO - DAG(s) 'example_kubernetes_executor' retrieved from /home/airflow/.local/lib/python3.12/site-packages/airflow/example_dags/example_kubernetes_executor.py
[2024-12-29T00:08:31.153+0000] {logging_mixin.py:190} INFO - [2024-12-29T00:08:31.153+0000] {dag.py:3239} INFO - Sync 1 DAGs
[2024-12-29T00:08:31.168+0000] {logging_mixin.py:190} INFO - [2024-12-29T00:08:31.168+0000] {dag.py:4180} INFO - Setting next_dagrun for example_kubernetes_executor to None, run_after=None
[2024-12-29T00:08:31.195+0000] {processor.py:208} INFO - Processing /home/airflow/.local/lib/python3.12/site-packages/airflow/example_dags/example_kubernetes_executor.py took 0.104 seconds
[2024-12-29T00:09:01.970+0000] {processor.py:186} INFO - Started process (PID=749) to work on /home/airflow/.local/lib/python3.12/site-packages/airflow/example_dags/example_kubernetes_executor.py
[2024-12-29T00:09:01.972+0000] {processor.py:914} INFO - Processing file /home/airflow/.local/lib/python3.12/site-packages/airflow/example_dags/example_kubernetes_executor.py for tasks to queue
[2024-12-29T00:09:01.974+0000] {logging_mixin.py:190} INFO - [2024-12-29T00:09:01.974+0000] {dagbag.py:588} INFO - Filling up the DagBag from /home/airflow/.local/lib/python3.12/site-packages/airflow/example_dags/example_kubernetes_executor.py
[2024-12-29T00:09:01.989+0000] {processor.py:925} INFO - DAG(s) 'example_kubernetes_executor' retrieved from /home/airflow/.local/lib/python3.12/site-packages/airflow/example_dags/example_kubernetes_executor.py
[2024-12-29T00:09:02.017+0000] {logging_mixin.py:190} INFO - [2024-12-29T00:09:02.017+0000] {dag.py:3239} INFO - Sync 1 DAGs
[2024-12-29T00:09:02.030+0000] {logging_mixin.py:190} INFO - [2024-12-29T00:09:02.030+0000] {dag.py:4180} INFO - Setting next_dagrun for example_kubernetes_executor to None, run_after=None
[2024-12-29T00:09:02.052+0000] {processor.py:208} INFO - Processing /home/airflow/.local/lib/python3.12/site-packages/airflow/example_dags/example_kubernetes_executor.py took 0.087 seconds
[2024-12-29T00:09:33.188+0000] {processor.py:186} INFO - Started process (PID=813) to work on /home/airflow/.local/lib/python3.12/site-packages/airflow/example_dags/example_kubernetes_executor.py
[2024-12-29T00:09:33.189+0000] {processor.py:914} INFO - Processing file /home/airflow/.local/lib/python3.12/site-packages/airflow/example_dags/example_kubernetes_executor.py for tasks to queue
[2024-12-29T00:09:33.191+0000] {logging_mixin.py:190} INFO - [2024-12-29T00:09:33.191+0000] {dagbag.py:588} INFO - Filling up the DagBag from /home/airflow/.local/lib/python3.12/site-packages/airflow/example_dags/example_kubernetes_executor.py
[2024-12-29T00:09:33.204+0000] {processor.py:925} INFO - DAG(s) 'example_kubernetes_executor' retrieved from /home/airflow/.local/lib/python3.12/site-packages/airflow/example_dags/example_kubernetes_executor.py
[2024-12-29T00:09:33.230+0000] {logging_mixin.py:190} INFO - [2024-12-29T00:09:33.230+0000] {dag.py:3239} INFO - Sync 1 DAGs
[2024-12-29T00:09:33.245+0000] {logging_mixin.py:190} INFO - [2024-12-29T00:09:33.245+0000] {dag.py:4180} INFO - Setting next_dagrun for example_kubernetes_executor to None, run_after=None
[2024-12-29T00:09:33.268+0000] {processor.py:208} INFO - Processing /home/airflow/.local/lib/python3.12/site-packages/airflow/example_dags/example_kubernetes_executor.py took 0.085 seconds
[2024-12-29T00:10:04.590+0000] {processor.py:186} INFO - Started process (PID=877) to work on /home/airflow/.local/lib/python3.12/site-packages/airflow/example_dags/example_kubernetes_executor.py
[2024-12-29T00:10:04.591+0000] {processor.py:914} INFO - Processing file /home/airflow/.local/lib/python3.12/site-packages/airflow/example_dags/example_kubernetes_executor.py for tasks to queue
[2024-12-29T00:10:04.594+0000] {logging_mixin.py:190} INFO - [2024-12-29T00:10:04.593+0000] {dagbag.py:588} INFO - Filling up the DagBag from /home/airflow/.local/lib/python3.12/site-packages/airflow/example_dags/example_kubernetes_executor.py
[2024-12-29T00:10:04.611+0000] {processor.py:925} INFO - DAG(s) 'example_kubernetes_executor' retrieved from /home/airflow/.local/lib/python3.12/site-packages/airflow/example_dags/example_kubernetes_executor.py
[2024-12-29T00:10:04.646+0000] {logging_mixin.py:190} INFO - [2024-12-29T00:10:04.645+0000] {dag.py:3239} INFO - Sync 1 DAGs
[2024-12-29T00:10:04.663+0000] {logging_mixin.py:190} INFO - [2024-12-29T00:10:04.662+0000] {dag.py:4180} INFO - Setting next_dagrun for example_kubernetes_executor to None, run_after=None
[2024-12-29T00:10:04.692+0000] {processor.py:208} INFO - Processing /home/airflow/.local/lib/python3.12/site-packages/airflow/example_dags/example_kubernetes_executor.py took 0.108 seconds
[2024-12-29T00:10:35.687+0000] {processor.py:186} INFO - Started process (PID=941) to work on /home/airflow/.local/lib/python3.12/site-packages/airflow/example_dags/example_kubernetes_executor.py
[2024-12-29T00:10:35.689+0000] {processor.py:914} INFO - Processing file /home/airflow/.local/lib/python3.12/site-packages/airflow/example_dags/example_kubernetes_executor.py for tasks to queue
[2024-12-29T00:10:35.691+0000] {logging_mixin.py:190} INFO - [2024-12-29T00:10:35.691+0000] {dagbag.py:588} INFO - Filling up the DagBag from /home/airflow/.local/lib/python3.12/site-packages/airflow/example_dags/example_kubernetes_executor.py
[2024-12-29T00:10:35.727+0000] {processor.py:925} INFO - DAG(s) 'example_kubernetes_executor' retrieved from /home/airflow/.local/lib/python3.12/site-packages/airflow/example_dags/example_kubernetes_executor.py
[2024-12-29T00:10:35.769+0000] {logging_mixin.py:190} INFO - [2024-12-29T00:10:35.769+0000] {dag.py:3239} INFO - Sync 1 DAGs
[2024-12-29T00:10:35.790+0000] {logging_mixin.py:190} INFO - [2024-12-29T00:10:35.789+0000] {dag.py:4180} INFO - Setting next_dagrun for example_kubernetes_executor to None, run_after=None
[2024-12-29T00:10:35.820+0000] {processor.py:208} INFO - Processing /home/airflow/.local/lib/python3.12/site-packages/airflow/example_dags/example_kubernetes_executor.py took 0.139 seconds
[2024-12-29T00:11:07.218+0000] {processor.py:186} INFO - Started process (PID=1005) to work on /home/airflow/.local/lib/python3.12/site-packages/airflow/example_dags/example_kubernetes_executor.py
[2024-12-29T00:11:07.221+0000] {processor.py:914} INFO - Processing file /home/airflow/.local/lib/python3.12/site-packages/airflow/example_dags/example_kubernetes_executor.py for tasks to queue
[2024-12-29T00:11:07.226+0000] {logging_mixin.py:190} INFO - [2024-12-29T00:11:07.225+0000] {dagbag.py:588} INFO - Filling up the DagBag from /home/airflow/.local/lib/python3.12/site-packages/airflow/example_dags/example_kubernetes_executor.py
[2024-12-29T00:11:07.251+0000] {processor.py:925} INFO - DAG(s) 'example_kubernetes_executor' retrieved from /home/airflow/.local/lib/python3.12/site-packages/airflow/example_dags/example_kubernetes_executor.py
[2024-12-29T00:11:07.292+0000] {logging_mixin.py:190} INFO - [2024-12-29T00:11:07.291+0000] {dag.py:3239} INFO - Sync 1 DAGs
[2024-12-29T00:11:07.312+0000] {logging_mixin.py:190} INFO - [2024-12-29T00:11:07.312+0000] {dag.py:4180} INFO - Setting next_dagrun for example_kubernetes_executor to None, run_after=None
[2024-12-29T00:11:07.345+0000] {processor.py:208} INFO - Processing /home/airflow/.local/lib/python3.12/site-packages/airflow/example_dags/example_kubernetes_executor.py took 0.135 seconds
[2024-12-29T00:11:39.453+0000] {processor.py:186} INFO - Started process (PID=1069) to work on /home/airflow/.local/lib/python3.12/site-packages/airflow/example_dags/example_kubernetes_executor.py
[2024-12-29T00:11:39.455+0000] {processor.py:914} INFO - Processing file /home/airflow/.local/lib/python3.12/site-packages/airflow/example_dags/example_kubernetes_executor.py for tasks to queue
[2024-12-29T00:11:39.458+0000] {logging_mixin.py:190} INFO - [2024-12-29T00:11:39.458+0000] {dagbag.py:588} INFO - Filling up the DagBag from /home/airflow/.local/lib/python3.12/site-packages/airflow/example_dags/example_kubernetes_executor.py
[2024-12-29T00:11:39.476+0000] {processor.py:925} INFO - DAG(s) 'example_kubernetes_executor' retrieved from /home/airflow/.local/lib/python3.12/site-packages/airflow/example_dags/example_kubernetes_executor.py
[2024-12-29T00:11:39.510+0000] {logging_mixin.py:190} INFO - [2024-12-29T00:11:39.510+0000] {dag.py:3239} INFO - Sync 1 DAGs
[2024-12-29T00:11:39.526+0000] {logging_mixin.py:190} INFO - [2024-12-29T00:11:39.525+0000] {dag.py:4180} INFO - Setting next_dagrun for example_kubernetes_executor to None, run_after=None
[2024-12-29T00:11:39.552+0000] {processor.py:208} INFO - Processing /home/airflow/.local/lib/python3.12/site-packages/airflow/example_dags/example_kubernetes_executor.py took 0.105 seconds
[2024-12-29T00:12:10.937+0000] {processor.py:186} INFO - Started process (PID=1133) to work on /home/airflow/.local/lib/python3.12/site-packages/airflow/example_dags/example_kubernetes_executor.py
[2024-12-29T00:12:10.939+0000] {processor.py:914} INFO - Processing file /home/airflow/.local/lib/python3.12/site-packages/airflow/example_dags/example_kubernetes_executor.py for tasks to queue
[2024-12-29T00:12:10.942+0000] {logging_mixin.py:190} INFO - [2024-12-29T00:12:10.941+0000] {dagbag.py:588} INFO - Filling up the DagBag from /home/airflow/.local/lib/python3.12/site-packages/airflow/example_dags/example_kubernetes_executor.py
[2024-12-29T00:12:10.960+0000] {processor.py:925} INFO - DAG(s) 'example_kubernetes_executor' retrieved from /home/airflow/.local/lib/python3.12/site-packages/airflow/example_dags/example_kubernetes_executor.py
[2024-12-29T00:12:11.000+0000] {logging_mixin.py:190} INFO - [2024-12-29T00:12:10.999+0000] {dag.py:3239} INFO - Sync 1 DAGs
[2024-12-29T00:12:11.016+0000] {logging_mixin.py:190} INFO - [2024-12-29T00:12:11.016+0000] {dag.py:4180} INFO - Setting next_dagrun for example_kubernetes_executor to None, run_after=None
[2024-12-29T00:12:11.046+0000] {processor.py:208} INFO - Processing /home/airflow/.local/lib/python3.12/site-packages/airflow/example_dags/example_kubernetes_executor.py took 0.115 seconds
[2024-12-29T00:12:42.846+0000] {processor.py:186} INFO - Started process (PID=1197) to work on /home/airflow/.local/lib/python3.12/site-packages/airflow/example_dags/example_kubernetes_executor.py
[2024-12-29T00:12:42.848+0000] {processor.py:914} INFO - Processing file /home/airflow/.local/lib/python3.12/site-packages/airflow/example_dags/example_kubernetes_executor.py for tasks to queue
[2024-12-29T00:12:42.851+0000] {logging_mixin.py:190} INFO - [2024-12-29T00:12:42.851+0000] {dagbag.py:588} INFO - Filling up the DagBag from /home/airflow/.local/lib/python3.12/site-packages/airflow/example_dags/example_kubernetes_executor.py
[2024-12-29T00:12:42.874+0000] {processor.py:925} INFO - DAG(s) 'example_kubernetes_executor' retrieved from /home/airflow/.local/lib/python3.12/site-packages/airflow/example_dags/example_kubernetes_executor.py
[2024-12-29T00:12:42.919+0000] {logging_mixin.py:190} INFO - [2024-12-29T00:12:42.918+0000] {dag.py:3239} INFO - Sync 1 DAGs
[2024-12-29T00:12:42.942+0000] {logging_mixin.py:190} INFO - [2024-12-29T00:12:42.942+0000] {dag.py:4180} INFO - Setting next_dagrun for example_kubernetes_executor to None, run_after=None
[2024-12-29T00:12:42.982+0000] {processor.py:208} INFO - Processing /home/airflow/.local/lib/python3.12/site-packages/airflow/example_dags/example_kubernetes_executor.py took 0.145 seconds
[2024-12-29T00:13:20.400+0000] {processor.py:186} INFO - Started process (PID=1269) to work on /home/airflow/.local/lib/python3.12/site-packages/airflow/example_dags/example_kubernetes_executor.py
[2024-12-29T00:13:20.402+0000] {processor.py:914} INFO - Processing file /home/airflow/.local/lib/python3.12/site-packages/airflow/example_dags/example_kubernetes_executor.py for tasks to queue
[2024-12-29T00:13:20.405+0000] {logging_mixin.py:190} INFO - [2024-12-29T00:13:20.405+0000] {dagbag.py:588} INFO - Filling up the DagBag from /home/airflow/.local/lib/python3.12/site-packages/airflow/example_dags/example_kubernetes_executor.py
[2024-12-29T00:13:20.430+0000] {processor.py:925} INFO - DAG(s) 'example_kubernetes_executor' retrieved from /home/airflow/.local/lib/python3.12/site-packages/airflow/example_dags/example_kubernetes_executor.py
[2024-12-29T00:13:20.477+0000] {logging_mixin.py:190} INFO - [2024-12-29T00:13:20.477+0000] {dag.py:3239} INFO - Sync 1 DAGs
[2024-12-29T00:13:20.507+0000] {logging_mixin.py:190} INFO - [2024-12-29T00:13:20.506+0000] {dag.py:4180} INFO - Setting next_dagrun for example_kubernetes_executor to None, run_after=None
[2024-12-29T00:13:20.543+0000] {processor.py:208} INFO - Processing /home/airflow/.local/lib/python3.12/site-packages/airflow/example_dags/example_kubernetes_executor.py took 0.154 seconds
[2024-12-29T00:13:50.783+0000] {processor.py:186} INFO - Started process (PID=1334) to work on /home/airflow/.local/lib/python3.12/site-packages/airflow/example_dags/example_kubernetes_executor.py
[2024-12-29T00:13:50.785+0000] {processor.py:914} INFO - Processing file /home/airflow/.local/lib/python3.12/site-packages/airflow/example_dags/example_kubernetes_executor.py for tasks to queue
[2024-12-29T00:13:50.788+0000] {logging_mixin.py:190} INFO - [2024-12-29T00:13:50.788+0000] {dagbag.py:588} INFO - Filling up the DagBag from /home/airflow/.local/lib/python3.12/site-packages/airflow/example_dags/example_kubernetes_executor.py
[2024-12-29T00:13:50.810+0000] {processor.py:925} INFO - DAG(s) 'example_kubernetes_executor' retrieved from /home/airflow/.local/lib/python3.12/site-packages/airflow/example_dags/example_kubernetes_executor.py
[2024-12-29T00:13:50.856+0000] {logging_mixin.py:190} INFO - [2024-12-29T00:13:50.856+0000] {dag.py:3239} INFO - Sync 1 DAGs
[2024-12-29T00:13:50.884+0000] {logging_mixin.py:190} INFO - [2024-12-29T00:13:50.883+0000] {dag.py:4180} INFO - Setting next_dagrun for example_kubernetes_executor to None, run_after=None
[2024-12-29T00:13:50.920+0000] {processor.py:208} INFO - Processing /home/airflow/.local/lib/python3.12/site-packages/airflow/example_dags/example_kubernetes_executor.py took 0.144 seconds
[2024-12-29T00:14:21.909+0000] {processor.py:186} INFO - Started process (PID=1399) to work on /home/airflow/.local/lib/python3.12/site-packages/airflow/example_dags/example_kubernetes_executor.py
[2024-12-29T00:14:21.911+0000] {processor.py:914} INFO - Processing file /home/airflow/.local/lib/python3.12/site-packages/airflow/example_dags/example_kubernetes_executor.py for tasks to queue
[2024-12-29T00:14:21.913+0000] {logging_mixin.py:190} INFO - [2024-12-29T00:14:21.913+0000] {dagbag.py:588} INFO - Filling up the DagBag from /home/airflow/.local/lib/python3.12/site-packages/airflow/example_dags/example_kubernetes_executor.py
[2024-12-29T00:14:21.927+0000] {processor.py:925} INFO - DAG(s) 'example_kubernetes_executor' retrieved from /home/airflow/.local/lib/python3.12/site-packages/airflow/example_dags/example_kubernetes_executor.py
[2024-12-29T00:14:21.957+0000] {logging_mixin.py:190} INFO - [2024-12-29T00:14:21.957+0000] {dag.py:3239} INFO - Sync 1 DAGs
[2024-12-29T00:14:21.971+0000] {logging_mixin.py:190} INFO - [2024-12-29T00:14:21.971+0000] {dag.py:4180} INFO - Setting next_dagrun for example_kubernetes_executor to None, run_after=None
[2024-12-29T00:14:22.002+0000] {processor.py:208} INFO - Processing /home/airflow/.local/lib/python3.12/site-packages/airflow/example_dags/example_kubernetes_executor.py took 0.098 seconds
[2024-12-29T00:14:53.575+0000] {processor.py:186} INFO - Started process (PID=1464) to work on /home/airflow/.local/lib/python3.12/site-packages/airflow/example_dags/example_kubernetes_executor.py
[2024-12-29T00:14:53.577+0000] {processor.py:914} INFO - Processing file /home/airflow/.local/lib/python3.12/site-packages/airflow/example_dags/example_kubernetes_executor.py for tasks to queue
[2024-12-29T00:14:53.580+0000] {logging_mixin.py:190} INFO - [2024-12-29T00:14:53.580+0000] {dagbag.py:588} INFO - Filling up the DagBag from /home/airflow/.local/lib/python3.12/site-packages/airflow/example_dags/example_kubernetes_executor.py
[2024-12-29T00:14:53.599+0000] {processor.py:925} INFO - DAG(s) 'example_kubernetes_executor' retrieved from /home/airflow/.local/lib/python3.12/site-packages/airflow/example_dags/example_kubernetes_executor.py
[2024-12-29T00:14:53.638+0000] {logging_mixin.py:190} INFO - [2024-12-29T00:14:53.638+0000] {dag.py:3239} INFO - Sync 1 DAGs
[2024-12-29T00:14:53.658+0000] {logging_mixin.py:190} INFO - [2024-12-29T00:14:53.658+0000] {dag.py:4180} INFO - Setting next_dagrun for example_kubernetes_executor to None, run_after=None
[2024-12-29T00:14:53.690+0000] {processor.py:208} INFO - Processing /home/airflow/.local/lib/python3.12/site-packages/airflow/example_dags/example_kubernetes_executor.py took 0.122 seconds
[2024-12-29T00:15:24.994+0000] {processor.py:186} INFO - Started process (PID=1531) to work on /home/airflow/.local/lib/python3.12/site-packages/airflow/example_dags/example_kubernetes_executor.py
[2024-12-29T00:15:24.996+0000] {processor.py:914} INFO - Processing file /home/airflow/.local/lib/python3.12/site-packages/airflow/example_dags/example_kubernetes_executor.py for tasks to queue
[2024-12-29T00:15:24.999+0000] {logging_mixin.py:190} INFO - [2024-12-29T00:15:24.998+0000] {dagbag.py:588} INFO - Filling up the DagBag from /home/airflow/.local/lib/python3.12/site-packages/airflow/example_dags/example_kubernetes_executor.py
[2024-12-29T00:15:25.019+0000] {processor.py:925} INFO - DAG(s) 'example_kubernetes_executor' retrieved from /home/airflow/.local/lib/python3.12/site-packages/airflow/example_dags/example_kubernetes_executor.py
[2024-12-29T00:15:25.061+0000] {logging_mixin.py:190} INFO - [2024-12-29T00:15:25.060+0000] {dag.py:3239} INFO - Sync 1 DAGs
[2024-12-29T00:15:25.081+0000] {logging_mixin.py:190} INFO - [2024-12-29T00:15:25.080+0000] {dag.py:4180} INFO - Setting next_dagrun for example_kubernetes_executor to None, run_after=None
[2024-12-29T00:15:25.113+0000] {processor.py:208} INFO - Processing /home/airflow/.local/lib/python3.12/site-packages/airflow/example_dags/example_kubernetes_executor.py took 0.126 seconds
[2024-12-29T00:15:58.003+0000] {processor.py:186} INFO - Started process (PID=1596) to work on /home/airflow/.local/lib/python3.12/site-packages/airflow/example_dags/example_kubernetes_executor.py
[2024-12-29T00:15:58.004+0000] {processor.py:914} INFO - Processing file /home/airflow/.local/lib/python3.12/site-packages/airflow/example_dags/example_kubernetes_executor.py for tasks to queue
[2024-12-29T00:15:58.008+0000] {logging_mixin.py:190} INFO - [2024-12-29T00:15:58.007+0000] {dagbag.py:588} INFO - Filling up the DagBag from /home/airflow/.local/lib/python3.12/site-packages/airflow/example_dags/example_kubernetes_executor.py
[2024-12-29T00:15:58.027+0000] {processor.py:925} INFO - DAG(s) 'example_kubernetes_executor' retrieved from /home/airflow/.local/lib/python3.12/site-packages/airflow/example_dags/example_kubernetes_executor.py
[2024-12-29T00:15:58.064+0000] {logging_mixin.py:190} INFO - [2024-12-29T00:15:58.064+0000] {dag.py:3239} INFO - Sync 1 DAGs
[2024-12-29T00:15:58.080+0000] {logging_mixin.py:190} INFO - [2024-12-29T00:15:58.079+0000] {dag.py:4180} INFO - Setting next_dagrun for example_kubernetes_executor to None, run_after=None
[2024-12-29T00:15:58.107+0000] {processor.py:208} INFO - Processing /home/airflow/.local/lib/python3.12/site-packages/airflow/example_dags/example_kubernetes_executor.py took 0.111 seconds
[2024-12-29T00:16:30.047+0000] {processor.py:186} INFO - Started process (PID=1662) to work on /home/airflow/.local/lib/python3.12/site-packages/airflow/example_dags/example_kubernetes_executor.py
[2024-12-29T00:16:30.048+0000] {processor.py:914} INFO - Processing file /home/airflow/.local/lib/python3.12/site-packages/airflow/example_dags/example_kubernetes_executor.py for tasks to queue
[2024-12-29T00:16:30.051+0000] {logging_mixin.py:190} INFO - [2024-12-29T00:16:30.051+0000] {dagbag.py:588} INFO - Filling up the DagBag from /home/airflow/.local/lib/python3.12/site-packages/airflow/example_dags/example_kubernetes_executor.py
[2024-12-29T00:16:30.067+0000] {processor.py:925} INFO - DAG(s) 'example_kubernetes_executor' retrieved from /home/airflow/.local/lib/python3.12/site-packages/airflow/example_dags/example_kubernetes_executor.py
[2024-12-29T00:16:30.100+0000] {logging_mixin.py:190} INFO - [2024-12-29T00:16:30.099+0000] {dag.py:3239} INFO - Sync 1 DAGs
[2024-12-29T00:16:30.115+0000] {logging_mixin.py:190} INFO - [2024-12-29T00:16:30.115+0000] {dag.py:4180} INFO - Setting next_dagrun for example_kubernetes_executor to None, run_after=None
[2024-12-29T00:16:30.141+0000] {processor.py:208} INFO - Processing /home/airflow/.local/lib/python3.12/site-packages/airflow/example_dags/example_kubernetes_executor.py took 0.100 seconds
[2024-12-29T00:17:02.726+0000] {processor.py:186} INFO - Started process (PID=1727) to work on /home/airflow/.local/lib/python3.12/site-packages/airflow/example_dags/example_kubernetes_executor.py
[2024-12-29T00:17:02.728+0000] {processor.py:914} INFO - Processing file /home/airflow/.local/lib/python3.12/site-packages/airflow/example_dags/example_kubernetes_executor.py for tasks to queue
[2024-12-29T00:17:02.731+0000] {logging_mixin.py:190} INFO - [2024-12-29T00:17:02.731+0000] {dagbag.py:588} INFO - Filling up the DagBag from /home/airflow/.local/lib/python3.12/site-packages/airflow/example_dags/example_kubernetes_executor.py
[2024-12-29T00:17:02.750+0000] {processor.py:925} INFO - DAG(s) 'example_kubernetes_executor' retrieved from /home/airflow/.local/lib/python3.12/site-packages/airflow/example_dags/example_kubernetes_executor.py
[2024-12-29T00:17:02.790+0000] {logging_mixin.py:190} INFO - [2024-12-29T00:17:02.790+0000] {dag.py:3239} INFO - Sync 1 DAGs
[2024-12-29T00:17:02.808+0000] {logging_mixin.py:190} INFO - [2024-12-29T00:17:02.807+0000] {dag.py:4180} INFO - Setting next_dagrun for example_kubernetes_executor to None, run_after=None
[2024-12-29T00:17:02.835+0000] {processor.py:208} INFO - Processing /home/airflow/.local/lib/python3.12/site-packages/airflow/example_dags/example_kubernetes_executor.py took 0.116 seconds
[2024-12-29T00:19:58.752+0000] {processor.py:186} INFO - Started process (PID=108) to work on /home/airflow/.local/lib/python3.12/site-packages/airflow/example_dags/example_kubernetes_executor.py
[2024-12-29T00:19:58.754+0000] {processor.py:914} INFO - Processing file /home/airflow/.local/lib/python3.12/site-packages/airflow/example_dags/example_kubernetes_executor.py for tasks to queue
[2024-12-29T00:19:58.756+0000] {logging_mixin.py:190} INFO - [2024-12-29T00:19:58.756+0000] {dagbag.py:588} INFO - Filling up the DagBag from /home/airflow/.local/lib/python3.12/site-packages/airflow/example_dags/example_kubernetes_executor.py
[2024-12-29T00:19:58.774+0000] {processor.py:925} INFO - DAG(s) 'example_kubernetes_executor' retrieved from /home/airflow/.local/lib/python3.12/site-packages/airflow/example_dags/example_kubernetes_executor.py
[2024-12-29T00:19:58.808+0000] {logging_mixin.py:190} INFO - [2024-12-29T00:19:58.808+0000] {dag.py:3239} INFO - Sync 1 DAGs
[2024-12-29T00:19:58.827+0000] {logging_mixin.py:190} INFO - [2024-12-29T00:19:58.827+0000] {dag.py:4180} INFO - Setting next_dagrun for example_kubernetes_executor to None, run_after=None
[2024-12-29T00:19:58.863+0000] {processor.py:208} INFO - Processing /home/airflow/.local/lib/python3.12/site-packages/airflow/example_dags/example_kubernetes_executor.py took 0.118 seconds
[2024-12-29T00:20:31.477+0000] {processor.py:186} INFO - Started process (PID=173) to work on /home/airflow/.local/lib/python3.12/site-packages/airflow/example_dags/example_kubernetes_executor.py
[2024-12-29T00:20:31.479+0000] {processor.py:914} INFO - Processing file /home/airflow/.local/lib/python3.12/site-packages/airflow/example_dags/example_kubernetes_executor.py for tasks to queue
[2024-12-29T00:20:31.482+0000] {logging_mixin.py:190} INFO - [2024-12-29T00:20:31.481+0000] {dagbag.py:588} INFO - Filling up the DagBag from /home/airflow/.local/lib/python3.12/site-packages/airflow/example_dags/example_kubernetes_executor.py
[2024-12-29T00:20:31.496+0000] {processor.py:925} INFO - DAG(s) 'example_kubernetes_executor' retrieved from /home/airflow/.local/lib/python3.12/site-packages/airflow/example_dags/example_kubernetes_executor.py
[2024-12-29T00:20:31.526+0000] {logging_mixin.py:190} INFO - [2024-12-29T00:20:31.526+0000] {dag.py:3239} INFO - Sync 1 DAGs
[2024-12-29T00:20:31.544+0000] {logging_mixin.py:190} INFO - [2024-12-29T00:20:31.544+0000] {dag.py:4180} INFO - Setting next_dagrun for example_kubernetes_executor to None, run_after=None
[2024-12-29T00:20:31.570+0000] {processor.py:208} INFO - Processing /home/airflow/.local/lib/python3.12/site-packages/airflow/example_dags/example_kubernetes_executor.py took 0.099 seconds
[2024-12-29T00:21:02.989+0000] {processor.py:186} INFO - Started process (PID=238) to work on /home/airflow/.local/lib/python3.12/site-packages/airflow/example_dags/example_kubernetes_executor.py
[2024-12-29T00:21:02.991+0000] {processor.py:914} INFO - Processing file /home/airflow/.local/lib/python3.12/site-packages/airflow/example_dags/example_kubernetes_executor.py for tasks to queue
[2024-12-29T00:21:02.994+0000] {logging_mixin.py:190} INFO - [2024-12-29T00:21:02.993+0000] {dagbag.py:588} INFO - Filling up the DagBag from /home/airflow/.local/lib/python3.12/site-packages/airflow/example_dags/example_kubernetes_executor.py
[2024-12-29T00:21:03.013+0000] {processor.py:925} INFO - DAG(s) 'example_kubernetes_executor' retrieved from /home/airflow/.local/lib/python3.12/site-packages/airflow/example_dags/example_kubernetes_executor.py
[2024-12-29T00:21:03.055+0000] {logging_mixin.py:190} INFO - [2024-12-29T00:21:03.055+0000] {dag.py:3239} INFO - Sync 1 DAGs
[2024-12-29T00:21:03.077+0000] {logging_mixin.py:190} INFO - [2024-12-29T00:21:03.076+0000] {dag.py:4180} INFO - Setting next_dagrun for example_kubernetes_executor to None, run_after=None
[2024-12-29T00:21:03.109+0000] {processor.py:208} INFO - Processing /home/airflow/.local/lib/python3.12/site-packages/airflow/example_dags/example_kubernetes_executor.py took 0.127 seconds
[2024-12-29T00:21:34.653+0000] {processor.py:186} INFO - Started process (PID=303) to work on /home/airflow/.local/lib/python3.12/site-packages/airflow/example_dags/example_kubernetes_executor.py
[2024-12-29T00:21:34.656+0000] {processor.py:914} INFO - Processing file /home/airflow/.local/lib/python3.12/site-packages/airflow/example_dags/example_kubernetes_executor.py for tasks to queue
[2024-12-29T00:21:34.659+0000] {logging_mixin.py:190} INFO - [2024-12-29T00:21:34.658+0000] {dagbag.py:588} INFO - Filling up the DagBag from /home/airflow/.local/lib/python3.12/site-packages/airflow/example_dags/example_kubernetes_executor.py
[2024-12-29T00:21:34.676+0000] {processor.py:925} INFO - DAG(s) 'example_kubernetes_executor' retrieved from /home/airflow/.local/lib/python3.12/site-packages/airflow/example_dags/example_kubernetes_executor.py
[2024-12-29T00:21:34.712+0000] {logging_mixin.py:190} INFO - [2024-12-29T00:21:34.712+0000] {dag.py:3239} INFO - Sync 1 DAGs
[2024-12-29T00:21:34.731+0000] {logging_mixin.py:190} INFO - [2024-12-29T00:21:34.730+0000] {dag.py:4180} INFO - Setting next_dagrun for example_kubernetes_executor to None, run_after=None
[2024-12-29T00:21:34.760+0000] {processor.py:208} INFO - Processing /home/airflow/.local/lib/python3.12/site-packages/airflow/example_dags/example_kubernetes_executor.py took 0.116 seconds
[2024-12-29T00:22:06.297+0000] {processor.py:186} INFO - Started process (PID=368) to work on /home/airflow/.local/lib/python3.12/site-packages/airflow/example_dags/example_kubernetes_executor.py
[2024-12-29T00:22:06.304+0000] {processor.py:914} INFO - Processing file /home/airflow/.local/lib/python3.12/site-packages/airflow/example_dags/example_kubernetes_executor.py for tasks to queue
[2024-12-29T00:22:06.306+0000] {logging_mixin.py:190} INFO - [2024-12-29T00:22:06.306+0000] {dagbag.py:588} INFO - Filling up the DagBag from /home/airflow/.local/lib/python3.12/site-packages/airflow/example_dags/example_kubernetes_executor.py
[2024-12-29T00:22:06.322+0000] {processor.py:925} INFO - DAG(s) 'example_kubernetes_executor' retrieved from /home/airflow/.local/lib/python3.12/site-packages/airflow/example_dags/example_kubernetes_executor.py
[2024-12-29T00:22:06.357+0000] {logging_mixin.py:190} INFO - [2024-12-29T00:22:06.357+0000] {dag.py:3239} INFO - Sync 1 DAGs
[2024-12-29T00:22:06.377+0000] {logging_mixin.py:190} INFO - [2024-12-29T00:22:06.376+0000] {dag.py:4180} INFO - Setting next_dagrun for example_kubernetes_executor to None, run_after=None
[2024-12-29T00:22:06.421+0000] {processor.py:208} INFO - Processing /home/airflow/.local/lib/python3.12/site-packages/airflow/example_dags/example_kubernetes_executor.py took 0.131 seconds
[2024-12-29T00:22:37.550+0000] {processor.py:186} INFO - Started process (PID=433) to work on /home/airflow/.local/lib/python3.12/site-packages/airflow/example_dags/example_kubernetes_executor.py
[2024-12-29T00:22:37.551+0000] {processor.py:914} INFO - Processing file /home/airflow/.local/lib/python3.12/site-packages/airflow/example_dags/example_kubernetes_executor.py for tasks to queue
[2024-12-29T00:22:37.553+0000] {logging_mixin.py:190} INFO - [2024-12-29T00:22:37.553+0000] {dagbag.py:588} INFO - Filling up the DagBag from /home/airflow/.local/lib/python3.12/site-packages/airflow/example_dags/example_kubernetes_executor.py
[2024-12-29T00:22:37.567+0000] {processor.py:925} INFO - DAG(s) 'example_kubernetes_executor' retrieved from /home/airflow/.local/lib/python3.12/site-packages/airflow/example_dags/example_kubernetes_executor.py
[2024-12-29T00:22:37.598+0000] {logging_mixin.py:190} INFO - [2024-12-29T00:22:37.597+0000] {dag.py:3239} INFO - Sync 1 DAGs
[2024-12-29T00:22:37.611+0000] {logging_mixin.py:190} INFO - [2024-12-29T00:22:37.611+0000] {dag.py:4180} INFO - Setting next_dagrun for example_kubernetes_executor to None, run_after=None
[2024-12-29T00:22:37.633+0000] {processor.py:208} INFO - Processing /home/airflow/.local/lib/python3.12/site-packages/airflow/example_dags/example_kubernetes_executor.py took 0.089 seconds
[2024-12-29T00:23:10.153+0000] {processor.py:186} INFO - Started process (PID=504) to work on /home/airflow/.local/lib/python3.12/site-packages/airflow/example_dags/example_kubernetes_executor.py
[2024-12-29T00:23:10.155+0000] {processor.py:914} INFO - Processing file /home/airflow/.local/lib/python3.12/site-packages/airflow/example_dags/example_kubernetes_executor.py for tasks to queue
[2024-12-29T00:23:10.158+0000] {logging_mixin.py:190} INFO - [2024-12-29T00:23:10.157+0000] {dagbag.py:588} INFO - Filling up the DagBag from /home/airflow/.local/lib/python3.12/site-packages/airflow/example_dags/example_kubernetes_executor.py
[2024-12-29T00:23:10.186+0000] {processor.py:925} INFO - DAG(s) 'example_kubernetes_executor' retrieved from /home/airflow/.local/lib/python3.12/site-packages/airflow/example_dags/example_kubernetes_executor.py
[2024-12-29T00:23:10.223+0000] {logging_mixin.py:190} INFO - [2024-12-29T00:23:10.222+0000] {dag.py:3239} INFO - Sync 1 DAGs
[2024-12-29T00:23:10.243+0000] {logging_mixin.py:190} INFO - [2024-12-29T00:23:10.242+0000] {dag.py:4180} INFO - Setting next_dagrun for example_kubernetes_executor to None, run_after=None
[2024-12-29T00:23:10.270+0000] {processor.py:208} INFO - Processing /home/airflow/.local/lib/python3.12/site-packages/airflow/example_dags/example_kubernetes_executor.py took 0.125 seconds
[2024-12-29T00:23:40.689+0000] {processor.py:186} INFO - Started process (PID=570) to work on /home/airflow/.local/lib/python3.12/site-packages/airflow/example_dags/example_kubernetes_executor.py
[2024-12-29T00:23:40.690+0000] {processor.py:914} INFO - Processing file /home/airflow/.local/lib/python3.12/site-packages/airflow/example_dags/example_kubernetes_executor.py for tasks to queue
[2024-12-29T00:23:40.693+0000] {logging_mixin.py:190} INFO - [2024-12-29T00:23:40.692+0000] {dagbag.py:588} INFO - Filling up the DagBag from /home/airflow/.local/lib/python3.12/site-packages/airflow/example_dags/example_kubernetes_executor.py
[2024-12-29T00:23:40.709+0000] {processor.py:925} INFO - DAG(s) 'example_kubernetes_executor' retrieved from /home/airflow/.local/lib/python3.12/site-packages/airflow/example_dags/example_kubernetes_executor.py
[2024-12-29T00:23:40.741+0000] {logging_mixin.py:190} INFO - [2024-12-29T00:23:40.740+0000] {dag.py:3239} INFO - Sync 1 DAGs
[2024-12-29T00:23:40.757+0000] {logging_mixin.py:190} INFO - [2024-12-29T00:23:40.756+0000] {dag.py:4180} INFO - Setting next_dagrun for example_kubernetes_executor to None, run_after=None
[2024-12-29T00:23:40.783+0000] {processor.py:208} INFO - Processing /home/airflow/.local/lib/python3.12/site-packages/airflow/example_dags/example_kubernetes_executor.py took 0.100 seconds
[2024-12-29T00:24:11.996+0000] {processor.py:186} INFO - Started process (PID=635) to work on /home/airflow/.local/lib/python3.12/site-packages/airflow/example_dags/example_kubernetes_executor.py
[2024-12-29T00:24:11.998+0000] {processor.py:914} INFO - Processing file /home/airflow/.local/lib/python3.12/site-packages/airflow/example_dags/example_kubernetes_executor.py for tasks to queue
[2024-12-29T00:24:12.001+0000] {logging_mixin.py:190} INFO - [2024-12-29T00:24:12.001+0000] {dagbag.py:588} INFO - Filling up the DagBag from /home/airflow/.local/lib/python3.12/site-packages/airflow/example_dags/example_kubernetes_executor.py
[2024-12-29T00:24:12.019+0000] {processor.py:925} INFO - DAG(s) 'example_kubernetes_executor' retrieved from /home/airflow/.local/lib/python3.12/site-packages/airflow/example_dags/example_kubernetes_executor.py
[2024-12-29T00:24:12.056+0000] {logging_mixin.py:190} INFO - [2024-12-29T00:24:12.055+0000] {dag.py:3239} INFO - Sync 1 DAGs
[2024-12-29T00:24:12.075+0000] {logging_mixin.py:190} INFO - [2024-12-29T00:24:12.075+0000] {dag.py:4180} INFO - Setting next_dagrun for example_kubernetes_executor to None, run_after=None
[2024-12-29T00:24:12.102+0000] {processor.py:208} INFO - Processing /home/airflow/.local/lib/python3.12/site-packages/airflow/example_dags/example_kubernetes_executor.py took 0.112 seconds
[2024-12-29T00:24:42.740+0000] {processor.py:186} INFO - Started process (PID=700) to work on /home/airflow/.local/lib/python3.12/site-packages/airflow/example_dags/example_kubernetes_executor.py
[2024-12-29T00:24:42.742+0000] {processor.py:914} INFO - Processing file /home/airflow/.local/lib/python3.12/site-packages/airflow/example_dags/example_kubernetes_executor.py for tasks to queue
[2024-12-29T00:24:42.744+0000] {logging_mixin.py:190} INFO - [2024-12-29T00:24:42.744+0000] {dagbag.py:588} INFO - Filling up the DagBag from /home/airflow/.local/lib/python3.12/site-packages/airflow/example_dags/example_kubernetes_executor.py
[2024-12-29T00:24:42.760+0000] {processor.py:925} INFO - DAG(s) 'example_kubernetes_executor' retrieved from /home/airflow/.local/lib/python3.12/site-packages/airflow/example_dags/example_kubernetes_executor.py
[2024-12-29T00:24:42.797+0000] {logging_mixin.py:190} INFO - [2024-12-29T00:24:42.796+0000] {dag.py:3239} INFO - Sync 1 DAGs
[2024-12-29T00:24:42.814+0000] {logging_mixin.py:190} INFO - [2024-12-29T00:24:42.814+0000] {dag.py:4180} INFO - Setting next_dagrun for example_kubernetes_executor to None, run_after=None
[2024-12-29T00:24:42.860+0000] {processor.py:208} INFO - Processing /home/airflow/.local/lib/python3.12/site-packages/airflow/example_dags/example_kubernetes_executor.py took 0.126 seconds
[2024-12-29T00:25:13.539+0000] {processor.py:186} INFO - Started process (PID=765) to work on /home/airflow/.local/lib/python3.12/site-packages/airflow/example_dags/example_kubernetes_executor.py
[2024-12-29T00:25:13.540+0000] {processor.py:914} INFO - Processing file /home/airflow/.local/lib/python3.12/site-packages/airflow/example_dags/example_kubernetes_executor.py for tasks to queue
[2024-12-29T00:25:13.543+0000] {logging_mixin.py:190} INFO - [2024-12-29T00:25:13.542+0000] {dagbag.py:588} INFO - Filling up the DagBag from /home/airflow/.local/lib/python3.12/site-packages/airflow/example_dags/example_kubernetes_executor.py
[2024-12-29T00:25:13.558+0000] {processor.py:925} INFO - DAG(s) 'example_kubernetes_executor' retrieved from /home/airflow/.local/lib/python3.12/site-packages/airflow/example_dags/example_kubernetes_executor.py
[2024-12-29T00:25:13.590+0000] {logging_mixin.py:190} INFO - [2024-12-29T00:25:13.590+0000] {dag.py:3239} INFO - Sync 1 DAGs
[2024-12-29T00:25:13.607+0000] {logging_mixin.py:190} INFO - [2024-12-29T00:25:13.607+0000] {dag.py:4180} INFO - Setting next_dagrun for example_kubernetes_executor to None, run_after=None
[2024-12-29T00:25:13.633+0000] {processor.py:208} INFO - Processing /home/airflow/.local/lib/python3.12/site-packages/airflow/example_dags/example_kubernetes_executor.py took 0.100 seconds
[2024-12-29T00:25:44.663+0000] {processor.py:186} INFO - Started process (PID=830) to work on /home/airflow/.local/lib/python3.12/site-packages/airflow/example_dags/example_kubernetes_executor.py
[2024-12-29T00:25:44.664+0000] {processor.py:914} INFO - Processing file /home/airflow/.local/lib/python3.12/site-packages/airflow/example_dags/example_kubernetes_executor.py for tasks to queue
[2024-12-29T00:25:44.666+0000] {logging_mixin.py:190} INFO - [2024-12-29T00:25:44.666+0000] {dagbag.py:588} INFO - Filling up the DagBag from /home/airflow/.local/lib/python3.12/site-packages/airflow/example_dags/example_kubernetes_executor.py
[2024-12-29T00:25:44.684+0000] {processor.py:925} INFO - DAG(s) 'example_kubernetes_executor' retrieved from /home/airflow/.local/lib/python3.12/site-packages/airflow/example_dags/example_kubernetes_executor.py
[2024-12-29T00:25:44.714+0000] {logging_mixin.py:190} INFO - [2024-12-29T00:25:44.713+0000] {dag.py:3239} INFO - Sync 1 DAGs
[2024-12-29T00:25:44.731+0000] {logging_mixin.py:190} INFO - [2024-12-29T00:25:44.730+0000] {dag.py:4180} INFO - Setting next_dagrun for example_kubernetes_executor to None, run_after=None
[2024-12-29T00:25:44.758+0000] {processor.py:208} INFO - Processing /home/airflow/.local/lib/python3.12/site-packages/airflow/example_dags/example_kubernetes_executor.py took 0.102 seconds
[2024-12-29T00:26:15.157+0000] {processor.py:186} INFO - Started process (PID=895) to work on /home/airflow/.local/lib/python3.12/site-packages/airflow/example_dags/example_kubernetes_executor.py
[2024-12-29T00:26:15.159+0000] {processor.py:914} INFO - Processing file /home/airflow/.local/lib/python3.12/site-packages/airflow/example_dags/example_kubernetes_executor.py for tasks to queue
[2024-12-29T00:26:15.162+0000] {logging_mixin.py:190} INFO - [2024-12-29T00:26:15.161+0000] {dagbag.py:588} INFO - Filling up the DagBag from /home/airflow/.local/lib/python3.12/site-packages/airflow/example_dags/example_kubernetes_executor.py
[2024-12-29T00:26:15.183+0000] {processor.py:925} INFO - DAG(s) 'example_kubernetes_executor' retrieved from /home/airflow/.local/lib/python3.12/site-packages/airflow/example_dags/example_kubernetes_executor.py
[2024-12-29T00:26:15.221+0000] {logging_mixin.py:190} INFO - [2024-12-29T00:26:15.221+0000] {dag.py:3239} INFO - Sync 1 DAGs
[2024-12-29T00:26:15.242+0000] {logging_mixin.py:190} INFO - [2024-12-29T00:26:15.242+0000] {dag.py:4180} INFO - Setting next_dagrun for example_kubernetes_executor to None, run_after=None
[2024-12-29T00:26:15.275+0000] {processor.py:208} INFO - Processing /home/airflow/.local/lib/python3.12/site-packages/airflow/example_dags/example_kubernetes_executor.py took 0.125 seconds
[2024-12-29T00:26:45.735+0000] {processor.py:186} INFO - Started process (PID=959) to work on /home/airflow/.local/lib/python3.12/site-packages/airflow/example_dags/example_kubernetes_executor.py
[2024-12-29T00:26:45.737+0000] {processor.py:914} INFO - Processing file /home/airflow/.local/lib/python3.12/site-packages/airflow/example_dags/example_kubernetes_executor.py for tasks to queue
[2024-12-29T00:26:45.739+0000] {logging_mixin.py:190} INFO - [2024-12-29T00:26:45.738+0000] {dagbag.py:588} INFO - Filling up the DagBag from /home/airflow/.local/lib/python3.12/site-packages/airflow/example_dags/example_kubernetes_executor.py
[2024-12-29T00:26:45.753+0000] {processor.py:925} INFO - DAG(s) 'example_kubernetes_executor' retrieved from /home/airflow/.local/lib/python3.12/site-packages/airflow/example_dags/example_kubernetes_executor.py
[2024-12-29T00:26:45.784+0000] {logging_mixin.py:190} INFO - [2024-12-29T00:26:45.784+0000] {dag.py:3239} INFO - Sync 1 DAGs
[2024-12-29T00:26:45.802+0000] {logging_mixin.py:190} INFO - [2024-12-29T00:26:45.801+0000] {dag.py:4180} INFO - Setting next_dagrun for example_kubernetes_executor to None, run_after=None
[2024-12-29T00:26:45.829+0000] {processor.py:208} INFO - Processing /home/airflow/.local/lib/python3.12/site-packages/airflow/example_dags/example_kubernetes_executor.py took 0.100 seconds
[2024-12-29T00:27:15.923+0000] {processor.py:186} INFO - Started process (PID=1023) to work on /home/airflow/.local/lib/python3.12/site-packages/airflow/example_dags/example_kubernetes_executor.py
[2024-12-29T00:27:15.925+0000] {processor.py:914} INFO - Processing file /home/airflow/.local/lib/python3.12/site-packages/airflow/example_dags/example_kubernetes_executor.py for tasks to queue
[2024-12-29T00:27:15.927+0000] {logging_mixin.py:190} INFO - [2024-12-29T00:27:15.927+0000] {dagbag.py:588} INFO - Filling up the DagBag from /home/airflow/.local/lib/python3.12/site-packages/airflow/example_dags/example_kubernetes_executor.py
[2024-12-29T00:27:15.943+0000] {processor.py:925} INFO - DAG(s) 'example_kubernetes_executor' retrieved from /home/airflow/.local/lib/python3.12/site-packages/airflow/example_dags/example_kubernetes_executor.py
[2024-12-29T00:27:15.972+0000] {logging_mixin.py:190} INFO - [2024-12-29T00:27:15.972+0000] {dag.py:3239} INFO - Sync 1 DAGs
[2024-12-29T00:27:15.988+0000] {logging_mixin.py:190} INFO - [2024-12-29T00:27:15.988+0000] {dag.py:4180} INFO - Setting next_dagrun for example_kubernetes_executor to None, run_after=None
[2024-12-29T00:27:16.013+0000] {processor.py:208} INFO - Processing /home/airflow/.local/lib/python3.12/site-packages/airflow/example_dags/example_kubernetes_executor.py took 0.096 seconds
[2024-12-29T00:27:46.162+0000] {processor.py:186} INFO - Started process (PID=1088) to work on /home/airflow/.local/lib/python3.12/site-packages/airflow/example_dags/example_kubernetes_executor.py
[2024-12-29T00:27:46.164+0000] {processor.py:914} INFO - Processing file /home/airflow/.local/lib/python3.12/site-packages/airflow/example_dags/example_kubernetes_executor.py for tasks to queue
[2024-12-29T00:27:46.167+0000] {logging_mixin.py:190} INFO - [2024-12-29T00:27:46.167+0000] {dagbag.py:588} INFO - Filling up the DagBag from /home/airflow/.local/lib/python3.12/site-packages/airflow/example_dags/example_kubernetes_executor.py
[2024-12-29T00:27:46.186+0000] {processor.py:925} INFO - DAG(s) 'example_kubernetes_executor' retrieved from /home/airflow/.local/lib/python3.12/site-packages/airflow/example_dags/example_kubernetes_executor.py
[2024-12-29T00:27:46.222+0000] {logging_mixin.py:190} INFO - [2024-12-29T00:27:46.222+0000] {dag.py:3239} INFO - Sync 1 DAGs
[2024-12-29T00:27:46.238+0000] {logging_mixin.py:190} INFO - [2024-12-29T00:27:46.238+0000] {dag.py:4180} INFO - Setting next_dagrun for example_kubernetes_executor to None, run_after=None
[2024-12-29T00:27:46.268+0000] {processor.py:208} INFO - Processing /home/airflow/.local/lib/python3.12/site-packages/airflow/example_dags/example_kubernetes_executor.py took 0.113 seconds
[2024-12-29T00:28:16.678+0000] {processor.py:186} INFO - Started process (PID=1154) to work on /home/airflow/.local/lib/python3.12/site-packages/airflow/example_dags/example_kubernetes_executor.py
[2024-12-29T00:28:16.679+0000] {processor.py:914} INFO - Processing file /home/airflow/.local/lib/python3.12/site-packages/airflow/example_dags/example_kubernetes_executor.py for tasks to queue
[2024-12-29T00:28:16.681+0000] {logging_mixin.py:190} INFO - [2024-12-29T00:28:16.681+0000] {dagbag.py:588} INFO - Filling up the DagBag from /home/airflow/.local/lib/python3.12/site-packages/airflow/example_dags/example_kubernetes_executor.py
[2024-12-29T00:28:16.698+0000] {processor.py:925} INFO - DAG(s) 'example_kubernetes_executor' retrieved from /home/airflow/.local/lib/python3.12/site-packages/airflow/example_dags/example_kubernetes_executor.py
[2024-12-29T00:28:16.735+0000] {logging_mixin.py:190} INFO - [2024-12-29T00:28:16.735+0000] {dag.py:3239} INFO - Sync 1 DAGs
[2024-12-29T00:28:16.754+0000] {logging_mixin.py:190} INFO - [2024-12-29T00:28:16.754+0000] {dag.py:4180} INFO - Setting next_dagrun for example_kubernetes_executor to None, run_after=None
[2024-12-29T00:28:16.782+0000] {processor.py:208} INFO - Processing /home/airflow/.local/lib/python3.12/site-packages/airflow/example_dags/example_kubernetes_executor.py took 0.111 seconds
[2024-12-29T00:28:47.343+0000] {processor.py:186} INFO - Started process (PID=1219) to work on /home/airflow/.local/lib/python3.12/site-packages/airflow/example_dags/example_kubernetes_executor.py
[2024-12-29T00:28:47.345+0000] {processor.py:914} INFO - Processing file /home/airflow/.local/lib/python3.12/site-packages/airflow/example_dags/example_kubernetes_executor.py for tasks to queue
[2024-12-29T00:28:47.348+0000] {logging_mixin.py:190} INFO - [2024-12-29T00:28:47.348+0000] {dagbag.py:588} INFO - Filling up the DagBag from /home/airflow/.local/lib/python3.12/site-packages/airflow/example_dags/example_kubernetes_executor.py
[2024-12-29T00:28:47.372+0000] {processor.py:925} INFO - DAG(s) 'example_kubernetes_executor' retrieved from /home/airflow/.local/lib/python3.12/site-packages/airflow/example_dags/example_kubernetes_executor.py
[2024-12-29T00:28:47.414+0000] {logging_mixin.py:190} INFO - [2024-12-29T00:28:47.414+0000] {dag.py:3239} INFO - Sync 1 DAGs
[2024-12-29T00:28:47.435+0000] {logging_mixin.py:190} INFO - [2024-12-29T00:28:47.434+0000] {dag.py:4180} INFO - Setting next_dagrun for example_kubernetes_executor to None, run_after=None
[2024-12-29T00:28:47.467+0000] {processor.py:208} INFO - Processing /home/airflow/.local/lib/python3.12/site-packages/airflow/example_dags/example_kubernetes_executor.py took 0.131 seconds
[2024-12-29T00:29:17.587+0000] {processor.py:186} INFO - Started process (PID=1284) to work on /home/airflow/.local/lib/python3.12/site-packages/airflow/example_dags/example_kubernetes_executor.py
[2024-12-29T00:29:17.588+0000] {processor.py:914} INFO - Processing file /home/airflow/.local/lib/python3.12/site-packages/airflow/example_dags/example_kubernetes_executor.py for tasks to queue
[2024-12-29T00:29:17.591+0000] {logging_mixin.py:190} INFO - [2024-12-29T00:29:17.591+0000] {dagbag.py:588} INFO - Filling up the DagBag from /home/airflow/.local/lib/python3.12/site-packages/airflow/example_dags/example_kubernetes_executor.py
[2024-12-29T00:29:17.606+0000] {processor.py:925} INFO - DAG(s) 'example_kubernetes_executor' retrieved from /home/airflow/.local/lib/python3.12/site-packages/airflow/example_dags/example_kubernetes_executor.py
[2024-12-29T00:29:17.633+0000] {logging_mixin.py:190} INFO - [2024-12-29T00:29:17.632+0000] {dag.py:3239} INFO - Sync 1 DAGs
[2024-12-29T00:29:17.650+0000] {logging_mixin.py:190} INFO - [2024-12-29T00:29:17.649+0000] {dag.py:4180} INFO - Setting next_dagrun for example_kubernetes_executor to None, run_after=None
[2024-12-29T00:29:17.674+0000] {processor.py:208} INFO - Processing /home/airflow/.local/lib/python3.12/site-packages/airflow/example_dags/example_kubernetes_executor.py took 0.092 seconds
[2024-12-29T00:29:47.758+0000] {processor.py:186} INFO - Started process (PID=1349) to work on /home/airflow/.local/lib/python3.12/site-packages/airflow/example_dags/example_kubernetes_executor.py
[2024-12-29T00:29:47.760+0000] {processor.py:914} INFO - Processing file /home/airflow/.local/lib/python3.12/site-packages/airflow/example_dags/example_kubernetes_executor.py for tasks to queue
[2024-12-29T00:29:47.763+0000] {logging_mixin.py:190} INFO - [2024-12-29T00:29:47.762+0000] {dagbag.py:588} INFO - Filling up the DagBag from /home/airflow/.local/lib/python3.12/site-packages/airflow/example_dags/example_kubernetes_executor.py
[2024-12-29T00:29:47.783+0000] {processor.py:925} INFO - DAG(s) 'example_kubernetes_executor' retrieved from /home/airflow/.local/lib/python3.12/site-packages/airflow/example_dags/example_kubernetes_executor.py
[2024-12-29T00:29:47.819+0000] {logging_mixin.py:190} INFO - [2024-12-29T00:29:47.818+0000] {dag.py:3239} INFO - Sync 1 DAGs
[2024-12-29T00:29:47.837+0000] {logging_mixin.py:190} INFO - [2024-12-29T00:29:47.837+0000] {dag.py:4180} INFO - Setting next_dagrun for example_kubernetes_executor to None, run_after=None
[2024-12-29T00:29:47.864+0000] {processor.py:208} INFO - Processing /home/airflow/.local/lib/python3.12/site-packages/airflow/example_dags/example_kubernetes_executor.py took 0.113 seconds
[2024-12-29T00:30:18.531+0000] {processor.py:186} INFO - Started process (PID=1414) to work on /home/airflow/.local/lib/python3.12/site-packages/airflow/example_dags/example_kubernetes_executor.py
[2024-12-29T00:30:18.532+0000] {processor.py:914} INFO - Processing file /home/airflow/.local/lib/python3.12/site-packages/airflow/example_dags/example_kubernetes_executor.py for tasks to queue
[2024-12-29T00:30:18.535+0000] {logging_mixin.py:190} INFO - [2024-12-29T00:30:18.534+0000] {dagbag.py:588} INFO - Filling up the DagBag from /home/airflow/.local/lib/python3.12/site-packages/airflow/example_dags/example_kubernetes_executor.py
[2024-12-29T00:30:18.550+0000] {processor.py:925} INFO - DAG(s) 'example_kubernetes_executor' retrieved from /home/airflow/.local/lib/python3.12/site-packages/airflow/example_dags/example_kubernetes_executor.py
[2024-12-29T00:30:18.583+0000] {logging_mixin.py:190} INFO - [2024-12-29T00:30:18.583+0000] {dag.py:3239} INFO - Sync 1 DAGs
[2024-12-29T00:30:18.600+0000] {logging_mixin.py:190} INFO - [2024-12-29T00:30:18.600+0000] {dag.py:4180} INFO - Setting next_dagrun for example_kubernetes_executor to None, run_after=None
[2024-12-29T00:30:18.626+0000] {processor.py:208} INFO - Processing /home/airflow/.local/lib/python3.12/site-packages/airflow/example_dags/example_kubernetes_executor.py took 0.101 seconds
[2024-12-29T00:30:48.839+0000] {processor.py:186} INFO - Started process (PID=1479) to work on /home/airflow/.local/lib/python3.12/site-packages/airflow/example_dags/example_kubernetes_executor.py
[2024-12-29T00:30:48.841+0000] {processor.py:914} INFO - Processing file /home/airflow/.local/lib/python3.12/site-packages/airflow/example_dags/example_kubernetes_executor.py for tasks to queue
[2024-12-29T00:30:48.843+0000] {logging_mixin.py:190} INFO - [2024-12-29T00:30:48.843+0000] {dagbag.py:588} INFO - Filling up the DagBag from /home/airflow/.local/lib/python3.12/site-packages/airflow/example_dags/example_kubernetes_executor.py
[2024-12-29T00:30:48.856+0000] {processor.py:925} INFO - DAG(s) 'example_kubernetes_executor' retrieved from /home/airflow/.local/lib/python3.12/site-packages/airflow/example_dags/example_kubernetes_executor.py
[2024-12-29T00:30:48.886+0000] {logging_mixin.py:190} INFO - [2024-12-29T00:30:48.885+0000] {dag.py:3239} INFO - Sync 1 DAGs
[2024-12-29T00:30:48.901+0000] {logging_mixin.py:190} INFO - [2024-12-29T00:30:48.900+0000] {dag.py:4180} INFO - Setting next_dagrun for example_kubernetes_executor to None, run_after=None
[2024-12-29T00:30:48.925+0000] {processor.py:208} INFO - Processing /home/airflow/.local/lib/python3.12/site-packages/airflow/example_dags/example_kubernetes_executor.py took 0.091 seconds
[2024-12-29T00:31:19.421+0000] {processor.py:186} INFO - Started process (PID=1545) to work on /home/airflow/.local/lib/python3.12/site-packages/airflow/example_dags/example_kubernetes_executor.py
[2024-12-29T00:31:19.422+0000] {processor.py:914} INFO - Processing file /home/airflow/.local/lib/python3.12/site-packages/airflow/example_dags/example_kubernetes_executor.py for tasks to queue
[2024-12-29T00:31:19.426+0000] {logging_mixin.py:190} INFO - [2024-12-29T00:31:19.425+0000] {dagbag.py:588} INFO - Filling up the DagBag from /home/airflow/.local/lib/python3.12/site-packages/airflow/example_dags/example_kubernetes_executor.py
[2024-12-29T00:31:19.444+0000] {processor.py:925} INFO - DAG(s) 'example_kubernetes_executor' retrieved from /home/airflow/.local/lib/python3.12/site-packages/airflow/example_dags/example_kubernetes_executor.py
[2024-12-29T00:31:19.480+0000] {logging_mixin.py:190} INFO - [2024-12-29T00:31:19.480+0000] {dag.py:3239} INFO - Sync 1 DAGs
[2024-12-29T00:31:19.499+0000] {logging_mixin.py:190} INFO - [2024-12-29T00:31:19.498+0000] {dag.py:4180} INFO - Setting next_dagrun for example_kubernetes_executor to None, run_after=None
[2024-12-29T00:31:19.526+0000] {processor.py:208} INFO - Processing /home/airflow/.local/lib/python3.12/site-packages/airflow/example_dags/example_kubernetes_executor.py took 0.112 seconds
[2024-12-29T00:31:49.620+0000] {processor.py:186} INFO - Started process (PID=1610) to work on /home/airflow/.local/lib/python3.12/site-packages/airflow/example_dags/example_kubernetes_executor.py
[2024-12-29T00:31:49.622+0000] {processor.py:914} INFO - Processing file /home/airflow/.local/lib/python3.12/site-packages/airflow/example_dags/example_kubernetes_executor.py for tasks to queue
[2024-12-29T00:31:49.625+0000] {logging_mixin.py:190} INFO - [2024-12-29T00:31:49.625+0000] {dagbag.py:588} INFO - Filling up the DagBag from /home/airflow/.local/lib/python3.12/site-packages/airflow/example_dags/example_kubernetes_executor.py
[2024-12-29T00:31:49.639+0000] {processor.py:925} INFO - DAG(s) 'example_kubernetes_executor' retrieved from /home/airflow/.local/lib/python3.12/site-packages/airflow/example_dags/example_kubernetes_executor.py
[2024-12-29T00:31:49.670+0000] {logging_mixin.py:190} INFO - [2024-12-29T00:31:49.669+0000] {dag.py:3239} INFO - Sync 1 DAGs
[2024-12-29T00:31:49.686+0000] {logging_mixin.py:190} INFO - [2024-12-29T00:31:49.685+0000] {dag.py:4180} INFO - Setting next_dagrun for example_kubernetes_executor to None, run_after=None
[2024-12-29T00:31:49.709+0000] {processor.py:208} INFO - Processing /home/airflow/.local/lib/python3.12/site-packages/airflow/example_dags/example_kubernetes_executor.py took 0.094 seconds
[2024-12-29T00:32:20.001+0000] {processor.py:186} INFO - Started process (PID=1675) to work on /home/airflow/.local/lib/python3.12/site-packages/airflow/example_dags/example_kubernetes_executor.py
[2024-12-29T00:32:20.002+0000] {processor.py:914} INFO - Processing file /home/airflow/.local/lib/python3.12/site-packages/airflow/example_dags/example_kubernetes_executor.py for tasks to queue
[2024-12-29T00:32:20.004+0000] {logging_mixin.py:190} INFO - [2024-12-29T00:32:20.004+0000] {dagbag.py:588} INFO - Filling up the DagBag from /home/airflow/.local/lib/python3.12/site-packages/airflow/example_dags/example_kubernetes_executor.py
[2024-12-29T00:32:20.020+0000] {processor.py:925} INFO - DAG(s) 'example_kubernetes_executor' retrieved from /home/airflow/.local/lib/python3.12/site-packages/airflow/example_dags/example_kubernetes_executor.py
[2024-12-29T00:32:20.054+0000] {logging_mixin.py:190} INFO - [2024-12-29T00:32:20.053+0000] {dag.py:3239} INFO - Sync 1 DAGs
[2024-12-29T00:32:20.070+0000] {logging_mixin.py:190} INFO - [2024-12-29T00:32:20.070+0000] {dag.py:4180} INFO - Setting next_dagrun for example_kubernetes_executor to None, run_after=None
[2024-12-29T00:32:20.096+0000] {processor.py:208} INFO - Processing /home/airflow/.local/lib/python3.12/site-packages/airflow/example_dags/example_kubernetes_executor.py took 0.101 seconds
[2024-12-29T00:32:50.802+0000] {processor.py:186} INFO - Started process (PID=1740) to work on /home/airflow/.local/lib/python3.12/site-packages/airflow/example_dags/example_kubernetes_executor.py
[2024-12-29T00:32:50.804+0000] {processor.py:914} INFO - Processing file /home/airflow/.local/lib/python3.12/site-packages/airflow/example_dags/example_kubernetes_executor.py for tasks to queue
[2024-12-29T00:32:50.808+0000] {logging_mixin.py:190} INFO - [2024-12-29T00:32:50.807+0000] {dagbag.py:588} INFO - Filling up the DagBag from /home/airflow/.local/lib/python3.12/site-packages/airflow/example_dags/example_kubernetes_executor.py
[2024-12-29T00:32:50.831+0000] {processor.py:925} INFO - DAG(s) 'example_kubernetes_executor' retrieved from /home/airflow/.local/lib/python3.12/site-packages/airflow/example_dags/example_kubernetes_executor.py
[2024-12-29T00:32:50.885+0000] {logging_mixin.py:190} INFO - [2024-12-29T00:32:50.885+0000] {dag.py:3239} INFO - Sync 1 DAGs
[2024-12-29T00:32:50.910+0000] {logging_mixin.py:190} INFO - [2024-12-29T00:32:50.909+0000] {dag.py:4180} INFO - Setting next_dagrun for example_kubernetes_executor to None, run_after=None
[2024-12-29T00:32:50.943+0000] {processor.py:208} INFO - Processing /home/airflow/.local/lib/python3.12/site-packages/airflow/example_dags/example_kubernetes_executor.py took 0.150 seconds
[2024-12-29T00:33:20.989+0000] {processor.py:186} INFO - Started process (PID=1805) to work on /home/airflow/.local/lib/python3.12/site-packages/airflow/example_dags/example_kubernetes_executor.py
[2024-12-29T00:33:20.991+0000] {processor.py:914} INFO - Processing file /home/airflow/.local/lib/python3.12/site-packages/airflow/example_dags/example_kubernetes_executor.py for tasks to queue
[2024-12-29T00:33:20.993+0000] {logging_mixin.py:190} INFO - [2024-12-29T00:33:20.993+0000] {dagbag.py:588} INFO - Filling up the DagBag from /home/airflow/.local/lib/python3.12/site-packages/airflow/example_dags/example_kubernetes_executor.py
[2024-12-29T00:33:21.010+0000] {processor.py:925} INFO - DAG(s) 'example_kubernetes_executor' retrieved from /home/airflow/.local/lib/python3.12/site-packages/airflow/example_dags/example_kubernetes_executor.py
[2024-12-29T00:33:21.042+0000] {logging_mixin.py:190} INFO - [2024-12-29T00:33:21.041+0000] {dag.py:3239} INFO - Sync 1 DAGs
[2024-12-29T00:33:21.059+0000] {logging_mixin.py:190} INFO - [2024-12-29T00:33:21.058+0000] {dag.py:4180} INFO - Setting next_dagrun for example_kubernetes_executor to None, run_after=None
[2024-12-29T00:33:21.089+0000] {processor.py:208} INFO - Processing /home/airflow/.local/lib/python3.12/site-packages/airflow/example_dags/example_kubernetes_executor.py took 0.107 seconds
[2024-12-29T00:33:51.222+0000] {processor.py:186} INFO - Started process (PID=1870) to work on /home/airflow/.local/lib/python3.12/site-packages/airflow/example_dags/example_kubernetes_executor.py
[2024-12-29T00:33:51.224+0000] {processor.py:914} INFO - Processing file /home/airflow/.local/lib/python3.12/site-packages/airflow/example_dags/example_kubernetes_executor.py for tasks to queue
[2024-12-29T00:33:51.226+0000] {logging_mixin.py:190} INFO - [2024-12-29T00:33:51.226+0000] {dagbag.py:588} INFO - Filling up the DagBag from /home/airflow/.local/lib/python3.12/site-packages/airflow/example_dags/example_kubernetes_executor.py
[2024-12-29T00:33:51.243+0000] {processor.py:925} INFO - DAG(s) 'example_kubernetes_executor' retrieved from /home/airflow/.local/lib/python3.12/site-packages/airflow/example_dags/example_kubernetes_executor.py
[2024-12-29T00:33:51.277+0000] {logging_mixin.py:190} INFO - [2024-12-29T00:33:51.277+0000] {dag.py:3239} INFO - Sync 1 DAGs
[2024-12-29T00:33:51.294+0000] {logging_mixin.py:190} INFO - [2024-12-29T00:33:51.294+0000] {dag.py:4180} INFO - Setting next_dagrun for example_kubernetes_executor to None, run_after=None
[2024-12-29T00:33:51.324+0000] {processor.py:208} INFO - Processing /home/airflow/.local/lib/python3.12/site-packages/airflow/example_dags/example_kubernetes_executor.py took 0.110 seconds
[2024-12-29T00:34:22.164+0000] {processor.py:186} INFO - Started process (PID=1935) to work on /home/airflow/.local/lib/python3.12/site-packages/airflow/example_dags/example_kubernetes_executor.py
[2024-12-29T00:34:22.166+0000] {processor.py:914} INFO - Processing file /home/airflow/.local/lib/python3.12/site-packages/airflow/example_dags/example_kubernetes_executor.py for tasks to queue
[2024-12-29T00:34:22.169+0000] {logging_mixin.py:190} INFO - [2024-12-29T00:34:22.169+0000] {dagbag.py:588} INFO - Filling up the DagBag from /home/airflow/.local/lib/python3.12/site-packages/airflow/example_dags/example_kubernetes_executor.py
[2024-12-29T00:34:22.185+0000] {processor.py:925} INFO - DAG(s) 'example_kubernetes_executor' retrieved from /home/airflow/.local/lib/python3.12/site-packages/airflow/example_dags/example_kubernetes_executor.py
[2024-12-29T00:34:22.218+0000] {logging_mixin.py:190} INFO - [2024-12-29T00:34:22.218+0000] {dag.py:3239} INFO - Sync 1 DAGs
[2024-12-29T00:34:22.235+0000] {logging_mixin.py:190} INFO - [2024-12-29T00:34:22.235+0000] {dag.py:4180} INFO - Setting next_dagrun for example_kubernetes_executor to None, run_after=None
[2024-12-29T00:34:22.266+0000] {processor.py:208} INFO - Processing /home/airflow/.local/lib/python3.12/site-packages/airflow/example_dags/example_kubernetes_executor.py took 0.109 seconds
[2024-12-29T00:34:52.705+0000] {processor.py:186} INFO - Started process (PID=2000) to work on /home/airflow/.local/lib/python3.12/site-packages/airflow/example_dags/example_kubernetes_executor.py
[2024-12-29T00:34:52.707+0000] {processor.py:914} INFO - Processing file /home/airflow/.local/lib/python3.12/site-packages/airflow/example_dags/example_kubernetes_executor.py for tasks to queue
[2024-12-29T00:34:52.709+0000] {logging_mixin.py:190} INFO - [2024-12-29T00:34:52.709+0000] {dagbag.py:588} INFO - Filling up the DagBag from /home/airflow/.local/lib/python3.12/site-packages/airflow/example_dags/example_kubernetes_executor.py
[2024-12-29T00:34:52.724+0000] {processor.py:925} INFO - DAG(s) 'example_kubernetes_executor' retrieved from /home/airflow/.local/lib/python3.12/site-packages/airflow/example_dags/example_kubernetes_executor.py
[2024-12-29T00:34:52.768+0000] {logging_mixin.py:190} INFO - [2024-12-29T00:34:52.768+0000] {dag.py:3239} INFO - Sync 1 DAGs
[2024-12-29T00:34:52.787+0000] {logging_mixin.py:190} INFO - [2024-12-29T00:34:52.787+0000] {dag.py:4180} INFO - Setting next_dagrun for example_kubernetes_executor to None, run_after=None
[2024-12-29T00:34:52.815+0000] {processor.py:208} INFO - Processing /home/airflow/.local/lib/python3.12/site-packages/airflow/example_dags/example_kubernetes_executor.py took 0.115 seconds
[2024-12-29T00:35:23.018+0000] {processor.py:186} INFO - Started process (PID=2065) to work on /home/airflow/.local/lib/python3.12/site-packages/airflow/example_dags/example_kubernetes_executor.py
[2024-12-29T00:35:23.020+0000] {processor.py:914} INFO - Processing file /home/airflow/.local/lib/python3.12/site-packages/airflow/example_dags/example_kubernetes_executor.py for tasks to queue
[2024-12-29T00:35:23.023+0000] {logging_mixin.py:190} INFO - [2024-12-29T00:35:23.023+0000] {dagbag.py:588} INFO - Filling up the DagBag from /home/airflow/.local/lib/python3.12/site-packages/airflow/example_dags/example_kubernetes_executor.py
[2024-12-29T00:35:23.037+0000] {processor.py:925} INFO - DAG(s) 'example_kubernetes_executor' retrieved from /home/airflow/.local/lib/python3.12/site-packages/airflow/example_dags/example_kubernetes_executor.py
[2024-12-29T00:35:23.068+0000] {logging_mixin.py:190} INFO - [2024-12-29T00:35:23.068+0000] {dag.py:3239} INFO - Sync 1 DAGs
[2024-12-29T00:35:23.083+0000] {logging_mixin.py:190} INFO - [2024-12-29T00:35:23.083+0000] {dag.py:4180} INFO - Setting next_dagrun for example_kubernetes_executor to None, run_after=None
[2024-12-29T00:35:23.111+0000] {processor.py:208} INFO - Processing /home/airflow/.local/lib/python3.12/site-packages/airflow/example_dags/example_kubernetes_executor.py took 0.098 seconds
[2024-12-29T00:35:53.745+0000] {processor.py:186} INFO - Started process (PID=2130) to work on /home/airflow/.local/lib/python3.12/site-packages/airflow/example_dags/example_kubernetes_executor.py
[2024-12-29T00:35:53.747+0000] {processor.py:914} INFO - Processing file /home/airflow/.local/lib/python3.12/site-packages/airflow/example_dags/example_kubernetes_executor.py for tasks to queue
[2024-12-29T00:35:53.750+0000] {logging_mixin.py:190} INFO - [2024-12-29T00:35:53.750+0000] {dagbag.py:588} INFO - Filling up the DagBag from /home/airflow/.local/lib/python3.12/site-packages/airflow/example_dags/example_kubernetes_executor.py
[2024-12-29T00:35:53.770+0000] {processor.py:925} INFO - DAG(s) 'example_kubernetes_executor' retrieved from /home/airflow/.local/lib/python3.12/site-packages/airflow/example_dags/example_kubernetes_executor.py
[2024-12-29T00:35:53.806+0000] {logging_mixin.py:190} INFO - [2024-12-29T00:35:53.806+0000] {dag.py:3239} INFO - Sync 1 DAGs
[2024-12-29T00:35:53.824+0000] {logging_mixin.py:190} INFO - [2024-12-29T00:35:53.824+0000] {dag.py:4180} INFO - Setting next_dagrun for example_kubernetes_executor to None, run_after=None
[2024-12-29T00:35:53.875+0000] {processor.py:208} INFO - Processing /home/airflow/.local/lib/python3.12/site-packages/airflow/example_dags/example_kubernetes_executor.py took 0.136 seconds
[2024-12-29T00:36:24.199+0000] {processor.py:186} INFO - Started process (PID=2195) to work on /home/airflow/.local/lib/python3.12/site-packages/airflow/example_dags/example_kubernetes_executor.py
[2024-12-29T00:36:24.201+0000] {processor.py:914} INFO - Processing file /home/airflow/.local/lib/python3.12/site-packages/airflow/example_dags/example_kubernetes_executor.py for tasks to queue
[2024-12-29T00:36:24.203+0000] {logging_mixin.py:190} INFO - [2024-12-29T00:36:24.203+0000] {dagbag.py:588} INFO - Filling up the DagBag from /home/airflow/.local/lib/python3.12/site-packages/airflow/example_dags/example_kubernetes_executor.py
[2024-12-29T00:36:24.218+0000] {processor.py:925} INFO - DAG(s) 'example_kubernetes_executor' retrieved from /home/airflow/.local/lib/python3.12/site-packages/airflow/example_dags/example_kubernetes_executor.py
[2024-12-29T00:36:24.252+0000] {logging_mixin.py:190} INFO - [2024-12-29T00:36:24.252+0000] {dag.py:3239} INFO - Sync 1 DAGs
[2024-12-29T00:36:24.268+0000] {logging_mixin.py:190} INFO - [2024-12-29T00:36:24.268+0000] {dag.py:4180} INFO - Setting next_dagrun for example_kubernetes_executor to None, run_after=None
[2024-12-29T00:36:24.295+0000] {processor.py:208} INFO - Processing /home/airflow/.local/lib/python3.12/site-packages/airflow/example_dags/example_kubernetes_executor.py took 0.102 seconds
[2024-12-29T00:36:55.194+0000] {processor.py:186} INFO - Started process (PID=2261) to work on /home/airflow/.local/lib/python3.12/site-packages/airflow/example_dags/example_kubernetes_executor.py
[2024-12-29T00:36:55.196+0000] {processor.py:914} INFO - Processing file /home/airflow/.local/lib/python3.12/site-packages/airflow/example_dags/example_kubernetes_executor.py for tasks to queue
[2024-12-29T00:36:55.199+0000] {logging_mixin.py:190} INFO - [2024-12-29T00:36:55.199+0000] {dagbag.py:588} INFO - Filling up the DagBag from /home/airflow/.local/lib/python3.12/site-packages/airflow/example_dags/example_kubernetes_executor.py
[2024-12-29T00:36:55.217+0000] {processor.py:925} INFO - DAG(s) 'example_kubernetes_executor' retrieved from /home/airflow/.local/lib/python3.12/site-packages/airflow/example_dags/example_kubernetes_executor.py
[2024-12-29T00:36:55.253+0000] {logging_mixin.py:190} INFO - [2024-12-29T00:36:55.253+0000] {dag.py:3239} INFO - Sync 1 DAGs
[2024-12-29T00:36:55.274+0000] {logging_mixin.py:190} INFO - [2024-12-29T00:36:55.274+0000] {dag.py:4180} INFO - Setting next_dagrun for example_kubernetes_executor to None, run_after=None
[2024-12-29T00:36:55.305+0000] {processor.py:208} INFO - Processing /home/airflow/.local/lib/python3.12/site-packages/airflow/example_dags/example_kubernetes_executor.py took 0.116 seconds
[2024-12-29T00:37:25.490+0000] {processor.py:186} INFO - Started process (PID=2326) to work on /home/airflow/.local/lib/python3.12/site-packages/airflow/example_dags/example_kubernetes_executor.py
[2024-12-29T00:37:25.491+0000] {processor.py:914} INFO - Processing file /home/airflow/.local/lib/python3.12/site-packages/airflow/example_dags/example_kubernetes_executor.py for tasks to queue
[2024-12-29T00:37:25.493+0000] {logging_mixin.py:190} INFO - [2024-12-29T00:37:25.493+0000] {dagbag.py:588} INFO - Filling up the DagBag from /home/airflow/.local/lib/python3.12/site-packages/airflow/example_dags/example_kubernetes_executor.py
[2024-12-29T00:37:25.508+0000] {processor.py:925} INFO - DAG(s) 'example_kubernetes_executor' retrieved from /home/airflow/.local/lib/python3.12/site-packages/airflow/example_dags/example_kubernetes_executor.py
[2024-12-29T00:37:25.540+0000] {logging_mixin.py:190} INFO - [2024-12-29T00:37:25.540+0000] {dag.py:3239} INFO - Sync 1 DAGs
[2024-12-29T00:37:25.556+0000] {logging_mixin.py:190} INFO - [2024-12-29T00:37:25.555+0000] {dag.py:4180} INFO - Setting next_dagrun for example_kubernetes_executor to None, run_after=None
[2024-12-29T00:37:25.580+0000] {processor.py:208} INFO - Processing /home/airflow/.local/lib/python3.12/site-packages/airflow/example_dags/example_kubernetes_executor.py took 0.096 seconds
[2024-12-29T00:37:56.359+0000] {processor.py:186} INFO - Started process (PID=2391) to work on /home/airflow/.local/lib/python3.12/site-packages/airflow/example_dags/example_kubernetes_executor.py
[2024-12-29T00:37:56.360+0000] {processor.py:914} INFO - Processing file /home/airflow/.local/lib/python3.12/site-packages/airflow/example_dags/example_kubernetes_executor.py for tasks to queue
[2024-12-29T00:37:56.363+0000] {logging_mixin.py:190} INFO - [2024-12-29T00:37:56.362+0000] {dagbag.py:588} INFO - Filling up the DagBag from /home/airflow/.local/lib/python3.12/site-packages/airflow/example_dags/example_kubernetes_executor.py
[2024-12-29T00:37:56.377+0000] {processor.py:925} INFO - DAG(s) 'example_kubernetes_executor' retrieved from /home/airflow/.local/lib/python3.12/site-packages/airflow/example_dags/example_kubernetes_executor.py
[2024-12-29T00:37:56.412+0000] {logging_mixin.py:190} INFO - [2024-12-29T00:37:56.412+0000] {dag.py:3239} INFO - Sync 1 DAGs
[2024-12-29T00:37:56.430+0000] {logging_mixin.py:190} INFO - [2024-12-29T00:37:56.430+0000] {dag.py:4180} INFO - Setting next_dagrun for example_kubernetes_executor to None, run_after=None
[2024-12-29T00:37:56.456+0000] {processor.py:208} INFO - Processing /home/airflow/.local/lib/python3.12/site-packages/airflow/example_dags/example_kubernetes_executor.py took 0.104 seconds
