[2024-12-29T00:03:52.300+0000] {processor.py:186} INFO - Started process (PID=105) to work on /home/airflow/.local/lib/python3.12/site-packages/airflow/example_dags/example_setup_teardown.py
[2024-12-29T00:03:52.301+0000] {processor.py:914} INFO - Processing file /home/airflow/.local/lib/python3.12/site-packages/airflow/example_dags/example_setup_teardown.py for tasks to queue
[2024-12-29T00:03:52.303+0000] {logging_mixin.py:190} INFO - [2024-12-29T00:03:52.302+0000] {dagbag.py:588} INFO - Filling up the DagBag from /home/airflow/.local/lib/python3.12/site-packages/airflow/example_dags/example_setup_teardown.py
[2024-12-29T00:03:52.310+0000] {processor.py:925} INFO - DAG(s) 'example_setup_teardown' retrieved from /home/airflow/.local/lib/python3.12/site-packages/airflow/example_dags/example_setup_teardown.py
[2024-12-29T00:03:52.641+0000] {logging_mixin.py:190} INFO - [2024-12-29T00:03:52.640+0000] {override.py:1911} INFO - Created Permission View: can read on DAG:example_setup_teardown
[2024-12-29T00:03:52.668+0000] {logging_mixin.py:190} INFO - [2024-12-29T00:03:52.667+0000] {override.py:1911} INFO - Created Permission View: can edit on DAG:example_setup_teardown
[2024-12-29T00:03:52.687+0000] {logging_mixin.py:190} INFO - [2024-12-29T00:03:52.687+0000] {override.py:1911} INFO - Created Permission View: can delete on DAG:example_setup_teardown
[2024-12-29T00:03:52.708+0000] {logging_mixin.py:190} INFO - [2024-12-29T00:03:52.708+0000] {override.py:1911} INFO - Created Permission View: can create on DAG Run:example_setup_teardown
[2024-12-29T00:03:52.730+0000] {logging_mixin.py:190} INFO - [2024-12-29T00:03:52.729+0000] {override.py:1911} INFO - Created Permission View: can read on DAG Run:example_setup_teardown
[2024-12-29T00:03:52.748+0000] {logging_mixin.py:190} INFO - [2024-12-29T00:03:52.747+0000] {override.py:1911} INFO - Created Permission View: can delete on DAG Run:example_setup_teardown
[2024-12-29T00:03:52.766+0000] {logging_mixin.py:190} INFO - [2024-12-29T00:03:52.766+0000] {override.py:1911} INFO - Created Permission View: menu access on DAG Run:example_setup_teardown
[2024-12-29T00:03:52.768+0000] {logging_mixin.py:190} INFO - [2024-12-29T00:03:52.767+0000] {dag.py:3239} INFO - Sync 1 DAGs
[2024-12-29T00:03:52.790+0000] {logging_mixin.py:190} INFO - [2024-12-29T00:03:52.789+0000] {dag.py:3262} INFO - Creating ORM DAG for example_setup_teardown
[2024-12-29T00:03:52.791+0000] {logging_mixin.py:190} INFO - [2024-12-29T00:03:52.790+0000] {dag.py:4180} INFO - Setting next_dagrun for example_setup_teardown to None, run_after=None
[2024-12-29T00:03:52.827+0000] {processor.py:208} INFO - Processing /home/airflow/.local/lib/python3.12/site-packages/airflow/example_dags/example_setup_teardown.py took 0.532 seconds
[2024-12-29T00:04:23.279+0000] {processor.py:186} INFO - Started process (PID=169) to work on /home/airflow/.local/lib/python3.12/site-packages/airflow/example_dags/example_setup_teardown.py
[2024-12-29T00:04:23.280+0000] {processor.py:914} INFO - Processing file /home/airflow/.local/lib/python3.12/site-packages/airflow/example_dags/example_setup_teardown.py for tasks to queue
[2024-12-29T00:04:23.283+0000] {logging_mixin.py:190} INFO - [2024-12-29T00:04:23.282+0000] {dagbag.py:588} INFO - Filling up the DagBag from /home/airflow/.local/lib/python3.12/site-packages/airflow/example_dags/example_setup_teardown.py
[2024-12-29T00:04:23.293+0000] {processor.py:925} INFO - DAG(s) 'example_setup_teardown' retrieved from /home/airflow/.local/lib/python3.12/site-packages/airflow/example_dags/example_setup_teardown.py
[2024-12-29T00:04:23.323+0000] {logging_mixin.py:190} INFO - [2024-12-29T00:04:23.323+0000] {dag.py:3239} INFO - Sync 1 DAGs
[2024-12-29T00:04:23.343+0000] {logging_mixin.py:190} INFO - [2024-12-29T00:04:23.343+0000] {dag.py:4180} INFO - Setting next_dagrun for example_setup_teardown to None, run_after=None
[2024-12-29T00:04:23.374+0000] {processor.py:208} INFO - Processing /home/airflow/.local/lib/python3.12/site-packages/airflow/example_dags/example_setup_teardown.py took 0.102 seconds
[2024-12-29T00:04:54.292+0000] {processor.py:186} INFO - Started process (PID=233) to work on /home/airflow/.local/lib/python3.12/site-packages/airflow/example_dags/example_setup_teardown.py
[2024-12-29T00:04:54.293+0000] {processor.py:914} INFO - Processing file /home/airflow/.local/lib/python3.12/site-packages/airflow/example_dags/example_setup_teardown.py for tasks to queue
[2024-12-29T00:04:54.296+0000] {logging_mixin.py:190} INFO - [2024-12-29T00:04:54.296+0000] {dagbag.py:588} INFO - Filling up the DagBag from /home/airflow/.local/lib/python3.12/site-packages/airflow/example_dags/example_setup_teardown.py
[2024-12-29T00:04:54.306+0000] {processor.py:925} INFO - DAG(s) 'example_setup_teardown' retrieved from /home/airflow/.local/lib/python3.12/site-packages/airflow/example_dags/example_setup_teardown.py
[2024-12-29T00:04:54.336+0000] {logging_mixin.py:190} INFO - [2024-12-29T00:04:54.336+0000] {dag.py:3239} INFO - Sync 1 DAGs
[2024-12-29T00:04:54.354+0000] {logging_mixin.py:190} INFO - [2024-12-29T00:04:54.354+0000] {dag.py:4180} INFO - Setting next_dagrun for example_setup_teardown to None, run_after=None
[2024-12-29T00:04:54.383+0000] {processor.py:208} INFO - Processing /home/airflow/.local/lib/python3.12/site-packages/airflow/example_dags/example_setup_teardown.py took 0.097 seconds
[2024-12-29T00:05:24.808+0000] {processor.py:186} INFO - Started process (PID=297) to work on /home/airflow/.local/lib/python3.12/site-packages/airflow/example_dags/example_setup_teardown.py
[2024-12-29T00:05:24.810+0000] {processor.py:914} INFO - Processing file /home/airflow/.local/lib/python3.12/site-packages/airflow/example_dags/example_setup_teardown.py for tasks to queue
[2024-12-29T00:05:24.813+0000] {logging_mixin.py:190} INFO - [2024-12-29T00:05:24.812+0000] {dagbag.py:588} INFO - Filling up the DagBag from /home/airflow/.local/lib/python3.12/site-packages/airflow/example_dags/example_setup_teardown.py
[2024-12-29T00:05:24.827+0000] {processor.py:925} INFO - DAG(s) 'example_setup_teardown' retrieved from /home/airflow/.local/lib/python3.12/site-packages/airflow/example_dags/example_setup_teardown.py
[2024-12-29T00:05:24.860+0000] {logging_mixin.py:190} INFO - [2024-12-29T00:05:24.860+0000] {dag.py:3239} INFO - Sync 1 DAGs
[2024-12-29T00:05:24.880+0000] {logging_mixin.py:190} INFO - [2024-12-29T00:05:24.880+0000] {dag.py:4180} INFO - Setting next_dagrun for example_setup_teardown to None, run_after=None
[2024-12-29T00:05:24.907+0000] {processor.py:208} INFO - Processing /home/airflow/.local/lib/python3.12/site-packages/airflow/example_dags/example_setup_teardown.py took 0.110 seconds
[2024-12-29T00:05:55.194+0000] {processor.py:186} INFO - Started process (PID=361) to work on /home/airflow/.local/lib/python3.12/site-packages/airflow/example_dags/example_setup_teardown.py
[2024-12-29T00:05:55.195+0000] {processor.py:914} INFO - Processing file /home/airflow/.local/lib/python3.12/site-packages/airflow/example_dags/example_setup_teardown.py for tasks to queue
[2024-12-29T00:05:55.198+0000] {logging_mixin.py:190} INFO - [2024-12-29T00:05:55.197+0000] {dagbag.py:588} INFO - Filling up the DagBag from /home/airflow/.local/lib/python3.12/site-packages/airflow/example_dags/example_setup_teardown.py
[2024-12-29T00:05:55.206+0000] {processor.py:925} INFO - DAG(s) 'example_setup_teardown' retrieved from /home/airflow/.local/lib/python3.12/site-packages/airflow/example_dags/example_setup_teardown.py
[2024-12-29T00:05:55.233+0000] {logging_mixin.py:190} INFO - [2024-12-29T00:05:55.233+0000] {dag.py:3239} INFO - Sync 1 DAGs
[2024-12-29T00:05:55.249+0000] {logging_mixin.py:190} INFO - [2024-12-29T00:05:55.248+0000] {dag.py:4180} INFO - Setting next_dagrun for example_setup_teardown to None, run_after=None
[2024-12-29T00:05:55.275+0000] {processor.py:208} INFO - Processing /home/airflow/.local/lib/python3.12/site-packages/airflow/example_dags/example_setup_teardown.py took 0.088 seconds
[2024-12-29T00:06:25.491+0000] {processor.py:186} INFO - Started process (PID=425) to work on /home/airflow/.local/lib/python3.12/site-packages/airflow/example_dags/example_setup_teardown.py
[2024-12-29T00:06:25.493+0000] {processor.py:914} INFO - Processing file /home/airflow/.local/lib/python3.12/site-packages/airflow/example_dags/example_setup_teardown.py for tasks to queue
[2024-12-29T00:06:25.496+0000] {logging_mixin.py:190} INFO - [2024-12-29T00:06:25.495+0000] {dagbag.py:588} INFO - Filling up the DagBag from /home/airflow/.local/lib/python3.12/site-packages/airflow/example_dags/example_setup_teardown.py
[2024-12-29T00:06:25.503+0000] {processor.py:925} INFO - DAG(s) 'example_setup_teardown' retrieved from /home/airflow/.local/lib/python3.12/site-packages/airflow/example_dags/example_setup_teardown.py
[2024-12-29T00:06:25.526+0000] {logging_mixin.py:190} INFO - [2024-12-29T00:06:25.526+0000] {dag.py:3239} INFO - Sync 1 DAGs
[2024-12-29T00:06:25.541+0000] {logging_mixin.py:190} INFO - [2024-12-29T00:06:25.541+0000] {dag.py:4180} INFO - Setting next_dagrun for example_setup_teardown to None, run_after=None
[2024-12-29T00:06:25.564+0000] {processor.py:208} INFO - Processing /home/airflow/.local/lib/python3.12/site-packages/airflow/example_dags/example_setup_teardown.py took 0.079 seconds
[2024-12-29T00:06:56.109+0000] {processor.py:186} INFO - Started process (PID=489) to work on /home/airflow/.local/lib/python3.12/site-packages/airflow/example_dags/example_setup_teardown.py
[2024-12-29T00:06:56.111+0000] {processor.py:914} INFO - Processing file /home/airflow/.local/lib/python3.12/site-packages/airflow/example_dags/example_setup_teardown.py for tasks to queue
[2024-12-29T00:06:56.115+0000] {logging_mixin.py:190} INFO - [2024-12-29T00:06:56.114+0000] {dagbag.py:588} INFO - Filling up the DagBag from /home/airflow/.local/lib/python3.12/site-packages/airflow/example_dags/example_setup_teardown.py
[2024-12-29T00:06:56.133+0000] {processor.py:925} INFO - DAG(s) 'example_setup_teardown' retrieved from /home/airflow/.local/lib/python3.12/site-packages/airflow/example_dags/example_setup_teardown.py
[2024-12-29T00:06:56.183+0000] {logging_mixin.py:190} INFO - [2024-12-29T00:06:56.182+0000] {dag.py:3239} INFO - Sync 1 DAGs
[2024-12-29T00:06:56.208+0000] {logging_mixin.py:190} INFO - [2024-12-29T00:06:56.208+0000] {dag.py:4180} INFO - Setting next_dagrun for example_setup_teardown to None, run_after=None
[2024-12-29T00:06:56.254+0000] {processor.py:208} INFO - Processing /home/airflow/.local/lib/python3.12/site-packages/airflow/example_dags/example_setup_teardown.py took 0.157 seconds
[2024-12-29T00:07:26.717+0000] {processor.py:186} INFO - Started process (PID=553) to work on /home/airflow/.local/lib/python3.12/site-packages/airflow/example_dags/example_setup_teardown.py
[2024-12-29T00:07:26.718+0000] {processor.py:914} INFO - Processing file /home/airflow/.local/lib/python3.12/site-packages/airflow/example_dags/example_setup_teardown.py for tasks to queue
[2024-12-29T00:07:26.720+0000] {logging_mixin.py:190} INFO - [2024-12-29T00:07:26.720+0000] {dagbag.py:588} INFO - Filling up the DagBag from /home/airflow/.local/lib/python3.12/site-packages/airflow/example_dags/example_setup_teardown.py
[2024-12-29T00:07:26.729+0000] {processor.py:925} INFO - DAG(s) 'example_setup_teardown' retrieved from /home/airflow/.local/lib/python3.12/site-packages/airflow/example_dags/example_setup_teardown.py
[2024-12-29T00:07:26.757+0000] {logging_mixin.py:190} INFO - [2024-12-29T00:07:26.757+0000] {dag.py:3239} INFO - Sync 1 DAGs
[2024-12-29T00:07:26.775+0000] {logging_mixin.py:190} INFO - [2024-12-29T00:07:26.774+0000] {dag.py:4180} INFO - Setting next_dagrun for example_setup_teardown to None, run_after=None
[2024-12-29T00:07:26.800+0000] {processor.py:208} INFO - Processing /home/airflow/.local/lib/python3.12/site-packages/airflow/example_dags/example_setup_teardown.py took 0.089 seconds
[2024-12-29T00:07:58.361+0000] {processor.py:186} INFO - Started process (PID=616) to work on /home/airflow/.local/lib/python3.12/site-packages/airflow/example_dags/example_setup_teardown.py
[2024-12-29T00:07:58.363+0000] {processor.py:914} INFO - Processing file /home/airflow/.local/lib/python3.12/site-packages/airflow/example_dags/example_setup_teardown.py for tasks to queue
[2024-12-29T00:07:58.368+0000] {logging_mixin.py:190} INFO - [2024-12-29T00:07:58.367+0000] {dagbag.py:588} INFO - Filling up the DagBag from /home/airflow/.local/lib/python3.12/site-packages/airflow/example_dags/example_setup_teardown.py
[2024-12-29T00:07:58.394+0000] {processor.py:925} INFO - DAG(s) 'example_setup_teardown' retrieved from /home/airflow/.local/lib/python3.12/site-packages/airflow/example_dags/example_setup_teardown.py
[2024-12-29T00:07:58.442+0000] {logging_mixin.py:190} INFO - [2024-12-29T00:07:58.442+0000] {dag.py:3239} INFO - Sync 1 DAGs
[2024-12-29T00:07:58.463+0000] {logging_mixin.py:190} INFO - [2024-12-29T00:07:58.462+0000] {dag.py:4180} INFO - Setting next_dagrun for example_setup_teardown to None, run_after=None
[2024-12-29T00:07:58.493+0000] {processor.py:208} INFO - Processing /home/airflow/.local/lib/python3.12/site-packages/airflow/example_dags/example_setup_teardown.py took 0.154 seconds
[2024-12-29T00:08:28.644+0000] {processor.py:186} INFO - Started process (PID=678) to work on /home/airflow/.local/lib/python3.12/site-packages/airflow/example_dags/example_setup_teardown.py
[2024-12-29T00:08:28.646+0000] {processor.py:914} INFO - Processing file /home/airflow/.local/lib/python3.12/site-packages/airflow/example_dags/example_setup_teardown.py for tasks to queue
[2024-12-29T00:08:28.649+0000] {logging_mixin.py:190} INFO - [2024-12-29T00:08:28.648+0000] {dagbag.py:588} INFO - Filling up the DagBag from /home/airflow/.local/lib/python3.12/site-packages/airflow/example_dags/example_setup_teardown.py
[2024-12-29T00:08:28.660+0000] {processor.py:925} INFO - DAG(s) 'example_setup_teardown' retrieved from /home/airflow/.local/lib/python3.12/site-packages/airflow/example_dags/example_setup_teardown.py
[2024-12-29T00:08:28.691+0000] {logging_mixin.py:190} INFO - [2024-12-29T00:08:28.690+0000] {dag.py:3239} INFO - Sync 1 DAGs
[2024-12-29T00:08:28.709+0000] {logging_mixin.py:190} INFO - [2024-12-29T00:08:28.708+0000] {dag.py:4180} INFO - Setting next_dagrun for example_setup_teardown to None, run_after=None
[2024-12-29T00:08:28.738+0000] {processor.py:208} INFO - Processing /home/airflow/.local/lib/python3.12/site-packages/airflow/example_dags/example_setup_teardown.py took 0.103 seconds
[2024-12-29T00:08:58.881+0000] {processor.py:186} INFO - Started process (PID=742) to work on /home/airflow/.local/lib/python3.12/site-packages/airflow/example_dags/example_setup_teardown.py
[2024-12-29T00:08:58.882+0000] {processor.py:914} INFO - Processing file /home/airflow/.local/lib/python3.12/site-packages/airflow/example_dags/example_setup_teardown.py for tasks to queue
[2024-12-29T00:08:58.885+0000] {logging_mixin.py:190} INFO - [2024-12-29T00:08:58.885+0000] {dagbag.py:588} INFO - Filling up the DagBag from /home/airflow/.local/lib/python3.12/site-packages/airflow/example_dags/example_setup_teardown.py
[2024-12-29T00:08:58.897+0000] {processor.py:925} INFO - DAG(s) 'example_setup_teardown' retrieved from /home/airflow/.local/lib/python3.12/site-packages/airflow/example_dags/example_setup_teardown.py
[2024-12-29T00:08:58.928+0000] {logging_mixin.py:190} INFO - [2024-12-29T00:08:58.927+0000] {dag.py:3239} INFO - Sync 1 DAGs
[2024-12-29T00:08:58.951+0000] {logging_mixin.py:190} INFO - [2024-12-29T00:08:58.951+0000] {dag.py:4180} INFO - Setting next_dagrun for example_setup_teardown to None, run_after=None
[2024-12-29T00:08:58.984+0000] {processor.py:208} INFO - Processing /home/airflow/.local/lib/python3.12/site-packages/airflow/example_dags/example_setup_teardown.py took 0.111 seconds
[2024-12-29T00:09:29.074+0000] {processor.py:186} INFO - Started process (PID=806) to work on /home/airflow/.local/lib/python3.12/site-packages/airflow/example_dags/example_setup_teardown.py
[2024-12-29T00:09:29.076+0000] {processor.py:914} INFO - Processing file /home/airflow/.local/lib/python3.12/site-packages/airflow/example_dags/example_setup_teardown.py for tasks to queue
[2024-12-29T00:09:29.078+0000] {logging_mixin.py:190} INFO - [2024-12-29T00:09:29.078+0000] {dagbag.py:588} INFO - Filling up the DagBag from /home/airflow/.local/lib/python3.12/site-packages/airflow/example_dags/example_setup_teardown.py
[2024-12-29T00:09:29.085+0000] {processor.py:925} INFO - DAG(s) 'example_setup_teardown' retrieved from /home/airflow/.local/lib/python3.12/site-packages/airflow/example_dags/example_setup_teardown.py
[2024-12-29T00:09:29.110+0000] {logging_mixin.py:190} INFO - [2024-12-29T00:09:29.110+0000] {dag.py:3239} INFO - Sync 1 DAGs
[2024-12-29T00:09:29.126+0000] {logging_mixin.py:190} INFO - [2024-12-29T00:09:29.126+0000] {dag.py:4180} INFO - Setting next_dagrun for example_setup_teardown to None, run_after=None
[2024-12-29T00:09:29.153+0000] {processor.py:208} INFO - Processing /home/airflow/.local/lib/python3.12/site-packages/airflow/example_dags/example_setup_teardown.py took 0.084 seconds
[2024-12-29T00:09:59.223+0000] {processor.py:186} INFO - Started process (PID=870) to work on /home/airflow/.local/lib/python3.12/site-packages/airflow/example_dags/example_setup_teardown.py
[2024-12-29T00:09:59.226+0000] {processor.py:914} INFO - Processing file /home/airflow/.local/lib/python3.12/site-packages/airflow/example_dags/example_setup_teardown.py for tasks to queue
[2024-12-29T00:09:59.228+0000] {logging_mixin.py:190} INFO - [2024-12-29T00:09:59.227+0000] {dagbag.py:588} INFO - Filling up the DagBag from /home/airflow/.local/lib/python3.12/site-packages/airflow/example_dags/example_setup_teardown.py
[2024-12-29T00:09:59.237+0000] {processor.py:925} INFO - DAG(s) 'example_setup_teardown' retrieved from /home/airflow/.local/lib/python3.12/site-packages/airflow/example_dags/example_setup_teardown.py
[2024-12-29T00:09:59.260+0000] {logging_mixin.py:190} INFO - [2024-12-29T00:09:59.260+0000] {dag.py:3239} INFO - Sync 1 DAGs
[2024-12-29T00:09:59.273+0000] {logging_mixin.py:190} INFO - [2024-12-29T00:09:59.273+0000] {dag.py:4180} INFO - Setting next_dagrun for example_setup_teardown to None, run_after=None
[2024-12-29T00:09:59.294+0000] {processor.py:208} INFO - Processing /home/airflow/.local/lib/python3.12/site-packages/airflow/example_dags/example_setup_teardown.py took 0.076 seconds
[2024-12-29T00:10:29.437+0000] {processor.py:186} INFO - Started process (PID=934) to work on /home/airflow/.local/lib/python3.12/site-packages/airflow/example_dags/example_setup_teardown.py
[2024-12-29T00:10:29.439+0000] {processor.py:914} INFO - Processing file /home/airflow/.local/lib/python3.12/site-packages/airflow/example_dags/example_setup_teardown.py for tasks to queue
[2024-12-29T00:10:29.442+0000] {logging_mixin.py:190} INFO - [2024-12-29T00:10:29.442+0000] {dagbag.py:588} INFO - Filling up the DagBag from /home/airflow/.local/lib/python3.12/site-packages/airflow/example_dags/example_setup_teardown.py
[2024-12-29T00:10:29.452+0000] {processor.py:925} INFO - DAG(s) 'example_setup_teardown' retrieved from /home/airflow/.local/lib/python3.12/site-packages/airflow/example_dags/example_setup_teardown.py
[2024-12-29T00:10:29.477+0000] {logging_mixin.py:190} INFO - [2024-12-29T00:10:29.477+0000] {dag.py:3239} INFO - Sync 1 DAGs
[2024-12-29T00:10:29.493+0000] {logging_mixin.py:190} INFO - [2024-12-29T00:10:29.493+0000] {dag.py:4180} INFO - Setting next_dagrun for example_setup_teardown to None, run_after=None
[2024-12-29T00:10:29.518+0000] {processor.py:208} INFO - Processing /home/airflow/.local/lib/python3.12/site-packages/airflow/example_dags/example_setup_teardown.py took 0.086 seconds
[2024-12-29T00:11:00.063+0000] {processor.py:186} INFO - Started process (PID=998) to work on /home/airflow/.local/lib/python3.12/site-packages/airflow/example_dags/example_setup_teardown.py
[2024-12-29T00:11:00.065+0000] {processor.py:914} INFO - Processing file /home/airflow/.local/lib/python3.12/site-packages/airflow/example_dags/example_setup_teardown.py for tasks to queue
[2024-12-29T00:11:00.068+0000] {logging_mixin.py:190} INFO - [2024-12-29T00:11:00.068+0000] {dagbag.py:588} INFO - Filling up the DagBag from /home/airflow/.local/lib/python3.12/site-packages/airflow/example_dags/example_setup_teardown.py
[2024-12-29T00:11:00.080+0000] {processor.py:925} INFO - DAG(s) 'example_setup_teardown' retrieved from /home/airflow/.local/lib/python3.12/site-packages/airflow/example_dags/example_setup_teardown.py
[2024-12-29T00:11:00.109+0000] {logging_mixin.py:190} INFO - [2024-12-29T00:11:00.108+0000] {dag.py:3239} INFO - Sync 1 DAGs
[2024-12-29T00:11:00.126+0000] {logging_mixin.py:190} INFO - [2024-12-29T00:11:00.126+0000] {dag.py:4180} INFO - Setting next_dagrun for example_setup_teardown to None, run_after=None
[2024-12-29T00:11:00.156+0000] {processor.py:208} INFO - Processing /home/airflow/.local/lib/python3.12/site-packages/airflow/example_dags/example_setup_teardown.py took 0.099 seconds
[2024-12-29T00:11:30.572+0000] {processor.py:186} INFO - Started process (PID=1062) to work on /home/airflow/.local/lib/python3.12/site-packages/airflow/example_dags/example_setup_teardown.py
[2024-12-29T00:11:30.574+0000] {processor.py:914} INFO - Processing file /home/airflow/.local/lib/python3.12/site-packages/airflow/example_dags/example_setup_teardown.py for tasks to queue
[2024-12-29T00:11:30.576+0000] {logging_mixin.py:190} INFO - [2024-12-29T00:11:30.576+0000] {dagbag.py:588} INFO - Filling up the DagBag from /home/airflow/.local/lib/python3.12/site-packages/airflow/example_dags/example_setup_teardown.py
[2024-12-29T00:11:30.584+0000] {processor.py:925} INFO - DAG(s) 'example_setup_teardown' retrieved from /home/airflow/.local/lib/python3.12/site-packages/airflow/example_dags/example_setup_teardown.py
[2024-12-29T00:11:30.609+0000] {logging_mixin.py:190} INFO - [2024-12-29T00:11:30.608+0000] {dag.py:3239} INFO - Sync 1 DAGs
[2024-12-29T00:11:30.624+0000] {logging_mixin.py:190} INFO - [2024-12-29T00:11:30.624+0000] {dag.py:4180} INFO - Setting next_dagrun for example_setup_teardown to None, run_after=None
[2024-12-29T00:11:30.648+0000] {processor.py:208} INFO - Processing /home/airflow/.local/lib/python3.12/site-packages/airflow/example_dags/example_setup_teardown.py took 0.081 seconds
[2024-12-29T00:12:00.996+0000] {processor.py:186} INFO - Started process (PID=1126) to work on /home/airflow/.local/lib/python3.12/site-packages/airflow/example_dags/example_setup_teardown.py
[2024-12-29T00:12:00.999+0000] {processor.py:914} INFO - Processing file /home/airflow/.local/lib/python3.12/site-packages/airflow/example_dags/example_setup_teardown.py for tasks to queue
[2024-12-29T00:12:01.001+0000] {logging_mixin.py:190} INFO - [2024-12-29T00:12:01.001+0000] {dagbag.py:588} INFO - Filling up the DagBag from /home/airflow/.local/lib/python3.12/site-packages/airflow/example_dags/example_setup_teardown.py
[2024-12-29T00:12:01.014+0000] {processor.py:925} INFO - DAG(s) 'example_setup_teardown' retrieved from /home/airflow/.local/lib/python3.12/site-packages/airflow/example_dags/example_setup_teardown.py
[2024-12-29T00:12:01.045+0000] {logging_mixin.py:190} INFO - [2024-12-29T00:12:01.045+0000] {dag.py:3239} INFO - Sync 1 DAGs
[2024-12-29T00:12:01.065+0000] {logging_mixin.py:190} INFO - [2024-12-29T00:12:01.065+0000] {dag.py:4180} INFO - Setting next_dagrun for example_setup_teardown to None, run_after=None
[2024-12-29T00:12:01.095+0000] {processor.py:208} INFO - Processing /home/airflow/.local/lib/python3.12/site-packages/airflow/example_dags/example_setup_teardown.py took 0.107 seconds
[2024-12-29T00:12:32.000+0000] {processor.py:186} INFO - Started process (PID=1190) to work on /home/airflow/.local/lib/python3.12/site-packages/airflow/example_dags/example_setup_teardown.py
[2024-12-29T00:12:32.011+0000] {processor.py:914} INFO - Processing file /home/airflow/.local/lib/python3.12/site-packages/airflow/example_dags/example_setup_teardown.py for tasks to queue
[2024-12-29T00:12:32.014+0000] {logging_mixin.py:190} INFO - [2024-12-29T00:12:32.013+0000] {dagbag.py:588} INFO - Filling up the DagBag from /home/airflow/.local/lib/python3.12/site-packages/airflow/example_dags/example_setup_teardown.py
[2024-12-29T00:12:32.028+0000] {processor.py:925} INFO - DAG(s) 'example_setup_teardown' retrieved from /home/airflow/.local/lib/python3.12/site-packages/airflow/example_dags/example_setup_teardown.py
[2024-12-29T00:12:32.064+0000] {logging_mixin.py:190} INFO - [2024-12-29T00:12:32.064+0000] {dag.py:3239} INFO - Sync 1 DAGs
[2024-12-29T00:12:32.103+0000] {logging_mixin.py:190} INFO - [2024-12-29T00:12:32.102+0000] {dag.py:4180} INFO - Setting next_dagrun for example_setup_teardown to None, run_after=None
[2024-12-29T00:12:32.140+0000] {processor.py:208} INFO - Processing /home/airflow/.local/lib/python3.12/site-packages/airflow/example_dags/example_setup_teardown.py took 0.151 seconds
[2024-12-29T00:13:03.198+0000] {processor.py:186} INFO - Started process (PID=1254) to work on /home/airflow/.local/lib/python3.12/site-packages/airflow/example_dags/example_setup_teardown.py
[2024-12-29T00:13:03.401+0000] {processor.py:914} INFO - Processing file /home/airflow/.local/lib/python3.12/site-packages/airflow/example_dags/example_setup_teardown.py for tasks to queue
[2024-12-29T00:13:03.405+0000] {logging_mixin.py:190} INFO - [2024-12-29T00:13:03.404+0000] {dagbag.py:588} INFO - Filling up the DagBag from /home/airflow/.local/lib/python3.12/site-packages/airflow/example_dags/example_setup_teardown.py
[2024-12-29T00:13:03.565+0000] {processor.py:925} INFO - DAG(s) 'example_setup_teardown' retrieved from /home/airflow/.local/lib/python3.12/site-packages/airflow/example_dags/example_setup_teardown.py
[2024-12-29T00:13:04.025+0000] {logging_mixin.py:190} INFO - [2024-12-29T00:13:04.024+0000] {dag.py:3239} INFO - Sync 1 DAGs
[2024-12-29T00:13:04.467+0000] {logging_mixin.py:190} INFO - [2024-12-29T00:13:04.467+0000] {dag.py:4180} INFO - Setting next_dagrun for example_setup_teardown to None, run_after=None
[2024-12-29T00:13:04.511+0000] {processor.py:208} INFO - Processing /home/airflow/.local/lib/python3.12/site-packages/airflow/example_dags/example_setup_teardown.py took 1.365 seconds
[2024-12-29T00:13:35.103+0000] {processor.py:186} INFO - Started process (PID=1318) to work on /home/airflow/.local/lib/python3.12/site-packages/airflow/example_dags/example_setup_teardown.py
[2024-12-29T00:13:35.104+0000] {processor.py:914} INFO - Processing file /home/airflow/.local/lib/python3.12/site-packages/airflow/example_dags/example_setup_teardown.py for tasks to queue
[2024-12-29T00:13:35.107+0000] {logging_mixin.py:190} INFO - [2024-12-29T00:13:35.107+0000] {dagbag.py:588} INFO - Filling up the DagBag from /home/airflow/.local/lib/python3.12/site-packages/airflow/example_dags/example_setup_teardown.py
[2024-12-29T00:13:35.115+0000] {processor.py:925} INFO - DAG(s) 'example_setup_teardown' retrieved from /home/airflow/.local/lib/python3.12/site-packages/airflow/example_dags/example_setup_teardown.py
[2024-12-29T00:13:35.142+0000] {logging_mixin.py:190} INFO - [2024-12-29T00:13:35.142+0000] {dag.py:3239} INFO - Sync 1 DAGs
[2024-12-29T00:13:35.158+0000] {logging_mixin.py:190} INFO - [2024-12-29T00:13:35.158+0000] {dag.py:4180} INFO - Setting next_dagrun for example_setup_teardown to None, run_after=None
[2024-12-29T00:13:35.183+0000] {processor.py:208} INFO - Processing /home/airflow/.local/lib/python3.12/site-packages/airflow/example_dags/example_setup_teardown.py took 0.087 seconds
[2024-12-29T00:14:05.476+0000] {processor.py:186} INFO - Started process (PID=1383) to work on /home/airflow/.local/lib/python3.12/site-packages/airflow/example_dags/example_setup_teardown.py
[2024-12-29T00:14:05.478+0000] {processor.py:914} INFO - Processing file /home/airflow/.local/lib/python3.12/site-packages/airflow/example_dags/example_setup_teardown.py for tasks to queue
[2024-12-29T00:14:05.481+0000] {logging_mixin.py:190} INFO - [2024-12-29T00:14:05.481+0000] {dagbag.py:588} INFO - Filling up the DagBag from /home/airflow/.local/lib/python3.12/site-packages/airflow/example_dags/example_setup_teardown.py
[2024-12-29T00:14:05.489+0000] {processor.py:925} INFO - DAG(s) 'example_setup_teardown' retrieved from /home/airflow/.local/lib/python3.12/site-packages/airflow/example_dags/example_setup_teardown.py
[2024-12-29T00:14:05.517+0000] {logging_mixin.py:190} INFO - [2024-12-29T00:14:05.516+0000] {dag.py:3239} INFO - Sync 1 DAGs
[2024-12-29T00:14:05.533+0000] {logging_mixin.py:190} INFO - [2024-12-29T00:14:05.533+0000] {dag.py:4180} INFO - Setting next_dagrun for example_setup_teardown to None, run_after=None
[2024-12-29T00:14:05.561+0000] {processor.py:208} INFO - Processing /home/airflow/.local/lib/python3.12/site-packages/airflow/example_dags/example_setup_teardown.py took 0.090 seconds
[2024-12-29T00:14:35.985+0000] {processor.py:186} INFO - Started process (PID=1448) to work on /home/airflow/.local/lib/python3.12/site-packages/airflow/example_dags/example_setup_teardown.py
[2024-12-29T00:14:35.987+0000] {processor.py:914} INFO - Processing file /home/airflow/.local/lib/python3.12/site-packages/airflow/example_dags/example_setup_teardown.py for tasks to queue
[2024-12-29T00:14:35.990+0000] {logging_mixin.py:190} INFO - [2024-12-29T00:14:35.989+0000] {dagbag.py:588} INFO - Filling up the DagBag from /home/airflow/.local/lib/python3.12/site-packages/airflow/example_dags/example_setup_teardown.py
[2024-12-29T00:14:36.000+0000] {processor.py:925} INFO - DAG(s) 'example_setup_teardown' retrieved from /home/airflow/.local/lib/python3.12/site-packages/airflow/example_dags/example_setup_teardown.py
[2024-12-29T00:14:36.027+0000] {logging_mixin.py:190} INFO - [2024-12-29T00:14:36.027+0000] {dag.py:3239} INFO - Sync 1 DAGs
[2024-12-29T00:14:36.043+0000] {logging_mixin.py:190} INFO - [2024-12-29T00:14:36.043+0000] {dag.py:4180} INFO - Setting next_dagrun for example_setup_teardown to None, run_after=None
[2024-12-29T00:14:36.068+0000] {processor.py:208} INFO - Processing /home/airflow/.local/lib/python3.12/site-packages/airflow/example_dags/example_setup_teardown.py took 0.090 seconds
[2024-12-29T00:15:06.117+0000] {processor.py:186} INFO - Started process (PID=1513) to work on /home/airflow/.local/lib/python3.12/site-packages/airflow/example_dags/example_setup_teardown.py
[2024-12-29T00:15:06.119+0000] {processor.py:914} INFO - Processing file /home/airflow/.local/lib/python3.12/site-packages/airflow/example_dags/example_setup_teardown.py for tasks to queue
[2024-12-29T00:15:06.122+0000] {logging_mixin.py:190} INFO - [2024-12-29T00:15:06.121+0000] {dagbag.py:588} INFO - Filling up the DagBag from /home/airflow/.local/lib/python3.12/site-packages/airflow/example_dags/example_setup_teardown.py
[2024-12-29T00:15:06.142+0000] {processor.py:925} INFO - DAG(s) 'example_setup_teardown' retrieved from /home/airflow/.local/lib/python3.12/site-packages/airflow/example_dags/example_setup_teardown.py
[2024-12-29T00:15:06.197+0000] {logging_mixin.py:190} INFO - [2024-12-29T00:15:06.197+0000] {dag.py:3239} INFO - Sync 1 DAGs
[2024-12-29T00:15:06.222+0000] {logging_mixin.py:190} INFO - [2024-12-29T00:15:06.221+0000] {dag.py:4180} INFO - Setting next_dagrun for example_setup_teardown to None, run_after=None
[2024-12-29T00:15:06.263+0000] {processor.py:208} INFO - Processing /home/airflow/.local/lib/python3.12/site-packages/airflow/example_dags/example_setup_teardown.py took 0.154 seconds
[2024-12-29T00:15:36.508+0000] {processor.py:186} INFO - Started process (PID=1577) to work on /home/airflow/.local/lib/python3.12/site-packages/airflow/example_dags/example_setup_teardown.py
[2024-12-29T00:15:36.511+0000] {processor.py:914} INFO - Processing file /home/airflow/.local/lib/python3.12/site-packages/airflow/example_dags/example_setup_teardown.py for tasks to queue
[2024-12-29T00:15:36.515+0000] {logging_mixin.py:190} INFO - [2024-12-29T00:15:36.514+0000] {dagbag.py:588} INFO - Filling up the DagBag from /home/airflow/.local/lib/python3.12/site-packages/airflow/example_dags/example_setup_teardown.py
[2024-12-29T00:15:36.529+0000] {processor.py:925} INFO - DAG(s) 'example_setup_teardown' retrieved from /home/airflow/.local/lib/python3.12/site-packages/airflow/example_dags/example_setup_teardown.py
[2024-12-29T00:15:36.566+0000] {logging_mixin.py:190} INFO - [2024-12-29T00:15:36.565+0000] {dag.py:3239} INFO - Sync 1 DAGs
[2024-12-29T00:15:36.591+0000] {logging_mixin.py:190} INFO - [2024-12-29T00:15:36.591+0000] {dag.py:4180} INFO - Setting next_dagrun for example_setup_teardown to None, run_after=None
[2024-12-29T00:15:36.626+0000] {processor.py:208} INFO - Processing /home/airflow/.local/lib/python3.12/site-packages/airflow/example_dags/example_setup_teardown.py took 0.126 seconds
[2024-12-29T00:16:07.057+0000] {processor.py:186} INFO - Started process (PID=1636) to work on /home/airflow/.local/lib/python3.12/site-packages/airflow/example_dags/example_setup_teardown.py
[2024-12-29T00:16:07.059+0000] {processor.py:914} INFO - Processing file /home/airflow/.local/lib/python3.12/site-packages/airflow/example_dags/example_setup_teardown.py for tasks to queue
[2024-12-29T00:16:07.062+0000] {logging_mixin.py:190} INFO - [2024-12-29T00:16:07.062+0000] {dagbag.py:588} INFO - Filling up the DagBag from /home/airflow/.local/lib/python3.12/site-packages/airflow/example_dags/example_setup_teardown.py
[2024-12-29T00:16:07.075+0000] {processor.py:925} INFO - DAG(s) 'example_setup_teardown' retrieved from /home/airflow/.local/lib/python3.12/site-packages/airflow/example_dags/example_setup_teardown.py
[2024-12-29T00:16:07.110+0000] {logging_mixin.py:190} INFO - [2024-12-29T00:16:07.109+0000] {dag.py:3239} INFO - Sync 1 DAGs
[2024-12-29T00:16:07.132+0000] {logging_mixin.py:190} INFO - [2024-12-29T00:16:07.131+0000] {dag.py:4180} INFO - Setting next_dagrun for example_setup_teardown to None, run_after=None
[2024-12-29T00:16:07.165+0000] {processor.py:208} INFO - Processing /home/airflow/.local/lib/python3.12/site-packages/airflow/example_dags/example_setup_teardown.py took 0.119 seconds
[2024-12-29T00:16:38.079+0000] {processor.py:186} INFO - Started process (PID=1698) to work on /home/airflow/.local/lib/python3.12/site-packages/airflow/example_dags/example_setup_teardown.py
[2024-12-29T00:16:38.081+0000] {processor.py:914} INFO - Processing file /home/airflow/.local/lib/python3.12/site-packages/airflow/example_dags/example_setup_teardown.py for tasks to queue
[2024-12-29T00:16:38.084+0000] {logging_mixin.py:190} INFO - [2024-12-29T00:16:38.084+0000] {dagbag.py:588} INFO - Filling up the DagBag from /home/airflow/.local/lib/python3.12/site-packages/airflow/example_dags/example_setup_teardown.py
[2024-12-29T00:16:38.096+0000] {processor.py:925} INFO - DAG(s) 'example_setup_teardown' retrieved from /home/airflow/.local/lib/python3.12/site-packages/airflow/example_dags/example_setup_teardown.py
[2024-12-29T00:16:38.124+0000] {logging_mixin.py:190} INFO - [2024-12-29T00:16:38.123+0000] {dag.py:3239} INFO - Sync 1 DAGs
[2024-12-29T00:16:38.141+0000] {logging_mixin.py:190} INFO - [2024-12-29T00:16:38.141+0000] {dag.py:4180} INFO - Setting next_dagrun for example_setup_teardown to None, run_after=None
[2024-12-29T00:16:38.170+0000] {processor.py:208} INFO - Processing /home/airflow/.local/lib/python3.12/site-packages/airflow/example_dags/example_setup_teardown.py took 0.097 seconds
[2024-12-29T00:19:58.327+0000] {processor.py:186} INFO - Started process (PID=103) to work on /home/airflow/.local/lib/python3.12/site-packages/airflow/example_dags/example_setup_teardown.py
[2024-12-29T00:19:58.329+0000] {processor.py:914} INFO - Processing file /home/airflow/.local/lib/python3.12/site-packages/airflow/example_dags/example_setup_teardown.py for tasks to queue
[2024-12-29T00:19:58.331+0000] {logging_mixin.py:190} INFO - [2024-12-29T00:19:58.331+0000] {dagbag.py:588} INFO - Filling up the DagBag from /home/airflow/.local/lib/python3.12/site-packages/airflow/example_dags/example_setup_teardown.py
[2024-12-29T00:19:58.344+0000] {processor.py:925} INFO - DAG(s) 'example_setup_teardown' retrieved from /home/airflow/.local/lib/python3.12/site-packages/airflow/example_dags/example_setup_teardown.py
[2024-12-29T00:19:58.372+0000] {logging_mixin.py:190} INFO - [2024-12-29T00:19:58.372+0000] {dag.py:3239} INFO - Sync 1 DAGs
[2024-12-29T00:19:58.387+0000] {logging_mixin.py:190} INFO - [2024-12-29T00:19:58.387+0000] {dag.py:4180} INFO - Setting next_dagrun for example_setup_teardown to None, run_after=None
[2024-12-29T00:19:58.415+0000] {processor.py:208} INFO - Processing /home/airflow/.local/lib/python3.12/site-packages/airflow/example_dags/example_setup_teardown.py took 0.094 seconds
[2024-12-29T00:20:31.114+0000] {processor.py:186} INFO - Started process (PID=168) to work on /home/airflow/.local/lib/python3.12/site-packages/airflow/example_dags/example_setup_teardown.py
[2024-12-29T00:20:31.115+0000] {processor.py:914} INFO - Processing file /home/airflow/.local/lib/python3.12/site-packages/airflow/example_dags/example_setup_teardown.py for tasks to queue
[2024-12-29T00:20:31.118+0000] {logging_mixin.py:190} INFO - [2024-12-29T00:20:31.118+0000] {dagbag.py:588} INFO - Filling up the DagBag from /home/airflow/.local/lib/python3.12/site-packages/airflow/example_dags/example_setup_teardown.py
[2024-12-29T00:20:31.127+0000] {processor.py:925} INFO - DAG(s) 'example_setup_teardown' retrieved from /home/airflow/.local/lib/python3.12/site-packages/airflow/example_dags/example_setup_teardown.py
[2024-12-29T00:20:31.154+0000] {logging_mixin.py:190} INFO - [2024-12-29T00:20:31.154+0000] {dag.py:3239} INFO - Sync 1 DAGs
[2024-12-29T00:20:31.169+0000] {logging_mixin.py:190} INFO - [2024-12-29T00:20:31.169+0000] {dag.py:4180} INFO - Setting next_dagrun for example_setup_teardown to None, run_after=None
[2024-12-29T00:20:31.195+0000] {processor.py:208} INFO - Processing /home/airflow/.local/lib/python3.12/site-packages/airflow/example_dags/example_setup_teardown.py took 0.088 seconds
[2024-12-29T00:21:02.650+0000] {processor.py:186} INFO - Started process (PID=233) to work on /home/airflow/.local/lib/python3.12/site-packages/airflow/example_dags/example_setup_teardown.py
[2024-12-29T00:21:02.652+0000] {processor.py:914} INFO - Processing file /home/airflow/.local/lib/python3.12/site-packages/airflow/example_dags/example_setup_teardown.py for tasks to queue
[2024-12-29T00:21:02.654+0000] {logging_mixin.py:190} INFO - [2024-12-29T00:21:02.654+0000] {dagbag.py:588} INFO - Filling up the DagBag from /home/airflow/.local/lib/python3.12/site-packages/airflow/example_dags/example_setup_teardown.py
[2024-12-29T00:21:02.664+0000] {processor.py:925} INFO - DAG(s) 'example_setup_teardown' retrieved from /home/airflow/.local/lib/python3.12/site-packages/airflow/example_dags/example_setup_teardown.py
[2024-12-29T00:21:02.693+0000] {logging_mixin.py:190} INFO - [2024-12-29T00:21:02.693+0000] {dag.py:3239} INFO - Sync 1 DAGs
[2024-12-29T00:21:02.711+0000] {logging_mixin.py:190} INFO - [2024-12-29T00:21:02.711+0000] {dag.py:4180} INFO - Setting next_dagrun for example_setup_teardown to None, run_after=None
[2024-12-29T00:21:02.740+0000] {processor.py:208} INFO - Processing /home/airflow/.local/lib/python3.12/site-packages/airflow/example_dags/example_setup_teardown.py took 0.098 seconds
[2024-12-29T00:21:34.275+0000] {processor.py:186} INFO - Started process (PID=298) to work on /home/airflow/.local/lib/python3.12/site-packages/airflow/example_dags/example_setup_teardown.py
[2024-12-29T00:21:34.276+0000] {processor.py:914} INFO - Processing file /home/airflow/.local/lib/python3.12/site-packages/airflow/example_dags/example_setup_teardown.py for tasks to queue
[2024-12-29T00:21:34.279+0000] {logging_mixin.py:190} INFO - [2024-12-29T00:21:34.279+0000] {dagbag.py:588} INFO - Filling up the DagBag from /home/airflow/.local/lib/python3.12/site-packages/airflow/example_dags/example_setup_teardown.py
[2024-12-29T00:21:34.289+0000] {processor.py:925} INFO - DAG(s) 'example_setup_teardown' retrieved from /home/airflow/.local/lib/python3.12/site-packages/airflow/example_dags/example_setup_teardown.py
[2024-12-29T00:21:34.319+0000] {logging_mixin.py:190} INFO - [2024-12-29T00:21:34.319+0000] {dag.py:3239} INFO - Sync 1 DAGs
[2024-12-29T00:21:34.338+0000] {logging_mixin.py:190} INFO - [2024-12-29T00:21:34.338+0000] {dag.py:4180} INFO - Setting next_dagrun for example_setup_teardown to None, run_after=None
[2024-12-29T00:21:34.369+0000] {processor.py:208} INFO - Processing /home/airflow/.local/lib/python3.12/site-packages/airflow/example_dags/example_setup_teardown.py took 0.101 seconds
[2024-12-29T00:22:05.883+0000] {processor.py:186} INFO - Started process (PID=363) to work on /home/airflow/.local/lib/python3.12/site-packages/airflow/example_dags/example_setup_teardown.py
[2024-12-29T00:22:05.892+0000] {processor.py:914} INFO - Processing file /home/airflow/.local/lib/python3.12/site-packages/airflow/example_dags/example_setup_teardown.py for tasks to queue
[2024-12-29T00:22:05.894+0000] {logging_mixin.py:190} INFO - [2024-12-29T00:22:05.894+0000] {dagbag.py:588} INFO - Filling up the DagBag from /home/airflow/.local/lib/python3.12/site-packages/airflow/example_dags/example_setup_teardown.py
[2024-12-29T00:22:05.902+0000] {processor.py:925} INFO - DAG(s) 'example_setup_teardown' retrieved from /home/airflow/.local/lib/python3.12/site-packages/airflow/example_dags/example_setup_teardown.py
[2024-12-29T00:22:05.931+0000] {logging_mixin.py:190} INFO - [2024-12-29T00:22:05.930+0000] {dag.py:3239} INFO - Sync 1 DAGs
[2024-12-29T00:22:05.947+0000] {logging_mixin.py:190} INFO - [2024-12-29T00:22:05.947+0000] {dag.py:4180} INFO - Setting next_dagrun for example_setup_teardown to None, run_after=None
[2024-12-29T00:22:05.978+0000] {processor.py:208} INFO - Processing /home/airflow/.local/lib/python3.12/site-packages/airflow/example_dags/example_setup_teardown.py took 0.101 seconds
[2024-12-29T00:22:37.259+0000] {processor.py:186} INFO - Started process (PID=428) to work on /home/airflow/.local/lib/python3.12/site-packages/airflow/example_dags/example_setup_teardown.py
[2024-12-29T00:22:37.260+0000] {processor.py:914} INFO - Processing file /home/airflow/.local/lib/python3.12/site-packages/airflow/example_dags/example_setup_teardown.py for tasks to queue
[2024-12-29T00:22:37.263+0000] {logging_mixin.py:190} INFO - [2024-12-29T00:22:37.262+0000] {dagbag.py:588} INFO - Filling up the DagBag from /home/airflow/.local/lib/python3.12/site-packages/airflow/example_dags/example_setup_teardown.py
[2024-12-29T00:22:37.271+0000] {processor.py:925} INFO - DAG(s) 'example_setup_teardown' retrieved from /home/airflow/.local/lib/python3.12/site-packages/airflow/example_dags/example_setup_teardown.py
[2024-12-29T00:22:37.294+0000] {logging_mixin.py:190} INFO - [2024-12-29T00:22:37.294+0000] {dag.py:3239} INFO - Sync 1 DAGs
[2024-12-29T00:22:37.309+0000] {logging_mixin.py:190} INFO - [2024-12-29T00:22:37.309+0000] {dag.py:4180} INFO - Setting next_dagrun for example_setup_teardown to None, run_after=None
[2024-12-29T00:22:37.333+0000] {processor.py:208} INFO - Processing /home/airflow/.local/lib/python3.12/site-packages/airflow/example_dags/example_setup_teardown.py took 0.081 seconds
[2024-12-29T00:23:09.545+0000] {processor.py:186} INFO - Started process (PID=499) to work on /home/airflow/.local/lib/python3.12/site-packages/airflow/example_dags/example_setup_teardown.py
[2024-12-29T00:23:09.547+0000] {processor.py:914} INFO - Processing file /home/airflow/.local/lib/python3.12/site-packages/airflow/example_dags/example_setup_teardown.py for tasks to queue
[2024-12-29T00:23:09.550+0000] {logging_mixin.py:190} INFO - [2024-12-29T00:23:09.549+0000] {dagbag.py:588} INFO - Filling up the DagBag from /home/airflow/.local/lib/python3.12/site-packages/airflow/example_dags/example_setup_teardown.py
[2024-12-29T00:23:09.560+0000] {processor.py:925} INFO - DAG(s) 'example_setup_teardown' retrieved from /home/airflow/.local/lib/python3.12/site-packages/airflow/example_dags/example_setup_teardown.py
[2024-12-29T00:23:09.591+0000] {logging_mixin.py:190} INFO - [2024-12-29T00:23:09.591+0000] {dag.py:3239} INFO - Sync 1 DAGs
[2024-12-29T00:23:09.611+0000] {logging_mixin.py:190} INFO - [2024-12-29T00:23:09.611+0000] {dag.py:4180} INFO - Setting next_dagrun for example_setup_teardown to None, run_after=None
[2024-12-29T00:23:09.645+0000] {processor.py:208} INFO - Processing /home/airflow/.local/lib/python3.12/site-packages/airflow/example_dags/example_setup_teardown.py took 0.106 seconds
[2024-12-29T00:23:40.324+0000] {processor.py:186} INFO - Started process (PID=565) to work on /home/airflow/.local/lib/python3.12/site-packages/airflow/example_dags/example_setup_teardown.py
[2024-12-29T00:23:40.326+0000] {processor.py:914} INFO - Processing file /home/airflow/.local/lib/python3.12/site-packages/airflow/example_dags/example_setup_teardown.py for tasks to queue
[2024-12-29T00:23:40.329+0000] {logging_mixin.py:190} INFO - [2024-12-29T00:23:40.328+0000] {dagbag.py:588} INFO - Filling up the DagBag from /home/airflow/.local/lib/python3.12/site-packages/airflow/example_dags/example_setup_teardown.py
[2024-12-29T00:23:40.337+0000] {processor.py:925} INFO - DAG(s) 'example_setup_teardown' retrieved from /home/airflow/.local/lib/python3.12/site-packages/airflow/example_dags/example_setup_teardown.py
[2024-12-29T00:23:40.364+0000] {logging_mixin.py:190} INFO - [2024-12-29T00:23:40.363+0000] {dag.py:3239} INFO - Sync 1 DAGs
[2024-12-29T00:23:40.381+0000] {logging_mixin.py:190} INFO - [2024-12-29T00:23:40.381+0000] {dag.py:4180} INFO - Setting next_dagrun for example_setup_teardown to None, run_after=None
[2024-12-29T00:23:40.406+0000] {processor.py:208} INFO - Processing /home/airflow/.local/lib/python3.12/site-packages/airflow/example_dags/example_setup_teardown.py took 0.087 seconds
[2024-12-29T00:24:11.468+0000] {processor.py:186} INFO - Started process (PID=630) to work on /home/airflow/.local/lib/python3.12/site-packages/airflow/example_dags/example_setup_teardown.py
[2024-12-29T00:24:11.470+0000] {processor.py:914} INFO - Processing file /home/airflow/.local/lib/python3.12/site-packages/airflow/example_dags/example_setup_teardown.py for tasks to queue
[2024-12-29T00:24:11.475+0000] {logging_mixin.py:190} INFO - [2024-12-29T00:24:11.474+0000] {dagbag.py:588} INFO - Filling up the DagBag from /home/airflow/.local/lib/python3.12/site-packages/airflow/example_dags/example_setup_teardown.py
[2024-12-29T00:24:11.491+0000] {processor.py:925} INFO - DAG(s) 'example_setup_teardown' retrieved from /home/airflow/.local/lib/python3.12/site-packages/airflow/example_dags/example_setup_teardown.py
[2024-12-29T00:24:11.526+0000] {logging_mixin.py:190} INFO - [2024-12-29T00:24:11.526+0000] {dag.py:3239} INFO - Sync 1 DAGs
[2024-12-29T00:24:11.558+0000] {logging_mixin.py:190} INFO - [2024-12-29T00:24:11.558+0000] {dag.py:4180} INFO - Setting next_dagrun for example_setup_teardown to None, run_after=None
[2024-12-29T00:24:11.589+0000] {processor.py:208} INFO - Processing /home/airflow/.local/lib/python3.12/site-packages/airflow/example_dags/example_setup_teardown.py took 0.134 seconds
[2024-12-29T00:24:41.661+0000] {processor.py:186} INFO - Started process (PID=694) to work on /home/airflow/.local/lib/python3.12/site-packages/airflow/example_dags/example_setup_teardown.py
[2024-12-29T00:24:41.663+0000] {processor.py:914} INFO - Processing file /home/airflow/.local/lib/python3.12/site-packages/airflow/example_dags/example_setup_teardown.py for tasks to queue
[2024-12-29T00:24:41.665+0000] {logging_mixin.py:190} INFO - [2024-12-29T00:24:41.665+0000] {dagbag.py:588} INFO - Filling up the DagBag from /home/airflow/.local/lib/python3.12/site-packages/airflow/example_dags/example_setup_teardown.py
[2024-12-29T00:24:41.674+0000] {processor.py:925} INFO - DAG(s) 'example_setup_teardown' retrieved from /home/airflow/.local/lib/python3.12/site-packages/airflow/example_dags/example_setup_teardown.py
[2024-12-29T00:24:41.710+0000] {logging_mixin.py:190} INFO - [2024-12-29T00:24:41.709+0000] {dag.py:3239} INFO - Sync 1 DAGs
[2024-12-29T00:24:41.737+0000] {logging_mixin.py:190} INFO - [2024-12-29T00:24:41.737+0000] {dag.py:4180} INFO - Setting next_dagrun for example_setup_teardown to None, run_after=None
[2024-12-29T00:24:41.768+0000] {processor.py:208} INFO - Processing /home/airflow/.local/lib/python3.12/site-packages/airflow/example_dags/example_setup_teardown.py took 0.113 seconds
[2024-12-29T00:25:12.725+0000] {processor.py:186} INFO - Started process (PID=759) to work on /home/airflow/.local/lib/python3.12/site-packages/airflow/example_dags/example_setup_teardown.py
[2024-12-29T00:25:12.727+0000] {processor.py:914} INFO - Processing file /home/airflow/.local/lib/python3.12/site-packages/airflow/example_dags/example_setup_teardown.py for tasks to queue
[2024-12-29T00:25:12.729+0000] {logging_mixin.py:190} INFO - [2024-12-29T00:25:12.729+0000] {dagbag.py:588} INFO - Filling up the DagBag from /home/airflow/.local/lib/python3.12/site-packages/airflow/example_dags/example_setup_teardown.py
[2024-12-29T00:25:12.737+0000] {processor.py:925} INFO - DAG(s) 'example_setup_teardown' retrieved from /home/airflow/.local/lib/python3.12/site-packages/airflow/example_dags/example_setup_teardown.py
[2024-12-29T00:25:12.768+0000] {logging_mixin.py:190} INFO - [2024-12-29T00:25:12.768+0000] {dag.py:3239} INFO - Sync 1 DAGs
[2024-12-29T00:25:12.792+0000] {logging_mixin.py:190} INFO - [2024-12-29T00:25:12.791+0000] {dag.py:4180} INFO - Setting next_dagrun for example_setup_teardown to None, run_after=None
[2024-12-29T00:25:12.819+0000] {processor.py:208} INFO - Processing /home/airflow/.local/lib/python3.12/site-packages/airflow/example_dags/example_setup_teardown.py took 0.099 seconds
[2024-12-29T00:25:42.928+0000] {processor.py:186} INFO - Started process (PID=823) to work on /home/airflow/.local/lib/python3.12/site-packages/airflow/example_dags/example_setup_teardown.py
[2024-12-29T00:25:42.930+0000] {processor.py:914} INFO - Processing file /home/airflow/.local/lib/python3.12/site-packages/airflow/example_dags/example_setup_teardown.py for tasks to queue
[2024-12-29T00:25:42.933+0000] {logging_mixin.py:190} INFO - [2024-12-29T00:25:42.933+0000] {dagbag.py:588} INFO - Filling up the DagBag from /home/airflow/.local/lib/python3.12/site-packages/airflow/example_dags/example_setup_teardown.py
[2024-12-29T00:25:42.943+0000] {processor.py:925} INFO - DAG(s) 'example_setup_teardown' retrieved from /home/airflow/.local/lib/python3.12/site-packages/airflow/example_dags/example_setup_teardown.py
[2024-12-29T00:25:42.974+0000] {logging_mixin.py:190} INFO - [2024-12-29T00:25:42.974+0000] {dag.py:3239} INFO - Sync 1 DAGs
[2024-12-29T00:25:42.993+0000] {logging_mixin.py:190} INFO - [2024-12-29T00:25:42.993+0000] {dag.py:4180} INFO - Setting next_dagrun for example_setup_teardown to None, run_after=None
[2024-12-29T00:25:43.024+0000] {processor.py:208} INFO - Processing /home/airflow/.local/lib/python3.12/site-packages/airflow/example_dags/example_setup_teardown.py took 0.103 seconds
[2024-12-29T00:26:13.135+0000] {processor.py:186} INFO - Started process (PID=888) to work on /home/airflow/.local/lib/python3.12/site-packages/airflow/example_dags/example_setup_teardown.py
[2024-12-29T00:26:13.137+0000] {processor.py:914} INFO - Processing file /home/airflow/.local/lib/python3.12/site-packages/airflow/example_dags/example_setup_teardown.py for tasks to queue
[2024-12-29T00:26:13.139+0000] {logging_mixin.py:190} INFO - [2024-12-29T00:26:13.139+0000] {dagbag.py:588} INFO - Filling up the DagBag from /home/airflow/.local/lib/python3.12/site-packages/airflow/example_dags/example_setup_teardown.py
[2024-12-29T00:26:13.149+0000] {processor.py:925} INFO - DAG(s) 'example_setup_teardown' retrieved from /home/airflow/.local/lib/python3.12/site-packages/airflow/example_dags/example_setup_teardown.py
[2024-12-29T00:26:13.177+0000] {logging_mixin.py:190} INFO - [2024-12-29T00:26:13.176+0000] {dag.py:3239} INFO - Sync 1 DAGs
[2024-12-29T00:26:13.194+0000] {logging_mixin.py:190} INFO - [2024-12-29T00:26:13.194+0000] {dag.py:4180} INFO - Setting next_dagrun for example_setup_teardown to None, run_after=None
[2024-12-29T00:26:13.223+0000] {processor.py:208} INFO - Processing /home/airflow/.local/lib/python3.12/site-packages/airflow/example_dags/example_setup_teardown.py took 0.095 seconds
[2024-12-29T00:26:44.073+0000] {processor.py:186} INFO - Started process (PID=953) to work on /home/airflow/.local/lib/python3.12/site-packages/airflow/example_dags/example_setup_teardown.py
[2024-12-29T00:26:44.074+0000] {processor.py:914} INFO - Processing file /home/airflow/.local/lib/python3.12/site-packages/airflow/example_dags/example_setup_teardown.py for tasks to queue
[2024-12-29T00:26:44.077+0000] {logging_mixin.py:190} INFO - [2024-12-29T00:26:44.077+0000] {dagbag.py:588} INFO - Filling up the DagBag from /home/airflow/.local/lib/python3.12/site-packages/airflow/example_dags/example_setup_teardown.py
[2024-12-29T00:26:44.085+0000] {processor.py:925} INFO - DAG(s) 'example_setup_teardown' retrieved from /home/airflow/.local/lib/python3.12/site-packages/airflow/example_dags/example_setup_teardown.py
[2024-12-29T00:26:44.111+0000] {logging_mixin.py:190} INFO - [2024-12-29T00:26:44.110+0000] {dag.py:3239} INFO - Sync 1 DAGs
[2024-12-29T00:26:44.125+0000] {logging_mixin.py:190} INFO - [2024-12-29T00:26:44.125+0000] {dag.py:4180} INFO - Setting next_dagrun for example_setup_teardown to None, run_after=None
[2024-12-29T00:26:44.150+0000] {processor.py:208} INFO - Processing /home/airflow/.local/lib/python3.12/site-packages/airflow/example_dags/example_setup_teardown.py took 0.082 seconds
[2024-12-29T00:27:14.670+0000] {processor.py:186} INFO - Started process (PID=1018) to work on /home/airflow/.local/lib/python3.12/site-packages/airflow/example_dags/example_setup_teardown.py
[2024-12-29T00:27:14.672+0000] {processor.py:914} INFO - Processing file /home/airflow/.local/lib/python3.12/site-packages/airflow/example_dags/example_setup_teardown.py for tasks to queue
[2024-12-29T00:27:14.675+0000] {logging_mixin.py:190} INFO - [2024-12-29T00:27:14.674+0000] {dagbag.py:588} INFO - Filling up the DagBag from /home/airflow/.local/lib/python3.12/site-packages/airflow/example_dags/example_setup_teardown.py
[2024-12-29T00:27:14.684+0000] {processor.py:925} INFO - DAG(s) 'example_setup_teardown' retrieved from /home/airflow/.local/lib/python3.12/site-packages/airflow/example_dags/example_setup_teardown.py
[2024-12-29T00:27:14.713+0000] {logging_mixin.py:190} INFO - [2024-12-29T00:27:14.712+0000] {dag.py:3239} INFO - Sync 1 DAGs
[2024-12-29T00:27:14.731+0000] {logging_mixin.py:190} INFO - [2024-12-29T00:27:14.731+0000] {dag.py:4180} INFO - Setting next_dagrun for example_setup_teardown to None, run_after=None
[2024-12-29T00:27:14.757+0000] {processor.py:208} INFO - Processing /home/airflow/.local/lib/python3.12/site-packages/airflow/example_dags/example_setup_teardown.py took 0.095 seconds
[2024-12-29T00:27:44.863+0000] {processor.py:186} INFO - Started process (PID=1083) to work on /home/airflow/.local/lib/python3.12/site-packages/airflow/example_dags/example_setup_teardown.py
[2024-12-29T00:27:44.865+0000] {processor.py:914} INFO - Processing file /home/airflow/.local/lib/python3.12/site-packages/airflow/example_dags/example_setup_teardown.py for tasks to queue
[2024-12-29T00:27:44.868+0000] {logging_mixin.py:190} INFO - [2024-12-29T00:27:44.867+0000] {dagbag.py:588} INFO - Filling up the DagBag from /home/airflow/.local/lib/python3.12/site-packages/airflow/example_dags/example_setup_teardown.py
[2024-12-29T00:27:44.877+0000] {processor.py:925} INFO - DAG(s) 'example_setup_teardown' retrieved from /home/airflow/.local/lib/python3.12/site-packages/airflow/example_dags/example_setup_teardown.py
[2024-12-29T00:27:44.904+0000] {logging_mixin.py:190} INFO - [2024-12-29T00:27:44.904+0000] {dag.py:3239} INFO - Sync 1 DAGs
[2024-12-29T00:27:44.922+0000] {logging_mixin.py:190} INFO - [2024-12-29T00:27:44.922+0000] {dag.py:4180} INFO - Setting next_dagrun for example_setup_teardown to None, run_after=None
[2024-12-29T00:27:44.948+0000] {processor.py:208} INFO - Processing /home/airflow/.local/lib/python3.12/site-packages/airflow/example_dags/example_setup_teardown.py took 0.093 seconds
[2024-12-29T00:28:15.289+0000] {processor.py:186} INFO - Started process (PID=1149) to work on /home/airflow/.local/lib/python3.12/site-packages/airflow/example_dags/example_setup_teardown.py
[2024-12-29T00:28:15.292+0000] {processor.py:914} INFO - Processing file /home/airflow/.local/lib/python3.12/site-packages/airflow/example_dags/example_setup_teardown.py for tasks to queue
[2024-12-29T00:28:15.294+0000] {logging_mixin.py:190} INFO - [2024-12-29T00:28:15.294+0000] {dagbag.py:588} INFO - Filling up the DagBag from /home/airflow/.local/lib/python3.12/site-packages/airflow/example_dags/example_setup_teardown.py
[2024-12-29T00:28:15.302+0000] {processor.py:925} INFO - DAG(s) 'example_setup_teardown' retrieved from /home/airflow/.local/lib/python3.12/site-packages/airflow/example_dags/example_setup_teardown.py
[2024-12-29T00:28:15.328+0000] {logging_mixin.py:190} INFO - [2024-12-29T00:28:15.327+0000] {dag.py:3239} INFO - Sync 1 DAGs
[2024-12-29T00:28:15.343+0000] {logging_mixin.py:190} INFO - [2024-12-29T00:28:15.343+0000] {dag.py:4180} INFO - Setting next_dagrun for example_setup_teardown to None, run_after=None
[2024-12-29T00:28:15.369+0000] {processor.py:208} INFO - Processing /home/airflow/.local/lib/python3.12/site-packages/airflow/example_dags/example_setup_teardown.py took 0.085 seconds
[2024-12-29T00:28:45.896+0000] {processor.py:186} INFO - Started process (PID=1214) to work on /home/airflow/.local/lib/python3.12/site-packages/airflow/example_dags/example_setup_teardown.py
[2024-12-29T00:28:45.897+0000] {processor.py:914} INFO - Processing file /home/airflow/.local/lib/python3.12/site-packages/airflow/example_dags/example_setup_teardown.py for tasks to queue
[2024-12-29T00:28:45.900+0000] {logging_mixin.py:190} INFO - [2024-12-29T00:28:45.900+0000] {dagbag.py:588} INFO - Filling up the DagBag from /home/airflow/.local/lib/python3.12/site-packages/airflow/example_dags/example_setup_teardown.py
[2024-12-29T00:28:45.910+0000] {processor.py:925} INFO - DAG(s) 'example_setup_teardown' retrieved from /home/airflow/.local/lib/python3.12/site-packages/airflow/example_dags/example_setup_teardown.py
[2024-12-29T00:28:45.941+0000] {logging_mixin.py:190} INFO - [2024-12-29T00:28:45.940+0000] {dag.py:3239} INFO - Sync 1 DAGs
[2024-12-29T00:28:45.961+0000] {logging_mixin.py:190} INFO - [2024-12-29T00:28:45.960+0000] {dag.py:4180} INFO - Setting next_dagrun for example_setup_teardown to None, run_after=None
[2024-12-29T00:28:45.990+0000] {processor.py:208} INFO - Processing /home/airflow/.local/lib/python3.12/site-packages/airflow/example_dags/example_setup_teardown.py took 0.101 seconds
[2024-12-29T00:29:16.235+0000] {processor.py:186} INFO - Started process (PID=1279) to work on /home/airflow/.local/lib/python3.12/site-packages/airflow/example_dags/example_setup_teardown.py
[2024-12-29T00:29:16.237+0000] {processor.py:914} INFO - Processing file /home/airflow/.local/lib/python3.12/site-packages/airflow/example_dags/example_setup_teardown.py for tasks to queue
[2024-12-29T00:29:16.239+0000] {logging_mixin.py:190} INFO - [2024-12-29T00:29:16.239+0000] {dagbag.py:588} INFO - Filling up the DagBag from /home/airflow/.local/lib/python3.12/site-packages/airflow/example_dags/example_setup_teardown.py
[2024-12-29T00:29:16.248+0000] {processor.py:925} INFO - DAG(s) 'example_setup_teardown' retrieved from /home/airflow/.local/lib/python3.12/site-packages/airflow/example_dags/example_setup_teardown.py
[2024-12-29T00:29:16.276+0000] {logging_mixin.py:190} INFO - [2024-12-29T00:29:16.275+0000] {dag.py:3239} INFO - Sync 1 DAGs
[2024-12-29T00:29:16.293+0000] {logging_mixin.py:190} INFO - [2024-12-29T00:29:16.293+0000] {dag.py:4180} INFO - Setting next_dagrun for example_setup_teardown to None, run_after=None
[2024-12-29T00:29:16.319+0000] {processor.py:208} INFO - Processing /home/airflow/.local/lib/python3.12/site-packages/airflow/example_dags/example_setup_teardown.py took 0.090 seconds
[2024-12-29T00:29:46.423+0000] {processor.py:186} INFO - Started process (PID=1344) to work on /home/airflow/.local/lib/python3.12/site-packages/airflow/example_dags/example_setup_teardown.py
[2024-12-29T00:29:46.424+0000] {processor.py:914} INFO - Processing file /home/airflow/.local/lib/python3.12/site-packages/airflow/example_dags/example_setup_teardown.py for tasks to queue
[2024-12-29T00:29:46.427+0000] {logging_mixin.py:190} INFO - [2024-12-29T00:29:46.426+0000] {dagbag.py:588} INFO - Filling up the DagBag from /home/airflow/.local/lib/python3.12/site-packages/airflow/example_dags/example_setup_teardown.py
[2024-12-29T00:29:46.436+0000] {processor.py:925} INFO - DAG(s) 'example_setup_teardown' retrieved from /home/airflow/.local/lib/python3.12/site-packages/airflow/example_dags/example_setup_teardown.py
[2024-12-29T00:29:46.461+0000] {logging_mixin.py:190} INFO - [2024-12-29T00:29:46.461+0000] {dag.py:3239} INFO - Sync 1 DAGs
[2024-12-29T00:29:46.477+0000] {logging_mixin.py:190} INFO - [2024-12-29T00:29:46.477+0000] {dag.py:4180} INFO - Setting next_dagrun for example_setup_teardown to None, run_after=None
[2024-12-29T00:29:46.504+0000] {processor.py:208} INFO - Processing /home/airflow/.local/lib/python3.12/site-packages/airflow/example_dags/example_setup_teardown.py took 0.088 seconds
[2024-12-29T00:30:17.199+0000] {processor.py:186} INFO - Started process (PID=1409) to work on /home/airflow/.local/lib/python3.12/site-packages/airflow/example_dags/example_setup_teardown.py
[2024-12-29T00:30:17.201+0000] {processor.py:914} INFO - Processing file /home/airflow/.local/lib/python3.12/site-packages/airflow/example_dags/example_setup_teardown.py for tasks to queue
[2024-12-29T00:30:17.203+0000] {logging_mixin.py:190} INFO - [2024-12-29T00:30:17.203+0000] {dagbag.py:588} INFO - Filling up the DagBag from /home/airflow/.local/lib/python3.12/site-packages/airflow/example_dags/example_setup_teardown.py
[2024-12-29T00:30:17.212+0000] {processor.py:925} INFO - DAG(s) 'example_setup_teardown' retrieved from /home/airflow/.local/lib/python3.12/site-packages/airflow/example_dags/example_setup_teardown.py
[2024-12-29T00:30:17.240+0000] {logging_mixin.py:190} INFO - [2024-12-29T00:30:17.239+0000] {dag.py:3239} INFO - Sync 1 DAGs
[2024-12-29T00:30:17.256+0000] {logging_mixin.py:190} INFO - [2024-12-29T00:30:17.256+0000] {dag.py:4180} INFO - Setting next_dagrun for example_setup_teardown to None, run_after=None
[2024-12-29T00:30:17.283+0000] {processor.py:208} INFO - Processing /home/airflow/.local/lib/python3.12/site-packages/airflow/example_dags/example_setup_teardown.py took 0.090 seconds
[2024-12-29T00:30:47.550+0000] {processor.py:186} INFO - Started process (PID=1474) to work on /home/airflow/.local/lib/python3.12/site-packages/airflow/example_dags/example_setup_teardown.py
[2024-12-29T00:30:47.551+0000] {processor.py:914} INFO - Processing file /home/airflow/.local/lib/python3.12/site-packages/airflow/example_dags/example_setup_teardown.py for tasks to queue
[2024-12-29T00:30:47.554+0000] {logging_mixin.py:190} INFO - [2024-12-29T00:30:47.554+0000] {dagbag.py:588} INFO - Filling up the DagBag from /home/airflow/.local/lib/python3.12/site-packages/airflow/example_dags/example_setup_teardown.py
[2024-12-29T00:30:47.565+0000] {processor.py:925} INFO - DAG(s) 'example_setup_teardown' retrieved from /home/airflow/.local/lib/python3.12/site-packages/airflow/example_dags/example_setup_teardown.py
[2024-12-29T00:30:47.599+0000] {logging_mixin.py:190} INFO - [2024-12-29T00:30:47.599+0000] {dag.py:3239} INFO - Sync 1 DAGs
[2024-12-29T00:30:47.618+0000] {logging_mixin.py:190} INFO - [2024-12-29T00:30:47.618+0000] {dag.py:4180} INFO - Setting next_dagrun for example_setup_teardown to None, run_after=None
[2024-12-29T00:30:47.649+0000] {processor.py:208} INFO - Processing /home/airflow/.local/lib/python3.12/site-packages/airflow/example_dags/example_setup_teardown.py took 0.106 seconds
[2024-12-29T00:31:18.119+0000] {processor.py:186} INFO - Started process (PID=1540) to work on /home/airflow/.local/lib/python3.12/site-packages/airflow/example_dags/example_setup_teardown.py
[2024-12-29T00:31:18.120+0000] {processor.py:914} INFO - Processing file /home/airflow/.local/lib/python3.12/site-packages/airflow/example_dags/example_setup_teardown.py for tasks to queue
[2024-12-29T00:31:18.123+0000] {logging_mixin.py:190} INFO - [2024-12-29T00:31:18.123+0000] {dagbag.py:588} INFO - Filling up the DagBag from /home/airflow/.local/lib/python3.12/site-packages/airflow/example_dags/example_setup_teardown.py
[2024-12-29T00:31:18.131+0000] {processor.py:925} INFO - DAG(s) 'example_setup_teardown' retrieved from /home/airflow/.local/lib/python3.12/site-packages/airflow/example_dags/example_setup_teardown.py
[2024-12-29T00:31:18.157+0000] {logging_mixin.py:190} INFO - [2024-12-29T00:31:18.157+0000] {dag.py:3239} INFO - Sync 1 DAGs
[2024-12-29T00:31:18.173+0000] {logging_mixin.py:190} INFO - [2024-12-29T00:31:18.173+0000] {dag.py:4180} INFO - Setting next_dagrun for example_setup_teardown to None, run_after=None
[2024-12-29T00:31:18.202+0000] {processor.py:208} INFO - Processing /home/airflow/.local/lib/python3.12/site-packages/airflow/example_dags/example_setup_teardown.py took 0.089 seconds
[2024-12-29T00:31:48.356+0000] {processor.py:186} INFO - Started process (PID=1605) to work on /home/airflow/.local/lib/python3.12/site-packages/airflow/example_dags/example_setup_teardown.py
[2024-12-29T00:31:48.358+0000] {processor.py:914} INFO - Processing file /home/airflow/.local/lib/python3.12/site-packages/airflow/example_dags/example_setup_teardown.py for tasks to queue
[2024-12-29T00:31:48.360+0000] {logging_mixin.py:190} INFO - [2024-12-29T00:31:48.359+0000] {dagbag.py:588} INFO - Filling up the DagBag from /home/airflow/.local/lib/python3.12/site-packages/airflow/example_dags/example_setup_teardown.py
[2024-12-29T00:31:48.367+0000] {processor.py:925} INFO - DAG(s) 'example_setup_teardown' retrieved from /home/airflow/.local/lib/python3.12/site-packages/airflow/example_dags/example_setup_teardown.py
[2024-12-29T00:31:48.391+0000] {logging_mixin.py:190} INFO - [2024-12-29T00:31:48.390+0000] {dag.py:3239} INFO - Sync 1 DAGs
[2024-12-29T00:31:48.405+0000] {logging_mixin.py:190} INFO - [2024-12-29T00:31:48.404+0000] {dag.py:4180} INFO - Setting next_dagrun for example_setup_teardown to None, run_after=None
[2024-12-29T00:31:48.430+0000] {processor.py:208} INFO - Processing /home/airflow/.local/lib/python3.12/site-packages/airflow/example_dags/example_setup_teardown.py took 0.079 seconds
[2024-12-29T00:32:18.674+0000] {processor.py:186} INFO - Started process (PID=1670) to work on /home/airflow/.local/lib/python3.12/site-packages/airflow/example_dags/example_setup_teardown.py
[2024-12-29T00:32:18.676+0000] {processor.py:914} INFO - Processing file /home/airflow/.local/lib/python3.12/site-packages/airflow/example_dags/example_setup_teardown.py for tasks to queue
[2024-12-29T00:32:18.679+0000] {logging_mixin.py:190} INFO - [2024-12-29T00:32:18.678+0000] {dagbag.py:588} INFO - Filling up the DagBag from /home/airflow/.local/lib/python3.12/site-packages/airflow/example_dags/example_setup_teardown.py
[2024-12-29T00:32:18.689+0000] {processor.py:925} INFO - DAG(s) 'example_setup_teardown' retrieved from /home/airflow/.local/lib/python3.12/site-packages/airflow/example_dags/example_setup_teardown.py
[2024-12-29T00:32:18.715+0000] {logging_mixin.py:190} INFO - [2024-12-29T00:32:18.714+0000] {dag.py:3239} INFO - Sync 1 DAGs
[2024-12-29T00:32:18.730+0000] {logging_mixin.py:190} INFO - [2024-12-29T00:32:18.730+0000] {dag.py:4180} INFO - Setting next_dagrun for example_setup_teardown to None, run_after=None
[2024-12-29T00:32:18.762+0000] {processor.py:208} INFO - Processing /home/airflow/.local/lib/python3.12/site-packages/airflow/example_dags/example_setup_teardown.py took 0.095 seconds
[2024-12-29T00:32:49.356+0000] {processor.py:186} INFO - Started process (PID=1735) to work on /home/airflow/.local/lib/python3.12/site-packages/airflow/example_dags/example_setup_teardown.py
[2024-12-29T00:32:49.357+0000] {processor.py:914} INFO - Processing file /home/airflow/.local/lib/python3.12/site-packages/airflow/example_dags/example_setup_teardown.py for tasks to queue
[2024-12-29T00:32:49.360+0000] {logging_mixin.py:190} INFO - [2024-12-29T00:32:49.360+0000] {dagbag.py:588} INFO - Filling up the DagBag from /home/airflow/.local/lib/python3.12/site-packages/airflow/example_dags/example_setup_teardown.py
[2024-12-29T00:32:49.370+0000] {processor.py:925} INFO - DAG(s) 'example_setup_teardown' retrieved from /home/airflow/.local/lib/python3.12/site-packages/airflow/example_dags/example_setup_teardown.py
[2024-12-29T00:32:49.403+0000] {logging_mixin.py:190} INFO - [2024-12-29T00:32:49.402+0000] {dag.py:3239} INFO - Sync 1 DAGs
[2024-12-29T00:32:49.424+0000] {logging_mixin.py:190} INFO - [2024-12-29T00:32:49.424+0000] {dag.py:4180} INFO - Setting next_dagrun for example_setup_teardown to None, run_after=None
[2024-12-29T00:32:49.459+0000] {processor.py:208} INFO - Processing /home/airflow/.local/lib/python3.12/site-packages/airflow/example_dags/example_setup_teardown.py took 0.109 seconds
[2024-12-29T00:33:19.710+0000] {processor.py:186} INFO - Started process (PID=1800) to work on /home/airflow/.local/lib/python3.12/site-packages/airflow/example_dags/example_setup_teardown.py
[2024-12-29T00:33:19.712+0000] {processor.py:914} INFO - Processing file /home/airflow/.local/lib/python3.12/site-packages/airflow/example_dags/example_setup_teardown.py for tasks to queue
[2024-12-29T00:33:19.715+0000] {logging_mixin.py:190} INFO - [2024-12-29T00:33:19.714+0000] {dagbag.py:588} INFO - Filling up the DagBag from /home/airflow/.local/lib/python3.12/site-packages/airflow/example_dags/example_setup_teardown.py
[2024-12-29T00:33:19.726+0000] {processor.py:925} INFO - DAG(s) 'example_setup_teardown' retrieved from /home/airflow/.local/lib/python3.12/site-packages/airflow/example_dags/example_setup_teardown.py
[2024-12-29T00:33:19.756+0000] {logging_mixin.py:190} INFO - [2024-12-29T00:33:19.756+0000] {dag.py:3239} INFO - Sync 1 DAGs
[2024-12-29T00:33:19.774+0000] {logging_mixin.py:190} INFO - [2024-12-29T00:33:19.773+0000] {dag.py:4180} INFO - Setting next_dagrun for example_setup_teardown to None, run_after=None
[2024-12-29T00:33:19.803+0000] {processor.py:208} INFO - Processing /home/airflow/.local/lib/python3.12/site-packages/airflow/example_dags/example_setup_teardown.py took 0.101 seconds
[2024-12-29T00:33:49.943+0000] {processor.py:186} INFO - Started process (PID=1865) to work on /home/airflow/.local/lib/python3.12/site-packages/airflow/example_dags/example_setup_teardown.py
[2024-12-29T00:33:49.945+0000] {processor.py:914} INFO - Processing file /home/airflow/.local/lib/python3.12/site-packages/airflow/example_dags/example_setup_teardown.py for tasks to queue
[2024-12-29T00:33:49.948+0000] {logging_mixin.py:190} INFO - [2024-12-29T00:33:49.947+0000] {dagbag.py:588} INFO - Filling up the DagBag from /home/airflow/.local/lib/python3.12/site-packages/airflow/example_dags/example_setup_teardown.py
[2024-12-29T00:33:49.959+0000] {processor.py:925} INFO - DAG(s) 'example_setup_teardown' retrieved from /home/airflow/.local/lib/python3.12/site-packages/airflow/example_dags/example_setup_teardown.py
[2024-12-29T00:33:49.987+0000] {logging_mixin.py:190} INFO - [2024-12-29T00:33:49.987+0000] {dag.py:3239} INFO - Sync 1 DAGs
[2024-12-29T00:33:50.006+0000] {logging_mixin.py:190} INFO - [2024-12-29T00:33:50.005+0000] {dag.py:4180} INFO - Setting next_dagrun for example_setup_teardown to None, run_after=None
[2024-12-29T00:33:50.035+0000] {processor.py:208} INFO - Processing /home/airflow/.local/lib/python3.12/site-packages/airflow/example_dags/example_setup_teardown.py took 0.101 seconds
[2024-12-29T00:34:20.852+0000] {processor.py:186} INFO - Started process (PID=1930) to work on /home/airflow/.local/lib/python3.12/site-packages/airflow/example_dags/example_setup_teardown.py
[2024-12-29T00:34:20.854+0000] {processor.py:914} INFO - Processing file /home/airflow/.local/lib/python3.12/site-packages/airflow/example_dags/example_setup_teardown.py for tasks to queue
[2024-12-29T00:34:20.857+0000] {logging_mixin.py:190} INFO - [2024-12-29T00:34:20.856+0000] {dagbag.py:588} INFO - Filling up the DagBag from /home/airflow/.local/lib/python3.12/site-packages/airflow/example_dags/example_setup_teardown.py
[2024-12-29T00:34:20.866+0000] {processor.py:925} INFO - DAG(s) 'example_setup_teardown' retrieved from /home/airflow/.local/lib/python3.12/site-packages/airflow/example_dags/example_setup_teardown.py
[2024-12-29T00:34:20.894+0000] {logging_mixin.py:190} INFO - [2024-12-29T00:34:20.894+0000] {dag.py:3239} INFO - Sync 1 DAGs
[2024-12-29T00:34:20.911+0000] {logging_mixin.py:190} INFO - [2024-12-29T00:34:20.911+0000] {dag.py:4180} INFO - Setting next_dagrun for example_setup_teardown to None, run_after=None
[2024-12-29T00:34:20.941+0000] {processor.py:208} INFO - Processing /home/airflow/.local/lib/python3.12/site-packages/airflow/example_dags/example_setup_teardown.py took 0.096 seconds
[2024-12-29T00:34:51.456+0000] {processor.py:186} INFO - Started process (PID=1995) to work on /home/airflow/.local/lib/python3.12/site-packages/airflow/example_dags/example_setup_teardown.py
[2024-12-29T00:34:51.458+0000] {processor.py:914} INFO - Processing file /home/airflow/.local/lib/python3.12/site-packages/airflow/example_dags/example_setup_teardown.py for tasks to queue
[2024-12-29T00:34:51.461+0000] {logging_mixin.py:190} INFO - [2024-12-29T00:34:51.460+0000] {dagbag.py:588} INFO - Filling up the DagBag from /home/airflow/.local/lib/python3.12/site-packages/airflow/example_dags/example_setup_teardown.py
[2024-12-29T00:34:51.470+0000] {processor.py:925} INFO - DAG(s) 'example_setup_teardown' retrieved from /home/airflow/.local/lib/python3.12/site-packages/airflow/example_dags/example_setup_teardown.py
[2024-12-29T00:34:51.496+0000] {logging_mixin.py:190} INFO - [2024-12-29T00:34:51.496+0000] {dag.py:3239} INFO - Sync 1 DAGs
[2024-12-29T00:34:51.512+0000] {logging_mixin.py:190} INFO - [2024-12-29T00:34:51.512+0000] {dag.py:4180} INFO - Setting next_dagrun for example_setup_teardown to None, run_after=None
[2024-12-29T00:34:51.543+0000] {processor.py:208} INFO - Processing /home/airflow/.local/lib/python3.12/site-packages/airflow/example_dags/example_setup_teardown.py took 0.092 seconds
[2024-12-29T00:35:22.495+0000] {processor.py:186} INFO - Started process (PID=2060) to work on /home/airflow/.local/lib/python3.12/site-packages/airflow/example_dags/example_setup_teardown.py
[2024-12-29T00:35:22.498+0000] {processor.py:914} INFO - Processing file /home/airflow/.local/lib/python3.12/site-packages/airflow/example_dags/example_setup_teardown.py for tasks to queue
[2024-12-29T00:35:22.500+0000] {logging_mixin.py:190} INFO - [2024-12-29T00:35:22.500+0000] {dagbag.py:588} INFO - Filling up the DagBag from /home/airflow/.local/lib/python3.12/site-packages/airflow/example_dags/example_setup_teardown.py
[2024-12-29T00:35:22.509+0000] {processor.py:925} INFO - DAG(s) 'example_setup_teardown' retrieved from /home/airflow/.local/lib/python3.12/site-packages/airflow/example_dags/example_setup_teardown.py
[2024-12-29T00:35:22.536+0000] {logging_mixin.py:190} INFO - [2024-12-29T00:35:22.536+0000] {dag.py:3239} INFO - Sync 1 DAGs
[2024-12-29T00:35:22.551+0000] {logging_mixin.py:190} INFO - [2024-12-29T00:35:22.550+0000] {dag.py:4180} INFO - Setting next_dagrun for example_setup_teardown to None, run_after=None
[2024-12-29T00:35:22.577+0000] {processor.py:208} INFO - Processing /home/airflow/.local/lib/python3.12/site-packages/airflow/example_dags/example_setup_teardown.py took 0.087 seconds
[2024-12-29T00:35:53.330+0000] {processor.py:186} INFO - Started process (PID=2125) to work on /home/airflow/.local/lib/python3.12/site-packages/airflow/example_dags/example_setup_teardown.py
[2024-12-29T00:35:53.350+0000] {processor.py:914} INFO - Processing file /home/airflow/.local/lib/python3.12/site-packages/airflow/example_dags/example_setup_teardown.py for tasks to queue
[2024-12-29T00:35:53.354+0000] {logging_mixin.py:190} INFO - [2024-12-29T00:35:53.353+0000] {dagbag.py:588} INFO - Filling up the DagBag from /home/airflow/.local/lib/python3.12/site-packages/airflow/example_dags/example_setup_teardown.py
[2024-12-29T00:35:53.364+0000] {processor.py:925} INFO - DAG(s) 'example_setup_teardown' retrieved from /home/airflow/.local/lib/python3.12/site-packages/airflow/example_dags/example_setup_teardown.py
[2024-12-29T00:35:53.400+0000] {logging_mixin.py:190} INFO - [2024-12-29T00:35:53.400+0000] {dag.py:3239} INFO - Sync 1 DAGs
[2024-12-29T00:35:53.418+0000] {logging_mixin.py:190} INFO - [2024-12-29T00:35:53.418+0000] {dag.py:4180} INFO - Setting next_dagrun for example_setup_teardown to None, run_after=None
[2024-12-29T00:35:53.449+0000] {processor.py:208} INFO - Processing /home/airflow/.local/lib/python3.12/site-packages/airflow/example_dags/example_setup_teardown.py took 0.126 seconds
[2024-12-29T00:36:23.664+0000] {processor.py:186} INFO - Started process (PID=2190) to work on /home/airflow/.local/lib/python3.12/site-packages/airflow/example_dags/example_setup_teardown.py
[2024-12-29T00:36:23.665+0000] {processor.py:914} INFO - Processing file /home/airflow/.local/lib/python3.12/site-packages/airflow/example_dags/example_setup_teardown.py for tasks to queue
[2024-12-29T00:36:23.667+0000] {logging_mixin.py:190} INFO - [2024-12-29T00:36:23.667+0000] {dagbag.py:588} INFO - Filling up the DagBag from /home/airflow/.local/lib/python3.12/site-packages/airflow/example_dags/example_setup_teardown.py
[2024-12-29T00:36:23.677+0000] {processor.py:925} INFO - DAG(s) 'example_setup_teardown' retrieved from /home/airflow/.local/lib/python3.12/site-packages/airflow/example_dags/example_setup_teardown.py
[2024-12-29T00:36:23.704+0000] {logging_mixin.py:190} INFO - [2024-12-29T00:36:23.704+0000] {dag.py:3239} INFO - Sync 1 DAGs
[2024-12-29T00:36:23.722+0000] {logging_mixin.py:190} INFO - [2024-12-29T00:36:23.722+0000] {dag.py:4180} INFO - Setting next_dagrun for example_setup_teardown to None, run_after=None
[2024-12-29T00:36:23.753+0000] {processor.py:208} INFO - Processing /home/airflow/.local/lib/python3.12/site-packages/airflow/example_dags/example_setup_teardown.py took 0.096 seconds
[2024-12-29T00:36:54.771+0000] {processor.py:186} INFO - Started process (PID=2256) to work on /home/airflow/.local/lib/python3.12/site-packages/airflow/example_dags/example_setup_teardown.py
[2024-12-29T00:36:54.774+0000] {processor.py:914} INFO - Processing file /home/airflow/.local/lib/python3.12/site-packages/airflow/example_dags/example_setup_teardown.py for tasks to queue
[2024-12-29T00:36:54.777+0000] {logging_mixin.py:190} INFO - [2024-12-29T00:36:54.777+0000] {dagbag.py:588} INFO - Filling up the DagBag from /home/airflow/.local/lib/python3.12/site-packages/airflow/example_dags/example_setup_teardown.py
[2024-12-29T00:36:54.789+0000] {processor.py:925} INFO - DAG(s) 'example_setup_teardown' retrieved from /home/airflow/.local/lib/python3.12/site-packages/airflow/example_dags/example_setup_teardown.py
[2024-12-29T00:36:54.819+0000] {logging_mixin.py:190} INFO - [2024-12-29T00:36:54.819+0000] {dag.py:3239} INFO - Sync 1 DAGs
[2024-12-29T00:36:54.838+0000] {logging_mixin.py:190} INFO - [2024-12-29T00:36:54.837+0000] {dag.py:4180} INFO - Setting next_dagrun for example_setup_teardown to None, run_after=None
[2024-12-29T00:36:54.869+0000] {processor.py:208} INFO - Processing /home/airflow/.local/lib/python3.12/site-packages/airflow/example_dags/example_setup_teardown.py took 0.105 seconds
[2024-12-29T00:37:25.223+0000] {processor.py:186} INFO - Started process (PID=2321) to work on /home/airflow/.local/lib/python3.12/site-packages/airflow/example_dags/example_setup_teardown.py
[2024-12-29T00:37:25.225+0000] {processor.py:914} INFO - Processing file /home/airflow/.local/lib/python3.12/site-packages/airflow/example_dags/example_setup_teardown.py for tasks to queue
[2024-12-29T00:37:25.227+0000] {logging_mixin.py:190} INFO - [2024-12-29T00:37:25.227+0000] {dagbag.py:588} INFO - Filling up the DagBag from /home/airflow/.local/lib/python3.12/site-packages/airflow/example_dags/example_setup_teardown.py
[2024-12-29T00:37:25.235+0000] {processor.py:925} INFO - DAG(s) 'example_setup_teardown' retrieved from /home/airflow/.local/lib/python3.12/site-packages/airflow/example_dags/example_setup_teardown.py
[2024-12-29T00:37:25.260+0000] {logging_mixin.py:190} INFO - [2024-12-29T00:37:25.260+0000] {dag.py:3239} INFO - Sync 1 DAGs
[2024-12-29T00:37:25.276+0000] {logging_mixin.py:190} INFO - [2024-12-29T00:37:25.276+0000] {dag.py:4180} INFO - Setting next_dagrun for example_setup_teardown to None, run_after=None
[2024-12-29T00:37:25.300+0000] {processor.py:208} INFO - Processing /home/airflow/.local/lib/python3.12/site-packages/airflow/example_dags/example_setup_teardown.py took 0.084 seconds
[2024-12-29T00:37:55.966+0000] {processor.py:186} INFO - Started process (PID=2386) to work on /home/airflow/.local/lib/python3.12/site-packages/airflow/example_dags/example_setup_teardown.py
[2024-12-29T00:37:55.968+0000] {processor.py:914} INFO - Processing file /home/airflow/.local/lib/python3.12/site-packages/airflow/example_dags/example_setup_teardown.py for tasks to queue
[2024-12-29T00:37:55.971+0000] {logging_mixin.py:190} INFO - [2024-12-29T00:37:55.970+0000] {dagbag.py:588} INFO - Filling up the DagBag from /home/airflow/.local/lib/python3.12/site-packages/airflow/example_dags/example_setup_teardown.py
[2024-12-29T00:37:55.979+0000] {processor.py:925} INFO - DAG(s) 'example_setup_teardown' retrieved from /home/airflow/.local/lib/python3.12/site-packages/airflow/example_dags/example_setup_teardown.py
[2024-12-29T00:37:56.008+0000] {logging_mixin.py:190} INFO - [2024-12-29T00:37:56.008+0000] {dag.py:3239} INFO - Sync 1 DAGs
[2024-12-29T00:37:56.024+0000] {logging_mixin.py:190} INFO - [2024-12-29T00:37:56.024+0000] {dag.py:4180} INFO - Setting next_dagrun for example_setup_teardown to None, run_after=None
[2024-12-29T00:37:56.050+0000] {processor.py:208} INFO - Processing /home/airflow/.local/lib/python3.12/site-packages/airflow/example_dags/example_setup_teardown.py took 0.089 seconds
