[2024-12-29T00:04:02.046+0000] {processor.py:186} INFO - Started process (PID=134) to work on /home/airflow/.local/lib/python3.12/site-packages/airflow/example_dags/example_display_name.py
[2024-12-29T00:04:02.047+0000] {processor.py:914} INFO - Processing file /home/airflow/.local/lib/python3.12/site-packages/airflow/example_dags/example_display_name.py for tasks to queue
[2024-12-29T00:04:02.050+0000] {logging_mixin.py:190} INFO - [2024-12-29T00:04:02.050+0000] {dagbag.py:588} INFO - Filling up the DagBag from /home/airflow/.local/lib/python3.12/site-packages/airflow/example_dags/example_display_name.py
[2024-12-29T00:04:02.062+0000] {processor.py:925} INFO - DAG(s) 'example_display_name' retrieved from /home/airflow/.local/lib/python3.12/site-packages/airflow/example_dags/example_display_name.py
[2024-12-29T00:04:02.714+0000] {logging_mixin.py:190} INFO - [2024-12-29T00:04:02.713+0000] {override.py:1911} INFO - Created Permission View: can read on DAG:example_display_name
[2024-12-29T00:04:02.911+0000] {logging_mixin.py:190} INFO - [2024-12-29T00:04:02.910+0000] {override.py:1911} INFO - Created Permission View: can edit on DAG:example_display_name
[2024-12-29T00:04:03.080+0000] {logging_mixin.py:190} INFO - [2024-12-29T00:04:03.079+0000] {override.py:1911} INFO - Created Permission View: can delete on DAG:example_display_name
[2024-12-29T00:04:03.367+0000] {logging_mixin.py:190} INFO - [2024-12-29T00:04:03.366+0000] {override.py:1911} INFO - Created Permission View: can create on DAG Run:example_display_name
[2024-12-29T00:04:03.382+0000] {logging_mixin.py:190} INFO - [2024-12-29T00:04:03.381+0000] {override.py:1911} INFO - Created Permission View: can read on DAG Run:example_display_name
[2024-12-29T00:04:03.397+0000] {logging_mixin.py:190} INFO - [2024-12-29T00:04:03.396+0000] {override.py:1911} INFO - Created Permission View: can delete on DAG Run:example_display_name
[2024-12-29T00:04:03.418+0000] {logging_mixin.py:190} INFO - [2024-12-29T00:04:03.417+0000] {override.py:1911} INFO - Created Permission View: menu access on DAG Run:example_display_name
[2024-12-29T00:04:03.419+0000] {logging_mixin.py:190} INFO - [2024-12-29T00:04:03.418+0000] {dag.py:3239} INFO - Sync 1 DAGs
[2024-12-29T00:04:03.445+0000] {logging_mixin.py:190} INFO - [2024-12-29T00:04:03.444+0000] {dag.py:3262} INFO - Creating ORM DAG for example_display_name
[2024-12-29T00:04:03.446+0000] {logging_mixin.py:190} INFO - [2024-12-29T00:04:03.446+0000] {dag.py:4180} INFO - Setting next_dagrun for example_display_name to None, run_after=None
[2024-12-29T00:04:03.481+0000] {processor.py:208} INFO - Processing /home/airflow/.local/lib/python3.12/site-packages/airflow/example_dags/example_display_name.py took 1.448 seconds
[2024-12-29T00:04:33.700+0000] {processor.py:186} INFO - Started process (PID=197) to work on /home/airflow/.local/lib/python3.12/site-packages/airflow/example_dags/example_display_name.py
[2024-12-29T00:04:33.702+0000] {processor.py:914} INFO - Processing file /home/airflow/.local/lib/python3.12/site-packages/airflow/example_dags/example_display_name.py for tasks to queue
[2024-12-29T00:04:33.706+0000] {logging_mixin.py:190} INFO - [2024-12-29T00:04:33.705+0000] {dagbag.py:588} INFO - Filling up the DagBag from /home/airflow/.local/lib/python3.12/site-packages/airflow/example_dags/example_display_name.py
[2024-12-29T00:04:33.715+0000] {processor.py:925} INFO - DAG(s) 'example_display_name' retrieved from /home/airflow/.local/lib/python3.12/site-packages/airflow/example_dags/example_display_name.py
[2024-12-29T00:04:33.739+0000] {logging_mixin.py:190} INFO - [2024-12-29T00:04:33.739+0000] {dag.py:3239} INFO - Sync 1 DAGs
[2024-12-29T00:04:33.754+0000] {logging_mixin.py:190} INFO - [2024-12-29T00:04:33.754+0000] {dag.py:4180} INFO - Setting next_dagrun for example_display_name to None, run_after=None
[2024-12-29T00:04:33.782+0000] {processor.py:208} INFO - Processing /home/airflow/.local/lib/python3.12/site-packages/airflow/example_dags/example_display_name.py took 0.088 seconds
[2024-12-29T00:05:04.711+0000] {processor.py:186} INFO - Started process (PID=261) to work on /home/airflow/.local/lib/python3.12/site-packages/airflow/example_dags/example_display_name.py
[2024-12-29T00:05:04.712+0000] {processor.py:914} INFO - Processing file /home/airflow/.local/lib/python3.12/site-packages/airflow/example_dags/example_display_name.py for tasks to queue
[2024-12-29T00:05:04.715+0000] {logging_mixin.py:190} INFO - [2024-12-29T00:05:04.715+0000] {dagbag.py:588} INFO - Filling up the DagBag from /home/airflow/.local/lib/python3.12/site-packages/airflow/example_dags/example_display_name.py
[2024-12-29T00:05:04.725+0000] {processor.py:925} INFO - DAG(s) 'example_display_name' retrieved from /home/airflow/.local/lib/python3.12/site-packages/airflow/example_dags/example_display_name.py
[2024-12-29T00:05:04.750+0000] {logging_mixin.py:190} INFO - [2024-12-29T00:05:04.750+0000] {dag.py:3239} INFO - Sync 1 DAGs
[2024-12-29T00:05:04.767+0000] {logging_mixin.py:190} INFO - [2024-12-29T00:05:04.767+0000] {dag.py:4180} INFO - Setting next_dagrun for example_display_name to None, run_after=None
[2024-12-29T00:05:04.794+0000] {processor.py:208} INFO - Processing /home/airflow/.local/lib/python3.12/site-packages/airflow/example_dags/example_display_name.py took 0.090 seconds
[2024-12-29T00:05:34.930+0000] {processor.py:186} INFO - Started process (PID=325) to work on /home/airflow/.local/lib/python3.12/site-packages/airflow/example_dags/example_display_name.py
[2024-12-29T00:05:34.932+0000] {processor.py:914} INFO - Processing file /home/airflow/.local/lib/python3.12/site-packages/airflow/example_dags/example_display_name.py for tasks to queue
[2024-12-29T00:05:34.935+0000] {logging_mixin.py:190} INFO - [2024-12-29T00:05:34.935+0000] {dagbag.py:588} INFO - Filling up the DagBag from /home/airflow/.local/lib/python3.12/site-packages/airflow/example_dags/example_display_name.py
[2024-12-29T00:05:34.943+0000] {processor.py:925} INFO - DAG(s) 'example_display_name' retrieved from /home/airflow/.local/lib/python3.12/site-packages/airflow/example_dags/example_display_name.py
[2024-12-29T00:05:34.965+0000] {logging_mixin.py:190} INFO - [2024-12-29T00:05:34.965+0000] {dag.py:3239} INFO - Sync 1 DAGs
[2024-12-29T00:05:34.979+0000] {logging_mixin.py:190} INFO - [2024-12-29T00:05:34.979+0000] {dag.py:4180} INFO - Setting next_dagrun for example_display_name to None, run_after=None
[2024-12-29T00:05:35.002+0000] {processor.py:208} INFO - Processing /home/airflow/.local/lib/python3.12/site-packages/airflow/example_dags/example_display_name.py took 0.078 seconds
[2024-12-29T00:06:06.108+0000] {processor.py:186} INFO - Started process (PID=389) to work on /home/airflow/.local/lib/python3.12/site-packages/airflow/example_dags/example_display_name.py
[2024-12-29T00:06:06.109+0000] {processor.py:914} INFO - Processing file /home/airflow/.local/lib/python3.12/site-packages/airflow/example_dags/example_display_name.py for tasks to queue
[2024-12-29T00:06:06.111+0000] {logging_mixin.py:190} INFO - [2024-12-29T00:06:06.111+0000] {dagbag.py:588} INFO - Filling up the DagBag from /home/airflow/.local/lib/python3.12/site-packages/airflow/example_dags/example_display_name.py
[2024-12-29T00:06:06.118+0000] {processor.py:925} INFO - DAG(s) 'example_display_name' retrieved from /home/airflow/.local/lib/python3.12/site-packages/airflow/example_dags/example_display_name.py
[2024-12-29T00:06:06.142+0000] {logging_mixin.py:190} INFO - [2024-12-29T00:06:06.142+0000] {dag.py:3239} INFO - Sync 1 DAGs
[2024-12-29T00:06:06.158+0000] {logging_mixin.py:190} INFO - [2024-12-29T00:06:06.158+0000] {dag.py:4180} INFO - Setting next_dagrun for example_display_name to None, run_after=None
[2024-12-29T00:06:06.182+0000] {processor.py:208} INFO - Processing /home/airflow/.local/lib/python3.12/site-packages/airflow/example_dags/example_display_name.py took 0.079 seconds
[2024-12-29T00:06:37.753+0000] {processor.py:186} INFO - Started process (PID=453) to work on /home/airflow/.local/lib/python3.12/site-packages/airflow/example_dags/example_display_name.py
[2024-12-29T00:06:37.754+0000] {processor.py:914} INFO - Processing file /home/airflow/.local/lib/python3.12/site-packages/airflow/example_dags/example_display_name.py for tasks to queue
[2024-12-29T00:06:37.757+0000] {logging_mixin.py:190} INFO - [2024-12-29T00:06:37.757+0000] {dagbag.py:588} INFO - Filling up the DagBag from /home/airflow/.local/lib/python3.12/site-packages/airflow/example_dags/example_display_name.py
[2024-12-29T00:06:37.766+0000] {processor.py:925} INFO - DAG(s) 'example_display_name' retrieved from /home/airflow/.local/lib/python3.12/site-packages/airflow/example_dags/example_display_name.py
[2024-12-29T00:06:37.795+0000] {logging_mixin.py:190} INFO - [2024-12-29T00:06:37.795+0000] {dag.py:3239} INFO - Sync 1 DAGs
[2024-12-29T00:06:37.813+0000] {logging_mixin.py:190} INFO - [2024-12-29T00:06:37.813+0000] {dag.py:4180} INFO - Setting next_dagrun for example_display_name to None, run_after=None
[2024-12-29T00:06:37.844+0000] {processor.py:208} INFO - Processing /home/airflow/.local/lib/python3.12/site-packages/airflow/example_dags/example_display_name.py took 0.097 seconds
[2024-12-29T00:07:09.577+0000] {processor.py:186} INFO - Started process (PID=517) to work on /home/airflow/.local/lib/python3.12/site-packages/airflow/example_dags/example_display_name.py
[2024-12-29T00:07:09.579+0000] {processor.py:914} INFO - Processing file /home/airflow/.local/lib/python3.12/site-packages/airflow/example_dags/example_display_name.py for tasks to queue
[2024-12-29T00:07:09.583+0000] {logging_mixin.py:190} INFO - [2024-12-29T00:07:09.583+0000] {dagbag.py:588} INFO - Filling up the DagBag from /home/airflow/.local/lib/python3.12/site-packages/airflow/example_dags/example_display_name.py
[2024-12-29T00:07:09.596+0000] {processor.py:925} INFO - DAG(s) 'example_display_name' retrieved from /home/airflow/.local/lib/python3.12/site-packages/airflow/example_dags/example_display_name.py
[2024-12-29T00:07:09.628+0000] {logging_mixin.py:190} INFO - [2024-12-29T00:07:09.628+0000] {dag.py:3239} INFO - Sync 1 DAGs
[2024-12-29T00:07:09.657+0000] {logging_mixin.py:190} INFO - [2024-12-29T00:07:09.656+0000] {dag.py:4180} INFO - Setting next_dagrun for example_display_name to None, run_after=None
[2024-12-29T00:07:09.704+0000] {processor.py:208} INFO - Processing /home/airflow/.local/lib/python3.12/site-packages/airflow/example_dags/example_display_name.py took 0.136 seconds
[2024-12-29T00:07:41.391+0000] {processor.py:186} INFO - Started process (PID=582) to work on /home/airflow/.local/lib/python3.12/site-packages/airflow/example_dags/example_display_name.py
[2024-12-29T00:07:41.392+0000] {processor.py:914} INFO - Processing file /home/airflow/.local/lib/python3.12/site-packages/airflow/example_dags/example_display_name.py for tasks to queue
[2024-12-29T00:07:41.395+0000] {logging_mixin.py:190} INFO - [2024-12-29T00:07:41.395+0000] {dagbag.py:588} INFO - Filling up the DagBag from /home/airflow/.local/lib/python3.12/site-packages/airflow/example_dags/example_display_name.py
[2024-12-29T00:07:41.403+0000] {processor.py:925} INFO - DAG(s) 'example_display_name' retrieved from /home/airflow/.local/lib/python3.12/site-packages/airflow/example_dags/example_display_name.py
[2024-12-29T00:07:41.430+0000] {logging_mixin.py:190} INFO - [2024-12-29T00:07:41.429+0000] {dag.py:3239} INFO - Sync 1 DAGs
[2024-12-29T00:07:41.445+0000] {logging_mixin.py:190} INFO - [2024-12-29T00:07:41.445+0000] {dag.py:4180} INFO - Setting next_dagrun for example_display_name to None, run_after=None
[2024-12-29T00:07:41.475+0000] {processor.py:208} INFO - Processing /home/airflow/.local/lib/python3.12/site-packages/airflow/example_dags/example_display_name.py took 0.090 seconds
[2024-12-29T00:08:12.518+0000] {processor.py:186} INFO - Started process (PID=646) to work on /home/airflow/.local/lib/python3.12/site-packages/airflow/example_dags/example_display_name.py
[2024-12-29T00:08:12.520+0000] {processor.py:914} INFO - Processing file /home/airflow/.local/lib/python3.12/site-packages/airflow/example_dags/example_display_name.py for tasks to queue
[2024-12-29T00:08:12.524+0000] {logging_mixin.py:190} INFO - [2024-12-29T00:08:12.523+0000] {dagbag.py:588} INFO - Filling up the DagBag from /home/airflow/.local/lib/python3.12/site-packages/airflow/example_dags/example_display_name.py
[2024-12-29T00:08:12.536+0000] {processor.py:925} INFO - DAG(s) 'example_display_name' retrieved from /home/airflow/.local/lib/python3.12/site-packages/airflow/example_dags/example_display_name.py
[2024-12-29T00:08:12.568+0000] {logging_mixin.py:190} INFO - [2024-12-29T00:08:12.567+0000] {dag.py:3239} INFO - Sync 1 DAGs
[2024-12-29T00:08:12.595+0000] {logging_mixin.py:190} INFO - [2024-12-29T00:08:12.594+0000] {dag.py:4180} INFO - Setting next_dagrun for example_display_name to None, run_after=None
[2024-12-29T00:08:12.642+0000] {processor.py:208} INFO - Processing /home/airflow/.local/lib/python3.12/site-packages/airflow/example_dags/example_display_name.py took 0.134 seconds
[2024-12-29T00:08:44.724+0000] {processor.py:186} INFO - Started process (PID=715) to work on /home/airflow/.local/lib/python3.12/site-packages/airflow/example_dags/example_display_name.py
[2024-12-29T00:08:44.726+0000] {processor.py:914} INFO - Processing file /home/airflow/.local/lib/python3.12/site-packages/airflow/example_dags/example_display_name.py for tasks to queue
[2024-12-29T00:08:44.729+0000] {logging_mixin.py:190} INFO - [2024-12-29T00:08:44.729+0000] {dagbag.py:588} INFO - Filling up the DagBag from /home/airflow/.local/lib/python3.12/site-packages/airflow/example_dags/example_display_name.py
[2024-12-29T00:08:44.737+0000] {processor.py:925} INFO - DAG(s) 'example_display_name' retrieved from /home/airflow/.local/lib/python3.12/site-packages/airflow/example_dags/example_display_name.py
[2024-12-29T00:08:44.764+0000] {logging_mixin.py:190} INFO - [2024-12-29T00:08:44.763+0000] {dag.py:3239} INFO - Sync 1 DAGs
[2024-12-29T00:08:44.778+0000] {logging_mixin.py:190} INFO - [2024-12-29T00:08:44.778+0000] {dag.py:4180} INFO - Setting next_dagrun for example_display_name to None, run_after=None
[2024-12-29T00:08:44.806+0000] {processor.py:208} INFO - Processing /home/airflow/.local/lib/python3.12/site-packages/airflow/example_dags/example_display_name.py took 0.088 seconds
[2024-12-29T00:09:16.083+0000] {processor.py:186} INFO - Started process (PID=779) to work on /home/airflow/.local/lib/python3.12/site-packages/airflow/example_dags/example_display_name.py
[2024-12-29T00:09:16.085+0000] {processor.py:914} INFO - Processing file /home/airflow/.local/lib/python3.12/site-packages/airflow/example_dags/example_display_name.py for tasks to queue
[2024-12-29T00:09:16.088+0000] {logging_mixin.py:190} INFO - [2024-12-29T00:09:16.088+0000] {dagbag.py:588} INFO - Filling up the DagBag from /home/airflow/.local/lib/python3.12/site-packages/airflow/example_dags/example_display_name.py
[2024-12-29T00:09:16.097+0000] {processor.py:925} INFO - DAG(s) 'example_display_name' retrieved from /home/airflow/.local/lib/python3.12/site-packages/airflow/example_dags/example_display_name.py
[2024-12-29T00:09:16.125+0000] {logging_mixin.py:190} INFO - [2024-12-29T00:09:16.125+0000] {dag.py:3239} INFO - Sync 1 DAGs
[2024-12-29T00:09:16.146+0000] {logging_mixin.py:190} INFO - [2024-12-29T00:09:16.146+0000] {dag.py:4180} INFO - Setting next_dagrun for example_display_name to None, run_after=None
[2024-12-29T00:09:16.181+0000] {processor.py:208} INFO - Processing /home/airflow/.local/lib/python3.12/site-packages/airflow/example_dags/example_display_name.py took 0.104 seconds
[2024-12-29T00:09:47.418+0000] {processor.py:186} INFO - Started process (PID=843) to work on /home/airflow/.local/lib/python3.12/site-packages/airflow/example_dags/example_display_name.py
[2024-12-29T00:09:47.419+0000] {processor.py:914} INFO - Processing file /home/airflow/.local/lib/python3.12/site-packages/airflow/example_dags/example_display_name.py for tasks to queue
[2024-12-29T00:09:47.422+0000] {logging_mixin.py:190} INFO - [2024-12-29T00:09:47.421+0000] {dagbag.py:588} INFO - Filling up the DagBag from /home/airflow/.local/lib/python3.12/site-packages/airflow/example_dags/example_display_name.py
[2024-12-29T00:09:47.431+0000] {processor.py:925} INFO - DAG(s) 'example_display_name' retrieved from /home/airflow/.local/lib/python3.12/site-packages/airflow/example_dags/example_display_name.py
[2024-12-29T00:09:47.456+0000] {logging_mixin.py:190} INFO - [2024-12-29T00:09:47.456+0000] {dag.py:3239} INFO - Sync 1 DAGs
[2024-12-29T00:09:47.474+0000] {logging_mixin.py:190} INFO - [2024-12-29T00:09:47.473+0000] {dag.py:4180} INFO - Setting next_dagrun for example_display_name to None, run_after=None
[2024-12-29T00:09:47.501+0000] {processor.py:208} INFO - Processing /home/airflow/.local/lib/python3.12/site-packages/airflow/example_dags/example_display_name.py took 0.089 seconds
[2024-12-29T00:10:19.370+0000] {processor.py:186} INFO - Started process (PID=909) to work on /home/airflow/.local/lib/python3.12/site-packages/airflow/example_dags/example_display_name.py
[2024-12-29T00:10:19.372+0000] {processor.py:914} INFO - Processing file /home/airflow/.local/lib/python3.12/site-packages/airflow/example_dags/example_display_name.py for tasks to queue
[2024-12-29T00:10:19.375+0000] {logging_mixin.py:190} INFO - [2024-12-29T00:10:19.375+0000] {dagbag.py:588} INFO - Filling up the DagBag from /home/airflow/.local/lib/python3.12/site-packages/airflow/example_dags/example_display_name.py
[2024-12-29T00:10:19.384+0000] {processor.py:925} INFO - DAG(s) 'example_display_name' retrieved from /home/airflow/.local/lib/python3.12/site-packages/airflow/example_dags/example_display_name.py
[2024-12-29T00:10:19.407+0000] {logging_mixin.py:190} INFO - [2024-12-29T00:10:19.407+0000] {dag.py:3239} INFO - Sync 1 DAGs
[2024-12-29T00:10:19.421+0000] {logging_mixin.py:190} INFO - [2024-12-29T00:10:19.421+0000] {dag.py:4180} INFO - Setting next_dagrun for example_display_name to None, run_after=None
[2024-12-29T00:10:19.445+0000] {processor.py:208} INFO - Processing /home/airflow/.local/lib/python3.12/site-packages/airflow/example_dags/example_display_name.py took 0.080 seconds
[2024-12-29T00:10:50.531+0000] {processor.py:186} INFO - Started process (PID=974) to work on /home/airflow/.local/lib/python3.12/site-packages/airflow/example_dags/example_display_name.py
[2024-12-29T00:10:50.533+0000] {processor.py:914} INFO - Processing file /home/airflow/.local/lib/python3.12/site-packages/airflow/example_dags/example_display_name.py for tasks to queue
[2024-12-29T00:10:50.536+0000] {logging_mixin.py:190} INFO - [2024-12-29T00:10:50.536+0000] {dagbag.py:588} INFO - Filling up the DagBag from /home/airflow/.local/lib/python3.12/site-packages/airflow/example_dags/example_display_name.py
[2024-12-29T00:10:50.545+0000] {processor.py:925} INFO - DAG(s) 'example_display_name' retrieved from /home/airflow/.local/lib/python3.12/site-packages/airflow/example_dags/example_display_name.py
[2024-12-29T00:10:50.570+0000] {logging_mixin.py:190} INFO - [2024-12-29T00:10:50.569+0000] {dag.py:3239} INFO - Sync 1 DAGs
[2024-12-29T00:10:50.584+0000] {logging_mixin.py:190} INFO - [2024-12-29T00:10:50.584+0000] {dag.py:4180} INFO - Setting next_dagrun for example_display_name to None, run_after=None
[2024-12-29T00:10:50.610+0000] {processor.py:208} INFO - Processing /home/airflow/.local/lib/python3.12/site-packages/airflow/example_dags/example_display_name.py took 0.085 seconds
[2024-12-29T00:11:22.178+0000] {processor.py:186} INFO - Started process (PID=1038) to work on /home/airflow/.local/lib/python3.12/site-packages/airflow/example_dags/example_display_name.py
[2024-12-29T00:11:22.180+0000] {processor.py:914} INFO - Processing file /home/airflow/.local/lib/python3.12/site-packages/airflow/example_dags/example_display_name.py for tasks to queue
[2024-12-29T00:11:22.183+0000] {logging_mixin.py:190} INFO - [2024-12-29T00:11:22.183+0000] {dagbag.py:588} INFO - Filling up the DagBag from /home/airflow/.local/lib/python3.12/site-packages/airflow/example_dags/example_display_name.py
[2024-12-29T00:11:22.192+0000] {processor.py:925} INFO - DAG(s) 'example_display_name' retrieved from /home/airflow/.local/lib/python3.12/site-packages/airflow/example_dags/example_display_name.py
[2024-12-29T00:11:22.219+0000] {logging_mixin.py:190} INFO - [2024-12-29T00:11:22.219+0000] {dag.py:3239} INFO - Sync 1 DAGs
[2024-12-29T00:11:22.238+0000] {logging_mixin.py:190} INFO - [2024-12-29T00:11:22.237+0000] {dag.py:4180} INFO - Setting next_dagrun for example_display_name to None, run_after=None
[2024-12-29T00:11:22.265+0000] {processor.py:208} INFO - Processing /home/airflow/.local/lib/python3.12/site-packages/airflow/example_dags/example_display_name.py took 0.094 seconds
[2024-12-29T00:11:54.778+0000] {processor.py:186} INFO - Started process (PID=1109) to work on /home/airflow/.local/lib/python3.12/site-packages/airflow/example_dags/example_display_name.py
[2024-12-29T00:11:54.780+0000] {processor.py:914} INFO - Processing file /home/airflow/.local/lib/python3.12/site-packages/airflow/example_dags/example_display_name.py for tasks to queue
[2024-12-29T00:11:54.783+0000] {logging_mixin.py:190} INFO - [2024-12-29T00:11:54.782+0000] {dagbag.py:588} INFO - Filling up the DagBag from /home/airflow/.local/lib/python3.12/site-packages/airflow/example_dags/example_display_name.py
[2024-12-29T00:11:54.792+0000] {processor.py:925} INFO - DAG(s) 'example_display_name' retrieved from /home/airflow/.local/lib/python3.12/site-packages/airflow/example_dags/example_display_name.py
[2024-12-29T00:11:54.820+0000] {logging_mixin.py:190} INFO - [2024-12-29T00:11:54.820+0000] {dag.py:3239} INFO - Sync 1 DAGs
[2024-12-29T00:11:54.837+0000] {logging_mixin.py:190} INFO - [2024-12-29T00:11:54.836+0000] {dag.py:4180} INFO - Setting next_dagrun for example_display_name to None, run_after=None
[2024-12-29T00:11:54.864+0000] {processor.py:208} INFO - Processing /home/airflow/.local/lib/python3.12/site-packages/airflow/example_dags/example_display_name.py took 0.093 seconds
[2024-12-29T00:12:29.426+0000] {processor.py:186} INFO - Started process (PID=1173) to work on /home/airflow/.local/lib/python3.12/site-packages/airflow/example_dags/example_display_name.py
[2024-12-29T00:12:29.432+0000] {processor.py:914} INFO - Processing file /home/airflow/.local/lib/python3.12/site-packages/airflow/example_dags/example_display_name.py for tasks to queue
[2024-12-29T00:12:29.436+0000] {logging_mixin.py:190} INFO - [2024-12-29T00:12:29.436+0000] {dagbag.py:588} INFO - Filling up the DagBag from /home/airflow/.local/lib/python3.12/site-packages/airflow/example_dags/example_display_name.py
[2024-12-29T00:12:29.446+0000] {processor.py:925} INFO - DAG(s) 'example_display_name' retrieved from /home/airflow/.local/lib/python3.12/site-packages/airflow/example_dags/example_display_name.py
[2024-12-29T00:12:29.471+0000] {logging_mixin.py:190} INFO - [2024-12-29T00:12:29.471+0000] {dag.py:3239} INFO - Sync 1 DAGs
[2024-12-29T00:12:29.488+0000] {logging_mixin.py:190} INFO - [2024-12-29T00:12:29.488+0000] {dag.py:4180} INFO - Setting next_dagrun for example_display_name to None, run_after=None
[2024-12-29T00:12:29.537+0000] {processor.py:208} INFO - Processing /home/airflow/.local/lib/python3.12/site-packages/airflow/example_dags/example_display_name.py took 0.117 seconds
[2024-12-29T00:13:00.172+0000] {processor.py:186} INFO - Started process (PID=1237) to work on /home/airflow/.local/lib/python3.12/site-packages/airflow/example_dags/example_display_name.py
[2024-12-29T00:13:00.174+0000] {processor.py:914} INFO - Processing file /home/airflow/.local/lib/python3.12/site-packages/airflow/example_dags/example_display_name.py for tasks to queue
[2024-12-29T00:13:00.177+0000] {logging_mixin.py:190} INFO - [2024-12-29T00:13:00.177+0000] {dagbag.py:588} INFO - Filling up the DagBag from /home/airflow/.local/lib/python3.12/site-packages/airflow/example_dags/example_display_name.py
[2024-12-29T00:13:00.186+0000] {processor.py:925} INFO - DAG(s) 'example_display_name' retrieved from /home/airflow/.local/lib/python3.12/site-packages/airflow/example_dags/example_display_name.py
[2024-12-29T00:13:00.219+0000] {logging_mixin.py:190} INFO - [2024-12-29T00:13:00.219+0000] {dag.py:3239} INFO - Sync 1 DAGs
[2024-12-29T00:13:00.243+0000] {logging_mixin.py:190} INFO - [2024-12-29T00:13:00.243+0000] {dag.py:4180} INFO - Setting next_dagrun for example_display_name to None, run_after=None
[2024-12-29T00:13:00.273+0000] {processor.py:208} INFO - Processing /home/airflow/.local/lib/python3.12/site-packages/airflow/example_dags/example_display_name.py took 0.108 seconds
[2024-12-29T00:13:30.662+0000] {processor.py:186} INFO - Started process (PID=1302) to work on /home/airflow/.local/lib/python3.12/site-packages/airflow/example_dags/example_display_name.py
[2024-12-29T00:13:30.664+0000] {processor.py:914} INFO - Processing file /home/airflow/.local/lib/python3.12/site-packages/airflow/example_dags/example_display_name.py for tasks to queue
[2024-12-29T00:13:30.668+0000] {logging_mixin.py:190} INFO - [2024-12-29T00:13:30.667+0000] {dagbag.py:588} INFO - Filling up the DagBag from /home/airflow/.local/lib/python3.12/site-packages/airflow/example_dags/example_display_name.py
[2024-12-29T00:13:30.677+0000] {processor.py:925} INFO - DAG(s) 'example_display_name' retrieved from /home/airflow/.local/lib/python3.12/site-packages/airflow/example_dags/example_display_name.py
[2024-12-29T00:13:30.711+0000] {logging_mixin.py:190} INFO - [2024-12-29T00:13:30.711+0000] {dag.py:3239} INFO - Sync 1 DAGs
[2024-12-29T00:13:30.740+0000] {logging_mixin.py:190} INFO - [2024-12-29T00:13:30.739+0000] {dag.py:4180} INFO - Setting next_dagrun for example_display_name to None, run_after=None
[2024-12-29T00:13:30.773+0000] {processor.py:208} INFO - Processing /home/airflow/.local/lib/python3.12/site-packages/airflow/example_dags/example_display_name.py took 0.118 seconds
[2024-12-29T00:14:01.236+0000] {processor.py:186} INFO - Started process (PID=1368) to work on /home/airflow/.local/lib/python3.12/site-packages/airflow/example_dags/example_display_name.py
[2024-12-29T00:14:01.238+0000] {processor.py:914} INFO - Processing file /home/airflow/.local/lib/python3.12/site-packages/airflow/example_dags/example_display_name.py for tasks to queue
[2024-12-29T00:14:01.243+0000] {logging_mixin.py:190} INFO - [2024-12-29T00:14:01.242+0000] {dagbag.py:588} INFO - Filling up the DagBag from /home/airflow/.local/lib/python3.12/site-packages/airflow/example_dags/example_display_name.py
[2024-12-29T00:14:01.259+0000] {processor.py:925} INFO - DAG(s) 'example_display_name' retrieved from /home/airflow/.local/lib/python3.12/site-packages/airflow/example_dags/example_display_name.py
[2024-12-29T00:14:01.294+0000] {logging_mixin.py:190} INFO - [2024-12-29T00:14:01.294+0000] {dag.py:3239} INFO - Sync 1 DAGs
[2024-12-29T00:14:01.321+0000] {logging_mixin.py:190} INFO - [2024-12-29T00:14:01.320+0000] {dag.py:4180} INFO - Setting next_dagrun for example_display_name to None, run_after=None
[2024-12-29T00:14:01.362+0000] {processor.py:208} INFO - Processing /home/airflow/.local/lib/python3.12/site-packages/airflow/example_dags/example_display_name.py took 0.138 seconds
[2024-12-29T00:14:33.155+0000] {processor.py:186} INFO - Started process (PID=1438) to work on /home/airflow/.local/lib/python3.12/site-packages/airflow/example_dags/example_display_name.py
[2024-12-29T00:14:33.156+0000] {processor.py:914} INFO - Processing file /home/airflow/.local/lib/python3.12/site-packages/airflow/example_dags/example_display_name.py for tasks to queue
[2024-12-29T00:14:33.159+0000] {logging_mixin.py:190} INFO - [2024-12-29T00:14:33.159+0000] {dagbag.py:588} INFO - Filling up the DagBag from /home/airflow/.local/lib/python3.12/site-packages/airflow/example_dags/example_display_name.py
[2024-12-29T00:14:33.169+0000] {processor.py:925} INFO - DAG(s) 'example_display_name' retrieved from /home/airflow/.local/lib/python3.12/site-packages/airflow/example_dags/example_display_name.py
[2024-12-29T00:14:33.199+0000] {logging_mixin.py:190} INFO - [2024-12-29T00:14:33.199+0000] {dag.py:3239} INFO - Sync 1 DAGs
[2024-12-29T00:14:33.218+0000] {logging_mixin.py:190} INFO - [2024-12-29T00:14:33.218+0000] {dag.py:4180} INFO - Setting next_dagrun for example_display_name to None, run_after=None
[2024-12-29T00:14:33.249+0000] {processor.py:208} INFO - Processing /home/airflow/.local/lib/python3.12/site-packages/airflow/example_dags/example_display_name.py took 0.102 seconds
[2024-12-29T00:15:04.493+0000] {processor.py:186} INFO - Started process (PID=1503) to work on /home/airflow/.local/lib/python3.12/site-packages/airflow/example_dags/example_display_name.py
[2024-12-29T00:15:04.511+0000] {processor.py:914} INFO - Processing file /home/airflow/.local/lib/python3.12/site-packages/airflow/example_dags/example_display_name.py for tasks to queue
[2024-12-29T00:15:04.514+0000] {logging_mixin.py:190} INFO - [2024-12-29T00:15:04.514+0000] {dagbag.py:588} INFO - Filling up the DagBag from /home/airflow/.local/lib/python3.12/site-packages/airflow/example_dags/example_display_name.py
[2024-12-29T00:15:04.526+0000] {processor.py:925} INFO - DAG(s) 'example_display_name' retrieved from /home/airflow/.local/lib/python3.12/site-packages/airflow/example_dags/example_display_name.py
[2024-12-29T00:15:04.564+0000] {logging_mixin.py:190} INFO - [2024-12-29T00:15:04.564+0000] {dag.py:3239} INFO - Sync 1 DAGs
[2024-12-29T00:15:04.590+0000] {logging_mixin.py:190} INFO - [2024-12-29T00:15:04.590+0000] {dag.py:4180} INFO - Setting next_dagrun for example_display_name to None, run_after=None
[2024-12-29T00:15:04.940+0000] {processor.py:208} INFO - Processing /home/airflow/.local/lib/python3.12/site-packages/airflow/example_dags/example_display_name.py took 0.454 seconds
[2024-12-29T00:15:35.779+0000] {processor.py:186} INFO - Started process (PID=1568) to work on /home/airflow/.local/lib/python3.12/site-packages/airflow/example_dags/example_display_name.py
[2024-12-29T00:15:35.781+0000] {processor.py:914} INFO - Processing file /home/airflow/.local/lib/python3.12/site-packages/airflow/example_dags/example_display_name.py for tasks to queue
[2024-12-29T00:15:35.785+0000] {logging_mixin.py:190} INFO - [2024-12-29T00:15:35.784+0000] {dagbag.py:588} INFO - Filling up the DagBag from /home/airflow/.local/lib/python3.12/site-packages/airflow/example_dags/example_display_name.py
[2024-12-29T00:15:35.798+0000] {processor.py:925} INFO - DAG(s) 'example_display_name' retrieved from /home/airflow/.local/lib/python3.12/site-packages/airflow/example_dags/example_display_name.py
[2024-12-29T00:15:35.838+0000] {logging_mixin.py:190} INFO - [2024-12-29T00:15:35.838+0000] {dag.py:3239} INFO - Sync 1 DAGs
[2024-12-29T00:15:35.867+0000] {logging_mixin.py:190} INFO - [2024-12-29T00:15:35.866+0000] {dag.py:4180} INFO - Setting next_dagrun for example_display_name to None, run_after=None
[2024-12-29T00:15:35.900+0000] {processor.py:208} INFO - Processing /home/airflow/.local/lib/python3.12/site-packages/airflow/example_dags/example_display_name.py took 0.130 seconds
[2024-12-29T00:16:06.834+0000] {processor.py:186} INFO - Started process (PID=1633) to work on /home/airflow/.local/lib/python3.12/site-packages/airflow/example_dags/example_display_name.py
[2024-12-29T00:16:06.836+0000] {processor.py:914} INFO - Processing file /home/airflow/.local/lib/python3.12/site-packages/airflow/example_dags/example_display_name.py for tasks to queue
[2024-12-29T00:16:06.839+0000] {logging_mixin.py:190} INFO - [2024-12-29T00:16:06.838+0000] {dagbag.py:588} INFO - Filling up the DagBag from /home/airflow/.local/lib/python3.12/site-packages/airflow/example_dags/example_display_name.py
[2024-12-29T00:16:06.850+0000] {processor.py:925} INFO - DAG(s) 'example_display_name' retrieved from /home/airflow/.local/lib/python3.12/site-packages/airflow/example_dags/example_display_name.py
[2024-12-29T00:16:06.877+0000] {logging_mixin.py:190} INFO - [2024-12-29T00:16:06.877+0000] {dag.py:3239} INFO - Sync 1 DAGs
[2024-12-29T00:16:06.897+0000] {logging_mixin.py:190} INFO - [2024-12-29T00:16:06.897+0000] {dag.py:4180} INFO - Setting next_dagrun for example_display_name to None, run_after=None
[2024-12-29T00:16:06.933+0000] {processor.py:208} INFO - Processing /home/airflow/.local/lib/python3.12/site-packages/airflow/example_dags/example_display_name.py took 0.105 seconds
[2024-12-29T00:16:38.399+0000] {processor.py:186} INFO - Started process (PID=1701) to work on /home/airflow/.local/lib/python3.12/site-packages/airflow/example_dags/example_display_name.py
[2024-12-29T00:16:38.402+0000] {processor.py:914} INFO - Processing file /home/airflow/.local/lib/python3.12/site-packages/airflow/example_dags/example_display_name.py for tasks to queue
[2024-12-29T00:16:38.405+0000] {logging_mixin.py:190} INFO - [2024-12-29T00:16:38.404+0000] {dagbag.py:588} INFO - Filling up the DagBag from /home/airflow/.local/lib/python3.12/site-packages/airflow/example_dags/example_display_name.py
[2024-12-29T00:16:38.420+0000] {processor.py:925} INFO - DAG(s) 'example_display_name' retrieved from /home/airflow/.local/lib/python3.12/site-packages/airflow/example_dags/example_display_name.py
[2024-12-29T00:16:38.453+0000] {logging_mixin.py:190} INFO - [2024-12-29T00:16:38.453+0000] {dag.py:3239} INFO - Sync 1 DAGs
[2024-12-29T00:16:38.477+0000] {logging_mixin.py:190} INFO - [2024-12-29T00:16:38.477+0000] {dag.py:4180} INFO - Setting next_dagrun for example_display_name to None, run_after=None
[2024-12-29T00:16:38.512+0000] {processor.py:208} INFO - Processing /home/airflow/.local/lib/python3.12/site-packages/airflow/example_dags/example_display_name.py took 0.120 seconds
[2024-12-29T00:20:01.913+0000] {processor.py:186} INFO - Started process (PID=132) to work on /home/airflow/.local/lib/python3.12/site-packages/airflow/example_dags/example_display_name.py
[2024-12-29T00:20:01.916+0000] {processor.py:914} INFO - Processing file /home/airflow/.local/lib/python3.12/site-packages/airflow/example_dags/example_display_name.py for tasks to queue
[2024-12-29T00:20:01.919+0000] {logging_mixin.py:190} INFO - [2024-12-29T00:20:01.918+0000] {dagbag.py:588} INFO - Filling up the DagBag from /home/airflow/.local/lib/python3.12/site-packages/airflow/example_dags/example_display_name.py
[2024-12-29T00:20:01.930+0000] {processor.py:925} INFO - DAG(s) 'example_display_name' retrieved from /home/airflow/.local/lib/python3.12/site-packages/airflow/example_dags/example_display_name.py
[2024-12-29T00:20:01.965+0000] {logging_mixin.py:190} INFO - [2024-12-29T00:20:01.965+0000] {dag.py:3239} INFO - Sync 1 DAGs
[2024-12-29T00:20:01.990+0000] {logging_mixin.py:190} INFO - [2024-12-29T00:20:01.990+0000] {dag.py:4180} INFO - Setting next_dagrun for example_display_name to None, run_after=None
[2024-12-29T00:20:02.026+0000] {processor.py:208} INFO - Processing /home/airflow/.local/lib/python3.12/site-packages/airflow/example_dags/example_display_name.py took 0.122 seconds
[2024-12-29T00:20:33.600+0000] {processor.py:186} INFO - Started process (PID=196) to work on /home/airflow/.local/lib/python3.12/site-packages/airflow/example_dags/example_display_name.py
[2024-12-29T00:20:33.602+0000] {processor.py:914} INFO - Processing file /home/airflow/.local/lib/python3.12/site-packages/airflow/example_dags/example_display_name.py for tasks to queue
[2024-12-29T00:20:33.605+0000] {logging_mixin.py:190} INFO - [2024-12-29T00:20:33.604+0000] {dagbag.py:588} INFO - Filling up the DagBag from /home/airflow/.local/lib/python3.12/site-packages/airflow/example_dags/example_display_name.py
[2024-12-29T00:20:33.612+0000] {processor.py:925} INFO - DAG(s) 'example_display_name' retrieved from /home/airflow/.local/lib/python3.12/site-packages/airflow/example_dags/example_display_name.py
[2024-12-29T00:20:33.635+0000] {logging_mixin.py:190} INFO - [2024-12-29T00:20:33.635+0000] {dag.py:3239} INFO - Sync 1 DAGs
[2024-12-29T00:20:33.649+0000] {logging_mixin.py:190} INFO - [2024-12-29T00:20:33.649+0000] {dag.py:4180} INFO - Setting next_dagrun for example_display_name to None, run_after=None
[2024-12-29T00:20:33.674+0000] {processor.py:208} INFO - Processing /home/airflow/.local/lib/python3.12/site-packages/airflow/example_dags/example_display_name.py took 0.080 seconds
[2024-12-29T00:21:06.063+0000] {processor.py:186} INFO - Started process (PID=262) to work on /home/airflow/.local/lib/python3.12/site-packages/airflow/example_dags/example_display_name.py
[2024-12-29T00:21:06.065+0000] {processor.py:914} INFO - Processing file /home/airflow/.local/lib/python3.12/site-packages/airflow/example_dags/example_display_name.py for tasks to queue
[2024-12-29T00:21:06.068+0000] {logging_mixin.py:190} INFO - [2024-12-29T00:21:06.068+0000] {dagbag.py:588} INFO - Filling up the DagBag from /home/airflow/.local/lib/python3.12/site-packages/airflow/example_dags/example_display_name.py
[2024-12-29T00:21:06.075+0000] {processor.py:925} INFO - DAG(s) 'example_display_name' retrieved from /home/airflow/.local/lib/python3.12/site-packages/airflow/example_dags/example_display_name.py
[2024-12-29T00:21:06.099+0000] {logging_mixin.py:190} INFO - [2024-12-29T00:21:06.099+0000] {dag.py:3239} INFO - Sync 1 DAGs
[2024-12-29T00:21:06.116+0000] {logging_mixin.py:190} INFO - [2024-12-29T00:21:06.115+0000] {dag.py:4180} INFO - Setting next_dagrun for example_display_name to None, run_after=None
[2024-12-29T00:21:06.141+0000] {processor.py:208} INFO - Processing /home/airflow/.local/lib/python3.12/site-packages/airflow/example_dags/example_display_name.py took 0.084 seconds
[2024-12-29T00:21:37.412+0000] {processor.py:186} INFO - Started process (PID=327) to work on /home/airflow/.local/lib/python3.12/site-packages/airflow/example_dags/example_display_name.py
[2024-12-29T00:21:37.414+0000] {processor.py:914} INFO - Processing file /home/airflow/.local/lib/python3.12/site-packages/airflow/example_dags/example_display_name.py for tasks to queue
[2024-12-29T00:21:37.416+0000] {logging_mixin.py:190} INFO - [2024-12-29T00:21:37.416+0000] {dagbag.py:588} INFO - Filling up the DagBag from /home/airflow/.local/lib/python3.12/site-packages/airflow/example_dags/example_display_name.py
[2024-12-29T00:21:37.423+0000] {processor.py:925} INFO - DAG(s) 'example_display_name' retrieved from /home/airflow/.local/lib/python3.12/site-packages/airflow/example_dags/example_display_name.py
[2024-12-29T00:21:37.448+0000] {logging_mixin.py:190} INFO - [2024-12-29T00:21:37.448+0000] {dag.py:3239} INFO - Sync 1 DAGs
[2024-12-29T00:21:37.464+0000] {logging_mixin.py:190} INFO - [2024-12-29T00:21:37.464+0000] {dag.py:4180} INFO - Setting next_dagrun for example_display_name to None, run_after=None
[2024-12-29T00:21:37.491+0000] {processor.py:208} INFO - Processing /home/airflow/.local/lib/python3.12/site-packages/airflow/example_dags/example_display_name.py took 0.084 seconds
[2024-12-29T00:22:09.221+0000] {processor.py:186} INFO - Started process (PID=397) to work on /home/airflow/.local/lib/python3.12/site-packages/airflow/example_dags/example_display_name.py
[2024-12-29T00:22:09.223+0000] {processor.py:914} INFO - Processing file /home/airflow/.local/lib/python3.12/site-packages/airflow/example_dags/example_display_name.py for tasks to queue
[2024-12-29T00:22:09.226+0000] {logging_mixin.py:190} INFO - [2024-12-29T00:22:09.226+0000] {dagbag.py:588} INFO - Filling up the DagBag from /home/airflow/.local/lib/python3.12/site-packages/airflow/example_dags/example_display_name.py
[2024-12-29T00:22:09.236+0000] {processor.py:925} INFO - DAG(s) 'example_display_name' retrieved from /home/airflow/.local/lib/python3.12/site-packages/airflow/example_dags/example_display_name.py
[2024-12-29T00:22:09.272+0000] {logging_mixin.py:190} INFO - [2024-12-29T00:22:09.272+0000] {dag.py:3239} INFO - Sync 1 DAGs
[2024-12-29T00:22:09.297+0000] {logging_mixin.py:190} INFO - [2024-12-29T00:22:09.297+0000] {dag.py:4180} INFO - Setting next_dagrun for example_display_name to None, run_after=None
[2024-12-29T00:22:09.331+0000] {processor.py:208} INFO - Processing /home/airflow/.local/lib/python3.12/site-packages/airflow/example_dags/example_display_name.py took 0.117 seconds
[2024-12-29T00:22:40.071+0000] {processor.py:186} INFO - Started process (PID=462) to work on /home/airflow/.local/lib/python3.12/site-packages/airflow/example_dags/example_display_name.py
[2024-12-29T00:22:40.073+0000] {processor.py:914} INFO - Processing file /home/airflow/.local/lib/python3.12/site-packages/airflow/example_dags/example_display_name.py for tasks to queue
[2024-12-29T00:22:40.077+0000] {logging_mixin.py:190} INFO - [2024-12-29T00:22:40.076+0000] {dagbag.py:588} INFO - Filling up the DagBag from /home/airflow/.local/lib/python3.12/site-packages/airflow/example_dags/example_display_name.py
[2024-12-29T00:22:40.086+0000] {processor.py:925} INFO - DAG(s) 'example_display_name' retrieved from /home/airflow/.local/lib/python3.12/site-packages/airflow/example_dags/example_display_name.py
[2024-12-29T00:22:40.116+0000] {logging_mixin.py:190} INFO - [2024-12-29T00:22:40.116+0000] {dag.py:3239} INFO - Sync 1 DAGs
[2024-12-29T00:22:40.136+0000] {logging_mixin.py:190} INFO - [2024-12-29T00:22:40.136+0000] {dag.py:4180} INFO - Setting next_dagrun for example_display_name to None, run_after=None
[2024-12-29T00:22:40.167+0000] {processor.py:208} INFO - Processing /home/airflow/.local/lib/python3.12/site-packages/airflow/example_dags/example_display_name.py took 0.103 seconds
[2024-12-29T00:23:13.040+0000] {processor.py:186} INFO - Started process (PID=528) to work on /home/airflow/.local/lib/python3.12/site-packages/airflow/example_dags/example_display_name.py
[2024-12-29T00:23:13.042+0000] {processor.py:914} INFO - Processing file /home/airflow/.local/lib/python3.12/site-packages/airflow/example_dags/example_display_name.py for tasks to queue
[2024-12-29T00:23:13.045+0000] {logging_mixin.py:190} INFO - [2024-12-29T00:23:13.044+0000] {dagbag.py:588} INFO - Filling up the DagBag from /home/airflow/.local/lib/python3.12/site-packages/airflow/example_dags/example_display_name.py
[2024-12-29T00:23:13.056+0000] {processor.py:925} INFO - DAG(s) 'example_display_name' retrieved from /home/airflow/.local/lib/python3.12/site-packages/airflow/example_dags/example_display_name.py
[2024-12-29T00:23:13.086+0000] {logging_mixin.py:190} INFO - [2024-12-29T00:23:13.085+0000] {dag.py:3239} INFO - Sync 1 DAGs
[2024-12-29T00:23:13.113+0000] {logging_mixin.py:190} INFO - [2024-12-29T00:23:13.113+0000] {dag.py:4180} INFO - Setting next_dagrun for example_display_name to None, run_after=None
[2024-12-29T00:23:13.147+0000] {processor.py:208} INFO - Processing /home/airflow/.local/lib/python3.12/site-packages/airflow/example_dags/example_display_name.py took 0.115 seconds
[2024-12-29T00:23:44.504+0000] {processor.py:186} INFO - Started process (PID=593) to work on /home/airflow/.local/lib/python3.12/site-packages/airflow/example_dags/example_display_name.py
[2024-12-29T00:23:44.505+0000] {processor.py:914} INFO - Processing file /home/airflow/.local/lib/python3.12/site-packages/airflow/example_dags/example_display_name.py for tasks to queue
[2024-12-29T00:23:44.509+0000] {logging_mixin.py:190} INFO - [2024-12-29T00:23:44.508+0000] {dagbag.py:588} INFO - Filling up the DagBag from /home/airflow/.local/lib/python3.12/site-packages/airflow/example_dags/example_display_name.py
[2024-12-29T00:23:44.518+0000] {processor.py:925} INFO - DAG(s) 'example_display_name' retrieved from /home/airflow/.local/lib/python3.12/site-packages/airflow/example_dags/example_display_name.py
[2024-12-29T00:23:44.547+0000] {logging_mixin.py:190} INFO - [2024-12-29T00:23:44.546+0000] {dag.py:3239} INFO - Sync 1 DAGs
[2024-12-29T00:23:44.565+0000] {logging_mixin.py:190} INFO - [2024-12-29T00:23:44.565+0000] {dag.py:4180} INFO - Setting next_dagrun for example_display_name to None, run_after=None
[2024-12-29T00:23:44.594+0000] {processor.py:208} INFO - Processing /home/airflow/.local/lib/python3.12/site-packages/airflow/example_dags/example_display_name.py took 0.098 seconds
[2024-12-29T00:24:15.267+0000] {processor.py:186} INFO - Started process (PID=658) to work on /home/airflow/.local/lib/python3.12/site-packages/airflow/example_dags/example_display_name.py
[2024-12-29T00:24:15.268+0000] {processor.py:914} INFO - Processing file /home/airflow/.local/lib/python3.12/site-packages/airflow/example_dags/example_display_name.py for tasks to queue
[2024-12-29T00:24:15.272+0000] {logging_mixin.py:190} INFO - [2024-12-29T00:24:15.271+0000] {dagbag.py:588} INFO - Filling up the DagBag from /home/airflow/.local/lib/python3.12/site-packages/airflow/example_dags/example_display_name.py
[2024-12-29T00:24:15.280+0000] {processor.py:925} INFO - DAG(s) 'example_display_name' retrieved from /home/airflow/.local/lib/python3.12/site-packages/airflow/example_dags/example_display_name.py
[2024-12-29T00:24:15.305+0000] {logging_mixin.py:190} INFO - [2024-12-29T00:24:15.305+0000] {dag.py:3239} INFO - Sync 1 DAGs
[2024-12-29T00:24:15.321+0000] {logging_mixin.py:190} INFO - [2024-12-29T00:24:15.321+0000] {dag.py:4180} INFO - Setting next_dagrun for example_display_name to None, run_after=None
[2024-12-29T00:24:15.348+0000] {processor.py:208} INFO - Processing /home/airflow/.local/lib/python3.12/site-packages/airflow/example_dags/example_display_name.py took 0.087 seconds
[2024-12-29T00:24:46.624+0000] {processor.py:186} INFO - Started process (PID=723) to work on /home/airflow/.local/lib/python3.12/site-packages/airflow/example_dags/example_display_name.py
[2024-12-29T00:24:46.625+0000] {processor.py:914} INFO - Processing file /home/airflow/.local/lib/python3.12/site-packages/airflow/example_dags/example_display_name.py for tasks to queue
[2024-12-29T00:24:46.629+0000] {logging_mixin.py:190} INFO - [2024-12-29T00:24:46.628+0000] {dagbag.py:588} INFO - Filling up the DagBag from /home/airflow/.local/lib/python3.12/site-packages/airflow/example_dags/example_display_name.py
[2024-12-29T00:24:46.637+0000] {processor.py:925} INFO - DAG(s) 'example_display_name' retrieved from /home/airflow/.local/lib/python3.12/site-packages/airflow/example_dags/example_display_name.py
[2024-12-29T00:24:46.666+0000] {logging_mixin.py:190} INFO - [2024-12-29T00:24:46.665+0000] {dag.py:3239} INFO - Sync 1 DAGs
[2024-12-29T00:24:46.686+0000] {logging_mixin.py:190} INFO - [2024-12-29T00:24:46.685+0000] {dag.py:4180} INFO - Setting next_dagrun for example_display_name to None, run_after=None
[2024-12-29T00:24:46.716+0000] {processor.py:208} INFO - Processing /home/airflow/.local/lib/python3.12/site-packages/airflow/example_dags/example_display_name.py took 0.098 seconds
[2024-12-29T00:25:17.705+0000] {processor.py:186} INFO - Started process (PID=788) to work on /home/airflow/.local/lib/python3.12/site-packages/airflow/example_dags/example_display_name.py
[2024-12-29T00:25:17.706+0000] {processor.py:914} INFO - Processing file /home/airflow/.local/lib/python3.12/site-packages/airflow/example_dags/example_display_name.py for tasks to queue
[2024-12-29T00:25:17.709+0000] {logging_mixin.py:190} INFO - [2024-12-29T00:25:17.708+0000] {dagbag.py:588} INFO - Filling up the DagBag from /home/airflow/.local/lib/python3.12/site-packages/airflow/example_dags/example_display_name.py
[2024-12-29T00:25:17.717+0000] {processor.py:925} INFO - DAG(s) 'example_display_name' retrieved from /home/airflow/.local/lib/python3.12/site-packages/airflow/example_dags/example_display_name.py
[2024-12-29T00:25:17.741+0000] {logging_mixin.py:190} INFO - [2024-12-29T00:25:17.741+0000] {dag.py:3239} INFO - Sync 1 DAGs
[2024-12-29T00:25:17.760+0000] {logging_mixin.py:190} INFO - [2024-12-29T00:25:17.760+0000] {dag.py:4180} INFO - Setting next_dagrun for example_display_name to None, run_after=None
[2024-12-29T00:25:17.787+0000] {processor.py:208} INFO - Processing /home/airflow/.local/lib/python3.12/site-packages/airflow/example_dags/example_display_name.py took 0.089 seconds
[2024-12-29T00:25:49.373+0000] {processor.py:186} INFO - Started process (PID=853) to work on /home/airflow/.local/lib/python3.12/site-packages/airflow/example_dags/example_display_name.py
[2024-12-29T00:25:49.375+0000] {processor.py:914} INFO - Processing file /home/airflow/.local/lib/python3.12/site-packages/airflow/example_dags/example_display_name.py for tasks to queue
[2024-12-29T00:25:49.378+0000] {logging_mixin.py:190} INFO - [2024-12-29T00:25:49.378+0000] {dagbag.py:588} INFO - Filling up the DagBag from /home/airflow/.local/lib/python3.12/site-packages/airflow/example_dags/example_display_name.py
[2024-12-29T00:25:49.388+0000] {processor.py:925} INFO - DAG(s) 'example_display_name' retrieved from /home/airflow/.local/lib/python3.12/site-packages/airflow/example_dags/example_display_name.py
[2024-12-29T00:25:49.422+0000] {logging_mixin.py:190} INFO - [2024-12-29T00:25:49.421+0000] {dag.py:3239} INFO - Sync 1 DAGs
[2024-12-29T00:25:49.443+0000] {logging_mixin.py:190} INFO - [2024-12-29T00:25:49.442+0000] {dag.py:4180} INFO - Setting next_dagrun for example_display_name to None, run_after=None
[2024-12-29T00:25:49.472+0000] {processor.py:208} INFO - Processing /home/airflow/.local/lib/python3.12/site-packages/airflow/example_dags/example_display_name.py took 0.106 seconds
[2024-12-29T00:26:20.269+0000] {processor.py:186} INFO - Started process (PID=918) to work on /home/airflow/.local/lib/python3.12/site-packages/airflow/example_dags/example_display_name.py
[2024-12-29T00:26:20.271+0000] {processor.py:914} INFO - Processing file /home/airflow/.local/lib/python3.12/site-packages/airflow/example_dags/example_display_name.py for tasks to queue
[2024-12-29T00:26:20.273+0000] {logging_mixin.py:190} INFO - [2024-12-29T00:26:20.273+0000] {dagbag.py:588} INFO - Filling up the DagBag from /home/airflow/.local/lib/python3.12/site-packages/airflow/example_dags/example_display_name.py
[2024-12-29T00:26:20.280+0000] {processor.py:925} INFO - DAG(s) 'example_display_name' retrieved from /home/airflow/.local/lib/python3.12/site-packages/airflow/example_dags/example_display_name.py
[2024-12-29T00:26:20.304+0000] {logging_mixin.py:190} INFO - [2024-12-29T00:26:20.304+0000] {dag.py:3239} INFO - Sync 1 DAGs
[2024-12-29T00:26:20.318+0000] {logging_mixin.py:190} INFO - [2024-12-29T00:26:20.317+0000] {dag.py:4180} INFO - Setting next_dagrun for example_display_name to None, run_after=None
[2024-12-29T00:26:20.342+0000] {processor.py:208} INFO - Processing /home/airflow/.local/lib/python3.12/site-packages/airflow/example_dags/example_display_name.py took 0.078 seconds
[2024-12-29T00:26:51.806+0000] {processor.py:186} INFO - Started process (PID=983) to work on /home/airflow/.local/lib/python3.12/site-packages/airflow/example_dags/example_display_name.py
[2024-12-29T00:26:51.808+0000] {processor.py:914} INFO - Processing file /home/airflow/.local/lib/python3.12/site-packages/airflow/example_dags/example_display_name.py for tasks to queue
[2024-12-29T00:26:51.812+0000] {logging_mixin.py:190} INFO - [2024-12-29T00:26:51.811+0000] {dagbag.py:588} INFO - Filling up the DagBag from /home/airflow/.local/lib/python3.12/site-packages/airflow/example_dags/example_display_name.py
[2024-12-29T00:26:51.822+0000] {processor.py:925} INFO - DAG(s) 'example_display_name' retrieved from /home/airflow/.local/lib/python3.12/site-packages/airflow/example_dags/example_display_name.py
[2024-12-29T00:26:51.852+0000] {logging_mixin.py:190} INFO - [2024-12-29T00:26:51.851+0000] {dag.py:3239} INFO - Sync 1 DAGs
[2024-12-29T00:26:51.871+0000] {logging_mixin.py:190} INFO - [2024-12-29T00:26:51.870+0000] {dag.py:4180} INFO - Setting next_dagrun for example_display_name to None, run_after=None
[2024-12-29T00:26:51.901+0000] {processor.py:208} INFO - Processing /home/airflow/.local/lib/python3.12/site-packages/airflow/example_dags/example_display_name.py took 0.104 seconds
[2024-12-29T00:27:23.753+0000] {processor.py:186} INFO - Started process (PID=1048) to work on /home/airflow/.local/lib/python3.12/site-packages/airflow/example_dags/example_display_name.py
[2024-12-29T00:27:23.755+0000] {processor.py:914} INFO - Processing file /home/airflow/.local/lib/python3.12/site-packages/airflow/example_dags/example_display_name.py for tasks to queue
[2024-12-29T00:27:23.759+0000] {logging_mixin.py:190} INFO - [2024-12-29T00:27:23.758+0000] {dagbag.py:588} INFO - Filling up the DagBag from /home/airflow/.local/lib/python3.12/site-packages/airflow/example_dags/example_display_name.py
[2024-12-29T00:27:23.768+0000] {processor.py:925} INFO - DAG(s) 'example_display_name' retrieved from /home/airflow/.local/lib/python3.12/site-packages/airflow/example_dags/example_display_name.py
[2024-12-29T00:27:23.797+0000] {logging_mixin.py:190} INFO - [2024-12-29T00:27:23.797+0000] {dag.py:3239} INFO - Sync 1 DAGs
[2024-12-29T00:27:23.817+0000] {logging_mixin.py:190} INFO - [2024-12-29T00:27:23.816+0000] {dag.py:4180} INFO - Setting next_dagrun for example_display_name to None, run_after=None
[2024-12-29T00:27:23.850+0000] {processor.py:208} INFO - Processing /home/airflow/.local/lib/python3.12/site-packages/airflow/example_dags/example_display_name.py took 0.103 seconds
[2024-12-29T00:27:54.356+0000] {processor.py:186} INFO - Started process (PID=1113) to work on /home/airflow/.local/lib/python3.12/site-packages/airflow/example_dags/example_display_name.py
[2024-12-29T00:27:54.357+0000] {processor.py:914} INFO - Processing file /home/airflow/.local/lib/python3.12/site-packages/airflow/example_dags/example_display_name.py for tasks to queue
[2024-12-29T00:27:54.361+0000] {logging_mixin.py:190} INFO - [2024-12-29T00:27:54.360+0000] {dagbag.py:588} INFO - Filling up the DagBag from /home/airflow/.local/lib/python3.12/site-packages/airflow/example_dags/example_display_name.py
[2024-12-29T00:27:54.369+0000] {processor.py:925} INFO - DAG(s) 'example_display_name' retrieved from /home/airflow/.local/lib/python3.12/site-packages/airflow/example_dags/example_display_name.py
[2024-12-29T00:27:54.399+0000] {logging_mixin.py:190} INFO - [2024-12-29T00:27:54.399+0000] {dag.py:3239} INFO - Sync 1 DAGs
[2024-12-29T00:27:54.417+0000] {logging_mixin.py:190} INFO - [2024-12-29T00:27:54.417+0000] {dag.py:4180} INFO - Setting next_dagrun for example_display_name to None, run_after=None
[2024-12-29T00:27:54.447+0000] {processor.py:208} INFO - Processing /home/airflow/.local/lib/python3.12/site-packages/airflow/example_dags/example_display_name.py took 0.098 seconds
[2024-12-29T00:28:25.194+0000] {processor.py:186} INFO - Started process (PID=1179) to work on /home/airflow/.local/lib/python3.12/site-packages/airflow/example_dags/example_display_name.py
[2024-12-29T00:28:25.203+0000] {processor.py:914} INFO - Processing file /home/airflow/.local/lib/python3.12/site-packages/airflow/example_dags/example_display_name.py for tasks to queue
[2024-12-29T00:28:25.207+0000] {logging_mixin.py:190} INFO - [2024-12-29T00:28:25.207+0000] {dagbag.py:588} INFO - Filling up the DagBag from /home/airflow/.local/lib/python3.12/site-packages/airflow/example_dags/example_display_name.py
[2024-12-29T00:28:25.217+0000] {processor.py:925} INFO - DAG(s) 'example_display_name' retrieved from /home/airflow/.local/lib/python3.12/site-packages/airflow/example_dags/example_display_name.py
[2024-12-29T00:28:25.246+0000] {logging_mixin.py:190} INFO - [2024-12-29T00:28:25.246+0000] {dag.py:3239} INFO - Sync 1 DAGs
[2024-12-29T00:28:25.265+0000] {logging_mixin.py:190} INFO - [2024-12-29T00:28:25.264+0000] {dag.py:4180} INFO - Setting next_dagrun for example_display_name to None, run_after=None
[2024-12-29T00:28:25.309+0000] {processor.py:208} INFO - Processing /home/airflow/.local/lib/python3.12/site-packages/airflow/example_dags/example_display_name.py took 0.122 seconds
[2024-12-29T00:28:56.451+0000] {processor.py:186} INFO - Started process (PID=1244) to work on /home/airflow/.local/lib/python3.12/site-packages/airflow/example_dags/example_display_name.py
[2024-12-29T00:28:56.453+0000] {processor.py:914} INFO - Processing file /home/airflow/.local/lib/python3.12/site-packages/airflow/example_dags/example_display_name.py for tasks to queue
[2024-12-29T00:28:56.457+0000] {logging_mixin.py:190} INFO - [2024-12-29T00:28:56.456+0000] {dagbag.py:588} INFO - Filling up the DagBag from /home/airflow/.local/lib/python3.12/site-packages/airflow/example_dags/example_display_name.py
[2024-12-29T00:28:56.466+0000] {processor.py:925} INFO - DAG(s) 'example_display_name' retrieved from /home/airflow/.local/lib/python3.12/site-packages/airflow/example_dags/example_display_name.py
[2024-12-29T00:28:56.499+0000] {logging_mixin.py:190} INFO - [2024-12-29T00:28:56.498+0000] {dag.py:3239} INFO - Sync 1 DAGs
[2024-12-29T00:28:56.517+0000] {logging_mixin.py:190} INFO - [2024-12-29T00:28:56.516+0000] {dag.py:4180} INFO - Setting next_dagrun for example_display_name to None, run_after=None
[2024-12-29T00:28:56.546+0000] {processor.py:208} INFO - Processing /home/airflow/.local/lib/python3.12/site-packages/airflow/example_dags/example_display_name.py took 0.102 seconds
[2024-12-29T00:29:28.157+0000] {processor.py:186} INFO - Started process (PID=1309) to work on /home/airflow/.local/lib/python3.12/site-packages/airflow/example_dags/example_display_name.py
[2024-12-29T00:29:28.159+0000] {processor.py:914} INFO - Processing file /home/airflow/.local/lib/python3.12/site-packages/airflow/example_dags/example_display_name.py for tasks to queue
[2024-12-29T00:29:28.163+0000] {logging_mixin.py:190} INFO - [2024-12-29T00:29:28.163+0000] {dagbag.py:588} INFO - Filling up the DagBag from /home/airflow/.local/lib/python3.12/site-packages/airflow/example_dags/example_display_name.py
[2024-12-29T00:29:28.171+0000] {processor.py:925} INFO - DAG(s) 'example_display_name' retrieved from /home/airflow/.local/lib/python3.12/site-packages/airflow/example_dags/example_display_name.py
[2024-12-29T00:29:28.197+0000] {logging_mixin.py:190} INFO - [2024-12-29T00:29:28.197+0000] {dag.py:3239} INFO - Sync 1 DAGs
[2024-12-29T00:29:28.214+0000] {logging_mixin.py:190} INFO - [2024-12-29T00:29:28.213+0000] {dag.py:4180} INFO - Setting next_dagrun for example_display_name to None, run_after=None
[2024-12-29T00:29:28.243+0000] {processor.py:208} INFO - Processing /home/airflow/.local/lib/python3.12/site-packages/airflow/example_dags/example_display_name.py took 0.092 seconds
[2024-12-29T00:29:58.860+0000] {processor.py:186} INFO - Started process (PID=1374) to work on /home/airflow/.local/lib/python3.12/site-packages/airflow/example_dags/example_display_name.py
[2024-12-29T00:29:58.861+0000] {processor.py:914} INFO - Processing file /home/airflow/.local/lib/python3.12/site-packages/airflow/example_dags/example_display_name.py for tasks to queue
[2024-12-29T00:29:58.864+0000] {logging_mixin.py:190} INFO - [2024-12-29T00:29:58.864+0000] {dagbag.py:588} INFO - Filling up the DagBag from /home/airflow/.local/lib/python3.12/site-packages/airflow/example_dags/example_display_name.py
[2024-12-29T00:29:58.871+0000] {processor.py:925} INFO - DAG(s) 'example_display_name' retrieved from /home/airflow/.local/lib/python3.12/site-packages/airflow/example_dags/example_display_name.py
[2024-12-29T00:29:58.896+0000] {logging_mixin.py:190} INFO - [2024-12-29T00:29:58.896+0000] {dag.py:3239} INFO - Sync 1 DAGs
[2024-12-29T00:29:58.911+0000] {logging_mixin.py:190} INFO - [2024-12-29T00:29:58.911+0000] {dag.py:4180} INFO - Setting next_dagrun for example_display_name to None, run_after=None
[2024-12-29T00:29:58.939+0000] {processor.py:208} INFO - Processing /home/airflow/.local/lib/python3.12/site-packages/airflow/example_dags/example_display_name.py took 0.085 seconds
[2024-12-29T00:30:29.772+0000] {processor.py:186} INFO - Started process (PID=1440) to work on /home/airflow/.local/lib/python3.12/site-packages/airflow/example_dags/example_display_name.py
[2024-12-29T00:30:29.774+0000] {processor.py:914} INFO - Processing file /home/airflow/.local/lib/python3.12/site-packages/airflow/example_dags/example_display_name.py for tasks to queue
[2024-12-29T00:30:29.776+0000] {logging_mixin.py:190} INFO - [2024-12-29T00:30:29.776+0000] {dagbag.py:588} INFO - Filling up the DagBag from /home/airflow/.local/lib/python3.12/site-packages/airflow/example_dags/example_display_name.py
[2024-12-29T00:30:29.783+0000] {processor.py:925} INFO - DAG(s) 'example_display_name' retrieved from /home/airflow/.local/lib/python3.12/site-packages/airflow/example_dags/example_display_name.py
[2024-12-29T00:30:29.807+0000] {logging_mixin.py:190} INFO - [2024-12-29T00:30:29.807+0000] {dag.py:3239} INFO - Sync 1 DAGs
[2024-12-29T00:30:29.822+0000] {logging_mixin.py:190} INFO - [2024-12-29T00:30:29.821+0000] {dag.py:4180} INFO - Setting next_dagrun for example_display_name to None, run_after=None
[2024-12-29T00:30:29.847+0000] {processor.py:208} INFO - Processing /home/airflow/.local/lib/python3.12/site-packages/airflow/example_dags/example_display_name.py took 0.080 seconds
[2024-12-29T00:31:01.875+0000] {processor.py:186} INFO - Started process (PID=1506) to work on /home/airflow/.local/lib/python3.12/site-packages/airflow/example_dags/example_display_name.py
[2024-12-29T00:31:01.877+0000] {processor.py:914} INFO - Processing file /home/airflow/.local/lib/python3.12/site-packages/airflow/example_dags/example_display_name.py for tasks to queue
[2024-12-29T00:31:01.881+0000] {logging_mixin.py:190} INFO - [2024-12-29T00:31:01.880+0000] {dagbag.py:588} INFO - Filling up the DagBag from /home/airflow/.local/lib/python3.12/site-packages/airflow/example_dags/example_display_name.py
[2024-12-29T00:31:01.891+0000] {processor.py:925} INFO - DAG(s) 'example_display_name' retrieved from /home/airflow/.local/lib/python3.12/site-packages/airflow/example_dags/example_display_name.py
[2024-12-29T00:31:01.924+0000] {logging_mixin.py:190} INFO - [2024-12-29T00:31:01.924+0000] {dag.py:3239} INFO - Sync 1 DAGs
[2024-12-29T00:31:01.948+0000] {logging_mixin.py:190} INFO - [2024-12-29T00:31:01.948+0000] {dag.py:4180} INFO - Setting next_dagrun for example_display_name to None, run_after=None
[2024-12-29T00:31:01.986+0000] {processor.py:208} INFO - Processing /home/airflow/.local/lib/python3.12/site-packages/airflow/example_dags/example_display_name.py took 0.121 seconds
[2024-12-29T00:31:33.043+0000] {processor.py:186} INFO - Started process (PID=1574) to work on /home/airflow/.local/lib/python3.12/site-packages/airflow/example_dags/example_display_name.py
[2024-12-29T00:31:33.045+0000] {processor.py:914} INFO - Processing file /home/airflow/.local/lib/python3.12/site-packages/airflow/example_dags/example_display_name.py for tasks to queue
[2024-12-29T00:31:33.048+0000] {logging_mixin.py:190} INFO - [2024-12-29T00:31:33.048+0000] {dagbag.py:588} INFO - Filling up the DagBag from /home/airflow/.local/lib/python3.12/site-packages/airflow/example_dags/example_display_name.py
[2024-12-29T00:31:33.055+0000] {processor.py:925} INFO - DAG(s) 'example_display_name' retrieved from /home/airflow/.local/lib/python3.12/site-packages/airflow/example_dags/example_display_name.py
[2024-12-29T00:31:33.080+0000] {logging_mixin.py:190} INFO - [2024-12-29T00:31:33.080+0000] {dag.py:3239} INFO - Sync 1 DAGs
[2024-12-29T00:31:33.095+0000] {logging_mixin.py:190} INFO - [2024-12-29T00:31:33.095+0000] {dag.py:4180} INFO - Setting next_dagrun for example_display_name to None, run_after=None
[2024-12-29T00:31:33.122+0000] {processor.py:208} INFO - Processing /home/airflow/.local/lib/python3.12/site-packages/airflow/example_dags/example_display_name.py took 0.085 seconds
[2024-12-29T00:32:04.243+0000] {processor.py:186} INFO - Started process (PID=1643) to work on /home/airflow/.local/lib/python3.12/site-packages/airflow/example_dags/example_display_name.py
[2024-12-29T00:32:04.244+0000] {processor.py:914} INFO - Processing file /home/airflow/.local/lib/python3.12/site-packages/airflow/example_dags/example_display_name.py for tasks to queue
[2024-12-29T00:32:04.246+0000] {logging_mixin.py:190} INFO - [2024-12-29T00:32:04.246+0000] {dagbag.py:588} INFO - Filling up the DagBag from /home/airflow/.local/lib/python3.12/site-packages/airflow/example_dags/example_display_name.py
[2024-12-29T00:32:04.255+0000] {processor.py:925} INFO - DAG(s) 'example_display_name' retrieved from /home/airflow/.local/lib/python3.12/site-packages/airflow/example_dags/example_display_name.py
[2024-12-29T00:32:04.282+0000] {logging_mixin.py:190} INFO - [2024-12-29T00:32:04.282+0000] {dag.py:3239} INFO - Sync 1 DAGs
[2024-12-29T00:32:04.298+0000] {logging_mixin.py:190} INFO - [2024-12-29T00:32:04.298+0000] {dag.py:4180} INFO - Setting next_dagrun for example_display_name to None, run_after=None
[2024-12-29T00:32:04.327+0000] {processor.py:208} INFO - Processing /home/airflow/.local/lib/python3.12/site-packages/airflow/example_dags/example_display_name.py took 0.090 seconds
[2024-12-29T00:32:36.478+0000] {processor.py:186} INFO - Started process (PID=1711) to work on /home/airflow/.local/lib/python3.12/site-packages/airflow/example_dags/example_display_name.py
[2024-12-29T00:32:36.480+0000] {processor.py:914} INFO - Processing file /home/airflow/.local/lib/python3.12/site-packages/airflow/example_dags/example_display_name.py for tasks to queue
[2024-12-29T00:32:36.482+0000] {logging_mixin.py:190} INFO - [2024-12-29T00:32:36.481+0000] {dagbag.py:588} INFO - Filling up the DagBag from /home/airflow/.local/lib/python3.12/site-packages/airflow/example_dags/example_display_name.py
[2024-12-29T00:32:36.488+0000] {processor.py:925} INFO - DAG(s) 'example_display_name' retrieved from /home/airflow/.local/lib/python3.12/site-packages/airflow/example_dags/example_display_name.py
[2024-12-29T00:32:36.514+0000] {logging_mixin.py:190} INFO - [2024-12-29T00:32:36.513+0000] {dag.py:3239} INFO - Sync 1 DAGs
[2024-12-29T00:32:36.530+0000] {logging_mixin.py:190} INFO - [2024-12-29T00:32:36.529+0000] {dag.py:4180} INFO - Setting next_dagrun for example_display_name to None, run_after=None
[2024-12-29T00:32:36.556+0000] {processor.py:208} INFO - Processing /home/airflow/.local/lib/python3.12/site-packages/airflow/example_dags/example_display_name.py took 0.083 seconds
[2024-12-29T00:33:07.602+0000] {processor.py:186} INFO - Started process (PID=1776) to work on /home/airflow/.local/lib/python3.12/site-packages/airflow/example_dags/example_display_name.py
[2024-12-29T00:33:07.604+0000] {processor.py:914} INFO - Processing file /home/airflow/.local/lib/python3.12/site-packages/airflow/example_dags/example_display_name.py for tasks to queue
[2024-12-29T00:33:07.608+0000] {logging_mixin.py:190} INFO - [2024-12-29T00:33:07.607+0000] {dagbag.py:588} INFO - Filling up the DagBag from /home/airflow/.local/lib/python3.12/site-packages/airflow/example_dags/example_display_name.py
[2024-12-29T00:33:07.616+0000] {processor.py:925} INFO - DAG(s) 'example_display_name' retrieved from /home/airflow/.local/lib/python3.12/site-packages/airflow/example_dags/example_display_name.py
[2024-12-29T00:33:07.642+0000] {logging_mixin.py:190} INFO - [2024-12-29T00:33:07.642+0000] {dag.py:3239} INFO - Sync 1 DAGs
[2024-12-29T00:33:07.662+0000] {logging_mixin.py:190} INFO - [2024-12-29T00:33:07.662+0000] {dag.py:4180} INFO - Setting next_dagrun for example_display_name to None, run_after=None
[2024-12-29T00:33:07.694+0000] {processor.py:208} INFO - Processing /home/airflow/.local/lib/python3.12/site-packages/airflow/example_dags/example_display_name.py took 0.098 seconds
[2024-12-29T00:33:39.597+0000] {processor.py:186} INFO - Started process (PID=1841) to work on /home/airflow/.local/lib/python3.12/site-packages/airflow/example_dags/example_display_name.py
[2024-12-29T00:33:39.599+0000] {processor.py:914} INFO - Processing file /home/airflow/.local/lib/python3.12/site-packages/airflow/example_dags/example_display_name.py for tasks to queue
[2024-12-29T00:33:39.602+0000] {logging_mixin.py:190} INFO - [2024-12-29T00:33:39.601+0000] {dagbag.py:588} INFO - Filling up the DagBag from /home/airflow/.local/lib/python3.12/site-packages/airflow/example_dags/example_display_name.py
[2024-12-29T00:33:39.611+0000] {processor.py:925} INFO - DAG(s) 'example_display_name' retrieved from /home/airflow/.local/lib/python3.12/site-packages/airflow/example_dags/example_display_name.py
[2024-12-29T00:33:39.643+0000] {logging_mixin.py:190} INFO - [2024-12-29T00:33:39.642+0000] {dag.py:3239} INFO - Sync 1 DAGs
[2024-12-29T00:33:39.664+0000] {logging_mixin.py:190} INFO - [2024-12-29T00:33:39.663+0000] {dag.py:4180} INFO - Setting next_dagrun for example_display_name to None, run_after=None
[2024-12-29T00:33:39.696+0000] {processor.py:208} INFO - Processing /home/airflow/.local/lib/python3.12/site-packages/airflow/example_dags/example_display_name.py took 0.106 seconds
[2024-12-29T00:34:10.625+0000] {processor.py:186} INFO - Started process (PID=1912) to work on /home/airflow/.local/lib/python3.12/site-packages/airflow/example_dags/example_display_name.py
[2024-12-29T00:34:10.627+0000] {processor.py:914} INFO - Processing file /home/airflow/.local/lib/python3.12/site-packages/airflow/example_dags/example_display_name.py for tasks to queue
[2024-12-29T00:34:10.630+0000] {logging_mixin.py:190} INFO - [2024-12-29T00:34:10.630+0000] {dagbag.py:588} INFO - Filling up the DagBag from /home/airflow/.local/lib/python3.12/site-packages/airflow/example_dags/example_display_name.py
[2024-12-29T00:34:10.640+0000] {processor.py:925} INFO - DAG(s) 'example_display_name' retrieved from /home/airflow/.local/lib/python3.12/site-packages/airflow/example_dags/example_display_name.py
[2024-12-29T00:34:10.671+0000] {logging_mixin.py:190} INFO - [2024-12-29T00:34:10.670+0000] {dag.py:3239} INFO - Sync 1 DAGs
[2024-12-29T00:34:10.690+0000] {logging_mixin.py:190} INFO - [2024-12-29T00:34:10.690+0000] {dag.py:4180} INFO - Setting next_dagrun for example_display_name to None, run_after=None
[2024-12-29T00:34:10.725+0000] {processor.py:208} INFO - Processing /home/airflow/.local/lib/python3.12/site-packages/airflow/example_dags/example_display_name.py took 0.108 seconds
[2024-12-29T00:34:42.428+0000] {processor.py:186} INFO - Started process (PID=1977) to work on /home/airflow/.local/lib/python3.12/site-packages/airflow/example_dags/example_display_name.py
[2024-12-29T00:34:42.430+0000] {processor.py:914} INFO - Processing file /home/airflow/.local/lib/python3.12/site-packages/airflow/example_dags/example_display_name.py for tasks to queue
[2024-12-29T00:34:42.434+0000] {logging_mixin.py:190} INFO - [2024-12-29T00:34:42.433+0000] {dagbag.py:588} INFO - Filling up the DagBag from /home/airflow/.local/lib/python3.12/site-packages/airflow/example_dags/example_display_name.py
[2024-12-29T00:34:42.442+0000] {processor.py:925} INFO - DAG(s) 'example_display_name' retrieved from /home/airflow/.local/lib/python3.12/site-packages/airflow/example_dags/example_display_name.py
[2024-12-29T00:34:42.471+0000] {logging_mixin.py:190} INFO - [2024-12-29T00:34:42.470+0000] {dag.py:3239} INFO - Sync 1 DAGs
[2024-12-29T00:34:42.488+0000] {logging_mixin.py:190} INFO - [2024-12-29T00:34:42.488+0000] {dag.py:4180} INFO - Setting next_dagrun for example_display_name to None, run_after=None
[2024-12-29T00:34:42.522+0000] {processor.py:208} INFO - Processing /home/airflow/.local/lib/python3.12/site-packages/airflow/example_dags/example_display_name.py took 0.100 seconds
[2024-12-29T00:35:13.295+0000] {processor.py:186} INFO - Started process (PID=2042) to work on /home/airflow/.local/lib/python3.12/site-packages/airflow/example_dags/example_display_name.py
[2024-12-29T00:35:13.297+0000] {processor.py:914} INFO - Processing file /home/airflow/.local/lib/python3.12/site-packages/airflow/example_dags/example_display_name.py for tasks to queue
[2024-12-29T00:35:13.300+0000] {logging_mixin.py:190} INFO - [2024-12-29T00:35:13.299+0000] {dagbag.py:588} INFO - Filling up the DagBag from /home/airflow/.local/lib/python3.12/site-packages/airflow/example_dags/example_display_name.py
[2024-12-29T00:35:13.309+0000] {processor.py:925} INFO - DAG(s) 'example_display_name' retrieved from /home/airflow/.local/lib/python3.12/site-packages/airflow/example_dags/example_display_name.py
[2024-12-29T00:35:13.336+0000] {logging_mixin.py:190} INFO - [2024-12-29T00:35:13.336+0000] {dag.py:3239} INFO - Sync 1 DAGs
[2024-12-29T00:35:13.355+0000] {logging_mixin.py:190} INFO - [2024-12-29T00:35:13.354+0000] {dag.py:4180} INFO - Setting next_dagrun for example_display_name to None, run_after=None
[2024-12-29T00:35:13.384+0000] {processor.py:208} INFO - Processing /home/airflow/.local/lib/python3.12/site-packages/airflow/example_dags/example_display_name.py took 0.097 seconds
[2024-12-29T00:35:43.815+0000] {processor.py:186} INFO - Started process (PID=2107) to work on /home/airflow/.local/lib/python3.12/site-packages/airflow/example_dags/example_display_name.py
[2024-12-29T00:35:43.817+0000] {processor.py:914} INFO - Processing file /home/airflow/.local/lib/python3.12/site-packages/airflow/example_dags/example_display_name.py for tasks to queue
[2024-12-29T00:35:43.820+0000] {logging_mixin.py:190} INFO - [2024-12-29T00:35:43.819+0000] {dagbag.py:588} INFO - Filling up the DagBag from /home/airflow/.local/lib/python3.12/site-packages/airflow/example_dags/example_display_name.py
[2024-12-29T00:35:43.828+0000] {processor.py:925} INFO - DAG(s) 'example_display_name' retrieved from /home/airflow/.local/lib/python3.12/site-packages/airflow/example_dags/example_display_name.py
[2024-12-29T00:35:43.855+0000] {logging_mixin.py:190} INFO - [2024-12-29T00:35:43.855+0000] {dag.py:3239} INFO - Sync 1 DAGs
[2024-12-29T00:35:43.874+0000] {logging_mixin.py:190} INFO - [2024-12-29T00:35:43.874+0000] {dag.py:4180} INFO - Setting next_dagrun for example_display_name to None, run_after=None
[2024-12-29T00:35:43.905+0000] {processor.py:208} INFO - Processing /home/airflow/.local/lib/python3.12/site-packages/airflow/example_dags/example_display_name.py took 0.096 seconds
[2024-12-29T00:36:14.955+0000] {processor.py:186} INFO - Started process (PID=2172) to work on /home/airflow/.local/lib/python3.12/site-packages/airflow/example_dags/example_display_name.py
[2024-12-29T00:36:14.957+0000] {processor.py:914} INFO - Processing file /home/airflow/.local/lib/python3.12/site-packages/airflow/example_dags/example_display_name.py for tasks to queue
[2024-12-29T00:36:14.959+0000] {logging_mixin.py:190} INFO - [2024-12-29T00:36:14.959+0000] {dagbag.py:588} INFO - Filling up the DagBag from /home/airflow/.local/lib/python3.12/site-packages/airflow/example_dags/example_display_name.py
[2024-12-29T00:36:14.967+0000] {processor.py:925} INFO - DAG(s) 'example_display_name' retrieved from /home/airflow/.local/lib/python3.12/site-packages/airflow/example_dags/example_display_name.py
[2024-12-29T00:36:14.993+0000] {logging_mixin.py:190} INFO - [2024-12-29T00:36:14.992+0000] {dag.py:3239} INFO - Sync 1 DAGs
[2024-12-29T00:36:15.009+0000] {logging_mixin.py:190} INFO - [2024-12-29T00:36:15.009+0000] {dag.py:4180} INFO - Setting next_dagrun for example_display_name to None, run_after=None
[2024-12-29T00:36:15.038+0000] {processor.py:208} INFO - Processing /home/airflow/.local/lib/python3.12/site-packages/airflow/example_dags/example_display_name.py took 0.090 seconds
[2024-12-29T00:36:46.642+0000] {processor.py:186} INFO - Started process (PID=2238) to work on /home/airflow/.local/lib/python3.12/site-packages/airflow/example_dags/example_display_name.py
[2024-12-29T00:36:46.644+0000] {processor.py:914} INFO - Processing file /home/airflow/.local/lib/python3.12/site-packages/airflow/example_dags/example_display_name.py for tasks to queue
[2024-12-29T00:36:46.646+0000] {logging_mixin.py:190} INFO - [2024-12-29T00:36:46.646+0000] {dagbag.py:588} INFO - Filling up the DagBag from /home/airflow/.local/lib/python3.12/site-packages/airflow/example_dags/example_display_name.py
[2024-12-29T00:36:46.653+0000] {processor.py:925} INFO - DAG(s) 'example_display_name' retrieved from /home/airflow/.local/lib/python3.12/site-packages/airflow/example_dags/example_display_name.py
[2024-12-29T00:36:46.675+0000] {logging_mixin.py:190} INFO - [2024-12-29T00:36:46.675+0000] {dag.py:3239} INFO - Sync 1 DAGs
[2024-12-29T00:36:46.691+0000] {logging_mixin.py:190} INFO - [2024-12-29T00:36:46.690+0000] {dag.py:4180} INFO - Setting next_dagrun for example_display_name to None, run_after=None
[2024-12-29T00:36:46.717+0000] {processor.py:208} INFO - Processing /home/airflow/.local/lib/python3.12/site-packages/airflow/example_dags/example_display_name.py took 0.081 seconds
[2024-12-29T00:37:17.219+0000] {processor.py:186} INFO - Started process (PID=2303) to work on /home/airflow/.local/lib/python3.12/site-packages/airflow/example_dags/example_display_name.py
[2024-12-29T00:37:17.220+0000] {processor.py:914} INFO - Processing file /home/airflow/.local/lib/python3.12/site-packages/airflow/example_dags/example_display_name.py for tasks to queue
[2024-12-29T00:37:17.223+0000] {logging_mixin.py:190} INFO - [2024-12-29T00:37:17.223+0000] {dagbag.py:588} INFO - Filling up the DagBag from /home/airflow/.local/lib/python3.12/site-packages/airflow/example_dags/example_display_name.py
[2024-12-29T00:37:17.231+0000] {processor.py:925} INFO - DAG(s) 'example_display_name' retrieved from /home/airflow/.local/lib/python3.12/site-packages/airflow/example_dags/example_display_name.py
[2024-12-29T00:37:17.253+0000] {logging_mixin.py:190} INFO - [2024-12-29T00:37:17.253+0000] {dag.py:3239} INFO - Sync 1 DAGs
[2024-12-29T00:37:17.269+0000] {logging_mixin.py:190} INFO - [2024-12-29T00:37:17.268+0000] {dag.py:4180} INFO - Setting next_dagrun for example_display_name to None, run_after=None
[2024-12-29T00:37:17.296+0000] {processor.py:208} INFO - Processing /home/airflow/.local/lib/python3.12/site-packages/airflow/example_dags/example_display_name.py took 0.083 seconds
[2024-12-29T00:37:48.825+0000] {processor.py:186} INFO - Started process (PID=2368) to work on /home/airflow/.local/lib/python3.12/site-packages/airflow/example_dags/example_display_name.py
[2024-12-29T00:37:48.827+0000] {processor.py:914} INFO - Processing file /home/airflow/.local/lib/python3.12/site-packages/airflow/example_dags/example_display_name.py for tasks to queue
[2024-12-29T00:37:48.831+0000] {logging_mixin.py:190} INFO - [2024-12-29T00:37:48.830+0000] {dagbag.py:588} INFO - Filling up the DagBag from /home/airflow/.local/lib/python3.12/site-packages/airflow/example_dags/example_display_name.py
[2024-12-29T00:37:48.842+0000] {processor.py:925} INFO - DAG(s) 'example_display_name' retrieved from /home/airflow/.local/lib/python3.12/site-packages/airflow/example_dags/example_display_name.py
[2024-12-29T00:37:48.876+0000] {logging_mixin.py:190} INFO - [2024-12-29T00:37:48.876+0000] {dag.py:3239} INFO - Sync 1 DAGs
[2024-12-29T00:37:48.896+0000] {logging_mixin.py:190} INFO - [2024-12-29T00:37:48.895+0000] {dag.py:4180} INFO - Setting next_dagrun for example_display_name to None, run_after=None
[2024-12-29T00:37:48.927+0000] {processor.py:208} INFO - Processing /home/airflow/.local/lib/python3.12/site-packages/airflow/example_dags/example_display_name.py took 0.111 seconds
[2024-12-29T00:38:20.051+0000] {processor.py:186} INFO - Started process (PID=2433) to work on /home/airflow/.local/lib/python3.12/site-packages/airflow/example_dags/example_display_name.py
[2024-12-29T00:38:20.053+0000] {processor.py:914} INFO - Processing file /home/airflow/.local/lib/python3.12/site-packages/airflow/example_dags/example_display_name.py for tasks to queue
[2024-12-29T00:38:20.056+0000] {logging_mixin.py:190} INFO - [2024-12-29T00:38:20.055+0000] {dagbag.py:588} INFO - Filling up the DagBag from /home/airflow/.local/lib/python3.12/site-packages/airflow/example_dags/example_display_name.py
[2024-12-29T00:38:20.065+0000] {processor.py:925} INFO - DAG(s) 'example_display_name' retrieved from /home/airflow/.local/lib/python3.12/site-packages/airflow/example_dags/example_display_name.py
[2024-12-29T00:38:20.096+0000] {logging_mixin.py:190} INFO - [2024-12-29T00:38:20.096+0000] {dag.py:3239} INFO - Sync 1 DAGs
[2024-12-29T00:38:20.116+0000] {logging_mixin.py:190} INFO - [2024-12-29T00:38:20.115+0000] {dag.py:4180} INFO - Setting next_dagrun for example_display_name to None, run_after=None
[2024-12-29T00:38:20.145+0000] {processor.py:208} INFO - Processing /home/airflow/.local/lib/python3.12/site-packages/airflow/example_dags/example_display_name.py took 0.101 seconds
