[2024-12-29T00:03:43.271+0000] {processor.py:186} INFO - Started process (PID=90) to work on /home/airflow/.local/lib/python3.12/site-packages/airflow/example_dags/example_sensor_decorator.py
[2024-12-29T00:03:43.273+0000] {processor.py:914} INFO - Processing file /home/airflow/.local/lib/python3.12/site-packages/airflow/example_dags/example_sensor_decorator.py for tasks to queue
[2024-12-29T00:03:43.277+0000] {logging_mixin.py:190} INFO - [2024-12-29T00:03:43.276+0000] {dagbag.py:588} INFO - Filling up the DagBag from /home/airflow/.local/lib/python3.12/site-packages/airflow/example_dags/example_sensor_decorator.py
[2024-12-29T00:03:43.295+0000] {processor.py:925} INFO - DAG(s) 'example_sensor_decorator' retrieved from /home/airflow/.local/lib/python3.12/site-packages/airflow/example_dags/example_sensor_decorator.py
[2024-12-29T00:03:43.665+0000] {logging_mixin.py:190} INFO - [2024-12-29T00:03:43.659+0000] {override.py:1911} INFO - Created Permission View: can read on DAG:example_sensor_decorator
[2024-12-29T00:03:43.687+0000] {logging_mixin.py:190} INFO - [2024-12-29T00:03:43.687+0000] {override.py:1911} INFO - Created Permission View: can edit on DAG:example_sensor_decorator
[2024-12-29T00:03:43.704+0000] {logging_mixin.py:190} INFO - [2024-12-29T00:03:43.703+0000] {override.py:1911} INFO - Created Permission View: can delete on DAG:example_sensor_decorator
[2024-12-29T00:03:43.722+0000] {logging_mixin.py:190} INFO - [2024-12-29T00:03:43.721+0000] {override.py:1911} INFO - Created Permission View: can create on DAG Run:example_sensor_decorator
[2024-12-29T00:03:43.735+0000] {logging_mixin.py:190} INFO - [2024-12-29T00:03:43.735+0000] {override.py:1911} INFO - Created Permission View: can read on DAG Run:example_sensor_decorator
[2024-12-29T00:03:43.754+0000] {logging_mixin.py:190} INFO - [2024-12-29T00:03:43.753+0000] {override.py:1911} INFO - Created Permission View: can delete on DAG Run:example_sensor_decorator
[2024-12-29T00:03:43.771+0000] {logging_mixin.py:190} INFO - [2024-12-29T00:03:43.771+0000] {override.py:1911} INFO - Created Permission View: menu access on DAG Run:example_sensor_decorator
[2024-12-29T00:03:43.772+0000] {logging_mixin.py:190} INFO - [2024-12-29T00:03:43.772+0000] {dag.py:3239} INFO - Sync 1 DAGs
[2024-12-29T00:03:43.797+0000] {logging_mixin.py:190} INFO - [2024-12-29T00:03:43.797+0000] {dag.py:3262} INFO - Creating ORM DAG for example_sensor_decorator
[2024-12-29T00:03:43.799+0000] {logging_mixin.py:190} INFO - [2024-12-29T00:03:43.799+0000] {dag.py:4180} INFO - Setting next_dagrun for example_sensor_decorator to None, run_after=None
[2024-12-29T00:03:43.839+0000] {processor.py:208} INFO - Processing /home/airflow/.local/lib/python3.12/site-packages/airflow/example_dags/example_sensor_decorator.py took 0.580 seconds
[2024-12-29T00:04:14.142+0000] {processor.py:186} INFO - Started process (PID=153) to work on /home/airflow/.local/lib/python3.12/site-packages/airflow/example_dags/example_sensor_decorator.py
[2024-12-29T00:04:14.144+0000] {processor.py:914} INFO - Processing file /home/airflow/.local/lib/python3.12/site-packages/airflow/example_dags/example_sensor_decorator.py for tasks to queue
[2024-12-29T00:04:14.147+0000] {logging_mixin.py:190} INFO - [2024-12-29T00:04:14.147+0000] {dagbag.py:588} INFO - Filling up the DagBag from /home/airflow/.local/lib/python3.12/site-packages/airflow/example_dags/example_sensor_decorator.py
[2024-12-29T00:04:14.158+0000] {processor.py:925} INFO - DAG(s) 'example_sensor_decorator' retrieved from /home/airflow/.local/lib/python3.12/site-packages/airflow/example_dags/example_sensor_decorator.py
[2024-12-29T00:04:14.190+0000] {logging_mixin.py:190} INFO - [2024-12-29T00:04:14.190+0000] {dag.py:3239} INFO - Sync 1 DAGs
[2024-12-29T00:04:14.212+0000] {logging_mixin.py:190} INFO - [2024-12-29T00:04:14.211+0000] {dag.py:4180} INFO - Setting next_dagrun for example_sensor_decorator to None, run_after=None
[2024-12-29T00:04:14.242+0000] {processor.py:208} INFO - Processing /home/airflow/.local/lib/python3.12/site-packages/airflow/example_dags/example_sensor_decorator.py took 0.107 seconds
[2024-12-29T00:04:45.151+0000] {processor.py:186} INFO - Started process (PID=217) to work on /home/airflow/.local/lib/python3.12/site-packages/airflow/example_dags/example_sensor_decorator.py
[2024-12-29T00:04:45.153+0000] {processor.py:914} INFO - Processing file /home/airflow/.local/lib/python3.12/site-packages/airflow/example_dags/example_sensor_decorator.py for tasks to queue
[2024-12-29T00:04:45.156+0000] {logging_mixin.py:190} INFO - [2024-12-29T00:04:45.155+0000] {dagbag.py:588} INFO - Filling up the DagBag from /home/airflow/.local/lib/python3.12/site-packages/airflow/example_dags/example_sensor_decorator.py
[2024-12-29T00:04:45.166+0000] {processor.py:925} INFO - DAG(s) 'example_sensor_decorator' retrieved from /home/airflow/.local/lib/python3.12/site-packages/airflow/example_dags/example_sensor_decorator.py
[2024-12-29T00:04:45.194+0000] {logging_mixin.py:190} INFO - [2024-12-29T00:04:45.194+0000] {dag.py:3239} INFO - Sync 1 DAGs
[2024-12-29T00:04:45.212+0000] {logging_mixin.py:190} INFO - [2024-12-29T00:04:45.211+0000] {dag.py:4180} INFO - Setting next_dagrun for example_sensor_decorator to None, run_after=None
[2024-12-29T00:04:45.240+0000] {processor.py:208} INFO - Processing /home/airflow/.local/lib/python3.12/site-packages/airflow/example_dags/example_sensor_decorator.py took 0.095 seconds
[2024-12-29T00:05:15.585+0000] {processor.py:186} INFO - Started process (PID=281) to work on /home/airflow/.local/lib/python3.12/site-packages/airflow/example_dags/example_sensor_decorator.py
[2024-12-29T00:05:15.587+0000] {processor.py:914} INFO - Processing file /home/airflow/.local/lib/python3.12/site-packages/airflow/example_dags/example_sensor_decorator.py for tasks to queue
[2024-12-29T00:05:15.591+0000] {logging_mixin.py:190} INFO - [2024-12-29T00:05:15.590+0000] {dagbag.py:588} INFO - Filling up the DagBag from /home/airflow/.local/lib/python3.12/site-packages/airflow/example_dags/example_sensor_decorator.py
[2024-12-29T00:05:15.602+0000] {processor.py:925} INFO - DAG(s) 'example_sensor_decorator' retrieved from /home/airflow/.local/lib/python3.12/site-packages/airflow/example_dags/example_sensor_decorator.py
[2024-12-29T00:05:15.630+0000] {logging_mixin.py:190} INFO - [2024-12-29T00:05:15.629+0000] {dag.py:3239} INFO - Sync 1 DAGs
[2024-12-29T00:05:15.647+0000] {logging_mixin.py:190} INFO - [2024-12-29T00:05:15.647+0000] {dag.py:4180} INFO - Setting next_dagrun for example_sensor_decorator to None, run_after=None
[2024-12-29T00:05:15.681+0000] {processor.py:208} INFO - Processing /home/airflow/.local/lib/python3.12/site-packages/airflow/example_dags/example_sensor_decorator.py took 0.103 seconds
[2024-12-29T00:05:45.815+0000] {processor.py:186} INFO - Started process (PID=345) to work on /home/airflow/.local/lib/python3.12/site-packages/airflow/example_dags/example_sensor_decorator.py
[2024-12-29T00:05:45.817+0000] {processor.py:914} INFO - Processing file /home/airflow/.local/lib/python3.12/site-packages/airflow/example_dags/example_sensor_decorator.py for tasks to queue
[2024-12-29T00:05:45.819+0000] {logging_mixin.py:190} INFO - [2024-12-29T00:05:45.819+0000] {dagbag.py:588} INFO - Filling up the DagBag from /home/airflow/.local/lib/python3.12/site-packages/airflow/example_dags/example_sensor_decorator.py
[2024-12-29T00:05:45.829+0000] {processor.py:925} INFO - DAG(s) 'example_sensor_decorator' retrieved from /home/airflow/.local/lib/python3.12/site-packages/airflow/example_dags/example_sensor_decorator.py
[2024-12-29T00:05:45.862+0000] {logging_mixin.py:190} INFO - [2024-12-29T00:05:45.861+0000] {dag.py:3239} INFO - Sync 1 DAGs
[2024-12-29T00:05:45.886+0000] {logging_mixin.py:190} INFO - [2024-12-29T00:05:45.885+0000] {dag.py:4180} INFO - Setting next_dagrun for example_sensor_decorator to None, run_after=None
[2024-12-29T00:05:45.921+0000] {processor.py:208} INFO - Processing /home/airflow/.local/lib/python3.12/site-packages/airflow/example_dags/example_sensor_decorator.py took 0.111 seconds
[2024-12-29T00:06:16.408+0000] {processor.py:186} INFO - Started process (PID=409) to work on /home/airflow/.local/lib/python3.12/site-packages/airflow/example_dags/example_sensor_decorator.py
[2024-12-29T00:06:16.410+0000] {processor.py:914} INFO - Processing file /home/airflow/.local/lib/python3.12/site-packages/airflow/example_dags/example_sensor_decorator.py for tasks to queue
[2024-12-29T00:06:16.412+0000] {logging_mixin.py:190} INFO - [2024-12-29T00:06:16.412+0000] {dagbag.py:588} INFO - Filling up the DagBag from /home/airflow/.local/lib/python3.12/site-packages/airflow/example_dags/example_sensor_decorator.py
[2024-12-29T00:06:16.420+0000] {processor.py:925} INFO - DAG(s) 'example_sensor_decorator' retrieved from /home/airflow/.local/lib/python3.12/site-packages/airflow/example_dags/example_sensor_decorator.py
[2024-12-29T00:06:16.443+0000] {logging_mixin.py:190} INFO - [2024-12-29T00:06:16.443+0000] {dag.py:3239} INFO - Sync 1 DAGs
[2024-12-29T00:06:16.456+0000] {logging_mixin.py:190} INFO - [2024-12-29T00:06:16.456+0000] {dag.py:4180} INFO - Setting next_dagrun for example_sensor_decorator to None, run_after=None
[2024-12-29T00:06:16.478+0000] {processor.py:208} INFO - Processing /home/airflow/.local/lib/python3.12/site-packages/airflow/example_dags/example_sensor_decorator.py took 0.075 seconds
[2024-12-29T00:06:47.471+0000] {processor.py:186} INFO - Started process (PID=473) to work on /home/airflow/.local/lib/python3.12/site-packages/airflow/example_dags/example_sensor_decorator.py
[2024-12-29T00:06:47.473+0000] {processor.py:914} INFO - Processing file /home/airflow/.local/lib/python3.12/site-packages/airflow/example_dags/example_sensor_decorator.py for tasks to queue
[2024-12-29T00:06:47.476+0000] {logging_mixin.py:190} INFO - [2024-12-29T00:06:47.476+0000] {dagbag.py:588} INFO - Filling up the DagBag from /home/airflow/.local/lib/python3.12/site-packages/airflow/example_dags/example_sensor_decorator.py
[2024-12-29T00:06:47.487+0000] {processor.py:925} INFO - DAG(s) 'example_sensor_decorator' retrieved from /home/airflow/.local/lib/python3.12/site-packages/airflow/example_dags/example_sensor_decorator.py
[2024-12-29T00:06:47.517+0000] {logging_mixin.py:190} INFO - [2024-12-29T00:06:47.517+0000] {dag.py:3239} INFO - Sync 1 DAGs
[2024-12-29T00:06:47.539+0000] {logging_mixin.py:190} INFO - [2024-12-29T00:06:47.538+0000] {dag.py:4180} INFO - Setting next_dagrun for example_sensor_decorator to None, run_after=None
[2024-12-29T00:06:47.575+0000] {processor.py:208} INFO - Processing /home/airflow/.local/lib/python3.12/site-packages/airflow/example_dags/example_sensor_decorator.py took 0.111 seconds
[2024-12-29T00:07:18.426+0000] {processor.py:186} INFO - Started process (PID=537) to work on /home/airflow/.local/lib/python3.12/site-packages/airflow/example_dags/example_sensor_decorator.py
[2024-12-29T00:07:18.428+0000] {processor.py:914} INFO - Processing file /home/airflow/.local/lib/python3.12/site-packages/airflow/example_dags/example_sensor_decorator.py for tasks to queue
[2024-12-29T00:07:18.431+0000] {logging_mixin.py:190} INFO - [2024-12-29T00:07:18.431+0000] {dagbag.py:588} INFO - Filling up the DagBag from /home/airflow/.local/lib/python3.12/site-packages/airflow/example_dags/example_sensor_decorator.py
[2024-12-29T00:07:18.440+0000] {processor.py:925} INFO - DAG(s) 'example_sensor_decorator' retrieved from /home/airflow/.local/lib/python3.12/site-packages/airflow/example_dags/example_sensor_decorator.py
[2024-12-29T00:07:18.464+0000] {logging_mixin.py:190} INFO - [2024-12-29T00:07:18.463+0000] {dag.py:3239} INFO - Sync 1 DAGs
[2024-12-29T00:07:18.480+0000] {logging_mixin.py:190} INFO - [2024-12-29T00:07:18.480+0000] {dag.py:4180} INFO - Setting next_dagrun for example_sensor_decorator to None, run_after=None
[2024-12-29T00:07:18.507+0000] {processor.py:208} INFO - Processing /home/airflow/.local/lib/python3.12/site-packages/airflow/example_dags/example_sensor_decorator.py took 0.086 seconds
[2024-12-29T00:07:49.049+0000] {processor.py:186} INFO - Started process (PID=601) to work on /home/airflow/.local/lib/python3.12/site-packages/airflow/example_dags/example_sensor_decorator.py
[2024-12-29T00:07:49.051+0000] {processor.py:914} INFO - Processing file /home/airflow/.local/lib/python3.12/site-packages/airflow/example_dags/example_sensor_decorator.py for tasks to queue
[2024-12-29T00:07:49.054+0000] {logging_mixin.py:190} INFO - [2024-12-29T00:07:49.053+0000] {dagbag.py:588} INFO - Filling up the DagBag from /home/airflow/.local/lib/python3.12/site-packages/airflow/example_dags/example_sensor_decorator.py
[2024-12-29T00:07:49.065+0000] {processor.py:925} INFO - DAG(s) 'example_sensor_decorator' retrieved from /home/airflow/.local/lib/python3.12/site-packages/airflow/example_dags/example_sensor_decorator.py
[2024-12-29T00:07:49.093+0000] {logging_mixin.py:190} INFO - [2024-12-29T00:07:49.093+0000] {dag.py:3239} INFO - Sync 1 DAGs
[2024-12-29T00:07:49.113+0000] {logging_mixin.py:190} INFO - [2024-12-29T00:07:49.112+0000] {dag.py:4180} INFO - Setting next_dagrun for example_sensor_decorator to None, run_after=None
[2024-12-29T00:07:49.142+0000] {processor.py:208} INFO - Processing /home/airflow/.local/lib/python3.12/site-packages/airflow/example_dags/example_sensor_decorator.py took 0.101 seconds
[2024-12-29T00:08:19.245+0000] {processor.py:186} INFO - Started process (PID=664) to work on /home/airflow/.local/lib/python3.12/site-packages/airflow/example_dags/example_sensor_decorator.py
[2024-12-29T00:08:19.247+0000] {processor.py:914} INFO - Processing file /home/airflow/.local/lib/python3.12/site-packages/airflow/example_dags/example_sensor_decorator.py for tasks to queue
[2024-12-29T00:08:19.251+0000] {logging_mixin.py:190} INFO - [2024-12-29T00:08:19.251+0000] {dagbag.py:588} INFO - Filling up the DagBag from /home/airflow/.local/lib/python3.12/site-packages/airflow/example_dags/example_sensor_decorator.py
[2024-12-29T00:08:19.264+0000] {processor.py:925} INFO - DAG(s) 'example_sensor_decorator' retrieved from /home/airflow/.local/lib/python3.12/site-packages/airflow/example_dags/example_sensor_decorator.py
[2024-12-29T00:08:19.295+0000] {logging_mixin.py:190} INFO - [2024-12-29T00:08:19.294+0000] {dag.py:3239} INFO - Sync 1 DAGs
[2024-12-29T00:08:19.316+0000] {logging_mixin.py:190} INFO - [2024-12-29T00:08:19.315+0000] {dag.py:4180} INFO - Setting next_dagrun for example_sensor_decorator to None, run_after=None
[2024-12-29T00:08:19.346+0000] {processor.py:208} INFO - Processing /home/airflow/.local/lib/python3.12/site-packages/airflow/example_dags/example_sensor_decorator.py took 0.116 seconds
[2024-12-29T00:08:49.489+0000] {processor.py:186} INFO - Started process (PID=728) to work on /home/airflow/.local/lib/python3.12/site-packages/airflow/example_dags/example_sensor_decorator.py
[2024-12-29T00:08:49.491+0000] {processor.py:914} INFO - Processing file /home/airflow/.local/lib/python3.12/site-packages/airflow/example_dags/example_sensor_decorator.py for tasks to queue
[2024-12-29T00:08:49.494+0000] {logging_mixin.py:190} INFO - [2024-12-29T00:08:49.493+0000] {dagbag.py:588} INFO - Filling up the DagBag from /home/airflow/.local/lib/python3.12/site-packages/airflow/example_dags/example_sensor_decorator.py
[2024-12-29T00:08:49.506+0000] {processor.py:925} INFO - DAG(s) 'example_sensor_decorator' retrieved from /home/airflow/.local/lib/python3.12/site-packages/airflow/example_dags/example_sensor_decorator.py
[2024-12-29T00:08:49.536+0000] {logging_mixin.py:190} INFO - [2024-12-29T00:08:49.536+0000] {dag.py:3239} INFO - Sync 1 DAGs
[2024-12-29T00:08:49.554+0000] {logging_mixin.py:190} INFO - [2024-12-29T00:08:49.554+0000] {dag.py:4180} INFO - Setting next_dagrun for example_sensor_decorator to None, run_after=None
[2024-12-29T00:08:49.584+0000] {processor.py:208} INFO - Processing /home/airflow/.local/lib/python3.12/site-packages/airflow/example_dags/example_sensor_decorator.py took 0.103 seconds
[2024-12-29T00:09:19.734+0000] {processor.py:186} INFO - Started process (PID=792) to work on /home/airflow/.local/lib/python3.12/site-packages/airflow/example_dags/example_sensor_decorator.py
[2024-12-29T00:09:19.736+0000] {processor.py:914} INFO - Processing file /home/airflow/.local/lib/python3.12/site-packages/airflow/example_dags/example_sensor_decorator.py for tasks to queue
[2024-12-29T00:09:19.738+0000] {logging_mixin.py:190} INFO - [2024-12-29T00:09:19.738+0000] {dagbag.py:588} INFO - Filling up the DagBag from /home/airflow/.local/lib/python3.12/site-packages/airflow/example_dags/example_sensor_decorator.py
[2024-12-29T00:09:19.749+0000] {processor.py:925} INFO - DAG(s) 'example_sensor_decorator' retrieved from /home/airflow/.local/lib/python3.12/site-packages/airflow/example_dags/example_sensor_decorator.py
[2024-12-29T00:09:19.777+0000] {logging_mixin.py:190} INFO - [2024-12-29T00:09:19.777+0000] {dag.py:3239} INFO - Sync 1 DAGs
[2024-12-29T00:09:19.795+0000] {logging_mixin.py:190} INFO - [2024-12-29T00:09:19.795+0000] {dag.py:4180} INFO - Setting next_dagrun for example_sensor_decorator to None, run_after=None
[2024-12-29T00:09:19.823+0000] {processor.py:208} INFO - Processing /home/airflow/.local/lib/python3.12/site-packages/airflow/example_dags/example_sensor_decorator.py took 0.096 seconds
[2024-12-29T00:09:50.052+0000] {processor.py:186} INFO - Started process (PID=856) to work on /home/airflow/.local/lib/python3.12/site-packages/airflow/example_dags/example_sensor_decorator.py
[2024-12-29T00:09:50.054+0000] {processor.py:914} INFO - Processing file /home/airflow/.local/lib/python3.12/site-packages/airflow/example_dags/example_sensor_decorator.py for tasks to queue
[2024-12-29T00:09:50.057+0000] {logging_mixin.py:190} INFO - [2024-12-29T00:09:50.056+0000] {dagbag.py:588} INFO - Filling up the DagBag from /home/airflow/.local/lib/python3.12/site-packages/airflow/example_dags/example_sensor_decorator.py
[2024-12-29T00:09:50.069+0000] {processor.py:925} INFO - DAG(s) 'example_sensor_decorator' retrieved from /home/airflow/.local/lib/python3.12/site-packages/airflow/example_dags/example_sensor_decorator.py
[2024-12-29T00:09:50.100+0000] {logging_mixin.py:190} INFO - [2024-12-29T00:09:50.100+0000] {dag.py:3239} INFO - Sync 1 DAGs
[2024-12-29T00:09:50.125+0000] {logging_mixin.py:190} INFO - [2024-12-29T00:09:50.125+0000] {dag.py:4180} INFO - Setting next_dagrun for example_sensor_decorator to None, run_after=None
[2024-12-29T00:09:50.157+0000] {processor.py:208} INFO - Processing /home/airflow/.local/lib/python3.12/site-packages/airflow/example_dags/example_sensor_decorator.py took 0.112 seconds
[2024-12-29T00:10:21.065+0000] {processor.py:186} INFO - Started process (PID=920) to work on /home/airflow/.local/lib/python3.12/site-packages/airflow/example_dags/example_sensor_decorator.py
[2024-12-29T00:10:21.067+0000] {processor.py:914} INFO - Processing file /home/airflow/.local/lib/python3.12/site-packages/airflow/example_dags/example_sensor_decorator.py for tasks to queue
[2024-12-29T00:10:21.069+0000] {logging_mixin.py:190} INFO - [2024-12-29T00:10:21.069+0000] {dagbag.py:588} INFO - Filling up the DagBag from /home/airflow/.local/lib/python3.12/site-packages/airflow/example_dags/example_sensor_decorator.py
[2024-12-29T00:10:21.080+0000] {processor.py:925} INFO - DAG(s) 'example_sensor_decorator' retrieved from /home/airflow/.local/lib/python3.12/site-packages/airflow/example_dags/example_sensor_decorator.py
[2024-12-29T00:10:21.107+0000] {logging_mixin.py:190} INFO - [2024-12-29T00:10:21.106+0000] {dag.py:3239} INFO - Sync 1 DAGs
[2024-12-29T00:10:21.123+0000] {logging_mixin.py:190} INFO - [2024-12-29T00:10:21.123+0000] {dag.py:4180} INFO - Setting next_dagrun for example_sensor_decorator to None, run_after=None
[2024-12-29T00:10:21.152+0000] {processor.py:208} INFO - Processing /home/airflow/.local/lib/python3.12/site-packages/airflow/example_dags/example_sensor_decorator.py took 0.093 seconds
[2024-12-29T00:10:52.002+0000] {processor.py:186} INFO - Started process (PID=983) to work on /home/airflow/.local/lib/python3.12/site-packages/airflow/example_dags/example_sensor_decorator.py
[2024-12-29T00:10:52.004+0000] {processor.py:914} INFO - Processing file /home/airflow/.local/lib/python3.12/site-packages/airflow/example_dags/example_sensor_decorator.py for tasks to queue
[2024-12-29T00:10:52.007+0000] {logging_mixin.py:190} INFO - [2024-12-29T00:10:52.006+0000] {dagbag.py:588} INFO - Filling up the DagBag from /home/airflow/.local/lib/python3.12/site-packages/airflow/example_dags/example_sensor_decorator.py
[2024-12-29T00:10:52.017+0000] {processor.py:925} INFO - DAG(s) 'example_sensor_decorator' retrieved from /home/airflow/.local/lib/python3.12/site-packages/airflow/example_dags/example_sensor_decorator.py
[2024-12-29T00:10:52.046+0000] {logging_mixin.py:190} INFO - [2024-12-29T00:10:52.045+0000] {dag.py:3239} INFO - Sync 1 DAGs
[2024-12-29T00:10:52.064+0000] {logging_mixin.py:190} INFO - [2024-12-29T00:10:52.064+0000] {dag.py:4180} INFO - Setting next_dagrun for example_sensor_decorator to None, run_after=None
[2024-12-29T00:10:52.095+0000] {processor.py:208} INFO - Processing /home/airflow/.local/lib/python3.12/site-packages/airflow/example_dags/example_sensor_decorator.py took 0.099 seconds
[2024-12-29T00:11:22.670+0000] {processor.py:186} INFO - Started process (PID=1047) to work on /home/airflow/.local/lib/python3.12/site-packages/airflow/example_dags/example_sensor_decorator.py
[2024-12-29T00:11:22.671+0000] {processor.py:914} INFO - Processing file /home/airflow/.local/lib/python3.12/site-packages/airflow/example_dags/example_sensor_decorator.py for tasks to queue
[2024-12-29T00:11:22.674+0000] {logging_mixin.py:190} INFO - [2024-12-29T00:11:22.674+0000] {dagbag.py:588} INFO - Filling up the DagBag from /home/airflow/.local/lib/python3.12/site-packages/airflow/example_dags/example_sensor_decorator.py
[2024-12-29T00:11:22.684+0000] {processor.py:925} INFO - DAG(s) 'example_sensor_decorator' retrieved from /home/airflow/.local/lib/python3.12/site-packages/airflow/example_dags/example_sensor_decorator.py
[2024-12-29T00:11:22.724+0000] {logging_mixin.py:190} INFO - [2024-12-29T00:11:22.723+0000] {dag.py:3239} INFO - Sync 1 DAGs
[2024-12-29T00:11:22.749+0000] {logging_mixin.py:190} INFO - [2024-12-29T00:11:22.748+0000] {dag.py:4180} INFO - Setting next_dagrun for example_sensor_decorator to None, run_after=None
[2024-12-29T00:11:22.775+0000] {processor.py:208} INFO - Processing /home/airflow/.local/lib/python3.12/site-packages/airflow/example_dags/example_sensor_decorator.py took 0.112 seconds
[2024-12-29T00:11:53.517+0000] {processor.py:186} INFO - Started process (PID=1096) to work on /home/airflow/.local/lib/python3.12/site-packages/airflow/example_dags/example_sensor_decorator.py
[2024-12-29T00:11:53.519+0000] {processor.py:914} INFO - Processing file /home/airflow/.local/lib/python3.12/site-packages/airflow/example_dags/example_sensor_decorator.py for tasks to queue
[2024-12-29T00:11:53.522+0000] {logging_mixin.py:190} INFO - [2024-12-29T00:11:53.522+0000] {dagbag.py:588} INFO - Filling up the DagBag from /home/airflow/.local/lib/python3.12/site-packages/airflow/example_dags/example_sensor_decorator.py
[2024-12-29T00:11:53.535+0000] {processor.py:925} INFO - DAG(s) 'example_sensor_decorator' retrieved from /home/airflow/.local/lib/python3.12/site-packages/airflow/example_dags/example_sensor_decorator.py
[2024-12-29T00:11:53.564+0000] {logging_mixin.py:190} INFO - [2024-12-29T00:11:53.564+0000] {dag.py:3239} INFO - Sync 1 DAGs
[2024-12-29T00:11:53.585+0000] {logging_mixin.py:190} INFO - [2024-12-29T00:11:53.584+0000] {dag.py:4180} INFO - Setting next_dagrun for example_sensor_decorator to None, run_after=None
[2024-12-29T00:11:53.616+0000] {processor.py:208} INFO - Processing /home/airflow/.local/lib/python3.12/site-packages/airflow/example_dags/example_sensor_decorator.py took 0.107 seconds
[2024-12-29T00:12:25.270+0000] {processor.py:186} INFO - Started process (PID=1158) to work on /home/airflow/.local/lib/python3.12/site-packages/airflow/example_dags/example_sensor_decorator.py
[2024-12-29T00:12:25.276+0000] {processor.py:914} INFO - Processing file /home/airflow/.local/lib/python3.12/site-packages/airflow/example_dags/example_sensor_decorator.py for tasks to queue
[2024-12-29T00:12:25.279+0000] {logging_mixin.py:190} INFO - [2024-12-29T00:12:25.278+0000] {dagbag.py:588} INFO - Filling up the DagBag from /home/airflow/.local/lib/python3.12/site-packages/airflow/example_dags/example_sensor_decorator.py
[2024-12-29T00:12:25.289+0000] {processor.py:925} INFO - DAG(s) 'example_sensor_decorator' retrieved from /home/airflow/.local/lib/python3.12/site-packages/airflow/example_dags/example_sensor_decorator.py
[2024-12-29T00:12:25.316+0000] {logging_mixin.py:190} INFO - [2024-12-29T00:12:25.316+0000] {dag.py:3239} INFO - Sync 1 DAGs
[2024-12-29T00:12:25.335+0000] {logging_mixin.py:190} INFO - [2024-12-29T00:12:25.334+0000] {dag.py:4180} INFO - Setting next_dagrun for example_sensor_decorator to None, run_after=None
[2024-12-29T00:12:25.381+0000] {processor.py:208} INFO - Processing /home/airflow/.local/lib/python3.12/site-packages/airflow/example_dags/example_sensor_decorator.py took 0.116 seconds
[2024-12-29T00:12:56.902+0000] {processor.py:186} INFO - Started process (PID=1222) to work on /home/airflow/.local/lib/python3.12/site-packages/airflow/example_dags/example_sensor_decorator.py
[2024-12-29T00:12:56.904+0000] {processor.py:914} INFO - Processing file /home/airflow/.local/lib/python3.12/site-packages/airflow/example_dags/example_sensor_decorator.py for tasks to queue
[2024-12-29T00:12:56.907+0000] {logging_mixin.py:190} INFO - [2024-12-29T00:12:56.907+0000] {dagbag.py:588} INFO - Filling up the DagBag from /home/airflow/.local/lib/python3.12/site-packages/airflow/example_dags/example_sensor_decorator.py
[2024-12-29T00:12:56.915+0000] {processor.py:925} INFO - DAG(s) 'example_sensor_decorator' retrieved from /home/airflow/.local/lib/python3.12/site-packages/airflow/example_dags/example_sensor_decorator.py
[2024-12-29T00:12:56.939+0000] {logging_mixin.py:190} INFO - [2024-12-29T00:12:56.939+0000] {dag.py:3239} INFO - Sync 1 DAGs
[2024-12-29T00:12:56.956+0000] {logging_mixin.py:190} INFO - [2024-12-29T00:12:56.956+0000] {dag.py:4180} INFO - Setting next_dagrun for example_sensor_decorator to None, run_after=None
[2024-12-29T00:12:56.981+0000] {processor.py:208} INFO - Processing /home/airflow/.local/lib/python3.12/site-packages/airflow/example_dags/example_sensor_decorator.py took 0.086 seconds
[2024-12-29T00:13:27.977+0000] {processor.py:186} INFO - Started process (PID=1283) to work on /home/airflow/.local/lib/python3.12/site-packages/airflow/example_dags/example_sensor_decorator.py
[2024-12-29T00:13:27.978+0000] {processor.py:914} INFO - Processing file /home/airflow/.local/lib/python3.12/site-packages/airflow/example_dags/example_sensor_decorator.py for tasks to queue
[2024-12-29T00:13:27.981+0000] {logging_mixin.py:190} INFO - [2024-12-29T00:13:27.980+0000] {dagbag.py:588} INFO - Filling up the DagBag from /home/airflow/.local/lib/python3.12/site-packages/airflow/example_dags/example_sensor_decorator.py
[2024-12-29T00:13:27.990+0000] {processor.py:925} INFO - DAG(s) 'example_sensor_decorator' retrieved from /home/airflow/.local/lib/python3.12/site-packages/airflow/example_dags/example_sensor_decorator.py
[2024-12-29T00:13:28.020+0000] {logging_mixin.py:190} INFO - [2024-12-29T00:13:28.020+0000] {dag.py:3239} INFO - Sync 1 DAGs
[2024-12-29T00:13:28.044+0000] {logging_mixin.py:190} INFO - [2024-12-29T00:13:28.044+0000] {dag.py:4180} INFO - Setting next_dagrun for example_sensor_decorator to None, run_after=None
[2024-12-29T00:13:28.076+0000] {processor.py:208} INFO - Processing /home/airflow/.local/lib/python3.12/site-packages/airflow/example_dags/example_sensor_decorator.py took 0.105 seconds
[2024-12-29T00:13:58.845+0000] {processor.py:186} INFO - Started process (PID=1348) to work on /home/airflow/.local/lib/python3.12/site-packages/airflow/example_dags/example_sensor_decorator.py
[2024-12-29T00:13:58.847+0000] {processor.py:914} INFO - Processing file /home/airflow/.local/lib/python3.12/site-packages/airflow/example_dags/example_sensor_decorator.py for tasks to queue
[2024-12-29T00:13:58.850+0000] {logging_mixin.py:190} INFO - [2024-12-29T00:13:58.849+0000] {dagbag.py:588} INFO - Filling up the DagBag from /home/airflow/.local/lib/python3.12/site-packages/airflow/example_dags/example_sensor_decorator.py
[2024-12-29T00:13:58.861+0000] {processor.py:925} INFO - DAG(s) 'example_sensor_decorator' retrieved from /home/airflow/.local/lib/python3.12/site-packages/airflow/example_dags/example_sensor_decorator.py
[2024-12-29T00:13:58.891+0000] {logging_mixin.py:190} INFO - [2024-12-29T00:13:58.891+0000] {dag.py:3239} INFO - Sync 1 DAGs
[2024-12-29T00:13:58.920+0000] {logging_mixin.py:190} INFO - [2024-12-29T00:13:58.920+0000] {dag.py:4180} INFO - Setting next_dagrun for example_sensor_decorator to None, run_after=None
[2024-12-29T00:13:58.959+0000] {processor.py:208} INFO - Processing /home/airflow/.local/lib/python3.12/site-packages/airflow/example_dags/example_sensor_decorator.py took 0.121 seconds
[2024-12-29T00:14:29.728+0000] {processor.py:186} INFO - Started process (PID=1411) to work on /home/airflow/.local/lib/python3.12/site-packages/airflow/example_dags/example_sensor_decorator.py
[2024-12-29T00:14:29.730+0000] {processor.py:914} INFO - Processing file /home/airflow/.local/lib/python3.12/site-packages/airflow/example_dags/example_sensor_decorator.py for tasks to queue
[2024-12-29T00:14:29.733+0000] {logging_mixin.py:190} INFO - [2024-12-29T00:14:29.732+0000] {dagbag.py:588} INFO - Filling up the DagBag from /home/airflow/.local/lib/python3.12/site-packages/airflow/example_dags/example_sensor_decorator.py
[2024-12-29T00:14:29.742+0000] {processor.py:925} INFO - DAG(s) 'example_sensor_decorator' retrieved from /home/airflow/.local/lib/python3.12/site-packages/airflow/example_dags/example_sensor_decorator.py
[2024-12-29T00:14:29.768+0000] {logging_mixin.py:190} INFO - [2024-12-29T00:14:29.768+0000] {dag.py:3239} INFO - Sync 1 DAGs
[2024-12-29T00:14:29.786+0000] {logging_mixin.py:190} INFO - [2024-12-29T00:14:29.785+0000] {dag.py:4180} INFO - Setting next_dagrun for example_sensor_decorator to None, run_after=None
[2024-12-29T00:14:29.813+0000] {processor.py:208} INFO - Processing /home/airflow/.local/lib/python3.12/site-packages/airflow/example_dags/example_sensor_decorator.py took 0.092 seconds
[2024-12-29T00:15:00.439+0000] {processor.py:186} INFO - Started process (PID=1476) to work on /home/airflow/.local/lib/python3.12/site-packages/airflow/example_dags/example_sensor_decorator.py
[2024-12-29T00:15:00.441+0000] {processor.py:914} INFO - Processing file /home/airflow/.local/lib/python3.12/site-packages/airflow/example_dags/example_sensor_decorator.py for tasks to queue
[2024-12-29T00:15:00.444+0000] {logging_mixin.py:190} INFO - [2024-12-29T00:15:00.443+0000] {dagbag.py:588} INFO - Filling up the DagBag from /home/airflow/.local/lib/python3.12/site-packages/airflow/example_dags/example_sensor_decorator.py
[2024-12-29T00:15:00.455+0000] {processor.py:925} INFO - DAG(s) 'example_sensor_decorator' retrieved from /home/airflow/.local/lib/python3.12/site-packages/airflow/example_dags/example_sensor_decorator.py
[2024-12-29T00:15:00.484+0000] {logging_mixin.py:190} INFO - [2024-12-29T00:15:00.484+0000] {dag.py:3239} INFO - Sync 1 DAGs
[2024-12-29T00:15:00.501+0000] {logging_mixin.py:190} INFO - [2024-12-29T00:15:00.501+0000] {dag.py:4180} INFO - Setting next_dagrun for example_sensor_decorator to None, run_after=None
[2024-12-29T00:15:00.530+0000] {processor.py:208} INFO - Processing /home/airflow/.local/lib/python3.12/site-packages/airflow/example_dags/example_sensor_decorator.py took 0.097 seconds
[2024-12-29T00:15:30.756+0000] {processor.py:186} INFO - Started process (PID=1541) to work on /home/airflow/.local/lib/python3.12/site-packages/airflow/example_dags/example_sensor_decorator.py
[2024-12-29T00:15:30.759+0000] {processor.py:914} INFO - Processing file /home/airflow/.local/lib/python3.12/site-packages/airflow/example_dags/example_sensor_decorator.py for tasks to queue
[2024-12-29T00:15:30.765+0000] {logging_mixin.py:190} INFO - [2024-12-29T00:15:30.764+0000] {dagbag.py:588} INFO - Filling up the DagBag from /home/airflow/.local/lib/python3.12/site-packages/airflow/example_dags/example_sensor_decorator.py
[2024-12-29T00:15:30.788+0000] {processor.py:925} INFO - DAG(s) 'example_sensor_decorator' retrieved from /home/airflow/.local/lib/python3.12/site-packages/airflow/example_dags/example_sensor_decorator.py
[2024-12-29T00:15:30.831+0000] {logging_mixin.py:190} INFO - [2024-12-29T00:15:30.831+0000] {dag.py:3239} INFO - Sync 1 DAGs
[2024-12-29T00:15:30.861+0000] {logging_mixin.py:190} INFO - [2024-12-29T00:15:30.861+0000] {dag.py:4180} INFO - Setting next_dagrun for example_sensor_decorator to None, run_after=None
[2024-12-29T00:15:30.902+0000] {processor.py:208} INFO - Processing /home/airflow/.local/lib/python3.12/site-packages/airflow/example_dags/example_sensor_decorator.py took 0.159 seconds
[2024-12-29T00:16:01.761+0000] {processor.py:186} INFO - Started process (PID=1606) to work on /home/airflow/.local/lib/python3.12/site-packages/airflow/example_dags/example_sensor_decorator.py
[2024-12-29T00:16:01.763+0000] {processor.py:914} INFO - Processing file /home/airflow/.local/lib/python3.12/site-packages/airflow/example_dags/example_sensor_decorator.py for tasks to queue
[2024-12-29T00:16:01.767+0000] {logging_mixin.py:190} INFO - [2024-12-29T00:16:01.767+0000] {dagbag.py:588} INFO - Filling up the DagBag from /home/airflow/.local/lib/python3.12/site-packages/airflow/example_dags/example_sensor_decorator.py
[2024-12-29T00:16:01.781+0000] {processor.py:925} INFO - DAG(s) 'example_sensor_decorator' retrieved from /home/airflow/.local/lib/python3.12/site-packages/airflow/example_dags/example_sensor_decorator.py
[2024-12-29T00:16:01.821+0000] {logging_mixin.py:190} INFO - [2024-12-29T00:16:01.820+0000] {dag.py:3239} INFO - Sync 1 DAGs
[2024-12-29T00:16:01.843+0000] {logging_mixin.py:190} INFO - [2024-12-29T00:16:01.843+0000] {dag.py:4180} INFO - Setting next_dagrun for example_sensor_decorator to None, run_after=None
[2024-12-29T00:16:01.880+0000] {processor.py:208} INFO - Processing /home/airflow/.local/lib/python3.12/site-packages/airflow/example_dags/example_sensor_decorator.py took 0.130 seconds
[2024-12-29T00:16:32.669+0000] {processor.py:186} INFO - Started process (PID=1671) to work on /home/airflow/.local/lib/python3.12/site-packages/airflow/example_dags/example_sensor_decorator.py
[2024-12-29T00:16:32.672+0000] {processor.py:914} INFO - Processing file /home/airflow/.local/lib/python3.12/site-packages/airflow/example_dags/example_sensor_decorator.py for tasks to queue
[2024-12-29T00:16:32.676+0000] {logging_mixin.py:190} INFO - [2024-12-29T00:16:32.675+0000] {dagbag.py:588} INFO - Filling up the DagBag from /home/airflow/.local/lib/python3.12/site-packages/airflow/example_dags/example_sensor_decorator.py
[2024-12-29T00:16:32.690+0000] {processor.py:925} INFO - DAG(s) 'example_sensor_decorator' retrieved from /home/airflow/.local/lib/python3.12/site-packages/airflow/example_dags/example_sensor_decorator.py
[2024-12-29T00:16:32.724+0000] {logging_mixin.py:190} INFO - [2024-12-29T00:16:32.724+0000] {dag.py:3239} INFO - Sync 1 DAGs
[2024-12-29T00:16:32.749+0000] {logging_mixin.py:190} INFO - [2024-12-29T00:16:32.749+0000] {dag.py:4180} INFO - Setting next_dagrun for example_sensor_decorator to None, run_after=None
[2024-12-29T00:16:32.781+0000] {processor.py:208} INFO - Processing /home/airflow/.local/lib/python3.12/site-packages/airflow/example_dags/example_sensor_decorator.py took 0.121 seconds
[2024-12-29T00:17:03.194+0000] {processor.py:186} INFO - Started process (PID=1733) to work on /home/airflow/.local/lib/python3.12/site-packages/airflow/example_dags/example_sensor_decorator.py
[2024-12-29T00:17:03.196+0000] {processor.py:914} INFO - Processing file /home/airflow/.local/lib/python3.12/site-packages/airflow/example_dags/example_sensor_decorator.py for tasks to queue
[2024-12-29T00:17:03.199+0000] {logging_mixin.py:190} INFO - [2024-12-29T00:17:03.198+0000] {dagbag.py:588} INFO - Filling up the DagBag from /home/airflow/.local/lib/python3.12/site-packages/airflow/example_dags/example_sensor_decorator.py
[2024-12-29T00:17:03.209+0000] {processor.py:925} INFO - DAG(s) 'example_sensor_decorator' retrieved from /home/airflow/.local/lib/python3.12/site-packages/airflow/example_dags/example_sensor_decorator.py
[2024-12-29T00:17:03.236+0000] {logging_mixin.py:190} INFO - [2024-12-29T00:17:03.236+0000] {dag.py:3239} INFO - Sync 1 DAGs
[2024-12-29T00:17:03.255+0000] {logging_mixin.py:190} INFO - [2024-12-29T00:17:03.255+0000] {dag.py:4180} INFO - Setting next_dagrun for example_sensor_decorator to None, run_after=None
[2024-12-29T00:17:03.282+0000] {processor.py:208} INFO - Processing /home/airflow/.local/lib/python3.12/site-packages/airflow/example_dags/example_sensor_decorator.py took 0.095 seconds
[2024-12-29T00:19:52.238+0000] {processor.py:186} INFO - Started process (PID=88) to work on /home/airflow/.local/lib/python3.12/site-packages/airflow/example_dags/example_sensor_decorator.py
[2024-12-29T00:19:52.349+0000] {processor.py:914} INFO - Processing file /home/airflow/.local/lib/python3.12/site-packages/airflow/example_dags/example_sensor_decorator.py for tasks to queue
[2024-12-29T00:19:52.352+0000] {logging_mixin.py:190} INFO - [2024-12-29T00:19:52.352+0000] {dagbag.py:588} INFO - Filling up the DagBag from /home/airflow/.local/lib/python3.12/site-packages/airflow/example_dags/example_sensor_decorator.py
[2024-12-29T00:19:52.362+0000] {processor.py:925} INFO - DAG(s) 'example_sensor_decorator' retrieved from /home/airflow/.local/lib/python3.12/site-packages/airflow/example_dags/example_sensor_decorator.py
[2024-12-29T00:19:52.401+0000] {logging_mixin.py:190} INFO - [2024-12-29T00:19:52.400+0000] {dag.py:3239} INFO - Sync 1 DAGs
[2024-12-29T00:19:52.433+0000] {logging_mixin.py:190} INFO - [2024-12-29T00:19:52.432+0000] {dag.py:4180} INFO - Setting next_dagrun for example_sensor_decorator to None, run_after=None
[2024-12-29T00:19:52.485+0000] {processor.py:208} INFO - Processing /home/airflow/.local/lib/python3.12/site-packages/airflow/example_dags/example_sensor_decorator.py took 0.252 seconds
[2024-12-29T00:20:23.383+0000] {processor.py:186} INFO - Started process (PID=152) to work on /home/airflow/.local/lib/python3.12/site-packages/airflow/example_dags/example_sensor_decorator.py
[2024-12-29T00:20:23.386+0000] {processor.py:914} INFO - Processing file /home/airflow/.local/lib/python3.12/site-packages/airflow/example_dags/example_sensor_decorator.py for tasks to queue
[2024-12-29T00:20:23.389+0000] {logging_mixin.py:190} INFO - [2024-12-29T00:20:23.389+0000] {dagbag.py:588} INFO - Filling up the DagBag from /home/airflow/.local/lib/python3.12/site-packages/airflow/example_dags/example_sensor_decorator.py
[2024-12-29T00:20:23.401+0000] {processor.py:925} INFO - DAG(s) 'example_sensor_decorator' retrieved from /home/airflow/.local/lib/python3.12/site-packages/airflow/example_dags/example_sensor_decorator.py
[2024-12-29T00:20:23.430+0000] {logging_mixin.py:190} INFO - [2024-12-29T00:20:23.430+0000] {dag.py:3239} INFO - Sync 1 DAGs
[2024-12-29T00:20:23.457+0000] {logging_mixin.py:190} INFO - [2024-12-29T00:20:23.457+0000] {dag.py:4180} INFO - Setting next_dagrun for example_sensor_decorator to None, run_after=None
[2024-12-29T00:20:23.493+0000] {processor.py:208} INFO - Processing /home/airflow/.local/lib/python3.12/site-packages/airflow/example_dags/example_sensor_decorator.py took 0.116 seconds
[2024-12-29T00:20:53.647+0000] {processor.py:186} INFO - Started process (PID=217) to work on /home/airflow/.local/lib/python3.12/site-packages/airflow/example_dags/example_sensor_decorator.py
[2024-12-29T00:20:53.648+0000] {processor.py:914} INFO - Processing file /home/airflow/.local/lib/python3.12/site-packages/airflow/example_dags/example_sensor_decorator.py for tasks to queue
[2024-12-29T00:20:53.650+0000] {logging_mixin.py:190} INFO - [2024-12-29T00:20:53.650+0000] {dagbag.py:588} INFO - Filling up the DagBag from /home/airflow/.local/lib/python3.12/site-packages/airflow/example_dags/example_sensor_decorator.py
[2024-12-29T00:20:53.660+0000] {processor.py:925} INFO - DAG(s) 'example_sensor_decorator' retrieved from /home/airflow/.local/lib/python3.12/site-packages/airflow/example_dags/example_sensor_decorator.py
[2024-12-29T00:20:53.684+0000] {logging_mixin.py:190} INFO - [2024-12-29T00:20:53.684+0000] {dag.py:3239} INFO - Sync 1 DAGs
[2024-12-29T00:20:53.700+0000] {logging_mixin.py:190} INFO - [2024-12-29T00:20:53.699+0000] {dag.py:4180} INFO - Setting next_dagrun for example_sensor_decorator to None, run_after=None
[2024-12-29T00:20:53.726+0000] {processor.py:208} INFO - Processing /home/airflow/.local/lib/python3.12/site-packages/airflow/example_dags/example_sensor_decorator.py took 0.085 seconds
[2024-12-29T00:21:24.340+0000] {processor.py:186} INFO - Started process (PID=282) to work on /home/airflow/.local/lib/python3.12/site-packages/airflow/example_dags/example_sensor_decorator.py
[2024-12-29T00:21:24.342+0000] {processor.py:914} INFO - Processing file /home/airflow/.local/lib/python3.12/site-packages/airflow/example_dags/example_sensor_decorator.py for tasks to queue
[2024-12-29T00:21:24.345+0000] {logging_mixin.py:190} INFO - [2024-12-29T00:21:24.344+0000] {dagbag.py:588} INFO - Filling up the DagBag from /home/airflow/.local/lib/python3.12/site-packages/airflow/example_dags/example_sensor_decorator.py
[2024-12-29T00:21:24.355+0000] {processor.py:925} INFO - DAG(s) 'example_sensor_decorator' retrieved from /home/airflow/.local/lib/python3.12/site-packages/airflow/example_dags/example_sensor_decorator.py
[2024-12-29T00:21:24.384+0000] {logging_mixin.py:190} INFO - [2024-12-29T00:21:24.384+0000] {dag.py:3239} INFO - Sync 1 DAGs
[2024-12-29T00:21:24.403+0000] {logging_mixin.py:190} INFO - [2024-12-29T00:21:24.403+0000] {dag.py:4180} INFO - Setting next_dagrun for example_sensor_decorator to None, run_after=None
[2024-12-29T00:21:24.434+0000] {processor.py:208} INFO - Processing /home/airflow/.local/lib/python3.12/site-packages/airflow/example_dags/example_sensor_decorator.py took 0.101 seconds
[2024-12-29T00:21:54.598+0000] {processor.py:186} INFO - Started process (PID=347) to work on /home/airflow/.local/lib/python3.12/site-packages/airflow/example_dags/example_sensor_decorator.py
[2024-12-29T00:21:54.600+0000] {processor.py:914} INFO - Processing file /home/airflow/.local/lib/python3.12/site-packages/airflow/example_dags/example_sensor_decorator.py for tasks to queue
[2024-12-29T00:21:54.603+0000] {logging_mixin.py:190} INFO - [2024-12-29T00:21:54.603+0000] {dagbag.py:588} INFO - Filling up the DagBag from /home/airflow/.local/lib/python3.12/site-packages/airflow/example_dags/example_sensor_decorator.py
[2024-12-29T00:21:54.612+0000] {processor.py:925} INFO - DAG(s) 'example_sensor_decorator' retrieved from /home/airflow/.local/lib/python3.12/site-packages/airflow/example_dags/example_sensor_decorator.py
[2024-12-29T00:21:54.639+0000] {logging_mixin.py:190} INFO - [2024-12-29T00:21:54.639+0000] {dag.py:3239} INFO - Sync 1 DAGs
[2024-12-29T00:21:54.658+0000] {logging_mixin.py:190} INFO - [2024-12-29T00:21:54.657+0000] {dag.py:4180} INFO - Setting next_dagrun for example_sensor_decorator to None, run_after=None
[2024-12-29T00:21:54.689+0000] {processor.py:208} INFO - Processing /home/airflow/.local/lib/python3.12/site-packages/airflow/example_dags/example_sensor_decorator.py took 0.097 seconds
[2024-12-29T00:22:25.416+0000] {processor.py:186} INFO - Started process (PID=412) to work on /home/airflow/.local/lib/python3.12/site-packages/airflow/example_dags/example_sensor_decorator.py
[2024-12-29T00:22:25.418+0000] {processor.py:914} INFO - Processing file /home/airflow/.local/lib/python3.12/site-packages/airflow/example_dags/example_sensor_decorator.py for tasks to queue
[2024-12-29T00:22:25.421+0000] {logging_mixin.py:190} INFO - [2024-12-29T00:22:25.420+0000] {dagbag.py:588} INFO - Filling up the DagBag from /home/airflow/.local/lib/python3.12/site-packages/airflow/example_dags/example_sensor_decorator.py
[2024-12-29T00:22:25.434+0000] {processor.py:925} INFO - DAG(s) 'example_sensor_decorator' retrieved from /home/airflow/.local/lib/python3.12/site-packages/airflow/example_dags/example_sensor_decorator.py
[2024-12-29T00:22:25.473+0000] {logging_mixin.py:190} INFO - [2024-12-29T00:22:25.473+0000] {dag.py:3239} INFO - Sync 1 DAGs
[2024-12-29T00:22:25.499+0000] {logging_mixin.py:190} INFO - [2024-12-29T00:22:25.499+0000] {dag.py:4180} INFO - Setting next_dagrun for example_sensor_decorator to None, run_after=None
[2024-12-29T00:22:25.534+0000] {processor.py:208} INFO - Processing /home/airflow/.local/lib/python3.12/site-packages/airflow/example_dags/example_sensor_decorator.py took 0.125 seconds
[2024-12-29T00:22:56.010+0000] {processor.py:186} INFO - Started process (PID=477) to work on /home/airflow/.local/lib/python3.12/site-packages/airflow/example_dags/example_sensor_decorator.py
[2024-12-29T00:22:56.012+0000] {processor.py:914} INFO - Processing file /home/airflow/.local/lib/python3.12/site-packages/airflow/example_dags/example_sensor_decorator.py for tasks to queue
[2024-12-29T00:22:56.015+0000] {logging_mixin.py:190} INFO - [2024-12-29T00:22:56.014+0000] {dagbag.py:588} INFO - Filling up the DagBag from /home/airflow/.local/lib/python3.12/site-packages/airflow/example_dags/example_sensor_decorator.py
[2024-12-29T00:22:56.022+0000] {processor.py:925} INFO - DAG(s) 'example_sensor_decorator' retrieved from /home/airflow/.local/lib/python3.12/site-packages/airflow/example_dags/example_sensor_decorator.py
[2024-12-29T00:22:56.047+0000] {logging_mixin.py:190} INFO - [2024-12-29T00:22:56.046+0000] {dag.py:3239} INFO - Sync 1 DAGs
[2024-12-29T00:22:56.062+0000] {logging_mixin.py:190} INFO - [2024-12-29T00:22:56.062+0000] {dag.py:4180} INFO - Setting next_dagrun for example_sensor_decorator to None, run_after=None
[2024-12-29T00:22:56.100+0000] {processor.py:208} INFO - Processing /home/airflow/.local/lib/python3.12/site-packages/airflow/example_dags/example_sensor_decorator.py took 0.096 seconds
[2024-12-29T00:23:26.247+0000] {processor.py:186} INFO - Started process (PID=542) to work on /home/airflow/.local/lib/python3.12/site-packages/airflow/example_dags/example_sensor_decorator.py
[2024-12-29T00:23:26.249+0000] {processor.py:914} INFO - Processing file /home/airflow/.local/lib/python3.12/site-packages/airflow/example_dags/example_sensor_decorator.py for tasks to queue
[2024-12-29T00:23:26.252+0000] {logging_mixin.py:190} INFO - [2024-12-29T00:23:26.251+0000] {dagbag.py:588} INFO - Filling up the DagBag from /home/airflow/.local/lib/python3.12/site-packages/airflow/example_dags/example_sensor_decorator.py
[2024-12-29T00:23:26.259+0000] {processor.py:925} INFO - DAG(s) 'example_sensor_decorator' retrieved from /home/airflow/.local/lib/python3.12/site-packages/airflow/example_dags/example_sensor_decorator.py
[2024-12-29T00:23:26.285+0000] {logging_mixin.py:190} INFO - [2024-12-29T00:23:26.285+0000] {dag.py:3239} INFO - Sync 1 DAGs
[2024-12-29T00:23:26.300+0000] {logging_mixin.py:190} INFO - [2024-12-29T00:23:26.300+0000] {dag.py:4180} INFO - Setting next_dagrun for example_sensor_decorator to None, run_after=None
[2024-12-29T00:23:26.329+0000] {processor.py:208} INFO - Processing /home/airflow/.local/lib/python3.12/site-packages/airflow/example_dags/example_sensor_decorator.py took 0.087 seconds
[2024-12-29T00:23:56.610+0000] {processor.py:186} INFO - Started process (PID=608) to work on /home/airflow/.local/lib/python3.12/site-packages/airflow/example_dags/example_sensor_decorator.py
[2024-12-29T00:23:56.612+0000] {processor.py:914} INFO - Processing file /home/airflow/.local/lib/python3.12/site-packages/airflow/example_dags/example_sensor_decorator.py for tasks to queue
[2024-12-29T00:23:56.614+0000] {logging_mixin.py:190} INFO - [2024-12-29T00:23:56.614+0000] {dagbag.py:588} INFO - Filling up the DagBag from /home/airflow/.local/lib/python3.12/site-packages/airflow/example_dags/example_sensor_decorator.py
[2024-12-29T00:23:56.624+0000] {processor.py:925} INFO - DAG(s) 'example_sensor_decorator' retrieved from /home/airflow/.local/lib/python3.12/site-packages/airflow/example_dags/example_sensor_decorator.py
[2024-12-29T00:23:56.650+0000] {logging_mixin.py:190} INFO - [2024-12-29T00:23:56.650+0000] {dag.py:3239} INFO - Sync 1 DAGs
[2024-12-29T00:23:56.667+0000] {logging_mixin.py:190} INFO - [2024-12-29T00:23:56.666+0000] {dag.py:4180} INFO - Setting next_dagrun for example_sensor_decorator to None, run_after=None
[2024-12-29T00:23:56.694+0000] {processor.py:208} INFO - Processing /home/airflow/.local/lib/python3.12/site-packages/airflow/example_dags/example_sensor_decorator.py took 0.089 seconds
[2024-12-29T00:24:27.178+0000] {processor.py:186} INFO - Started process (PID=673) to work on /home/airflow/.local/lib/python3.12/site-packages/airflow/example_dags/example_sensor_decorator.py
[2024-12-29T00:24:27.180+0000] {processor.py:914} INFO - Processing file /home/airflow/.local/lib/python3.12/site-packages/airflow/example_dags/example_sensor_decorator.py for tasks to queue
[2024-12-29T00:24:27.183+0000] {logging_mixin.py:190} INFO - [2024-12-29T00:24:27.182+0000] {dagbag.py:588} INFO - Filling up the DagBag from /home/airflow/.local/lib/python3.12/site-packages/airflow/example_dags/example_sensor_decorator.py
[2024-12-29T00:24:27.191+0000] {processor.py:925} INFO - DAG(s) 'example_sensor_decorator' retrieved from /home/airflow/.local/lib/python3.12/site-packages/airflow/example_dags/example_sensor_decorator.py
[2024-12-29T00:24:27.219+0000] {logging_mixin.py:190} INFO - [2024-12-29T00:24:27.219+0000] {dag.py:3239} INFO - Sync 1 DAGs
[2024-12-29T00:24:27.238+0000] {logging_mixin.py:190} INFO - [2024-12-29T00:24:27.237+0000] {dag.py:4180} INFO - Setting next_dagrun for example_sensor_decorator to None, run_after=None
[2024-12-29T00:24:27.264+0000] {processor.py:208} INFO - Processing /home/airflow/.local/lib/python3.12/site-packages/airflow/example_dags/example_sensor_decorator.py took 0.092 seconds
[2024-12-29T00:24:57.426+0000] {processor.py:186} INFO - Started process (PID=738) to work on /home/airflow/.local/lib/python3.12/site-packages/airflow/example_dags/example_sensor_decorator.py
[2024-12-29T00:24:57.428+0000] {processor.py:914} INFO - Processing file /home/airflow/.local/lib/python3.12/site-packages/airflow/example_dags/example_sensor_decorator.py for tasks to queue
[2024-12-29T00:24:57.431+0000] {logging_mixin.py:190} INFO - [2024-12-29T00:24:57.430+0000] {dagbag.py:588} INFO - Filling up the DagBag from /home/airflow/.local/lib/python3.12/site-packages/airflow/example_dags/example_sensor_decorator.py
[2024-12-29T00:24:57.438+0000] {processor.py:925} INFO - DAG(s) 'example_sensor_decorator' retrieved from /home/airflow/.local/lib/python3.12/site-packages/airflow/example_dags/example_sensor_decorator.py
[2024-12-29T00:24:57.463+0000] {logging_mixin.py:190} INFO - [2024-12-29T00:24:57.463+0000] {dag.py:3239} INFO - Sync 1 DAGs
[2024-12-29T00:24:57.478+0000] {logging_mixin.py:190} INFO - [2024-12-29T00:24:57.478+0000] {dag.py:4180} INFO - Setting next_dagrun for example_sensor_decorator to None, run_after=None
[2024-12-29T00:24:57.502+0000] {processor.py:208} INFO - Processing /home/airflow/.local/lib/python3.12/site-packages/airflow/example_dags/example_sensor_decorator.py took 0.081 seconds
[2024-12-29T00:25:27.700+0000] {processor.py:186} INFO - Started process (PID=803) to work on /home/airflow/.local/lib/python3.12/site-packages/airflow/example_dags/example_sensor_decorator.py
[2024-12-29T00:25:27.702+0000] {processor.py:914} INFO - Processing file /home/airflow/.local/lib/python3.12/site-packages/airflow/example_dags/example_sensor_decorator.py for tasks to queue
[2024-12-29T00:25:27.705+0000] {logging_mixin.py:190} INFO - [2024-12-29T00:25:27.704+0000] {dagbag.py:588} INFO - Filling up the DagBag from /home/airflow/.local/lib/python3.12/site-packages/airflow/example_dags/example_sensor_decorator.py
[2024-12-29T00:25:27.712+0000] {processor.py:925} INFO - DAG(s) 'example_sensor_decorator' retrieved from /home/airflow/.local/lib/python3.12/site-packages/airflow/example_dags/example_sensor_decorator.py
[2024-12-29T00:25:27.737+0000] {logging_mixin.py:190} INFO - [2024-12-29T00:25:27.736+0000] {dag.py:3239} INFO - Sync 1 DAGs
[2024-12-29T00:25:27.751+0000] {logging_mixin.py:190} INFO - [2024-12-29T00:25:27.751+0000] {dag.py:4180} INFO - Setting next_dagrun for example_sensor_decorator to None, run_after=None
[2024-12-29T00:25:27.775+0000] {processor.py:208} INFO - Processing /home/airflow/.local/lib/python3.12/site-packages/airflow/example_dags/example_sensor_decorator.py took 0.080 seconds
[2024-12-29T00:25:57.953+0000] {processor.py:186} INFO - Started process (PID=868) to work on /home/airflow/.local/lib/python3.12/site-packages/airflow/example_dags/example_sensor_decorator.py
[2024-12-29T00:25:57.955+0000] {processor.py:914} INFO - Processing file /home/airflow/.local/lib/python3.12/site-packages/airflow/example_dags/example_sensor_decorator.py for tasks to queue
[2024-12-29T00:25:57.958+0000] {logging_mixin.py:190} INFO - [2024-12-29T00:25:57.957+0000] {dagbag.py:588} INFO - Filling up the DagBag from /home/airflow/.local/lib/python3.12/site-packages/airflow/example_dags/example_sensor_decorator.py
[2024-12-29T00:25:57.966+0000] {processor.py:925} INFO - DAG(s) 'example_sensor_decorator' retrieved from /home/airflow/.local/lib/python3.12/site-packages/airflow/example_dags/example_sensor_decorator.py
[2024-12-29T00:25:57.988+0000] {logging_mixin.py:190} INFO - [2024-12-29T00:25:57.988+0000] {dag.py:3239} INFO - Sync 1 DAGs
[2024-12-29T00:25:58.002+0000] {logging_mixin.py:190} INFO - [2024-12-29T00:25:58.002+0000] {dag.py:4180} INFO - Setting next_dagrun for example_sensor_decorator to None, run_after=None
[2024-12-29T00:25:58.022+0000] {processor.py:208} INFO - Processing /home/airflow/.local/lib/python3.12/site-packages/airflow/example_dags/example_sensor_decorator.py took 0.074 seconds
[2024-12-29T00:26:28.102+0000] {processor.py:186} INFO - Started process (PID=933) to work on /home/airflow/.local/lib/python3.12/site-packages/airflow/example_dags/example_sensor_decorator.py
[2024-12-29T00:26:28.103+0000] {processor.py:914} INFO - Processing file /home/airflow/.local/lib/python3.12/site-packages/airflow/example_dags/example_sensor_decorator.py for tasks to queue
[2024-12-29T00:26:28.106+0000] {logging_mixin.py:190} INFO - [2024-12-29T00:26:28.105+0000] {dagbag.py:588} INFO - Filling up the DagBag from /home/airflow/.local/lib/python3.12/site-packages/airflow/example_dags/example_sensor_decorator.py
[2024-12-29T00:26:28.115+0000] {processor.py:925} INFO - DAG(s) 'example_sensor_decorator' retrieved from /home/airflow/.local/lib/python3.12/site-packages/airflow/example_dags/example_sensor_decorator.py
[2024-12-29T00:26:28.144+0000] {logging_mixin.py:190} INFO - [2024-12-29T00:26:28.143+0000] {dag.py:3239} INFO - Sync 1 DAGs
[2024-12-29T00:26:28.162+0000] {logging_mixin.py:190} INFO - [2024-12-29T00:26:28.161+0000] {dag.py:4180} INFO - Setting next_dagrun for example_sensor_decorator to None, run_after=None
[2024-12-29T00:26:28.190+0000] {processor.py:208} INFO - Processing /home/airflow/.local/lib/python3.12/site-packages/airflow/example_dags/example_sensor_decorator.py took 0.094 seconds
[2024-12-29T00:26:58.559+0000] {processor.py:186} INFO - Started process (PID=998) to work on /home/airflow/.local/lib/python3.12/site-packages/airflow/example_dags/example_sensor_decorator.py
[2024-12-29T00:26:58.562+0000] {processor.py:914} INFO - Processing file /home/airflow/.local/lib/python3.12/site-packages/airflow/example_dags/example_sensor_decorator.py for tasks to queue
[2024-12-29T00:26:58.564+0000] {logging_mixin.py:190} INFO - [2024-12-29T00:26:58.564+0000] {dagbag.py:588} INFO - Filling up the DagBag from /home/airflow/.local/lib/python3.12/site-packages/airflow/example_dags/example_sensor_decorator.py
[2024-12-29T00:26:58.572+0000] {processor.py:925} INFO - DAG(s) 'example_sensor_decorator' retrieved from /home/airflow/.local/lib/python3.12/site-packages/airflow/example_dags/example_sensor_decorator.py
[2024-12-29T00:26:58.599+0000] {logging_mixin.py:190} INFO - [2024-12-29T00:26:58.599+0000] {dag.py:3239} INFO - Sync 1 DAGs
[2024-12-29T00:26:58.617+0000] {logging_mixin.py:190} INFO - [2024-12-29T00:26:58.617+0000] {dag.py:4180} INFO - Setting next_dagrun for example_sensor_decorator to None, run_after=None
[2024-12-29T00:26:58.643+0000] {processor.py:208} INFO - Processing /home/airflow/.local/lib/python3.12/site-packages/airflow/example_dags/example_sensor_decorator.py took 0.089 seconds
[2024-12-29T00:27:28.800+0000] {processor.py:186} INFO - Started process (PID=1063) to work on /home/airflow/.local/lib/python3.12/site-packages/airflow/example_dags/example_sensor_decorator.py
[2024-12-29T00:27:28.802+0000] {processor.py:914} INFO - Processing file /home/airflow/.local/lib/python3.12/site-packages/airflow/example_dags/example_sensor_decorator.py for tasks to queue
[2024-12-29T00:27:28.804+0000] {logging_mixin.py:190} INFO - [2024-12-29T00:27:28.804+0000] {dagbag.py:588} INFO - Filling up the DagBag from /home/airflow/.local/lib/python3.12/site-packages/airflow/example_dags/example_sensor_decorator.py
[2024-12-29T00:27:28.812+0000] {processor.py:925} INFO - DAG(s) 'example_sensor_decorator' retrieved from /home/airflow/.local/lib/python3.12/site-packages/airflow/example_dags/example_sensor_decorator.py
[2024-12-29T00:27:28.836+0000] {logging_mixin.py:190} INFO - [2024-12-29T00:27:28.836+0000] {dag.py:3239} INFO - Sync 1 DAGs
[2024-12-29T00:27:28.853+0000] {logging_mixin.py:190} INFO - [2024-12-29T00:27:28.852+0000] {dag.py:4180} INFO - Setting next_dagrun for example_sensor_decorator to None, run_after=None
[2024-12-29T00:27:28.879+0000] {processor.py:208} INFO - Processing /home/airflow/.local/lib/python3.12/site-packages/airflow/example_dags/example_sensor_decorator.py took 0.084 seconds
[2024-12-29T00:27:59.262+0000] {processor.py:186} INFO - Started process (PID=1128) to work on /home/airflow/.local/lib/python3.12/site-packages/airflow/example_dags/example_sensor_decorator.py
[2024-12-29T00:27:59.264+0000] {processor.py:914} INFO - Processing file /home/airflow/.local/lib/python3.12/site-packages/airflow/example_dags/example_sensor_decorator.py for tasks to queue
[2024-12-29T00:27:59.267+0000] {logging_mixin.py:190} INFO - [2024-12-29T00:27:59.267+0000] {dagbag.py:588} INFO - Filling up the DagBag from /home/airflow/.local/lib/python3.12/site-packages/airflow/example_dags/example_sensor_decorator.py
[2024-12-29T00:27:59.275+0000] {processor.py:925} INFO - DAG(s) 'example_sensor_decorator' retrieved from /home/airflow/.local/lib/python3.12/site-packages/airflow/example_dags/example_sensor_decorator.py
[2024-12-29T00:27:59.301+0000] {logging_mixin.py:190} INFO - [2024-12-29T00:27:59.301+0000] {dag.py:3239} INFO - Sync 1 DAGs
[2024-12-29T00:27:59.318+0000] {logging_mixin.py:190} INFO - [2024-12-29T00:27:59.318+0000] {dag.py:4180} INFO - Setting next_dagrun for example_sensor_decorator to None, run_after=None
[2024-12-29T00:27:59.344+0000] {processor.py:208} INFO - Processing /home/airflow/.local/lib/python3.12/site-packages/airflow/example_dags/example_sensor_decorator.py took 0.087 seconds
[2024-12-29T00:28:29.796+0000] {processor.py:186} INFO - Started process (PID=1194) to work on /home/airflow/.local/lib/python3.12/site-packages/airflow/example_dags/example_sensor_decorator.py
[2024-12-29T00:28:29.799+0000] {processor.py:914} INFO - Processing file /home/airflow/.local/lib/python3.12/site-packages/airflow/example_dags/example_sensor_decorator.py for tasks to queue
[2024-12-29T00:28:29.802+0000] {logging_mixin.py:190} INFO - [2024-12-29T00:28:29.802+0000] {dagbag.py:588} INFO - Filling up the DagBag from /home/airflow/.local/lib/python3.12/site-packages/airflow/example_dags/example_sensor_decorator.py
[2024-12-29T00:28:29.811+0000] {processor.py:925} INFO - DAG(s) 'example_sensor_decorator' retrieved from /home/airflow/.local/lib/python3.12/site-packages/airflow/example_dags/example_sensor_decorator.py
[2024-12-29T00:28:29.842+0000] {logging_mixin.py:190} INFO - [2024-12-29T00:28:29.842+0000] {dag.py:3239} INFO - Sync 1 DAGs
[2024-12-29T00:28:29.860+0000] {logging_mixin.py:190} INFO - [2024-12-29T00:28:29.860+0000] {dag.py:4180} INFO - Setting next_dagrun for example_sensor_decorator to None, run_after=None
[2024-12-29T00:28:29.888+0000] {processor.py:208} INFO - Processing /home/airflow/.local/lib/python3.12/site-packages/airflow/example_dags/example_sensor_decorator.py took 0.098 seconds
[2024-12-29T00:28:59.954+0000] {processor.py:186} INFO - Started process (PID=1259) to work on /home/airflow/.local/lib/python3.12/site-packages/airflow/example_dags/example_sensor_decorator.py
[2024-12-29T00:28:59.956+0000] {processor.py:914} INFO - Processing file /home/airflow/.local/lib/python3.12/site-packages/airflow/example_dags/example_sensor_decorator.py for tasks to queue
[2024-12-29T00:28:59.958+0000] {logging_mixin.py:190} INFO - [2024-12-29T00:28:59.958+0000] {dagbag.py:588} INFO - Filling up the DagBag from /home/airflow/.local/lib/python3.12/site-packages/airflow/example_dags/example_sensor_decorator.py
[2024-12-29T00:28:59.965+0000] {processor.py:925} INFO - DAG(s) 'example_sensor_decorator' retrieved from /home/airflow/.local/lib/python3.12/site-packages/airflow/example_dags/example_sensor_decorator.py
[2024-12-29T00:28:59.987+0000] {logging_mixin.py:190} INFO - [2024-12-29T00:28:59.987+0000] {dag.py:3239} INFO - Sync 1 DAGs
[2024-12-29T00:29:00.002+0000] {logging_mixin.py:190} INFO - [2024-12-29T00:29:00.002+0000] {dag.py:4180} INFO - Setting next_dagrun for example_sensor_decorator to None, run_after=None
[2024-12-29T00:29:00.035+0000] {processor.py:208} INFO - Processing /home/airflow/.local/lib/python3.12/site-packages/airflow/example_dags/example_sensor_decorator.py took 0.086 seconds
[2024-12-29T00:29:30.106+0000] {processor.py:186} INFO - Started process (PID=1323) to work on /home/airflow/.local/lib/python3.12/site-packages/airflow/example_dags/example_sensor_decorator.py
[2024-12-29T00:29:30.108+0000] {processor.py:914} INFO - Processing file /home/airflow/.local/lib/python3.12/site-packages/airflow/example_dags/example_sensor_decorator.py for tasks to queue
[2024-12-29T00:29:30.111+0000] {logging_mixin.py:190} INFO - [2024-12-29T00:29:30.110+0000] {dagbag.py:588} INFO - Filling up the DagBag from /home/airflow/.local/lib/python3.12/site-packages/airflow/example_dags/example_sensor_decorator.py
[2024-12-29T00:29:30.120+0000] {processor.py:925} INFO - DAG(s) 'example_sensor_decorator' retrieved from /home/airflow/.local/lib/python3.12/site-packages/airflow/example_dags/example_sensor_decorator.py
[2024-12-29T00:29:30.150+0000] {logging_mixin.py:190} INFO - [2024-12-29T00:29:30.150+0000] {dag.py:3239} INFO - Sync 1 DAGs
[2024-12-29T00:29:30.170+0000] {logging_mixin.py:190} INFO - [2024-12-29T00:29:30.170+0000] {dag.py:4180} INFO - Setting next_dagrun for example_sensor_decorator to None, run_after=None
[2024-12-29T00:29:30.201+0000] {processor.py:208} INFO - Processing /home/airflow/.local/lib/python3.12/site-packages/airflow/example_dags/example_sensor_decorator.py took 0.101 seconds
[2024-12-29T00:30:00.928+0000] {processor.py:186} INFO - Started process (PID=1388) to work on /home/airflow/.local/lib/python3.12/site-packages/airflow/example_dags/example_sensor_decorator.py
[2024-12-29T00:30:00.930+0000] {processor.py:914} INFO - Processing file /home/airflow/.local/lib/python3.12/site-packages/airflow/example_dags/example_sensor_decorator.py for tasks to queue
[2024-12-29T00:30:00.934+0000] {logging_mixin.py:190} INFO - [2024-12-29T00:30:00.933+0000] {dagbag.py:588} INFO - Filling up the DagBag from /home/airflow/.local/lib/python3.12/site-packages/airflow/example_dags/example_sensor_decorator.py
[2024-12-29T00:30:00.955+0000] {processor.py:925} INFO - DAG(s) 'example_sensor_decorator' retrieved from /home/airflow/.local/lib/python3.12/site-packages/airflow/example_dags/example_sensor_decorator.py
[2024-12-29T00:30:00.993+0000] {logging_mixin.py:190} INFO - [2024-12-29T00:30:00.992+0000] {dag.py:3239} INFO - Sync 1 DAGs
[2024-12-29T00:30:01.016+0000] {logging_mixin.py:190} INFO - [2024-12-29T00:30:01.016+0000] {dag.py:4180} INFO - Setting next_dagrun for example_sensor_decorator to None, run_after=None
[2024-12-29T00:30:01.056+0000] {processor.py:208} INFO - Processing /home/airflow/.local/lib/python3.12/site-packages/airflow/example_dags/example_sensor_decorator.py took 0.141 seconds
[2024-12-29T00:30:31.574+0000] {processor.py:186} INFO - Started process (PID=1453) to work on /home/airflow/.local/lib/python3.12/site-packages/airflow/example_dags/example_sensor_decorator.py
[2024-12-29T00:30:31.576+0000] {processor.py:914} INFO - Processing file /home/airflow/.local/lib/python3.12/site-packages/airflow/example_dags/example_sensor_decorator.py for tasks to queue
[2024-12-29T00:30:31.579+0000] {logging_mixin.py:190} INFO - [2024-12-29T00:30:31.578+0000] {dagbag.py:588} INFO - Filling up the DagBag from /home/airflow/.local/lib/python3.12/site-packages/airflow/example_dags/example_sensor_decorator.py
[2024-12-29T00:30:31.589+0000] {processor.py:925} INFO - DAG(s) 'example_sensor_decorator' retrieved from /home/airflow/.local/lib/python3.12/site-packages/airflow/example_dags/example_sensor_decorator.py
[2024-12-29T00:30:31.625+0000] {logging_mixin.py:190} INFO - [2024-12-29T00:30:31.625+0000] {dag.py:3239} INFO - Sync 1 DAGs
[2024-12-29T00:30:31.654+0000] {logging_mixin.py:190} INFO - [2024-12-29T00:30:31.653+0000] {dag.py:4180} INFO - Setting next_dagrun for example_sensor_decorator to None, run_after=None
[2024-12-29T00:30:31.680+0000] {processor.py:208} INFO - Processing /home/airflow/.local/lib/python3.12/site-packages/airflow/example_dags/example_sensor_decorator.py took 0.114 seconds
[2024-12-29T00:31:02.771+0000] {processor.py:186} INFO - Started process (PID=1518) to work on /home/airflow/.local/lib/python3.12/site-packages/airflow/example_dags/example_sensor_decorator.py
[2024-12-29T00:31:02.773+0000] {processor.py:914} INFO - Processing file /home/airflow/.local/lib/python3.12/site-packages/airflow/example_dags/example_sensor_decorator.py for tasks to queue
[2024-12-29T00:31:02.775+0000] {logging_mixin.py:190} INFO - [2024-12-29T00:31:02.775+0000] {dagbag.py:588} INFO - Filling up the DagBag from /home/airflow/.local/lib/python3.12/site-packages/airflow/example_dags/example_sensor_decorator.py
[2024-12-29T00:31:02.784+0000] {processor.py:925} INFO - DAG(s) 'example_sensor_decorator' retrieved from /home/airflow/.local/lib/python3.12/site-packages/airflow/example_dags/example_sensor_decorator.py
[2024-12-29T00:31:02.812+0000] {logging_mixin.py:190} INFO - [2024-12-29T00:31:02.811+0000] {dag.py:3239} INFO - Sync 1 DAGs
[2024-12-29T00:31:02.830+0000] {logging_mixin.py:190} INFO - [2024-12-29T00:31:02.830+0000] {dag.py:4180} INFO - Setting next_dagrun for example_sensor_decorator to None, run_after=None
[2024-12-29T00:31:02.857+0000] {processor.py:208} INFO - Processing /home/airflow/.local/lib/python3.12/site-packages/airflow/example_dags/example_sensor_decorator.py took 0.093 seconds
[2024-12-29T00:31:33.553+0000] {processor.py:186} INFO - Started process (PID=1584) to work on /home/airflow/.local/lib/python3.12/site-packages/airflow/example_dags/example_sensor_decorator.py
[2024-12-29T00:31:33.555+0000] {processor.py:914} INFO - Processing file /home/airflow/.local/lib/python3.12/site-packages/airflow/example_dags/example_sensor_decorator.py for tasks to queue
[2024-12-29T00:31:33.557+0000] {logging_mixin.py:190} INFO - [2024-12-29T00:31:33.557+0000] {dagbag.py:588} INFO - Filling up the DagBag from /home/airflow/.local/lib/python3.12/site-packages/airflow/example_dags/example_sensor_decorator.py
[2024-12-29T00:31:33.565+0000] {processor.py:925} INFO - DAG(s) 'example_sensor_decorator' retrieved from /home/airflow/.local/lib/python3.12/site-packages/airflow/example_dags/example_sensor_decorator.py
[2024-12-29T00:31:33.588+0000] {logging_mixin.py:190} INFO - [2024-12-29T00:31:33.588+0000] {dag.py:3239} INFO - Sync 1 DAGs
[2024-12-29T00:31:33.604+0000] {logging_mixin.py:190} INFO - [2024-12-29T00:31:33.603+0000] {dag.py:4180} INFO - Setting next_dagrun for example_sensor_decorator to None, run_after=None
[2024-12-29T00:31:33.628+0000] {processor.py:208} INFO - Processing /home/airflow/.local/lib/python3.12/site-packages/airflow/example_dags/example_sensor_decorator.py took 0.081 seconds
[2024-12-29T00:32:03.886+0000] {processor.py:186} INFO - Started process (PID=1638) to work on /home/airflow/.local/lib/python3.12/site-packages/airflow/example_dags/example_sensor_decorator.py
[2024-12-29T00:32:03.888+0000] {processor.py:914} INFO - Processing file /home/airflow/.local/lib/python3.12/site-packages/airflow/example_dags/example_sensor_decorator.py for tasks to queue
[2024-12-29T00:32:03.891+0000] {logging_mixin.py:190} INFO - [2024-12-29T00:32:03.890+0000] {dagbag.py:588} INFO - Filling up the DagBag from /home/airflow/.local/lib/python3.12/site-packages/airflow/example_dags/example_sensor_decorator.py
[2024-12-29T00:32:03.898+0000] {processor.py:925} INFO - DAG(s) 'example_sensor_decorator' retrieved from /home/airflow/.local/lib/python3.12/site-packages/airflow/example_dags/example_sensor_decorator.py
[2024-12-29T00:32:03.922+0000] {logging_mixin.py:190} INFO - [2024-12-29T00:32:03.922+0000] {dag.py:3239} INFO - Sync 1 DAGs
[2024-12-29T00:32:03.937+0000] {logging_mixin.py:190} INFO - [2024-12-29T00:32:03.936+0000] {dag.py:4180} INFO - Setting next_dagrun for example_sensor_decorator to None, run_after=None
[2024-12-29T00:32:03.963+0000] {processor.py:208} INFO - Processing /home/airflow/.local/lib/python3.12/site-packages/airflow/example_dags/example_sensor_decorator.py took 0.082 seconds
[2024-12-29T00:32:35.291+0000] {processor.py:186} INFO - Started process (PID=1697) to work on /home/airflow/.local/lib/python3.12/site-packages/airflow/example_dags/example_sensor_decorator.py
[2024-12-29T00:32:35.294+0000] {processor.py:914} INFO - Processing file /home/airflow/.local/lib/python3.12/site-packages/airflow/example_dags/example_sensor_decorator.py for tasks to queue
[2024-12-29T00:32:35.296+0000] {logging_mixin.py:190} INFO - [2024-12-29T00:32:35.296+0000] {dagbag.py:588} INFO - Filling up the DagBag from /home/airflow/.local/lib/python3.12/site-packages/airflow/example_dags/example_sensor_decorator.py
[2024-12-29T00:32:35.306+0000] {processor.py:925} INFO - DAG(s) 'example_sensor_decorator' retrieved from /home/airflow/.local/lib/python3.12/site-packages/airflow/example_dags/example_sensor_decorator.py
[2024-12-29T00:32:35.334+0000] {logging_mixin.py:190} INFO - [2024-12-29T00:32:35.333+0000] {dag.py:3239} INFO - Sync 1 DAGs
[2024-12-29T00:32:35.351+0000] {logging_mixin.py:190} INFO - [2024-12-29T00:32:35.350+0000] {dag.py:4180} INFO - Setting next_dagrun for example_sensor_decorator to None, run_after=None
[2024-12-29T00:32:35.380+0000] {processor.py:208} INFO - Processing /home/airflow/.local/lib/python3.12/site-packages/airflow/example_dags/example_sensor_decorator.py took 0.097 seconds
[2024-12-29T00:33:05.961+0000] {processor.py:186} INFO - Started process (PID=1756) to work on /home/airflow/.local/lib/python3.12/site-packages/airflow/example_dags/example_sensor_decorator.py
[2024-12-29T00:33:05.962+0000] {processor.py:914} INFO - Processing file /home/airflow/.local/lib/python3.12/site-packages/airflow/example_dags/example_sensor_decorator.py for tasks to queue
[2024-12-29T00:33:05.965+0000] {logging_mixin.py:190} INFO - [2024-12-29T00:33:05.965+0000] {dagbag.py:588} INFO - Filling up the DagBag from /home/airflow/.local/lib/python3.12/site-packages/airflow/example_dags/example_sensor_decorator.py
[2024-12-29T00:33:05.974+0000] {processor.py:925} INFO - DAG(s) 'example_sensor_decorator' retrieved from /home/airflow/.local/lib/python3.12/site-packages/airflow/example_dags/example_sensor_decorator.py
[2024-12-29T00:33:05.997+0000] {logging_mixin.py:190} INFO - [2024-12-29T00:33:05.997+0000] {dag.py:3239} INFO - Sync 1 DAGs
[2024-12-29T00:33:06.012+0000] {logging_mixin.py:190} INFO - [2024-12-29T00:33:06.011+0000] {dag.py:4180} INFO - Setting next_dagrun for example_sensor_decorator to None, run_after=None
[2024-12-29T00:33:06.039+0000] {processor.py:208} INFO - Processing /home/airflow/.local/lib/python3.12/site-packages/airflow/example_dags/example_sensor_decorator.py took 0.085 seconds
[2024-12-29T00:33:36.524+0000] {processor.py:186} INFO - Started process (PID=1818) to work on /home/airflow/.local/lib/python3.12/site-packages/airflow/example_dags/example_sensor_decorator.py
[2024-12-29T00:33:36.525+0000] {processor.py:914} INFO - Processing file /home/airflow/.local/lib/python3.12/site-packages/airflow/example_dags/example_sensor_decorator.py for tasks to queue
[2024-12-29T00:33:36.529+0000] {logging_mixin.py:190} INFO - [2024-12-29T00:33:36.528+0000] {dagbag.py:588} INFO - Filling up the DagBag from /home/airflow/.local/lib/python3.12/site-packages/airflow/example_dags/example_sensor_decorator.py
[2024-12-29T00:33:36.539+0000] {processor.py:925} INFO - DAG(s) 'example_sensor_decorator' retrieved from /home/airflow/.local/lib/python3.12/site-packages/airflow/example_dags/example_sensor_decorator.py
[2024-12-29T00:33:36.570+0000] {logging_mixin.py:190} INFO - [2024-12-29T00:33:36.569+0000] {dag.py:3239} INFO - Sync 1 DAGs
[2024-12-29T00:33:36.587+0000] {logging_mixin.py:190} INFO - [2024-12-29T00:33:36.586+0000] {dag.py:4180} INFO - Setting next_dagrun for example_sensor_decorator to None, run_after=None
[2024-12-29T00:33:36.616+0000] {processor.py:208} INFO - Processing /home/airflow/.local/lib/python3.12/site-packages/airflow/example_dags/example_sensor_decorator.py took 0.100 seconds
[2024-12-29T00:34:06.913+0000] {processor.py:186} INFO - Started process (PID=1883) to work on /home/airflow/.local/lib/python3.12/site-packages/airflow/example_dags/example_sensor_decorator.py
[2024-12-29T00:34:06.915+0000] {processor.py:914} INFO - Processing file /home/airflow/.local/lib/python3.12/site-packages/airflow/example_dags/example_sensor_decorator.py for tasks to queue
[2024-12-29T00:34:06.917+0000] {logging_mixin.py:190} INFO - [2024-12-29T00:34:06.917+0000] {dagbag.py:588} INFO - Filling up the DagBag from /home/airflow/.local/lib/python3.12/site-packages/airflow/example_dags/example_sensor_decorator.py
[2024-12-29T00:34:06.927+0000] {processor.py:925} INFO - DAG(s) 'example_sensor_decorator' retrieved from /home/airflow/.local/lib/python3.12/site-packages/airflow/example_dags/example_sensor_decorator.py
[2024-12-29T00:34:06.958+0000] {logging_mixin.py:190} INFO - [2024-12-29T00:34:06.957+0000] {dag.py:3239} INFO - Sync 1 DAGs
[2024-12-29T00:34:06.976+0000] {logging_mixin.py:190} INFO - [2024-12-29T00:34:06.975+0000] {dag.py:4180} INFO - Setting next_dagrun for example_sensor_decorator to None, run_after=None
[2024-12-29T00:34:07.006+0000] {processor.py:208} INFO - Processing /home/airflow/.local/lib/python3.12/site-packages/airflow/example_dags/example_sensor_decorator.py took 0.101 seconds
[2024-12-29T00:34:38.158+0000] {processor.py:186} INFO - Started process (PID=1948) to work on /home/airflow/.local/lib/python3.12/site-packages/airflow/example_dags/example_sensor_decorator.py
[2024-12-29T00:34:38.160+0000] {processor.py:914} INFO - Processing file /home/airflow/.local/lib/python3.12/site-packages/airflow/example_dags/example_sensor_decorator.py for tasks to queue
[2024-12-29T00:34:38.163+0000] {logging_mixin.py:190} INFO - [2024-12-29T00:34:38.163+0000] {dagbag.py:588} INFO - Filling up the DagBag from /home/airflow/.local/lib/python3.12/site-packages/airflow/example_dags/example_sensor_decorator.py
[2024-12-29T00:34:38.174+0000] {processor.py:925} INFO - DAG(s) 'example_sensor_decorator' retrieved from /home/airflow/.local/lib/python3.12/site-packages/airflow/example_dags/example_sensor_decorator.py
[2024-12-29T00:34:38.207+0000] {logging_mixin.py:190} INFO - [2024-12-29T00:34:38.207+0000] {dag.py:3239} INFO - Sync 1 DAGs
[2024-12-29T00:34:38.227+0000] {logging_mixin.py:190} INFO - [2024-12-29T00:34:38.227+0000] {dag.py:4180} INFO - Setting next_dagrun for example_sensor_decorator to None, run_after=None
[2024-12-29T00:34:38.259+0000] {processor.py:208} INFO - Processing /home/airflow/.local/lib/python3.12/site-packages/airflow/example_dags/example_sensor_decorator.py took 0.108 seconds
[2024-12-29T00:35:09.177+0000] {processor.py:186} INFO - Started process (PID=2013) to work on /home/airflow/.local/lib/python3.12/site-packages/airflow/example_dags/example_sensor_decorator.py
[2024-12-29T00:35:09.179+0000] {processor.py:914} INFO - Processing file /home/airflow/.local/lib/python3.12/site-packages/airflow/example_dags/example_sensor_decorator.py for tasks to queue
[2024-12-29T00:35:09.182+0000] {logging_mixin.py:190} INFO - [2024-12-29T00:35:09.182+0000] {dagbag.py:588} INFO - Filling up the DagBag from /home/airflow/.local/lib/python3.12/site-packages/airflow/example_dags/example_sensor_decorator.py
[2024-12-29T00:35:09.191+0000] {processor.py:925} INFO - DAG(s) 'example_sensor_decorator' retrieved from /home/airflow/.local/lib/python3.12/site-packages/airflow/example_dags/example_sensor_decorator.py
[2024-12-29T00:35:09.220+0000] {logging_mixin.py:190} INFO - [2024-12-29T00:35:09.220+0000] {dag.py:3239} INFO - Sync 1 DAGs
[2024-12-29T00:35:09.240+0000] {logging_mixin.py:190} INFO - [2024-12-29T00:35:09.240+0000] {dag.py:4180} INFO - Setting next_dagrun for example_sensor_decorator to None, run_after=None
[2024-12-29T00:35:09.271+0000] {processor.py:208} INFO - Processing /home/airflow/.local/lib/python3.12/site-packages/airflow/example_dags/example_sensor_decorator.py took 0.101 seconds
[2024-12-29T00:35:39.709+0000] {processor.py:186} INFO - Started process (PID=2076) to work on /home/airflow/.local/lib/python3.12/site-packages/airflow/example_dags/example_sensor_decorator.py
[2024-12-29T00:35:39.710+0000] {processor.py:914} INFO - Processing file /home/airflow/.local/lib/python3.12/site-packages/airflow/example_dags/example_sensor_decorator.py for tasks to queue
[2024-12-29T00:35:39.713+0000] {logging_mixin.py:190} INFO - [2024-12-29T00:35:39.713+0000] {dagbag.py:588} INFO - Filling up the DagBag from /home/airflow/.local/lib/python3.12/site-packages/airflow/example_dags/example_sensor_decorator.py
[2024-12-29T00:35:39.721+0000] {processor.py:925} INFO - DAG(s) 'example_sensor_decorator' retrieved from /home/airflow/.local/lib/python3.12/site-packages/airflow/example_dags/example_sensor_decorator.py
[2024-12-29T00:35:39.746+0000] {logging_mixin.py:190} INFO - [2024-12-29T00:35:39.746+0000] {dag.py:3239} INFO - Sync 1 DAGs
[2024-12-29T00:35:39.762+0000] {logging_mixin.py:190} INFO - [2024-12-29T00:35:39.762+0000] {dag.py:4180} INFO - Setting next_dagrun for example_sensor_decorator to None, run_after=None
[2024-12-29T00:35:39.787+0000] {processor.py:208} INFO - Processing /home/airflow/.local/lib/python3.12/site-packages/airflow/example_dags/example_sensor_decorator.py took 0.084 seconds
[2024-12-29T00:36:10.477+0000] {processor.py:186} INFO - Started process (PID=2146) to work on /home/airflow/.local/lib/python3.12/site-packages/airflow/example_dags/example_sensor_decorator.py
[2024-12-29T00:36:10.479+0000] {processor.py:914} INFO - Processing file /home/airflow/.local/lib/python3.12/site-packages/airflow/example_dags/example_sensor_decorator.py for tasks to queue
[2024-12-29T00:36:10.482+0000] {logging_mixin.py:190} INFO - [2024-12-29T00:36:10.481+0000] {dagbag.py:588} INFO - Filling up the DagBag from /home/airflow/.local/lib/python3.12/site-packages/airflow/example_dags/example_sensor_decorator.py
[2024-12-29T00:36:10.492+0000] {processor.py:925} INFO - DAG(s) 'example_sensor_decorator' retrieved from /home/airflow/.local/lib/python3.12/site-packages/airflow/example_dags/example_sensor_decorator.py
[2024-12-29T00:36:10.521+0000] {logging_mixin.py:190} INFO - [2024-12-29T00:36:10.521+0000] {dag.py:3239} INFO - Sync 1 DAGs
[2024-12-29T00:36:10.539+0000] {logging_mixin.py:190} INFO - [2024-12-29T00:36:10.539+0000] {dag.py:4180} INFO - Setting next_dagrun for example_sensor_decorator to None, run_after=None
[2024-12-29T00:36:10.570+0000] {processor.py:208} INFO - Processing /home/airflow/.local/lib/python3.12/site-packages/airflow/example_dags/example_sensor_decorator.py took 0.101 seconds
[2024-12-29T00:36:40.871+0000] {processor.py:186} INFO - Started process (PID=2212) to work on /home/airflow/.local/lib/python3.12/site-packages/airflow/example_dags/example_sensor_decorator.py
[2024-12-29T00:36:40.873+0000] {processor.py:914} INFO - Processing file /home/airflow/.local/lib/python3.12/site-packages/airflow/example_dags/example_sensor_decorator.py for tasks to queue
[2024-12-29T00:36:40.876+0000] {logging_mixin.py:190} INFO - [2024-12-29T00:36:40.875+0000] {dagbag.py:588} INFO - Filling up the DagBag from /home/airflow/.local/lib/python3.12/site-packages/airflow/example_dags/example_sensor_decorator.py
[2024-12-29T00:36:40.886+0000] {processor.py:925} INFO - DAG(s) 'example_sensor_decorator' retrieved from /home/airflow/.local/lib/python3.12/site-packages/airflow/example_dags/example_sensor_decorator.py
[2024-12-29T00:36:40.917+0000] {logging_mixin.py:190} INFO - [2024-12-29T00:36:40.917+0000] {dag.py:3239} INFO - Sync 1 DAGs
[2024-12-29T00:36:40.944+0000] {logging_mixin.py:190} INFO - [2024-12-29T00:36:40.944+0000] {dag.py:4180} INFO - Setting next_dagrun for example_sensor_decorator to None, run_after=None
[2024-12-29T00:36:40.974+0000] {processor.py:208} INFO - Processing /home/airflow/.local/lib/python3.12/site-packages/airflow/example_dags/example_sensor_decorator.py took 0.110 seconds
[2024-12-29T00:37:11.024+0000] {processor.py:186} INFO - Started process (PID=2277) to work on /home/airflow/.local/lib/python3.12/site-packages/airflow/example_dags/example_sensor_decorator.py
[2024-12-29T00:37:11.026+0000] {processor.py:914} INFO - Processing file /home/airflow/.local/lib/python3.12/site-packages/airflow/example_dags/example_sensor_decorator.py for tasks to queue
[2024-12-29T00:37:11.028+0000] {logging_mixin.py:190} INFO - [2024-12-29T00:37:11.028+0000] {dagbag.py:588} INFO - Filling up the DagBag from /home/airflow/.local/lib/python3.12/site-packages/airflow/example_dags/example_sensor_decorator.py
[2024-12-29T00:37:11.036+0000] {processor.py:925} INFO - DAG(s) 'example_sensor_decorator' retrieved from /home/airflow/.local/lib/python3.12/site-packages/airflow/example_dags/example_sensor_decorator.py
[2024-12-29T00:37:11.061+0000] {logging_mixin.py:190} INFO - [2024-12-29T00:37:11.060+0000] {dag.py:3239} INFO - Sync 1 DAGs
[2024-12-29T00:37:11.075+0000] {logging_mixin.py:190} INFO - [2024-12-29T00:37:11.074+0000] {dag.py:4180} INFO - Setting next_dagrun for example_sensor_decorator to None, run_after=None
[2024-12-29T00:37:11.098+0000] {processor.py:208} INFO - Processing /home/airflow/.local/lib/python3.12/site-packages/airflow/example_dags/example_sensor_decorator.py took 0.081 seconds
[2024-12-29T00:37:41.329+0000] {processor.py:186} INFO - Started process (PID=2342) to work on /home/airflow/.local/lib/python3.12/site-packages/airflow/example_dags/example_sensor_decorator.py
[2024-12-29T00:37:41.331+0000] {processor.py:914} INFO - Processing file /home/airflow/.local/lib/python3.12/site-packages/airflow/example_dags/example_sensor_decorator.py for tasks to queue
[2024-12-29T00:37:41.334+0000] {logging_mixin.py:190} INFO - [2024-12-29T00:37:41.334+0000] {dagbag.py:588} INFO - Filling up the DagBag from /home/airflow/.local/lib/python3.12/site-packages/airflow/example_dags/example_sensor_decorator.py
[2024-12-29T00:37:41.345+0000] {processor.py:925} INFO - DAG(s) 'example_sensor_decorator' retrieved from /home/airflow/.local/lib/python3.12/site-packages/airflow/example_dags/example_sensor_decorator.py
[2024-12-29T00:37:41.376+0000] {logging_mixin.py:190} INFO - [2024-12-29T00:37:41.376+0000] {dag.py:3239} INFO - Sync 1 DAGs
[2024-12-29T00:37:41.397+0000] {logging_mixin.py:190} INFO - [2024-12-29T00:37:41.396+0000] {dag.py:4180} INFO - Setting next_dagrun for example_sensor_decorator to None, run_after=None
[2024-12-29T00:37:41.430+0000] {processor.py:208} INFO - Processing /home/airflow/.local/lib/python3.12/site-packages/airflow/example_dags/example_sensor_decorator.py took 0.107 seconds
[2024-12-29T00:38:12.104+0000] {processor.py:186} INFO - Started process (PID=2407) to work on /home/airflow/.local/lib/python3.12/site-packages/airflow/example_dags/example_sensor_decorator.py
[2024-12-29T00:38:12.107+0000] {processor.py:914} INFO - Processing file /home/airflow/.local/lib/python3.12/site-packages/airflow/example_dags/example_sensor_decorator.py for tasks to queue
[2024-12-29T00:38:12.112+0000] {logging_mixin.py:190} INFO - [2024-12-29T00:38:12.111+0000] {dagbag.py:588} INFO - Filling up the DagBag from /home/airflow/.local/lib/python3.12/site-packages/airflow/example_dags/example_sensor_decorator.py
[2024-12-29T00:38:12.127+0000] {processor.py:925} INFO - DAG(s) 'example_sensor_decorator' retrieved from /home/airflow/.local/lib/python3.12/site-packages/airflow/example_dags/example_sensor_decorator.py
[2024-12-29T00:38:12.163+0000] {logging_mixin.py:190} INFO - [2024-12-29T00:38:12.163+0000] {dag.py:3239} INFO - Sync 1 DAGs
[2024-12-29T00:38:12.189+0000] {logging_mixin.py:190} INFO - [2024-12-29T00:38:12.189+0000] {dag.py:4180} INFO - Setting next_dagrun for example_sensor_decorator to None, run_after=None
[2024-12-29T00:38:12.229+0000] {processor.py:208} INFO - Processing /home/airflow/.local/lib/python3.12/site-packages/airflow/example_dags/example_sensor_decorator.py took 0.133 seconds
