[2024-12-29T00:03:55.839+0000] {processor.py:186} INFO - Started process (PID=114) to work on /home/airflow/.local/lib/python3.12/site-packages/airflow/example_dags/example_latest_only_with_trigger.py
[2024-12-29T00:03:55.840+0000] {processor.py:914} INFO - Processing file /home/airflow/.local/lib/python3.12/site-packages/airflow/example_dags/example_latest_only_with_trigger.py for tasks to queue
[2024-12-29T00:03:55.843+0000] {logging_mixin.py:190} INFO - [2024-12-29T00:03:55.843+0000] {dagbag.py:588} INFO - Filling up the DagBag from /home/airflow/.local/lib/python3.12/site-packages/airflow/example_dags/example_latest_only_with_trigger.py
[2024-12-29T00:03:55.858+0000] {processor.py:925} INFO - DAG(s) 'latest_only_with_trigger' retrieved from /home/airflow/.local/lib/python3.12/site-packages/airflow/example_dags/example_latest_only_with_trigger.py
[2024-12-29T00:03:56.028+0000] {logging_mixin.py:190} INFO - [2024-12-29T00:03:56.027+0000] {override.py:1911} INFO - Created Permission View: can read on DAG:latest_only_with_trigger
[2024-12-29T00:03:56.048+0000] {logging_mixin.py:190} INFO - [2024-12-29T00:03:56.048+0000] {override.py:1911} INFO - Created Permission View: can edit on DAG:latest_only_with_trigger
[2024-12-29T00:03:56.063+0000] {logging_mixin.py:190} INFO - [2024-12-29T00:03:56.062+0000] {override.py:1911} INFO - Created Permission View: can delete on DAG:latest_only_with_trigger
[2024-12-29T00:03:56.080+0000] {logging_mixin.py:190} INFO - [2024-12-29T00:03:56.079+0000] {override.py:1911} INFO - Created Permission View: can create on DAG Run:latest_only_with_trigger
[2024-12-29T00:03:56.095+0000] {logging_mixin.py:190} INFO - [2024-12-29T00:03:56.094+0000] {override.py:1911} INFO - Created Permission View: can read on DAG Run:latest_only_with_trigger
[2024-12-29T00:03:56.108+0000] {logging_mixin.py:190} INFO - [2024-12-29T00:03:56.107+0000] {override.py:1911} INFO - Created Permission View: can delete on DAG Run:latest_only_with_trigger
[2024-12-29T00:03:56.122+0000] {logging_mixin.py:190} INFO - [2024-12-29T00:03:56.122+0000] {override.py:1911} INFO - Created Permission View: menu access on DAG Run:latest_only_with_trigger
[2024-12-29T00:03:56.123+0000] {logging_mixin.py:190} INFO - [2024-12-29T00:03:56.122+0000] {dag.py:3239} INFO - Sync 1 DAGs
[2024-12-29T00:03:56.145+0000] {logging_mixin.py:190} INFO - [2024-12-29T00:03:56.145+0000] {dag.py:3262} INFO - Creating ORM DAG for latest_only_with_trigger
[2024-12-29T00:03:56.163+0000] {logging_mixin.py:190} INFO - [2024-12-29T00:03:56.163+0000] {dag.py:4180} INFO - Setting next_dagrun for latest_only_with_trigger to 2024-12-28 20:00:00+00:00, run_after=2024-12-29 00:00:00+00:00
[2024-12-29T00:03:56.198+0000] {processor.py:208} INFO - Processing /home/airflow/.local/lib/python3.12/site-packages/airflow/example_dags/example_latest_only_with_trigger.py took 0.368 seconds
[2024-12-29T00:04:27.135+0000] {processor.py:186} INFO - Started process (PID=178) to work on /home/airflow/.local/lib/python3.12/site-packages/airflow/example_dags/example_latest_only_with_trigger.py
[2024-12-29T00:04:27.136+0000] {processor.py:914} INFO - Processing file /home/airflow/.local/lib/python3.12/site-packages/airflow/example_dags/example_latest_only_with_trigger.py for tasks to queue
[2024-12-29T00:04:27.139+0000] {logging_mixin.py:190} INFO - [2024-12-29T00:04:27.138+0000] {dagbag.py:588} INFO - Filling up the DagBag from /home/airflow/.local/lib/python3.12/site-packages/airflow/example_dags/example_latest_only_with_trigger.py
[2024-12-29T00:04:27.146+0000] {processor.py:925} INFO - DAG(s) 'latest_only_with_trigger' retrieved from /home/airflow/.local/lib/python3.12/site-packages/airflow/example_dags/example_latest_only_with_trigger.py
[2024-12-29T00:04:27.171+0000] {logging_mixin.py:190} INFO - [2024-12-29T00:04:27.170+0000] {dag.py:3239} INFO - Sync 1 DAGs
[2024-12-29T00:04:27.198+0000] {logging_mixin.py:190} INFO - [2024-12-29T00:04:27.198+0000] {dag.py:4180} INFO - Setting next_dagrun for latest_only_with_trigger to 2024-12-28 20:00:00+00:00, run_after=2024-12-29 00:00:00+00:00
[2024-12-29T00:04:27.225+0000] {processor.py:208} INFO - Processing /home/airflow/.local/lib/python3.12/site-packages/airflow/example_dags/example_latest_only_with_trigger.py took 0.095 seconds
[2024-12-29T00:04:57.917+0000] {processor.py:186} INFO - Started process (PID=242) to work on /home/airflow/.local/lib/python3.12/site-packages/airflow/example_dags/example_latest_only_with_trigger.py
[2024-12-29T00:04:57.918+0000] {processor.py:914} INFO - Processing file /home/airflow/.local/lib/python3.12/site-packages/airflow/example_dags/example_latest_only_with_trigger.py for tasks to queue
[2024-12-29T00:04:57.920+0000] {logging_mixin.py:190} INFO - [2024-12-29T00:04:57.920+0000] {dagbag.py:588} INFO - Filling up the DagBag from /home/airflow/.local/lib/python3.12/site-packages/airflow/example_dags/example_latest_only_with_trigger.py
[2024-12-29T00:04:57.928+0000] {processor.py:925} INFO - DAG(s) 'latest_only_with_trigger' retrieved from /home/airflow/.local/lib/python3.12/site-packages/airflow/example_dags/example_latest_only_with_trigger.py
[2024-12-29T00:04:57.952+0000] {logging_mixin.py:190} INFO - [2024-12-29T00:04:57.952+0000] {dag.py:3239} INFO - Sync 1 DAGs
[2024-12-29T00:04:57.979+0000] {logging_mixin.py:190} INFO - [2024-12-29T00:04:57.979+0000] {dag.py:4180} INFO - Setting next_dagrun for latest_only_with_trigger to 2024-12-28 20:00:00+00:00, run_after=2024-12-29 00:00:00+00:00
[2024-12-29T00:04:58.003+0000] {processor.py:208} INFO - Processing /home/airflow/.local/lib/python3.12/site-packages/airflow/example_dags/example_latest_only_with_trigger.py took 0.092 seconds
[2024-12-29T00:05:28.570+0000] {processor.py:186} INFO - Started process (PID=306) to work on /home/airflow/.local/lib/python3.12/site-packages/airflow/example_dags/example_latest_only_with_trigger.py
[2024-12-29T00:05:28.571+0000] {processor.py:914} INFO - Processing file /home/airflow/.local/lib/python3.12/site-packages/airflow/example_dags/example_latest_only_with_trigger.py for tasks to queue
[2024-12-29T00:05:28.574+0000] {logging_mixin.py:190} INFO - [2024-12-29T00:05:28.573+0000] {dagbag.py:588} INFO - Filling up the DagBag from /home/airflow/.local/lib/python3.12/site-packages/airflow/example_dags/example_latest_only_with_trigger.py
[2024-12-29T00:05:28.583+0000] {processor.py:925} INFO - DAG(s) 'latest_only_with_trigger' retrieved from /home/airflow/.local/lib/python3.12/site-packages/airflow/example_dags/example_latest_only_with_trigger.py
[2024-12-29T00:05:28.613+0000] {logging_mixin.py:190} INFO - [2024-12-29T00:05:28.612+0000] {dag.py:3239} INFO - Sync 1 DAGs
[2024-12-29T00:05:28.645+0000] {logging_mixin.py:190} INFO - [2024-12-29T00:05:28.644+0000] {dag.py:4180} INFO - Setting next_dagrun for latest_only_with_trigger to 2024-12-28 20:00:00+00:00, run_after=2024-12-29 00:00:00+00:00
[2024-12-29T00:05:28.675+0000] {processor.py:208} INFO - Processing /home/airflow/.local/lib/python3.12/site-packages/airflow/example_dags/example_latest_only_with_trigger.py took 0.112 seconds
[2024-12-29T00:05:58.898+0000] {processor.py:186} INFO - Started process (PID=370) to work on /home/airflow/.local/lib/python3.12/site-packages/airflow/example_dags/example_latest_only_with_trigger.py
[2024-12-29T00:05:58.900+0000] {processor.py:914} INFO - Processing file /home/airflow/.local/lib/python3.12/site-packages/airflow/example_dags/example_latest_only_with_trigger.py for tasks to queue
[2024-12-29T00:05:58.903+0000] {logging_mixin.py:190} INFO - [2024-12-29T00:05:58.902+0000] {dagbag.py:588} INFO - Filling up the DagBag from /home/airflow/.local/lib/python3.12/site-packages/airflow/example_dags/example_latest_only_with_trigger.py
[2024-12-29T00:05:58.913+0000] {processor.py:925} INFO - DAG(s) 'latest_only_with_trigger' retrieved from /home/airflow/.local/lib/python3.12/site-packages/airflow/example_dags/example_latest_only_with_trigger.py
[2024-12-29T00:05:58.943+0000] {logging_mixin.py:190} INFO - [2024-12-29T00:05:58.943+0000] {dag.py:3239} INFO - Sync 1 DAGs
[2024-12-29T00:05:58.975+0000] {logging_mixin.py:190} INFO - [2024-12-29T00:05:58.975+0000] {dag.py:4180} INFO - Setting next_dagrun for latest_only_with_trigger to 2024-12-28 20:00:00+00:00, run_after=2024-12-29 00:00:00+00:00
[2024-12-29T00:05:59.005+0000] {processor.py:208} INFO - Processing /home/airflow/.local/lib/python3.12/site-packages/airflow/example_dags/example_latest_only_with_trigger.py took 0.114 seconds
[2024-12-29T00:06:29.255+0000] {processor.py:186} INFO - Started process (PID=434) to work on /home/airflow/.local/lib/python3.12/site-packages/airflow/example_dags/example_latest_only_with_trigger.py
[2024-12-29T00:06:29.257+0000] {processor.py:914} INFO - Processing file /home/airflow/.local/lib/python3.12/site-packages/airflow/example_dags/example_latest_only_with_trigger.py for tasks to queue
[2024-12-29T00:06:29.260+0000] {logging_mixin.py:190} INFO - [2024-12-29T00:06:29.259+0000] {dagbag.py:588} INFO - Filling up the DagBag from /home/airflow/.local/lib/python3.12/site-packages/airflow/example_dags/example_latest_only_with_trigger.py
[2024-12-29T00:06:29.269+0000] {processor.py:925} INFO - DAG(s) 'latest_only_with_trigger' retrieved from /home/airflow/.local/lib/python3.12/site-packages/airflow/example_dags/example_latest_only_with_trigger.py
[2024-12-29T00:06:29.302+0000] {logging_mixin.py:190} INFO - [2024-12-29T00:06:29.302+0000] {dag.py:3239} INFO - Sync 1 DAGs
[2024-12-29T00:06:29.334+0000] {logging_mixin.py:190} INFO - [2024-12-29T00:06:29.333+0000] {dag.py:4180} INFO - Setting next_dagrun for latest_only_with_trigger to 2024-12-28 20:00:00+00:00, run_after=2024-12-29 00:00:00+00:00
[2024-12-29T00:06:29.364+0000] {processor.py:208} INFO - Processing /home/airflow/.local/lib/python3.12/site-packages/airflow/example_dags/example_latest_only_with_trigger.py took 0.116 seconds
[2024-12-29T00:06:59.997+0000] {processor.py:186} INFO - Started process (PID=498) to work on /home/airflow/.local/lib/python3.12/site-packages/airflow/example_dags/example_latest_only_with_trigger.py
[2024-12-29T00:07:00.016+0000] {processor.py:914} INFO - Processing file /home/airflow/.local/lib/python3.12/site-packages/airflow/example_dags/example_latest_only_with_trigger.py for tasks to queue
[2024-12-29T00:07:00.020+0000] {logging_mixin.py:190} INFO - [2024-12-29T00:07:00.019+0000] {dagbag.py:588} INFO - Filling up the DagBag from /home/airflow/.local/lib/python3.12/site-packages/airflow/example_dags/example_latest_only_with_trigger.py
[2024-12-29T00:07:00.032+0000] {processor.py:925} INFO - DAG(s) 'latest_only_with_trigger' retrieved from /home/airflow/.local/lib/python3.12/site-packages/airflow/example_dags/example_latest_only_with_trigger.py
[2024-12-29T00:07:00.063+0000] {logging_mixin.py:190} INFO - [2024-12-29T00:07:00.062+0000] {dag.py:3239} INFO - Sync 1 DAGs
[2024-12-29T00:07:00.098+0000] {logging_mixin.py:190} INFO - [2024-12-29T00:07:00.098+0000] {dag.py:4180} INFO - Setting next_dagrun for latest_only_with_trigger to 2024-12-28 20:00:00+00:00, run_after=2024-12-29 00:00:00+00:00
[2024-12-29T00:07:00.145+0000] {processor.py:208} INFO - Processing /home/airflow/.local/lib/python3.12/site-packages/airflow/example_dags/example_latest_only_with_trigger.py took 0.154 seconds
[2024-12-29T00:07:30.624+0000] {processor.py:186} INFO - Started process (PID=562) to work on /home/airflow/.local/lib/python3.12/site-packages/airflow/example_dags/example_latest_only_with_trigger.py
[2024-12-29T00:07:30.626+0000] {processor.py:914} INFO - Processing file /home/airflow/.local/lib/python3.12/site-packages/airflow/example_dags/example_latest_only_with_trigger.py for tasks to queue
[2024-12-29T00:07:30.629+0000] {logging_mixin.py:190} INFO - [2024-12-29T00:07:30.628+0000] {dagbag.py:588} INFO - Filling up the DagBag from /home/airflow/.local/lib/python3.12/site-packages/airflow/example_dags/example_latest_only_with_trigger.py
[2024-12-29T00:07:30.638+0000] {processor.py:925} INFO - DAG(s) 'latest_only_with_trigger' retrieved from /home/airflow/.local/lib/python3.12/site-packages/airflow/example_dags/example_latest_only_with_trigger.py
[2024-12-29T00:07:30.671+0000] {logging_mixin.py:190} INFO - [2024-12-29T00:07:30.671+0000] {dag.py:3239} INFO - Sync 1 DAGs
[2024-12-29T00:07:30.721+0000] {logging_mixin.py:190} INFO - [2024-12-29T00:07:30.720+0000] {dag.py:4180} INFO - Setting next_dagrun for latest_only_with_trigger to 2024-12-28 20:00:00+00:00, run_after=2024-12-29 00:00:00+00:00
[2024-12-29T00:07:30.754+0000] {processor.py:208} INFO - Processing /home/airflow/.local/lib/python3.12/site-packages/airflow/example_dags/example_latest_only_with_trigger.py took 0.138 seconds
[2024-12-29T00:08:01.110+0000] {processor.py:186} INFO - Started process (PID=626) to work on /home/airflow/.local/lib/python3.12/site-packages/airflow/example_dags/example_latest_only_with_trigger.py
[2024-12-29T00:08:01.112+0000] {processor.py:914} INFO - Processing file /home/airflow/.local/lib/python3.12/site-packages/airflow/example_dags/example_latest_only_with_trigger.py for tasks to queue
[2024-12-29T00:08:01.116+0000] {logging_mixin.py:190} INFO - [2024-12-29T00:08:01.116+0000] {dagbag.py:588} INFO - Filling up the DagBag from /home/airflow/.local/lib/python3.12/site-packages/airflow/example_dags/example_latest_only_with_trigger.py
[2024-12-29T00:08:01.130+0000] {processor.py:925} INFO - DAG(s) 'latest_only_with_trigger' retrieved from /home/airflow/.local/lib/python3.12/site-packages/airflow/example_dags/example_latest_only_with_trigger.py
[2024-12-29T00:08:01.165+0000] {logging_mixin.py:190} INFO - [2024-12-29T00:08:01.165+0000] {dag.py:3239} INFO - Sync 1 DAGs
[2024-12-29T00:08:01.203+0000] {logging_mixin.py:190} INFO - [2024-12-29T00:08:01.202+0000] {dag.py:4180} INFO - Setting next_dagrun for latest_only_with_trigger to 2024-12-28 20:00:00+00:00, run_after=2024-12-29 00:00:00+00:00
[2024-12-29T00:08:01.231+0000] {processor.py:208} INFO - Processing /home/airflow/.local/lib/python3.12/site-packages/airflow/example_dags/example_latest_only_with_trigger.py took 0.132 seconds
[2024-12-29T00:08:31.404+0000] {processor.py:186} INFO - Started process (PID=689) to work on /home/airflow/.local/lib/python3.12/site-packages/airflow/example_dags/example_latest_only_with_trigger.py
[2024-12-29T00:08:31.405+0000] {processor.py:914} INFO - Processing file /home/airflow/.local/lib/python3.12/site-packages/airflow/example_dags/example_latest_only_with_trigger.py for tasks to queue
[2024-12-29T00:08:31.409+0000] {logging_mixin.py:190} INFO - [2024-12-29T00:08:31.408+0000] {dagbag.py:588} INFO - Filling up the DagBag from /home/airflow/.local/lib/python3.12/site-packages/airflow/example_dags/example_latest_only_with_trigger.py
[2024-12-29T00:08:31.421+0000] {processor.py:925} INFO - DAG(s) 'latest_only_with_trigger' retrieved from /home/airflow/.local/lib/python3.12/site-packages/airflow/example_dags/example_latest_only_with_trigger.py
[2024-12-29T00:08:31.457+0000] {logging_mixin.py:190} INFO - [2024-12-29T00:08:31.457+0000] {dag.py:3239} INFO - Sync 1 DAGs
[2024-12-29T00:08:31.496+0000] {logging_mixin.py:190} INFO - [2024-12-29T00:08:31.496+0000] {dag.py:4180} INFO - Setting next_dagrun for latest_only_with_trigger to 2024-12-28 20:00:00+00:00, run_after=2024-12-29 00:00:00+00:00
[2024-12-29T00:08:31.528+0000] {processor.py:208} INFO - Processing /home/airflow/.local/lib/python3.12/site-packages/airflow/example_dags/example_latest_only_with_trigger.py took 0.136 seconds
[2024-12-29T00:09:02.221+0000] {processor.py:186} INFO - Started process (PID=753) to work on /home/airflow/.local/lib/python3.12/site-packages/airflow/example_dags/example_latest_only_with_trigger.py
[2024-12-29T00:09:02.223+0000] {processor.py:914} INFO - Processing file /home/airflow/.local/lib/python3.12/site-packages/airflow/example_dags/example_latest_only_with_trigger.py for tasks to queue
[2024-12-29T00:09:02.225+0000] {logging_mixin.py:190} INFO - [2024-12-29T00:09:02.224+0000] {dagbag.py:588} INFO - Filling up the DagBag from /home/airflow/.local/lib/python3.12/site-packages/airflow/example_dags/example_latest_only_with_trigger.py
[2024-12-29T00:09:02.233+0000] {processor.py:925} INFO - DAG(s) 'latest_only_with_trigger' retrieved from /home/airflow/.local/lib/python3.12/site-packages/airflow/example_dags/example_latest_only_with_trigger.py
[2024-12-29T00:09:02.257+0000] {logging_mixin.py:190} INFO - [2024-12-29T00:09:02.257+0000] {dag.py:3239} INFO - Sync 1 DAGs
[2024-12-29T00:09:02.283+0000] {logging_mixin.py:190} INFO - [2024-12-29T00:09:02.283+0000] {dag.py:4180} INFO - Setting next_dagrun for latest_only_with_trigger to 2024-12-28 20:00:00+00:00, run_after=2024-12-29 00:00:00+00:00
[2024-12-29T00:09:02.307+0000] {processor.py:208} INFO - Processing /home/airflow/.local/lib/python3.12/site-packages/airflow/example_dags/example_latest_only_with_trigger.py took 0.092 seconds
[2024-12-29T00:09:33.452+0000] {processor.py:186} INFO - Started process (PID=817) to work on /home/airflow/.local/lib/python3.12/site-packages/airflow/example_dags/example_latest_only_with_trigger.py
[2024-12-29T00:09:33.453+0000] {processor.py:914} INFO - Processing file /home/airflow/.local/lib/python3.12/site-packages/airflow/example_dags/example_latest_only_with_trigger.py for tasks to queue
[2024-12-29T00:09:33.456+0000] {logging_mixin.py:190} INFO - [2024-12-29T00:09:33.456+0000] {dagbag.py:588} INFO - Filling up the DagBag from /home/airflow/.local/lib/python3.12/site-packages/airflow/example_dags/example_latest_only_with_trigger.py
[2024-12-29T00:09:33.465+0000] {processor.py:925} INFO - DAG(s) 'latest_only_with_trigger' retrieved from /home/airflow/.local/lib/python3.12/site-packages/airflow/example_dags/example_latest_only_with_trigger.py
[2024-12-29T00:09:33.494+0000] {logging_mixin.py:190} INFO - [2024-12-29T00:09:33.493+0000] {dag.py:3239} INFO - Sync 1 DAGs
[2024-12-29T00:09:33.521+0000] {logging_mixin.py:190} INFO - [2024-12-29T00:09:33.521+0000] {dag.py:4180} INFO - Setting next_dagrun for latest_only_with_trigger to 2024-12-28 20:00:00+00:00, run_after=2024-12-29 00:00:00+00:00
[2024-12-29T00:09:33.548+0000] {processor.py:208} INFO - Processing /home/airflow/.local/lib/python3.12/site-packages/airflow/example_dags/example_latest_only_with_trigger.py took 0.104 seconds
[2024-12-29T00:10:04.875+0000] {processor.py:186} INFO - Started process (PID=881) to work on /home/airflow/.local/lib/python3.12/site-packages/airflow/example_dags/example_latest_only_with_trigger.py
[2024-12-29T00:10:04.877+0000] {processor.py:914} INFO - Processing file /home/airflow/.local/lib/python3.12/site-packages/airflow/example_dags/example_latest_only_with_trigger.py for tasks to queue
[2024-12-29T00:10:04.879+0000] {logging_mixin.py:190} INFO - [2024-12-29T00:10:04.879+0000] {dagbag.py:588} INFO - Filling up the DagBag from /home/airflow/.local/lib/python3.12/site-packages/airflow/example_dags/example_latest_only_with_trigger.py
[2024-12-29T00:10:04.888+0000] {processor.py:925} INFO - DAG(s) 'latest_only_with_trigger' retrieved from /home/airflow/.local/lib/python3.12/site-packages/airflow/example_dags/example_latest_only_with_trigger.py
[2024-12-29T00:10:04.915+0000] {logging_mixin.py:190} INFO - [2024-12-29T00:10:04.914+0000] {dag.py:3239} INFO - Sync 1 DAGs
[2024-12-29T00:10:04.942+0000] {logging_mixin.py:190} INFO - [2024-12-29T00:10:04.942+0000] {dag.py:4180} INFO - Setting next_dagrun for latest_only_with_trigger to 2024-12-28 20:00:00+00:00, run_after=2024-12-29 00:00:00+00:00
[2024-12-29T00:10:04.969+0000] {processor.py:208} INFO - Processing /home/airflow/.local/lib/python3.12/site-packages/airflow/example_dags/example_latest_only_with_trigger.py took 0.100 seconds
[2024-12-29T00:10:36.025+0000] {processor.py:186} INFO - Started process (PID=945) to work on /home/airflow/.local/lib/python3.12/site-packages/airflow/example_dags/example_latest_only_with_trigger.py
[2024-12-29T00:10:36.027+0000] {processor.py:914} INFO - Processing file /home/airflow/.local/lib/python3.12/site-packages/airflow/example_dags/example_latest_only_with_trigger.py for tasks to queue
[2024-12-29T00:10:36.030+0000] {logging_mixin.py:190} INFO - [2024-12-29T00:10:36.030+0000] {dagbag.py:588} INFO - Filling up the DagBag from /home/airflow/.local/lib/python3.12/site-packages/airflow/example_dags/example_latest_only_with_trigger.py
[2024-12-29T00:10:36.042+0000] {processor.py:925} INFO - DAG(s) 'latest_only_with_trigger' retrieved from /home/airflow/.local/lib/python3.12/site-packages/airflow/example_dags/example_latest_only_with_trigger.py
[2024-12-29T00:10:36.071+0000] {logging_mixin.py:190} INFO - [2024-12-29T00:10:36.071+0000] {dag.py:3239} INFO - Sync 1 DAGs
[2024-12-29T00:10:36.102+0000] {logging_mixin.py:190} INFO - [2024-12-29T00:10:36.101+0000] {dag.py:4180} INFO - Setting next_dagrun for latest_only_with_trigger to 2024-12-28 20:00:00+00:00, run_after=2024-12-29 00:00:00+00:00
[2024-12-29T00:10:36.130+0000] {processor.py:208} INFO - Processing /home/airflow/.local/lib/python3.12/site-packages/airflow/example_dags/example_latest_only_with_trigger.py took 0.113 seconds
[2024-12-29T00:11:07.565+0000] {processor.py:186} INFO - Started process (PID=1009) to work on /home/airflow/.local/lib/python3.12/site-packages/airflow/example_dags/example_latest_only_with_trigger.py
[2024-12-29T00:11:07.566+0000] {processor.py:914} INFO - Processing file /home/airflow/.local/lib/python3.12/site-packages/airflow/example_dags/example_latest_only_with_trigger.py for tasks to queue
[2024-12-29T00:11:07.570+0000] {logging_mixin.py:190} INFO - [2024-12-29T00:11:07.569+0000] {dagbag.py:588} INFO - Filling up the DagBag from /home/airflow/.local/lib/python3.12/site-packages/airflow/example_dags/example_latest_only_with_trigger.py
[2024-12-29T00:11:07.581+0000] {processor.py:925} INFO - DAG(s) 'latest_only_with_trigger' retrieved from /home/airflow/.local/lib/python3.12/site-packages/airflow/example_dags/example_latest_only_with_trigger.py
[2024-12-29T00:11:07.612+0000] {logging_mixin.py:190} INFO - [2024-12-29T00:11:07.612+0000] {dag.py:3239} INFO - Sync 1 DAGs
[2024-12-29T00:11:07.645+0000] {logging_mixin.py:190} INFO - [2024-12-29T00:11:07.645+0000] {dag.py:4180} INFO - Setting next_dagrun for latest_only_with_trigger to 2024-12-28 20:00:00+00:00, run_after=2024-12-29 00:00:00+00:00
[2024-12-29T00:11:07.676+0000] {processor.py:208} INFO - Processing /home/airflow/.local/lib/python3.12/site-packages/airflow/example_dags/example_latest_only_with_trigger.py took 0.119 seconds
[2024-12-29T00:11:39.729+0000] {processor.py:186} INFO - Started process (PID=1073) to work on /home/airflow/.local/lib/python3.12/site-packages/airflow/example_dags/example_latest_only_with_trigger.py
[2024-12-29T00:11:39.731+0000] {processor.py:914} INFO - Processing file /home/airflow/.local/lib/python3.12/site-packages/airflow/example_dags/example_latest_only_with_trigger.py for tasks to queue
[2024-12-29T00:11:39.733+0000] {logging_mixin.py:190} INFO - [2024-12-29T00:11:39.733+0000] {dagbag.py:588} INFO - Filling up the DagBag from /home/airflow/.local/lib/python3.12/site-packages/airflow/example_dags/example_latest_only_with_trigger.py
[2024-12-29T00:11:39.742+0000] {processor.py:925} INFO - DAG(s) 'latest_only_with_trigger' retrieved from /home/airflow/.local/lib/python3.12/site-packages/airflow/example_dags/example_latest_only_with_trigger.py
[2024-12-29T00:11:39.769+0000] {logging_mixin.py:190} INFO - [2024-12-29T00:11:39.769+0000] {dag.py:3239} INFO - Sync 1 DAGs
[2024-12-29T00:11:39.797+0000] {logging_mixin.py:190} INFO - [2024-12-29T00:11:39.796+0000] {dag.py:4180} INFO - Setting next_dagrun for latest_only_with_trigger to 2024-12-28 20:00:00+00:00, run_after=2024-12-29 00:00:00+00:00
[2024-12-29T00:11:39.821+0000] {processor.py:208} INFO - Processing /home/airflow/.local/lib/python3.12/site-packages/airflow/example_dags/example_latest_only_with_trigger.py took 0.099 seconds
[2024-12-29T00:12:11.299+0000] {processor.py:186} INFO - Started process (PID=1137) to work on /home/airflow/.local/lib/python3.12/site-packages/airflow/example_dags/example_latest_only_with_trigger.py
[2024-12-29T00:12:11.301+0000] {processor.py:914} INFO - Processing file /home/airflow/.local/lib/python3.12/site-packages/airflow/example_dags/example_latest_only_with_trigger.py for tasks to queue
[2024-12-29T00:12:11.304+0000] {logging_mixin.py:190} INFO - [2024-12-29T00:12:11.303+0000] {dagbag.py:588} INFO - Filling up the DagBag from /home/airflow/.local/lib/python3.12/site-packages/airflow/example_dags/example_latest_only_with_trigger.py
[2024-12-29T00:12:11.315+0000] {processor.py:925} INFO - DAG(s) 'latest_only_with_trigger' retrieved from /home/airflow/.local/lib/python3.12/site-packages/airflow/example_dags/example_latest_only_with_trigger.py
[2024-12-29T00:12:11.343+0000] {logging_mixin.py:190} INFO - [2024-12-29T00:12:11.342+0000] {dag.py:3239} INFO - Sync 1 DAGs
[2024-12-29T00:12:11.372+0000] {logging_mixin.py:190} INFO - [2024-12-29T00:12:11.372+0000] {dag.py:4180} INFO - Setting next_dagrun for latest_only_with_trigger to 2024-12-28 20:00:00+00:00, run_after=2024-12-29 00:00:00+00:00
[2024-12-29T00:12:11.399+0000] {processor.py:208} INFO - Processing /home/airflow/.local/lib/python3.12/site-packages/airflow/example_dags/example_latest_only_with_trigger.py took 0.108 seconds
[2024-12-29T00:12:43.264+0000] {processor.py:186} INFO - Started process (PID=1201) to work on /home/airflow/.local/lib/python3.12/site-packages/airflow/example_dags/example_latest_only_with_trigger.py
[2024-12-29T00:12:43.267+0000] {processor.py:914} INFO - Processing file /home/airflow/.local/lib/python3.12/site-packages/airflow/example_dags/example_latest_only_with_trigger.py for tasks to queue
[2024-12-29T00:12:43.271+0000] {logging_mixin.py:190} INFO - [2024-12-29T00:12:43.270+0000] {dagbag.py:588} INFO - Filling up the DagBag from /home/airflow/.local/lib/python3.12/site-packages/airflow/example_dags/example_latest_only_with_trigger.py
[2024-12-29T00:12:43.283+0000] {processor.py:925} INFO - DAG(s) 'latest_only_with_trigger' retrieved from /home/airflow/.local/lib/python3.12/site-packages/airflow/example_dags/example_latest_only_with_trigger.py
[2024-12-29T00:12:43.318+0000] {logging_mixin.py:190} INFO - [2024-12-29T00:12:43.318+0000] {dag.py:3239} INFO - Sync 1 DAGs
[2024-12-29T00:12:43.354+0000] {logging_mixin.py:190} INFO - [2024-12-29T00:12:43.353+0000] {dag.py:4180} INFO - Setting next_dagrun for latest_only_with_trigger to 2024-12-28 20:00:00+00:00, run_after=2024-12-29 00:00:00+00:00
[2024-12-29T00:12:43.387+0000] {processor.py:208} INFO - Processing /home/airflow/.local/lib/python3.12/site-packages/airflow/example_dags/example_latest_only_with_trigger.py took 0.132 seconds
[2024-12-29T00:13:20.801+0000] {processor.py:186} INFO - Started process (PID=1273) to work on /home/airflow/.local/lib/python3.12/site-packages/airflow/example_dags/example_latest_only_with_trigger.py
[2024-12-29T00:13:20.802+0000] {processor.py:914} INFO - Processing file /home/airflow/.local/lib/python3.12/site-packages/airflow/example_dags/example_latest_only_with_trigger.py for tasks to queue
[2024-12-29T00:13:20.807+0000] {logging_mixin.py:190} INFO - [2024-12-29T00:13:20.806+0000] {dagbag.py:588} INFO - Filling up the DagBag from /home/airflow/.local/lib/python3.12/site-packages/airflow/example_dags/example_latest_only_with_trigger.py
[2024-12-29T00:13:20.822+0000] {processor.py:925} INFO - DAG(s) 'latest_only_with_trigger' retrieved from /home/airflow/.local/lib/python3.12/site-packages/airflow/example_dags/example_latest_only_with_trigger.py
[2024-12-29T00:13:20.861+0000] {logging_mixin.py:190} INFO - [2024-12-29T00:13:20.860+0000] {dag.py:3239} INFO - Sync 1 DAGs
[2024-12-29T00:13:20.900+0000] {logging_mixin.py:190} INFO - [2024-12-29T00:13:20.900+0000] {dag.py:4180} INFO - Setting next_dagrun for latest_only_with_trigger to 2024-12-28 20:00:00+00:00, run_after=2024-12-29 00:00:00+00:00
[2024-12-29T00:13:20.935+0000] {processor.py:208} INFO - Processing /home/airflow/.local/lib/python3.12/site-packages/airflow/example_dags/example_latest_only_with_trigger.py took 0.143 seconds
[2024-12-29T00:13:51.261+0000] {processor.py:186} INFO - Started process (PID=1338) to work on /home/airflow/.local/lib/python3.12/site-packages/airflow/example_dags/example_latest_only_with_trigger.py
[2024-12-29T00:13:51.263+0000] {processor.py:914} INFO - Processing file /home/airflow/.local/lib/python3.12/site-packages/airflow/example_dags/example_latest_only_with_trigger.py for tasks to queue
[2024-12-29T00:13:51.265+0000] {logging_mixin.py:190} INFO - [2024-12-29T00:13:51.265+0000] {dagbag.py:588} INFO - Filling up the DagBag from /home/airflow/.local/lib/python3.12/site-packages/airflow/example_dags/example_latest_only_with_trigger.py
[2024-12-29T00:13:51.275+0000] {processor.py:925} INFO - DAG(s) 'latest_only_with_trigger' retrieved from /home/airflow/.local/lib/python3.12/site-packages/airflow/example_dags/example_latest_only_with_trigger.py
[2024-12-29T00:13:51.308+0000] {logging_mixin.py:190} INFO - [2024-12-29T00:13:51.308+0000] {dag.py:3239} INFO - Sync 1 DAGs
[2024-12-29T00:13:51.345+0000] {logging_mixin.py:190} INFO - [2024-12-29T00:13:51.344+0000] {dag.py:4180} INFO - Setting next_dagrun for latest_only_with_trigger to 2024-12-28 20:00:00+00:00, run_after=2024-12-29 00:00:00+00:00
[2024-12-29T00:13:51.379+0000] {processor.py:208} INFO - Processing /home/airflow/.local/lib/python3.12/site-packages/airflow/example_dags/example_latest_only_with_trigger.py took 0.126 seconds
[2024-12-29T00:14:22.202+0000] {processor.py:186} INFO - Started process (PID=1403) to work on /home/airflow/.local/lib/python3.12/site-packages/airflow/example_dags/example_latest_only_with_trigger.py
[2024-12-29T00:14:22.203+0000] {processor.py:914} INFO - Processing file /home/airflow/.local/lib/python3.12/site-packages/airflow/example_dags/example_latest_only_with_trigger.py for tasks to queue
[2024-12-29T00:14:22.206+0000] {logging_mixin.py:190} INFO - [2024-12-29T00:14:22.205+0000] {dagbag.py:588} INFO - Filling up the DagBag from /home/airflow/.local/lib/python3.12/site-packages/airflow/example_dags/example_latest_only_with_trigger.py
[2024-12-29T00:14:22.214+0000] {processor.py:925} INFO - DAG(s) 'latest_only_with_trigger' retrieved from /home/airflow/.local/lib/python3.12/site-packages/airflow/example_dags/example_latest_only_with_trigger.py
[2024-12-29T00:14:22.240+0000] {logging_mixin.py:190} INFO - [2024-12-29T00:14:22.239+0000] {dag.py:3239} INFO - Sync 1 DAGs
[2024-12-29T00:14:22.265+0000] {logging_mixin.py:190} INFO - [2024-12-29T00:14:22.265+0000] {dag.py:4180} INFO - Setting next_dagrun for latest_only_with_trigger to 2024-12-28 20:00:00+00:00, run_after=2024-12-29 00:00:00+00:00
[2024-12-29T00:14:22.288+0000] {processor.py:208} INFO - Processing /home/airflow/.local/lib/python3.12/site-packages/airflow/example_dags/example_latest_only_with_trigger.py took 0.092 seconds
[2024-12-29T00:14:54.064+0000] {processor.py:186} INFO - Started process (PID=1470) to work on /home/airflow/.local/lib/python3.12/site-packages/airflow/example_dags/example_latest_only_with_trigger.py
[2024-12-29T00:14:54.066+0000] {processor.py:914} INFO - Processing file /home/airflow/.local/lib/python3.12/site-packages/airflow/example_dags/example_latest_only_with_trigger.py for tasks to queue
[2024-12-29T00:14:54.069+0000] {logging_mixin.py:190} INFO - [2024-12-29T00:14:54.068+0000] {dagbag.py:588} INFO - Filling up the DagBag from /home/airflow/.local/lib/python3.12/site-packages/airflow/example_dags/example_latest_only_with_trigger.py
[2024-12-29T00:14:54.079+0000] {processor.py:925} INFO - DAG(s) 'latest_only_with_trigger' retrieved from /home/airflow/.local/lib/python3.12/site-packages/airflow/example_dags/example_latest_only_with_trigger.py
[2024-12-29T00:14:54.108+0000] {logging_mixin.py:190} INFO - [2024-12-29T00:14:54.108+0000] {dag.py:3239} INFO - Sync 1 DAGs
[2024-12-29T00:14:54.140+0000] {logging_mixin.py:190} INFO - [2024-12-29T00:14:54.140+0000] {dag.py:4180} INFO - Setting next_dagrun for latest_only_with_trigger to 2024-12-28 20:00:00+00:00, run_after=2024-12-29 00:00:00+00:00
[2024-12-29T00:14:54.169+0000] {processor.py:208} INFO - Processing /home/airflow/.local/lib/python3.12/site-packages/airflow/example_dags/example_latest_only_with_trigger.py took 0.112 seconds
[2024-12-29T00:15:25.343+0000] {processor.py:186} INFO - Started process (PID=1535) to work on /home/airflow/.local/lib/python3.12/site-packages/airflow/example_dags/example_latest_only_with_trigger.py
[2024-12-29T00:15:25.345+0000] {processor.py:914} INFO - Processing file /home/airflow/.local/lib/python3.12/site-packages/airflow/example_dags/example_latest_only_with_trigger.py for tasks to queue
[2024-12-29T00:15:25.348+0000] {logging_mixin.py:190} INFO - [2024-12-29T00:15:25.347+0000] {dagbag.py:588} INFO - Filling up the DagBag from /home/airflow/.local/lib/python3.12/site-packages/airflow/example_dags/example_latest_only_with_trigger.py
[2024-12-29T00:15:25.359+0000] {processor.py:925} INFO - DAG(s) 'latest_only_with_trigger' retrieved from /home/airflow/.local/lib/python3.12/site-packages/airflow/example_dags/example_latest_only_with_trigger.py
[2024-12-29T00:15:25.388+0000] {logging_mixin.py:190} INFO - [2024-12-29T00:15:25.388+0000] {dag.py:3239} INFO - Sync 1 DAGs
[2024-12-29T00:15:25.422+0000] {logging_mixin.py:190} INFO - [2024-12-29T00:15:25.422+0000] {dag.py:4180} INFO - Setting next_dagrun for latest_only_with_trigger to 2024-12-28 20:00:00+00:00, run_after=2024-12-29 00:00:00+00:00
[2024-12-29T00:15:25.452+0000] {processor.py:208} INFO - Processing /home/airflow/.local/lib/python3.12/site-packages/airflow/example_dags/example_latest_only_with_trigger.py took 0.116 seconds
[2024-12-29T00:15:58.389+0000] {processor.py:186} INFO - Started process (PID=1601) to work on /home/airflow/.local/lib/python3.12/site-packages/airflow/example_dags/example_latest_only_with_trigger.py
[2024-12-29T00:15:58.391+0000] {processor.py:914} INFO - Processing file /home/airflow/.local/lib/python3.12/site-packages/airflow/example_dags/example_latest_only_with_trigger.py for tasks to queue
[2024-12-29T00:15:58.394+0000] {logging_mixin.py:190} INFO - [2024-12-29T00:15:58.393+0000] {dagbag.py:588} INFO - Filling up the DagBag from /home/airflow/.local/lib/python3.12/site-packages/airflow/example_dags/example_latest_only_with_trigger.py
[2024-12-29T00:15:58.404+0000] {processor.py:925} INFO - DAG(s) 'latest_only_with_trigger' retrieved from /home/airflow/.local/lib/python3.12/site-packages/airflow/example_dags/example_latest_only_with_trigger.py
[2024-12-29T00:15:58.436+0000] {logging_mixin.py:190} INFO - [2024-12-29T00:15:58.436+0000] {dag.py:3239} INFO - Sync 1 DAGs
[2024-12-29T00:15:58.478+0000] {logging_mixin.py:190} INFO - [2024-12-29T00:15:58.477+0000] {dag.py:4180} INFO - Setting next_dagrun for latest_only_with_trigger to 2024-12-28 20:00:00+00:00, run_after=2024-12-29 00:00:00+00:00
[2024-12-29T00:15:58.513+0000] {processor.py:208} INFO - Processing /home/airflow/.local/lib/python3.12/site-packages/airflow/example_dags/example_latest_only_with_trigger.py took 0.131 seconds
[2024-12-29T00:16:30.320+0000] {processor.py:186} INFO - Started process (PID=1666) to work on /home/airflow/.local/lib/python3.12/site-packages/airflow/example_dags/example_latest_only_with_trigger.py
[2024-12-29T00:16:30.322+0000] {processor.py:914} INFO - Processing file /home/airflow/.local/lib/python3.12/site-packages/airflow/example_dags/example_latest_only_with_trigger.py for tasks to queue
[2024-12-29T00:16:30.324+0000] {logging_mixin.py:190} INFO - [2024-12-29T00:16:30.324+0000] {dagbag.py:588} INFO - Filling up the DagBag from /home/airflow/.local/lib/python3.12/site-packages/airflow/example_dags/example_latest_only_with_trigger.py
[2024-12-29T00:16:30.332+0000] {processor.py:925} INFO - DAG(s) 'latest_only_with_trigger' retrieved from /home/airflow/.local/lib/python3.12/site-packages/airflow/example_dags/example_latest_only_with_trigger.py
[2024-12-29T00:16:30.356+0000] {logging_mixin.py:190} INFO - [2024-12-29T00:16:30.356+0000] {dag.py:3239} INFO - Sync 1 DAGs
[2024-12-29T00:16:30.386+0000] {logging_mixin.py:190} INFO - [2024-12-29T00:16:30.386+0000] {dag.py:4180} INFO - Setting next_dagrun for latest_only_with_trigger to 2024-12-28 20:00:00+00:00, run_after=2024-12-29 00:00:00+00:00
[2024-12-29T00:16:30.411+0000] {processor.py:208} INFO - Processing /home/airflow/.local/lib/python3.12/site-packages/airflow/example_dags/example_latest_only_with_trigger.py took 0.095 seconds
[2024-12-29T00:17:03.024+0000] {processor.py:186} INFO - Started process (PID=1731) to work on /home/airflow/.local/lib/python3.12/site-packages/airflow/example_dags/example_latest_only_with_trigger.py
[2024-12-29T00:17:03.026+0000] {processor.py:914} INFO - Processing file /home/airflow/.local/lib/python3.12/site-packages/airflow/example_dags/example_latest_only_with_trigger.py for tasks to queue
[2024-12-29T00:17:03.028+0000] {logging_mixin.py:190} INFO - [2024-12-29T00:17:03.028+0000] {dagbag.py:588} INFO - Filling up the DagBag from /home/airflow/.local/lib/python3.12/site-packages/airflow/example_dags/example_latest_only_with_trigger.py
[2024-12-29T00:17:03.038+0000] {processor.py:925} INFO - DAG(s) 'latest_only_with_trigger' retrieved from /home/airflow/.local/lib/python3.12/site-packages/airflow/example_dags/example_latest_only_with_trigger.py
[2024-12-29T00:17:03.069+0000] {logging_mixin.py:190} INFO - [2024-12-29T00:17:03.069+0000] {dag.py:3239} INFO - Sync 1 DAGs
[2024-12-29T00:17:03.104+0000] {logging_mixin.py:190} INFO - [2024-12-29T00:17:03.104+0000] {dag.py:4180} INFO - Setting next_dagrun for latest_only_with_trigger to 2024-12-28 20:00:00+00:00, run_after=2024-12-29 00:00:00+00:00
[2024-12-29T00:17:03.139+0000] {processor.py:208} INFO - Processing /home/airflow/.local/lib/python3.12/site-packages/airflow/example_dags/example_latest_only_with_trigger.py took 0.120 seconds
[2024-12-29T00:19:59.158+0000] {processor.py:186} INFO - Started process (PID=112) to work on /home/airflow/.local/lib/python3.12/site-packages/airflow/example_dags/example_latest_only_with_trigger.py
[2024-12-29T00:19:59.160+0000] {processor.py:914} INFO - Processing file /home/airflow/.local/lib/python3.12/site-packages/airflow/example_dags/example_latest_only_with_trigger.py for tasks to queue
[2024-12-29T00:19:59.162+0000] {logging_mixin.py:190} INFO - [2024-12-29T00:19:59.162+0000] {dagbag.py:588} INFO - Filling up the DagBag from /home/airflow/.local/lib/python3.12/site-packages/airflow/example_dags/example_latest_only_with_trigger.py
[2024-12-29T00:19:59.171+0000] {processor.py:925} INFO - DAG(s) 'latest_only_with_trigger' retrieved from /home/airflow/.local/lib/python3.12/site-packages/airflow/example_dags/example_latest_only_with_trigger.py
[2024-12-29T00:19:59.197+0000] {logging_mixin.py:190} INFO - [2024-12-29T00:19:59.197+0000] {dag.py:3239} INFO - Sync 1 DAGs
[2024-12-29T00:19:59.228+0000] {logging_mixin.py:190} INFO - [2024-12-29T00:19:59.228+0000] {dag.py:4180} INFO - Setting next_dagrun for latest_only_with_trigger to 2024-12-28 20:00:00+00:00, run_after=2024-12-29 00:00:00+00:00
[2024-12-29T00:19:59.256+0000] {processor.py:208} INFO - Processing /home/airflow/.local/lib/python3.12/site-packages/airflow/example_dags/example_latest_only_with_trigger.py took 0.104 seconds
[2024-12-29T00:20:31.729+0000] {processor.py:186} INFO - Started process (PID=177) to work on /home/airflow/.local/lib/python3.12/site-packages/airflow/example_dags/example_latest_only_with_trigger.py
[2024-12-29T00:20:31.731+0000] {processor.py:914} INFO - Processing file /home/airflow/.local/lib/python3.12/site-packages/airflow/example_dags/example_latest_only_with_trigger.py for tasks to queue
[2024-12-29T00:20:31.733+0000] {logging_mixin.py:190} INFO - [2024-12-29T00:20:31.733+0000] {dagbag.py:588} INFO - Filling up the DagBag from /home/airflow/.local/lib/python3.12/site-packages/airflow/example_dags/example_latest_only_with_trigger.py
[2024-12-29T00:20:31.740+0000] {processor.py:925} INFO - DAG(s) 'latest_only_with_trigger' retrieved from /home/airflow/.local/lib/python3.12/site-packages/airflow/example_dags/example_latest_only_with_trigger.py
[2024-12-29T00:20:31.764+0000] {logging_mixin.py:190} INFO - [2024-12-29T00:20:31.764+0000] {dag.py:3239} INFO - Sync 1 DAGs
[2024-12-29T00:20:31.789+0000] {logging_mixin.py:190} INFO - [2024-12-29T00:20:31.789+0000] {dag.py:4180} INFO - Setting next_dagrun for latest_only_with_trigger to 2024-12-28 20:00:00+00:00, run_after=2024-12-29 00:00:00+00:00
[2024-12-29T00:20:31.815+0000] {processor.py:208} INFO - Processing /home/airflow/.local/lib/python3.12/site-packages/airflow/example_dags/example_latest_only_with_trigger.py took 0.091 seconds
[2024-12-29T00:21:03.309+0000] {processor.py:186} INFO - Started process (PID=242) to work on /home/airflow/.local/lib/python3.12/site-packages/airflow/example_dags/example_latest_only_with_trigger.py
[2024-12-29T00:21:03.311+0000] {processor.py:914} INFO - Processing file /home/airflow/.local/lib/python3.12/site-packages/airflow/example_dags/example_latest_only_with_trigger.py for tasks to queue
[2024-12-29T00:21:03.314+0000] {logging_mixin.py:190} INFO - [2024-12-29T00:21:03.313+0000] {dagbag.py:588} INFO - Filling up the DagBag from /home/airflow/.local/lib/python3.12/site-packages/airflow/example_dags/example_latest_only_with_trigger.py
[2024-12-29T00:21:03.323+0000] {processor.py:925} INFO - DAG(s) 'latest_only_with_trigger' retrieved from /home/airflow/.local/lib/python3.12/site-packages/airflow/example_dags/example_latest_only_with_trigger.py
[2024-12-29T00:21:03.352+0000] {logging_mixin.py:190} INFO - [2024-12-29T00:21:03.351+0000] {dag.py:3239} INFO - Sync 1 DAGs
[2024-12-29T00:21:03.385+0000] {logging_mixin.py:190} INFO - [2024-12-29T00:21:03.385+0000] {dag.py:4180} INFO - Setting next_dagrun for latest_only_with_trigger to 2024-12-28 20:00:00+00:00, run_after=2024-12-29 00:00:00+00:00
[2024-12-29T00:21:03.413+0000] {processor.py:208} INFO - Processing /home/airflow/.local/lib/python3.12/site-packages/airflow/example_dags/example_latest_only_with_trigger.py took 0.111 seconds
[2024-12-29T00:21:34.963+0000] {processor.py:186} INFO - Started process (PID=307) to work on /home/airflow/.local/lib/python3.12/site-packages/airflow/example_dags/example_latest_only_with_trigger.py
[2024-12-29T00:21:34.965+0000] {processor.py:914} INFO - Processing file /home/airflow/.local/lib/python3.12/site-packages/airflow/example_dags/example_latest_only_with_trigger.py for tasks to queue
[2024-12-29T00:21:34.969+0000] {logging_mixin.py:190} INFO - [2024-12-29T00:21:34.968+0000] {dagbag.py:588} INFO - Filling up the DagBag from /home/airflow/.local/lib/python3.12/site-packages/airflow/example_dags/example_latest_only_with_trigger.py
[2024-12-29T00:21:34.979+0000] {processor.py:925} INFO - DAG(s) 'latest_only_with_trigger' retrieved from /home/airflow/.local/lib/python3.12/site-packages/airflow/example_dags/example_latest_only_with_trigger.py
[2024-12-29T00:21:35.008+0000] {logging_mixin.py:190} INFO - [2024-12-29T00:21:35.008+0000] {dag.py:3239} INFO - Sync 1 DAGs
[2024-12-29T00:21:35.044+0000] {logging_mixin.py:190} INFO - [2024-12-29T00:21:35.044+0000] {dag.py:4180} INFO - Setting next_dagrun for latest_only_with_trigger to 2024-12-28 20:00:00+00:00, run_after=2024-12-29 00:00:00+00:00
[2024-12-29T00:21:35.074+0000] {processor.py:208} INFO - Processing /home/airflow/.local/lib/python3.12/site-packages/airflow/example_dags/example_latest_only_with_trigger.py took 0.119 seconds
[2024-12-29T00:22:06.628+0000] {processor.py:186} INFO - Started process (PID=372) to work on /home/airflow/.local/lib/python3.12/site-packages/airflow/example_dags/example_latest_only_with_trigger.py
[2024-12-29T00:22:06.631+0000] {processor.py:914} INFO - Processing file /home/airflow/.local/lib/python3.12/site-packages/airflow/example_dags/example_latest_only_with_trigger.py for tasks to queue
[2024-12-29T00:22:06.634+0000] {logging_mixin.py:190} INFO - [2024-12-29T00:22:06.634+0000] {dagbag.py:588} INFO - Filling up the DagBag from /home/airflow/.local/lib/python3.12/site-packages/airflow/example_dags/example_latest_only_with_trigger.py
[2024-12-29T00:22:06.643+0000] {processor.py:925} INFO - DAG(s) 'latest_only_with_trigger' retrieved from /home/airflow/.local/lib/python3.12/site-packages/airflow/example_dags/example_latest_only_with_trigger.py
[2024-12-29T00:22:06.673+0000] {logging_mixin.py:190} INFO - [2024-12-29T00:22:06.673+0000] {dag.py:3239} INFO - Sync 1 DAGs
[2024-12-29T00:22:06.704+0000] {logging_mixin.py:190} INFO - [2024-12-29T00:22:06.704+0000] {dag.py:4180} INFO - Setting next_dagrun for latest_only_with_trigger to 2024-12-28 20:00:00+00:00, run_after=2024-12-29 00:00:00+00:00
[2024-12-29T00:22:06.735+0000] {processor.py:208} INFO - Processing /home/airflow/.local/lib/python3.12/site-packages/airflow/example_dags/example_latest_only_with_trigger.py took 0.114 seconds
[2024-12-29T00:22:37.796+0000] {processor.py:186} INFO - Started process (PID=437) to work on /home/airflow/.local/lib/python3.12/site-packages/airflow/example_dags/example_latest_only_with_trigger.py
[2024-12-29T00:22:37.797+0000] {processor.py:914} INFO - Processing file /home/airflow/.local/lib/python3.12/site-packages/airflow/example_dags/example_latest_only_with_trigger.py for tasks to queue
[2024-12-29T00:22:37.800+0000] {logging_mixin.py:190} INFO - [2024-12-29T00:22:37.799+0000] {dagbag.py:588} INFO - Filling up the DagBag from /home/airflow/.local/lib/python3.12/site-packages/airflow/example_dags/example_latest_only_with_trigger.py
[2024-12-29T00:22:37.808+0000] {processor.py:925} INFO - DAG(s) 'latest_only_with_trigger' retrieved from /home/airflow/.local/lib/python3.12/site-packages/airflow/example_dags/example_latest_only_with_trigger.py
[2024-12-29T00:22:37.832+0000] {logging_mixin.py:190} INFO - [2024-12-29T00:22:37.832+0000] {dag.py:3239} INFO - Sync 1 DAGs
[2024-12-29T00:22:37.859+0000] {logging_mixin.py:190} INFO - [2024-12-29T00:22:37.859+0000] {dag.py:4180} INFO - Setting next_dagrun for latest_only_with_trigger to 2024-12-28 20:00:00+00:00, run_after=2024-12-29 00:00:00+00:00
[2024-12-29T00:22:37.882+0000] {processor.py:208} INFO - Processing /home/airflow/.local/lib/python3.12/site-packages/airflow/example_dags/example_latest_only_with_trigger.py took 0.093 seconds
[2024-12-29T00:23:10.460+0000] {processor.py:186} INFO - Started process (PID=508) to work on /home/airflow/.local/lib/python3.12/site-packages/airflow/example_dags/example_latest_only_with_trigger.py
[2024-12-29T00:23:10.461+0000] {processor.py:914} INFO - Processing file /home/airflow/.local/lib/python3.12/site-packages/airflow/example_dags/example_latest_only_with_trigger.py for tasks to queue
[2024-12-29T00:23:10.464+0000] {logging_mixin.py:190} INFO - [2024-12-29T00:23:10.463+0000] {dagbag.py:588} INFO - Filling up the DagBag from /home/airflow/.local/lib/python3.12/site-packages/airflow/example_dags/example_latest_only_with_trigger.py
[2024-12-29T00:23:10.473+0000] {processor.py:925} INFO - DAG(s) 'latest_only_with_trigger' retrieved from /home/airflow/.local/lib/python3.12/site-packages/airflow/example_dags/example_latest_only_with_trigger.py
[2024-12-29T00:23:10.502+0000] {logging_mixin.py:190} INFO - [2024-12-29T00:23:10.502+0000] {dag.py:3239} INFO - Sync 1 DAGs
[2024-12-29T00:23:10.533+0000] {logging_mixin.py:190} INFO - [2024-12-29T00:23:10.533+0000] {dag.py:4180} INFO - Setting next_dagrun for latest_only_with_trigger to 2024-12-28 20:00:00+00:00, run_after=2024-12-29 00:00:00+00:00
[2024-12-29T00:23:10.560+0000] {processor.py:208} INFO - Processing /home/airflow/.local/lib/python3.12/site-packages/airflow/example_dags/example_latest_only_with_trigger.py took 0.107 seconds
[2024-12-29T00:23:41.069+0000] {processor.py:186} INFO - Started process (PID=574) to work on /home/airflow/.local/lib/python3.12/site-packages/airflow/example_dags/example_latest_only_with_trigger.py
[2024-12-29T00:23:41.070+0000] {processor.py:914} INFO - Processing file /home/airflow/.local/lib/python3.12/site-packages/airflow/example_dags/example_latest_only_with_trigger.py for tasks to queue
[2024-12-29T00:23:41.073+0000] {logging_mixin.py:190} INFO - [2024-12-29T00:23:41.073+0000] {dagbag.py:588} INFO - Filling up the DagBag from /home/airflow/.local/lib/python3.12/site-packages/airflow/example_dags/example_latest_only_with_trigger.py
[2024-12-29T00:23:41.082+0000] {processor.py:925} INFO - DAG(s) 'latest_only_with_trigger' retrieved from /home/airflow/.local/lib/python3.12/site-packages/airflow/example_dags/example_latest_only_with_trigger.py
[2024-12-29T00:23:41.109+0000] {logging_mixin.py:190} INFO - [2024-12-29T00:23:41.109+0000] {dag.py:3239} INFO - Sync 1 DAGs
[2024-12-29T00:23:41.134+0000] {logging_mixin.py:190} INFO - [2024-12-29T00:23:41.134+0000] {dag.py:4180} INFO - Setting next_dagrun for latest_only_with_trigger to 2024-12-28 20:00:00+00:00, run_after=2024-12-29 00:00:00+00:00
[2024-12-29T00:23:41.159+0000] {processor.py:208} INFO - Processing /home/airflow/.local/lib/python3.12/site-packages/airflow/example_dags/example_latest_only_with_trigger.py took 0.097 seconds
[2024-12-29T00:24:12.302+0000] {processor.py:186} INFO - Started process (PID=639) to work on /home/airflow/.local/lib/python3.12/site-packages/airflow/example_dags/example_latest_only_with_trigger.py
[2024-12-29T00:24:12.304+0000] {processor.py:914} INFO - Processing file /home/airflow/.local/lib/python3.12/site-packages/airflow/example_dags/example_latest_only_with_trigger.py for tasks to queue
[2024-12-29T00:24:12.307+0000] {logging_mixin.py:190} INFO - [2024-12-29T00:24:12.307+0000] {dagbag.py:588} INFO - Filling up the DagBag from /home/airflow/.local/lib/python3.12/site-packages/airflow/example_dags/example_latest_only_with_trigger.py
[2024-12-29T00:24:12.322+0000] {processor.py:925} INFO - DAG(s) 'latest_only_with_trigger' retrieved from /home/airflow/.local/lib/python3.12/site-packages/airflow/example_dags/example_latest_only_with_trigger.py
[2024-12-29T00:24:12.355+0000] {logging_mixin.py:190} INFO - [2024-12-29T00:24:12.355+0000] {dag.py:3239} INFO - Sync 1 DAGs
[2024-12-29T00:24:12.388+0000] {logging_mixin.py:190} INFO - [2024-12-29T00:24:12.388+0000] {dag.py:4180} INFO - Setting next_dagrun for latest_only_with_trigger to 2024-12-28 20:00:00+00:00, run_after=2024-12-29 00:00:00+00:00
[2024-12-29T00:24:12.441+0000] {processor.py:208} INFO - Processing /home/airflow/.local/lib/python3.12/site-packages/airflow/example_dags/example_latest_only_with_trigger.py took 0.146 seconds
[2024-12-29T00:24:43.041+0000] {processor.py:186} INFO - Started process (PID=704) to work on /home/airflow/.local/lib/python3.12/site-packages/airflow/example_dags/example_latest_only_with_trigger.py
[2024-12-29T00:24:43.043+0000] {processor.py:914} INFO - Processing file /home/airflow/.local/lib/python3.12/site-packages/airflow/example_dags/example_latest_only_with_trigger.py for tasks to queue
[2024-12-29T00:24:43.045+0000] {logging_mixin.py:190} INFO - [2024-12-29T00:24:43.045+0000] {dagbag.py:588} INFO - Filling up the DagBag from /home/airflow/.local/lib/python3.12/site-packages/airflow/example_dags/example_latest_only_with_trigger.py
[2024-12-29T00:24:43.052+0000] {processor.py:925} INFO - DAG(s) 'latest_only_with_trigger' retrieved from /home/airflow/.local/lib/python3.12/site-packages/airflow/example_dags/example_latest_only_with_trigger.py
[2024-12-29T00:24:43.074+0000] {logging_mixin.py:190} INFO - [2024-12-29T00:24:43.074+0000] {dag.py:3239} INFO - Sync 1 DAGs
[2024-12-29T00:24:43.099+0000] {logging_mixin.py:190} INFO - [2024-12-29T00:24:43.098+0000] {dag.py:4180} INFO - Setting next_dagrun for latest_only_with_trigger to 2024-12-28 20:00:00+00:00, run_after=2024-12-29 00:00:00+00:00
[2024-12-29T00:24:43.125+0000] {processor.py:208} INFO - Processing /home/airflow/.local/lib/python3.12/site-packages/airflow/example_dags/example_latest_only_with_trigger.py took 0.089 seconds
[2024-12-29T00:25:13.810+0000] {processor.py:186} INFO - Started process (PID=769) to work on /home/airflow/.local/lib/python3.12/site-packages/airflow/example_dags/example_latest_only_with_trigger.py
[2024-12-29T00:25:13.811+0000] {processor.py:914} INFO - Processing file /home/airflow/.local/lib/python3.12/site-packages/airflow/example_dags/example_latest_only_with_trigger.py for tasks to queue
[2024-12-29T00:25:13.814+0000] {logging_mixin.py:190} INFO - [2024-12-29T00:25:13.813+0000] {dagbag.py:588} INFO - Filling up the DagBag from /home/airflow/.local/lib/python3.12/site-packages/airflow/example_dags/example_latest_only_with_trigger.py
[2024-12-29T00:25:13.822+0000] {processor.py:925} INFO - DAG(s) 'latest_only_with_trigger' retrieved from /home/airflow/.local/lib/python3.12/site-packages/airflow/example_dags/example_latest_only_with_trigger.py
[2024-12-29T00:25:13.848+0000] {logging_mixin.py:190} INFO - [2024-12-29T00:25:13.847+0000] {dag.py:3239} INFO - Sync 1 DAGs
[2024-12-29T00:25:13.873+0000] {logging_mixin.py:190} INFO - [2024-12-29T00:25:13.872+0000] {dag.py:4180} INFO - Setting next_dagrun for latest_only_with_trigger to 2024-12-28 20:00:00+00:00, run_after=2024-12-29 00:00:00+00:00
[2024-12-29T00:25:13.897+0000] {processor.py:208} INFO - Processing /home/airflow/.local/lib/python3.12/site-packages/airflow/example_dags/example_latest_only_with_trigger.py took 0.092 seconds
[2024-12-29T00:25:45.049+0000] {processor.py:186} INFO - Started process (PID=834) to work on /home/airflow/.local/lib/python3.12/site-packages/airflow/example_dags/example_latest_only_with_trigger.py
[2024-12-29T00:25:45.050+0000] {processor.py:914} INFO - Processing file /home/airflow/.local/lib/python3.12/site-packages/airflow/example_dags/example_latest_only_with_trigger.py for tasks to queue
[2024-12-29T00:25:45.052+0000] {logging_mixin.py:190} INFO - [2024-12-29T00:25:45.052+0000] {dagbag.py:588} INFO - Filling up the DagBag from /home/airflow/.local/lib/python3.12/site-packages/airflow/example_dags/example_latest_only_with_trigger.py
[2024-12-29T00:25:45.061+0000] {processor.py:925} INFO - DAG(s) 'latest_only_with_trigger' retrieved from /home/airflow/.local/lib/python3.12/site-packages/airflow/example_dags/example_latest_only_with_trigger.py
[2024-12-29T00:25:45.086+0000] {logging_mixin.py:190} INFO - [2024-12-29T00:25:45.086+0000] {dag.py:3239} INFO - Sync 1 DAGs
[2024-12-29T00:25:45.114+0000] {logging_mixin.py:190} INFO - [2024-12-29T00:25:45.114+0000] {dag.py:4180} INFO - Setting next_dagrun for latest_only_with_trigger to 2024-12-28 20:00:00+00:00, run_after=2024-12-29 00:00:00+00:00
[2024-12-29T00:25:45.141+0000] {processor.py:208} INFO - Processing /home/airflow/.local/lib/python3.12/site-packages/airflow/example_dags/example_latest_only_with_trigger.py took 0.099 seconds
[2024-12-29T00:26:15.998+0000] {processor.py:186} INFO - Started process (PID=899) to work on /home/airflow/.local/lib/python3.12/site-packages/airflow/example_dags/example_latest_only_with_trigger.py
[2024-12-29T00:26:16.067+0000] {processor.py:914} INFO - Processing file /home/airflow/.local/lib/python3.12/site-packages/airflow/example_dags/example_latest_only_with_trigger.py for tasks to queue
[2024-12-29T00:26:16.073+0000] {logging_mixin.py:190} INFO - [2024-12-29T00:26:16.073+0000] {dagbag.py:588} INFO - Filling up the DagBag from /home/airflow/.local/lib/python3.12/site-packages/airflow/example_dags/example_latest_only_with_trigger.py
[2024-12-29T00:26:16.091+0000] {processor.py:925} INFO - DAG(s) 'latest_only_with_trigger' retrieved from /home/airflow/.local/lib/python3.12/site-packages/airflow/example_dags/example_latest_only_with_trigger.py
[2024-12-29T00:26:16.193+0000] {logging_mixin.py:190} INFO - [2024-12-29T00:26:16.193+0000] {dag.py:3239} INFO - Sync 1 DAGs
[2024-12-29T00:26:16.235+0000] {logging_mixin.py:190} INFO - [2024-12-29T00:26:16.235+0000] {dag.py:4180} INFO - Setting next_dagrun for latest_only_with_trigger to 2024-12-28 20:00:00+00:00, run_after=2024-12-29 00:00:00+00:00
[2024-12-29T00:26:16.333+0000] {processor.py:208} INFO - Processing /home/airflow/.local/lib/python3.12/site-packages/airflow/example_dags/example_latest_only_with_trigger.py took 0.344 seconds
[2024-12-29T00:26:47.201+0000] {processor.py:186} INFO - Started process (PID=964) to work on /home/airflow/.local/lib/python3.12/site-packages/airflow/example_dags/example_latest_only_with_trigger.py
[2024-12-29T00:26:47.203+0000] {processor.py:914} INFO - Processing file /home/airflow/.local/lib/python3.12/site-packages/airflow/example_dags/example_latest_only_with_trigger.py for tasks to queue
[2024-12-29T00:26:47.206+0000] {logging_mixin.py:190} INFO - [2024-12-29T00:26:47.206+0000] {dagbag.py:588} INFO - Filling up the DagBag from /home/airflow/.local/lib/python3.12/site-packages/airflow/example_dags/example_latest_only_with_trigger.py
[2024-12-29T00:26:47.216+0000] {processor.py:925} INFO - DAG(s) 'latest_only_with_trigger' retrieved from /home/airflow/.local/lib/python3.12/site-packages/airflow/example_dags/example_latest_only_with_trigger.py
[2024-12-29T00:26:47.248+0000] {logging_mixin.py:190} INFO - [2024-12-29T00:26:47.247+0000] {dag.py:3239} INFO - Sync 1 DAGs
[2024-12-29T00:26:47.280+0000] {logging_mixin.py:190} INFO - [2024-12-29T00:26:47.280+0000] {dag.py:4180} INFO - Setting next_dagrun for latest_only_with_trigger to 2024-12-28 20:00:00+00:00, run_after=2024-12-29 00:00:00+00:00
[2024-12-29T00:26:47.313+0000] {processor.py:208} INFO - Processing /home/airflow/.local/lib/python3.12/site-packages/airflow/example_dags/example_latest_only_with_trigger.py took 0.120 seconds
[2024-12-29T00:27:17.479+0000] {processor.py:186} INFO - Started process (PID=1029) to work on /home/airflow/.local/lib/python3.12/site-packages/airflow/example_dags/example_latest_only_with_trigger.py
[2024-12-29T00:27:17.482+0000] {processor.py:914} INFO - Processing file /home/airflow/.local/lib/python3.12/site-packages/airflow/example_dags/example_latest_only_with_trigger.py for tasks to queue
[2024-12-29T00:27:17.485+0000] {logging_mixin.py:190} INFO - [2024-12-29T00:27:17.484+0000] {dagbag.py:588} INFO - Filling up the DagBag from /home/airflow/.local/lib/python3.12/site-packages/airflow/example_dags/example_latest_only_with_trigger.py
[2024-12-29T00:27:17.493+0000] {processor.py:925} INFO - DAG(s) 'latest_only_with_trigger' retrieved from /home/airflow/.local/lib/python3.12/site-packages/airflow/example_dags/example_latest_only_with_trigger.py
[2024-12-29T00:27:17.528+0000] {logging_mixin.py:190} INFO - [2024-12-29T00:27:17.528+0000] {dag.py:3239} INFO - Sync 1 DAGs
[2024-12-29T00:27:17.575+0000] {logging_mixin.py:190} INFO - [2024-12-29T00:27:17.575+0000] {dag.py:4180} INFO - Setting next_dagrun for latest_only_with_trigger to 2024-12-28 20:00:00+00:00, run_after=2024-12-29 00:00:00+00:00
[2024-12-29T00:27:17.614+0000] {processor.py:208} INFO - Processing /home/airflow/.local/lib/python3.12/site-packages/airflow/example_dags/example_latest_only_with_trigger.py took 0.141 seconds
[2024-12-29T00:27:48.277+0000] {processor.py:186} INFO - Started process (PID=1094) to work on /home/airflow/.local/lib/python3.12/site-packages/airflow/example_dags/example_latest_only_with_trigger.py
[2024-12-29T00:27:48.278+0000] {processor.py:914} INFO - Processing file /home/airflow/.local/lib/python3.12/site-packages/airflow/example_dags/example_latest_only_with_trigger.py for tasks to queue
[2024-12-29T00:27:48.281+0000] {logging_mixin.py:190} INFO - [2024-12-29T00:27:48.281+0000] {dagbag.py:588} INFO - Filling up the DagBag from /home/airflow/.local/lib/python3.12/site-packages/airflow/example_dags/example_latest_only_with_trigger.py
[2024-12-29T00:27:48.290+0000] {processor.py:925} INFO - DAG(s) 'latest_only_with_trigger' retrieved from /home/airflow/.local/lib/python3.12/site-packages/airflow/example_dags/example_latest_only_with_trigger.py
[2024-12-29T00:27:48.316+0000] {logging_mixin.py:190} INFO - [2024-12-29T00:27:48.316+0000] {dag.py:3239} INFO - Sync 1 DAGs
[2024-12-29T00:27:48.344+0000] {logging_mixin.py:190} INFO - [2024-12-29T00:27:48.344+0000] {dag.py:4180} INFO - Setting next_dagrun for latest_only_with_trigger to 2024-12-28 20:00:00+00:00, run_after=2024-12-29 00:00:00+00:00
[2024-12-29T00:27:48.372+0000] {processor.py:208} INFO - Processing /home/airflow/.local/lib/python3.12/site-packages/airflow/example_dags/example_latest_only_with_trigger.py took 0.102 seconds
[2024-12-29T00:28:20.069+0000] {processor.py:186} INFO - Started process (PID=1160) to work on /home/airflow/.local/lib/python3.12/site-packages/airflow/example_dags/example_latest_only_with_trigger.py
[2024-12-29T00:28:20.070+0000] {processor.py:914} INFO - Processing file /home/airflow/.local/lib/python3.12/site-packages/airflow/example_dags/example_latest_only_with_trigger.py for tasks to queue
[2024-12-29T00:28:20.075+0000] {logging_mixin.py:190} INFO - [2024-12-29T00:28:20.074+0000] {dagbag.py:588} INFO - Filling up the DagBag from /home/airflow/.local/lib/python3.12/site-packages/airflow/example_dags/example_latest_only_with_trigger.py
[2024-12-29T00:28:20.083+0000] {processor.py:925} INFO - DAG(s) 'latest_only_with_trigger' retrieved from /home/airflow/.local/lib/python3.12/site-packages/airflow/example_dags/example_latest_only_with_trigger.py
[2024-12-29T00:28:20.111+0000] {logging_mixin.py:190} INFO - [2024-12-29T00:28:20.111+0000] {dag.py:3239} INFO - Sync 1 DAGs
[2024-12-29T00:28:20.143+0000] {logging_mixin.py:190} INFO - [2024-12-29T00:28:20.142+0000] {dag.py:4180} INFO - Setting next_dagrun for latest_only_with_trigger to 2024-12-28 20:00:00+00:00, run_after=2024-12-29 00:00:00+00:00
[2024-12-29T00:28:20.175+0000] {processor.py:208} INFO - Processing /home/airflow/.local/lib/python3.12/site-packages/airflow/example_dags/example_latest_only_with_trigger.py took 0.115 seconds
[2024-12-29T00:28:51.493+0000] {processor.py:186} INFO - Started process (PID=1225) to work on /home/airflow/.local/lib/python3.12/site-packages/airflow/example_dags/example_latest_only_with_trigger.py
[2024-12-29T00:28:51.495+0000] {processor.py:914} INFO - Processing file /home/airflow/.local/lib/python3.12/site-packages/airflow/example_dags/example_latest_only_with_trigger.py for tasks to queue
[2024-12-29T00:28:51.498+0000] {logging_mixin.py:190} INFO - [2024-12-29T00:28:51.497+0000] {dagbag.py:588} INFO - Filling up the DagBag from /home/airflow/.local/lib/python3.12/site-packages/airflow/example_dags/example_latest_only_with_trigger.py
[2024-12-29T00:28:51.506+0000] {processor.py:925} INFO - DAG(s) 'latest_only_with_trigger' retrieved from /home/airflow/.local/lib/python3.12/site-packages/airflow/example_dags/example_latest_only_with_trigger.py
[2024-12-29T00:28:51.533+0000] {logging_mixin.py:190} INFO - [2024-12-29T00:28:51.533+0000] {dag.py:3239} INFO - Sync 1 DAGs
[2024-12-29T00:28:51.565+0000] {logging_mixin.py:190} INFO - [2024-12-29T00:28:51.564+0000] {dag.py:4180} INFO - Setting next_dagrun for latest_only_with_trigger to 2024-12-28 20:00:00+00:00, run_after=2024-12-29 00:00:00+00:00
[2024-12-29T00:28:51.594+0000] {processor.py:208} INFO - Processing /home/airflow/.local/lib/python3.12/site-packages/airflow/example_dags/example_latest_only_with_trigger.py took 0.107 seconds
[2024-12-29T00:29:22.697+0000] {processor.py:186} INFO - Started process (PID=1290) to work on /home/airflow/.local/lib/python3.12/site-packages/airflow/example_dags/example_latest_only_with_trigger.py
[2024-12-29T00:29:22.699+0000] {processor.py:914} INFO - Processing file /home/airflow/.local/lib/python3.12/site-packages/airflow/example_dags/example_latest_only_with_trigger.py for tasks to queue
[2024-12-29T00:29:22.702+0000] {logging_mixin.py:190} INFO - [2024-12-29T00:29:22.701+0000] {dagbag.py:588} INFO - Filling up the DagBag from /home/airflow/.local/lib/python3.12/site-packages/airflow/example_dags/example_latest_only_with_trigger.py
[2024-12-29T00:29:22.709+0000] {processor.py:925} INFO - DAG(s) 'latest_only_with_trigger' retrieved from /home/airflow/.local/lib/python3.12/site-packages/airflow/example_dags/example_latest_only_with_trigger.py
[2024-12-29T00:29:22.736+0000] {logging_mixin.py:190} INFO - [2024-12-29T00:29:22.736+0000] {dag.py:3239} INFO - Sync 1 DAGs
[2024-12-29T00:29:22.761+0000] {logging_mixin.py:190} INFO - [2024-12-29T00:29:22.761+0000] {dag.py:4180} INFO - Setting next_dagrun for latest_only_with_trigger to 2024-12-28 20:00:00+00:00, run_after=2024-12-29 00:00:00+00:00
[2024-12-29T00:29:22.788+0000] {processor.py:208} INFO - Processing /home/airflow/.local/lib/python3.12/site-packages/airflow/example_dags/example_latest_only_with_trigger.py took 0.097 seconds
[2024-12-29T00:29:53.982+0000] {processor.py:186} INFO - Started process (PID=1355) to work on /home/airflow/.local/lib/python3.12/site-packages/airflow/example_dags/example_latest_only_with_trigger.py
[2024-12-29T00:29:53.984+0000] {processor.py:914} INFO - Processing file /home/airflow/.local/lib/python3.12/site-packages/airflow/example_dags/example_latest_only_with_trigger.py for tasks to queue
[2024-12-29T00:29:53.986+0000] {logging_mixin.py:190} INFO - [2024-12-29T00:29:53.986+0000] {dagbag.py:588} INFO - Filling up the DagBag from /home/airflow/.local/lib/python3.12/site-packages/airflow/example_dags/example_latest_only_with_trigger.py
[2024-12-29T00:29:53.993+0000] {processor.py:925} INFO - DAG(s) 'latest_only_with_trigger' retrieved from /home/airflow/.local/lib/python3.12/site-packages/airflow/example_dags/example_latest_only_with_trigger.py
[2024-12-29T00:29:54.020+0000] {logging_mixin.py:190} INFO - [2024-12-29T00:29:54.019+0000] {dag.py:3239} INFO - Sync 1 DAGs
[2024-12-29T00:29:54.044+0000] {logging_mixin.py:190} INFO - [2024-12-29T00:29:54.044+0000] {dag.py:4180} INFO - Setting next_dagrun for latest_only_with_trigger to 2024-12-28 20:00:00+00:00, run_after=2024-12-29 00:00:00+00:00
[2024-12-29T00:29:54.071+0000] {processor.py:208} INFO - Processing /home/airflow/.local/lib/python3.12/site-packages/airflow/example_dags/example_latest_only_with_trigger.py took 0.095 seconds
[2024-12-29T00:30:25.664+0000] {processor.py:186} INFO - Started process (PID=1420) to work on /home/airflow/.local/lib/python3.12/site-packages/airflow/example_dags/example_latest_only_with_trigger.py
[2024-12-29T00:30:25.667+0000] {processor.py:914} INFO - Processing file /home/airflow/.local/lib/python3.12/site-packages/airflow/example_dags/example_latest_only_with_trigger.py for tasks to queue
[2024-12-29T00:30:25.670+0000] {logging_mixin.py:190} INFO - [2024-12-29T00:30:25.670+0000] {dagbag.py:588} INFO - Filling up the DagBag from /home/airflow/.local/lib/python3.12/site-packages/airflow/example_dags/example_latest_only_with_trigger.py
[2024-12-29T00:30:25.679+0000] {processor.py:925} INFO - DAG(s) 'latest_only_with_trigger' retrieved from /home/airflow/.local/lib/python3.12/site-packages/airflow/example_dags/example_latest_only_with_trigger.py
[2024-12-29T00:30:25.707+0000] {logging_mixin.py:190} INFO - [2024-12-29T00:30:25.707+0000] {dag.py:3239} INFO - Sync 1 DAGs
[2024-12-29T00:30:25.737+0000] {logging_mixin.py:190} INFO - [2024-12-29T00:30:25.737+0000] {dag.py:4180} INFO - Setting next_dagrun for latest_only_with_trigger to 2024-12-28 20:00:00+00:00, run_after=2024-12-29 00:00:00+00:00
[2024-12-29T00:30:25.769+0000] {processor.py:208} INFO - Processing /home/airflow/.local/lib/python3.12/site-packages/airflow/example_dags/example_latest_only_with_trigger.py took 0.112 seconds
[2024-12-29T00:30:57.133+0000] {processor.py:186} INFO - Started process (PID=1485) to work on /home/airflow/.local/lib/python3.12/site-packages/airflow/example_dags/example_latest_only_with_trigger.py
[2024-12-29T00:30:57.135+0000] {processor.py:914} INFO - Processing file /home/airflow/.local/lib/python3.12/site-packages/airflow/example_dags/example_latest_only_with_trigger.py for tasks to queue
[2024-12-29T00:30:57.137+0000] {logging_mixin.py:190} INFO - [2024-12-29T00:30:57.137+0000] {dagbag.py:588} INFO - Filling up the DagBag from /home/airflow/.local/lib/python3.12/site-packages/airflow/example_dags/example_latest_only_with_trigger.py
[2024-12-29T00:30:57.144+0000] {processor.py:925} INFO - DAG(s) 'latest_only_with_trigger' retrieved from /home/airflow/.local/lib/python3.12/site-packages/airflow/example_dags/example_latest_only_with_trigger.py
[2024-12-29T00:30:57.172+0000] {logging_mixin.py:190} INFO - [2024-12-29T00:30:57.172+0000] {dag.py:3239} INFO - Sync 1 DAGs
[2024-12-29T00:30:57.199+0000] {logging_mixin.py:190} INFO - [2024-12-29T00:30:57.199+0000] {dag.py:4180} INFO - Setting next_dagrun for latest_only_with_trigger to 2024-12-28 20:00:00+00:00, run_after=2024-12-29 00:00:00+00:00
[2024-12-29T00:30:57.227+0000] {processor.py:208} INFO - Processing /home/airflow/.local/lib/python3.12/site-packages/airflow/example_dags/example_latest_only_with_trigger.py took 0.099 seconds
[2024-12-29T00:31:28.515+0000] {processor.py:186} INFO - Started process (PID=1551) to work on /home/airflow/.local/lib/python3.12/site-packages/airflow/example_dags/example_latest_only_with_trigger.py
[2024-12-29T00:31:28.516+0000] {processor.py:914} INFO - Processing file /home/airflow/.local/lib/python3.12/site-packages/airflow/example_dags/example_latest_only_with_trigger.py for tasks to queue
[2024-12-29T00:31:28.518+0000] {logging_mixin.py:190} INFO - [2024-12-29T00:31:28.518+0000] {dagbag.py:588} INFO - Filling up the DagBag from /home/airflow/.local/lib/python3.12/site-packages/airflow/example_dags/example_latest_only_with_trigger.py
[2024-12-29T00:31:28.525+0000] {processor.py:925} INFO - DAG(s) 'latest_only_with_trigger' retrieved from /home/airflow/.local/lib/python3.12/site-packages/airflow/example_dags/example_latest_only_with_trigger.py
[2024-12-29T00:31:28.551+0000] {logging_mixin.py:190} INFO - [2024-12-29T00:31:28.550+0000] {dag.py:3239} INFO - Sync 1 DAGs
[2024-12-29T00:31:28.579+0000] {logging_mixin.py:190} INFO - [2024-12-29T00:31:28.579+0000] {dag.py:4180} INFO - Setting next_dagrun for latest_only_with_trigger to 2024-12-28 20:00:00+00:00, run_after=2024-12-29 00:00:00+00:00
[2024-12-29T00:31:28.605+0000] {processor.py:208} INFO - Processing /home/airflow/.local/lib/python3.12/site-packages/airflow/example_dags/example_latest_only_with_trigger.py took 0.096 seconds
[2024-12-29T00:31:59.752+0000] {processor.py:186} INFO - Started process (PID=1616) to work on /home/airflow/.local/lib/python3.12/site-packages/airflow/example_dags/example_latest_only_with_trigger.py
[2024-12-29T00:31:59.754+0000] {processor.py:914} INFO - Processing file /home/airflow/.local/lib/python3.12/site-packages/airflow/example_dags/example_latest_only_with_trigger.py for tasks to queue
[2024-12-29T00:31:59.756+0000] {logging_mixin.py:190} INFO - [2024-12-29T00:31:59.756+0000] {dagbag.py:588} INFO - Filling up the DagBag from /home/airflow/.local/lib/python3.12/site-packages/airflow/example_dags/example_latest_only_with_trigger.py
[2024-12-29T00:31:59.765+0000] {processor.py:925} INFO - DAG(s) 'latest_only_with_trigger' retrieved from /home/airflow/.local/lib/python3.12/site-packages/airflow/example_dags/example_latest_only_with_trigger.py
[2024-12-29T00:31:59.793+0000] {logging_mixin.py:190} INFO - [2024-12-29T00:31:59.792+0000] {dag.py:3239} INFO - Sync 1 DAGs
[2024-12-29T00:31:59.825+0000] {logging_mixin.py:190} INFO - [2024-12-29T00:31:59.825+0000] {dag.py:4180} INFO - Setting next_dagrun for latest_only_with_trigger to 2024-12-28 20:00:00+00:00, run_after=2024-12-29 00:00:00+00:00
[2024-12-29T00:31:59.856+0000] {processor.py:208} INFO - Processing /home/airflow/.local/lib/python3.12/site-packages/airflow/example_dags/example_latest_only_with_trigger.py took 0.111 seconds
[2024-12-29T00:32:31.405+0000] {processor.py:186} INFO - Started process (PID=1681) to work on /home/airflow/.local/lib/python3.12/site-packages/airflow/example_dags/example_latest_only_with_trigger.py
[2024-12-29T00:32:31.407+0000] {processor.py:914} INFO - Processing file /home/airflow/.local/lib/python3.12/site-packages/airflow/example_dags/example_latest_only_with_trigger.py for tasks to queue
[2024-12-29T00:32:31.409+0000] {logging_mixin.py:190} INFO - [2024-12-29T00:32:31.409+0000] {dagbag.py:588} INFO - Filling up the DagBag from /home/airflow/.local/lib/python3.12/site-packages/airflow/example_dags/example_latest_only_with_trigger.py
[2024-12-29T00:32:31.418+0000] {processor.py:925} INFO - DAG(s) 'latest_only_with_trigger' retrieved from /home/airflow/.local/lib/python3.12/site-packages/airflow/example_dags/example_latest_only_with_trigger.py
[2024-12-29T00:32:31.447+0000] {logging_mixin.py:190} INFO - [2024-12-29T00:32:31.446+0000] {dag.py:3239} INFO - Sync 1 DAGs
[2024-12-29T00:32:31.479+0000] {logging_mixin.py:190} INFO - [2024-12-29T00:32:31.478+0000] {dag.py:4180} INFO - Setting next_dagrun for latest_only_with_trigger to 2024-12-28 20:00:00+00:00, run_after=2024-12-29 00:00:00+00:00
[2024-12-29T00:32:31.508+0000] {processor.py:208} INFO - Processing /home/airflow/.local/lib/python3.12/site-packages/airflow/example_dags/example_latest_only_with_trigger.py took 0.110 seconds
[2024-12-29T00:33:03.296+0000] {processor.py:186} INFO - Started process (PID=1746) to work on /home/airflow/.local/lib/python3.12/site-packages/airflow/example_dags/example_latest_only_with_trigger.py
[2024-12-29T00:33:03.298+0000] {processor.py:914} INFO - Processing file /home/airflow/.local/lib/python3.12/site-packages/airflow/example_dags/example_latest_only_with_trigger.py for tasks to queue
[2024-12-29T00:33:03.301+0000] {logging_mixin.py:190} INFO - [2024-12-29T00:33:03.300+0000] {dagbag.py:588} INFO - Filling up the DagBag from /home/airflow/.local/lib/python3.12/site-packages/airflow/example_dags/example_latest_only_with_trigger.py
[2024-12-29T00:33:03.308+0000] {processor.py:925} INFO - DAG(s) 'latest_only_with_trigger' retrieved from /home/airflow/.local/lib/python3.12/site-packages/airflow/example_dags/example_latest_only_with_trigger.py
[2024-12-29T00:33:03.335+0000] {logging_mixin.py:190} INFO - [2024-12-29T00:33:03.335+0000] {dag.py:3239} INFO - Sync 1 DAGs
[2024-12-29T00:33:03.363+0000] {logging_mixin.py:190} INFO - [2024-12-29T00:33:03.362+0000] {dag.py:4180} INFO - Setting next_dagrun for latest_only_with_trigger to 2024-12-28 20:00:00+00:00, run_after=2024-12-29 00:00:00+00:00
[2024-12-29T00:33:03.391+0000] {processor.py:208} INFO - Processing /home/airflow/.local/lib/python3.12/site-packages/airflow/example_dags/example_latest_only_with_trigger.py took 0.101 seconds
[2024-12-29T00:33:34.878+0000] {processor.py:186} INFO - Started process (PID=1811) to work on /home/airflow/.local/lib/python3.12/site-packages/airflow/example_dags/example_latest_only_with_trigger.py
[2024-12-29T00:33:34.931+0000] {processor.py:914} INFO - Processing file /home/airflow/.local/lib/python3.12/site-packages/airflow/example_dags/example_latest_only_with_trigger.py for tasks to queue
[2024-12-29T00:33:34.934+0000] {logging_mixin.py:190} INFO - [2024-12-29T00:33:34.934+0000] {dagbag.py:588} INFO - Filling up the DagBag from /home/airflow/.local/lib/python3.12/site-packages/airflow/example_dags/example_latest_only_with_trigger.py
[2024-12-29T00:33:34.943+0000] {processor.py:925} INFO - DAG(s) 'latest_only_with_trigger' retrieved from /home/airflow/.local/lib/python3.12/site-packages/airflow/example_dags/example_latest_only_with_trigger.py
[2024-12-29T00:33:34.972+0000] {logging_mixin.py:190} INFO - [2024-12-29T00:33:34.972+0000] {dag.py:3239} INFO - Sync 1 DAGs
[2024-12-29T00:33:35.000+0000] {logging_mixin.py:190} INFO - [2024-12-29T00:33:34.999+0000] {dag.py:4180} INFO - Setting next_dagrun for latest_only_with_trigger to 2024-12-28 20:00:00+00:00, run_after=2024-12-29 00:00:00+00:00
[2024-12-29T00:33:35.172+0000] {processor.py:208} INFO - Processing /home/airflow/.local/lib/python3.12/site-packages/airflow/example_dags/example_latest_only_with_trigger.py took 0.300 seconds
[2024-12-29T00:34:06.621+0000] {processor.py:186} INFO - Started process (PID=1879) to work on /home/airflow/.local/lib/python3.12/site-packages/airflow/example_dags/example_latest_only_with_trigger.py
[2024-12-29T00:34:06.622+0000] {processor.py:914} INFO - Processing file /home/airflow/.local/lib/python3.12/site-packages/airflow/example_dags/example_latest_only_with_trigger.py for tasks to queue
[2024-12-29T00:34:06.627+0000] {logging_mixin.py:190} INFO - [2024-12-29T00:34:06.626+0000] {dagbag.py:588} INFO - Filling up the DagBag from /home/airflow/.local/lib/python3.12/site-packages/airflow/example_dags/example_latest_only_with_trigger.py
[2024-12-29T00:34:06.639+0000] {processor.py:925} INFO - DAG(s) 'latest_only_with_trigger' retrieved from /home/airflow/.local/lib/python3.12/site-packages/airflow/example_dags/example_latest_only_with_trigger.py
[2024-12-29T00:34:06.669+0000] {logging_mixin.py:190} INFO - [2024-12-29T00:34:06.668+0000] {dag.py:3239} INFO - Sync 1 DAGs
[2024-12-29T00:34:06.699+0000] {logging_mixin.py:190} INFO - [2024-12-29T00:34:06.699+0000] {dag.py:4180} INFO - Setting next_dagrun for latest_only_with_trigger to 2024-12-28 20:00:00+00:00, run_after=2024-12-29 00:00:00+00:00
[2024-12-29T00:34:06.729+0000] {processor.py:208} INFO - Processing /home/airflow/.local/lib/python3.12/site-packages/airflow/example_dags/example_latest_only_with_trigger.py took 0.114 seconds
[2024-12-29T00:34:37.839+0000] {processor.py:186} INFO - Started process (PID=1944) to work on /home/airflow/.local/lib/python3.12/site-packages/airflow/example_dags/example_latest_only_with_trigger.py
[2024-12-29T00:34:37.840+0000] {processor.py:914} INFO - Processing file /home/airflow/.local/lib/python3.12/site-packages/airflow/example_dags/example_latest_only_with_trigger.py for tasks to queue
[2024-12-29T00:34:37.844+0000] {logging_mixin.py:190} INFO - [2024-12-29T00:34:37.843+0000] {dagbag.py:588} INFO - Filling up the DagBag from /home/airflow/.local/lib/python3.12/site-packages/airflow/example_dags/example_latest_only_with_trigger.py
[2024-12-29T00:34:37.853+0000] {processor.py:925} INFO - DAG(s) 'latest_only_with_trigger' retrieved from /home/airflow/.local/lib/python3.12/site-packages/airflow/example_dags/example_latest_only_with_trigger.py
[2024-12-29T00:34:37.884+0000] {logging_mixin.py:190} INFO - [2024-12-29T00:34:37.883+0000] {dag.py:3239} INFO - Sync 1 DAGs
[2024-12-29T00:34:37.919+0000] {logging_mixin.py:190} INFO - [2024-12-29T00:34:37.919+0000] {dag.py:4180} INFO - Setting next_dagrun for latest_only_with_trigger to 2024-12-28 20:00:00+00:00, run_after=2024-12-29 00:00:00+00:00
[2024-12-29T00:34:37.951+0000] {processor.py:208} INFO - Processing /home/airflow/.local/lib/python3.12/site-packages/airflow/example_dags/example_latest_only_with_trigger.py took 0.119 seconds
[2024-12-29T00:35:09.038+0000] {processor.py:186} INFO - Started process (PID=2012) to work on /home/airflow/.local/lib/python3.12/site-packages/airflow/example_dags/example_latest_only_with_trigger.py
[2024-12-29T00:35:09.040+0000] {processor.py:914} INFO - Processing file /home/airflow/.local/lib/python3.12/site-packages/airflow/example_dags/example_latest_only_with_trigger.py for tasks to queue
[2024-12-29T00:35:09.042+0000] {logging_mixin.py:190} INFO - [2024-12-29T00:35:09.042+0000] {dagbag.py:588} INFO - Filling up the DagBag from /home/airflow/.local/lib/python3.12/site-packages/airflow/example_dags/example_latest_only_with_trigger.py
[2024-12-29T00:35:09.050+0000] {processor.py:925} INFO - DAG(s) 'latest_only_with_trigger' retrieved from /home/airflow/.local/lib/python3.12/site-packages/airflow/example_dags/example_latest_only_with_trigger.py
[2024-12-29T00:35:09.078+0000] {logging_mixin.py:190} INFO - [2024-12-29T00:35:09.077+0000] {dag.py:3239} INFO - Sync 1 DAGs
[2024-12-29T00:35:09.105+0000] {logging_mixin.py:190} INFO - [2024-12-29T00:35:09.105+0000] {dag.py:4180} INFO - Setting next_dagrun for latest_only_with_trigger to 2024-12-28 20:00:00+00:00, run_after=2024-12-29 00:00:00+00:00
[2024-12-29T00:35:09.134+0000] {processor.py:208} INFO - Processing /home/airflow/.local/lib/python3.12/site-packages/airflow/example_dags/example_latest_only_with_trigger.py took 0.102 seconds
[2024-12-29T00:35:40.556+0000] {processor.py:186} INFO - Started process (PID=2087) to work on /home/airflow/.local/lib/python3.12/site-packages/airflow/example_dags/example_latest_only_with_trigger.py
[2024-12-29T00:35:40.558+0000] {processor.py:914} INFO - Processing file /home/airflow/.local/lib/python3.12/site-packages/airflow/example_dags/example_latest_only_with_trigger.py for tasks to queue
[2024-12-29T00:35:40.560+0000] {logging_mixin.py:190} INFO - [2024-12-29T00:35:40.560+0000] {dagbag.py:588} INFO - Filling up the DagBag from /home/airflow/.local/lib/python3.12/site-packages/airflow/example_dags/example_latest_only_with_trigger.py
[2024-12-29T00:35:40.568+0000] {processor.py:925} INFO - DAG(s) 'latest_only_with_trigger' retrieved from /home/airflow/.local/lib/python3.12/site-packages/airflow/example_dags/example_latest_only_with_trigger.py
[2024-12-29T00:35:40.597+0000] {logging_mixin.py:190} INFO - [2024-12-29T00:35:40.597+0000] {dag.py:3239} INFO - Sync 1 DAGs
[2024-12-29T00:35:40.626+0000] {logging_mixin.py:190} INFO - [2024-12-29T00:35:40.626+0000] {dag.py:4180} INFO - Setting next_dagrun for latest_only_with_trigger to 2024-12-28 20:00:00+00:00, run_after=2024-12-29 00:00:00+00:00
[2024-12-29T00:35:40.652+0000] {processor.py:208} INFO - Processing /home/airflow/.local/lib/python3.12/site-packages/airflow/example_dags/example_latest_only_with_trigger.py took 0.101 seconds
[2024-12-29T00:36:10.829+0000] {processor.py:186} INFO - Started process (PID=2151) to work on /home/airflow/.local/lib/python3.12/site-packages/airflow/example_dags/example_latest_only_with_trigger.py
[2024-12-29T00:36:10.831+0000] {processor.py:914} INFO - Processing file /home/airflow/.local/lib/python3.12/site-packages/airflow/example_dags/example_latest_only_with_trigger.py for tasks to queue
[2024-12-29T00:36:10.833+0000] {logging_mixin.py:190} INFO - [2024-12-29T00:36:10.833+0000] {dagbag.py:588} INFO - Filling up the DagBag from /home/airflow/.local/lib/python3.12/site-packages/airflow/example_dags/example_latest_only_with_trigger.py
[2024-12-29T00:36:10.842+0000] {processor.py:925} INFO - DAG(s) 'latest_only_with_trigger' retrieved from /home/airflow/.local/lib/python3.12/site-packages/airflow/example_dags/example_latest_only_with_trigger.py
[2024-12-29T00:36:10.871+0000] {logging_mixin.py:190} INFO - [2024-12-29T00:36:10.871+0000] {dag.py:3239} INFO - Sync 1 DAGs
[2024-12-29T00:36:10.906+0000] {logging_mixin.py:190} INFO - [2024-12-29T00:36:10.906+0000] {dag.py:4180} INFO - Setting next_dagrun for latest_only_with_trigger to 2024-12-28 20:00:00+00:00, run_after=2024-12-29 00:00:00+00:00
[2024-12-29T00:36:10.935+0000] {processor.py:208} INFO - Processing /home/airflow/.local/lib/python3.12/site-packages/airflow/example_dags/example_latest_only_with_trigger.py took 0.112 seconds
[2024-12-29T00:36:41.234+0000] {processor.py:186} INFO - Started process (PID=2217) to work on /home/airflow/.local/lib/python3.12/site-packages/airflow/example_dags/example_latest_only_with_trigger.py
[2024-12-29T00:36:41.235+0000] {processor.py:914} INFO - Processing file /home/airflow/.local/lib/python3.12/site-packages/airflow/example_dags/example_latest_only_with_trigger.py for tasks to queue
[2024-12-29T00:36:41.238+0000] {logging_mixin.py:190} INFO - [2024-12-29T00:36:41.237+0000] {dagbag.py:588} INFO - Filling up the DagBag from /home/airflow/.local/lib/python3.12/site-packages/airflow/example_dags/example_latest_only_with_trigger.py
[2024-12-29T00:36:41.245+0000] {processor.py:925} INFO - DAG(s) 'latest_only_with_trigger' retrieved from /home/airflow/.local/lib/python3.12/site-packages/airflow/example_dags/example_latest_only_with_trigger.py
[2024-12-29T00:36:41.270+0000] {logging_mixin.py:190} INFO - [2024-12-29T00:36:41.270+0000] {dag.py:3239} INFO - Sync 1 DAGs
[2024-12-29T00:36:41.295+0000] {logging_mixin.py:190} INFO - [2024-12-29T00:36:41.295+0000] {dag.py:4180} INFO - Setting next_dagrun for latest_only_with_trigger to 2024-12-28 20:00:00+00:00, run_after=2024-12-29 00:00:00+00:00
[2024-12-29T00:36:41.320+0000] {processor.py:208} INFO - Processing /home/airflow/.local/lib/python3.12/site-packages/airflow/example_dags/example_latest_only_with_trigger.py took 0.092 seconds
[2024-12-29T00:37:11.415+0000] {processor.py:186} INFO - Started process (PID=2282) to work on /home/airflow/.local/lib/python3.12/site-packages/airflow/example_dags/example_latest_only_with_trigger.py
[2024-12-29T00:37:11.417+0000] {processor.py:914} INFO - Processing file /home/airflow/.local/lib/python3.12/site-packages/airflow/example_dags/example_latest_only_with_trigger.py for tasks to queue
[2024-12-29T00:37:11.420+0000] {logging_mixin.py:190} INFO - [2024-12-29T00:37:11.419+0000] {dagbag.py:588} INFO - Filling up the DagBag from /home/airflow/.local/lib/python3.12/site-packages/airflow/example_dags/example_latest_only_with_trigger.py
[2024-12-29T00:37:11.427+0000] {processor.py:925} INFO - DAG(s) 'latest_only_with_trigger' retrieved from /home/airflow/.local/lib/python3.12/site-packages/airflow/example_dags/example_latest_only_with_trigger.py
[2024-12-29T00:37:11.453+0000] {logging_mixin.py:190} INFO - [2024-12-29T00:37:11.453+0000] {dag.py:3239} INFO - Sync 1 DAGs
[2024-12-29T00:37:11.477+0000] {logging_mixin.py:190} INFO - [2024-12-29T00:37:11.476+0000] {dag.py:4180} INFO - Setting next_dagrun for latest_only_with_trigger to 2024-12-28 20:00:00+00:00, run_after=2024-12-29 00:00:00+00:00
[2024-12-29T00:37:11.501+0000] {processor.py:208} INFO - Processing /home/airflow/.local/lib/python3.12/site-packages/airflow/example_dags/example_latest_only_with_trigger.py took 0.092 seconds
[2024-12-29T00:37:41.677+0000] {processor.py:186} INFO - Started process (PID=2347) to work on /home/airflow/.local/lib/python3.12/site-packages/airflow/example_dags/example_latest_only_with_trigger.py
[2024-12-29T00:37:41.679+0000] {processor.py:914} INFO - Processing file /home/airflow/.local/lib/python3.12/site-packages/airflow/example_dags/example_latest_only_with_trigger.py for tasks to queue
[2024-12-29T00:37:41.682+0000] {logging_mixin.py:190} INFO - [2024-12-29T00:37:41.682+0000] {dagbag.py:588} INFO - Filling up the DagBag from /home/airflow/.local/lib/python3.12/site-packages/airflow/example_dags/example_latest_only_with_trigger.py
[2024-12-29T00:37:41.691+0000] {processor.py:925} INFO - DAG(s) 'latest_only_with_trigger' retrieved from /home/airflow/.local/lib/python3.12/site-packages/airflow/example_dags/example_latest_only_with_trigger.py
[2024-12-29T00:37:41.717+0000] {logging_mixin.py:190} INFO - [2024-12-29T00:37:41.717+0000] {dag.py:3239} INFO - Sync 1 DAGs
[2024-12-29T00:37:41.748+0000] {logging_mixin.py:190} INFO - [2024-12-29T00:37:41.747+0000] {dag.py:4180} INFO - Setting next_dagrun for latest_only_with_trigger to 2024-12-28 20:00:00+00:00, run_after=2024-12-29 00:00:00+00:00
[2024-12-29T00:37:41.775+0000] {processor.py:208} INFO - Processing /home/airflow/.local/lib/python3.12/site-packages/airflow/example_dags/example_latest_only_with_trigger.py took 0.105 seconds
[2024-12-29T00:38:12.538+0000] {processor.py:186} INFO - Started process (PID=2412) to work on /home/airflow/.local/lib/python3.12/site-packages/airflow/example_dags/example_latest_only_with_trigger.py
[2024-12-29T00:38:12.539+0000] {processor.py:914} INFO - Processing file /home/airflow/.local/lib/python3.12/site-packages/airflow/example_dags/example_latest_only_with_trigger.py for tasks to queue
[2024-12-29T00:38:12.542+0000] {logging_mixin.py:190} INFO - [2024-12-29T00:38:12.542+0000] {dagbag.py:588} INFO - Filling up the DagBag from /home/airflow/.local/lib/python3.12/site-packages/airflow/example_dags/example_latest_only_with_trigger.py
[2024-12-29T00:38:12.553+0000] {processor.py:925} INFO - DAG(s) 'latest_only_with_trigger' retrieved from /home/airflow/.local/lib/python3.12/site-packages/airflow/example_dags/example_latest_only_with_trigger.py
[2024-12-29T00:38:12.587+0000] {logging_mixin.py:190} INFO - [2024-12-29T00:38:12.587+0000] {dag.py:3239} INFO - Sync 1 DAGs
[2024-12-29T00:38:12.627+0000] {logging_mixin.py:190} INFO - [2024-12-29T00:38:12.626+0000] {dag.py:4180} INFO - Setting next_dagrun for latest_only_with_trigger to 2024-12-28 20:00:00+00:00, run_after=2024-12-29 00:00:00+00:00
[2024-12-29T00:38:12.661+0000] {processor.py:208} INFO - Processing /home/airflow/.local/lib/python3.12/site-packages/airflow/example_dags/example_latest_only_with_trigger.py took 0.131 seconds
