[2024-12-29T00:03:58.937+0000] {processor.py:186} INFO - Started process (PID=122) to work on /home/airflow/.local/lib/python3.12/site-packages/airflow/example_dags/example_task_group_decorator.py
[2024-12-29T00:03:58.938+0000] {processor.py:914} INFO - Processing file /home/airflow/.local/lib/python3.12/site-packages/airflow/example_dags/example_task_group_decorator.py for tasks to queue
[2024-12-29T00:03:58.941+0000] {logging_mixin.py:190} INFO - [2024-12-29T00:03:58.940+0000] {dagbag.py:588} INFO - Filling up the DagBag from /home/airflow/.local/lib/python3.12/site-packages/airflow/example_dags/example_task_group_decorator.py
[2024-12-29T00:03:58.966+0000] {processor.py:925} INFO - DAG(s) 'example_task_group_decorator' retrieved from /home/airflow/.local/lib/python3.12/site-packages/airflow/example_dags/example_task_group_decorator.py
[2024-12-29T00:03:59.160+0000] {logging_mixin.py:190} INFO - [2024-12-29T00:03:59.159+0000] {override.py:1911} INFO - Created Permission View: can read on DAG:example_task_group_decorator
[2024-12-29T00:03:59.177+0000] {logging_mixin.py:190} INFO - [2024-12-29T00:03:59.177+0000] {override.py:1911} INFO - Created Permission View: can edit on DAG:example_task_group_decorator
[2024-12-29T00:03:59.191+0000] {logging_mixin.py:190} INFO - [2024-12-29T00:03:59.190+0000] {override.py:1911} INFO - Created Permission View: can delete on DAG:example_task_group_decorator
[2024-12-29T00:03:59.205+0000] {logging_mixin.py:190} INFO - [2024-12-29T00:03:59.204+0000] {override.py:1911} INFO - Created Permission View: can create on DAG Run:example_task_group_decorator
[2024-12-29T00:03:59.217+0000] {logging_mixin.py:190} INFO - [2024-12-29T00:03:59.217+0000] {override.py:1911} INFO - Created Permission View: can read on DAG Run:example_task_group_decorator
[2024-12-29T00:03:59.231+0000] {logging_mixin.py:190} INFO - [2024-12-29T00:03:59.230+0000] {override.py:1911} INFO - Created Permission View: can delete on DAG Run:example_task_group_decorator
[2024-12-29T00:03:59.244+0000] {logging_mixin.py:190} INFO - [2024-12-29T00:03:59.243+0000] {override.py:1911} INFO - Created Permission View: menu access on DAG Run:example_task_group_decorator
[2024-12-29T00:03:59.244+0000] {logging_mixin.py:190} INFO - [2024-12-29T00:03:59.244+0000] {dag.py:3239} INFO - Sync 1 DAGs
[2024-12-29T00:03:59.265+0000] {logging_mixin.py:190} INFO - [2024-12-29T00:03:59.264+0000] {dag.py:3262} INFO - Creating ORM DAG for example_task_group_decorator
[2024-12-29T00:03:59.266+0000] {logging_mixin.py:190} INFO - [2024-12-29T00:03:59.265+0000] {dag.py:4180} INFO - Setting next_dagrun for example_task_group_decorator to None, run_after=None
[2024-12-29T00:03:59.295+0000] {processor.py:208} INFO - Processing /home/airflow/.local/lib/python3.12/site-packages/airflow/example_dags/example_task_group_decorator.py took 0.367 seconds
[2024-12-29T00:04:29.507+0000] {processor.py:186} INFO - Started process (PID=186) to work on /home/airflow/.local/lib/python3.12/site-packages/airflow/example_dags/example_task_group_decorator.py
[2024-12-29T00:04:29.509+0000] {processor.py:914} INFO - Processing file /home/airflow/.local/lib/python3.12/site-packages/airflow/example_dags/example_task_group_decorator.py for tasks to queue
[2024-12-29T00:04:29.512+0000] {logging_mixin.py:190} INFO - [2024-12-29T00:04:29.511+0000] {dagbag.py:588} INFO - Filling up the DagBag from /home/airflow/.local/lib/python3.12/site-packages/airflow/example_dags/example_task_group_decorator.py
[2024-12-29T00:04:29.527+0000] {processor.py:925} INFO - DAG(s) 'example_task_group_decorator' retrieved from /home/airflow/.local/lib/python3.12/site-packages/airflow/example_dags/example_task_group_decorator.py
[2024-12-29T00:04:29.561+0000] {logging_mixin.py:190} INFO - [2024-12-29T00:04:29.560+0000] {dag.py:3239} INFO - Sync 1 DAGs
[2024-12-29T00:04:29.578+0000] {logging_mixin.py:190} INFO - [2024-12-29T00:04:29.578+0000] {dag.py:4180} INFO - Setting next_dagrun for example_task_group_decorator to None, run_after=None
[2024-12-29T00:04:29.607+0000] {processor.py:208} INFO - Processing /home/airflow/.local/lib/python3.12/site-packages/airflow/example_dags/example_task_group_decorator.py took 0.106 seconds
[2024-12-29T00:05:02.667+0000] {processor.py:186} INFO - Started process (PID=250) to work on /home/airflow/.local/lib/python3.12/site-packages/airflow/example_dags/example_task_group_decorator.py
[2024-12-29T00:05:02.674+0000] {processor.py:914} INFO - Processing file /home/airflow/.local/lib/python3.12/site-packages/airflow/example_dags/example_task_group_decorator.py for tasks to queue
[2024-12-29T00:05:02.678+0000] {logging_mixin.py:190} INFO - [2024-12-29T00:05:02.677+0000] {dagbag.py:588} INFO - Filling up the DagBag from /home/airflow/.local/lib/python3.12/site-packages/airflow/example_dags/example_task_group_decorator.py
[2024-12-29T00:05:02.704+0000] {processor.py:925} INFO - DAG(s) 'example_task_group_decorator' retrieved from /home/airflow/.local/lib/python3.12/site-packages/airflow/example_dags/example_task_group_decorator.py
[2024-12-29T00:05:02.750+0000] {logging_mixin.py:190} INFO - [2024-12-29T00:05:02.749+0000] {dag.py:3239} INFO - Sync 1 DAGs
[2024-12-29T00:05:02.773+0000] {logging_mixin.py:190} INFO - [2024-12-29T00:05:02.773+0000] {dag.py:4180} INFO - Setting next_dagrun for example_task_group_decorator to None, run_after=None
[2024-12-29T00:05:02.810+0000] {processor.py:208} INFO - Processing /home/airflow/.local/lib/python3.12/site-packages/airflow/example_dags/example_task_group_decorator.py took 0.150 seconds
[2024-12-29T00:05:34.026+0000] {processor.py:186} INFO - Started process (PID=314) to work on /home/airflow/.local/lib/python3.12/site-packages/airflow/example_dags/example_task_group_decorator.py
[2024-12-29T00:05:34.028+0000] {processor.py:914} INFO - Processing file /home/airflow/.local/lib/python3.12/site-packages/airflow/example_dags/example_task_group_decorator.py for tasks to queue
[2024-12-29T00:05:34.030+0000] {logging_mixin.py:190} INFO - [2024-12-29T00:05:34.030+0000] {dagbag.py:588} INFO - Filling up the DagBag from /home/airflow/.local/lib/python3.12/site-packages/airflow/example_dags/example_task_group_decorator.py
[2024-12-29T00:05:34.046+0000] {processor.py:925} INFO - DAG(s) 'example_task_group_decorator' retrieved from /home/airflow/.local/lib/python3.12/site-packages/airflow/example_dags/example_task_group_decorator.py
[2024-12-29T00:05:34.073+0000] {logging_mixin.py:190} INFO - [2024-12-29T00:05:34.072+0000] {dag.py:3239} INFO - Sync 1 DAGs
[2024-12-29T00:05:34.088+0000] {logging_mixin.py:190} INFO - [2024-12-29T00:05:34.088+0000] {dag.py:4180} INFO - Setting next_dagrun for example_task_group_decorator to None, run_after=None
[2024-12-29T00:05:34.118+0000] {processor.py:208} INFO - Processing /home/airflow/.local/lib/python3.12/site-packages/airflow/example_dags/example_task_group_decorator.py took 0.097 seconds
[2024-12-29T00:06:05.333+0000] {processor.py:186} INFO - Started process (PID=378) to work on /home/airflow/.local/lib/python3.12/site-packages/airflow/example_dags/example_task_group_decorator.py
[2024-12-29T00:06:05.334+0000] {processor.py:914} INFO - Processing file /home/airflow/.local/lib/python3.12/site-packages/airflow/example_dags/example_task_group_decorator.py for tasks to queue
[2024-12-29T00:06:05.337+0000] {logging_mixin.py:190} INFO - [2024-12-29T00:06:05.336+0000] {dagbag.py:588} INFO - Filling up the DagBag from /home/airflow/.local/lib/python3.12/site-packages/airflow/example_dags/example_task_group_decorator.py
[2024-12-29T00:06:05.352+0000] {processor.py:925} INFO - DAG(s) 'example_task_group_decorator' retrieved from /home/airflow/.local/lib/python3.12/site-packages/airflow/example_dags/example_task_group_decorator.py
[2024-12-29T00:06:05.382+0000] {logging_mixin.py:190} INFO - [2024-12-29T00:06:05.381+0000] {dag.py:3239} INFO - Sync 1 DAGs
[2024-12-29T00:06:05.400+0000] {logging_mixin.py:190} INFO - [2024-12-29T00:06:05.400+0000] {dag.py:4180} INFO - Setting next_dagrun for example_task_group_decorator to None, run_after=None
[2024-12-29T00:06:05.427+0000] {processor.py:208} INFO - Processing /home/airflow/.local/lib/python3.12/site-packages/airflow/example_dags/example_task_group_decorator.py took 0.100 seconds
[2024-12-29T00:06:36.824+0000] {processor.py:186} INFO - Started process (PID=442) to work on /home/airflow/.local/lib/python3.12/site-packages/airflow/example_dags/example_task_group_decorator.py
[2024-12-29T00:06:36.825+0000] {processor.py:914} INFO - Processing file /home/airflow/.local/lib/python3.12/site-packages/airflow/example_dags/example_task_group_decorator.py for tasks to queue
[2024-12-29T00:06:36.828+0000] {logging_mixin.py:190} INFO - [2024-12-29T00:06:36.828+0000] {dagbag.py:588} INFO - Filling up the DagBag from /home/airflow/.local/lib/python3.12/site-packages/airflow/example_dags/example_task_group_decorator.py
[2024-12-29T00:06:36.848+0000] {processor.py:925} INFO - DAG(s) 'example_task_group_decorator' retrieved from /home/airflow/.local/lib/python3.12/site-packages/airflow/example_dags/example_task_group_decorator.py
[2024-12-29T00:06:36.884+0000] {logging_mixin.py:190} INFO - [2024-12-29T00:06:36.884+0000] {dag.py:3239} INFO - Sync 1 DAGs
[2024-12-29T00:06:36.903+0000] {logging_mixin.py:190} INFO - [2024-12-29T00:06:36.902+0000] {dag.py:4180} INFO - Setting next_dagrun for example_task_group_decorator to None, run_after=None
[2024-12-29T00:06:36.930+0000] {processor.py:208} INFO - Processing /home/airflow/.local/lib/python3.12/site-packages/airflow/example_dags/example_task_group_decorator.py took 0.113 seconds
[2024-12-29T00:07:08.471+0000] {processor.py:186} INFO - Started process (PID=506) to work on /home/airflow/.local/lib/python3.12/site-packages/airflow/example_dags/example_task_group_decorator.py
[2024-12-29T00:07:08.474+0000] {processor.py:914} INFO - Processing file /home/airflow/.local/lib/python3.12/site-packages/airflow/example_dags/example_task_group_decorator.py for tasks to queue
[2024-12-29T00:07:08.477+0000] {logging_mixin.py:190} INFO - [2024-12-29T00:07:08.476+0000] {dagbag.py:588} INFO - Filling up the DagBag from /home/airflow/.local/lib/python3.12/site-packages/airflow/example_dags/example_task_group_decorator.py
[2024-12-29T00:07:08.501+0000] {processor.py:925} INFO - DAG(s) 'example_task_group_decorator' retrieved from /home/airflow/.local/lib/python3.12/site-packages/airflow/example_dags/example_task_group_decorator.py
[2024-12-29T00:07:08.544+0000] {logging_mixin.py:190} INFO - [2024-12-29T00:07:08.544+0000] {dag.py:3239} INFO - Sync 1 DAGs
[2024-12-29T00:07:08.566+0000] {logging_mixin.py:190} INFO - [2024-12-29T00:07:08.565+0000] {dag.py:4180} INFO - Setting next_dagrun for example_task_group_decorator to None, run_after=None
[2024-12-29T00:07:08.601+0000] {processor.py:208} INFO - Processing /home/airflow/.local/lib/python3.12/site-packages/airflow/example_dags/example_task_group_decorator.py took 0.137 seconds
[2024-12-29T00:07:40.225+0000] {processor.py:186} INFO - Started process (PID=570) to work on /home/airflow/.local/lib/python3.12/site-packages/airflow/example_dags/example_task_group_decorator.py
[2024-12-29T00:07:40.226+0000] {processor.py:914} INFO - Processing file /home/airflow/.local/lib/python3.12/site-packages/airflow/example_dags/example_task_group_decorator.py for tasks to queue
[2024-12-29T00:07:40.230+0000] {logging_mixin.py:190} INFO - [2024-12-29T00:07:40.229+0000] {dagbag.py:588} INFO - Filling up the DagBag from /home/airflow/.local/lib/python3.12/site-packages/airflow/example_dags/example_task_group_decorator.py
[2024-12-29T00:07:40.251+0000] {processor.py:925} INFO - DAG(s) 'example_task_group_decorator' retrieved from /home/airflow/.local/lib/python3.12/site-packages/airflow/example_dags/example_task_group_decorator.py
[2024-12-29T00:07:40.285+0000] {logging_mixin.py:190} INFO - [2024-12-29T00:07:40.284+0000] {dag.py:3239} INFO - Sync 1 DAGs
[2024-12-29T00:07:40.304+0000] {logging_mixin.py:190} INFO - [2024-12-29T00:07:40.304+0000] {dag.py:4180} INFO - Setting next_dagrun for example_task_group_decorator to None, run_after=None
[2024-12-29T00:07:40.336+0000] {processor.py:208} INFO - Processing /home/airflow/.local/lib/python3.12/site-packages/airflow/example_dags/example_task_group_decorator.py took 0.118 seconds
[2024-12-29T00:08:11.568+0000] {processor.py:186} INFO - Started process (PID=635) to work on /home/airflow/.local/lib/python3.12/site-packages/airflow/example_dags/example_task_group_decorator.py
[2024-12-29T00:08:11.570+0000] {processor.py:914} INFO - Processing file /home/airflow/.local/lib/python3.12/site-packages/airflow/example_dags/example_task_group_decorator.py for tasks to queue
[2024-12-29T00:08:11.573+0000] {logging_mixin.py:190} INFO - [2024-12-29T00:08:11.572+0000] {dagbag.py:588} INFO - Filling up the DagBag from /home/airflow/.local/lib/python3.12/site-packages/airflow/example_dags/example_task_group_decorator.py
[2024-12-29T00:08:11.592+0000] {processor.py:925} INFO - DAG(s) 'example_task_group_decorator' retrieved from /home/airflow/.local/lib/python3.12/site-packages/airflow/example_dags/example_task_group_decorator.py
[2024-12-29T00:08:11.631+0000] {logging_mixin.py:190} INFO - [2024-12-29T00:08:11.630+0000] {dag.py:3239} INFO - Sync 1 DAGs
[2024-12-29T00:08:11.651+0000] {logging_mixin.py:190} INFO - [2024-12-29T00:08:11.651+0000] {dag.py:4180} INFO - Setting next_dagrun for example_task_group_decorator to None, run_after=None
[2024-12-29T00:08:11.681+0000] {processor.py:208} INFO - Processing /home/airflow/.local/lib/python3.12/site-packages/airflow/example_dags/example_task_group_decorator.py took 0.120 seconds
[2024-12-29T00:08:43.735+0000] {processor.py:186} INFO - Started process (PID=704) to work on /home/airflow/.local/lib/python3.12/site-packages/airflow/example_dags/example_task_group_decorator.py
[2024-12-29T00:08:43.737+0000] {processor.py:914} INFO - Processing file /home/airflow/.local/lib/python3.12/site-packages/airflow/example_dags/example_task_group_decorator.py for tasks to queue
[2024-12-29T00:08:43.740+0000] {logging_mixin.py:190} INFO - [2024-12-29T00:08:43.739+0000] {dagbag.py:588} INFO - Filling up the DagBag from /home/airflow/.local/lib/python3.12/site-packages/airflow/example_dags/example_task_group_decorator.py
[2024-12-29T00:08:43.758+0000] {processor.py:925} INFO - DAG(s) 'example_task_group_decorator' retrieved from /home/airflow/.local/lib/python3.12/site-packages/airflow/example_dags/example_task_group_decorator.py
[2024-12-29T00:08:43.793+0000] {logging_mixin.py:190} INFO - [2024-12-29T00:08:43.793+0000] {dag.py:3239} INFO - Sync 1 DAGs
[2024-12-29T00:08:43.810+0000] {logging_mixin.py:190} INFO - [2024-12-29T00:08:43.810+0000] {dag.py:4180} INFO - Setting next_dagrun for example_task_group_decorator to None, run_after=None
[2024-12-29T00:08:43.844+0000] {processor.py:208} INFO - Processing /home/airflow/.local/lib/python3.12/site-packages/airflow/example_dags/example_task_group_decorator.py took 0.116 seconds
[2024-12-29T00:09:15.096+0000] {processor.py:186} INFO - Started process (PID=768) to work on /home/airflow/.local/lib/python3.12/site-packages/airflow/example_dags/example_task_group_decorator.py
[2024-12-29T00:09:15.098+0000] {processor.py:914} INFO - Processing file /home/airflow/.local/lib/python3.12/site-packages/airflow/example_dags/example_task_group_decorator.py for tasks to queue
[2024-12-29T00:09:15.102+0000] {logging_mixin.py:190} INFO - [2024-12-29T00:09:15.101+0000] {dagbag.py:588} INFO - Filling up the DagBag from /home/airflow/.local/lib/python3.12/site-packages/airflow/example_dags/example_task_group_decorator.py
[2024-12-29T00:09:15.129+0000] {processor.py:925} INFO - DAG(s) 'example_task_group_decorator' retrieved from /home/airflow/.local/lib/python3.12/site-packages/airflow/example_dags/example_task_group_decorator.py
[2024-12-29T00:09:15.181+0000] {logging_mixin.py:190} INFO - [2024-12-29T00:09:15.181+0000] {dag.py:3239} INFO - Sync 1 DAGs
[2024-12-29T00:09:15.202+0000] {logging_mixin.py:190} INFO - [2024-12-29T00:09:15.201+0000] {dag.py:4180} INFO - Setting next_dagrun for example_task_group_decorator to None, run_after=None
[2024-12-29T00:09:15.231+0000] {processor.py:208} INFO - Processing /home/airflow/.local/lib/python3.12/site-packages/airflow/example_dags/example_task_group_decorator.py took 0.144 seconds
[2024-12-29T00:09:46.502+0000] {processor.py:186} INFO - Started process (PID=832) to work on /home/airflow/.local/lib/python3.12/site-packages/airflow/example_dags/example_task_group_decorator.py
[2024-12-29T00:09:46.504+0000] {processor.py:914} INFO - Processing file /home/airflow/.local/lib/python3.12/site-packages/airflow/example_dags/example_task_group_decorator.py for tasks to queue
[2024-12-29T00:09:46.506+0000] {logging_mixin.py:190} INFO - [2024-12-29T00:09:46.506+0000] {dagbag.py:588} INFO - Filling up the DagBag from /home/airflow/.local/lib/python3.12/site-packages/airflow/example_dags/example_task_group_decorator.py
[2024-12-29T00:09:46.522+0000] {processor.py:925} INFO - DAG(s) 'example_task_group_decorator' retrieved from /home/airflow/.local/lib/python3.12/site-packages/airflow/example_dags/example_task_group_decorator.py
[2024-12-29T00:09:46.553+0000] {logging_mixin.py:190} INFO - [2024-12-29T00:09:46.552+0000] {dag.py:3239} INFO - Sync 1 DAGs
[2024-12-29T00:09:46.569+0000] {logging_mixin.py:190} INFO - [2024-12-29T00:09:46.569+0000] {dag.py:4180} INFO - Setting next_dagrun for example_task_group_decorator to None, run_after=None
[2024-12-29T00:09:46.594+0000] {processor.py:208} INFO - Processing /home/airflow/.local/lib/python3.12/site-packages/airflow/example_dags/example_task_group_decorator.py took 0.098 seconds
[2024-12-29T00:10:18.250+0000] {processor.py:186} INFO - Started process (PID=896) to work on /home/airflow/.local/lib/python3.12/site-packages/airflow/example_dags/example_task_group_decorator.py
[2024-12-29T00:10:18.252+0000] {processor.py:914} INFO - Processing file /home/airflow/.local/lib/python3.12/site-packages/airflow/example_dags/example_task_group_decorator.py for tasks to queue
[2024-12-29T00:10:18.255+0000] {logging_mixin.py:190} INFO - [2024-12-29T00:10:18.255+0000] {dagbag.py:588} INFO - Filling up the DagBag from /home/airflow/.local/lib/python3.12/site-packages/airflow/example_dags/example_task_group_decorator.py
[2024-12-29T00:10:18.277+0000] {processor.py:925} INFO - DAG(s) 'example_task_group_decorator' retrieved from /home/airflow/.local/lib/python3.12/site-packages/airflow/example_dags/example_task_group_decorator.py
[2024-12-29T00:10:18.311+0000] {logging_mixin.py:190} INFO - [2024-12-29T00:10:18.310+0000] {dag.py:3239} INFO - Sync 1 DAGs
[2024-12-29T00:10:18.330+0000] {logging_mixin.py:190} INFO - [2024-12-29T00:10:18.329+0000] {dag.py:4180} INFO - Setting next_dagrun for example_task_group_decorator to None, run_after=None
[2024-12-29T00:10:18.361+0000] {processor.py:208} INFO - Processing /home/airflow/.local/lib/python3.12/site-packages/airflow/example_dags/example_task_group_decorator.py took 0.119 seconds
[2024-12-29T00:10:49.638+0000] {processor.py:186} INFO - Started process (PID=962) to work on /home/airflow/.local/lib/python3.12/site-packages/airflow/example_dags/example_task_group_decorator.py
[2024-12-29T00:10:49.641+0000] {processor.py:914} INFO - Processing file /home/airflow/.local/lib/python3.12/site-packages/airflow/example_dags/example_task_group_decorator.py for tasks to queue
[2024-12-29T00:10:49.643+0000] {logging_mixin.py:190} INFO - [2024-12-29T00:10:49.643+0000] {dagbag.py:588} INFO - Filling up the DagBag from /home/airflow/.local/lib/python3.12/site-packages/airflow/example_dags/example_task_group_decorator.py
[2024-12-29T00:10:49.660+0000] {processor.py:925} INFO - DAG(s) 'example_task_group_decorator' retrieved from /home/airflow/.local/lib/python3.12/site-packages/airflow/example_dags/example_task_group_decorator.py
[2024-12-29T00:10:49.690+0000] {logging_mixin.py:190} INFO - [2024-12-29T00:10:49.690+0000] {dag.py:3239} INFO - Sync 1 DAGs
[2024-12-29T00:10:49.706+0000] {logging_mixin.py:190} INFO - [2024-12-29T00:10:49.706+0000] {dag.py:4180} INFO - Setting next_dagrun for example_task_group_decorator to None, run_after=None
[2024-12-29T00:10:49.729+0000] {processor.py:208} INFO - Processing /home/airflow/.local/lib/python3.12/site-packages/airflow/example_dags/example_task_group_decorator.py took 0.097 seconds
[2024-12-29T00:11:21.326+0000] {processor.py:186} INFO - Started process (PID=1027) to work on /home/airflow/.local/lib/python3.12/site-packages/airflow/example_dags/example_task_group_decorator.py
[2024-12-29T00:11:21.327+0000] {processor.py:914} INFO - Processing file /home/airflow/.local/lib/python3.12/site-packages/airflow/example_dags/example_task_group_decorator.py for tasks to queue
[2024-12-29T00:11:21.329+0000] {logging_mixin.py:190} INFO - [2024-12-29T00:11:21.329+0000] {dagbag.py:588} INFO - Filling up the DagBag from /home/airflow/.local/lib/python3.12/site-packages/airflow/example_dags/example_task_group_decorator.py
[2024-12-29T00:11:21.344+0000] {processor.py:925} INFO - DAG(s) 'example_task_group_decorator' retrieved from /home/airflow/.local/lib/python3.12/site-packages/airflow/example_dags/example_task_group_decorator.py
[2024-12-29T00:11:21.373+0000] {logging_mixin.py:190} INFO - [2024-12-29T00:11:21.373+0000] {dag.py:3239} INFO - Sync 1 DAGs
[2024-12-29T00:11:21.387+0000] {logging_mixin.py:190} INFO - [2024-12-29T00:11:21.387+0000] {dag.py:4180} INFO - Setting next_dagrun for example_task_group_decorator to None, run_after=None
[2024-12-29T00:11:21.409+0000] {processor.py:208} INFO - Processing /home/airflow/.local/lib/python3.12/site-packages/airflow/example_dags/example_task_group_decorator.py took 0.089 seconds
[2024-12-29T00:11:52.787+0000] {processor.py:186} INFO - Started process (PID=1091) to work on /home/airflow/.local/lib/python3.12/site-packages/airflow/example_dags/example_task_group_decorator.py
[2024-12-29T00:11:52.790+0000] {processor.py:914} INFO - Processing file /home/airflow/.local/lib/python3.12/site-packages/airflow/example_dags/example_task_group_decorator.py for tasks to queue
[2024-12-29T00:11:52.794+0000] {logging_mixin.py:190} INFO - [2024-12-29T00:11:52.793+0000] {dagbag.py:588} INFO - Filling up the DagBag from /home/airflow/.local/lib/python3.12/site-packages/airflow/example_dags/example_task_group_decorator.py
[2024-12-29T00:11:52.816+0000] {processor.py:925} INFO - DAG(s) 'example_task_group_decorator' retrieved from /home/airflow/.local/lib/python3.12/site-packages/airflow/example_dags/example_task_group_decorator.py
[2024-12-29T00:11:52.854+0000] {logging_mixin.py:190} INFO - [2024-12-29T00:11:52.853+0000] {dag.py:3239} INFO - Sync 1 DAGs
[2024-12-29T00:11:52.874+0000] {logging_mixin.py:190} INFO - [2024-12-29T00:11:52.873+0000] {dag.py:4180} INFO - Setting next_dagrun for example_task_group_decorator to None, run_after=None
[2024-12-29T00:11:52.904+0000] {processor.py:208} INFO - Processing /home/airflow/.local/lib/python3.12/site-packages/airflow/example_dags/example_task_group_decorator.py took 0.125 seconds
[2024-12-29T00:12:24.930+0000] {processor.py:186} INFO - Started process (PID=1155) to work on /home/airflow/.local/lib/python3.12/site-packages/airflow/example_dags/example_task_group_decorator.py
[2024-12-29T00:12:24.942+0000] {processor.py:914} INFO - Processing file /home/airflow/.local/lib/python3.12/site-packages/airflow/example_dags/example_task_group_decorator.py for tasks to queue
[2024-12-29T00:12:24.945+0000] {logging_mixin.py:190} INFO - [2024-12-29T00:12:24.944+0000] {dagbag.py:588} INFO - Filling up the DagBag from /home/airflow/.local/lib/python3.12/site-packages/airflow/example_dags/example_task_group_decorator.py
[2024-12-29T00:12:24.962+0000] {processor.py:925} INFO - DAG(s) 'example_task_group_decorator' retrieved from /home/airflow/.local/lib/python3.12/site-packages/airflow/example_dags/example_task_group_decorator.py
[2024-12-29T00:12:24.993+0000] {logging_mixin.py:190} INFO - [2024-12-29T00:12:24.993+0000] {dag.py:3239} INFO - Sync 1 DAGs
[2024-12-29T00:12:25.009+0000] {logging_mixin.py:190} INFO - [2024-12-29T00:12:25.008+0000] {dag.py:4180} INFO - Setting next_dagrun for example_task_group_decorator to None, run_after=None
[2024-12-29T00:12:25.048+0000] {processor.py:208} INFO - Processing /home/airflow/.local/lib/python3.12/site-packages/airflow/example_dags/example_task_group_decorator.py took 0.126 seconds
[2024-12-29T00:12:56.611+0000] {processor.py:186} INFO - Started process (PID=1219) to work on /home/airflow/.local/lib/python3.12/site-packages/airflow/example_dags/example_task_group_decorator.py
[2024-12-29T00:12:56.612+0000] {processor.py:914} INFO - Processing file /home/airflow/.local/lib/python3.12/site-packages/airflow/example_dags/example_task_group_decorator.py for tasks to queue
[2024-12-29T00:12:56.615+0000] {logging_mixin.py:190} INFO - [2024-12-29T00:12:56.615+0000] {dagbag.py:588} INFO - Filling up the DagBag from /home/airflow/.local/lib/python3.12/site-packages/airflow/example_dags/example_task_group_decorator.py
[2024-12-29T00:12:56.636+0000] {processor.py:925} INFO - DAG(s) 'example_task_group_decorator' retrieved from /home/airflow/.local/lib/python3.12/site-packages/airflow/example_dags/example_task_group_decorator.py
[2024-12-29T00:12:56.670+0000] {logging_mixin.py:190} INFO - [2024-12-29T00:12:56.670+0000] {dag.py:3239} INFO - Sync 1 DAGs
[2024-12-29T00:12:56.689+0000] {logging_mixin.py:190} INFO - [2024-12-29T00:12:56.688+0000] {dag.py:4180} INFO - Setting next_dagrun for example_task_group_decorator to None, run_after=None
[2024-12-29T00:12:56.721+0000] {processor.py:208} INFO - Processing /home/airflow/.local/lib/python3.12/site-packages/airflow/example_dags/example_task_group_decorator.py took 0.117 seconds
[2024-12-29T00:13:28.604+0000] {processor.py:186} INFO - Started process (PID=1291) to work on /home/airflow/.local/lib/python3.12/site-packages/airflow/example_dags/example_task_group_decorator.py
[2024-12-29T00:13:28.606+0000] {processor.py:914} INFO - Processing file /home/airflow/.local/lib/python3.12/site-packages/airflow/example_dags/example_task_group_decorator.py for tasks to queue
[2024-12-29T00:13:28.610+0000] {logging_mixin.py:190} INFO - [2024-12-29T00:13:28.609+0000] {dagbag.py:588} INFO - Filling up the DagBag from /home/airflow/.local/lib/python3.12/site-packages/airflow/example_dags/example_task_group_decorator.py
[2024-12-29T00:13:28.629+0000] {processor.py:925} INFO - DAG(s) 'example_task_group_decorator' retrieved from /home/airflow/.local/lib/python3.12/site-packages/airflow/example_dags/example_task_group_decorator.py
[2024-12-29T00:13:28.662+0000] {logging_mixin.py:190} INFO - [2024-12-29T00:13:28.662+0000] {dag.py:3239} INFO - Sync 1 DAGs
[2024-12-29T00:13:28.681+0000] {logging_mixin.py:190} INFO - [2024-12-29T00:13:28.680+0000] {dag.py:4180} INFO - Setting next_dagrun for example_task_group_decorator to None, run_after=None
[2024-12-29T00:13:28.711+0000] {processor.py:208} INFO - Processing /home/airflow/.local/lib/python3.12/site-packages/airflow/example_dags/example_task_group_decorator.py took 0.116 seconds
[2024-12-29T00:13:59.758+0000] {processor.py:186} INFO - Started process (PID=1356) to work on /home/airflow/.local/lib/python3.12/site-packages/airflow/example_dags/example_task_group_decorator.py
[2024-12-29T00:13:59.759+0000] {processor.py:914} INFO - Processing file /home/airflow/.local/lib/python3.12/site-packages/airflow/example_dags/example_task_group_decorator.py for tasks to queue
[2024-12-29T00:13:59.761+0000] {logging_mixin.py:190} INFO - [2024-12-29T00:13:59.761+0000] {dagbag.py:588} INFO - Filling up the DagBag from /home/airflow/.local/lib/python3.12/site-packages/airflow/example_dags/example_task_group_decorator.py
[2024-12-29T00:13:59.781+0000] {processor.py:925} INFO - DAG(s) 'example_task_group_decorator' retrieved from /home/airflow/.local/lib/python3.12/site-packages/airflow/example_dags/example_task_group_decorator.py
[2024-12-29T00:13:59.822+0000] {logging_mixin.py:190} INFO - [2024-12-29T00:13:59.821+0000] {dag.py:3239} INFO - Sync 1 DAGs
[2024-12-29T00:13:59.843+0000] {logging_mixin.py:190} INFO - [2024-12-29T00:13:59.842+0000] {dag.py:4180} INFO - Setting next_dagrun for example_task_group_decorator to None, run_after=None
[2024-12-29T00:13:59.877+0000] {processor.py:208} INFO - Processing /home/airflow/.local/lib/python3.12/site-packages/airflow/example_dags/example_task_group_decorator.py took 0.125 seconds
[2024-12-29T00:14:31.555+0000] {processor.py:186} INFO - Started process (PID=1421) to work on /home/airflow/.local/lib/python3.12/site-packages/airflow/example_dags/example_task_group_decorator.py
[2024-12-29T00:14:31.556+0000] {processor.py:914} INFO - Processing file /home/airflow/.local/lib/python3.12/site-packages/airflow/example_dags/example_task_group_decorator.py for tasks to queue
[2024-12-29T00:14:31.558+0000] {logging_mixin.py:190} INFO - [2024-12-29T00:14:31.558+0000] {dagbag.py:588} INFO - Filling up the DagBag from /home/airflow/.local/lib/python3.12/site-packages/airflow/example_dags/example_task_group_decorator.py
[2024-12-29T00:14:31.578+0000] {processor.py:925} INFO - DAG(s) 'example_task_group_decorator' retrieved from /home/airflow/.local/lib/python3.12/site-packages/airflow/example_dags/example_task_group_decorator.py
[2024-12-29T00:14:31.607+0000] {logging_mixin.py:190} INFO - [2024-12-29T00:14:31.606+0000] {dag.py:3239} INFO - Sync 1 DAGs
[2024-12-29T00:14:31.622+0000] {logging_mixin.py:190} INFO - [2024-12-29T00:14:31.622+0000] {dag.py:4180} INFO - Setting next_dagrun for example_task_group_decorator to None, run_after=None
[2024-12-29T00:14:31.647+0000] {processor.py:208} INFO - Processing /home/airflow/.local/lib/python3.12/site-packages/airflow/example_dags/example_task_group_decorator.py took 0.098 seconds
[2024-12-29T00:15:02.265+0000] {processor.py:186} INFO - Started process (PID=1486) to work on /home/airflow/.local/lib/python3.12/site-packages/airflow/example_dags/example_task_group_decorator.py
[2024-12-29T00:15:02.267+0000] {processor.py:914} INFO - Processing file /home/airflow/.local/lib/python3.12/site-packages/airflow/example_dags/example_task_group_decorator.py for tasks to queue
[2024-12-29T00:15:02.270+0000] {logging_mixin.py:190} INFO - [2024-12-29T00:15:02.269+0000] {dagbag.py:588} INFO - Filling up the DagBag from /home/airflow/.local/lib/python3.12/site-packages/airflow/example_dags/example_task_group_decorator.py
[2024-12-29T00:15:02.289+0000] {processor.py:925} INFO - DAG(s) 'example_task_group_decorator' retrieved from /home/airflow/.local/lib/python3.12/site-packages/airflow/example_dags/example_task_group_decorator.py
[2024-12-29T00:15:02.324+0000] {logging_mixin.py:190} INFO - [2024-12-29T00:15:02.324+0000] {dag.py:3239} INFO - Sync 1 DAGs
[2024-12-29T00:15:02.343+0000] {logging_mixin.py:190} INFO - [2024-12-29T00:15:02.342+0000] {dag.py:4180} INFO - Setting next_dagrun for example_task_group_decorator to None, run_after=None
[2024-12-29T00:15:02.372+0000] {processor.py:208} INFO - Processing /home/airflow/.local/lib/python3.12/site-packages/airflow/example_dags/example_task_group_decorator.py took 0.113 seconds
[2024-12-29T00:15:32.965+0000] {processor.py:186} INFO - Started process (PID=1550) to work on /home/airflow/.local/lib/python3.12/site-packages/airflow/example_dags/example_task_group_decorator.py
[2024-12-29T00:15:32.967+0000] {processor.py:914} INFO - Processing file /home/airflow/.local/lib/python3.12/site-packages/airflow/example_dags/example_task_group_decorator.py for tasks to queue
[2024-12-29T00:15:32.969+0000] {logging_mixin.py:190} INFO - [2024-12-29T00:15:32.969+0000] {dagbag.py:588} INFO - Filling up the DagBag from /home/airflow/.local/lib/python3.12/site-packages/airflow/example_dags/example_task_group_decorator.py
[2024-12-29T00:15:32.989+0000] {processor.py:925} INFO - DAG(s) 'example_task_group_decorator' retrieved from /home/airflow/.local/lib/python3.12/site-packages/airflow/example_dags/example_task_group_decorator.py
[2024-12-29T00:15:33.035+0000] {logging_mixin.py:190} INFO - [2024-12-29T00:15:33.035+0000] {dag.py:3239} INFO - Sync 1 DAGs
[2024-12-29T00:15:33.063+0000] {logging_mixin.py:190} INFO - [2024-12-29T00:15:33.063+0000] {dag.py:4180} INFO - Setting next_dagrun for example_task_group_decorator to None, run_after=None
[2024-12-29T00:15:33.097+0000] {processor.py:208} INFO - Processing /home/airflow/.local/lib/python3.12/site-packages/airflow/example_dags/example_task_group_decorator.py took 0.142 seconds
[2024-12-29T00:16:03.647+0000] {processor.py:186} INFO - Started process (PID=1614) to work on /home/airflow/.local/lib/python3.12/site-packages/airflow/example_dags/example_task_group_decorator.py
[2024-12-29T00:16:03.649+0000] {processor.py:914} INFO - Processing file /home/airflow/.local/lib/python3.12/site-packages/airflow/example_dags/example_task_group_decorator.py for tasks to queue
[2024-12-29T00:16:03.652+0000] {logging_mixin.py:190} INFO - [2024-12-29T00:16:03.652+0000] {dagbag.py:588} INFO - Filling up the DagBag from /home/airflow/.local/lib/python3.12/site-packages/airflow/example_dags/example_task_group_decorator.py
[2024-12-29T00:16:03.669+0000] {processor.py:925} INFO - DAG(s) 'example_task_group_decorator' retrieved from /home/airflow/.local/lib/python3.12/site-packages/airflow/example_dags/example_task_group_decorator.py
[2024-12-29T00:16:03.702+0000] {logging_mixin.py:190} INFO - [2024-12-29T00:16:03.702+0000] {dag.py:3239} INFO - Sync 1 DAGs
[2024-12-29T00:16:03.718+0000] {logging_mixin.py:190} INFO - [2024-12-29T00:16:03.717+0000] {dag.py:4180} INFO - Setting next_dagrun for example_task_group_decorator to None, run_after=None
[2024-12-29T00:16:03.745+0000] {processor.py:208} INFO - Processing /home/airflow/.local/lib/python3.12/site-packages/airflow/example_dags/example_task_group_decorator.py took 0.104 seconds
[2024-12-29T00:16:34.577+0000] {processor.py:186} INFO - Started process (PID=1679) to work on /home/airflow/.local/lib/python3.12/site-packages/airflow/example_dags/example_task_group_decorator.py
[2024-12-29T00:16:34.579+0000] {processor.py:914} INFO - Processing file /home/airflow/.local/lib/python3.12/site-packages/airflow/example_dags/example_task_group_decorator.py for tasks to queue
[2024-12-29T00:16:34.582+0000] {logging_mixin.py:190} INFO - [2024-12-29T00:16:34.582+0000] {dagbag.py:588} INFO - Filling up the DagBag from /home/airflow/.local/lib/python3.12/site-packages/airflow/example_dags/example_task_group_decorator.py
[2024-12-29T00:16:34.606+0000] {processor.py:925} INFO - DAG(s) 'example_task_group_decorator' retrieved from /home/airflow/.local/lib/python3.12/site-packages/airflow/example_dags/example_task_group_decorator.py
[2024-12-29T00:16:34.645+0000] {logging_mixin.py:190} INFO - [2024-12-29T00:16:34.645+0000] {dag.py:3239} INFO - Sync 1 DAGs
[2024-12-29T00:16:34.664+0000] {logging_mixin.py:190} INFO - [2024-12-29T00:16:34.664+0000] {dag.py:4180} INFO - Setting next_dagrun for example_task_group_decorator to None, run_after=None
[2024-12-29T00:16:34.694+0000] {processor.py:208} INFO - Processing /home/airflow/.local/lib/python3.12/site-packages/airflow/example_dags/example_task_group_decorator.py took 0.125 seconds
[2024-12-29T00:20:00.656+0000] {processor.py:186} INFO - Started process (PID=120) to work on /home/airflow/.local/lib/python3.12/site-packages/airflow/example_dags/example_task_group_decorator.py
[2024-12-29T00:20:00.659+0000] {processor.py:914} INFO - Processing file /home/airflow/.local/lib/python3.12/site-packages/airflow/example_dags/example_task_group_decorator.py for tasks to queue
[2024-12-29T00:20:00.662+0000] {logging_mixin.py:190} INFO - [2024-12-29T00:20:00.661+0000] {dagbag.py:588} INFO - Filling up the DagBag from /home/airflow/.local/lib/python3.12/site-packages/airflow/example_dags/example_task_group_decorator.py
[2024-12-29T00:20:00.683+0000] {processor.py:925} INFO - DAG(s) 'example_task_group_decorator' retrieved from /home/airflow/.local/lib/python3.12/site-packages/airflow/example_dags/example_task_group_decorator.py
[2024-12-29T00:20:00.726+0000] {logging_mixin.py:190} INFO - [2024-12-29T00:20:00.725+0000] {dag.py:3239} INFO - Sync 1 DAGs
[2024-12-29T00:20:00.749+0000] {logging_mixin.py:190} INFO - [2024-12-29T00:20:00.746+0000] {dag.py:4180} INFO - Setting next_dagrun for example_task_group_decorator to None, run_after=None
[2024-12-29T00:20:00.803+0000] {processor.py:208} INFO - Processing /home/airflow/.local/lib/python3.12/site-packages/airflow/example_dags/example_task_group_decorator.py took 0.154 seconds
[2024-12-29T00:20:32.864+0000] {processor.py:186} INFO - Started process (PID=185) to work on /home/airflow/.local/lib/python3.12/site-packages/airflow/example_dags/example_task_group_decorator.py
[2024-12-29T00:20:32.866+0000] {processor.py:914} INFO - Processing file /home/airflow/.local/lib/python3.12/site-packages/airflow/example_dags/example_task_group_decorator.py for tasks to queue
[2024-12-29T00:20:32.868+0000] {logging_mixin.py:190} INFO - [2024-12-29T00:20:32.868+0000] {dagbag.py:588} INFO - Filling up the DagBag from /home/airflow/.local/lib/python3.12/site-packages/airflow/example_dags/example_task_group_decorator.py
[2024-12-29T00:20:32.885+0000] {processor.py:925} INFO - DAG(s) 'example_task_group_decorator' retrieved from /home/airflow/.local/lib/python3.12/site-packages/airflow/example_dags/example_task_group_decorator.py
[2024-12-29T00:20:32.914+0000] {logging_mixin.py:190} INFO - [2024-12-29T00:20:32.914+0000] {dag.py:3239} INFO - Sync 1 DAGs
[2024-12-29T00:20:32.929+0000] {logging_mixin.py:190} INFO - [2024-12-29T00:20:32.928+0000] {dag.py:4180} INFO - Setting next_dagrun for example_task_group_decorator to None, run_after=None
[2024-12-29T00:20:32.954+0000] {processor.py:208} INFO - Processing /home/airflow/.local/lib/python3.12/site-packages/airflow/example_dags/example_task_group_decorator.py took 0.095 seconds
[2024-12-29T00:21:05.251+0000] {processor.py:186} INFO - Started process (PID=250) to work on /home/airflow/.local/lib/python3.12/site-packages/airflow/example_dags/example_task_group_decorator.py
[2024-12-29T00:21:05.252+0000] {processor.py:914} INFO - Processing file /home/airflow/.local/lib/python3.12/site-packages/airflow/example_dags/example_task_group_decorator.py for tasks to queue
[2024-12-29T00:21:05.255+0000] {logging_mixin.py:190} INFO - [2024-12-29T00:21:05.255+0000] {dagbag.py:588} INFO - Filling up the DagBag from /home/airflow/.local/lib/python3.12/site-packages/airflow/example_dags/example_task_group_decorator.py
[2024-12-29T00:21:05.277+0000] {processor.py:925} INFO - DAG(s) 'example_task_group_decorator' retrieved from /home/airflow/.local/lib/python3.12/site-packages/airflow/example_dags/example_task_group_decorator.py
[2024-12-29T00:21:05.309+0000] {logging_mixin.py:190} INFO - [2024-12-29T00:21:05.309+0000] {dag.py:3239} INFO - Sync 1 DAGs
[2024-12-29T00:21:05.326+0000] {logging_mixin.py:190} INFO - [2024-12-29T00:21:05.325+0000] {dag.py:4180} INFO - Setting next_dagrun for example_task_group_decorator to None, run_after=None
[2024-12-29T00:21:05.351+0000] {processor.py:208} INFO - Processing /home/airflow/.local/lib/python3.12/site-packages/airflow/example_dags/example_task_group_decorator.py took 0.107 seconds
[2024-12-29T00:21:36.525+0000] {processor.py:186} INFO - Started process (PID=315) to work on /home/airflow/.local/lib/python3.12/site-packages/airflow/example_dags/example_task_group_decorator.py
[2024-12-29T00:21:36.527+0000] {processor.py:914} INFO - Processing file /home/airflow/.local/lib/python3.12/site-packages/airflow/example_dags/example_task_group_decorator.py for tasks to queue
[2024-12-29T00:21:36.529+0000] {logging_mixin.py:190} INFO - [2024-12-29T00:21:36.529+0000] {dagbag.py:588} INFO - Filling up the DagBag from /home/airflow/.local/lib/python3.12/site-packages/airflow/example_dags/example_task_group_decorator.py
[2024-12-29T00:21:36.547+0000] {processor.py:925} INFO - DAG(s) 'example_task_group_decorator' retrieved from /home/airflow/.local/lib/python3.12/site-packages/airflow/example_dags/example_task_group_decorator.py
[2024-12-29T00:21:36.581+0000] {logging_mixin.py:190} INFO - [2024-12-29T00:21:36.581+0000] {dag.py:3239} INFO - Sync 1 DAGs
[2024-12-29T00:21:36.599+0000] {logging_mixin.py:190} INFO - [2024-12-29T00:21:36.598+0000] {dag.py:4180} INFO - Setting next_dagrun for example_task_group_decorator to None, run_after=None
[2024-12-29T00:21:36.626+0000] {processor.py:208} INFO - Processing /home/airflow/.local/lib/python3.12/site-packages/airflow/example_dags/example_task_group_decorator.py took 0.107 seconds
[2024-12-29T00:22:08.035+0000] {processor.py:186} INFO - Started process (PID=380) to work on /home/airflow/.local/lib/python3.12/site-packages/airflow/example_dags/example_task_group_decorator.py
[2024-12-29T00:22:08.038+0000] {processor.py:914} INFO - Processing file /home/airflow/.local/lib/python3.12/site-packages/airflow/example_dags/example_task_group_decorator.py for tasks to queue
[2024-12-29T00:22:08.041+0000] {logging_mixin.py:190} INFO - [2024-12-29T00:22:08.041+0000] {dagbag.py:588} INFO - Filling up the DagBag from /home/airflow/.local/lib/python3.12/site-packages/airflow/example_dags/example_task_group_decorator.py
[2024-12-29T00:22:08.062+0000] {processor.py:925} INFO - DAG(s) 'example_task_group_decorator' retrieved from /home/airflow/.local/lib/python3.12/site-packages/airflow/example_dags/example_task_group_decorator.py
[2024-12-29T00:22:08.098+0000] {logging_mixin.py:190} INFO - [2024-12-29T00:22:08.098+0000] {dag.py:3239} INFO - Sync 1 DAGs
[2024-12-29T00:22:08.113+0000] {logging_mixin.py:190} INFO - [2024-12-29T00:22:08.113+0000] {dag.py:4180} INFO - Setting next_dagrun for example_task_group_decorator to None, run_after=None
[2024-12-29T00:22:08.141+0000] {processor.py:208} INFO - Processing /home/airflow/.local/lib/python3.12/site-packages/airflow/example_dags/example_task_group_decorator.py took 0.113 seconds
[2024-12-29T00:22:39.047+0000] {processor.py:186} INFO - Started process (PID=451) to work on /home/airflow/.local/lib/python3.12/site-packages/airflow/example_dags/example_task_group_decorator.py
[2024-12-29T00:22:39.048+0000] {processor.py:914} INFO - Processing file /home/airflow/.local/lib/python3.12/site-packages/airflow/example_dags/example_task_group_decorator.py for tasks to queue
[2024-12-29T00:22:39.051+0000] {logging_mixin.py:190} INFO - [2024-12-29T00:22:39.051+0000] {dagbag.py:588} INFO - Filling up the DagBag from /home/airflow/.local/lib/python3.12/site-packages/airflow/example_dags/example_task_group_decorator.py
[2024-12-29T00:22:39.069+0000] {processor.py:925} INFO - DAG(s) 'example_task_group_decorator' retrieved from /home/airflow/.local/lib/python3.12/site-packages/airflow/example_dags/example_task_group_decorator.py
[2024-12-29T00:22:39.103+0000] {logging_mixin.py:190} INFO - [2024-12-29T00:22:39.102+0000] {dag.py:3239} INFO - Sync 1 DAGs
[2024-12-29T00:22:39.121+0000] {logging_mixin.py:190} INFO - [2024-12-29T00:22:39.120+0000] {dag.py:4180} INFO - Setting next_dagrun for example_task_group_decorator to None, run_after=None
[2024-12-29T00:22:39.149+0000] {processor.py:208} INFO - Processing /home/airflow/.local/lib/python3.12/site-packages/airflow/example_dags/example_task_group_decorator.py took 0.109 seconds
[2024-12-29T00:23:11.953+0000] {processor.py:186} INFO - Started process (PID=516) to work on /home/airflow/.local/lib/python3.12/site-packages/airflow/example_dags/example_task_group_decorator.py
[2024-12-29T00:23:11.955+0000] {processor.py:914} INFO - Processing file /home/airflow/.local/lib/python3.12/site-packages/airflow/example_dags/example_task_group_decorator.py for tasks to queue
[2024-12-29T00:23:11.958+0000] {logging_mixin.py:190} INFO - [2024-12-29T00:23:11.958+0000] {dagbag.py:588} INFO - Filling up the DagBag from /home/airflow/.local/lib/python3.12/site-packages/airflow/example_dags/example_task_group_decorator.py
[2024-12-29T00:23:11.986+0000] {processor.py:925} INFO - DAG(s) 'example_task_group_decorator' retrieved from /home/airflow/.local/lib/python3.12/site-packages/airflow/example_dags/example_task_group_decorator.py
[2024-12-29T00:23:12.018+0000] {logging_mixin.py:190} INFO - [2024-12-29T00:23:12.018+0000] {dag.py:3239} INFO - Sync 1 DAGs
[2024-12-29T00:23:12.037+0000] {logging_mixin.py:190} INFO - [2024-12-29T00:23:12.037+0000] {dag.py:4180} INFO - Setting next_dagrun for example_task_group_decorator to None, run_after=None
[2024-12-29T00:23:12.068+0000] {processor.py:208} INFO - Processing /home/airflow/.local/lib/python3.12/site-packages/airflow/example_dags/example_task_group_decorator.py took 0.122 seconds
[2024-12-29T00:23:43.404+0000] {processor.py:186} INFO - Started process (PID=582) to work on /home/airflow/.local/lib/python3.12/site-packages/airflow/example_dags/example_task_group_decorator.py
[2024-12-29T00:23:43.405+0000] {processor.py:914} INFO - Processing file /home/airflow/.local/lib/python3.12/site-packages/airflow/example_dags/example_task_group_decorator.py for tasks to queue
[2024-12-29T00:23:43.407+0000] {logging_mixin.py:190} INFO - [2024-12-29T00:23:43.407+0000] {dagbag.py:588} INFO - Filling up the DagBag from /home/airflow/.local/lib/python3.12/site-packages/airflow/example_dags/example_task_group_decorator.py
[2024-12-29T00:23:43.424+0000] {processor.py:925} INFO - DAG(s) 'example_task_group_decorator' retrieved from /home/airflow/.local/lib/python3.12/site-packages/airflow/example_dags/example_task_group_decorator.py
[2024-12-29T00:23:43.458+0000] {logging_mixin.py:190} INFO - [2024-12-29T00:23:43.458+0000] {dag.py:3239} INFO - Sync 1 DAGs
[2024-12-29T00:23:43.476+0000] {logging_mixin.py:190} INFO - [2024-12-29T00:23:43.475+0000] {dag.py:4180} INFO - Setting next_dagrun for example_task_group_decorator to None, run_after=None
[2024-12-29T00:23:43.505+0000] {processor.py:208} INFO - Processing /home/airflow/.local/lib/python3.12/site-packages/airflow/example_dags/example_task_group_decorator.py took 0.108 seconds
[2024-12-29T00:24:14.518+0000] {processor.py:186} INFO - Started process (PID=647) to work on /home/airflow/.local/lib/python3.12/site-packages/airflow/example_dags/example_task_group_decorator.py
[2024-12-29T00:24:14.521+0000] {processor.py:914} INFO - Processing file /home/airflow/.local/lib/python3.12/site-packages/airflow/example_dags/example_task_group_decorator.py for tasks to queue
[2024-12-29T00:24:14.526+0000] {logging_mixin.py:190} INFO - [2024-12-29T00:24:14.525+0000] {dagbag.py:588} INFO - Filling up the DagBag from /home/airflow/.local/lib/python3.12/site-packages/airflow/example_dags/example_task_group_decorator.py
[2024-12-29T00:24:14.544+0000] {processor.py:925} INFO - DAG(s) 'example_task_group_decorator' retrieved from /home/airflow/.local/lib/python3.12/site-packages/airflow/example_dags/example_task_group_decorator.py
[2024-12-29T00:24:14.575+0000] {logging_mixin.py:190} INFO - [2024-12-29T00:24:14.574+0000] {dag.py:3239} INFO - Sync 1 DAGs
[2024-12-29T00:24:14.591+0000] {logging_mixin.py:190} INFO - [2024-12-29T00:24:14.590+0000] {dag.py:4180} INFO - Setting next_dagrun for example_task_group_decorator to None, run_after=None
[2024-12-29T00:24:14.614+0000] {processor.py:208} INFO - Processing /home/airflow/.local/lib/python3.12/site-packages/airflow/example_dags/example_task_group_decorator.py took 0.103 seconds
[2024-12-29T00:24:45.686+0000] {processor.py:186} INFO - Started process (PID=712) to work on /home/airflow/.local/lib/python3.12/site-packages/airflow/example_dags/example_task_group_decorator.py
[2024-12-29T00:24:45.688+0000] {processor.py:914} INFO - Processing file /home/airflow/.local/lib/python3.12/site-packages/airflow/example_dags/example_task_group_decorator.py for tasks to queue
[2024-12-29T00:24:45.691+0000] {logging_mixin.py:190} INFO - [2024-12-29T00:24:45.691+0000] {dagbag.py:588} INFO - Filling up the DagBag from /home/airflow/.local/lib/python3.12/site-packages/airflow/example_dags/example_task_group_decorator.py
[2024-12-29T00:24:45.711+0000] {processor.py:925} INFO - DAG(s) 'example_task_group_decorator' retrieved from /home/airflow/.local/lib/python3.12/site-packages/airflow/example_dags/example_task_group_decorator.py
[2024-12-29T00:24:45.749+0000] {logging_mixin.py:190} INFO - [2024-12-29T00:24:45.749+0000] {dag.py:3239} INFO - Sync 1 DAGs
[2024-12-29T00:24:45.772+0000] {logging_mixin.py:190} INFO - [2024-12-29T00:24:45.771+0000] {dag.py:4180} INFO - Setting next_dagrun for example_task_group_decorator to None, run_after=None
[2024-12-29T00:24:45.803+0000] {processor.py:208} INFO - Processing /home/airflow/.local/lib/python3.12/site-packages/airflow/example_dags/example_task_group_decorator.py took 0.124 seconds
[2024-12-29T00:25:16.952+0000] {processor.py:186} INFO - Started process (PID=777) to work on /home/airflow/.local/lib/python3.12/site-packages/airflow/example_dags/example_task_group_decorator.py
[2024-12-29T00:25:16.953+0000] {processor.py:914} INFO - Processing file /home/airflow/.local/lib/python3.12/site-packages/airflow/example_dags/example_task_group_decorator.py for tasks to queue
[2024-12-29T00:25:16.956+0000] {logging_mixin.py:190} INFO - [2024-12-29T00:25:16.956+0000] {dagbag.py:588} INFO - Filling up the DagBag from /home/airflow/.local/lib/python3.12/site-packages/airflow/example_dags/example_task_group_decorator.py
[2024-12-29T00:25:16.969+0000] {processor.py:925} INFO - DAG(s) 'example_task_group_decorator' retrieved from /home/airflow/.local/lib/python3.12/site-packages/airflow/example_dags/example_task_group_decorator.py
[2024-12-29T00:25:16.993+0000] {logging_mixin.py:190} INFO - [2024-12-29T00:25:16.993+0000] {dag.py:3239} INFO - Sync 1 DAGs
[2024-12-29T00:25:17.008+0000] {logging_mixin.py:190} INFO - [2024-12-29T00:25:17.008+0000] {dag.py:4180} INFO - Setting next_dagrun for example_task_group_decorator to None, run_after=None
[2024-12-29T00:25:17.032+0000] {processor.py:208} INFO - Processing /home/airflow/.local/lib/python3.12/site-packages/airflow/example_dags/example_task_group_decorator.py took 0.085 seconds
[2024-12-29T00:25:48.407+0000] {processor.py:186} INFO - Started process (PID=842) to work on /home/airflow/.local/lib/python3.12/site-packages/airflow/example_dags/example_task_group_decorator.py
[2024-12-29T00:25:48.409+0000] {processor.py:914} INFO - Processing file /home/airflow/.local/lib/python3.12/site-packages/airflow/example_dags/example_task_group_decorator.py for tasks to queue
[2024-12-29T00:25:48.411+0000] {logging_mixin.py:190} INFO - [2024-12-29T00:25:48.411+0000] {dagbag.py:588} INFO - Filling up the DagBag from /home/airflow/.local/lib/python3.12/site-packages/airflow/example_dags/example_task_group_decorator.py
[2024-12-29T00:25:48.428+0000] {processor.py:925} INFO - DAG(s) 'example_task_group_decorator' retrieved from /home/airflow/.local/lib/python3.12/site-packages/airflow/example_dags/example_task_group_decorator.py
[2024-12-29T00:25:48.462+0000] {logging_mixin.py:190} INFO - [2024-12-29T00:25:48.461+0000] {dag.py:3239} INFO - Sync 1 DAGs
[2024-12-29T00:25:48.480+0000] {logging_mixin.py:190} INFO - [2024-12-29T00:25:48.480+0000] {dag.py:4180} INFO - Setting next_dagrun for example_task_group_decorator to None, run_after=None
[2024-12-29T00:25:48.505+0000] {processor.py:208} INFO - Processing /home/airflow/.local/lib/python3.12/site-packages/airflow/example_dags/example_task_group_decorator.py took 0.106 seconds
[2024-12-29T00:26:19.481+0000] {processor.py:186} INFO - Started process (PID=907) to work on /home/airflow/.local/lib/python3.12/site-packages/airflow/example_dags/example_task_group_decorator.py
[2024-12-29T00:26:19.482+0000] {processor.py:914} INFO - Processing file /home/airflow/.local/lib/python3.12/site-packages/airflow/example_dags/example_task_group_decorator.py for tasks to queue
[2024-12-29T00:26:19.485+0000] {logging_mixin.py:190} INFO - [2024-12-29T00:26:19.484+0000] {dagbag.py:588} INFO - Filling up the DagBag from /home/airflow/.local/lib/python3.12/site-packages/airflow/example_dags/example_task_group_decorator.py
[2024-12-29T00:26:19.499+0000] {processor.py:925} INFO - DAG(s) 'example_task_group_decorator' retrieved from /home/airflow/.local/lib/python3.12/site-packages/airflow/example_dags/example_task_group_decorator.py
[2024-12-29T00:26:19.533+0000] {logging_mixin.py:190} INFO - [2024-12-29T00:26:19.532+0000] {dag.py:3239} INFO - Sync 1 DAGs
[2024-12-29T00:26:19.549+0000] {logging_mixin.py:190} INFO - [2024-12-29T00:26:19.549+0000] {dag.py:4180} INFO - Setting next_dagrun for example_task_group_decorator to None, run_after=None
[2024-12-29T00:26:19.579+0000] {processor.py:208} INFO - Processing /home/airflow/.local/lib/python3.12/site-packages/airflow/example_dags/example_task_group_decorator.py took 0.105 seconds
[2024-12-29T00:26:50.833+0000] {processor.py:186} INFO - Started process (PID=972) to work on /home/airflow/.local/lib/python3.12/site-packages/airflow/example_dags/example_task_group_decorator.py
[2024-12-29T00:26:50.836+0000] {processor.py:914} INFO - Processing file /home/airflow/.local/lib/python3.12/site-packages/airflow/example_dags/example_task_group_decorator.py for tasks to queue
[2024-12-29T00:26:50.839+0000] {logging_mixin.py:190} INFO - [2024-12-29T00:26:50.838+0000] {dagbag.py:588} INFO - Filling up the DagBag from /home/airflow/.local/lib/python3.12/site-packages/airflow/example_dags/example_task_group_decorator.py
[2024-12-29T00:26:50.857+0000] {processor.py:925} INFO - DAG(s) 'example_task_group_decorator' retrieved from /home/airflow/.local/lib/python3.12/site-packages/airflow/example_dags/example_task_group_decorator.py
[2024-12-29T00:26:50.892+0000] {logging_mixin.py:190} INFO - [2024-12-29T00:26:50.891+0000] {dag.py:3239} INFO - Sync 1 DAGs
[2024-12-29T00:26:50.912+0000] {logging_mixin.py:190} INFO - [2024-12-29T00:26:50.911+0000] {dag.py:4180} INFO - Setting next_dagrun for example_task_group_decorator to None, run_after=None
[2024-12-29T00:26:50.944+0000] {processor.py:208} INFO - Processing /home/airflow/.local/lib/python3.12/site-packages/airflow/example_dags/example_task_group_decorator.py took 0.118 seconds
[2024-12-29T00:27:22.639+0000] {processor.py:186} INFO - Started process (PID=1037) to work on /home/airflow/.local/lib/python3.12/site-packages/airflow/example_dags/example_task_group_decorator.py
[2024-12-29T00:27:22.641+0000] {processor.py:914} INFO - Processing file /home/airflow/.local/lib/python3.12/site-packages/airflow/example_dags/example_task_group_decorator.py for tasks to queue
[2024-12-29T00:27:22.645+0000] {logging_mixin.py:190} INFO - [2024-12-29T00:27:22.644+0000] {dagbag.py:588} INFO - Filling up the DagBag from /home/airflow/.local/lib/python3.12/site-packages/airflow/example_dags/example_task_group_decorator.py
[2024-12-29T00:27:22.665+0000] {processor.py:925} INFO - DAG(s) 'example_task_group_decorator' retrieved from /home/airflow/.local/lib/python3.12/site-packages/airflow/example_dags/example_task_group_decorator.py
[2024-12-29T00:27:22.700+0000] {logging_mixin.py:190} INFO - [2024-12-29T00:27:22.700+0000] {dag.py:3239} INFO - Sync 1 DAGs
[2024-12-29T00:27:22.719+0000] {logging_mixin.py:190} INFO - [2024-12-29T00:27:22.719+0000] {dag.py:4180} INFO - Setting next_dagrun for example_task_group_decorator to None, run_after=None
[2024-12-29T00:27:22.748+0000] {processor.py:208} INFO - Processing /home/airflow/.local/lib/python3.12/site-packages/airflow/example_dags/example_task_group_decorator.py took 0.116 seconds
[2024-12-29T00:27:53.325+0000] {processor.py:186} INFO - Started process (PID=1102) to work on /home/airflow/.local/lib/python3.12/site-packages/airflow/example_dags/example_task_group_decorator.py
[2024-12-29T00:27:53.327+0000] {processor.py:914} INFO - Processing file /home/airflow/.local/lib/python3.12/site-packages/airflow/example_dags/example_task_group_decorator.py for tasks to queue
[2024-12-29T00:27:53.333+0000] {logging_mixin.py:190} INFO - [2024-12-29T00:27:53.332+0000] {dagbag.py:588} INFO - Filling up the DagBag from /home/airflow/.local/lib/python3.12/site-packages/airflow/example_dags/example_task_group_decorator.py
[2024-12-29T00:27:53.366+0000] {processor.py:925} INFO - DAG(s) 'example_task_group_decorator' retrieved from /home/airflow/.local/lib/python3.12/site-packages/airflow/example_dags/example_task_group_decorator.py
[2024-12-29T00:27:53.414+0000] {logging_mixin.py:190} INFO - [2024-12-29T00:27:53.414+0000] {dag.py:3239} INFO - Sync 1 DAGs
[2024-12-29T00:27:53.453+0000] {logging_mixin.py:190} INFO - [2024-12-29T00:27:53.452+0000] {dag.py:4180} INFO - Setting next_dagrun for example_task_group_decorator to None, run_after=None
[2024-12-29T00:27:53.490+0000] {processor.py:208} INFO - Processing /home/airflow/.local/lib/python3.12/site-packages/airflow/example_dags/example_task_group_decorator.py took 0.175 seconds
[2024-12-29T00:28:24.380+0000] {processor.py:186} INFO - Started process (PID=1168) to work on /home/airflow/.local/lib/python3.12/site-packages/airflow/example_dags/example_task_group_decorator.py
[2024-12-29T00:28:24.381+0000] {processor.py:914} INFO - Processing file /home/airflow/.local/lib/python3.12/site-packages/airflow/example_dags/example_task_group_decorator.py for tasks to queue
[2024-12-29T00:28:24.383+0000] {logging_mixin.py:190} INFO - [2024-12-29T00:28:24.383+0000] {dagbag.py:588} INFO - Filling up the DagBag from /home/airflow/.local/lib/python3.12/site-packages/airflow/example_dags/example_task_group_decorator.py
[2024-12-29T00:28:24.398+0000] {processor.py:925} INFO - DAG(s) 'example_task_group_decorator' retrieved from /home/airflow/.local/lib/python3.12/site-packages/airflow/example_dags/example_task_group_decorator.py
[2024-12-29T00:28:24.428+0000] {logging_mixin.py:190} INFO - [2024-12-29T00:28:24.428+0000] {dag.py:3239} INFO - Sync 1 DAGs
[2024-12-29T00:28:24.443+0000] {logging_mixin.py:190} INFO - [2024-12-29T00:28:24.443+0000] {dag.py:4180} INFO - Setting next_dagrun for example_task_group_decorator to None, run_after=None
[2024-12-29T00:28:24.469+0000] {processor.py:208} INFO - Processing /home/airflow/.local/lib/python3.12/site-packages/airflow/example_dags/example_task_group_decorator.py took 0.095 seconds
[2024-12-29T00:28:55.632+0000] {processor.py:186} INFO - Started process (PID=1233) to work on /home/airflow/.local/lib/python3.12/site-packages/airflow/example_dags/example_task_group_decorator.py
[2024-12-29T00:28:55.634+0000] {processor.py:914} INFO - Processing file /home/airflow/.local/lib/python3.12/site-packages/airflow/example_dags/example_task_group_decorator.py for tasks to queue
[2024-12-29T00:28:55.636+0000] {logging_mixin.py:190} INFO - [2024-12-29T00:28:55.636+0000] {dagbag.py:588} INFO - Filling up the DagBag from /home/airflow/.local/lib/python3.12/site-packages/airflow/example_dags/example_task_group_decorator.py
[2024-12-29T00:28:55.651+0000] {processor.py:925} INFO - DAG(s) 'example_task_group_decorator' retrieved from /home/airflow/.local/lib/python3.12/site-packages/airflow/example_dags/example_task_group_decorator.py
[2024-12-29T00:28:55.680+0000] {logging_mixin.py:190} INFO - [2024-12-29T00:28:55.680+0000] {dag.py:3239} INFO - Sync 1 DAGs
[2024-12-29T00:28:55.695+0000] {logging_mixin.py:190} INFO - [2024-12-29T00:28:55.694+0000] {dag.py:4180} INFO - Setting next_dagrun for example_task_group_decorator to None, run_after=None
[2024-12-29T00:28:55.722+0000] {processor.py:208} INFO - Processing /home/airflow/.local/lib/python3.12/site-packages/airflow/example_dags/example_task_group_decorator.py took 0.096 seconds
[2024-12-29T00:29:27.301+0000] {processor.py:186} INFO - Started process (PID=1298) to work on /home/airflow/.local/lib/python3.12/site-packages/airflow/example_dags/example_task_group_decorator.py
[2024-12-29T00:29:27.303+0000] {processor.py:914} INFO - Processing file /home/airflow/.local/lib/python3.12/site-packages/airflow/example_dags/example_task_group_decorator.py for tasks to queue
[2024-12-29T00:29:27.305+0000] {logging_mixin.py:190} INFO - [2024-12-29T00:29:27.305+0000] {dagbag.py:588} INFO - Filling up the DagBag from /home/airflow/.local/lib/python3.12/site-packages/airflow/example_dags/example_task_group_decorator.py
[2024-12-29T00:29:27.322+0000] {processor.py:925} INFO - DAG(s) 'example_task_group_decorator' retrieved from /home/airflow/.local/lib/python3.12/site-packages/airflow/example_dags/example_task_group_decorator.py
[2024-12-29T00:29:27.355+0000] {logging_mixin.py:190} INFO - [2024-12-29T00:29:27.354+0000] {dag.py:3239} INFO - Sync 1 DAGs
[2024-12-29T00:29:27.372+0000] {logging_mixin.py:190} INFO - [2024-12-29T00:29:27.372+0000] {dag.py:4180} INFO - Setting next_dagrun for example_task_group_decorator to None, run_after=None
[2024-12-29T00:29:27.404+0000] {processor.py:208} INFO - Processing /home/airflow/.local/lib/python3.12/site-packages/airflow/example_dags/example_task_group_decorator.py took 0.109 seconds
[2024-12-29T00:29:58.139+0000] {processor.py:186} INFO - Started process (PID=1363) to work on /home/airflow/.local/lib/python3.12/site-packages/airflow/example_dags/example_task_group_decorator.py
[2024-12-29T00:29:58.141+0000] {processor.py:914} INFO - Processing file /home/airflow/.local/lib/python3.12/site-packages/airflow/example_dags/example_task_group_decorator.py for tasks to queue
[2024-12-29T00:29:58.143+0000] {logging_mixin.py:190} INFO - [2024-12-29T00:29:58.143+0000] {dagbag.py:588} INFO - Filling up the DagBag from /home/airflow/.local/lib/python3.12/site-packages/airflow/example_dags/example_task_group_decorator.py
[2024-12-29T00:29:58.158+0000] {processor.py:925} INFO - DAG(s) 'example_task_group_decorator' retrieved from /home/airflow/.local/lib/python3.12/site-packages/airflow/example_dags/example_task_group_decorator.py
[2024-12-29T00:29:58.187+0000] {logging_mixin.py:190} INFO - [2024-12-29T00:29:58.187+0000] {dag.py:3239} INFO - Sync 1 DAGs
[2024-12-29T00:29:58.201+0000] {logging_mixin.py:190} INFO - [2024-12-29T00:29:58.201+0000] {dag.py:4180} INFO - Setting next_dagrun for example_task_group_decorator to None, run_after=None
[2024-12-29T00:29:58.223+0000] {processor.py:208} INFO - Processing /home/airflow/.local/lib/python3.12/site-packages/airflow/example_dags/example_task_group_decorator.py took 0.090 seconds
[2024-12-29T00:30:28.959+0000] {processor.py:186} INFO - Started process (PID=1428) to work on /home/airflow/.local/lib/python3.12/site-packages/airflow/example_dags/example_task_group_decorator.py
[2024-12-29T00:30:28.961+0000] {processor.py:914} INFO - Processing file /home/airflow/.local/lib/python3.12/site-packages/airflow/example_dags/example_task_group_decorator.py for tasks to queue
[2024-12-29T00:30:28.963+0000] {logging_mixin.py:190} INFO - [2024-12-29T00:30:28.963+0000] {dagbag.py:588} INFO - Filling up the DagBag from /home/airflow/.local/lib/python3.12/site-packages/airflow/example_dags/example_task_group_decorator.py
[2024-12-29T00:30:28.977+0000] {processor.py:925} INFO - DAG(s) 'example_task_group_decorator' retrieved from /home/airflow/.local/lib/python3.12/site-packages/airflow/example_dags/example_task_group_decorator.py
[2024-12-29T00:30:29.007+0000] {logging_mixin.py:190} INFO - [2024-12-29T00:30:29.007+0000] {dag.py:3239} INFO - Sync 1 DAGs
[2024-12-29T00:30:29.022+0000] {logging_mixin.py:190} INFO - [2024-12-29T00:30:29.022+0000] {dag.py:4180} INFO - Setting next_dagrun for example_task_group_decorator to None, run_after=None
[2024-12-29T00:30:29.048+0000] {processor.py:208} INFO - Processing /home/airflow/.local/lib/python3.12/site-packages/airflow/example_dags/example_task_group_decorator.py took 0.094 seconds
[2024-12-29T00:31:00.636+0000] {processor.py:186} INFO - Started process (PID=1493) to work on /home/airflow/.local/lib/python3.12/site-packages/airflow/example_dags/example_task_group_decorator.py
[2024-12-29T00:31:00.638+0000] {processor.py:914} INFO - Processing file /home/airflow/.local/lib/python3.12/site-packages/airflow/example_dags/example_task_group_decorator.py for tasks to queue
[2024-12-29T00:31:00.642+0000] {logging_mixin.py:190} INFO - [2024-12-29T00:31:00.641+0000] {dagbag.py:588} INFO - Filling up the DagBag from /home/airflow/.local/lib/python3.12/site-packages/airflow/example_dags/example_task_group_decorator.py
[2024-12-29T00:31:00.661+0000] {processor.py:925} INFO - DAG(s) 'example_task_group_decorator' retrieved from /home/airflow/.local/lib/python3.12/site-packages/airflow/example_dags/example_task_group_decorator.py
[2024-12-29T00:31:00.698+0000] {logging_mixin.py:190} INFO - [2024-12-29T00:31:00.697+0000] {dag.py:3239} INFO - Sync 1 DAGs
[2024-12-29T00:31:00.718+0000] {logging_mixin.py:190} INFO - [2024-12-29T00:31:00.717+0000] {dag.py:4180} INFO - Setting next_dagrun for example_task_group_decorator to None, run_after=None
[2024-12-29T00:31:00.752+0000] {processor.py:208} INFO - Processing /home/airflow/.local/lib/python3.12/site-packages/airflow/example_dags/example_task_group_decorator.py took 0.123 seconds
[2024-12-29T00:31:32.028+0000] {processor.py:186} INFO - Started process (PID=1561) to work on /home/airflow/.local/lib/python3.12/site-packages/airflow/example_dags/example_task_group_decorator.py
[2024-12-29T00:31:32.030+0000] {processor.py:914} INFO - Processing file /home/airflow/.local/lib/python3.12/site-packages/airflow/example_dags/example_task_group_decorator.py for tasks to queue
[2024-12-29T00:31:32.034+0000] {logging_mixin.py:190} INFO - [2024-12-29T00:31:32.033+0000] {dagbag.py:588} INFO - Filling up the DagBag from /home/airflow/.local/lib/python3.12/site-packages/airflow/example_dags/example_task_group_decorator.py
[2024-12-29T00:31:32.054+0000] {processor.py:925} INFO - DAG(s) 'example_task_group_decorator' retrieved from /home/airflow/.local/lib/python3.12/site-packages/airflow/example_dags/example_task_group_decorator.py
[2024-12-29T00:31:32.093+0000] {logging_mixin.py:190} INFO - [2024-12-29T00:31:32.092+0000] {dag.py:3239} INFO - Sync 1 DAGs
[2024-12-29T00:31:32.114+0000] {logging_mixin.py:190} INFO - [2024-12-29T00:31:32.114+0000] {dag.py:4180} INFO - Setting next_dagrun for example_task_group_decorator to None, run_after=None
[2024-12-29T00:31:32.147+0000] {processor.py:208} INFO - Processing /home/airflow/.local/lib/python3.12/site-packages/airflow/example_dags/example_task_group_decorator.py took 0.127 seconds
[2024-12-29T00:32:03.200+0000] {processor.py:186} INFO - Started process (PID=1627) to work on /home/airflow/.local/lib/python3.12/site-packages/airflow/example_dags/example_task_group_decorator.py
[2024-12-29T00:32:03.202+0000] {processor.py:914} INFO - Processing file /home/airflow/.local/lib/python3.12/site-packages/airflow/example_dags/example_task_group_decorator.py for tasks to queue
[2024-12-29T00:32:03.205+0000] {logging_mixin.py:190} INFO - [2024-12-29T00:32:03.204+0000] {dagbag.py:588} INFO - Filling up the DagBag from /home/airflow/.local/lib/python3.12/site-packages/airflow/example_dags/example_task_group_decorator.py
[2024-12-29T00:32:03.223+0000] {processor.py:925} INFO - DAG(s) 'example_task_group_decorator' retrieved from /home/airflow/.local/lib/python3.12/site-packages/airflow/example_dags/example_task_group_decorator.py
[2024-12-29T00:32:03.254+0000] {logging_mixin.py:190} INFO - [2024-12-29T00:32:03.254+0000] {dag.py:3239} INFO - Sync 1 DAGs
[2024-12-29T00:32:03.271+0000] {logging_mixin.py:190} INFO - [2024-12-29T00:32:03.271+0000] {dag.py:4180} INFO - Setting next_dagrun for example_task_group_decorator to None, run_after=None
[2024-12-29T00:32:03.299+0000] {processor.py:208} INFO - Processing /home/airflow/.local/lib/python3.12/site-packages/airflow/example_dags/example_task_group_decorator.py took 0.106 seconds
[2024-12-29T00:32:34.938+0000] {processor.py:186} INFO - Started process (PID=1692) to work on /home/airflow/.local/lib/python3.12/site-packages/airflow/example_dags/example_task_group_decorator.py
[2024-12-29T00:32:34.940+0000] {processor.py:914} INFO - Processing file /home/airflow/.local/lib/python3.12/site-packages/airflow/example_dags/example_task_group_decorator.py for tasks to queue
[2024-12-29T00:32:34.943+0000] {logging_mixin.py:190} INFO - [2024-12-29T00:32:34.943+0000] {dagbag.py:588} INFO - Filling up the DagBag from /home/airflow/.local/lib/python3.12/site-packages/airflow/example_dags/example_task_group_decorator.py
[2024-12-29T00:32:34.963+0000] {processor.py:925} INFO - DAG(s) 'example_task_group_decorator' retrieved from /home/airflow/.local/lib/python3.12/site-packages/airflow/example_dags/example_task_group_decorator.py
[2024-12-29T00:32:34.996+0000] {logging_mixin.py:190} INFO - [2024-12-29T00:32:34.995+0000] {dag.py:3239} INFO - Sync 1 DAGs
[2024-12-29T00:32:35.016+0000] {logging_mixin.py:190} INFO - [2024-12-29T00:32:35.015+0000] {dag.py:4180} INFO - Setting next_dagrun for example_task_group_decorator to None, run_after=None
[2024-12-29T00:32:35.047+0000] {processor.py:208} INFO - Processing /home/airflow/.local/lib/python3.12/site-packages/airflow/example_dags/example_task_group_decorator.py took 0.115 seconds
[2024-12-29T00:33:06.535+0000] {processor.py:186} INFO - Started process (PID=1763) to work on /home/airflow/.local/lib/python3.12/site-packages/airflow/example_dags/example_task_group_decorator.py
[2024-12-29T00:33:06.536+0000] {processor.py:914} INFO - Processing file /home/airflow/.local/lib/python3.12/site-packages/airflow/example_dags/example_task_group_decorator.py for tasks to queue
[2024-12-29T00:33:06.539+0000] {logging_mixin.py:190} INFO - [2024-12-29T00:33:06.539+0000] {dagbag.py:588} INFO - Filling up the DagBag from /home/airflow/.local/lib/python3.12/site-packages/airflow/example_dags/example_task_group_decorator.py
[2024-12-29T00:33:06.554+0000] {processor.py:925} INFO - DAG(s) 'example_task_group_decorator' retrieved from /home/airflow/.local/lib/python3.12/site-packages/airflow/example_dags/example_task_group_decorator.py
[2024-12-29T00:33:06.591+0000] {logging_mixin.py:190} INFO - [2024-12-29T00:33:06.590+0000] {dag.py:3239} INFO - Sync 1 DAGs
[2024-12-29T00:33:06.608+0000] {logging_mixin.py:190} INFO - [2024-12-29T00:33:06.607+0000] {dag.py:4180} INFO - Setting next_dagrun for example_task_group_decorator to None, run_after=None
[2024-12-29T00:33:06.634+0000] {processor.py:208} INFO - Processing /home/airflow/.local/lib/python3.12/site-packages/airflow/example_dags/example_task_group_decorator.py took 0.105 seconds
[2024-12-29T00:33:38.657+0000] {processor.py:186} INFO - Started process (PID=1830) to work on /home/airflow/.local/lib/python3.12/site-packages/airflow/example_dags/example_task_group_decorator.py
[2024-12-29T00:33:38.658+0000] {processor.py:914} INFO - Processing file /home/airflow/.local/lib/python3.12/site-packages/airflow/example_dags/example_task_group_decorator.py for tasks to queue
[2024-12-29T00:33:38.661+0000] {logging_mixin.py:190} INFO - [2024-12-29T00:33:38.661+0000] {dagbag.py:588} INFO - Filling up the DagBag from /home/airflow/.local/lib/python3.12/site-packages/airflow/example_dags/example_task_group_decorator.py
[2024-12-29T00:33:38.680+0000] {processor.py:925} INFO - DAG(s) 'example_task_group_decorator' retrieved from /home/airflow/.local/lib/python3.12/site-packages/airflow/example_dags/example_task_group_decorator.py
[2024-12-29T00:33:38.716+0000] {logging_mixin.py:190} INFO - [2024-12-29T00:33:38.716+0000] {dag.py:3239} INFO - Sync 1 DAGs
[2024-12-29T00:33:38.737+0000] {logging_mixin.py:190} INFO - [2024-12-29T00:33:38.737+0000] {dag.py:4180} INFO - Setting next_dagrun for example_task_group_decorator to None, run_after=None
[2024-12-29T00:33:38.768+0000] {processor.py:208} INFO - Processing /home/airflow/.local/lib/python3.12/site-packages/airflow/example_dags/example_task_group_decorator.py took 0.118 seconds
[2024-12-29T00:34:09.624+0000] {processor.py:186} INFO - Started process (PID=1895) to work on /home/airflow/.local/lib/python3.12/site-packages/airflow/example_dags/example_task_group_decorator.py
[2024-12-29T00:34:09.626+0000] {processor.py:914} INFO - Processing file /home/airflow/.local/lib/python3.12/site-packages/airflow/example_dags/example_task_group_decorator.py for tasks to queue
[2024-12-29T00:34:09.629+0000] {logging_mixin.py:190} INFO - [2024-12-29T00:34:09.629+0000] {dagbag.py:588} INFO - Filling up the DagBag from /home/airflow/.local/lib/python3.12/site-packages/airflow/example_dags/example_task_group_decorator.py
[2024-12-29T00:34:09.651+0000] {processor.py:925} INFO - DAG(s) 'example_task_group_decorator' retrieved from /home/airflow/.local/lib/python3.12/site-packages/airflow/example_dags/example_task_group_decorator.py
[2024-12-29T00:34:09.687+0000] {logging_mixin.py:190} INFO - [2024-12-29T00:34:09.687+0000] {dag.py:3239} INFO - Sync 1 DAGs
[2024-12-29T00:34:09.707+0000] {logging_mixin.py:190} INFO - [2024-12-29T00:34:09.707+0000] {dag.py:4180} INFO - Setting next_dagrun for example_task_group_decorator to None, run_after=None
[2024-12-29T00:34:09.736+0000] {processor.py:208} INFO - Processing /home/airflow/.local/lib/python3.12/site-packages/airflow/example_dags/example_task_group_decorator.py took 0.120 seconds
[2024-12-29T00:34:41.209+0000] {processor.py:186} INFO - Started process (PID=1966) to work on /home/airflow/.local/lib/python3.12/site-packages/airflow/example_dags/example_task_group_decorator.py
[2024-12-29T00:34:41.211+0000] {processor.py:914} INFO - Processing file /home/airflow/.local/lib/python3.12/site-packages/airflow/example_dags/example_task_group_decorator.py for tasks to queue
[2024-12-29T00:34:41.214+0000] {logging_mixin.py:190} INFO - [2024-12-29T00:34:41.214+0000] {dagbag.py:588} INFO - Filling up the DagBag from /home/airflow/.local/lib/python3.12/site-packages/airflow/example_dags/example_task_group_decorator.py
[2024-12-29T00:34:41.231+0000] {processor.py:925} INFO - DAG(s) 'example_task_group_decorator' retrieved from /home/airflow/.local/lib/python3.12/site-packages/airflow/example_dags/example_task_group_decorator.py
[2024-12-29T00:34:41.267+0000] {logging_mixin.py:190} INFO - [2024-12-29T00:34:41.266+0000] {dag.py:3239} INFO - Sync 1 DAGs
[2024-12-29T00:34:41.286+0000] {logging_mixin.py:190} INFO - [2024-12-29T00:34:41.286+0000] {dag.py:4180} INFO - Setting next_dagrun for example_task_group_decorator to None, run_after=None
[2024-12-29T00:34:41.319+0000] {processor.py:208} INFO - Processing /home/airflow/.local/lib/python3.12/site-packages/airflow/example_dags/example_task_group_decorator.py took 0.116 seconds
[2024-12-29T00:35:12.278+0000] {processor.py:186} INFO - Started process (PID=2031) to work on /home/airflow/.local/lib/python3.12/site-packages/airflow/example_dags/example_task_group_decorator.py
[2024-12-29T00:35:12.280+0000] {processor.py:914} INFO - Processing file /home/airflow/.local/lib/python3.12/site-packages/airflow/example_dags/example_task_group_decorator.py for tasks to queue
[2024-12-29T00:35:12.283+0000] {logging_mixin.py:190} INFO - [2024-12-29T00:35:12.283+0000] {dagbag.py:588} INFO - Filling up the DagBag from /home/airflow/.local/lib/python3.12/site-packages/airflow/example_dags/example_task_group_decorator.py
[2024-12-29T00:35:12.304+0000] {processor.py:925} INFO - DAG(s) 'example_task_group_decorator' retrieved from /home/airflow/.local/lib/python3.12/site-packages/airflow/example_dags/example_task_group_decorator.py
[2024-12-29T00:35:12.340+0000] {logging_mixin.py:190} INFO - [2024-12-29T00:35:12.340+0000] {dag.py:3239} INFO - Sync 1 DAGs
[2024-12-29T00:35:12.362+0000] {logging_mixin.py:190} INFO - [2024-12-29T00:35:12.361+0000] {dag.py:4180} INFO - Setting next_dagrun for example_task_group_decorator to None, run_after=None
[2024-12-29T00:35:12.388+0000] {processor.py:208} INFO - Processing /home/airflow/.local/lib/python3.12/site-packages/airflow/example_dags/example_task_group_decorator.py took 0.120 seconds
[2024-12-29T00:35:42.495+0000] {processor.py:186} INFO - Started process (PID=2095) to work on /home/airflow/.local/lib/python3.12/site-packages/airflow/example_dags/example_task_group_decorator.py
[2024-12-29T00:35:42.497+0000] {processor.py:914} INFO - Processing file /home/airflow/.local/lib/python3.12/site-packages/airflow/example_dags/example_task_group_decorator.py for tasks to queue
[2024-12-29T00:35:42.500+0000] {logging_mixin.py:190} INFO - [2024-12-29T00:35:42.500+0000] {dagbag.py:588} INFO - Filling up the DagBag from /home/airflow/.local/lib/python3.12/site-packages/airflow/example_dags/example_task_group_decorator.py
[2024-12-29T00:35:42.518+0000] {processor.py:925} INFO - DAG(s) 'example_task_group_decorator' retrieved from /home/airflow/.local/lib/python3.12/site-packages/airflow/example_dags/example_task_group_decorator.py
[2024-12-29T00:35:42.552+0000] {logging_mixin.py:190} INFO - [2024-12-29T00:35:42.551+0000] {dag.py:3239} INFO - Sync 1 DAGs
[2024-12-29T00:35:42.569+0000] {logging_mixin.py:190} INFO - [2024-12-29T00:35:42.569+0000] {dag.py:4180} INFO - Setting next_dagrun for example_task_group_decorator to None, run_after=None
[2024-12-29T00:35:42.598+0000] {processor.py:208} INFO - Processing /home/airflow/.local/lib/python3.12/site-packages/airflow/example_dags/example_task_group_decorator.py took 0.111 seconds
[2024-12-29T00:36:13.419+0000] {processor.py:186} INFO - Started process (PID=2160) to work on /home/airflow/.local/lib/python3.12/site-packages/airflow/example_dags/example_task_group_decorator.py
[2024-12-29T00:36:13.421+0000] {processor.py:914} INFO - Processing file /home/airflow/.local/lib/python3.12/site-packages/airflow/example_dags/example_task_group_decorator.py for tasks to queue
[2024-12-29T00:36:13.424+0000] {logging_mixin.py:190} INFO - [2024-12-29T00:36:13.423+0000] {dagbag.py:588} INFO - Filling up the DagBag from /home/airflow/.local/lib/python3.12/site-packages/airflow/example_dags/example_task_group_decorator.py
[2024-12-29T00:36:13.448+0000] {processor.py:925} INFO - DAG(s) 'example_task_group_decorator' retrieved from /home/airflow/.local/lib/python3.12/site-packages/airflow/example_dags/example_task_group_decorator.py
[2024-12-29T00:36:13.485+0000] {logging_mixin.py:190} INFO - [2024-12-29T00:36:13.485+0000] {dag.py:3239} INFO - Sync 1 DAGs
[2024-12-29T00:36:13.512+0000] {logging_mixin.py:190} INFO - [2024-12-29T00:36:13.512+0000] {dag.py:4180} INFO - Setting next_dagrun for example_task_group_decorator to None, run_after=None
[2024-12-29T00:36:13.542+0000] {processor.py:208} INFO - Processing /home/airflow/.local/lib/python3.12/site-packages/airflow/example_dags/example_task_group_decorator.py took 0.130 seconds
[2024-12-29T00:36:44.444+0000] {processor.py:186} INFO - Started process (PID=2226) to work on /home/airflow/.local/lib/python3.12/site-packages/airflow/example_dags/example_task_group_decorator.py
[2024-12-29T00:36:44.451+0000] {processor.py:914} INFO - Processing file /home/airflow/.local/lib/python3.12/site-packages/airflow/example_dags/example_task_group_decorator.py for tasks to queue
[2024-12-29T00:36:44.453+0000] {logging_mixin.py:190} INFO - [2024-12-29T00:36:44.453+0000] {dagbag.py:588} INFO - Filling up the DagBag from /home/airflow/.local/lib/python3.12/site-packages/airflow/example_dags/example_task_group_decorator.py
[2024-12-29T00:36:44.471+0000] {processor.py:925} INFO - DAG(s) 'example_task_group_decorator' retrieved from /home/airflow/.local/lib/python3.12/site-packages/airflow/example_dags/example_task_group_decorator.py
[2024-12-29T00:36:44.503+0000] {logging_mixin.py:190} INFO - [2024-12-29T00:36:44.503+0000] {dag.py:3239} INFO - Sync 1 DAGs
[2024-12-29T00:36:44.522+0000] {logging_mixin.py:190} INFO - [2024-12-29T00:36:44.522+0000] {dag.py:4180} INFO - Setting next_dagrun for example_task_group_decorator to None, run_after=None
[2024-12-29T00:36:44.552+0000] {processor.py:208} INFO - Processing /home/airflow/.local/lib/python3.12/site-packages/airflow/example_dags/example_task_group_decorator.py took 0.114 seconds
[2024-12-29T00:37:14.756+0000] {processor.py:186} INFO - Started process (PID=2290) to work on /home/airflow/.local/lib/python3.12/site-packages/airflow/example_dags/example_task_group_decorator.py
[2024-12-29T00:37:14.757+0000] {processor.py:914} INFO - Processing file /home/airflow/.local/lib/python3.12/site-packages/airflow/example_dags/example_task_group_decorator.py for tasks to queue
[2024-12-29T00:37:14.760+0000] {logging_mixin.py:190} INFO - [2024-12-29T00:37:14.759+0000] {dagbag.py:588} INFO - Filling up the DagBag from /home/airflow/.local/lib/python3.12/site-packages/airflow/example_dags/example_task_group_decorator.py
[2024-12-29T00:37:14.778+0000] {processor.py:925} INFO - DAG(s) 'example_task_group_decorator' retrieved from /home/airflow/.local/lib/python3.12/site-packages/airflow/example_dags/example_task_group_decorator.py
[2024-12-29T00:37:14.812+0000] {logging_mixin.py:190} INFO - [2024-12-29T00:37:14.812+0000] {dag.py:3239} INFO - Sync 1 DAGs
[2024-12-29T00:37:14.831+0000] {logging_mixin.py:190} INFO - [2024-12-29T00:37:14.831+0000] {dag.py:4180} INFO - Setting next_dagrun for example_task_group_decorator to None, run_after=None
[2024-12-29T00:37:14.862+0000] {processor.py:208} INFO - Processing /home/airflow/.local/lib/python3.12/site-packages/airflow/example_dags/example_task_group_decorator.py took 0.113 seconds
[2024-12-29T00:37:45.826+0000] {processor.py:186} INFO - Started process (PID=2355) to work on /home/airflow/.local/lib/python3.12/site-packages/airflow/example_dags/example_task_group_decorator.py
[2024-12-29T00:37:45.828+0000] {processor.py:914} INFO - Processing file /home/airflow/.local/lib/python3.12/site-packages/airflow/example_dags/example_task_group_decorator.py for tasks to queue
[2024-12-29T00:37:45.830+0000] {logging_mixin.py:190} INFO - [2024-12-29T00:37:45.830+0000] {dagbag.py:588} INFO - Filling up the DagBag from /home/airflow/.local/lib/python3.12/site-packages/airflow/example_dags/example_task_group_decorator.py
[2024-12-29T00:37:45.844+0000] {processor.py:925} INFO - DAG(s) 'example_task_group_decorator' retrieved from /home/airflow/.local/lib/python3.12/site-packages/airflow/example_dags/example_task_group_decorator.py
[2024-12-29T00:37:45.872+0000] {logging_mixin.py:190} INFO - [2024-12-29T00:37:45.872+0000] {dag.py:3239} INFO - Sync 1 DAGs
[2024-12-29T00:37:45.887+0000] {logging_mixin.py:190} INFO - [2024-12-29T00:37:45.887+0000] {dag.py:4180} INFO - Setting next_dagrun for example_task_group_decorator to None, run_after=None
[2024-12-29T00:37:45.910+0000] {processor.py:208} INFO - Processing /home/airflow/.local/lib/python3.12/site-packages/airflow/example_dags/example_task_group_decorator.py took 0.090 seconds
[2024-12-29T00:38:16.817+0000] {processor.py:186} INFO - Started process (PID=2420) to work on /home/airflow/.local/lib/python3.12/site-packages/airflow/example_dags/example_task_group_decorator.py
[2024-12-29T00:38:16.819+0000] {processor.py:914} INFO - Processing file /home/airflow/.local/lib/python3.12/site-packages/airflow/example_dags/example_task_group_decorator.py for tasks to queue
[2024-12-29T00:38:16.822+0000] {logging_mixin.py:190} INFO - [2024-12-29T00:38:16.822+0000] {dagbag.py:588} INFO - Filling up the DagBag from /home/airflow/.local/lib/python3.12/site-packages/airflow/example_dags/example_task_group_decorator.py
[2024-12-29T00:38:16.840+0000] {processor.py:925} INFO - DAG(s) 'example_task_group_decorator' retrieved from /home/airflow/.local/lib/python3.12/site-packages/airflow/example_dags/example_task_group_decorator.py
[2024-12-29T00:38:16.873+0000] {logging_mixin.py:190} INFO - [2024-12-29T00:38:16.872+0000] {dag.py:3239} INFO - Sync 1 DAGs
[2024-12-29T00:38:16.891+0000] {logging_mixin.py:190} INFO - [2024-12-29T00:38:16.891+0000] {dag.py:4180} INFO - Setting next_dagrun for example_task_group_decorator to None, run_after=None
[2024-12-29T00:38:16.918+0000] {processor.py:208} INFO - Processing /home/airflow/.local/lib/python3.12/site-packages/airflow/example_dags/example_task_group_decorator.py took 0.108 seconds
