[2024-12-29T00:03:44.782+0000] {processor.py:186} INFO - Started process (PID=93) to work on /home/airflow/.local/lib/python3.12/site-packages/airflow/example_dags/example_branch_operator_decorator.py
[2024-12-29T00:03:44.783+0000] {processor.py:914} INFO - Processing file /home/airflow/.local/lib/python3.12/site-packages/airflow/example_dags/example_branch_operator_decorator.py for tasks to queue
[2024-12-29T00:03:44.789+0000] {logging_mixin.py:190} INFO - [2024-12-29T00:03:44.788+0000] {dagbag.py:588} INFO - Filling up the DagBag from /home/airflow/.local/lib/python3.12/site-packages/airflow/example_dags/example_branch_operator_decorator.py
[2024-12-29T00:03:44.851+0000] {processor.py:925} INFO - DAG(s) 'example_branch_python_operator_decorator' retrieved from /home/airflow/.local/lib/python3.12/site-packages/airflow/example_dags/example_branch_operator_decorator.py
[2024-12-29T00:03:45.027+0000] {logging_mixin.py:190} INFO - [2024-12-29T00:03:45.026+0000] {override.py:1911} INFO - Created Permission View: can read on DAG:example_branch_python_operator_decorator
[2024-12-29T00:03:45.044+0000] {logging_mixin.py:190} INFO - [2024-12-29T00:03:45.044+0000] {override.py:1911} INFO - Created Permission View: can edit on DAG:example_branch_python_operator_decorator
[2024-12-29T00:03:45.057+0000] {logging_mixin.py:190} INFO - [2024-12-29T00:03:45.056+0000] {override.py:1911} INFO - Created Permission View: can delete on DAG:example_branch_python_operator_decorator
[2024-12-29T00:03:45.071+0000] {logging_mixin.py:190} INFO - [2024-12-29T00:03:45.071+0000] {override.py:1911} INFO - Created Permission View: can create on DAG Run:example_branch_python_operator_decorator
[2024-12-29T00:03:45.085+0000] {logging_mixin.py:190} INFO - [2024-12-29T00:03:45.084+0000] {override.py:1911} INFO - Created Permission View: can read on DAG Run:example_branch_python_operator_decorator
[2024-12-29T00:03:45.099+0000] {logging_mixin.py:190} INFO - [2024-12-29T00:03:45.098+0000] {override.py:1911} INFO - Created Permission View: can delete on DAG Run:example_branch_python_operator_decorator
[2024-12-29T00:03:45.112+0000] {logging_mixin.py:190} INFO - [2024-12-29T00:03:45.112+0000] {override.py:1911} INFO - Created Permission View: menu access on DAG Run:example_branch_python_operator_decorator
[2024-12-29T00:03:45.113+0000] {logging_mixin.py:190} INFO - [2024-12-29T00:03:45.112+0000] {dag.py:3239} INFO - Sync 1 DAGs
[2024-12-29T00:03:45.131+0000] {logging_mixin.py:190} INFO - [2024-12-29T00:03:45.130+0000] {dag.py:3262} INFO - Creating ORM DAG for example_branch_python_operator_decorator
[2024-12-29T00:03:45.147+0000] {logging_mixin.py:190} INFO - [2024-12-29T00:03:45.147+0000] {dag.py:4180} INFO - Setting next_dagrun for example_branch_python_operator_decorator to 2024-12-28 00:00:00+00:00, run_after=2024-12-29 00:00:00+00:00
[2024-12-29T00:03:45.178+0000] {processor.py:208} INFO - Processing /home/airflow/.local/lib/python3.12/site-packages/airflow/example_dags/example_branch_operator_decorator.py took 0.408 seconds
[2024-12-29T00:04:15.693+0000] {processor.py:186} INFO - Started process (PID=157) to work on /home/airflow/.local/lib/python3.12/site-packages/airflow/example_dags/example_branch_operator_decorator.py
[2024-12-29T00:04:15.694+0000] {processor.py:914} INFO - Processing file /home/airflow/.local/lib/python3.12/site-packages/airflow/example_dags/example_branch_operator_decorator.py for tasks to queue
[2024-12-29T00:04:15.697+0000] {logging_mixin.py:190} INFO - [2024-12-29T00:04:15.696+0000] {dagbag.py:588} INFO - Filling up the DagBag from /home/airflow/.local/lib/python3.12/site-packages/airflow/example_dags/example_branch_operator_decorator.py
[2024-12-29T00:04:15.726+0000] {processor.py:925} INFO - DAG(s) 'example_branch_python_operator_decorator' retrieved from /home/airflow/.local/lib/python3.12/site-packages/airflow/example_dags/example_branch_operator_decorator.py
[2024-12-29T00:04:15.765+0000] {logging_mixin.py:190} INFO - [2024-12-29T00:04:15.764+0000] {dag.py:3239} INFO - Sync 1 DAGs
[2024-12-29T00:04:15.797+0000] {logging_mixin.py:190} INFO - [2024-12-29T00:04:15.796+0000] {dag.py:4180} INFO - Setting next_dagrun for example_branch_python_operator_decorator to 2024-12-28 00:00:00+00:00, run_after=2024-12-29 00:00:00+00:00
[2024-12-29T00:04:15.827+0000] {processor.py:208} INFO - Processing /home/airflow/.local/lib/python3.12/site-packages/airflow/example_dags/example_branch_operator_decorator.py took 0.142 seconds
[2024-12-29T00:04:46.420+0000] {processor.py:186} INFO - Started process (PID=220) to work on /home/airflow/.local/lib/python3.12/site-packages/airflow/example_dags/example_branch_operator_decorator.py
[2024-12-29T00:04:46.422+0000] {processor.py:914} INFO - Processing file /home/airflow/.local/lib/python3.12/site-packages/airflow/example_dags/example_branch_operator_decorator.py for tasks to queue
[2024-12-29T00:04:46.425+0000] {logging_mixin.py:190} INFO - [2024-12-29T00:04:46.425+0000] {dagbag.py:588} INFO - Filling up the DagBag from /home/airflow/.local/lib/python3.12/site-packages/airflow/example_dags/example_branch_operator_decorator.py
[2024-12-29T00:04:46.463+0000] {processor.py:925} INFO - DAG(s) 'example_branch_python_operator_decorator' retrieved from /home/airflow/.local/lib/python3.12/site-packages/airflow/example_dags/example_branch_operator_decorator.py
[2024-12-29T00:04:46.517+0000] {logging_mixin.py:190} INFO - [2024-12-29T00:04:46.517+0000] {dag.py:3239} INFO - Sync 1 DAGs
[2024-12-29T00:04:46.570+0000] {logging_mixin.py:190} INFO - [2024-12-29T00:04:46.569+0000] {dag.py:4180} INFO - Setting next_dagrun for example_branch_python_operator_decorator to 2024-12-28 00:00:00+00:00, run_after=2024-12-29 00:00:00+00:00
[2024-12-29T00:04:46.611+0000] {processor.py:208} INFO - Processing /home/airflow/.local/lib/python3.12/site-packages/airflow/example_dags/example_branch_operator_decorator.py took 0.198 seconds
[2024-12-29T00:05:17.048+0000] {processor.py:186} INFO - Started process (PID=285) to work on /home/airflow/.local/lib/python3.12/site-packages/airflow/example_dags/example_branch_operator_decorator.py
[2024-12-29T00:05:17.050+0000] {processor.py:914} INFO - Processing file /home/airflow/.local/lib/python3.12/site-packages/airflow/example_dags/example_branch_operator_decorator.py for tasks to queue
[2024-12-29T00:05:17.053+0000] {logging_mixin.py:190} INFO - [2024-12-29T00:05:17.053+0000] {dagbag.py:588} INFO - Filling up the DagBag from /home/airflow/.local/lib/python3.12/site-packages/airflow/example_dags/example_branch_operator_decorator.py
[2024-12-29T00:05:17.083+0000] {processor.py:925} INFO - DAG(s) 'example_branch_python_operator_decorator' retrieved from /home/airflow/.local/lib/python3.12/site-packages/airflow/example_dags/example_branch_operator_decorator.py
[2024-12-29T00:05:17.129+0000] {logging_mixin.py:190} INFO - [2024-12-29T00:05:17.129+0000] {dag.py:3239} INFO - Sync 1 DAGs
[2024-12-29T00:05:17.164+0000] {logging_mixin.py:190} INFO - [2024-12-29T00:05:17.163+0000] {dag.py:4180} INFO - Setting next_dagrun for example_branch_python_operator_decorator to 2024-12-28 00:00:00+00:00, run_after=2024-12-29 00:00:00+00:00
[2024-12-29T00:05:17.196+0000] {processor.py:208} INFO - Processing /home/airflow/.local/lib/python3.12/site-packages/airflow/example_dags/example_branch_operator_decorator.py took 0.155 seconds
[2024-12-29T00:05:47.286+0000] {processor.py:186} INFO - Started process (PID=349) to work on /home/airflow/.local/lib/python3.12/site-packages/airflow/example_dags/example_branch_operator_decorator.py
[2024-12-29T00:05:47.287+0000] {processor.py:914} INFO - Processing file /home/airflow/.local/lib/python3.12/site-packages/airflow/example_dags/example_branch_operator_decorator.py for tasks to queue
[2024-12-29T00:05:47.290+0000] {logging_mixin.py:190} INFO - [2024-12-29T00:05:47.289+0000] {dagbag.py:588} INFO - Filling up the DagBag from /home/airflow/.local/lib/python3.12/site-packages/airflow/example_dags/example_branch_operator_decorator.py
[2024-12-29T00:05:47.314+0000] {processor.py:925} INFO - DAG(s) 'example_branch_python_operator_decorator' retrieved from /home/airflow/.local/lib/python3.12/site-packages/airflow/example_dags/example_branch_operator_decorator.py
[2024-12-29T00:05:47.351+0000] {logging_mixin.py:190} INFO - [2024-12-29T00:05:47.350+0000] {dag.py:3239} INFO - Sync 1 DAGs
[2024-12-29T00:05:47.385+0000] {logging_mixin.py:190} INFO - [2024-12-29T00:05:47.385+0000] {dag.py:4180} INFO - Setting next_dagrun for example_branch_python_operator_decorator to 2024-12-28 00:00:00+00:00, run_after=2024-12-29 00:00:00+00:00
[2024-12-29T00:05:47.416+0000] {processor.py:208} INFO - Processing /home/airflow/.local/lib/python3.12/site-packages/airflow/example_dags/example_branch_operator_decorator.py took 0.136 seconds
[2024-12-29T00:06:17.726+0000] {processor.py:186} INFO - Started process (PID=413) to work on /home/airflow/.local/lib/python3.12/site-packages/airflow/example_dags/example_branch_operator_decorator.py
[2024-12-29T00:06:17.728+0000] {processor.py:914} INFO - Processing file /home/airflow/.local/lib/python3.12/site-packages/airflow/example_dags/example_branch_operator_decorator.py for tasks to queue
[2024-12-29T00:06:17.730+0000] {logging_mixin.py:190} INFO - [2024-12-29T00:06:17.730+0000] {dagbag.py:588} INFO - Filling up the DagBag from /home/airflow/.local/lib/python3.12/site-packages/airflow/example_dags/example_branch_operator_decorator.py
[2024-12-29T00:06:17.753+0000] {processor.py:925} INFO - DAG(s) 'example_branch_python_operator_decorator' retrieved from /home/airflow/.local/lib/python3.12/site-packages/airflow/example_dags/example_branch_operator_decorator.py
[2024-12-29T00:06:17.791+0000] {logging_mixin.py:190} INFO - [2024-12-29T00:06:17.791+0000] {dag.py:3239} INFO - Sync 1 DAGs
[2024-12-29T00:06:17.824+0000] {logging_mixin.py:190} INFO - [2024-12-29T00:06:17.824+0000] {dag.py:4180} INFO - Setting next_dagrun for example_branch_python_operator_decorator to 2024-12-28 00:00:00+00:00, run_after=2024-12-29 00:00:00+00:00
[2024-12-29T00:06:17.854+0000] {processor.py:208} INFO - Processing /home/airflow/.local/lib/python3.12/site-packages/airflow/example_dags/example_branch_operator_decorator.py took 0.134 seconds
[2024-12-29T00:06:47.977+0000] {processor.py:186} INFO - Started process (PID=476) to work on /home/airflow/.local/lib/python3.12/site-packages/airflow/example_dags/example_branch_operator_decorator.py
[2024-12-29T00:06:47.978+0000] {processor.py:914} INFO - Processing file /home/airflow/.local/lib/python3.12/site-packages/airflow/example_dags/example_branch_operator_decorator.py for tasks to queue
[2024-12-29T00:06:47.981+0000] {logging_mixin.py:190} INFO - [2024-12-29T00:06:47.981+0000] {dagbag.py:588} INFO - Filling up the DagBag from /home/airflow/.local/lib/python3.12/site-packages/airflow/example_dags/example_branch_operator_decorator.py
[2024-12-29T00:06:48.006+0000] {processor.py:925} INFO - DAG(s) 'example_branch_python_operator_decorator' retrieved from /home/airflow/.local/lib/python3.12/site-packages/airflow/example_dags/example_branch_operator_decorator.py
[2024-12-29T00:06:48.044+0000] {logging_mixin.py:190} INFO - [2024-12-29T00:06:48.043+0000] {dag.py:3239} INFO - Sync 1 DAGs
[2024-12-29T00:06:48.077+0000] {logging_mixin.py:190} INFO - [2024-12-29T00:06:48.077+0000] {dag.py:4180} INFO - Setting next_dagrun for example_branch_python_operator_decorator to 2024-12-28 00:00:00+00:00, run_after=2024-12-29 00:00:00+00:00
[2024-12-29T00:06:48.107+0000] {processor.py:208} INFO - Processing /home/airflow/.local/lib/python3.12/site-packages/airflow/example_dags/example_branch_operator_decorator.py took 0.136 seconds
[2024-12-29T00:07:18.714+0000] {processor.py:186} INFO - Started process (PID=540) to work on /home/airflow/.local/lib/python3.12/site-packages/airflow/example_dags/example_branch_operator_decorator.py
[2024-12-29T00:07:18.716+0000] {processor.py:914} INFO - Processing file /home/airflow/.local/lib/python3.12/site-packages/airflow/example_dags/example_branch_operator_decorator.py for tasks to queue
[2024-12-29T00:07:18.719+0000] {logging_mixin.py:190} INFO - [2024-12-29T00:07:18.718+0000] {dagbag.py:588} INFO - Filling up the DagBag from /home/airflow/.local/lib/python3.12/site-packages/airflow/example_dags/example_branch_operator_decorator.py
[2024-12-29T00:07:18.744+0000] {processor.py:925} INFO - DAG(s) 'example_branch_python_operator_decorator' retrieved from /home/airflow/.local/lib/python3.12/site-packages/airflow/example_dags/example_branch_operator_decorator.py
[2024-12-29T00:07:18.788+0000] {logging_mixin.py:190} INFO - [2024-12-29T00:07:18.788+0000] {dag.py:3239} INFO - Sync 1 DAGs
[2024-12-29T00:07:18.826+0000] {logging_mixin.py:190} INFO - [2024-12-29T00:07:18.826+0000] {dag.py:4180} INFO - Setting next_dagrun for example_branch_python_operator_decorator to 2024-12-28 00:00:00+00:00, run_after=2024-12-29 00:00:00+00:00
[2024-12-29T00:07:18.862+0000] {processor.py:208} INFO - Processing /home/airflow/.local/lib/python3.12/site-packages/airflow/example_dags/example_branch_operator_decorator.py took 0.155 seconds
[2024-12-29T00:07:49.378+0000] {processor.py:186} INFO - Started process (PID=604) to work on /home/airflow/.local/lib/python3.12/site-packages/airflow/example_dags/example_branch_operator_decorator.py
[2024-12-29T00:07:49.379+0000] {processor.py:914} INFO - Processing file /home/airflow/.local/lib/python3.12/site-packages/airflow/example_dags/example_branch_operator_decorator.py for tasks to queue
[2024-12-29T00:07:49.382+0000] {logging_mixin.py:190} INFO - [2024-12-29T00:07:49.382+0000] {dagbag.py:588} INFO - Filling up the DagBag from /home/airflow/.local/lib/python3.12/site-packages/airflow/example_dags/example_branch_operator_decorator.py
[2024-12-29T00:07:49.412+0000] {processor.py:925} INFO - DAG(s) 'example_branch_python_operator_decorator' retrieved from /home/airflow/.local/lib/python3.12/site-packages/airflow/example_dags/example_branch_operator_decorator.py
[2024-12-29T00:07:49.454+0000] {logging_mixin.py:190} INFO - [2024-12-29T00:07:49.453+0000] {dag.py:3239} INFO - Sync 1 DAGs
[2024-12-29T00:07:49.488+0000] {logging_mixin.py:190} INFO - [2024-12-29T00:07:49.487+0000] {dag.py:4180} INFO - Setting next_dagrun for example_branch_python_operator_decorator to 2024-12-28 00:00:00+00:00, run_after=2024-12-29 00:00:00+00:00
[2024-12-29T00:07:49.519+0000] {processor.py:208} INFO - Processing /home/airflow/.local/lib/python3.12/site-packages/airflow/example_dags/example_branch_operator_decorator.py took 0.149 seconds
[2024-12-29T00:08:19.582+0000] {processor.py:186} INFO - Started process (PID=667) to work on /home/airflow/.local/lib/python3.12/site-packages/airflow/example_dags/example_branch_operator_decorator.py
[2024-12-29T00:08:19.584+0000] {processor.py:914} INFO - Processing file /home/airflow/.local/lib/python3.12/site-packages/airflow/example_dags/example_branch_operator_decorator.py for tasks to queue
[2024-12-29T00:08:19.586+0000] {logging_mixin.py:190} INFO - [2024-12-29T00:08:19.586+0000] {dagbag.py:588} INFO - Filling up the DagBag from /home/airflow/.local/lib/python3.12/site-packages/airflow/example_dags/example_branch_operator_decorator.py
[2024-12-29T00:08:19.613+0000] {processor.py:925} INFO - DAG(s) 'example_branch_python_operator_decorator' retrieved from /home/airflow/.local/lib/python3.12/site-packages/airflow/example_dags/example_branch_operator_decorator.py
[2024-12-29T00:08:19.648+0000] {logging_mixin.py:190} INFO - [2024-12-29T00:08:19.647+0000] {dag.py:3239} INFO - Sync 1 DAGs
[2024-12-29T00:08:19.677+0000] {logging_mixin.py:190} INFO - [2024-12-29T00:08:19.677+0000] {dag.py:4180} INFO - Setting next_dagrun for example_branch_python_operator_decorator to 2024-12-28 00:00:00+00:00, run_after=2024-12-29 00:00:00+00:00
[2024-12-29T00:08:19.703+0000] {processor.py:208} INFO - Processing /home/airflow/.local/lib/python3.12/site-packages/airflow/example_dags/example_branch_operator_decorator.py took 0.127 seconds
[2024-12-29T00:08:49.850+0000] {processor.py:186} INFO - Started process (PID=731) to work on /home/airflow/.local/lib/python3.12/site-packages/airflow/example_dags/example_branch_operator_decorator.py
[2024-12-29T00:08:49.852+0000] {processor.py:914} INFO - Processing file /home/airflow/.local/lib/python3.12/site-packages/airflow/example_dags/example_branch_operator_decorator.py for tasks to queue
[2024-12-29T00:08:49.855+0000] {logging_mixin.py:190} INFO - [2024-12-29T00:08:49.854+0000] {dagbag.py:588} INFO - Filling up the DagBag from /home/airflow/.local/lib/python3.12/site-packages/airflow/example_dags/example_branch_operator_decorator.py
[2024-12-29T00:08:49.885+0000] {processor.py:925} INFO - DAG(s) 'example_branch_python_operator_decorator' retrieved from /home/airflow/.local/lib/python3.12/site-packages/airflow/example_dags/example_branch_operator_decorator.py
[2024-12-29T00:08:49.926+0000] {logging_mixin.py:190} INFO - [2024-12-29T00:08:49.926+0000] {dag.py:3239} INFO - Sync 1 DAGs
[2024-12-29T00:08:49.962+0000] {logging_mixin.py:190} INFO - [2024-12-29T00:08:49.961+0000] {dag.py:4180} INFO - Setting next_dagrun for example_branch_python_operator_decorator to 2024-12-28 00:00:00+00:00, run_after=2024-12-29 00:00:00+00:00
[2024-12-29T00:08:49.994+0000] {processor.py:208} INFO - Processing /home/airflow/.local/lib/python3.12/site-packages/airflow/example_dags/example_branch_operator_decorator.py took 0.152 seconds
[2024-12-29T00:09:20.049+0000] {processor.py:186} INFO - Started process (PID=795) to work on /home/airflow/.local/lib/python3.12/site-packages/airflow/example_dags/example_branch_operator_decorator.py
[2024-12-29T00:09:20.050+0000] {processor.py:914} INFO - Processing file /home/airflow/.local/lib/python3.12/site-packages/airflow/example_dags/example_branch_operator_decorator.py for tasks to queue
[2024-12-29T00:09:20.053+0000] {logging_mixin.py:190} INFO - [2024-12-29T00:09:20.053+0000] {dagbag.py:588} INFO - Filling up the DagBag from /home/airflow/.local/lib/python3.12/site-packages/airflow/example_dags/example_branch_operator_decorator.py
[2024-12-29T00:09:20.078+0000] {processor.py:925} INFO - DAG(s) 'example_branch_python_operator_decorator' retrieved from /home/airflow/.local/lib/python3.12/site-packages/airflow/example_dags/example_branch_operator_decorator.py
[2024-12-29T00:09:20.116+0000] {logging_mixin.py:190} INFO - [2024-12-29T00:09:20.116+0000] {dag.py:3239} INFO - Sync 1 DAGs
[2024-12-29T00:09:20.150+0000] {logging_mixin.py:190} INFO - [2024-12-29T00:09:20.150+0000] {dag.py:4180} INFO - Setting next_dagrun for example_branch_python_operator_decorator to 2024-12-28 00:00:00+00:00, run_after=2024-12-29 00:00:00+00:00
[2024-12-29T00:09:20.179+0000] {processor.py:208} INFO - Processing /home/airflow/.local/lib/python3.12/site-packages/airflow/example_dags/example_branch_operator_decorator.py took 0.137 seconds
[2024-12-29T00:09:50.366+0000] {processor.py:186} INFO - Started process (PID=859) to work on /home/airflow/.local/lib/python3.12/site-packages/airflow/example_dags/example_branch_operator_decorator.py
[2024-12-29T00:09:50.368+0000] {processor.py:914} INFO - Processing file /home/airflow/.local/lib/python3.12/site-packages/airflow/example_dags/example_branch_operator_decorator.py for tasks to queue
[2024-12-29T00:09:50.371+0000] {logging_mixin.py:190} INFO - [2024-12-29T00:09:50.371+0000] {dagbag.py:588} INFO - Filling up the DagBag from /home/airflow/.local/lib/python3.12/site-packages/airflow/example_dags/example_branch_operator_decorator.py
[2024-12-29T00:09:50.404+0000] {processor.py:925} INFO - DAG(s) 'example_branch_python_operator_decorator' retrieved from /home/airflow/.local/lib/python3.12/site-packages/airflow/example_dags/example_branch_operator_decorator.py
[2024-12-29T00:09:50.460+0000] {logging_mixin.py:190} INFO - [2024-12-29T00:09:50.460+0000] {dag.py:3239} INFO - Sync 1 DAGs
[2024-12-29T00:09:50.509+0000] {logging_mixin.py:190} INFO - [2024-12-29T00:09:50.508+0000] {dag.py:4180} INFO - Setting next_dagrun for example_branch_python_operator_decorator to 2024-12-28 00:00:00+00:00, run_after=2024-12-29 00:00:00+00:00
[2024-12-29T00:09:50.541+0000] {processor.py:208} INFO - Processing /home/airflow/.local/lib/python3.12/site-packages/airflow/example_dags/example_branch_operator_decorator.py took 0.184 seconds
[2024-12-29T00:10:21.372+0000] {processor.py:186} INFO - Started process (PID=923) to work on /home/airflow/.local/lib/python3.12/site-packages/airflow/example_dags/example_branch_operator_decorator.py
[2024-12-29T00:10:21.374+0000] {processor.py:914} INFO - Processing file /home/airflow/.local/lib/python3.12/site-packages/airflow/example_dags/example_branch_operator_decorator.py for tasks to queue
[2024-12-29T00:10:21.377+0000] {logging_mixin.py:190} INFO - [2024-12-29T00:10:21.376+0000] {dagbag.py:588} INFO - Filling up the DagBag from /home/airflow/.local/lib/python3.12/site-packages/airflow/example_dags/example_branch_operator_decorator.py
[2024-12-29T00:10:21.401+0000] {processor.py:925} INFO - DAG(s) 'example_branch_python_operator_decorator' retrieved from /home/airflow/.local/lib/python3.12/site-packages/airflow/example_dags/example_branch_operator_decorator.py
[2024-12-29T00:10:21.439+0000] {logging_mixin.py:190} INFO - [2024-12-29T00:10:21.438+0000] {dag.py:3239} INFO - Sync 1 DAGs
[2024-12-29T00:10:21.474+0000] {logging_mixin.py:190} INFO - [2024-12-29T00:10:21.473+0000] {dag.py:4180} INFO - Setting next_dagrun for example_branch_python_operator_decorator to 2024-12-28 00:00:00+00:00, run_after=2024-12-29 00:00:00+00:00
[2024-12-29T00:10:21.508+0000] {processor.py:208} INFO - Processing /home/airflow/.local/lib/python3.12/site-packages/airflow/example_dags/example_branch_operator_decorator.py took 0.143 seconds
[2024-12-29T00:10:52.312+0000] {processor.py:186} INFO - Started process (PID=986) to work on /home/airflow/.local/lib/python3.12/site-packages/airflow/example_dags/example_branch_operator_decorator.py
[2024-12-29T00:10:52.314+0000] {processor.py:914} INFO - Processing file /home/airflow/.local/lib/python3.12/site-packages/airflow/example_dags/example_branch_operator_decorator.py for tasks to queue
[2024-12-29T00:10:52.317+0000] {logging_mixin.py:190} INFO - [2024-12-29T00:10:52.316+0000] {dagbag.py:588} INFO - Filling up the DagBag from /home/airflow/.local/lib/python3.12/site-packages/airflow/example_dags/example_branch_operator_decorator.py
[2024-12-29T00:10:52.353+0000] {processor.py:925} INFO - DAG(s) 'example_branch_python_operator_decorator' retrieved from /home/airflow/.local/lib/python3.12/site-packages/airflow/example_dags/example_branch_operator_decorator.py
[2024-12-29T00:10:52.399+0000] {logging_mixin.py:190} INFO - [2024-12-29T00:10:52.399+0000] {dag.py:3239} INFO - Sync 1 DAGs
[2024-12-29T00:10:52.439+0000] {logging_mixin.py:190} INFO - [2024-12-29T00:10:52.439+0000] {dag.py:4180} INFO - Setting next_dagrun for example_branch_python_operator_decorator to 2024-12-28 00:00:00+00:00, run_after=2024-12-29 00:00:00+00:00
[2024-12-29T00:10:52.476+0000] {processor.py:208} INFO - Processing /home/airflow/.local/lib/python3.12/site-packages/airflow/example_dags/example_branch_operator_decorator.py took 0.172 seconds
[2024-12-29T00:11:22.980+0000] {processor.py:186} INFO - Started process (PID=1050) to work on /home/airflow/.local/lib/python3.12/site-packages/airflow/example_dags/example_branch_operator_decorator.py
[2024-12-29T00:11:22.982+0000] {processor.py:914} INFO - Processing file /home/airflow/.local/lib/python3.12/site-packages/airflow/example_dags/example_branch_operator_decorator.py for tasks to queue
[2024-12-29T00:11:22.985+0000] {logging_mixin.py:190} INFO - [2024-12-29T00:11:22.984+0000] {dagbag.py:588} INFO - Filling up the DagBag from /home/airflow/.local/lib/python3.12/site-packages/airflow/example_dags/example_branch_operator_decorator.py
[2024-12-29T00:11:23.008+0000] {processor.py:925} INFO - DAG(s) 'example_branch_python_operator_decorator' retrieved from /home/airflow/.local/lib/python3.12/site-packages/airflow/example_dags/example_branch_operator_decorator.py
[2024-12-29T00:11:23.046+0000] {logging_mixin.py:190} INFO - [2024-12-29T00:11:23.045+0000] {dag.py:3239} INFO - Sync 1 DAGs
[2024-12-29T00:11:23.075+0000] {logging_mixin.py:190} INFO - [2024-12-29T00:11:23.075+0000] {dag.py:4180} INFO - Setting next_dagrun for example_branch_python_operator_decorator to 2024-12-28 00:00:00+00:00, run_after=2024-12-29 00:00:00+00:00
[2024-12-29T00:11:23.105+0000] {processor.py:208} INFO - Processing /home/airflow/.local/lib/python3.12/site-packages/airflow/example_dags/example_branch_operator_decorator.py took 0.132 seconds
[2024-12-29T00:11:53.890+0000] {processor.py:186} INFO - Started process (PID=1099) to work on /home/airflow/.local/lib/python3.12/site-packages/airflow/example_dags/example_branch_operator_decorator.py
[2024-12-29T00:11:53.892+0000] {processor.py:914} INFO - Processing file /home/airflow/.local/lib/python3.12/site-packages/airflow/example_dags/example_branch_operator_decorator.py for tasks to queue
[2024-12-29T00:11:53.895+0000] {logging_mixin.py:190} INFO - [2024-12-29T00:11:53.894+0000] {dagbag.py:588} INFO - Filling up the DagBag from /home/airflow/.local/lib/python3.12/site-packages/airflow/example_dags/example_branch_operator_decorator.py
[2024-12-29T00:11:53.928+0000] {processor.py:925} INFO - DAG(s) 'example_branch_python_operator_decorator' retrieved from /home/airflow/.local/lib/python3.12/site-packages/airflow/example_dags/example_branch_operator_decorator.py
[2024-12-29T00:11:53.969+0000] {logging_mixin.py:190} INFO - [2024-12-29T00:11:53.968+0000] {dag.py:3239} INFO - Sync 1 DAGs
[2024-12-29T00:11:54.004+0000] {logging_mixin.py:190} INFO - [2024-12-29T00:11:54.003+0000] {dag.py:4180} INFO - Setting next_dagrun for example_branch_python_operator_decorator to 2024-12-28 00:00:00+00:00, run_after=2024-12-29 00:00:00+00:00
[2024-12-29T00:11:54.037+0000] {processor.py:208} INFO - Processing /home/airflow/.local/lib/python3.12/site-packages/airflow/example_dags/example_branch_operator_decorator.py took 0.155 seconds
[2024-12-29T00:12:25.727+0000] {processor.py:186} INFO - Started process (PID=1161) to work on /home/airflow/.local/lib/python3.12/site-packages/airflow/example_dags/example_branch_operator_decorator.py
[2024-12-29T00:12:25.731+0000] {processor.py:914} INFO - Processing file /home/airflow/.local/lib/python3.12/site-packages/airflow/example_dags/example_branch_operator_decorator.py for tasks to queue
[2024-12-29T00:12:25.736+0000] {logging_mixin.py:190} INFO - [2024-12-29T00:12:25.735+0000] {dagbag.py:588} INFO - Filling up the DagBag from /home/airflow/.local/lib/python3.12/site-packages/airflow/example_dags/example_branch_operator_decorator.py
[2024-12-29T00:12:25.786+0000] {processor.py:925} INFO - DAG(s) 'example_branch_python_operator_decorator' retrieved from /home/airflow/.local/lib/python3.12/site-packages/airflow/example_dags/example_branch_operator_decorator.py
[2024-12-29T00:12:25.834+0000] {logging_mixin.py:190} INFO - [2024-12-29T00:12:25.834+0000] {dag.py:3239} INFO - Sync 1 DAGs
[2024-12-29T00:12:25.879+0000] {logging_mixin.py:190} INFO - [2024-12-29T00:12:25.879+0000] {dag.py:4180} INFO - Setting next_dagrun for example_branch_python_operator_decorator to 2024-12-28 00:00:00+00:00, run_after=2024-12-29 00:00:00+00:00
[2024-12-29T00:12:25.911+0000] {processor.py:208} INFO - Processing /home/airflow/.local/lib/python3.12/site-packages/airflow/example_dags/example_branch_operator_decorator.py took 0.196 seconds
[2024-12-29T00:12:57.082+0000] {processor.py:186} INFO - Started process (PID=1225) to work on /home/airflow/.local/lib/python3.12/site-packages/airflow/example_dags/example_branch_operator_decorator.py
[2024-12-29T00:12:57.083+0000] {processor.py:914} INFO - Processing file /home/airflow/.local/lib/python3.12/site-packages/airflow/example_dags/example_branch_operator_decorator.py for tasks to queue
[2024-12-29T00:12:57.086+0000] {logging_mixin.py:190} INFO - [2024-12-29T00:12:57.085+0000] {dagbag.py:588} INFO - Filling up the DagBag from /home/airflow/.local/lib/python3.12/site-packages/airflow/example_dags/example_branch_operator_decorator.py
[2024-12-29T00:12:57.108+0000] {processor.py:925} INFO - DAG(s) 'example_branch_python_operator_decorator' retrieved from /home/airflow/.local/lib/python3.12/site-packages/airflow/example_dags/example_branch_operator_decorator.py
[2024-12-29T00:12:57.145+0000] {logging_mixin.py:190} INFO - [2024-12-29T00:12:57.144+0000] {dag.py:3239} INFO - Sync 1 DAGs
[2024-12-29T00:12:57.171+0000] {logging_mixin.py:190} INFO - [2024-12-29T00:12:57.171+0000] {dag.py:4180} INFO - Setting next_dagrun for example_branch_python_operator_decorator to 2024-12-28 00:00:00+00:00, run_after=2024-12-29 00:00:00+00:00
[2024-12-29T00:12:57.196+0000] {processor.py:208} INFO - Processing /home/airflow/.local/lib/python3.12/site-packages/airflow/example_dags/example_branch_operator_decorator.py took 0.120 seconds
[2024-12-29T00:13:28.166+0000] {processor.py:186} INFO - Started process (PID=1286) to work on /home/airflow/.local/lib/python3.12/site-packages/airflow/example_dags/example_branch_operator_decorator.py
[2024-12-29T00:13:28.168+0000] {processor.py:914} INFO - Processing file /home/airflow/.local/lib/python3.12/site-packages/airflow/example_dags/example_branch_operator_decorator.py for tasks to queue
[2024-12-29T00:13:28.170+0000] {logging_mixin.py:190} INFO - [2024-12-29T00:13:28.170+0000] {dagbag.py:588} INFO - Filling up the DagBag from /home/airflow/.local/lib/python3.12/site-packages/airflow/example_dags/example_branch_operator_decorator.py
[2024-12-29T00:13:28.193+0000] {processor.py:925} INFO - DAG(s) 'example_branch_python_operator_decorator' retrieved from /home/airflow/.local/lib/python3.12/site-packages/airflow/example_dags/example_branch_operator_decorator.py
[2024-12-29T00:13:28.228+0000] {logging_mixin.py:190} INFO - [2024-12-29T00:13:28.227+0000] {dag.py:3239} INFO - Sync 1 DAGs
[2024-12-29T00:13:28.258+0000] {logging_mixin.py:190} INFO - [2024-12-29T00:13:28.257+0000] {dag.py:4180} INFO - Setting next_dagrun for example_branch_python_operator_decorator to 2024-12-28 00:00:00+00:00, run_after=2024-12-29 00:00:00+00:00
[2024-12-29T00:13:28.285+0000] {processor.py:208} INFO - Processing /home/airflow/.local/lib/python3.12/site-packages/airflow/example_dags/example_branch_operator_decorator.py took 0.125 seconds
[2024-12-29T00:13:59.162+0000] {processor.py:186} INFO - Started process (PID=1351) to work on /home/airflow/.local/lib/python3.12/site-packages/airflow/example_dags/example_branch_operator_decorator.py
[2024-12-29T00:13:59.164+0000] {processor.py:914} INFO - Processing file /home/airflow/.local/lib/python3.12/site-packages/airflow/example_dags/example_branch_operator_decorator.py for tasks to queue
[2024-12-29T00:13:59.167+0000] {logging_mixin.py:190} INFO - [2024-12-29T00:13:59.166+0000] {dagbag.py:588} INFO - Filling up the DagBag from /home/airflow/.local/lib/python3.12/site-packages/airflow/example_dags/example_branch_operator_decorator.py
[2024-12-29T00:13:59.199+0000] {processor.py:925} INFO - DAG(s) 'example_branch_python_operator_decorator' retrieved from /home/airflow/.local/lib/python3.12/site-packages/airflow/example_dags/example_branch_operator_decorator.py
[2024-12-29T00:13:59.245+0000] {logging_mixin.py:190} INFO - [2024-12-29T00:13:59.244+0000] {dag.py:3239} INFO - Sync 1 DAGs
[2024-12-29T00:13:59.284+0000] {logging_mixin.py:190} INFO - [2024-12-29T00:13:59.283+0000] {dag.py:4180} INFO - Setting next_dagrun for example_branch_python_operator_decorator to 2024-12-28 00:00:00+00:00, run_after=2024-12-29 00:00:00+00:00
[2024-12-29T00:13:59.316+0000] {processor.py:208} INFO - Processing /home/airflow/.local/lib/python3.12/site-packages/airflow/example_dags/example_branch_operator_decorator.py took 0.161 seconds
[2024-12-29T00:14:30.001+0000] {processor.py:186} INFO - Started process (PID=1414) to work on /home/airflow/.local/lib/python3.12/site-packages/airflow/example_dags/example_branch_operator_decorator.py
[2024-12-29T00:14:30.003+0000] {processor.py:914} INFO - Processing file /home/airflow/.local/lib/python3.12/site-packages/airflow/example_dags/example_branch_operator_decorator.py for tasks to queue
[2024-12-29T00:14:30.006+0000] {logging_mixin.py:190} INFO - [2024-12-29T00:14:30.006+0000] {dagbag.py:588} INFO - Filling up the DagBag from /home/airflow/.local/lib/python3.12/site-packages/airflow/example_dags/example_branch_operator_decorator.py
[2024-12-29T00:14:30.027+0000] {processor.py:925} INFO - DAG(s) 'example_branch_python_operator_decorator' retrieved from /home/airflow/.local/lib/python3.12/site-packages/airflow/example_dags/example_branch_operator_decorator.py
[2024-12-29T00:14:30.058+0000] {logging_mixin.py:190} INFO - [2024-12-29T00:14:30.058+0000] {dag.py:3239} INFO - Sync 1 DAGs
[2024-12-29T00:14:30.085+0000] {logging_mixin.py:190} INFO - [2024-12-29T00:14:30.085+0000] {dag.py:4180} INFO - Setting next_dagrun for example_branch_python_operator_decorator to 2024-12-28 00:00:00+00:00, run_after=2024-12-29 00:00:00+00:00
[2024-12-29T00:14:30.109+0000] {processor.py:208} INFO - Processing /home/airflow/.local/lib/python3.12/site-packages/airflow/example_dags/example_branch_operator_decorator.py took 0.113 seconds
[2024-12-29T00:15:00.744+0000] {processor.py:186} INFO - Started process (PID=1479) to work on /home/airflow/.local/lib/python3.12/site-packages/airflow/example_dags/example_branch_operator_decorator.py
[2024-12-29T00:15:00.747+0000] {processor.py:914} INFO - Processing file /home/airflow/.local/lib/python3.12/site-packages/airflow/example_dags/example_branch_operator_decorator.py for tasks to queue
[2024-12-29T00:15:00.756+0000] {logging_mixin.py:190} INFO - [2024-12-29T00:15:00.755+0000] {dagbag.py:588} INFO - Filling up the DagBag from /home/airflow/.local/lib/python3.12/site-packages/airflow/example_dags/example_branch_operator_decorator.py
[2024-12-29T00:15:00.795+0000] {processor.py:925} INFO - DAG(s) 'example_branch_python_operator_decorator' retrieved from /home/airflow/.local/lib/python3.12/site-packages/airflow/example_dags/example_branch_operator_decorator.py
[2024-12-29T00:15:00.840+0000] {logging_mixin.py:190} INFO - [2024-12-29T00:15:00.839+0000] {dag.py:3239} INFO - Sync 1 DAGs
[2024-12-29T00:15:00.875+0000] {logging_mixin.py:190} INFO - [2024-12-29T00:15:00.874+0000] {dag.py:4180} INFO - Setting next_dagrun for example_branch_python_operator_decorator to 2024-12-28 00:00:00+00:00, run_after=2024-12-29 00:00:00+00:00
[2024-12-29T00:15:00.905+0000] {processor.py:208} INFO - Processing /home/airflow/.local/lib/python3.12/site-packages/airflow/example_dags/example_branch_operator_decorator.py took 0.168 seconds
[2024-12-29T00:15:31.173+0000] {processor.py:186} INFO - Started process (PID=1544) to work on /home/airflow/.local/lib/python3.12/site-packages/airflow/example_dags/example_branch_operator_decorator.py
[2024-12-29T00:15:31.175+0000] {processor.py:914} INFO - Processing file /home/airflow/.local/lib/python3.12/site-packages/airflow/example_dags/example_branch_operator_decorator.py for tasks to queue
[2024-12-29T00:15:31.179+0000] {logging_mixin.py:190} INFO - [2024-12-29T00:15:31.178+0000] {dagbag.py:588} INFO - Filling up the DagBag from /home/airflow/.local/lib/python3.12/site-packages/airflow/example_dags/example_branch_operator_decorator.py
[2024-12-29T00:15:31.211+0000] {processor.py:925} INFO - DAG(s) 'example_branch_python_operator_decorator' retrieved from /home/airflow/.local/lib/python3.12/site-packages/airflow/example_dags/example_branch_operator_decorator.py
[2024-12-29T00:15:31.258+0000] {logging_mixin.py:190} INFO - [2024-12-29T00:15:31.257+0000] {dag.py:3239} INFO - Sync 1 DAGs
[2024-12-29T00:15:31.294+0000] {logging_mixin.py:190} INFO - [2024-12-29T00:15:31.293+0000] {dag.py:4180} INFO - Setting next_dagrun for example_branch_python_operator_decorator to 2024-12-28 00:00:00+00:00, run_after=2024-12-29 00:00:00+00:00
[2024-12-29T00:15:31.325+0000] {processor.py:208} INFO - Processing /home/airflow/.local/lib/python3.12/site-packages/airflow/example_dags/example_branch_operator_decorator.py took 0.160 seconds
[2024-12-29T00:16:02.127+0000] {processor.py:186} INFO - Started process (PID=1609) to work on /home/airflow/.local/lib/python3.12/site-packages/airflow/example_dags/example_branch_operator_decorator.py
[2024-12-29T00:16:02.130+0000] {processor.py:914} INFO - Processing file /home/airflow/.local/lib/python3.12/site-packages/airflow/example_dags/example_branch_operator_decorator.py for tasks to queue
[2024-12-29T00:16:02.133+0000] {logging_mixin.py:190} INFO - [2024-12-29T00:16:02.133+0000] {dagbag.py:588} INFO - Filling up the DagBag from /home/airflow/.local/lib/python3.12/site-packages/airflow/example_dags/example_branch_operator_decorator.py
[2024-12-29T00:16:02.162+0000] {processor.py:925} INFO - DAG(s) 'example_branch_python_operator_decorator' retrieved from /home/airflow/.local/lib/python3.12/site-packages/airflow/example_dags/example_branch_operator_decorator.py
[2024-12-29T00:16:02.214+0000] {logging_mixin.py:190} INFO - [2024-12-29T00:16:02.214+0000] {dag.py:3239} INFO - Sync 1 DAGs
[2024-12-29T00:16:02.252+0000] {logging_mixin.py:190} INFO - [2024-12-29T00:16:02.251+0000] {dag.py:4180} INFO - Setting next_dagrun for example_branch_python_operator_decorator to 2024-12-28 00:00:00+00:00, run_after=2024-12-29 00:00:00+00:00
[2024-12-29T00:16:02.283+0000] {processor.py:208} INFO - Processing /home/airflow/.local/lib/python3.12/site-packages/airflow/example_dags/example_branch_operator_decorator.py took 0.164 seconds
[2024-12-29T00:16:33.047+0000] {processor.py:186} INFO - Started process (PID=1674) to work on /home/airflow/.local/lib/python3.12/site-packages/airflow/example_dags/example_branch_operator_decorator.py
[2024-12-29T00:16:33.049+0000] {processor.py:914} INFO - Processing file /home/airflow/.local/lib/python3.12/site-packages/airflow/example_dags/example_branch_operator_decorator.py for tasks to queue
[2024-12-29T00:16:33.053+0000] {logging_mixin.py:190} INFO - [2024-12-29T00:16:33.052+0000] {dagbag.py:588} INFO - Filling up the DagBag from /home/airflow/.local/lib/python3.12/site-packages/airflow/example_dags/example_branch_operator_decorator.py
[2024-12-29T00:16:33.095+0000] {processor.py:925} INFO - DAG(s) 'example_branch_python_operator_decorator' retrieved from /home/airflow/.local/lib/python3.12/site-packages/airflow/example_dags/example_branch_operator_decorator.py
[2024-12-29T00:16:33.140+0000] {logging_mixin.py:190} INFO - [2024-12-29T00:16:33.140+0000] {dag.py:3239} INFO - Sync 1 DAGs
[2024-12-29T00:16:33.177+0000] {logging_mixin.py:190} INFO - [2024-12-29T00:16:33.176+0000] {dag.py:4180} INFO - Setting next_dagrun for example_branch_python_operator_decorator to 2024-12-28 00:00:00+00:00, run_after=2024-12-29 00:00:00+00:00
[2024-12-29T00:16:33.207+0000] {processor.py:208} INFO - Processing /home/airflow/.local/lib/python3.12/site-packages/airflow/example_dags/example_branch_operator_decorator.py took 0.174 seconds
[2024-12-29T00:17:03.840+0000] {processor.py:186} INFO - Started process (PID=1739) to work on /home/airflow/.local/lib/python3.12/site-packages/airflow/example_dags/example_branch_operator_decorator.py
[2024-12-29T00:17:03.842+0000] {processor.py:914} INFO - Processing file /home/airflow/.local/lib/python3.12/site-packages/airflow/example_dags/example_branch_operator_decorator.py for tasks to queue
[2024-12-29T00:17:03.845+0000] {logging_mixin.py:190} INFO - [2024-12-29T00:17:03.845+0000] {dagbag.py:588} INFO - Filling up the DagBag from /home/airflow/.local/lib/python3.12/site-packages/airflow/example_dags/example_branch_operator_decorator.py
[2024-12-29T00:17:03.874+0000] {processor.py:925} INFO - DAG(s) 'example_branch_python_operator_decorator' retrieved from /home/airflow/.local/lib/python3.12/site-packages/airflow/example_dags/example_branch_operator_decorator.py
[2024-12-29T00:17:03.918+0000] {logging_mixin.py:190} INFO - [2024-12-29T00:17:03.917+0000] {dag.py:3239} INFO - Sync 1 DAGs
[2024-12-29T00:17:03.949+0000] {logging_mixin.py:190} INFO - [2024-12-29T00:17:03.949+0000] {dag.py:4180} INFO - Setting next_dagrun for example_branch_python_operator_decorator to 2024-12-28 00:00:00+00:00, run_after=2024-12-29 00:00:00+00:00
[2024-12-29T00:17:03.983+0000] {processor.py:208} INFO - Processing /home/airflow/.local/lib/python3.12/site-packages/airflow/example_dags/example_branch_operator_decorator.py took 0.150 seconds
[2024-12-29T00:19:53.099+0000] {processor.py:186} INFO - Started process (PID=91) to work on /home/airflow/.local/lib/python3.12/site-packages/airflow/example_dags/example_branch_operator_decorator.py
[2024-12-29T00:19:53.162+0000] {processor.py:914} INFO - Processing file /home/airflow/.local/lib/python3.12/site-packages/airflow/example_dags/example_branch_operator_decorator.py for tasks to queue
[2024-12-29T00:19:53.165+0000] {logging_mixin.py:190} INFO - [2024-12-29T00:19:53.165+0000] {dagbag.py:588} INFO - Filling up the DagBag from /home/airflow/.local/lib/python3.12/site-packages/airflow/example_dags/example_branch_operator_decorator.py
[2024-12-29T00:19:53.189+0000] {processor.py:925} INFO - DAG(s) 'example_branch_python_operator_decorator' retrieved from /home/airflow/.local/lib/python3.12/site-packages/airflow/example_dags/example_branch_operator_decorator.py
[2024-12-29T00:19:53.812+0000] {logging_mixin.py:190} INFO - [2024-12-29T00:19:53.812+0000] {dag.py:3239} INFO - Sync 1 DAGs
[2024-12-29T00:19:54.391+0000] {logging_mixin.py:190} INFO - [2024-12-29T00:19:54.391+0000] {dag.py:4180} INFO - Setting next_dagrun for example_branch_python_operator_decorator to 2024-12-28 00:00:00+00:00, run_after=2024-12-29 00:00:00+00:00
[2024-12-29T00:19:54.436+0000] {processor.py:208} INFO - Processing /home/airflow/.local/lib/python3.12/site-packages/airflow/example_dags/example_branch_operator_decorator.py took 1.345 seconds
[2024-12-29T00:20:24.592+0000] {processor.py:186} INFO - Started process (PID=155) to work on /home/airflow/.local/lib/python3.12/site-packages/airflow/example_dags/example_branch_operator_decorator.py
[2024-12-29T00:20:24.594+0000] {processor.py:914} INFO - Processing file /home/airflow/.local/lib/python3.12/site-packages/airflow/example_dags/example_branch_operator_decorator.py for tasks to queue
[2024-12-29T00:20:24.597+0000] {logging_mixin.py:190} INFO - [2024-12-29T00:20:24.596+0000] {dagbag.py:588} INFO - Filling up the DagBag from /home/airflow/.local/lib/python3.12/site-packages/airflow/example_dags/example_branch_operator_decorator.py
[2024-12-29T00:20:24.634+0000] {processor.py:925} INFO - DAG(s) 'example_branch_python_operator_decorator' retrieved from /home/airflow/.local/lib/python3.12/site-packages/airflow/example_dags/example_branch_operator_decorator.py
[2024-12-29T00:20:24.674+0000] {logging_mixin.py:190} INFO - [2024-12-29T00:20:24.674+0000] {dag.py:3239} INFO - Sync 1 DAGs
[2024-12-29T00:20:24.708+0000] {logging_mixin.py:190} INFO - [2024-12-29T00:20:24.708+0000] {dag.py:4180} INFO - Setting next_dagrun for example_branch_python_operator_decorator to 2024-12-28 00:00:00+00:00, run_after=2024-12-29 00:00:00+00:00
[2024-12-29T00:20:24.743+0000] {processor.py:208} INFO - Processing /home/airflow/.local/lib/python3.12/site-packages/airflow/example_dags/example_branch_operator_decorator.py took 0.156 seconds
[2024-12-29T00:20:54.811+0000] {processor.py:186} INFO - Started process (PID=220) to work on /home/airflow/.local/lib/python3.12/site-packages/airflow/example_dags/example_branch_operator_decorator.py
[2024-12-29T00:20:54.813+0000] {processor.py:914} INFO - Processing file /home/airflow/.local/lib/python3.12/site-packages/airflow/example_dags/example_branch_operator_decorator.py for tasks to queue
[2024-12-29T00:20:54.816+0000] {logging_mixin.py:190} INFO - [2024-12-29T00:20:54.815+0000] {dagbag.py:588} INFO - Filling up the DagBag from /home/airflow/.local/lib/python3.12/site-packages/airflow/example_dags/example_branch_operator_decorator.py
[2024-12-29T00:20:54.841+0000] {processor.py:925} INFO - DAG(s) 'example_branch_python_operator_decorator' retrieved from /home/airflow/.local/lib/python3.12/site-packages/airflow/example_dags/example_branch_operator_decorator.py
[2024-12-29T00:20:54.878+0000] {logging_mixin.py:190} INFO - [2024-12-29T00:20:54.878+0000] {dag.py:3239} INFO - Sync 1 DAGs
[2024-12-29T00:20:54.909+0000] {logging_mixin.py:190} INFO - [2024-12-29T00:20:54.909+0000] {dag.py:4180} INFO - Setting next_dagrun for example_branch_python_operator_decorator to 2024-12-28 00:00:00+00:00, run_after=2024-12-29 00:00:00+00:00
[2024-12-29T00:20:54.937+0000] {processor.py:208} INFO - Processing /home/airflow/.local/lib/python3.12/site-packages/airflow/example_dags/example_branch_operator_decorator.py took 0.133 seconds
[2024-12-29T00:21:25.523+0000] {processor.py:186} INFO - Started process (PID=285) to work on /home/airflow/.local/lib/python3.12/site-packages/airflow/example_dags/example_branch_operator_decorator.py
[2024-12-29T00:21:25.525+0000] {processor.py:914} INFO - Processing file /home/airflow/.local/lib/python3.12/site-packages/airflow/example_dags/example_branch_operator_decorator.py for tasks to queue
[2024-12-29T00:21:25.528+0000] {logging_mixin.py:190} INFO - [2024-12-29T00:21:25.528+0000] {dagbag.py:588} INFO - Filling up the DagBag from /home/airflow/.local/lib/python3.12/site-packages/airflow/example_dags/example_branch_operator_decorator.py
[2024-12-29T00:21:25.552+0000] {processor.py:925} INFO - DAG(s) 'example_branch_python_operator_decorator' retrieved from /home/airflow/.local/lib/python3.12/site-packages/airflow/example_dags/example_branch_operator_decorator.py
[2024-12-29T00:21:25.587+0000] {logging_mixin.py:190} INFO - [2024-12-29T00:21:25.587+0000] {dag.py:3239} INFO - Sync 1 DAGs
[2024-12-29T00:21:25.620+0000] {logging_mixin.py:190} INFO - [2024-12-29T00:21:25.620+0000] {dag.py:4180} INFO - Setting next_dagrun for example_branch_python_operator_decorator to 2024-12-28 00:00:00+00:00, run_after=2024-12-29 00:00:00+00:00
[2024-12-29T00:21:25.651+0000] {processor.py:208} INFO - Processing /home/airflow/.local/lib/python3.12/site-packages/airflow/example_dags/example_branch_operator_decorator.py took 0.135 seconds
[2024-12-29T00:21:55.781+0000] {processor.py:186} INFO - Started process (PID=350) to work on /home/airflow/.local/lib/python3.12/site-packages/airflow/example_dags/example_branch_operator_decorator.py
[2024-12-29T00:21:55.783+0000] {processor.py:914} INFO - Processing file /home/airflow/.local/lib/python3.12/site-packages/airflow/example_dags/example_branch_operator_decorator.py for tasks to queue
[2024-12-29T00:21:55.785+0000] {logging_mixin.py:190} INFO - [2024-12-29T00:21:55.785+0000] {dagbag.py:588} INFO - Filling up the DagBag from /home/airflow/.local/lib/python3.12/site-packages/airflow/example_dags/example_branch_operator_decorator.py
[2024-12-29T00:21:55.808+0000] {processor.py:925} INFO - DAG(s) 'example_branch_python_operator_decorator' retrieved from /home/airflow/.local/lib/python3.12/site-packages/airflow/example_dags/example_branch_operator_decorator.py
[2024-12-29T00:21:55.838+0000] {logging_mixin.py:190} INFO - [2024-12-29T00:21:55.838+0000] {dag.py:3239} INFO - Sync 1 DAGs
[2024-12-29T00:21:55.865+0000] {logging_mixin.py:190} INFO - [2024-12-29T00:21:55.865+0000] {dag.py:4180} INFO - Setting next_dagrun for example_branch_python_operator_decorator to 2024-12-28 00:00:00+00:00, run_after=2024-12-29 00:00:00+00:00
[2024-12-29T00:21:55.893+0000] {processor.py:208} INFO - Processing /home/airflow/.local/lib/python3.12/site-packages/airflow/example_dags/example_branch_operator_decorator.py took 0.118 seconds
[2024-12-29T00:22:26.639+0000] {processor.py:186} INFO - Started process (PID=415) to work on /home/airflow/.local/lib/python3.12/site-packages/airflow/example_dags/example_branch_operator_decorator.py
[2024-12-29T00:22:26.641+0000] {processor.py:914} INFO - Processing file /home/airflow/.local/lib/python3.12/site-packages/airflow/example_dags/example_branch_operator_decorator.py for tasks to queue
[2024-12-29T00:22:26.643+0000] {logging_mixin.py:190} INFO - [2024-12-29T00:22:26.643+0000] {dagbag.py:588} INFO - Filling up the DagBag from /home/airflow/.local/lib/python3.12/site-packages/airflow/example_dags/example_branch_operator_decorator.py
[2024-12-29T00:22:26.665+0000] {processor.py:925} INFO - DAG(s) 'example_branch_python_operator_decorator' retrieved from /home/airflow/.local/lib/python3.12/site-packages/airflow/example_dags/example_branch_operator_decorator.py
[2024-12-29T00:22:26.699+0000] {logging_mixin.py:190} INFO - [2024-12-29T00:22:26.699+0000] {dag.py:3239} INFO - Sync 1 DAGs
[2024-12-29T00:22:26.727+0000] {logging_mixin.py:190} INFO - [2024-12-29T00:22:26.727+0000] {dag.py:4180} INFO - Setting next_dagrun for example_branch_python_operator_decorator to 2024-12-28 00:00:00+00:00, run_after=2024-12-29 00:00:00+00:00
[2024-12-29T00:22:26.754+0000] {processor.py:208} INFO - Processing /home/airflow/.local/lib/python3.12/site-packages/airflow/example_dags/example_branch_operator_decorator.py took 0.121 seconds
[2024-12-29T00:22:57.175+0000] {processor.py:186} INFO - Started process (PID=480) to work on /home/airflow/.local/lib/python3.12/site-packages/airflow/example_dags/example_branch_operator_decorator.py
[2024-12-29T00:22:57.177+0000] {processor.py:914} INFO - Processing file /home/airflow/.local/lib/python3.12/site-packages/airflow/example_dags/example_branch_operator_decorator.py for tasks to queue
[2024-12-29T00:22:57.181+0000] {logging_mixin.py:190} INFO - [2024-12-29T00:22:57.180+0000] {dagbag.py:588} INFO - Filling up the DagBag from /home/airflow/.local/lib/python3.12/site-packages/airflow/example_dags/example_branch_operator_decorator.py
[2024-12-29T00:22:57.207+0000] {processor.py:925} INFO - DAG(s) 'example_branch_python_operator_decorator' retrieved from /home/airflow/.local/lib/python3.12/site-packages/airflow/example_dags/example_branch_operator_decorator.py
[2024-12-29T00:22:57.248+0000] {logging_mixin.py:190} INFO - [2024-12-29T00:22:57.248+0000] {dag.py:3239} INFO - Sync 1 DAGs
[2024-12-29T00:22:57.282+0000] {logging_mixin.py:190} INFO - [2024-12-29T00:22:57.281+0000] {dag.py:4180} INFO - Setting next_dagrun for example_branch_python_operator_decorator to 2024-12-28 00:00:00+00:00, run_after=2024-12-29 00:00:00+00:00
[2024-12-29T00:22:57.308+0000] {processor.py:208} INFO - Processing /home/airflow/.local/lib/python3.12/site-packages/airflow/example_dags/example_branch_operator_decorator.py took 0.140 seconds
[2024-12-29T00:23:27.411+0000] {processor.py:186} INFO - Started process (PID=545) to work on /home/airflow/.local/lib/python3.12/site-packages/airflow/example_dags/example_branch_operator_decorator.py
[2024-12-29T00:23:27.430+0000] {processor.py:914} INFO - Processing file /home/airflow/.local/lib/python3.12/site-packages/airflow/example_dags/example_branch_operator_decorator.py for tasks to queue
[2024-12-29T00:23:27.433+0000] {logging_mixin.py:190} INFO - [2024-12-29T00:23:27.433+0000] {dagbag.py:588} INFO - Filling up the DagBag from /home/airflow/.local/lib/python3.12/site-packages/airflow/example_dags/example_branch_operator_decorator.py
[2024-12-29T00:23:27.458+0000] {processor.py:925} INFO - DAG(s) 'example_branch_python_operator_decorator' retrieved from /home/airflow/.local/lib/python3.12/site-packages/airflow/example_dags/example_branch_operator_decorator.py
[2024-12-29T00:23:27.496+0000] {logging_mixin.py:190} INFO - [2024-12-29T00:23:27.495+0000] {dag.py:3239} INFO - Sync 1 DAGs
[2024-12-29T00:23:27.529+0000] {logging_mixin.py:190} INFO - [2024-12-29T00:23:27.528+0000] {dag.py:4180} INFO - Setting next_dagrun for example_branch_python_operator_decorator to 2024-12-28 00:00:00+00:00, run_after=2024-12-29 00:00:00+00:00
[2024-12-29T00:23:27.559+0000] {processor.py:208} INFO - Processing /home/airflow/.local/lib/python3.12/site-packages/airflow/example_dags/example_branch_operator_decorator.py took 0.155 seconds
[2024-12-29T00:23:57.784+0000] {processor.py:186} INFO - Started process (PID=611) to work on /home/airflow/.local/lib/python3.12/site-packages/airflow/example_dags/example_branch_operator_decorator.py
[2024-12-29T00:23:57.786+0000] {processor.py:914} INFO - Processing file /home/airflow/.local/lib/python3.12/site-packages/airflow/example_dags/example_branch_operator_decorator.py for tasks to queue
[2024-12-29T00:23:57.789+0000] {logging_mixin.py:190} INFO - [2024-12-29T00:23:57.789+0000] {dagbag.py:588} INFO - Filling up the DagBag from /home/airflow/.local/lib/python3.12/site-packages/airflow/example_dags/example_branch_operator_decorator.py
[2024-12-29T00:23:57.813+0000] {processor.py:925} INFO - DAG(s) 'example_branch_python_operator_decorator' retrieved from /home/airflow/.local/lib/python3.12/site-packages/airflow/example_dags/example_branch_operator_decorator.py
[2024-12-29T00:23:57.851+0000] {logging_mixin.py:190} INFO - [2024-12-29T00:23:57.851+0000] {dag.py:3239} INFO - Sync 1 DAGs
[2024-12-29T00:23:57.881+0000] {logging_mixin.py:190} INFO - [2024-12-29T00:23:57.881+0000] {dag.py:4180} INFO - Setting next_dagrun for example_branch_python_operator_decorator to 2024-12-28 00:00:00+00:00, run_after=2024-12-29 00:00:00+00:00
[2024-12-29T00:23:57.911+0000] {processor.py:208} INFO - Processing /home/airflow/.local/lib/python3.12/site-packages/airflow/example_dags/example_branch_operator_decorator.py took 0.133 seconds
[2024-12-29T00:24:28.358+0000] {processor.py:186} INFO - Started process (PID=676) to work on /home/airflow/.local/lib/python3.12/site-packages/airflow/example_dags/example_branch_operator_decorator.py
[2024-12-29T00:24:28.360+0000] {processor.py:914} INFO - Processing file /home/airflow/.local/lib/python3.12/site-packages/airflow/example_dags/example_branch_operator_decorator.py for tasks to queue
[2024-12-29T00:24:28.362+0000] {logging_mixin.py:190} INFO - [2024-12-29T00:24:28.362+0000] {dagbag.py:588} INFO - Filling up the DagBag from /home/airflow/.local/lib/python3.12/site-packages/airflow/example_dags/example_branch_operator_decorator.py
[2024-12-29T00:24:28.385+0000] {processor.py:925} INFO - DAG(s) 'example_branch_python_operator_decorator' retrieved from /home/airflow/.local/lib/python3.12/site-packages/airflow/example_dags/example_branch_operator_decorator.py
[2024-12-29T00:24:28.422+0000] {logging_mixin.py:190} INFO - [2024-12-29T00:24:28.421+0000] {dag.py:3239} INFO - Sync 1 DAGs
[2024-12-29T00:24:28.450+0000] {logging_mixin.py:190} INFO - [2024-12-29T00:24:28.449+0000] {dag.py:4180} INFO - Setting next_dagrun for example_branch_python_operator_decorator to 2024-12-28 00:00:00+00:00, run_after=2024-12-29 00:00:00+00:00
[2024-12-29T00:24:28.476+0000] {processor.py:208} INFO - Processing /home/airflow/.local/lib/python3.12/site-packages/airflow/example_dags/example_branch_operator_decorator.py took 0.123 seconds
[2024-12-29T00:24:58.584+0000] {processor.py:186} INFO - Started process (PID=741) to work on /home/airflow/.local/lib/python3.12/site-packages/airflow/example_dags/example_branch_operator_decorator.py
[2024-12-29T00:24:58.602+0000] {processor.py:914} INFO - Processing file /home/airflow/.local/lib/python3.12/site-packages/airflow/example_dags/example_branch_operator_decorator.py for tasks to queue
[2024-12-29T00:24:58.604+0000] {logging_mixin.py:190} INFO - [2024-12-29T00:24:58.604+0000] {dagbag.py:588} INFO - Filling up the DagBag from /home/airflow/.local/lib/python3.12/site-packages/airflow/example_dags/example_branch_operator_decorator.py
[2024-12-29T00:24:58.622+0000] {processor.py:925} INFO - DAG(s) 'example_branch_python_operator_decorator' retrieved from /home/airflow/.local/lib/python3.12/site-packages/airflow/example_dags/example_branch_operator_decorator.py
[2024-12-29T00:24:58.653+0000] {logging_mixin.py:190} INFO - [2024-12-29T00:24:58.652+0000] {dag.py:3239} INFO - Sync 1 DAGs
[2024-12-29T00:24:58.679+0000] {logging_mixin.py:190} INFO - [2024-12-29T00:24:58.679+0000] {dag.py:4180} INFO - Setting next_dagrun for example_branch_python_operator_decorator to 2024-12-28 00:00:00+00:00, run_after=2024-12-29 00:00:00+00:00
[2024-12-29T00:24:58.704+0000] {processor.py:208} INFO - Processing /home/airflow/.local/lib/python3.12/site-packages/airflow/example_dags/example_branch_operator_decorator.py took 0.124 seconds
[2024-12-29T00:25:28.853+0000] {processor.py:186} INFO - Started process (PID=806) to work on /home/airflow/.local/lib/python3.12/site-packages/airflow/example_dags/example_branch_operator_decorator.py
[2024-12-29T00:25:28.855+0000] {processor.py:914} INFO - Processing file /home/airflow/.local/lib/python3.12/site-packages/airflow/example_dags/example_branch_operator_decorator.py for tasks to queue
[2024-12-29T00:25:28.858+0000] {logging_mixin.py:190} INFO - [2024-12-29T00:25:28.857+0000] {dagbag.py:588} INFO - Filling up the DagBag from /home/airflow/.local/lib/python3.12/site-packages/airflow/example_dags/example_branch_operator_decorator.py
[2024-12-29T00:25:28.880+0000] {processor.py:925} INFO - DAG(s) 'example_branch_python_operator_decorator' retrieved from /home/airflow/.local/lib/python3.12/site-packages/airflow/example_dags/example_branch_operator_decorator.py
[2024-12-29T00:25:28.917+0000] {logging_mixin.py:190} INFO - [2024-12-29T00:25:28.916+0000] {dag.py:3239} INFO - Sync 1 DAGs
[2024-12-29T00:25:28.946+0000] {logging_mixin.py:190} INFO - [2024-12-29T00:25:28.946+0000] {dag.py:4180} INFO - Setting next_dagrun for example_branch_python_operator_decorator to 2024-12-28 00:00:00+00:00, run_after=2024-12-29 00:00:00+00:00
[2024-12-29T00:25:28.971+0000] {processor.py:208} INFO - Processing /home/airflow/.local/lib/python3.12/site-packages/airflow/example_dags/example_branch_operator_decorator.py took 0.124 seconds
[2024-12-29T00:25:59.105+0000] {processor.py:186} INFO - Started process (PID=871) to work on /home/airflow/.local/lib/python3.12/site-packages/airflow/example_dags/example_branch_operator_decorator.py
[2024-12-29T00:25:59.107+0000] {processor.py:914} INFO - Processing file /home/airflow/.local/lib/python3.12/site-packages/airflow/example_dags/example_branch_operator_decorator.py for tasks to queue
[2024-12-29T00:25:59.109+0000] {logging_mixin.py:190} INFO - [2024-12-29T00:25:59.109+0000] {dagbag.py:588} INFO - Filling up the DagBag from /home/airflow/.local/lib/python3.12/site-packages/airflow/example_dags/example_branch_operator_decorator.py
[2024-12-29T00:25:59.130+0000] {processor.py:925} INFO - DAG(s) 'example_branch_python_operator_decorator' retrieved from /home/airflow/.local/lib/python3.12/site-packages/airflow/example_dags/example_branch_operator_decorator.py
[2024-12-29T00:25:59.161+0000] {logging_mixin.py:190} INFO - [2024-12-29T00:25:59.161+0000] {dag.py:3239} INFO - Sync 1 DAGs
[2024-12-29T00:25:59.188+0000] {logging_mixin.py:190} INFO - [2024-12-29T00:25:59.188+0000] {dag.py:4180} INFO - Setting next_dagrun for example_branch_python_operator_decorator to 2024-12-28 00:00:00+00:00, run_after=2024-12-29 00:00:00+00:00
[2024-12-29T00:25:59.212+0000] {processor.py:208} INFO - Processing /home/airflow/.local/lib/python3.12/site-packages/airflow/example_dags/example_branch_operator_decorator.py took 0.113 seconds
[2024-12-29T00:26:29.274+0000] {processor.py:186} INFO - Started process (PID=936) to work on /home/airflow/.local/lib/python3.12/site-packages/airflow/example_dags/example_branch_operator_decorator.py
[2024-12-29T00:26:29.276+0000] {processor.py:914} INFO - Processing file /home/airflow/.local/lib/python3.12/site-packages/airflow/example_dags/example_branch_operator_decorator.py for tasks to queue
[2024-12-29T00:26:29.278+0000] {logging_mixin.py:190} INFO - [2024-12-29T00:26:29.277+0000] {dagbag.py:588} INFO - Filling up the DagBag from /home/airflow/.local/lib/python3.12/site-packages/airflow/example_dags/example_branch_operator_decorator.py
[2024-12-29T00:26:29.296+0000] {processor.py:925} INFO - DAG(s) 'example_branch_python_operator_decorator' retrieved from /home/airflow/.local/lib/python3.12/site-packages/airflow/example_dags/example_branch_operator_decorator.py
[2024-12-29T00:26:29.325+0000] {logging_mixin.py:190} INFO - [2024-12-29T00:26:29.325+0000] {dag.py:3239} INFO - Sync 1 DAGs
[2024-12-29T00:26:29.353+0000] {logging_mixin.py:190} INFO - [2024-12-29T00:26:29.352+0000] {dag.py:4180} INFO - Setting next_dagrun for example_branch_python_operator_decorator to 2024-12-28 00:00:00+00:00, run_after=2024-12-29 00:00:00+00:00
[2024-12-29T00:26:29.375+0000] {processor.py:208} INFO - Processing /home/airflow/.local/lib/python3.12/site-packages/airflow/example_dags/example_branch_operator_decorator.py took 0.107 seconds
[2024-12-29T00:26:59.739+0000] {processor.py:186} INFO - Started process (PID=1001) to work on /home/airflow/.local/lib/python3.12/site-packages/airflow/example_dags/example_branch_operator_decorator.py
[2024-12-29T00:26:59.741+0000] {processor.py:914} INFO - Processing file /home/airflow/.local/lib/python3.12/site-packages/airflow/example_dags/example_branch_operator_decorator.py for tasks to queue
[2024-12-29T00:26:59.743+0000] {logging_mixin.py:190} INFO - [2024-12-29T00:26:59.743+0000] {dagbag.py:588} INFO - Filling up the DagBag from /home/airflow/.local/lib/python3.12/site-packages/airflow/example_dags/example_branch_operator_decorator.py
[2024-12-29T00:26:59.765+0000] {processor.py:925} INFO - DAG(s) 'example_branch_python_operator_decorator' retrieved from /home/airflow/.local/lib/python3.12/site-packages/airflow/example_dags/example_branch_operator_decorator.py
[2024-12-29T00:26:59.803+0000] {logging_mixin.py:190} INFO - [2024-12-29T00:26:59.803+0000] {dag.py:3239} INFO - Sync 1 DAGs
[2024-12-29T00:26:59.836+0000] {logging_mixin.py:190} INFO - [2024-12-29T00:26:59.836+0000] {dag.py:4180} INFO - Setting next_dagrun for example_branch_python_operator_decorator to 2024-12-28 00:00:00+00:00, run_after=2024-12-29 00:00:00+00:00
[2024-12-29T00:26:59.862+0000] {processor.py:208} INFO - Processing /home/airflow/.local/lib/python3.12/site-packages/airflow/example_dags/example_branch_operator_decorator.py took 0.129 seconds
[2024-12-29T00:27:29.956+0000] {processor.py:186} INFO - Started process (PID=1066) to work on /home/airflow/.local/lib/python3.12/site-packages/airflow/example_dags/example_branch_operator_decorator.py
[2024-12-29T00:27:29.958+0000] {processor.py:914} INFO - Processing file /home/airflow/.local/lib/python3.12/site-packages/airflow/example_dags/example_branch_operator_decorator.py for tasks to queue
[2024-12-29T00:27:29.960+0000] {logging_mixin.py:190} INFO - [2024-12-29T00:27:29.960+0000] {dagbag.py:588} INFO - Filling up the DagBag from /home/airflow/.local/lib/python3.12/site-packages/airflow/example_dags/example_branch_operator_decorator.py
[2024-12-29T00:27:29.978+0000] {processor.py:925} INFO - DAG(s) 'example_branch_python_operator_decorator' retrieved from /home/airflow/.local/lib/python3.12/site-packages/airflow/example_dags/example_branch_operator_decorator.py
[2024-12-29T00:27:30.010+0000] {logging_mixin.py:190} INFO - [2024-12-29T00:27:30.010+0000] {dag.py:3239} INFO - Sync 1 DAGs
[2024-12-29T00:27:30.035+0000] {logging_mixin.py:190} INFO - [2024-12-29T00:27:30.035+0000] {dag.py:4180} INFO - Setting next_dagrun for example_branch_python_operator_decorator to 2024-12-28 00:00:00+00:00, run_after=2024-12-29 00:00:00+00:00
[2024-12-29T00:27:30.060+0000] {processor.py:208} INFO - Processing /home/airflow/.local/lib/python3.12/site-packages/airflow/example_dags/example_branch_operator_decorator.py took 0.109 seconds
[2024-12-29T00:28:00.438+0000] {processor.py:186} INFO - Started process (PID=1131) to work on /home/airflow/.local/lib/python3.12/site-packages/airflow/example_dags/example_branch_operator_decorator.py
[2024-12-29T00:28:00.440+0000] {processor.py:914} INFO - Processing file /home/airflow/.local/lib/python3.12/site-packages/airflow/example_dags/example_branch_operator_decorator.py for tasks to queue
[2024-12-29T00:28:00.444+0000] {logging_mixin.py:190} INFO - [2024-12-29T00:28:00.443+0000] {dagbag.py:588} INFO - Filling up the DagBag from /home/airflow/.local/lib/python3.12/site-packages/airflow/example_dags/example_branch_operator_decorator.py
[2024-12-29T00:28:00.476+0000] {processor.py:925} INFO - DAG(s) 'example_branch_python_operator_decorator' retrieved from /home/airflow/.local/lib/python3.12/site-packages/airflow/example_dags/example_branch_operator_decorator.py
[2024-12-29T00:28:00.518+0000] {logging_mixin.py:190} INFO - [2024-12-29T00:28:00.518+0000] {dag.py:3239} INFO - Sync 1 DAGs
[2024-12-29T00:28:00.553+0000] {logging_mixin.py:190} INFO - [2024-12-29T00:28:00.553+0000] {dag.py:4180} INFO - Setting next_dagrun for example_branch_python_operator_decorator to 2024-12-28 00:00:00+00:00, run_after=2024-12-29 00:00:00+00:00
[2024-12-29T00:28:00.587+0000] {processor.py:208} INFO - Processing /home/airflow/.local/lib/python3.12/site-packages/airflow/example_dags/example_branch_operator_decorator.py took 0.158 seconds
[2024-12-29T00:28:30.991+0000] {processor.py:186} INFO - Started process (PID=1197) to work on /home/airflow/.local/lib/python3.12/site-packages/airflow/example_dags/example_branch_operator_decorator.py
[2024-12-29T00:28:30.994+0000] {processor.py:914} INFO - Processing file /home/airflow/.local/lib/python3.12/site-packages/airflow/example_dags/example_branch_operator_decorator.py for tasks to queue
[2024-12-29T00:28:30.999+0000] {logging_mixin.py:190} INFO - [2024-12-29T00:28:30.998+0000] {dagbag.py:588} INFO - Filling up the DagBag from /home/airflow/.local/lib/python3.12/site-packages/airflow/example_dags/example_branch_operator_decorator.py
[2024-12-29T00:28:31.047+0000] {processor.py:925} INFO - DAG(s) 'example_branch_python_operator_decorator' retrieved from /home/airflow/.local/lib/python3.12/site-packages/airflow/example_dags/example_branch_operator_decorator.py
[2024-12-29T00:28:31.120+0000] {logging_mixin.py:190} INFO - [2024-12-29T00:28:31.119+0000] {dag.py:3239} INFO - Sync 1 DAGs
[2024-12-29T00:28:31.164+0000] {logging_mixin.py:190} INFO - [2024-12-29T00:28:31.163+0000] {dag.py:4180} INFO - Setting next_dagrun for example_branch_python_operator_decorator to 2024-12-28 00:00:00+00:00, run_after=2024-12-29 00:00:00+00:00
[2024-12-29T00:28:31.196+0000] {processor.py:208} INFO - Processing /home/airflow/.local/lib/python3.12/site-packages/airflow/example_dags/example_branch_operator_decorator.py took 0.212 seconds
[2024-12-29T00:29:01.250+0000] {processor.py:186} INFO - Started process (PID=1262) to work on /home/airflow/.local/lib/python3.12/site-packages/airflow/example_dags/example_branch_operator_decorator.py
[2024-12-29T00:29:01.253+0000] {processor.py:914} INFO - Processing file /home/airflow/.local/lib/python3.12/site-packages/airflow/example_dags/example_branch_operator_decorator.py for tasks to queue
[2024-12-29T00:29:01.257+0000] {logging_mixin.py:190} INFO - [2024-12-29T00:29:01.256+0000] {dagbag.py:588} INFO - Filling up the DagBag from /home/airflow/.local/lib/python3.12/site-packages/airflow/example_dags/example_branch_operator_decorator.py
[2024-12-29T00:29:01.287+0000] {processor.py:925} INFO - DAG(s) 'example_branch_python_operator_decorator' retrieved from /home/airflow/.local/lib/python3.12/site-packages/airflow/example_dags/example_branch_operator_decorator.py
[2024-12-29T00:29:01.329+0000] {logging_mixin.py:190} INFO - [2024-12-29T00:29:01.328+0000] {dag.py:3239} INFO - Sync 1 DAGs
[2024-12-29T00:29:01.367+0000] {logging_mixin.py:190} INFO - [2024-12-29T00:29:01.366+0000] {dag.py:4180} INFO - Setting next_dagrun for example_branch_python_operator_decorator to 2024-12-28 00:00:00+00:00, run_after=2024-12-29 00:00:00+00:00
[2024-12-29T00:29:01.397+0000] {processor.py:208} INFO - Processing /home/airflow/.local/lib/python3.12/site-packages/airflow/example_dags/example_branch_operator_decorator.py took 0.161 seconds
[2024-12-29T00:29:31.659+0000] {processor.py:186} INFO - Started process (PID=1327) to work on /home/airflow/.local/lib/python3.12/site-packages/airflow/example_dags/example_branch_operator_decorator.py
[2024-12-29T00:29:31.660+0000] {processor.py:914} INFO - Processing file /home/airflow/.local/lib/python3.12/site-packages/airflow/example_dags/example_branch_operator_decorator.py for tasks to queue
[2024-12-29T00:29:31.664+0000] {logging_mixin.py:190} INFO - [2024-12-29T00:29:31.663+0000] {dagbag.py:588} INFO - Filling up the DagBag from /home/airflow/.local/lib/python3.12/site-packages/airflow/example_dags/example_branch_operator_decorator.py
[2024-12-29T00:29:31.686+0000] {processor.py:925} INFO - DAG(s) 'example_branch_python_operator_decorator' retrieved from /home/airflow/.local/lib/python3.12/site-packages/airflow/example_dags/example_branch_operator_decorator.py
[2024-12-29T00:29:31.720+0000] {logging_mixin.py:190} INFO - [2024-12-29T00:29:31.719+0000] {dag.py:3239} INFO - Sync 1 DAGs
[2024-12-29T00:29:31.747+0000] {logging_mixin.py:190} INFO - [2024-12-29T00:29:31.747+0000] {dag.py:4180} INFO - Setting next_dagrun for example_branch_python_operator_decorator to 2024-12-28 00:00:00+00:00, run_after=2024-12-29 00:00:00+00:00
[2024-12-29T00:29:31.776+0000] {processor.py:208} INFO - Processing /home/airflow/.local/lib/python3.12/site-packages/airflow/example_dags/example_branch_operator_decorator.py took 0.122 seconds
[2024-12-29T00:30:02.234+0000] {processor.py:186} INFO - Started process (PID=1392) to work on /home/airflow/.local/lib/python3.12/site-packages/airflow/example_dags/example_branch_operator_decorator.py
[2024-12-29T00:30:02.238+0000] {processor.py:914} INFO - Processing file /home/airflow/.local/lib/python3.12/site-packages/airflow/example_dags/example_branch_operator_decorator.py for tasks to queue
[2024-12-29T00:30:02.241+0000] {logging_mixin.py:190} INFO - [2024-12-29T00:30:02.241+0000] {dagbag.py:588} INFO - Filling up the DagBag from /home/airflow/.local/lib/python3.12/site-packages/airflow/example_dags/example_branch_operator_decorator.py
[2024-12-29T00:30:02.265+0000] {processor.py:925} INFO - DAG(s) 'example_branch_python_operator_decorator' retrieved from /home/airflow/.local/lib/python3.12/site-packages/airflow/example_dags/example_branch_operator_decorator.py
[2024-12-29T00:30:02.311+0000] {logging_mixin.py:190} INFO - [2024-12-29T00:30:02.311+0000] {dag.py:3239} INFO - Sync 1 DAGs
[2024-12-29T00:30:02.350+0000] {logging_mixin.py:190} INFO - [2024-12-29T00:30:02.349+0000] {dag.py:4180} INFO - Setting next_dagrun for example_branch_python_operator_decorator to 2024-12-28 00:00:00+00:00, run_after=2024-12-29 00:00:00+00:00
[2024-12-29T00:30:02.388+0000] {processor.py:208} INFO - Processing /home/airflow/.local/lib/python3.12/site-packages/airflow/example_dags/example_branch_operator_decorator.py took 0.161 seconds
[2024-12-29T00:30:32.798+0000] {processor.py:186} INFO - Started process (PID=1456) to work on /home/airflow/.local/lib/python3.12/site-packages/airflow/example_dags/example_branch_operator_decorator.py
[2024-12-29T00:30:32.800+0000] {processor.py:914} INFO - Processing file /home/airflow/.local/lib/python3.12/site-packages/airflow/example_dags/example_branch_operator_decorator.py for tasks to queue
[2024-12-29T00:30:32.803+0000] {logging_mixin.py:190} INFO - [2024-12-29T00:30:32.802+0000] {dagbag.py:588} INFO - Filling up the DagBag from /home/airflow/.local/lib/python3.12/site-packages/airflow/example_dags/example_branch_operator_decorator.py
[2024-12-29T00:30:32.821+0000] {processor.py:925} INFO - DAG(s) 'example_branch_python_operator_decorator' retrieved from /home/airflow/.local/lib/python3.12/site-packages/airflow/example_dags/example_branch_operator_decorator.py
[2024-12-29T00:30:32.854+0000] {logging_mixin.py:190} INFO - [2024-12-29T00:30:32.853+0000] {dag.py:3239} INFO - Sync 1 DAGs
[2024-12-29T00:30:32.884+0000] {logging_mixin.py:190} INFO - [2024-12-29T00:30:32.884+0000] {dag.py:4180} INFO - Setting next_dagrun for example_branch_python_operator_decorator to 2024-12-28 00:00:00+00:00, run_after=2024-12-29 00:00:00+00:00
[2024-12-29T00:30:32.911+0000] {processor.py:208} INFO - Processing /home/airflow/.local/lib/python3.12/site-packages/airflow/example_dags/example_branch_operator_decorator.py took 0.118 seconds
[2024-12-29T00:31:03.053+0000] {processor.py:186} INFO - Started process (PID=1521) to work on /home/airflow/.local/lib/python3.12/site-packages/airflow/example_dags/example_branch_operator_decorator.py
[2024-12-29T00:31:03.055+0000] {processor.py:914} INFO - Processing file /home/airflow/.local/lib/python3.12/site-packages/airflow/example_dags/example_branch_operator_decorator.py for tasks to queue
[2024-12-29T00:31:03.058+0000] {logging_mixin.py:190} INFO - [2024-12-29T00:31:03.057+0000] {dagbag.py:588} INFO - Filling up the DagBag from /home/airflow/.local/lib/python3.12/site-packages/airflow/example_dags/example_branch_operator_decorator.py
[2024-12-29T00:31:03.092+0000] {processor.py:925} INFO - DAG(s) 'example_branch_python_operator_decorator' retrieved from /home/airflow/.local/lib/python3.12/site-packages/airflow/example_dags/example_branch_operator_decorator.py
[2024-12-29T00:31:03.130+0000] {logging_mixin.py:190} INFO - [2024-12-29T00:31:03.130+0000] {dag.py:3239} INFO - Sync 1 DAGs
[2024-12-29T00:31:03.161+0000] {logging_mixin.py:190} INFO - [2024-12-29T00:31:03.161+0000] {dag.py:4180} INFO - Setting next_dagrun for example_branch_python_operator_decorator to 2024-12-28 00:00:00+00:00, run_after=2024-12-29 00:00:00+00:00
[2024-12-29T00:31:03.186+0000] {processor.py:208} INFO - Processing /home/airflow/.local/lib/python3.12/site-packages/airflow/example_dags/example_branch_operator_decorator.py took 0.140 seconds
[2024-12-29T00:31:33.728+0000] {processor.py:186} INFO - Started process (PID=1587) to work on /home/airflow/.local/lib/python3.12/site-packages/airflow/example_dags/example_branch_operator_decorator.py
[2024-12-29T00:31:33.730+0000] {processor.py:914} INFO - Processing file /home/airflow/.local/lib/python3.12/site-packages/airflow/example_dags/example_branch_operator_decorator.py for tasks to queue
[2024-12-29T00:31:33.732+0000] {logging_mixin.py:190} INFO - [2024-12-29T00:31:33.732+0000] {dagbag.py:588} INFO - Filling up the DagBag from /home/airflow/.local/lib/python3.12/site-packages/airflow/example_dags/example_branch_operator_decorator.py
[2024-12-29T00:31:33.752+0000] {processor.py:925} INFO - DAG(s) 'example_branch_python_operator_decorator' retrieved from /home/airflow/.local/lib/python3.12/site-packages/airflow/example_dags/example_branch_operator_decorator.py
[2024-12-29T00:31:33.783+0000] {logging_mixin.py:190} INFO - [2024-12-29T00:31:33.783+0000] {dag.py:3239} INFO - Sync 1 DAGs
[2024-12-29T00:31:33.810+0000] {logging_mixin.py:190} INFO - [2024-12-29T00:31:33.810+0000] {dag.py:4180} INFO - Setting next_dagrun for example_branch_python_operator_decorator to 2024-12-28 00:00:00+00:00, run_after=2024-12-29 00:00:00+00:00
[2024-12-29T00:31:33.835+0000] {processor.py:208} INFO - Processing /home/airflow/.local/lib/python3.12/site-packages/airflow/example_dags/example_branch_operator_decorator.py took 0.112 seconds
[2024-12-29T00:32:04.863+0000] {processor.py:186} INFO - Started process (PID=1652) to work on /home/airflow/.local/lib/python3.12/site-packages/airflow/example_dags/example_branch_operator_decorator.py
[2024-12-29T00:32:04.865+0000] {processor.py:914} INFO - Processing file /home/airflow/.local/lib/python3.12/site-packages/airflow/example_dags/example_branch_operator_decorator.py for tasks to queue
[2024-12-29T00:32:04.867+0000] {logging_mixin.py:190} INFO - [2024-12-29T00:32:04.867+0000] {dagbag.py:588} INFO - Filling up the DagBag from /home/airflow/.local/lib/python3.12/site-packages/airflow/example_dags/example_branch_operator_decorator.py
[2024-12-29T00:32:04.886+0000] {processor.py:925} INFO - DAG(s) 'example_branch_python_operator_decorator' retrieved from /home/airflow/.local/lib/python3.12/site-packages/airflow/example_dags/example_branch_operator_decorator.py
[2024-12-29T00:32:04.917+0000] {logging_mixin.py:190} INFO - [2024-12-29T00:32:04.917+0000] {dag.py:3239} INFO - Sync 1 DAGs
[2024-12-29T00:32:04.943+0000] {logging_mixin.py:190} INFO - [2024-12-29T00:32:04.943+0000] {dag.py:4180} INFO - Setting next_dagrun for example_branch_python_operator_decorator to 2024-12-28 00:00:00+00:00, run_after=2024-12-29 00:00:00+00:00
[2024-12-29T00:32:04.968+0000] {processor.py:208} INFO - Processing /home/airflow/.local/lib/python3.12/site-packages/airflow/example_dags/example_branch_operator_decorator.py took 0.109 seconds
[2024-12-29T00:32:35.540+0000] {processor.py:186} INFO - Started process (PID=1700) to work on /home/airflow/.local/lib/python3.12/site-packages/airflow/example_dags/example_branch_operator_decorator.py
[2024-12-29T00:32:35.542+0000] {processor.py:914} INFO - Processing file /home/airflow/.local/lib/python3.12/site-packages/airflow/example_dags/example_branch_operator_decorator.py for tasks to queue
[2024-12-29T00:32:35.545+0000] {logging_mixin.py:190} INFO - [2024-12-29T00:32:35.544+0000] {dagbag.py:588} INFO - Filling up the DagBag from /home/airflow/.local/lib/python3.12/site-packages/airflow/example_dags/example_branch_operator_decorator.py
[2024-12-29T00:32:35.570+0000] {processor.py:925} INFO - DAG(s) 'example_branch_python_operator_decorator' retrieved from /home/airflow/.local/lib/python3.12/site-packages/airflow/example_dags/example_branch_operator_decorator.py
[2024-12-29T00:32:35.628+0000] {logging_mixin.py:190} INFO - [2024-12-29T00:32:35.628+0000] {dag.py:3239} INFO - Sync 1 DAGs
[2024-12-29T00:32:35.668+0000] {logging_mixin.py:190} INFO - [2024-12-29T00:32:35.668+0000] {dag.py:4180} INFO - Setting next_dagrun for example_branch_python_operator_decorator to 2024-12-28 00:00:00+00:00, run_after=2024-12-29 00:00:00+00:00
[2024-12-29T00:32:35.696+0000] {processor.py:208} INFO - Processing /home/airflow/.local/lib/python3.12/site-packages/airflow/example_dags/example_branch_operator_decorator.py took 0.162 seconds
[2024-12-29T00:33:06.676+0000] {processor.py:186} INFO - Started process (PID=1765) to work on /home/airflow/.local/lib/python3.12/site-packages/airflow/example_dags/example_branch_operator_decorator.py
[2024-12-29T00:33:06.677+0000] {processor.py:914} INFO - Processing file /home/airflow/.local/lib/python3.12/site-packages/airflow/example_dags/example_branch_operator_decorator.py for tasks to queue
[2024-12-29T00:33:06.680+0000] {logging_mixin.py:190} INFO - [2024-12-29T00:33:06.679+0000] {dagbag.py:588} INFO - Filling up the DagBag from /home/airflow/.local/lib/python3.12/site-packages/airflow/example_dags/example_branch_operator_decorator.py
[2024-12-29T00:33:06.703+0000] {processor.py:925} INFO - DAG(s) 'example_branch_python_operator_decorator' retrieved from /home/airflow/.local/lib/python3.12/site-packages/airflow/example_dags/example_branch_operator_decorator.py
[2024-12-29T00:33:06.738+0000] {logging_mixin.py:190} INFO - [2024-12-29T00:33:06.738+0000] {dag.py:3239} INFO - Sync 1 DAGs
[2024-12-29T00:33:06.770+0000] {logging_mixin.py:190} INFO - [2024-12-29T00:33:06.770+0000] {dag.py:4180} INFO - Setting next_dagrun for example_branch_python_operator_decorator to 2024-12-28 00:00:00+00:00, run_after=2024-12-29 00:00:00+00:00
[2024-12-29T00:33:06.798+0000] {processor.py:208} INFO - Processing /home/airflow/.local/lib/python3.12/site-packages/airflow/example_dags/example_branch_operator_decorator.py took 0.129 seconds
[2024-12-29T00:33:37.943+0000] {processor.py:186} INFO - Started process (PID=1825) to work on /home/airflow/.local/lib/python3.12/site-packages/airflow/example_dags/example_branch_operator_decorator.py
[2024-12-29T00:33:37.945+0000] {processor.py:914} INFO - Processing file /home/airflow/.local/lib/python3.12/site-packages/airflow/example_dags/example_branch_operator_decorator.py for tasks to queue
[2024-12-29T00:33:37.948+0000] {logging_mixin.py:190} INFO - [2024-12-29T00:33:37.947+0000] {dagbag.py:588} INFO - Filling up the DagBag from /home/airflow/.local/lib/python3.12/site-packages/airflow/example_dags/example_branch_operator_decorator.py
[2024-12-29T00:33:37.974+0000] {processor.py:925} INFO - DAG(s) 'example_branch_python_operator_decorator' retrieved from /home/airflow/.local/lib/python3.12/site-packages/airflow/example_dags/example_branch_operator_decorator.py
[2024-12-29T00:33:38.013+0000] {logging_mixin.py:190} INFO - [2024-12-29T00:33:38.013+0000] {dag.py:3239} INFO - Sync 1 DAGs
[2024-12-29T00:33:38.046+0000] {logging_mixin.py:190} INFO - [2024-12-29T00:33:38.046+0000] {dag.py:4180} INFO - Setting next_dagrun for example_branch_python_operator_decorator to 2024-12-28 00:00:00+00:00, run_after=2024-12-29 00:00:00+00:00
[2024-12-29T00:33:38.077+0000] {processor.py:208} INFO - Processing /home/airflow/.local/lib/python3.12/site-packages/airflow/example_dags/example_branch_operator_decorator.py took 0.141 seconds
[2024-12-29T00:34:08.141+0000] {processor.py:186} INFO - Started process (PID=1886) to work on /home/airflow/.local/lib/python3.12/site-packages/airflow/example_dags/example_branch_operator_decorator.py
[2024-12-29T00:34:08.144+0000] {processor.py:914} INFO - Processing file /home/airflow/.local/lib/python3.12/site-packages/airflow/example_dags/example_branch_operator_decorator.py for tasks to queue
[2024-12-29T00:34:08.147+0000] {logging_mixin.py:190} INFO - [2024-12-29T00:34:08.146+0000] {dagbag.py:588} INFO - Filling up the DagBag from /home/airflow/.local/lib/python3.12/site-packages/airflow/example_dags/example_branch_operator_decorator.py
[2024-12-29T00:34:08.172+0000] {processor.py:925} INFO - DAG(s) 'example_branch_python_operator_decorator' retrieved from /home/airflow/.local/lib/python3.12/site-packages/airflow/example_dags/example_branch_operator_decorator.py
[2024-12-29T00:34:08.214+0000] {logging_mixin.py:190} INFO - [2024-12-29T00:34:08.214+0000] {dag.py:3239} INFO - Sync 1 DAGs
[2024-12-29T00:34:08.251+0000] {logging_mixin.py:190} INFO - [2024-12-29T00:34:08.251+0000] {dag.py:4180} INFO - Setting next_dagrun for example_branch_python_operator_decorator to 2024-12-28 00:00:00+00:00, run_after=2024-12-29 00:00:00+00:00
[2024-12-29T00:34:08.284+0000] {processor.py:208} INFO - Processing /home/airflow/.local/lib/python3.12/site-packages/airflow/example_dags/example_branch_operator_decorator.py took 0.149 seconds
[2024-12-29T00:34:38.416+0000] {processor.py:186} INFO - Started process (PID=1951) to work on /home/airflow/.local/lib/python3.12/site-packages/airflow/example_dags/example_branch_operator_decorator.py
[2024-12-29T00:34:38.419+0000] {processor.py:914} INFO - Processing file /home/airflow/.local/lib/python3.12/site-packages/airflow/example_dags/example_branch_operator_decorator.py for tasks to queue
[2024-12-29T00:34:38.423+0000] {logging_mixin.py:190} INFO - [2024-12-29T00:34:38.422+0000] {dagbag.py:588} INFO - Filling up the DagBag from /home/airflow/.local/lib/python3.12/site-packages/airflow/example_dags/example_branch_operator_decorator.py
[2024-12-29T00:34:38.456+0000] {processor.py:925} INFO - DAG(s) 'example_branch_python_operator_decorator' retrieved from /home/airflow/.local/lib/python3.12/site-packages/airflow/example_dags/example_branch_operator_decorator.py
[2024-12-29T00:34:38.502+0000] {logging_mixin.py:190} INFO - [2024-12-29T00:34:38.502+0000] {dag.py:3239} INFO - Sync 1 DAGs
[2024-12-29T00:34:38.555+0000] {logging_mixin.py:190} INFO - [2024-12-29T00:34:38.555+0000] {dag.py:4180} INFO - Setting next_dagrun for example_branch_python_operator_decorator to 2024-12-28 00:00:00+00:00, run_after=2024-12-29 00:00:00+00:00
[2024-12-29T00:34:38.588+0000] {processor.py:208} INFO - Processing /home/airflow/.local/lib/python3.12/site-packages/airflow/example_dags/example_branch_operator_decorator.py took 0.180 seconds
[2024-12-29T00:35:09.493+0000] {processor.py:186} INFO - Started process (PID=2016) to work on /home/airflow/.local/lib/python3.12/site-packages/airflow/example_dags/example_branch_operator_decorator.py
[2024-12-29T00:35:09.495+0000] {processor.py:914} INFO - Processing file /home/airflow/.local/lib/python3.12/site-packages/airflow/example_dags/example_branch_operator_decorator.py for tasks to queue
[2024-12-29T00:35:09.498+0000] {logging_mixin.py:190} INFO - [2024-12-29T00:35:09.497+0000] {dagbag.py:588} INFO - Filling up the DagBag from /home/airflow/.local/lib/python3.12/site-packages/airflow/example_dags/example_branch_operator_decorator.py
[2024-12-29T00:35:09.524+0000] {processor.py:925} INFO - DAG(s) 'example_branch_python_operator_decorator' retrieved from /home/airflow/.local/lib/python3.12/site-packages/airflow/example_dags/example_branch_operator_decorator.py
[2024-12-29T00:35:09.561+0000] {logging_mixin.py:190} INFO - [2024-12-29T00:35:09.561+0000] {dag.py:3239} INFO - Sync 1 DAGs
[2024-12-29T00:35:09.593+0000] {logging_mixin.py:190} INFO - [2024-12-29T00:35:09.593+0000] {dag.py:4180} INFO - Setting next_dagrun for example_branch_python_operator_decorator to 2024-12-28 00:00:00+00:00, run_after=2024-12-29 00:00:00+00:00
[2024-12-29T00:35:09.620+0000] {processor.py:208} INFO - Processing /home/airflow/.local/lib/python3.12/site-packages/airflow/example_dags/example_branch_operator_decorator.py took 0.136 seconds
[2024-12-29T00:35:40.093+0000] {processor.py:186} INFO - Started process (PID=2079) to work on /home/airflow/.local/lib/python3.12/site-packages/airflow/example_dags/example_branch_operator_decorator.py
[2024-12-29T00:35:40.095+0000] {processor.py:914} INFO - Processing file /home/airflow/.local/lib/python3.12/site-packages/airflow/example_dags/example_branch_operator_decorator.py for tasks to queue
[2024-12-29T00:35:40.097+0000] {logging_mixin.py:190} INFO - [2024-12-29T00:35:40.097+0000] {dagbag.py:588} INFO - Filling up the DagBag from /home/airflow/.local/lib/python3.12/site-packages/airflow/example_dags/example_branch_operator_decorator.py
[2024-12-29T00:35:40.117+0000] {processor.py:925} INFO - DAG(s) 'example_branch_python_operator_decorator' retrieved from /home/airflow/.local/lib/python3.12/site-packages/airflow/example_dags/example_branch_operator_decorator.py
[2024-12-29T00:35:40.150+0000] {logging_mixin.py:190} INFO - [2024-12-29T00:35:40.150+0000] {dag.py:3239} INFO - Sync 1 DAGs
[2024-12-29T00:35:40.181+0000] {logging_mixin.py:190} INFO - [2024-12-29T00:35:40.180+0000] {dag.py:4180} INFO - Setting next_dagrun for example_branch_python_operator_decorator to 2024-12-28 00:00:00+00:00, run_after=2024-12-29 00:00:00+00:00
[2024-12-29T00:35:40.219+0000] {processor.py:208} INFO - Processing /home/airflow/.local/lib/python3.12/site-packages/airflow/example_dags/example_branch_operator_decorator.py took 0.130 seconds
[2024-12-29T00:36:10.660+0000] {processor.py:186} INFO - Started process (PID=2149) to work on /home/airflow/.local/lib/python3.12/site-packages/airflow/example_dags/example_branch_operator_decorator.py
[2024-12-29T00:36:10.662+0000] {processor.py:914} INFO - Processing file /home/airflow/.local/lib/python3.12/site-packages/airflow/example_dags/example_branch_operator_decorator.py for tasks to queue
[2024-12-29T00:36:10.664+0000] {logging_mixin.py:190} INFO - [2024-12-29T00:36:10.664+0000] {dagbag.py:588} INFO - Filling up the DagBag from /home/airflow/.local/lib/python3.12/site-packages/airflow/example_dags/example_branch_operator_decorator.py
[2024-12-29T00:36:10.688+0000] {processor.py:925} INFO - DAG(s) 'example_branch_python_operator_decorator' retrieved from /home/airflow/.local/lib/python3.12/site-packages/airflow/example_dags/example_branch_operator_decorator.py
[2024-12-29T00:36:10.727+0000] {logging_mixin.py:190} INFO - [2024-12-29T00:36:10.727+0000] {dag.py:3239} INFO - Sync 1 DAGs
[2024-12-29T00:36:10.759+0000] {logging_mixin.py:190} INFO - [2024-12-29T00:36:10.758+0000] {dag.py:4180} INFO - Setting next_dagrun for example_branch_python_operator_decorator to 2024-12-28 00:00:00+00:00, run_after=2024-12-29 00:00:00+00:00
[2024-12-29T00:36:10.787+0000] {processor.py:208} INFO - Processing /home/airflow/.local/lib/python3.12/site-packages/airflow/example_dags/example_branch_operator_decorator.py took 0.133 seconds
[2024-12-29T00:36:41.086+0000] {processor.py:186} INFO - Started process (PID=2215) to work on /home/airflow/.local/lib/python3.12/site-packages/airflow/example_dags/example_branch_operator_decorator.py
[2024-12-29T00:36:41.088+0000] {processor.py:914} INFO - Processing file /home/airflow/.local/lib/python3.12/site-packages/airflow/example_dags/example_branch_operator_decorator.py for tasks to queue
[2024-12-29T00:36:41.090+0000] {logging_mixin.py:190} INFO - [2024-12-29T00:36:41.090+0000] {dagbag.py:588} INFO - Filling up the DagBag from /home/airflow/.local/lib/python3.12/site-packages/airflow/example_dags/example_branch_operator_decorator.py
[2024-12-29T00:36:41.114+0000] {processor.py:925} INFO - DAG(s) 'example_branch_python_operator_decorator' retrieved from /home/airflow/.local/lib/python3.12/site-packages/airflow/example_dags/example_branch_operator_decorator.py
[2024-12-29T00:36:41.147+0000] {logging_mixin.py:190} INFO - [2024-12-29T00:36:41.146+0000] {dag.py:3239} INFO - Sync 1 DAGs
[2024-12-29T00:36:41.173+0000] {logging_mixin.py:190} INFO - [2024-12-29T00:36:41.173+0000] {dag.py:4180} INFO - Setting next_dagrun for example_branch_python_operator_decorator to 2024-12-28 00:00:00+00:00, run_after=2024-12-29 00:00:00+00:00
[2024-12-29T00:36:41.197+0000] {processor.py:208} INFO - Processing /home/airflow/.local/lib/python3.12/site-packages/airflow/example_dags/example_branch_operator_decorator.py took 0.118 seconds
[2024-12-29T00:37:11.271+0000] {processor.py:186} INFO - Started process (PID=2280) to work on /home/airflow/.local/lib/python3.12/site-packages/airflow/example_dags/example_branch_operator_decorator.py
[2024-12-29T00:37:11.273+0000] {processor.py:914} INFO - Processing file /home/airflow/.local/lib/python3.12/site-packages/airflow/example_dags/example_branch_operator_decorator.py for tasks to queue
[2024-12-29T00:37:11.275+0000] {logging_mixin.py:190} INFO - [2024-12-29T00:37:11.275+0000] {dagbag.py:588} INFO - Filling up the DagBag from /home/airflow/.local/lib/python3.12/site-packages/airflow/example_dags/example_branch_operator_decorator.py
[2024-12-29T00:37:11.297+0000] {processor.py:925} INFO - DAG(s) 'example_branch_python_operator_decorator' retrieved from /home/airflow/.local/lib/python3.12/site-packages/airflow/example_dags/example_branch_operator_decorator.py
[2024-12-29T00:37:11.329+0000] {logging_mixin.py:190} INFO - [2024-12-29T00:37:11.329+0000] {dag.py:3239} INFO - Sync 1 DAGs
[2024-12-29T00:37:11.354+0000] {logging_mixin.py:190} INFO - [2024-12-29T00:37:11.354+0000] {dag.py:4180} INFO - Setting next_dagrun for example_branch_python_operator_decorator to 2024-12-28 00:00:00+00:00, run_after=2024-12-29 00:00:00+00:00
[2024-12-29T00:37:11.378+0000] {processor.py:208} INFO - Processing /home/airflow/.local/lib/python3.12/site-packages/airflow/example_dags/example_branch_operator_decorator.py took 0.112 seconds
[2024-12-29T00:37:41.509+0000] {processor.py:186} INFO - Started process (PID=2345) to work on /home/airflow/.local/lib/python3.12/site-packages/airflow/example_dags/example_branch_operator_decorator.py
[2024-12-29T00:37:41.511+0000] {processor.py:914} INFO - Processing file /home/airflow/.local/lib/python3.12/site-packages/airflow/example_dags/example_branch_operator_decorator.py for tasks to queue
[2024-12-29T00:37:41.513+0000] {logging_mixin.py:190} INFO - [2024-12-29T00:37:41.513+0000] {dagbag.py:588} INFO - Filling up the DagBag from /home/airflow/.local/lib/python3.12/site-packages/airflow/example_dags/example_branch_operator_decorator.py
[2024-12-29T00:37:41.536+0000] {processor.py:925} INFO - DAG(s) 'example_branch_python_operator_decorator' retrieved from /home/airflow/.local/lib/python3.12/site-packages/airflow/example_dags/example_branch_operator_decorator.py
[2024-12-29T00:37:41.577+0000] {logging_mixin.py:190} INFO - [2024-12-29T00:37:41.577+0000] {dag.py:3239} INFO - Sync 1 DAGs
[2024-12-29T00:37:41.608+0000] {logging_mixin.py:190} INFO - [2024-12-29T00:37:41.608+0000] {dag.py:4180} INFO - Setting next_dagrun for example_branch_python_operator_decorator to 2024-12-28 00:00:00+00:00, run_after=2024-12-29 00:00:00+00:00
[2024-12-29T00:37:41.637+0000] {processor.py:208} INFO - Processing /home/airflow/.local/lib/python3.12/site-packages/airflow/example_dags/example_branch_operator_decorator.py took 0.134 seconds
[2024-12-29T00:38:12.337+0000] {processor.py:186} INFO - Started process (PID=2410) to work on /home/airflow/.local/lib/python3.12/site-packages/airflow/example_dags/example_branch_operator_decorator.py
[2024-12-29T00:38:12.339+0000] {processor.py:914} INFO - Processing file /home/airflow/.local/lib/python3.12/site-packages/airflow/example_dags/example_branch_operator_decorator.py for tasks to queue
[2024-12-29T00:38:12.343+0000] {logging_mixin.py:190} INFO - [2024-12-29T00:38:12.342+0000] {dagbag.py:588} INFO - Filling up the DagBag from /home/airflow/.local/lib/python3.12/site-packages/airflow/example_dags/example_branch_operator_decorator.py
[2024-12-29T00:38:12.375+0000] {processor.py:925} INFO - DAG(s) 'example_branch_python_operator_decorator' retrieved from /home/airflow/.local/lib/python3.12/site-packages/airflow/example_dags/example_branch_operator_decorator.py
[2024-12-29T00:38:12.419+0000] {logging_mixin.py:190} INFO - [2024-12-29T00:38:12.418+0000] {dag.py:3239} INFO - Sync 1 DAGs
[2024-12-29T00:38:12.456+0000] {logging_mixin.py:190} INFO - [2024-12-29T00:38:12.455+0000] {dag.py:4180} INFO - Setting next_dagrun for example_branch_python_operator_decorator to 2024-12-28 00:00:00+00:00, run_after=2024-12-29 00:00:00+00:00
[2024-12-29T00:38:12.489+0000] {processor.py:208} INFO - Processing /home/airflow/.local/lib/python3.12/site-packages/airflow/example_dags/example_branch_operator_decorator.py took 0.160 seconds
