[2024-12-29T00:03:36.972+0000] {processor.py:186} INFO - Started process (PID=78) to work on /home/airflow/.local/lib/python3.12/site-packages/airflow/example_dags/example_python_decorator.py
[2024-12-29T00:03:36.973+0000] {processor.py:914} INFO - Processing file /home/airflow/.local/lib/python3.12/site-packages/airflow/example_dags/example_python_decorator.py for tasks to queue
[2024-12-29T00:03:37.021+0000] {logging_mixin.py:190} INFO - [2024-12-29T00:03:37.020+0000] {dagbag.py:588} INFO - Filling up the DagBag from /home/airflow/.local/lib/python3.12/site-packages/airflow/example_dags/example_python_decorator.py
[2024-12-29T00:03:38.304+0000] {processor.py:925} INFO - DAG(s) 'example_python_decorator' retrieved from /home/airflow/.local/lib/python3.12/site-packages/airflow/example_dags/example_python_decorator.py
[2024-12-29T00:03:40.107+0000] {logging_mixin.py:190} INFO - [2024-12-29T00:03:40.105+0000] {override.py:1911} INFO - Created Permission View: can read on DAG:example_python_decorator
[2024-12-29T00:03:40.147+0000] {logging_mixin.py:190} INFO - [2024-12-29T00:03:40.146+0000] {override.py:1911} INFO - Created Permission View: can edit on DAG:example_python_decorator
[2024-12-29T00:03:40.183+0000] {logging_mixin.py:190} INFO - [2024-12-29T00:03:40.182+0000] {override.py:1911} INFO - Created Permission View: can delete on DAG:example_python_decorator
[2024-12-29T00:03:40.207+0000] {logging_mixin.py:190} INFO - [2024-12-29T00:03:40.206+0000] {override.py:1911} INFO - Created Permission View: can create on DAG Run:example_python_decorator
[2024-12-29T00:03:40.224+0000] {logging_mixin.py:190} INFO - [2024-12-29T00:03:40.223+0000] {override.py:1911} INFO - Created Permission View: can read on DAG Run:example_python_decorator
[2024-12-29T00:03:40.239+0000] {logging_mixin.py:190} INFO - [2024-12-29T00:03:40.239+0000] {override.py:1911} INFO - Created Permission View: can delete on DAG Run:example_python_decorator
[2024-12-29T00:03:40.256+0000] {logging_mixin.py:190} INFO - [2024-12-29T00:03:40.255+0000] {override.py:1911} INFO - Created Permission View: menu access on DAG Run:example_python_decorator
[2024-12-29T00:03:40.257+0000] {logging_mixin.py:190} INFO - [2024-12-29T00:03:40.256+0000] {dag.py:3239} INFO - Sync 1 DAGs
[2024-12-29T00:03:40.304+0000] {logging_mixin.py:190} INFO - [2024-12-29T00:03:40.303+0000] {dag.py:3262} INFO - Creating ORM DAG for example_python_decorator
[2024-12-29T00:03:40.306+0000] {logging_mixin.py:190} INFO - [2024-12-29T00:03:40.306+0000] {dag.py:4180} INFO - Setting next_dagrun for example_python_decorator to None, run_after=None
[2024-12-29T00:03:40.375+0000] {processor.py:208} INFO - Processing /home/airflow/.local/lib/python3.12/site-packages/airflow/example_dags/example_python_decorator.py took 3.416 seconds
[2024-12-29T00:04:10.918+0000] {processor.py:186} INFO - Started process (PID=143) to work on /home/airflow/.local/lib/python3.12/site-packages/airflow/example_dags/example_python_decorator.py
[2024-12-29T00:04:10.920+0000] {processor.py:914} INFO - Processing file /home/airflow/.local/lib/python3.12/site-packages/airflow/example_dags/example_python_decorator.py for tasks to queue
[2024-12-29T00:04:10.923+0000] {logging_mixin.py:190} INFO - [2024-12-29T00:04:10.922+0000] {dagbag.py:588} INFO - Filling up the DagBag from /home/airflow/.local/lib/python3.12/site-packages/airflow/example_dags/example_python_decorator.py
[2024-12-29T00:04:10.955+0000] {processor.py:925} INFO - DAG(s) 'example_python_decorator' retrieved from /home/airflow/.local/lib/python3.12/site-packages/airflow/example_dags/example_python_decorator.py
[2024-12-29T00:04:10.993+0000] {logging_mixin.py:190} INFO - [2024-12-29T00:04:10.993+0000] {dag.py:3239} INFO - Sync 1 DAGs
[2024-12-29T00:04:11.010+0000] {logging_mixin.py:190} INFO - [2024-12-29T00:04:11.010+0000] {dag.py:4180} INFO - Setting next_dagrun for example_python_decorator to None, run_after=None
[2024-12-29T00:04:11.040+0000] {processor.py:208} INFO - Processing /home/airflow/.local/lib/python3.12/site-packages/airflow/example_dags/example_python_decorator.py took 0.133 seconds
[2024-12-29T00:04:41.936+0000] {processor.py:186} INFO - Started process (PID=207) to work on /home/airflow/.local/lib/python3.12/site-packages/airflow/example_dags/example_python_decorator.py
[2024-12-29T00:04:41.938+0000] {processor.py:914} INFO - Processing file /home/airflow/.local/lib/python3.12/site-packages/airflow/example_dags/example_python_decorator.py for tasks to queue
[2024-12-29T00:04:41.941+0000] {logging_mixin.py:190} INFO - [2024-12-29T00:04:41.941+0000] {dagbag.py:588} INFO - Filling up the DagBag from /home/airflow/.local/lib/python3.12/site-packages/airflow/example_dags/example_python_decorator.py
[2024-12-29T00:04:41.962+0000] {processor.py:925} INFO - DAG(s) 'example_python_decorator' retrieved from /home/airflow/.local/lib/python3.12/site-packages/airflow/example_dags/example_python_decorator.py
[2024-12-29T00:04:41.992+0000] {logging_mixin.py:190} INFO - [2024-12-29T00:04:41.992+0000] {dag.py:3239} INFO - Sync 1 DAGs
[2024-12-29T00:04:42.011+0000] {logging_mixin.py:190} INFO - [2024-12-29T00:04:42.011+0000] {dag.py:4180} INFO - Setting next_dagrun for example_python_decorator to None, run_after=None
[2024-12-29T00:04:42.039+0000] {processor.py:208} INFO - Processing /home/airflow/.local/lib/python3.12/site-packages/airflow/example_dags/example_python_decorator.py took 0.110 seconds
[2024-12-29T00:05:12.344+0000] {processor.py:186} INFO - Started process (PID=277) to work on /home/airflow/.local/lib/python3.12/site-packages/airflow/example_dags/example_python_decorator.py
[2024-12-29T00:05:12.346+0000] {processor.py:914} INFO - Processing file /home/airflow/.local/lib/python3.12/site-packages/airflow/example_dags/example_python_decorator.py for tasks to queue
[2024-12-29T00:05:12.349+0000] {logging_mixin.py:190} INFO - [2024-12-29T00:05:12.348+0000] {dagbag.py:588} INFO - Filling up the DagBag from /home/airflow/.local/lib/python3.12/site-packages/airflow/example_dags/example_python_decorator.py
[2024-12-29T00:05:12.367+0000] {processor.py:925} INFO - DAG(s) 'example_python_decorator' retrieved from /home/airflow/.local/lib/python3.12/site-packages/airflow/example_dags/example_python_decorator.py
[2024-12-29T00:05:12.396+0000] {logging_mixin.py:190} INFO - [2024-12-29T00:05:12.396+0000] {dag.py:3239} INFO - Sync 1 DAGs
[2024-12-29T00:05:12.411+0000] {logging_mixin.py:190} INFO - [2024-12-29T00:05:12.410+0000] {dag.py:4180} INFO - Setting next_dagrun for example_python_decorator to None, run_after=None
[2024-12-29T00:05:12.441+0000] {processor.py:208} INFO - Processing /home/airflow/.local/lib/python3.12/site-packages/airflow/example_dags/example_python_decorator.py took 0.104 seconds
[2024-12-29T00:05:42.513+0000] {processor.py:186} INFO - Started process (PID=341) to work on /home/airflow/.local/lib/python3.12/site-packages/airflow/example_dags/example_python_decorator.py
[2024-12-29T00:05:42.515+0000] {processor.py:914} INFO - Processing file /home/airflow/.local/lib/python3.12/site-packages/airflow/example_dags/example_python_decorator.py for tasks to queue
[2024-12-29T00:05:42.517+0000] {logging_mixin.py:190} INFO - [2024-12-29T00:05:42.517+0000] {dagbag.py:588} INFO - Filling up the DagBag from /home/airflow/.local/lib/python3.12/site-packages/airflow/example_dags/example_python_decorator.py
[2024-12-29T00:05:42.536+0000] {processor.py:925} INFO - DAG(s) 'example_python_decorator' retrieved from /home/airflow/.local/lib/python3.12/site-packages/airflow/example_dags/example_python_decorator.py
[2024-12-29T00:05:42.567+0000] {logging_mixin.py:190} INFO - [2024-12-29T00:05:42.566+0000] {dag.py:3239} INFO - Sync 1 DAGs
[2024-12-29T00:05:42.584+0000] {logging_mixin.py:190} INFO - [2024-12-29T00:05:42.583+0000] {dag.py:4180} INFO - Setting next_dagrun for example_python_decorator to None, run_after=None
[2024-12-29T00:05:42.611+0000] {processor.py:208} INFO - Processing /home/airflow/.local/lib/python3.12/site-packages/airflow/example_dags/example_python_decorator.py took 0.106 seconds
[2024-12-29T00:06:13.354+0000] {processor.py:186} INFO - Started process (PID=405) to work on /home/airflow/.local/lib/python3.12/site-packages/airflow/example_dags/example_python_decorator.py
[2024-12-29T00:06:13.356+0000] {processor.py:914} INFO - Processing file /home/airflow/.local/lib/python3.12/site-packages/airflow/example_dags/example_python_decorator.py for tasks to queue
[2024-12-29T00:06:13.360+0000] {logging_mixin.py:190} INFO - [2024-12-29T00:06:13.359+0000] {dagbag.py:588} INFO - Filling up the DagBag from /home/airflow/.local/lib/python3.12/site-packages/airflow/example_dags/example_python_decorator.py
[2024-12-29T00:06:13.388+0000] {processor.py:925} INFO - DAG(s) 'example_python_decorator' retrieved from /home/airflow/.local/lib/python3.12/site-packages/airflow/example_dags/example_python_decorator.py
[2024-12-29T00:06:13.425+0000] {logging_mixin.py:190} INFO - [2024-12-29T00:06:13.425+0000] {dag.py:3239} INFO - Sync 1 DAGs
[2024-12-29T00:06:13.447+0000] {logging_mixin.py:190} INFO - [2024-12-29T00:06:13.446+0000] {dag.py:4180} INFO - Setting next_dagrun for example_python_decorator to None, run_after=None
[2024-12-29T00:06:13.482+0000] {processor.py:208} INFO - Processing /home/airflow/.local/lib/python3.12/site-packages/airflow/example_dags/example_python_decorator.py took 0.139 seconds
[2024-12-29T00:06:44.253+0000] {processor.py:186} INFO - Started process (PID=469) to work on /home/airflow/.local/lib/python3.12/site-packages/airflow/example_dags/example_python_decorator.py
[2024-12-29T00:06:44.254+0000] {processor.py:914} INFO - Processing file /home/airflow/.local/lib/python3.12/site-packages/airflow/example_dags/example_python_decorator.py for tasks to queue
[2024-12-29T00:06:44.257+0000] {logging_mixin.py:190} INFO - [2024-12-29T00:06:44.256+0000] {dagbag.py:588} INFO - Filling up the DagBag from /home/airflow/.local/lib/python3.12/site-packages/airflow/example_dags/example_python_decorator.py
[2024-12-29T00:06:44.271+0000] {processor.py:925} INFO - DAG(s) 'example_python_decorator' retrieved from /home/airflow/.local/lib/python3.12/site-packages/airflow/example_dags/example_python_decorator.py
[2024-12-29T00:06:44.297+0000] {logging_mixin.py:190} INFO - [2024-12-29T00:06:44.296+0000] {dag.py:3239} INFO - Sync 1 DAGs
[2024-12-29T00:06:44.312+0000] {logging_mixin.py:190} INFO - [2024-12-29T00:06:44.311+0000] {dag.py:4180} INFO - Setting next_dagrun for example_python_decorator to None, run_after=None
[2024-12-29T00:06:44.336+0000] {processor.py:208} INFO - Processing /home/airflow/.local/lib/python3.12/site-packages/airflow/example_dags/example_python_decorator.py took 0.089 seconds
[2024-12-29T00:07:15.216+0000] {processor.py:186} INFO - Started process (PID=533) to work on /home/airflow/.local/lib/python3.12/site-packages/airflow/example_dags/example_python_decorator.py
[2024-12-29T00:07:15.219+0000] {processor.py:914} INFO - Processing file /home/airflow/.local/lib/python3.12/site-packages/airflow/example_dags/example_python_decorator.py for tasks to queue
[2024-12-29T00:07:15.221+0000] {logging_mixin.py:190} INFO - [2024-12-29T00:07:15.221+0000] {dagbag.py:588} INFO - Filling up the DagBag from /home/airflow/.local/lib/python3.12/site-packages/airflow/example_dags/example_python_decorator.py
[2024-12-29T00:07:15.238+0000] {processor.py:925} INFO - DAG(s) 'example_python_decorator' retrieved from /home/airflow/.local/lib/python3.12/site-packages/airflow/example_dags/example_python_decorator.py
[2024-12-29T00:07:15.270+0000] {logging_mixin.py:190} INFO - [2024-12-29T00:07:15.269+0000] {dag.py:3239} INFO - Sync 1 DAGs
[2024-12-29T00:07:15.289+0000] {logging_mixin.py:190} INFO - [2024-12-29T00:07:15.288+0000] {dag.py:4180} INFO - Setting next_dagrun for example_python_decorator to None, run_after=None
[2024-12-29T00:07:15.317+0000] {processor.py:208} INFO - Processing /home/airflow/.local/lib/python3.12/site-packages/airflow/example_dags/example_python_decorator.py took 0.108 seconds
[2024-12-29T00:07:45.822+0000] {processor.py:186} INFO - Started process (PID=597) to work on /home/airflow/.local/lib/python3.12/site-packages/airflow/example_dags/example_python_decorator.py
[2024-12-29T00:07:45.824+0000] {processor.py:914} INFO - Processing file /home/airflow/.local/lib/python3.12/site-packages/airflow/example_dags/example_python_decorator.py for tasks to queue
[2024-12-29T00:07:45.826+0000] {logging_mixin.py:190} INFO - [2024-12-29T00:07:45.826+0000] {dagbag.py:588} INFO - Filling up the DagBag from /home/airflow/.local/lib/python3.12/site-packages/airflow/example_dags/example_python_decorator.py
[2024-12-29T00:07:45.841+0000] {processor.py:925} INFO - DAG(s) 'example_python_decorator' retrieved from /home/airflow/.local/lib/python3.12/site-packages/airflow/example_dags/example_python_decorator.py
[2024-12-29T00:07:45.871+0000] {logging_mixin.py:190} INFO - [2024-12-29T00:07:45.871+0000] {dag.py:3239} INFO - Sync 1 DAGs
[2024-12-29T00:07:45.887+0000] {logging_mixin.py:190} INFO - [2024-12-29T00:07:45.887+0000] {dag.py:4180} INFO - Setting next_dagrun for example_python_decorator to None, run_after=None
[2024-12-29T00:07:45.917+0000] {processor.py:208} INFO - Processing /home/airflow/.local/lib/python3.12/site-packages/airflow/example_dags/example_python_decorator.py took 0.102 seconds
[2024-12-29T00:08:16.034+0000] {processor.py:186} INFO - Started process (PID=660) to work on /home/airflow/.local/lib/python3.12/site-packages/airflow/example_dags/example_python_decorator.py
[2024-12-29T00:08:16.036+0000] {processor.py:914} INFO - Processing file /home/airflow/.local/lib/python3.12/site-packages/airflow/example_dags/example_python_decorator.py for tasks to queue
[2024-12-29T00:08:16.039+0000] {logging_mixin.py:190} INFO - [2024-12-29T00:08:16.038+0000] {dagbag.py:588} INFO - Filling up the DagBag from /home/airflow/.local/lib/python3.12/site-packages/airflow/example_dags/example_python_decorator.py
[2024-12-29T00:08:16.056+0000] {processor.py:925} INFO - DAG(s) 'example_python_decorator' retrieved from /home/airflow/.local/lib/python3.12/site-packages/airflow/example_dags/example_python_decorator.py
[2024-12-29T00:08:16.086+0000] {logging_mixin.py:190} INFO - [2024-12-29T00:08:16.086+0000] {dag.py:3239} INFO - Sync 1 DAGs
[2024-12-29T00:08:16.103+0000] {logging_mixin.py:190} INFO - [2024-12-29T00:08:16.103+0000] {dag.py:4180} INFO - Setting next_dagrun for example_python_decorator to None, run_after=None
[2024-12-29T00:08:16.131+0000] {processor.py:208} INFO - Processing /home/airflow/.local/lib/python3.12/site-packages/airflow/example_dags/example_python_decorator.py took 0.104 seconds
[2024-12-29T00:08:46.182+0000] {processor.py:186} INFO - Started process (PID=723) to work on /home/airflow/.local/lib/python3.12/site-packages/airflow/example_dags/example_python_decorator.py
[2024-12-29T00:08:46.184+0000] {processor.py:914} INFO - Processing file /home/airflow/.local/lib/python3.12/site-packages/airflow/example_dags/example_python_decorator.py for tasks to queue
[2024-12-29T00:08:46.188+0000] {logging_mixin.py:190} INFO - [2024-12-29T00:08:46.187+0000] {dagbag.py:588} INFO - Filling up the DagBag from /home/airflow/.local/lib/python3.12/site-packages/airflow/example_dags/example_python_decorator.py
[2024-12-29T00:08:46.204+0000] {processor.py:925} INFO - DAG(s) 'example_python_decorator' retrieved from /home/airflow/.local/lib/python3.12/site-packages/airflow/example_dags/example_python_decorator.py
[2024-12-29T00:08:46.234+0000] {logging_mixin.py:190} INFO - [2024-12-29T00:08:46.234+0000] {dag.py:3239} INFO - Sync 1 DAGs
[2024-12-29T00:08:46.250+0000] {logging_mixin.py:190} INFO - [2024-12-29T00:08:46.250+0000] {dag.py:4180} INFO - Setting next_dagrun for example_python_decorator to None, run_after=None
[2024-12-29T00:08:46.276+0000] {processor.py:208} INFO - Processing /home/airflow/.local/lib/python3.12/site-packages/airflow/example_dags/example_python_decorator.py took 0.100 seconds
[2024-12-29T00:09:16.523+0000] {processor.py:186} INFO - Started process (PID=787) to work on /home/airflow/.local/lib/python3.12/site-packages/airflow/example_dags/example_python_decorator.py
[2024-12-29T00:09:16.525+0000] {processor.py:914} INFO - Processing file /home/airflow/.local/lib/python3.12/site-packages/airflow/example_dags/example_python_decorator.py for tasks to queue
[2024-12-29T00:09:16.527+0000] {logging_mixin.py:190} INFO - [2024-12-29T00:09:16.527+0000] {dagbag.py:588} INFO - Filling up the DagBag from /home/airflow/.local/lib/python3.12/site-packages/airflow/example_dags/example_python_decorator.py
[2024-12-29T00:09:16.542+0000] {processor.py:925} INFO - DAG(s) 'example_python_decorator' retrieved from /home/airflow/.local/lib/python3.12/site-packages/airflow/example_dags/example_python_decorator.py
[2024-12-29T00:09:16.567+0000] {logging_mixin.py:190} INFO - [2024-12-29T00:09:16.566+0000] {dag.py:3239} INFO - Sync 1 DAGs
[2024-12-29T00:09:16.581+0000] {logging_mixin.py:190} INFO - [2024-12-29T00:09:16.581+0000] {dag.py:4180} INFO - Setting next_dagrun for example_python_decorator to None, run_after=None
[2024-12-29T00:09:16.604+0000] {processor.py:208} INFO - Processing /home/airflow/.local/lib/python3.12/site-packages/airflow/example_dags/example_python_decorator.py took 0.086 seconds
[2024-12-29T00:09:47.450+0000] {processor.py:186} INFO - Started process (PID=844) to work on /home/airflow/.local/lib/python3.12/site-packages/airflow/example_dags/example_python_decorator.py
[2024-12-29T00:09:47.451+0000] {processor.py:914} INFO - Processing file /home/airflow/.local/lib/python3.12/site-packages/airflow/example_dags/example_python_decorator.py for tasks to queue
[2024-12-29T00:09:47.454+0000] {logging_mixin.py:190} INFO - [2024-12-29T00:09:47.454+0000] {dagbag.py:588} INFO - Filling up the DagBag from /home/airflow/.local/lib/python3.12/site-packages/airflow/example_dags/example_python_decorator.py
[2024-12-29T00:09:47.469+0000] {processor.py:925} INFO - DAG(s) 'example_python_decorator' retrieved from /home/airflow/.local/lib/python3.12/site-packages/airflow/example_dags/example_python_decorator.py
[2024-12-29T00:09:47.500+0000] {logging_mixin.py:190} INFO - [2024-12-29T00:09:47.499+0000] {dag.py:3239} INFO - Sync 1 DAGs
[2024-12-29T00:09:47.515+0000] {logging_mixin.py:190} INFO - [2024-12-29T00:09:47.515+0000] {dag.py:4180} INFO - Setting next_dagrun for example_python_decorator to None, run_after=None
[2024-12-29T00:09:47.540+0000] {processor.py:208} INFO - Processing /home/airflow/.local/lib/python3.12/site-packages/airflow/example_dags/example_python_decorator.py took 0.095 seconds
[2024-12-29T00:10:18.831+0000] {processor.py:186} INFO - Started process (PID=903) to work on /home/airflow/.local/lib/python3.12/site-packages/airflow/example_dags/example_python_decorator.py
[2024-12-29T00:10:18.833+0000] {processor.py:914} INFO - Processing file /home/airflow/.local/lib/python3.12/site-packages/airflow/example_dags/example_python_decorator.py for tasks to queue
[2024-12-29T00:10:18.836+0000] {logging_mixin.py:190} INFO - [2024-12-29T00:10:18.835+0000] {dagbag.py:588} INFO - Filling up the DagBag from /home/airflow/.local/lib/python3.12/site-packages/airflow/example_dags/example_python_decorator.py
[2024-12-29T00:10:18.850+0000] {processor.py:925} INFO - DAG(s) 'example_python_decorator' retrieved from /home/airflow/.local/lib/python3.12/site-packages/airflow/example_dags/example_python_decorator.py
[2024-12-29T00:10:18.875+0000] {logging_mixin.py:190} INFO - [2024-12-29T00:10:18.875+0000] {dag.py:3239} INFO - Sync 1 DAGs
[2024-12-29T00:10:18.889+0000] {logging_mixin.py:190} INFO - [2024-12-29T00:10:18.889+0000] {dag.py:4180} INFO - Setting next_dagrun for example_python_decorator to None, run_after=None
[2024-12-29T00:10:18.915+0000] {processor.py:208} INFO - Processing /home/airflow/.local/lib/python3.12/site-packages/airflow/example_dags/example_python_decorator.py took 0.089 seconds
[2024-12-29T00:10:49.473+0000] {processor.py:186} INFO - Started process (PID=959) to work on /home/airflow/.local/lib/python3.12/site-packages/airflow/example_dags/example_python_decorator.py
[2024-12-29T00:10:49.476+0000] {processor.py:914} INFO - Processing file /home/airflow/.local/lib/python3.12/site-packages/airflow/example_dags/example_python_decorator.py for tasks to queue
[2024-12-29T00:10:49.478+0000] {logging_mixin.py:190} INFO - [2024-12-29T00:10:49.478+0000] {dagbag.py:588} INFO - Filling up the DagBag from /home/airflow/.local/lib/python3.12/site-packages/airflow/example_dags/example_python_decorator.py
[2024-12-29T00:10:49.493+0000] {processor.py:925} INFO - DAG(s) 'example_python_decorator' retrieved from /home/airflow/.local/lib/python3.12/site-packages/airflow/example_dags/example_python_decorator.py
[2024-12-29T00:10:49.517+0000] {logging_mixin.py:190} INFO - [2024-12-29T00:10:49.517+0000] {dag.py:3239} INFO - Sync 1 DAGs
[2024-12-29T00:10:49.534+0000] {logging_mixin.py:190} INFO - [2024-12-29T00:10:49.533+0000] {dag.py:4180} INFO - Setting next_dagrun for example_python_decorator to None, run_after=None
[2024-12-29T00:10:49.558+0000] {processor.py:208} INFO - Processing /home/airflow/.local/lib/python3.12/site-packages/airflow/example_dags/example_python_decorator.py took 0.090 seconds
[2024-12-29T00:11:19.742+0000] {processor.py:186} INFO - Started process (PID=1017) to work on /home/airflow/.local/lib/python3.12/site-packages/airflow/example_dags/example_python_decorator.py
[2024-12-29T00:11:19.743+0000] {processor.py:914} INFO - Processing file /home/airflow/.local/lib/python3.12/site-packages/airflow/example_dags/example_python_decorator.py for tasks to queue
[2024-12-29T00:11:19.746+0000] {logging_mixin.py:190} INFO - [2024-12-29T00:11:19.745+0000] {dagbag.py:588} INFO - Filling up the DagBag from /home/airflow/.local/lib/python3.12/site-packages/airflow/example_dags/example_python_decorator.py
[2024-12-29T00:11:19.760+0000] {processor.py:925} INFO - DAG(s) 'example_python_decorator' retrieved from /home/airflow/.local/lib/python3.12/site-packages/airflow/example_dags/example_python_decorator.py
[2024-12-29T00:11:19.790+0000] {logging_mixin.py:190} INFO - [2024-12-29T00:11:19.789+0000] {dag.py:3239} INFO - Sync 1 DAGs
[2024-12-29T00:11:19.808+0000] {logging_mixin.py:190} INFO - [2024-12-29T00:11:19.807+0000] {dag.py:4180} INFO - Setting next_dagrun for example_python_decorator to None, run_after=None
[2024-12-29T00:11:19.837+0000] {processor.py:208} INFO - Processing /home/airflow/.local/lib/python3.12/site-packages/airflow/example_dags/example_python_decorator.py took 0.101 seconds
[2024-12-29T00:11:49.937+0000] {processor.py:186} INFO - Started process (PID=1081) to work on /home/airflow/.local/lib/python3.12/site-packages/airflow/example_dags/example_python_decorator.py
[2024-12-29T00:11:49.943+0000] {processor.py:914} INFO - Processing file /home/airflow/.local/lib/python3.12/site-packages/airflow/example_dags/example_python_decorator.py for tasks to queue
[2024-12-29T00:11:49.945+0000] {logging_mixin.py:190} INFO - [2024-12-29T00:11:49.945+0000] {dagbag.py:588} INFO - Filling up the DagBag from /home/airflow/.local/lib/python3.12/site-packages/airflow/example_dags/example_python_decorator.py
[2024-12-29T00:11:49.962+0000] {processor.py:925} INFO - DAG(s) 'example_python_decorator' retrieved from /home/airflow/.local/lib/python3.12/site-packages/airflow/example_dags/example_python_decorator.py
[2024-12-29T00:11:49.988+0000] {logging_mixin.py:190} INFO - [2024-12-29T00:11:49.987+0000] {dag.py:3239} INFO - Sync 1 DAGs
[2024-12-29T00:11:50.001+0000] {logging_mixin.py:190} INFO - [2024-12-29T00:11:50.001+0000] {dag.py:4180} INFO - Setting next_dagrun for example_python_decorator to None, run_after=None
[2024-12-29T00:11:50.026+0000] {processor.py:208} INFO - Processing /home/airflow/.local/lib/python3.12/site-packages/airflow/example_dags/example_python_decorator.py took 0.096 seconds
[2024-12-29T00:12:20.451+0000] {processor.py:186} INFO - Started process (PID=1145) to work on /home/airflow/.local/lib/python3.12/site-packages/airflow/example_dags/example_python_decorator.py
[2024-12-29T00:12:20.454+0000] {processor.py:914} INFO - Processing file /home/airflow/.local/lib/python3.12/site-packages/airflow/example_dags/example_python_decorator.py for tasks to queue
[2024-12-29T00:12:20.460+0000] {logging_mixin.py:190} INFO - [2024-12-29T00:12:20.459+0000] {dagbag.py:588} INFO - Filling up the DagBag from /home/airflow/.local/lib/python3.12/site-packages/airflow/example_dags/example_python_decorator.py
[2024-12-29T00:12:20.500+0000] {processor.py:925} INFO - DAG(s) 'example_python_decorator' retrieved from /home/airflow/.local/lib/python3.12/site-packages/airflow/example_dags/example_python_decorator.py
[2024-12-29T00:12:20.560+0000] {logging_mixin.py:190} INFO - [2024-12-29T00:12:20.559+0000] {dag.py:3239} INFO - Sync 1 DAGs
[2024-12-29T00:12:20.589+0000] {logging_mixin.py:190} INFO - [2024-12-29T00:12:20.589+0000] {dag.py:4180} INFO - Setting next_dagrun for example_python_decorator to None, run_after=None
[2024-12-29T00:12:20.628+0000] {processor.py:208} INFO - Processing /home/airflow/.local/lib/python3.12/site-packages/airflow/example_dags/example_python_decorator.py took 0.191 seconds
[2024-12-29T00:12:51.423+0000] {processor.py:186} INFO - Started process (PID=1209) to work on /home/airflow/.local/lib/python3.12/site-packages/airflow/example_dags/example_python_decorator.py
[2024-12-29T00:12:51.427+0000] {processor.py:914} INFO - Processing file /home/airflow/.local/lib/python3.12/site-packages/airflow/example_dags/example_python_decorator.py for tasks to queue
[2024-12-29T00:12:51.435+0000] {logging_mixin.py:190} INFO - [2024-12-29T00:12:51.433+0000] {dagbag.py:588} INFO - Filling up the DagBag from /home/airflow/.local/lib/python3.12/site-packages/airflow/example_dags/example_python_decorator.py
[2024-12-29T00:12:51.476+0000] {processor.py:925} INFO - DAG(s) 'example_python_decorator' retrieved from /home/airflow/.local/lib/python3.12/site-packages/airflow/example_dags/example_python_decorator.py
[2024-12-29T00:12:51.570+0000] {logging_mixin.py:190} INFO - [2024-12-29T00:12:51.569+0000] {dag.py:3239} INFO - Sync 1 DAGs
[2024-12-29T00:12:51.623+0000] {logging_mixin.py:190} INFO - [2024-12-29T00:12:51.622+0000] {dag.py:4180} INFO - Setting next_dagrun for example_python_decorator to None, run_after=None
[2024-12-29T00:12:51.681+0000] {processor.py:208} INFO - Processing /home/airflow/.local/lib/python3.12/site-packages/airflow/example_dags/example_python_decorator.py took 0.271 seconds
[2024-12-29T00:13:21.898+0000] {processor.py:186} INFO - Started process (PID=1274) to work on /home/airflow/.local/lib/python3.12/site-packages/airflow/example_dags/example_python_decorator.py
[2024-12-29T00:13:21.900+0000] {processor.py:914} INFO - Processing file /home/airflow/.local/lib/python3.12/site-packages/airflow/example_dags/example_python_decorator.py for tasks to queue
[2024-12-29T00:13:21.903+0000] {logging_mixin.py:190} INFO - [2024-12-29T00:13:21.903+0000] {dagbag.py:588} INFO - Filling up the DagBag from /home/airflow/.local/lib/python3.12/site-packages/airflow/example_dags/example_python_decorator.py
[2024-12-29T00:13:21.921+0000] {processor.py:925} INFO - DAG(s) 'example_python_decorator' retrieved from /home/airflow/.local/lib/python3.12/site-packages/airflow/example_dags/example_python_decorator.py
[2024-12-29T00:13:21.957+0000] {logging_mixin.py:190} INFO - [2024-12-29T00:13:21.957+0000] {dag.py:3239} INFO - Sync 1 DAGs
[2024-12-29T00:13:21.981+0000] {logging_mixin.py:190} INFO - [2024-12-29T00:13:21.981+0000] {dag.py:4180} INFO - Setting next_dagrun for example_python_decorator to None, run_after=None
[2024-12-29T00:13:22.014+0000] {processor.py:208} INFO - Processing /home/airflow/.local/lib/python3.12/site-packages/airflow/example_dags/example_python_decorator.py took 0.121 seconds
[2024-12-29T00:13:52.282+0000] {processor.py:186} INFO - Started process (PID=1339) to work on /home/airflow/.local/lib/python3.12/site-packages/airflow/example_dags/example_python_decorator.py
[2024-12-29T00:13:52.284+0000] {processor.py:914} INFO - Processing file /home/airflow/.local/lib/python3.12/site-packages/airflow/example_dags/example_python_decorator.py for tasks to queue
[2024-12-29T00:13:52.287+0000] {logging_mixin.py:190} INFO - [2024-12-29T00:13:52.287+0000] {dagbag.py:588} INFO - Filling up the DagBag from /home/airflow/.local/lib/python3.12/site-packages/airflow/example_dags/example_python_decorator.py
[2024-12-29T00:13:52.306+0000] {processor.py:925} INFO - DAG(s) 'example_python_decorator' retrieved from /home/airflow/.local/lib/python3.12/site-packages/airflow/example_dags/example_python_decorator.py
[2024-12-29T00:13:52.353+0000] {logging_mixin.py:190} INFO - [2024-12-29T00:13:52.353+0000] {dag.py:3239} INFO - Sync 1 DAGs
[2024-12-29T00:13:52.395+0000] {logging_mixin.py:190} INFO - [2024-12-29T00:13:52.394+0000] {dag.py:4180} INFO - Setting next_dagrun for example_python_decorator to None, run_after=None
[2024-12-29T00:13:52.447+0000] {processor.py:208} INFO - Processing /home/airflow/.local/lib/python3.12/site-packages/airflow/example_dags/example_python_decorator.py took 0.172 seconds
[2024-12-29T00:14:23.269+0000] {processor.py:186} INFO - Started process (PID=1404) to work on /home/airflow/.local/lib/python3.12/site-packages/airflow/example_dags/example_python_decorator.py
[2024-12-29T00:14:23.271+0000] {processor.py:914} INFO - Processing file /home/airflow/.local/lib/python3.12/site-packages/airflow/example_dags/example_python_decorator.py for tasks to queue
[2024-12-29T00:14:23.274+0000] {logging_mixin.py:190} INFO - [2024-12-29T00:14:23.274+0000] {dagbag.py:588} INFO - Filling up the DagBag from /home/airflow/.local/lib/python3.12/site-packages/airflow/example_dags/example_python_decorator.py
[2024-12-29T00:14:23.294+0000] {processor.py:925} INFO - DAG(s) 'example_python_decorator' retrieved from /home/airflow/.local/lib/python3.12/site-packages/airflow/example_dags/example_python_decorator.py
[2024-12-29T00:14:23.333+0000] {logging_mixin.py:190} INFO - [2024-12-29T00:14:23.332+0000] {dag.py:3239} INFO - Sync 1 DAGs
[2024-12-29T00:14:23.351+0000] {logging_mixin.py:190} INFO - [2024-12-29T00:14:23.351+0000] {dag.py:4180} INFO - Setting next_dagrun for example_python_decorator to None, run_after=None
[2024-12-29T00:14:23.383+0000] {processor.py:208} INFO - Processing /home/airflow/.local/lib/python3.12/site-packages/airflow/example_dags/example_python_decorator.py took 0.122 seconds
[2024-12-29T00:14:53.912+0000] {processor.py:186} INFO - Started process (PID=1468) to work on /home/airflow/.local/lib/python3.12/site-packages/airflow/example_dags/example_python_decorator.py
[2024-12-29T00:14:53.914+0000] {processor.py:914} INFO - Processing file /home/airflow/.local/lib/python3.12/site-packages/airflow/example_dags/example_python_decorator.py for tasks to queue
[2024-12-29T00:14:53.917+0000] {logging_mixin.py:190} INFO - [2024-12-29T00:14:53.917+0000] {dagbag.py:588} INFO - Filling up the DagBag from /home/airflow/.local/lib/python3.12/site-packages/airflow/example_dags/example_python_decorator.py
[2024-12-29T00:14:53.937+0000] {processor.py:925} INFO - DAG(s) 'example_python_decorator' retrieved from /home/airflow/.local/lib/python3.12/site-packages/airflow/example_dags/example_python_decorator.py
[2024-12-29T00:14:53.969+0000] {logging_mixin.py:190} INFO - [2024-12-29T00:14:53.969+0000] {dag.py:3239} INFO - Sync 1 DAGs
[2024-12-29T00:14:53.987+0000] {logging_mixin.py:190} INFO - [2024-12-29T00:14:53.987+0000] {dag.py:4180} INFO - Setting next_dagrun for example_python_decorator to None, run_after=None
[2024-12-29T00:14:54.018+0000] {processor.py:208} INFO - Processing /home/airflow/.local/lib/python3.12/site-packages/airflow/example_dags/example_python_decorator.py took 0.114 seconds
[2024-12-29T00:15:24.565+0000] {processor.py:186} INFO - Started process (PID=1526) to work on /home/airflow/.local/lib/python3.12/site-packages/airflow/example_dags/example_python_decorator.py
[2024-12-29T00:15:24.567+0000] {processor.py:914} INFO - Processing file /home/airflow/.local/lib/python3.12/site-packages/airflow/example_dags/example_python_decorator.py for tasks to queue
[2024-12-29T00:15:24.570+0000] {logging_mixin.py:190} INFO - [2024-12-29T00:15:24.569+0000] {dagbag.py:588} INFO - Filling up the DagBag from /home/airflow/.local/lib/python3.12/site-packages/airflow/example_dags/example_python_decorator.py
[2024-12-29T00:15:24.589+0000] {processor.py:925} INFO - DAG(s) 'example_python_decorator' retrieved from /home/airflow/.local/lib/python3.12/site-packages/airflow/example_dags/example_python_decorator.py
[2024-12-29T00:15:24.622+0000] {logging_mixin.py:190} INFO - [2024-12-29T00:15:24.622+0000] {dag.py:3239} INFO - Sync 1 DAGs
[2024-12-29T00:15:24.642+0000] {logging_mixin.py:190} INFO - [2024-12-29T00:15:24.641+0000] {dag.py:4180} INFO - Setting next_dagrun for example_python_decorator to None, run_after=None
[2024-12-29T00:15:24.672+0000] {processor.py:208} INFO - Processing /home/airflow/.local/lib/python3.12/site-packages/airflow/example_dags/example_python_decorator.py took 0.114 seconds
[2024-12-29T00:15:55.299+0000] {processor.py:186} INFO - Started process (PID=1588) to work on /home/airflow/.local/lib/python3.12/site-packages/airflow/example_dags/example_python_decorator.py
[2024-12-29T00:15:55.301+0000] {processor.py:914} INFO - Processing file /home/airflow/.local/lib/python3.12/site-packages/airflow/example_dags/example_python_decorator.py for tasks to queue
[2024-12-29T00:15:55.305+0000] {logging_mixin.py:190} INFO - [2024-12-29T00:15:55.305+0000] {dagbag.py:588} INFO - Filling up the DagBag from /home/airflow/.local/lib/python3.12/site-packages/airflow/example_dags/example_python_decorator.py
[2024-12-29T00:15:55.350+0000] {processor.py:925} INFO - DAG(s) 'example_python_decorator' retrieved from /home/airflow/.local/lib/python3.12/site-packages/airflow/example_dags/example_python_decorator.py
[2024-12-29T00:15:55.402+0000] {logging_mixin.py:190} INFO - [2024-12-29T00:15:55.402+0000] {dag.py:3239} INFO - Sync 1 DAGs
[2024-12-29T00:15:55.432+0000] {logging_mixin.py:190} INFO - [2024-12-29T00:15:55.432+0000] {dag.py:4180} INFO - Setting next_dagrun for example_python_decorator to None, run_after=None
[2024-12-29T00:15:55.471+0000] {processor.py:208} INFO - Processing /home/airflow/.local/lib/python3.12/site-packages/airflow/example_dags/example_python_decorator.py took 0.178 seconds
[2024-12-29T00:16:25.714+0000] {processor.py:186} INFO - Started process (PID=1653) to work on /home/airflow/.local/lib/python3.12/site-packages/airflow/example_dags/example_python_decorator.py
[2024-12-29T00:16:25.715+0000] {processor.py:914} INFO - Processing file /home/airflow/.local/lib/python3.12/site-packages/airflow/example_dags/example_python_decorator.py for tasks to queue
[2024-12-29T00:16:25.718+0000] {logging_mixin.py:190} INFO - [2024-12-29T00:16:25.718+0000] {dagbag.py:588} INFO - Filling up the DagBag from /home/airflow/.local/lib/python3.12/site-packages/airflow/example_dags/example_python_decorator.py
[2024-12-29T00:16:25.733+0000] {processor.py:925} INFO - DAG(s) 'example_python_decorator' retrieved from /home/airflow/.local/lib/python3.12/site-packages/airflow/example_dags/example_python_decorator.py
[2024-12-29T00:16:25.760+0000] {logging_mixin.py:190} INFO - [2024-12-29T00:16:25.759+0000] {dag.py:3239} INFO - Sync 1 DAGs
[2024-12-29T00:16:25.775+0000] {logging_mixin.py:190} INFO - [2024-12-29T00:16:25.774+0000] {dag.py:4180} INFO - Setting next_dagrun for example_python_decorator to None, run_after=None
[2024-12-29T00:16:25.801+0000] {processor.py:208} INFO - Processing /home/airflow/.local/lib/python3.12/site-packages/airflow/example_dags/example_python_decorator.py took 0.093 seconds
[2024-12-29T00:16:56.259+0000] {processor.py:186} INFO - Started process (PID=1718) to work on /home/airflow/.local/lib/python3.12/site-packages/airflow/example_dags/example_python_decorator.py
[2024-12-29T00:16:56.262+0000] {processor.py:914} INFO - Processing file /home/airflow/.local/lib/python3.12/site-packages/airflow/example_dags/example_python_decorator.py for tasks to queue
[2024-12-29T00:16:56.265+0000] {logging_mixin.py:190} INFO - [2024-12-29T00:16:56.265+0000] {dagbag.py:588} INFO - Filling up the DagBag from /home/airflow/.local/lib/python3.12/site-packages/airflow/example_dags/example_python_decorator.py
[2024-12-29T00:16:56.284+0000] {processor.py:925} INFO - DAG(s) 'example_python_decorator' retrieved from /home/airflow/.local/lib/python3.12/site-packages/airflow/example_dags/example_python_decorator.py
[2024-12-29T00:16:56.329+0000] {logging_mixin.py:190} INFO - [2024-12-29T00:16:56.329+0000] {dag.py:3239} INFO - Sync 1 DAGs
[2024-12-29T00:16:56.355+0000] {logging_mixin.py:190} INFO - [2024-12-29T00:16:56.354+0000] {dag.py:4180} INFO - Setting next_dagrun for example_python_decorator to None, run_after=None
[2024-12-29T00:16:56.386+0000] {processor.py:208} INFO - Processing /home/airflow/.local/lib/python3.12/site-packages/airflow/example_dags/example_python_decorator.py took 0.133 seconds
[2024-12-29T00:19:50.629+0000] {processor.py:186} INFO - Started process (PID=83) to work on /home/airflow/.local/lib/python3.12/site-packages/airflow/example_dags/example_python_decorator.py
[2024-12-29T00:19:50.631+0000] {processor.py:914} INFO - Processing file /home/airflow/.local/lib/python3.12/site-packages/airflow/example_dags/example_python_decorator.py for tasks to queue
[2024-12-29T00:19:50.638+0000] {logging_mixin.py:190} INFO - [2024-12-29T00:19:50.636+0000] {dagbag.py:588} INFO - Filling up the DagBag from /home/airflow/.local/lib/python3.12/site-packages/airflow/example_dags/example_python_decorator.py
[2024-12-29T00:19:50.685+0000] {processor.py:925} INFO - DAG(s) 'example_python_decorator' retrieved from /home/airflow/.local/lib/python3.12/site-packages/airflow/example_dags/example_python_decorator.py
[2024-12-29T00:19:51.110+0000] {logging_mixin.py:190} INFO - [2024-12-29T00:19:51.110+0000] {dag.py:3239} INFO - Sync 1 DAGs
[2024-12-29T00:19:51.137+0000] {logging_mixin.py:190} INFO - [2024-12-29T00:19:51.136+0000] {dag.py:4180} INFO - Setting next_dagrun for example_python_decorator to None, run_after=None
[2024-12-29T00:19:51.209+0000] {processor.py:208} INFO - Processing /home/airflow/.local/lib/python3.12/site-packages/airflow/example_dags/example_python_decorator.py took 0.592 seconds
[2024-12-29T00:20:22.121+0000] {processor.py:186} INFO - Started process (PID=148) to work on /home/airflow/.local/lib/python3.12/site-packages/airflow/example_dags/example_python_decorator.py
[2024-12-29T00:20:22.124+0000] {processor.py:914} INFO - Processing file /home/airflow/.local/lib/python3.12/site-packages/airflow/example_dags/example_python_decorator.py for tasks to queue
[2024-12-29T00:20:22.129+0000] {logging_mixin.py:190} INFO - [2024-12-29T00:20:22.129+0000] {dagbag.py:588} INFO - Filling up the DagBag from /home/airflow/.local/lib/python3.12/site-packages/airflow/example_dags/example_python_decorator.py
[2024-12-29T00:20:22.144+0000] {processor.py:925} INFO - DAG(s) 'example_python_decorator' retrieved from /home/airflow/.local/lib/python3.12/site-packages/airflow/example_dags/example_python_decorator.py
[2024-12-29T00:20:22.170+0000] {logging_mixin.py:190} INFO - [2024-12-29T00:20:22.169+0000] {dag.py:3239} INFO - Sync 1 DAGs
[2024-12-29T00:20:22.185+0000] {logging_mixin.py:190} INFO - [2024-12-29T00:20:22.185+0000] {dag.py:4180} INFO - Setting next_dagrun for example_python_decorator to None, run_after=None
[2024-12-29T00:20:22.210+0000] {processor.py:208} INFO - Processing /home/airflow/.local/lib/python3.12/site-packages/airflow/example_dags/example_python_decorator.py took 0.093 seconds
[2024-12-29T00:20:52.363+0000] {processor.py:186} INFO - Started process (PID=213) to work on /home/airflow/.local/lib/python3.12/site-packages/airflow/example_dags/example_python_decorator.py
[2024-12-29T00:20:52.365+0000] {processor.py:914} INFO - Processing file /home/airflow/.local/lib/python3.12/site-packages/airflow/example_dags/example_python_decorator.py for tasks to queue
[2024-12-29T00:20:52.368+0000] {logging_mixin.py:190} INFO - [2024-12-29T00:20:52.368+0000] {dagbag.py:588} INFO - Filling up the DagBag from /home/airflow/.local/lib/python3.12/site-packages/airflow/example_dags/example_python_decorator.py
[2024-12-29T00:20:52.386+0000] {processor.py:925} INFO - DAG(s) 'example_python_decorator' retrieved from /home/airflow/.local/lib/python3.12/site-packages/airflow/example_dags/example_python_decorator.py
[2024-12-29T00:20:52.416+0000] {logging_mixin.py:190} INFO - [2024-12-29T00:20:52.415+0000] {dag.py:3239} INFO - Sync 1 DAGs
[2024-12-29T00:20:52.433+0000] {logging_mixin.py:190} INFO - [2024-12-29T00:20:52.432+0000] {dag.py:4180} INFO - Setting next_dagrun for example_python_decorator to None, run_after=None
[2024-12-29T00:20:52.462+0000] {processor.py:208} INFO - Processing /home/airflow/.local/lib/python3.12/site-packages/airflow/example_dags/example_python_decorator.py took 0.105 seconds
[2024-12-29T00:21:23.095+0000] {processor.py:186} INFO - Started process (PID=278) to work on /home/airflow/.local/lib/python3.12/site-packages/airflow/example_dags/example_python_decorator.py
[2024-12-29T00:21:23.098+0000] {processor.py:914} INFO - Processing file /home/airflow/.local/lib/python3.12/site-packages/airflow/example_dags/example_python_decorator.py for tasks to queue
[2024-12-29T00:21:23.100+0000] {logging_mixin.py:190} INFO - [2024-12-29T00:21:23.100+0000] {dagbag.py:588} INFO - Filling up the DagBag from /home/airflow/.local/lib/python3.12/site-packages/airflow/example_dags/example_python_decorator.py
[2024-12-29T00:21:23.114+0000] {processor.py:925} INFO - DAG(s) 'example_python_decorator' retrieved from /home/airflow/.local/lib/python3.12/site-packages/airflow/example_dags/example_python_decorator.py
[2024-12-29T00:21:23.141+0000] {logging_mixin.py:190} INFO - [2024-12-29T00:21:23.141+0000] {dag.py:3239} INFO - Sync 1 DAGs
[2024-12-29T00:21:23.156+0000] {logging_mixin.py:190} INFO - [2024-12-29T00:21:23.156+0000] {dag.py:4180} INFO - Setting next_dagrun for example_python_decorator to None, run_after=None
[2024-12-29T00:21:23.180+0000] {processor.py:208} INFO - Processing /home/airflow/.local/lib/python3.12/site-packages/airflow/example_dags/example_python_decorator.py took 0.090 seconds
[2024-12-29T00:21:53.338+0000] {processor.py:186} INFO - Started process (PID=343) to work on /home/airflow/.local/lib/python3.12/site-packages/airflow/example_dags/example_python_decorator.py
[2024-12-29T00:21:53.340+0000] {processor.py:914} INFO - Processing file /home/airflow/.local/lib/python3.12/site-packages/airflow/example_dags/example_python_decorator.py for tasks to queue
[2024-12-29T00:21:53.343+0000] {logging_mixin.py:190} INFO - [2024-12-29T00:21:53.342+0000] {dagbag.py:588} INFO - Filling up the DagBag from /home/airflow/.local/lib/python3.12/site-packages/airflow/example_dags/example_python_decorator.py
[2024-12-29T00:21:53.357+0000] {processor.py:925} INFO - DAG(s) 'example_python_decorator' retrieved from /home/airflow/.local/lib/python3.12/site-packages/airflow/example_dags/example_python_decorator.py
[2024-12-29T00:21:53.385+0000] {logging_mixin.py:190} INFO - [2024-12-29T00:21:53.385+0000] {dag.py:3239} INFO - Sync 1 DAGs
[2024-12-29T00:21:53.401+0000] {logging_mixin.py:190} INFO - [2024-12-29T00:21:53.400+0000] {dag.py:4180} INFO - Setting next_dagrun for example_python_decorator to None, run_after=None
[2024-12-29T00:21:53.425+0000] {processor.py:208} INFO - Processing /home/airflow/.local/lib/python3.12/site-packages/airflow/example_dags/example_python_decorator.py took 0.092 seconds
[2024-12-29T00:22:24.130+0000] {processor.py:186} INFO - Started process (PID=408) to work on /home/airflow/.local/lib/python3.12/site-packages/airflow/example_dags/example_python_decorator.py
[2024-12-29T00:22:24.133+0000] {processor.py:914} INFO - Processing file /home/airflow/.local/lib/python3.12/site-packages/airflow/example_dags/example_python_decorator.py for tasks to queue
[2024-12-29T00:22:24.135+0000] {logging_mixin.py:190} INFO - [2024-12-29T00:22:24.135+0000] {dagbag.py:588} INFO - Filling up the DagBag from /home/airflow/.local/lib/python3.12/site-packages/airflow/example_dags/example_python_decorator.py
[2024-12-29T00:22:24.152+0000] {processor.py:925} INFO - DAG(s) 'example_python_decorator' retrieved from /home/airflow/.local/lib/python3.12/site-packages/airflow/example_dags/example_python_decorator.py
[2024-12-29T00:22:24.183+0000] {logging_mixin.py:190} INFO - [2024-12-29T00:22:24.183+0000] {dag.py:3239} INFO - Sync 1 DAGs
[2024-12-29T00:22:24.200+0000] {logging_mixin.py:190} INFO - [2024-12-29T00:22:24.200+0000] {dag.py:4180} INFO - Setting next_dagrun for example_python_decorator to None, run_after=None
[2024-12-29T00:22:24.228+0000] {processor.py:208} INFO - Processing /home/airflow/.local/lib/python3.12/site-packages/airflow/example_dags/example_python_decorator.py took 0.105 seconds
[2024-12-29T00:22:54.720+0000] {processor.py:186} INFO - Started process (PID=473) to work on /home/airflow/.local/lib/python3.12/site-packages/airflow/example_dags/example_python_decorator.py
[2024-12-29T00:22:54.736+0000] {processor.py:914} INFO - Processing file /home/airflow/.local/lib/python3.12/site-packages/airflow/example_dags/example_python_decorator.py for tasks to queue
[2024-12-29T00:22:54.740+0000] {logging_mixin.py:190} INFO - [2024-12-29T00:22:54.739+0000] {dagbag.py:588} INFO - Filling up the DagBag from /home/airflow/.local/lib/python3.12/site-packages/airflow/example_dags/example_python_decorator.py
[2024-12-29T00:22:54.761+0000] {processor.py:925} INFO - DAG(s) 'example_python_decorator' retrieved from /home/airflow/.local/lib/python3.12/site-packages/airflow/example_dags/example_python_decorator.py
[2024-12-29T00:22:54.801+0000] {logging_mixin.py:190} INFO - [2024-12-29T00:22:54.800+0000] {dag.py:3239} INFO - Sync 1 DAGs
[2024-12-29T00:22:54.820+0000] {logging_mixin.py:190} INFO - [2024-12-29T00:22:54.820+0000] {dag.py:4180} INFO - Setting next_dagrun for example_python_decorator to None, run_after=None
[2024-12-29T00:22:54.848+0000] {processor.py:208} INFO - Processing /home/airflow/.local/lib/python3.12/site-packages/airflow/example_dags/example_python_decorator.py took 0.135 seconds
[2024-12-29T00:23:25.010+0000] {processor.py:186} INFO - Started process (PID=538) to work on /home/airflow/.local/lib/python3.12/site-packages/airflow/example_dags/example_python_decorator.py
[2024-12-29T00:23:25.012+0000] {processor.py:914} INFO - Processing file /home/airflow/.local/lib/python3.12/site-packages/airflow/example_dags/example_python_decorator.py for tasks to queue
[2024-12-29T00:23:25.015+0000] {logging_mixin.py:190} INFO - [2024-12-29T00:23:25.014+0000] {dagbag.py:588} INFO - Filling up the DagBag from /home/airflow/.local/lib/python3.12/site-packages/airflow/example_dags/example_python_decorator.py
[2024-12-29T00:23:25.028+0000] {processor.py:925} INFO - DAG(s) 'example_python_decorator' retrieved from /home/airflow/.local/lib/python3.12/site-packages/airflow/example_dags/example_python_decorator.py
[2024-12-29T00:23:25.054+0000] {logging_mixin.py:190} INFO - [2024-12-29T00:23:25.053+0000] {dag.py:3239} INFO - Sync 1 DAGs
[2024-12-29T00:23:25.067+0000] {logging_mixin.py:190} INFO - [2024-12-29T00:23:25.067+0000] {dag.py:4180} INFO - Setting next_dagrun for example_python_decorator to None, run_after=None
[2024-12-29T00:23:25.091+0000] {processor.py:208} INFO - Processing /home/airflow/.local/lib/python3.12/site-packages/airflow/example_dags/example_python_decorator.py took 0.086 seconds
[2024-12-29T00:23:55.361+0000] {processor.py:186} INFO - Started process (PID=604) to work on /home/airflow/.local/lib/python3.12/site-packages/airflow/example_dags/example_python_decorator.py
[2024-12-29T00:23:55.363+0000] {processor.py:914} INFO - Processing file /home/airflow/.local/lib/python3.12/site-packages/airflow/example_dags/example_python_decorator.py for tasks to queue
[2024-12-29T00:23:55.367+0000] {logging_mixin.py:190} INFO - [2024-12-29T00:23:55.366+0000] {dagbag.py:588} INFO - Filling up the DagBag from /home/airflow/.local/lib/python3.12/site-packages/airflow/example_dags/example_python_decorator.py
[2024-12-29T00:23:55.381+0000] {processor.py:925} INFO - DAG(s) 'example_python_decorator' retrieved from /home/airflow/.local/lib/python3.12/site-packages/airflow/example_dags/example_python_decorator.py
[2024-12-29T00:23:55.408+0000] {logging_mixin.py:190} INFO - [2024-12-29T00:23:55.407+0000] {dag.py:3239} INFO - Sync 1 DAGs
[2024-12-29T00:23:55.422+0000] {logging_mixin.py:190} INFO - [2024-12-29T00:23:55.422+0000] {dag.py:4180} INFO - Setting next_dagrun for example_python_decorator to None, run_after=None
[2024-12-29T00:23:55.445+0000] {processor.py:208} INFO - Processing /home/airflow/.local/lib/python3.12/site-packages/airflow/example_dags/example_python_decorator.py took 0.089 seconds
[2024-12-29T00:24:25.895+0000] {processor.py:186} INFO - Started process (PID=669) to work on /home/airflow/.local/lib/python3.12/site-packages/airflow/example_dags/example_python_decorator.py
[2024-12-29T00:24:25.900+0000] {processor.py:914} INFO - Processing file /home/airflow/.local/lib/python3.12/site-packages/airflow/example_dags/example_python_decorator.py for tasks to queue
[2024-12-29T00:24:25.903+0000] {logging_mixin.py:190} INFO - [2024-12-29T00:24:25.902+0000] {dagbag.py:588} INFO - Filling up the DagBag from /home/airflow/.local/lib/python3.12/site-packages/airflow/example_dags/example_python_decorator.py
[2024-12-29T00:24:25.923+0000] {processor.py:925} INFO - DAG(s) 'example_python_decorator' retrieved from /home/airflow/.local/lib/python3.12/site-packages/airflow/example_dags/example_python_decorator.py
[2024-12-29T00:24:25.954+0000] {logging_mixin.py:190} INFO - [2024-12-29T00:24:25.953+0000] {dag.py:3239} INFO - Sync 1 DAGs
[2024-12-29T00:24:25.970+0000] {logging_mixin.py:190} INFO - [2024-12-29T00:24:25.970+0000] {dag.py:4180} INFO - Setting next_dagrun for example_python_decorator to None, run_after=None
[2024-12-29T00:24:25.998+0000] {processor.py:208} INFO - Processing /home/airflow/.local/lib/python3.12/site-packages/airflow/example_dags/example_python_decorator.py took 0.110 seconds
[2024-12-29T00:24:56.162+0000] {processor.py:186} INFO - Started process (PID=734) to work on /home/airflow/.local/lib/python3.12/site-packages/airflow/example_dags/example_python_decorator.py
[2024-12-29T00:24:56.165+0000] {processor.py:914} INFO - Processing file /home/airflow/.local/lib/python3.12/site-packages/airflow/example_dags/example_python_decorator.py for tasks to queue
[2024-12-29T00:24:56.167+0000] {logging_mixin.py:190} INFO - [2024-12-29T00:24:56.167+0000] {dagbag.py:588} INFO - Filling up the DagBag from /home/airflow/.local/lib/python3.12/site-packages/airflow/example_dags/example_python_decorator.py
[2024-12-29T00:24:56.182+0000] {processor.py:925} INFO - DAG(s) 'example_python_decorator' retrieved from /home/airflow/.local/lib/python3.12/site-packages/airflow/example_dags/example_python_decorator.py
[2024-12-29T00:24:56.211+0000] {logging_mixin.py:190} INFO - [2024-12-29T00:24:56.211+0000] {dag.py:3239} INFO - Sync 1 DAGs
[2024-12-29T00:24:56.227+0000] {logging_mixin.py:190} INFO - [2024-12-29T00:24:56.226+0000] {dag.py:4180} INFO - Setting next_dagrun for example_python_decorator to None, run_after=None
[2024-12-29T00:24:56.254+0000] {processor.py:208} INFO - Processing /home/airflow/.local/lib/python3.12/site-packages/airflow/example_dags/example_python_decorator.py took 0.099 seconds
[2024-12-29T00:25:26.463+0000] {processor.py:186} INFO - Started process (PID=799) to work on /home/airflow/.local/lib/python3.12/site-packages/airflow/example_dags/example_python_decorator.py
[2024-12-29T00:25:26.466+0000] {processor.py:914} INFO - Processing file /home/airflow/.local/lib/python3.12/site-packages/airflow/example_dags/example_python_decorator.py for tasks to queue
[2024-12-29T00:25:26.468+0000] {logging_mixin.py:190} INFO - [2024-12-29T00:25:26.468+0000] {dagbag.py:588} INFO - Filling up the DagBag from /home/airflow/.local/lib/python3.12/site-packages/airflow/example_dags/example_python_decorator.py
[2024-12-29T00:25:26.482+0000] {processor.py:925} INFO - DAG(s) 'example_python_decorator' retrieved from /home/airflow/.local/lib/python3.12/site-packages/airflow/example_dags/example_python_decorator.py
[2024-12-29T00:25:26.507+0000] {logging_mixin.py:190} INFO - [2024-12-29T00:25:26.506+0000] {dag.py:3239} INFO - Sync 1 DAGs
[2024-12-29T00:25:26.521+0000] {logging_mixin.py:190} INFO - [2024-12-29T00:25:26.520+0000] {dag.py:4180} INFO - Setting next_dagrun for example_python_decorator to None, run_after=None
[2024-12-29T00:25:26.545+0000] {processor.py:208} INFO - Processing /home/airflow/.local/lib/python3.12/site-packages/airflow/example_dags/example_python_decorator.py took 0.088 seconds
[2024-12-29T00:25:56.676+0000] {processor.py:186} INFO - Started process (PID=864) to work on /home/airflow/.local/lib/python3.12/site-packages/airflow/example_dags/example_python_decorator.py
[2024-12-29T00:25:56.678+0000] {processor.py:914} INFO - Processing file /home/airflow/.local/lib/python3.12/site-packages/airflow/example_dags/example_python_decorator.py for tasks to queue
[2024-12-29T00:25:56.681+0000] {logging_mixin.py:190} INFO - [2024-12-29T00:25:56.680+0000] {dagbag.py:588} INFO - Filling up the DagBag from /home/airflow/.local/lib/python3.12/site-packages/airflow/example_dags/example_python_decorator.py
[2024-12-29T00:25:56.699+0000] {processor.py:925} INFO - DAG(s) 'example_python_decorator' retrieved from /home/airflow/.local/lib/python3.12/site-packages/airflow/example_dags/example_python_decorator.py
[2024-12-29T00:25:56.729+0000] {logging_mixin.py:190} INFO - [2024-12-29T00:25:56.729+0000] {dag.py:3239} INFO - Sync 1 DAGs
[2024-12-29T00:25:56.747+0000] {logging_mixin.py:190} INFO - [2024-12-29T00:25:56.747+0000] {dag.py:4180} INFO - Setting next_dagrun for example_python_decorator to None, run_after=None
[2024-12-29T00:25:56.776+0000] {processor.py:208} INFO - Processing /home/airflow/.local/lib/python3.12/site-packages/airflow/example_dags/example_python_decorator.py took 0.106 seconds
[2024-12-29T00:26:26.815+0000] {processor.py:186} INFO - Started process (PID=929) to work on /home/airflow/.local/lib/python3.12/site-packages/airflow/example_dags/example_python_decorator.py
[2024-12-29T00:26:26.817+0000] {processor.py:914} INFO - Processing file /home/airflow/.local/lib/python3.12/site-packages/airflow/example_dags/example_python_decorator.py for tasks to queue
[2024-12-29T00:26:26.821+0000] {logging_mixin.py:190} INFO - [2024-12-29T00:26:26.820+0000] {dagbag.py:588} INFO - Filling up the DagBag from /home/airflow/.local/lib/python3.12/site-packages/airflow/example_dags/example_python_decorator.py
[2024-12-29T00:26:26.836+0000] {processor.py:925} INFO - DAG(s) 'example_python_decorator' retrieved from /home/airflow/.local/lib/python3.12/site-packages/airflow/example_dags/example_python_decorator.py
[2024-12-29T00:26:26.866+0000] {logging_mixin.py:190} INFO - [2024-12-29T00:26:26.866+0000] {dag.py:3239} INFO - Sync 1 DAGs
[2024-12-29T00:26:26.885+0000] {logging_mixin.py:190} INFO - [2024-12-29T00:26:26.885+0000] {dag.py:4180} INFO - Setting next_dagrun for example_python_decorator to None, run_after=None
[2024-12-29T00:26:26.914+0000] {processor.py:208} INFO - Processing /home/airflow/.local/lib/python3.12/site-packages/airflow/example_dags/example_python_decorator.py took 0.105 seconds
[2024-12-29T00:26:57.285+0000] {processor.py:186} INFO - Started process (PID=994) to work on /home/airflow/.local/lib/python3.12/site-packages/airflow/example_dags/example_python_decorator.py
[2024-12-29T00:26:57.287+0000] {processor.py:914} INFO - Processing file /home/airflow/.local/lib/python3.12/site-packages/airflow/example_dags/example_python_decorator.py for tasks to queue
[2024-12-29T00:26:57.290+0000] {logging_mixin.py:190} INFO - [2024-12-29T00:26:57.290+0000] {dagbag.py:588} INFO - Filling up the DagBag from /home/airflow/.local/lib/python3.12/site-packages/airflow/example_dags/example_python_decorator.py
[2024-12-29T00:26:57.309+0000] {processor.py:925} INFO - DAG(s) 'example_python_decorator' retrieved from /home/airflow/.local/lib/python3.12/site-packages/airflow/example_dags/example_python_decorator.py
[2024-12-29T00:26:57.340+0000] {logging_mixin.py:190} INFO - [2024-12-29T00:26:57.339+0000] {dag.py:3239} INFO - Sync 1 DAGs
[2024-12-29T00:26:57.363+0000] {logging_mixin.py:190} INFO - [2024-12-29T00:26:57.363+0000] {dag.py:4180} INFO - Setting next_dagrun for example_python_decorator to None, run_after=None
[2024-12-29T00:26:57.393+0000] {processor.py:208} INFO - Processing /home/airflow/.local/lib/python3.12/site-packages/airflow/example_dags/example_python_decorator.py took 0.116 seconds
[2024-12-29T00:27:27.525+0000] {processor.py:186} INFO - Started process (PID=1059) to work on /home/airflow/.local/lib/python3.12/site-packages/airflow/example_dags/example_python_decorator.py
[2024-12-29T00:27:27.527+0000] {processor.py:914} INFO - Processing file /home/airflow/.local/lib/python3.12/site-packages/airflow/example_dags/example_python_decorator.py for tasks to queue
[2024-12-29T00:27:27.529+0000] {logging_mixin.py:190} INFO - [2024-12-29T00:27:27.529+0000] {dagbag.py:588} INFO - Filling up the DagBag from /home/airflow/.local/lib/python3.12/site-packages/airflow/example_dags/example_python_decorator.py
[2024-12-29T00:27:27.545+0000] {processor.py:925} INFO - DAG(s) 'example_python_decorator' retrieved from /home/airflow/.local/lib/python3.12/site-packages/airflow/example_dags/example_python_decorator.py
[2024-12-29T00:27:27.578+0000] {logging_mixin.py:190} INFO - [2024-12-29T00:27:27.577+0000] {dag.py:3239} INFO - Sync 1 DAGs
[2024-12-29T00:27:27.596+0000] {logging_mixin.py:190} INFO - [2024-12-29T00:27:27.595+0000] {dag.py:4180} INFO - Setting next_dagrun for example_python_decorator to None, run_after=None
[2024-12-29T00:27:27.623+0000] {processor.py:208} INFO - Processing /home/airflow/.local/lib/python3.12/site-packages/airflow/example_dags/example_python_decorator.py took 0.104 seconds
[2024-12-29T00:27:58.006+0000] {processor.py:186} INFO - Started process (PID=1124) to work on /home/airflow/.local/lib/python3.12/site-packages/airflow/example_dags/example_python_decorator.py
[2024-12-29T00:27:58.008+0000] {processor.py:914} INFO - Processing file /home/airflow/.local/lib/python3.12/site-packages/airflow/example_dags/example_python_decorator.py for tasks to queue
[2024-12-29T00:27:58.011+0000] {logging_mixin.py:190} INFO - [2024-12-29T00:27:58.010+0000] {dagbag.py:588} INFO - Filling up the DagBag from /home/airflow/.local/lib/python3.12/site-packages/airflow/example_dags/example_python_decorator.py
[2024-12-29T00:27:58.027+0000] {processor.py:925} INFO - DAG(s) 'example_python_decorator' retrieved from /home/airflow/.local/lib/python3.12/site-packages/airflow/example_dags/example_python_decorator.py
[2024-12-29T00:27:58.053+0000] {logging_mixin.py:190} INFO - [2024-12-29T00:27:58.053+0000] {dag.py:3239} INFO - Sync 1 DAGs
[2024-12-29T00:27:58.068+0000] {logging_mixin.py:190} INFO - [2024-12-29T00:27:58.068+0000] {dag.py:4180} INFO - Setting next_dagrun for example_python_decorator to None, run_after=None
[2024-12-29T00:27:58.094+0000] {processor.py:208} INFO - Processing /home/airflow/.local/lib/python3.12/site-packages/airflow/example_dags/example_python_decorator.py took 0.094 seconds
[2024-12-29T00:28:28.529+0000] {processor.py:186} INFO - Started process (PID=1190) to work on /home/airflow/.local/lib/python3.12/site-packages/airflow/example_dags/example_python_decorator.py
[2024-12-29T00:28:28.531+0000] {processor.py:914} INFO - Processing file /home/airflow/.local/lib/python3.12/site-packages/airflow/example_dags/example_python_decorator.py for tasks to queue
[2024-12-29T00:28:28.534+0000] {logging_mixin.py:190} INFO - [2024-12-29T00:28:28.534+0000] {dagbag.py:588} INFO - Filling up the DagBag from /home/airflow/.local/lib/python3.12/site-packages/airflow/example_dags/example_python_decorator.py
[2024-12-29T00:28:28.548+0000] {processor.py:925} INFO - DAG(s) 'example_python_decorator' retrieved from /home/airflow/.local/lib/python3.12/site-packages/airflow/example_dags/example_python_decorator.py
[2024-12-29T00:28:28.577+0000] {logging_mixin.py:190} INFO - [2024-12-29T00:28:28.577+0000] {dag.py:3239} INFO - Sync 1 DAGs
[2024-12-29T00:28:28.595+0000] {logging_mixin.py:190} INFO - [2024-12-29T00:28:28.594+0000] {dag.py:4180} INFO - Setting next_dagrun for example_python_decorator to None, run_after=None
[2024-12-29T00:28:28.622+0000] {processor.py:208} INFO - Processing /home/airflow/.local/lib/python3.12/site-packages/airflow/example_dags/example_python_decorator.py took 0.099 seconds
[2024-12-29T00:28:58.992+0000] {processor.py:186} INFO - Started process (PID=1254) to work on /home/airflow/.local/lib/python3.12/site-packages/airflow/example_dags/example_python_decorator.py
[2024-12-29T00:28:58.993+0000] {processor.py:914} INFO - Processing file /home/airflow/.local/lib/python3.12/site-packages/airflow/example_dags/example_python_decorator.py for tasks to queue
[2024-12-29T00:28:58.996+0000] {logging_mixin.py:190} INFO - [2024-12-29T00:28:58.995+0000] {dagbag.py:588} INFO - Filling up the DagBag from /home/airflow/.local/lib/python3.12/site-packages/airflow/example_dags/example_python_decorator.py
[2024-12-29T00:28:59.010+0000] {processor.py:925} INFO - DAG(s) 'example_python_decorator' retrieved from /home/airflow/.local/lib/python3.12/site-packages/airflow/example_dags/example_python_decorator.py
[2024-12-29T00:28:59.036+0000] {logging_mixin.py:190} INFO - [2024-12-29T00:28:59.036+0000] {dag.py:3239} INFO - Sync 1 DAGs
[2024-12-29T00:28:59.051+0000] {logging_mixin.py:190} INFO - [2024-12-29T00:28:59.050+0000] {dag.py:4180} INFO - Setting next_dagrun for example_python_decorator to None, run_after=None
[2024-12-29T00:28:59.075+0000] {processor.py:208} INFO - Processing /home/airflow/.local/lib/python3.12/site-packages/airflow/example_dags/example_python_decorator.py took 0.089 seconds
[2024-12-29T00:29:29.673+0000] {processor.py:186} INFO - Started process (PID=1319) to work on /home/airflow/.local/lib/python3.12/site-packages/airflow/example_dags/example_python_decorator.py
[2024-12-29T00:29:29.675+0000] {processor.py:914} INFO - Processing file /home/airflow/.local/lib/python3.12/site-packages/airflow/example_dags/example_python_decorator.py for tasks to queue
[2024-12-29T00:29:29.678+0000] {logging_mixin.py:190} INFO - [2024-12-29T00:29:29.678+0000] {dagbag.py:588} INFO - Filling up the DagBag from /home/airflow/.local/lib/python3.12/site-packages/airflow/example_dags/example_python_decorator.py
[2024-12-29T00:29:29.697+0000] {processor.py:925} INFO - DAG(s) 'example_python_decorator' retrieved from /home/airflow/.local/lib/python3.12/site-packages/airflow/example_dags/example_python_decorator.py
[2024-12-29T00:29:29.731+0000] {logging_mixin.py:190} INFO - [2024-12-29T00:29:29.731+0000] {dag.py:3239} INFO - Sync 1 DAGs
[2024-12-29T00:29:29.751+0000] {logging_mixin.py:190} INFO - [2024-12-29T00:29:29.750+0000] {dag.py:4180} INFO - Setting next_dagrun for example_python_decorator to None, run_after=None
[2024-12-29T00:29:29.781+0000] {processor.py:208} INFO - Processing /home/airflow/.local/lib/python3.12/site-packages/airflow/example_dags/example_python_decorator.py took 0.115 seconds
[2024-12-29T00:30:00.420+0000] {processor.py:186} INFO - Started process (PID=1384) to work on /home/airflow/.local/lib/python3.12/site-packages/airflow/example_dags/example_python_decorator.py
[2024-12-29T00:30:00.423+0000] {processor.py:914} INFO - Processing file /home/airflow/.local/lib/python3.12/site-packages/airflow/example_dags/example_python_decorator.py for tasks to queue
[2024-12-29T00:30:00.427+0000] {logging_mixin.py:190} INFO - [2024-12-29T00:30:00.426+0000] {dagbag.py:588} INFO - Filling up the DagBag from /home/airflow/.local/lib/python3.12/site-packages/airflow/example_dags/example_python_decorator.py
[2024-12-29T00:30:00.458+0000] {processor.py:925} INFO - DAG(s) 'example_python_decorator' retrieved from /home/airflow/.local/lib/python3.12/site-packages/airflow/example_dags/example_python_decorator.py
[2024-12-29T00:30:00.508+0000] {logging_mixin.py:190} INFO - [2024-12-29T00:30:00.506+0000] {dag.py:3239} INFO - Sync 1 DAGs
[2024-12-29T00:30:00.532+0000] {logging_mixin.py:190} INFO - [2024-12-29T00:30:00.532+0000] {dag.py:4180} INFO - Setting next_dagrun for example_python_decorator to None, run_after=None
[2024-12-29T00:30:00.571+0000] {processor.py:208} INFO - Processing /home/airflow/.local/lib/python3.12/site-packages/airflow/example_dags/example_python_decorator.py took 0.164 seconds
[2024-12-29T00:30:31.274+0000] {processor.py:186} INFO - Started process (PID=1449) to work on /home/airflow/.local/lib/python3.12/site-packages/airflow/example_dags/example_python_decorator.py
[2024-12-29T00:30:31.276+0000] {processor.py:914} INFO - Processing file /home/airflow/.local/lib/python3.12/site-packages/airflow/example_dags/example_python_decorator.py for tasks to queue
[2024-12-29T00:30:31.279+0000] {logging_mixin.py:190} INFO - [2024-12-29T00:30:31.278+0000] {dagbag.py:588} INFO - Filling up the DagBag from /home/airflow/.local/lib/python3.12/site-packages/airflow/example_dags/example_python_decorator.py
[2024-12-29T00:30:31.298+0000] {processor.py:925} INFO - DAG(s) 'example_python_decorator' retrieved from /home/airflow/.local/lib/python3.12/site-packages/airflow/example_dags/example_python_decorator.py
[2024-12-29T00:30:31.334+0000] {logging_mixin.py:190} INFO - [2024-12-29T00:30:31.333+0000] {dag.py:3239} INFO - Sync 1 DAGs
[2024-12-29T00:30:31.355+0000] {logging_mixin.py:190} INFO - [2024-12-29T00:30:31.354+0000] {dag.py:4180} INFO - Setting next_dagrun for example_python_decorator to None, run_after=None
[2024-12-29T00:30:31.388+0000] {processor.py:208} INFO - Processing /home/airflow/.local/lib/python3.12/site-packages/airflow/example_dags/example_python_decorator.py took 0.121 seconds
[2024-12-29T00:31:02.495+0000] {processor.py:186} INFO - Started process (PID=1514) to work on /home/airflow/.local/lib/python3.12/site-packages/airflow/example_dags/example_python_decorator.py
[2024-12-29T00:31:02.497+0000] {processor.py:914} INFO - Processing file /home/airflow/.local/lib/python3.12/site-packages/airflow/example_dags/example_python_decorator.py for tasks to queue
[2024-12-29T00:31:02.500+0000] {logging_mixin.py:190} INFO - [2024-12-29T00:31:02.499+0000] {dagbag.py:588} INFO - Filling up the DagBag from /home/airflow/.local/lib/python3.12/site-packages/airflow/example_dags/example_python_decorator.py
[2024-12-29T00:31:02.517+0000] {processor.py:925} INFO - DAG(s) 'example_python_decorator' retrieved from /home/airflow/.local/lib/python3.12/site-packages/airflow/example_dags/example_python_decorator.py
[2024-12-29T00:31:02.550+0000] {logging_mixin.py:190} INFO - [2024-12-29T00:31:02.549+0000] {dag.py:3239} INFO - Sync 1 DAGs
[2024-12-29T00:31:02.568+0000] {logging_mixin.py:190} INFO - [2024-12-29T00:31:02.567+0000] {dag.py:4180} INFO - Setting next_dagrun for example_python_decorator to None, run_after=None
[2024-12-29T00:31:02.598+0000] {processor.py:208} INFO - Processing /home/airflow/.local/lib/python3.12/site-packages/airflow/example_dags/example_python_decorator.py took 0.109 seconds
[2024-12-29T00:31:32.705+0000] {processor.py:186} INFO - Started process (PID=1570) to work on /home/airflow/.local/lib/python3.12/site-packages/airflow/example_dags/example_python_decorator.py
[2024-12-29T00:31:32.707+0000] {processor.py:914} INFO - Processing file /home/airflow/.local/lib/python3.12/site-packages/airflow/example_dags/example_python_decorator.py for tasks to queue
[2024-12-29T00:31:32.710+0000] {logging_mixin.py:190} INFO - [2024-12-29T00:31:32.710+0000] {dagbag.py:588} INFO - Filling up the DagBag from /home/airflow/.local/lib/python3.12/site-packages/airflow/example_dags/example_python_decorator.py
[2024-12-29T00:31:32.725+0000] {processor.py:925} INFO - DAG(s) 'example_python_decorator' retrieved from /home/airflow/.local/lib/python3.12/site-packages/airflow/example_dags/example_python_decorator.py
[2024-12-29T00:31:32.754+0000] {logging_mixin.py:190} INFO - [2024-12-29T00:31:32.754+0000] {dag.py:3239} INFO - Sync 1 DAGs
[2024-12-29T00:31:32.776+0000] {logging_mixin.py:190} INFO - [2024-12-29T00:31:32.775+0000] {dag.py:4180} INFO - Setting next_dagrun for example_python_decorator to None, run_after=None
[2024-12-29T00:31:32.807+0000] {processor.py:208} INFO - Processing /home/airflow/.local/lib/python3.12/site-packages/airflow/example_dags/example_python_decorator.py took 0.108 seconds
[2024-12-29T00:32:03.018+0000] {processor.py:186} INFO - Started process (PID=1624) to work on /home/airflow/.local/lib/python3.12/site-packages/airflow/example_dags/example_python_decorator.py
[2024-12-29T00:32:03.020+0000] {processor.py:914} INFO - Processing file /home/airflow/.local/lib/python3.12/site-packages/airflow/example_dags/example_python_decorator.py for tasks to queue
[2024-12-29T00:32:03.022+0000] {logging_mixin.py:190} INFO - [2024-12-29T00:32:03.022+0000] {dagbag.py:588} INFO - Filling up the DagBag from /home/airflow/.local/lib/python3.12/site-packages/airflow/example_dags/example_python_decorator.py
[2024-12-29T00:32:03.040+0000] {processor.py:925} INFO - DAG(s) 'example_python_decorator' retrieved from /home/airflow/.local/lib/python3.12/site-packages/airflow/example_dags/example_python_decorator.py
[2024-12-29T00:32:03.070+0000] {logging_mixin.py:190} INFO - [2024-12-29T00:32:03.070+0000] {dag.py:3239} INFO - Sync 1 DAGs
[2024-12-29T00:32:03.087+0000] {logging_mixin.py:190} INFO - [2024-12-29T00:32:03.087+0000] {dag.py:4180} INFO - Setting next_dagrun for example_python_decorator to None, run_after=None
[2024-12-29T00:32:03.113+0000] {processor.py:208} INFO - Processing /home/airflow/.local/lib/python3.12/site-packages/airflow/example_dags/example_python_decorator.py took 0.104 seconds
[2024-12-29T00:32:33.536+0000] {processor.py:186} INFO - Started process (PID=1684) to work on /home/airflow/.local/lib/python3.12/site-packages/airflow/example_dags/example_python_decorator.py
[2024-12-29T00:32:33.537+0000] {processor.py:914} INFO - Processing file /home/airflow/.local/lib/python3.12/site-packages/airflow/example_dags/example_python_decorator.py for tasks to queue
[2024-12-29T00:32:33.540+0000] {logging_mixin.py:190} INFO - [2024-12-29T00:32:33.539+0000] {dagbag.py:588} INFO - Filling up the DagBag from /home/airflow/.local/lib/python3.12/site-packages/airflow/example_dags/example_python_decorator.py
[2024-12-29T00:32:33.553+0000] {processor.py:925} INFO - DAG(s) 'example_python_decorator' retrieved from /home/airflow/.local/lib/python3.12/site-packages/airflow/example_dags/example_python_decorator.py
[2024-12-29T00:32:33.583+0000] {logging_mixin.py:190} INFO - [2024-12-29T00:32:33.583+0000] {dag.py:3239} INFO - Sync 1 DAGs
[2024-12-29T00:32:33.600+0000] {logging_mixin.py:190} INFO - [2024-12-29T00:32:33.600+0000] {dag.py:4180} INFO - Setting next_dagrun for example_python_decorator to None, run_after=None
[2024-12-29T00:32:33.628+0000] {processor.py:208} INFO - Processing /home/airflow/.local/lib/python3.12/site-packages/airflow/example_dags/example_python_decorator.py took 0.098 seconds
[2024-12-29T00:33:04.504+0000] {processor.py:186} INFO - Started process (PID=1749) to work on /home/airflow/.local/lib/python3.12/site-packages/airflow/example_dags/example_python_decorator.py
[2024-12-29T00:33:04.506+0000] {processor.py:914} INFO - Processing file /home/airflow/.local/lib/python3.12/site-packages/airflow/example_dags/example_python_decorator.py for tasks to queue
[2024-12-29T00:33:04.510+0000] {logging_mixin.py:190} INFO - [2024-12-29T00:33:04.509+0000] {dagbag.py:588} INFO - Filling up the DagBag from /home/airflow/.local/lib/python3.12/site-packages/airflow/example_dags/example_python_decorator.py
[2024-12-29T00:33:04.530+0000] {processor.py:925} INFO - DAG(s) 'example_python_decorator' retrieved from /home/airflow/.local/lib/python3.12/site-packages/airflow/example_dags/example_python_decorator.py
[2024-12-29T00:33:04.567+0000] {logging_mixin.py:190} INFO - [2024-12-29T00:33:04.567+0000] {dag.py:3239} INFO - Sync 1 DAGs
[2024-12-29T00:33:04.586+0000] {logging_mixin.py:190} INFO - [2024-12-29T00:33:04.585+0000] {dag.py:4180} INFO - Setting next_dagrun for example_python_decorator to None, run_after=None
[2024-12-29T00:33:04.614+0000] {processor.py:208} INFO - Processing /home/airflow/.local/lib/python3.12/site-packages/airflow/example_dags/example_python_decorator.py took 0.120 seconds
[2024-12-29T00:33:35.315+0000] {processor.py:186} INFO - Started process (PID=1814) to work on /home/airflow/.local/lib/python3.12/site-packages/airflow/example_dags/example_python_decorator.py
[2024-12-29T00:33:35.317+0000] {processor.py:914} INFO - Processing file /home/airflow/.local/lib/python3.12/site-packages/airflow/example_dags/example_python_decorator.py for tasks to queue
[2024-12-29T00:33:35.320+0000] {logging_mixin.py:190} INFO - [2024-12-29T00:33:35.319+0000] {dagbag.py:588} INFO - Filling up the DagBag from /home/airflow/.local/lib/python3.12/site-packages/airflow/example_dags/example_python_decorator.py
[2024-12-29T00:33:35.337+0000] {processor.py:925} INFO - DAG(s) 'example_python_decorator' retrieved from /home/airflow/.local/lib/python3.12/site-packages/airflow/example_dags/example_python_decorator.py
[2024-12-29T00:33:35.368+0000] {logging_mixin.py:190} INFO - [2024-12-29T00:33:35.368+0000] {dag.py:3239} INFO - Sync 1 DAGs
[2024-12-29T00:33:35.385+0000] {logging_mixin.py:190} INFO - [2024-12-29T00:33:35.385+0000] {dag.py:4180} INFO - Setting next_dagrun for example_python_decorator to None, run_after=None
[2024-12-29T00:33:35.413+0000] {processor.py:208} INFO - Processing /home/airflow/.local/lib/python3.12/site-packages/airflow/example_dags/example_python_decorator.py took 0.105 seconds
[2024-12-29T00:34:05.742+0000] {processor.py:186} INFO - Started process (PID=1876) to work on /home/airflow/.local/lib/python3.12/site-packages/airflow/example_dags/example_python_decorator.py
[2024-12-29T00:34:05.744+0000] {processor.py:914} INFO - Processing file /home/airflow/.local/lib/python3.12/site-packages/airflow/example_dags/example_python_decorator.py for tasks to queue
[2024-12-29T00:34:05.747+0000] {logging_mixin.py:190} INFO - [2024-12-29T00:34:05.746+0000] {dagbag.py:588} INFO - Filling up the DagBag from /home/airflow/.local/lib/python3.12/site-packages/airflow/example_dags/example_python_decorator.py
[2024-12-29T00:34:05.763+0000] {processor.py:925} INFO - DAG(s) 'example_python_decorator' retrieved from /home/airflow/.local/lib/python3.12/site-packages/airflow/example_dags/example_python_decorator.py
[2024-12-29T00:34:05.794+0000] {logging_mixin.py:190} INFO - [2024-12-29T00:34:05.793+0000] {dag.py:3239} INFO - Sync 1 DAGs
[2024-12-29T00:34:05.812+0000] {logging_mixin.py:190} INFO - [2024-12-29T00:34:05.812+0000] {dag.py:4180} INFO - Setting next_dagrun for example_python_decorator to None, run_after=None
[2024-12-29T00:34:05.839+0000] {processor.py:208} INFO - Processing /home/airflow/.local/lib/python3.12/site-packages/airflow/example_dags/example_python_decorator.py took 0.104 seconds
[2024-12-29T00:34:36.736+0000] {processor.py:186} INFO - Started process (PID=1941) to work on /home/airflow/.local/lib/python3.12/site-packages/airflow/example_dags/example_python_decorator.py
[2024-12-29T00:34:36.738+0000] {processor.py:914} INFO - Processing file /home/airflow/.local/lib/python3.12/site-packages/airflow/example_dags/example_python_decorator.py for tasks to queue
[2024-12-29T00:34:36.741+0000] {logging_mixin.py:190} INFO - [2024-12-29T00:34:36.741+0000] {dagbag.py:588} INFO - Filling up the DagBag from /home/airflow/.local/lib/python3.12/site-packages/airflow/example_dags/example_python_decorator.py
[2024-12-29T00:34:36.763+0000] {processor.py:925} INFO - DAG(s) 'example_python_decorator' retrieved from /home/airflow/.local/lib/python3.12/site-packages/airflow/example_dags/example_python_decorator.py
[2024-12-29T00:34:36.801+0000] {logging_mixin.py:190} INFO - [2024-12-29T00:34:36.801+0000] {dag.py:3239} INFO - Sync 1 DAGs
[2024-12-29T00:34:36.822+0000] {logging_mixin.py:190} INFO - [2024-12-29T00:34:36.822+0000] {dag.py:4180} INFO - Setting next_dagrun for example_python_decorator to None, run_after=None
[2024-12-29T00:34:36.854+0000] {processor.py:208} INFO - Processing /home/airflow/.local/lib/python3.12/site-packages/airflow/example_dags/example_python_decorator.py took 0.126 seconds
[2024-12-29T00:35:07.197+0000] {processor.py:186} INFO - Started process (PID=2006) to work on /home/airflow/.local/lib/python3.12/site-packages/airflow/example_dags/example_python_decorator.py
[2024-12-29T00:35:07.198+0000] {processor.py:914} INFO - Processing file /home/airflow/.local/lib/python3.12/site-packages/airflow/example_dags/example_python_decorator.py for tasks to queue
[2024-12-29T00:35:07.201+0000] {logging_mixin.py:190} INFO - [2024-12-29T00:35:07.200+0000] {dagbag.py:588} INFO - Filling up the DagBag from /home/airflow/.local/lib/python3.12/site-packages/airflow/example_dags/example_python_decorator.py
[2024-12-29T00:35:07.218+0000] {processor.py:925} INFO - DAG(s) 'example_python_decorator' retrieved from /home/airflow/.local/lib/python3.12/site-packages/airflow/example_dags/example_python_decorator.py
[2024-12-29T00:35:07.247+0000] {logging_mixin.py:190} INFO - [2024-12-29T00:35:07.246+0000] {dag.py:3239} INFO - Sync 1 DAGs
[2024-12-29T00:35:07.263+0000] {logging_mixin.py:190} INFO - [2024-12-29T00:35:07.262+0000] {dag.py:4180} INFO - Setting next_dagrun for example_python_decorator to None, run_after=None
[2024-12-29T00:35:07.288+0000] {processor.py:208} INFO - Processing /home/airflow/.local/lib/python3.12/site-packages/airflow/example_dags/example_python_decorator.py took 0.098 seconds
[2024-12-29T00:35:37.530+0000] {processor.py:186} INFO - Started process (PID=2071) to work on /home/airflow/.local/lib/python3.12/site-packages/airflow/example_dags/example_python_decorator.py
[2024-12-29T00:35:37.531+0000] {processor.py:914} INFO - Processing file /home/airflow/.local/lib/python3.12/site-packages/airflow/example_dags/example_python_decorator.py for tasks to queue
[2024-12-29T00:35:37.533+0000] {logging_mixin.py:190} INFO - [2024-12-29T00:35:37.533+0000] {dagbag.py:588} INFO - Filling up the DagBag from /home/airflow/.local/lib/python3.12/site-packages/airflow/example_dags/example_python_decorator.py
[2024-12-29T00:35:37.547+0000] {processor.py:925} INFO - DAG(s) 'example_python_decorator' retrieved from /home/airflow/.local/lib/python3.12/site-packages/airflow/example_dags/example_python_decorator.py
[2024-12-29T00:35:37.575+0000] {logging_mixin.py:190} INFO - [2024-12-29T00:35:37.575+0000] {dag.py:3239} INFO - Sync 1 DAGs
[2024-12-29T00:35:37.591+0000] {logging_mixin.py:190} INFO - [2024-12-29T00:35:37.591+0000] {dag.py:4180} INFO - Setting next_dagrun for example_python_decorator to None, run_after=None
[2024-12-29T00:35:37.619+0000] {processor.py:208} INFO - Processing /home/airflow/.local/lib/python3.12/site-packages/airflow/example_dags/example_python_decorator.py took 0.097 seconds
[2024-12-29T00:36:08.292+0000] {processor.py:186} INFO - Started process (PID=2136) to work on /home/airflow/.local/lib/python3.12/site-packages/airflow/example_dags/example_python_decorator.py
[2024-12-29T00:36:08.293+0000] {processor.py:914} INFO - Processing file /home/airflow/.local/lib/python3.12/site-packages/airflow/example_dags/example_python_decorator.py for tasks to queue
[2024-12-29T00:36:08.296+0000] {logging_mixin.py:190} INFO - [2024-12-29T00:36:08.296+0000] {dagbag.py:588} INFO - Filling up the DagBag from /home/airflow/.local/lib/python3.12/site-packages/airflow/example_dags/example_python_decorator.py
[2024-12-29T00:36:08.310+0000] {processor.py:925} INFO - DAG(s) 'example_python_decorator' retrieved from /home/airflow/.local/lib/python3.12/site-packages/airflow/example_dags/example_python_decorator.py
[2024-12-29T00:36:08.334+0000] {logging_mixin.py:190} INFO - [2024-12-29T00:36:08.333+0000] {dag.py:3239} INFO - Sync 1 DAGs
[2024-12-29T00:36:08.349+0000] {logging_mixin.py:190} INFO - [2024-12-29T00:36:08.348+0000] {dag.py:4180} INFO - Setting next_dagrun for example_python_decorator to None, run_after=None
[2024-12-29T00:36:08.376+0000] {processor.py:208} INFO - Processing /home/airflow/.local/lib/python3.12/site-packages/airflow/example_dags/example_python_decorator.py took 0.090 seconds
[2024-12-29T00:36:38.666+0000] {processor.py:186} INFO - Started process (PID=2201) to work on /home/airflow/.local/lib/python3.12/site-packages/airflow/example_dags/example_python_decorator.py
[2024-12-29T00:36:38.667+0000] {processor.py:914} INFO - Processing file /home/airflow/.local/lib/python3.12/site-packages/airflow/example_dags/example_python_decorator.py for tasks to queue
[2024-12-29T00:36:38.670+0000] {logging_mixin.py:190} INFO - [2024-12-29T00:36:38.669+0000] {dagbag.py:588} INFO - Filling up the DagBag from /home/airflow/.local/lib/python3.12/site-packages/airflow/example_dags/example_python_decorator.py
[2024-12-29T00:36:38.684+0000] {processor.py:925} INFO - DAG(s) 'example_python_decorator' retrieved from /home/airflow/.local/lib/python3.12/site-packages/airflow/example_dags/example_python_decorator.py
[2024-12-29T00:36:38.708+0000] {logging_mixin.py:190} INFO - [2024-12-29T00:36:38.708+0000] {dag.py:3239} INFO - Sync 1 DAGs
[2024-12-29T00:36:38.723+0000] {logging_mixin.py:190} INFO - [2024-12-29T00:36:38.722+0000] {dag.py:4180} INFO - Setting next_dagrun for example_python_decorator to None, run_after=None
[2024-12-29T00:36:38.743+0000] {processor.py:208} INFO - Processing /home/airflow/.local/lib/python3.12/site-packages/airflow/example_dags/example_python_decorator.py took 0.083 seconds
[2024-12-29T00:37:08.809+0000] {processor.py:186} INFO - Started process (PID=2267) to work on /home/airflow/.local/lib/python3.12/site-packages/airflow/example_dags/example_python_decorator.py
[2024-12-29T00:37:08.811+0000] {processor.py:914} INFO - Processing file /home/airflow/.local/lib/python3.12/site-packages/airflow/example_dags/example_python_decorator.py for tasks to queue
[2024-12-29T00:37:08.813+0000] {logging_mixin.py:190} INFO - [2024-12-29T00:37:08.813+0000] {dagbag.py:588} INFO - Filling up the DagBag from /home/airflow/.local/lib/python3.12/site-packages/airflow/example_dags/example_python_decorator.py
[2024-12-29T00:37:08.829+0000] {processor.py:925} INFO - DAG(s) 'example_python_decorator' retrieved from /home/airflow/.local/lib/python3.12/site-packages/airflow/example_dags/example_python_decorator.py
[2024-12-29T00:37:08.855+0000] {logging_mixin.py:190} INFO - [2024-12-29T00:37:08.855+0000] {dag.py:3239} INFO - Sync 1 DAGs
[2024-12-29T00:37:08.872+0000] {logging_mixin.py:190} INFO - [2024-12-29T00:37:08.872+0000] {dag.py:4180} INFO - Setting next_dagrun for example_python_decorator to None, run_after=None
[2024-12-29T00:37:08.900+0000] {processor.py:208} INFO - Processing /home/airflow/.local/lib/python3.12/site-packages/airflow/example_dags/example_python_decorator.py took 0.097 seconds
[2024-12-29T00:37:39.115+0000] {processor.py:186} INFO - Started process (PID=2332) to work on /home/airflow/.local/lib/python3.12/site-packages/airflow/example_dags/example_python_decorator.py
[2024-12-29T00:37:39.116+0000] {processor.py:914} INFO - Processing file /home/airflow/.local/lib/python3.12/site-packages/airflow/example_dags/example_python_decorator.py for tasks to queue
[2024-12-29T00:37:39.119+0000] {logging_mixin.py:190} INFO - [2024-12-29T00:37:39.118+0000] {dagbag.py:588} INFO - Filling up the DagBag from /home/airflow/.local/lib/python3.12/site-packages/airflow/example_dags/example_python_decorator.py
[2024-12-29T00:37:39.140+0000] {processor.py:925} INFO - DAG(s) 'example_python_decorator' retrieved from /home/airflow/.local/lib/python3.12/site-packages/airflow/example_dags/example_python_decorator.py
[2024-12-29T00:37:39.171+0000] {logging_mixin.py:190} INFO - [2024-12-29T00:37:39.171+0000] {dag.py:3239} INFO - Sync 1 DAGs
[2024-12-29T00:37:39.191+0000] {logging_mixin.py:190} INFO - [2024-12-29T00:37:39.191+0000] {dag.py:4180} INFO - Setting next_dagrun for example_python_decorator to None, run_after=None
[2024-12-29T00:37:39.218+0000] {processor.py:208} INFO - Processing /home/airflow/.local/lib/python3.12/site-packages/airflow/example_dags/example_python_decorator.py took 0.111 seconds
[2024-12-29T00:38:09.857+0000] {processor.py:186} INFO - Started process (PID=2397) to work on /home/airflow/.local/lib/python3.12/site-packages/airflow/example_dags/example_python_decorator.py
[2024-12-29T00:38:09.859+0000] {processor.py:914} INFO - Processing file /home/airflow/.local/lib/python3.12/site-packages/airflow/example_dags/example_python_decorator.py for tasks to queue
[2024-12-29T00:38:09.862+0000] {logging_mixin.py:190} INFO - [2024-12-29T00:38:09.861+0000] {dagbag.py:588} INFO - Filling up the DagBag from /home/airflow/.local/lib/python3.12/site-packages/airflow/example_dags/example_python_decorator.py
[2024-12-29T00:38:09.877+0000] {processor.py:925} INFO - DAG(s) 'example_python_decorator' retrieved from /home/airflow/.local/lib/python3.12/site-packages/airflow/example_dags/example_python_decorator.py
[2024-12-29T00:38:09.903+0000] {logging_mixin.py:190} INFO - [2024-12-29T00:38:09.903+0000] {dag.py:3239} INFO - Sync 1 DAGs
[2024-12-29T00:38:09.921+0000] {logging_mixin.py:190} INFO - [2024-12-29T00:38:09.920+0000] {dag.py:4180} INFO - Setting next_dagrun for example_python_decorator to None, run_after=None
[2024-12-29T00:38:09.948+0000] {processor.py:208} INFO - Processing /home/airflow/.local/lib/python3.12/site-packages/airflow/example_dags/example_python_decorator.py took 0.098 seconds
