[2024-12-29T00:03:50.183+0000] {processor.py:186} INFO - Started process (PID=101) to work on /home/airflow/.local/lib/python3.12/site-packages/airflow/example_dags/example_trigger_target_dag.py
[2024-12-29T00:03:50.184+0000] {processor.py:914} INFO - Processing file /home/airflow/.local/lib/python3.12/site-packages/airflow/example_dags/example_trigger_target_dag.py for tasks to queue
[2024-12-29T00:03:50.186+0000] {logging_mixin.py:190} INFO - [2024-12-29T00:03:50.186+0000] {dagbag.py:588} INFO - Filling up the DagBag from /home/airflow/.local/lib/python3.12/site-packages/airflow/example_dags/example_trigger_target_dag.py
[2024-12-29T00:03:50.194+0000] {processor.py:925} INFO - DAG(s) 'example_trigger_target_dag' retrieved from /home/airflow/.local/lib/python3.12/site-packages/airflow/example_dags/example_trigger_target_dag.py
[2024-12-29T00:03:50.558+0000] {logging_mixin.py:190} INFO - [2024-12-29T00:03:50.557+0000] {override.py:1911} INFO - Created Permission View: can read on DAG:example_trigger_target_dag
[2024-12-29T00:03:50.623+0000] {logging_mixin.py:190} INFO - [2024-12-29T00:03:50.623+0000] {override.py:1911} INFO - Created Permission View: can edit on DAG:example_trigger_target_dag
[2024-12-29T00:03:50.697+0000] {logging_mixin.py:190} INFO - [2024-12-29T00:03:50.696+0000] {override.py:1911} INFO - Created Permission View: can delete on DAG:example_trigger_target_dag
[2024-12-29T00:03:50.887+0000] {logging_mixin.py:190} INFO - [2024-12-29T00:03:50.886+0000] {override.py:1911} INFO - Created Permission View: can create on DAG Run:example_trigger_target_dag
[2024-12-29T00:03:50.967+0000] {logging_mixin.py:190} INFO - [2024-12-29T00:03:50.966+0000] {override.py:1911} INFO - Created Permission View: can read on DAG Run:example_trigger_target_dag
[2024-12-29T00:03:51.047+0000] {logging_mixin.py:190} INFO - [2024-12-29T00:03:51.047+0000] {override.py:1911} INFO - Created Permission View: can delete on DAG Run:example_trigger_target_dag
[2024-12-29T00:03:51.112+0000] {logging_mixin.py:190} INFO - [2024-12-29T00:03:51.112+0000] {override.py:1911} INFO - Created Permission View: menu access on DAG Run:example_trigger_target_dag
[2024-12-29T00:03:51.113+0000] {logging_mixin.py:190} INFO - [2024-12-29T00:03:51.113+0000] {dag.py:3239} INFO - Sync 1 DAGs
[2024-12-29T00:03:51.128+0000] {logging_mixin.py:190} INFO - [2024-12-29T00:03:51.128+0000] {dag.py:3262} INFO - Creating ORM DAG for example_trigger_target_dag
[2024-12-29T00:03:51.129+0000] {logging_mixin.py:190} INFO - [2024-12-29T00:03:51.128+0000] {dag.py:4180} INFO - Setting next_dagrun for example_trigger_target_dag to None, run_after=None
[2024-12-29T00:03:51.194+0000] {processor.py:208} INFO - Processing /home/airflow/.local/lib/python3.12/site-packages/airflow/example_dags/example_trigger_target_dag.py took 1.016 seconds
[2024-12-29T00:04:22.016+0000] {processor.py:186} INFO - Started process (PID=165) to work on /home/airflow/.local/lib/python3.12/site-packages/airflow/example_dags/example_trigger_target_dag.py
[2024-12-29T00:04:22.018+0000] {processor.py:914} INFO - Processing file /home/airflow/.local/lib/python3.12/site-packages/airflow/example_dags/example_trigger_target_dag.py for tasks to queue
[2024-12-29T00:04:22.020+0000] {logging_mixin.py:190} INFO - [2024-12-29T00:04:22.020+0000] {dagbag.py:588} INFO - Filling up the DagBag from /home/airflow/.local/lib/python3.12/site-packages/airflow/example_dags/example_trigger_target_dag.py
[2024-12-29T00:04:22.028+0000] {processor.py:925} INFO - DAG(s) 'example_trigger_target_dag' retrieved from /home/airflow/.local/lib/python3.12/site-packages/airflow/example_dags/example_trigger_target_dag.py
[2024-12-29T00:04:22.052+0000] {logging_mixin.py:190} INFO - [2024-12-29T00:04:22.052+0000] {dag.py:3239} INFO - Sync 1 DAGs
[2024-12-29T00:04:22.069+0000] {logging_mixin.py:190} INFO - [2024-12-29T00:04:22.069+0000] {dag.py:4180} INFO - Setting next_dagrun for example_trigger_target_dag to None, run_after=None
[2024-12-29T00:04:22.098+0000] {processor.py:208} INFO - Processing /home/airflow/.local/lib/python3.12/site-packages/airflow/example_dags/example_trigger_target_dag.py took 0.087 seconds
[2024-12-29T00:04:52.993+0000] {processor.py:186} INFO - Started process (PID=229) to work on /home/airflow/.local/lib/python3.12/site-packages/airflow/example_dags/example_trigger_target_dag.py
[2024-12-29T00:04:52.995+0000] {processor.py:914} INFO - Processing file /home/airflow/.local/lib/python3.12/site-packages/airflow/example_dags/example_trigger_target_dag.py for tasks to queue
[2024-12-29T00:04:52.998+0000] {logging_mixin.py:190} INFO - [2024-12-29T00:04:52.998+0000] {dagbag.py:588} INFO - Filling up the DagBag from /home/airflow/.local/lib/python3.12/site-packages/airflow/example_dags/example_trigger_target_dag.py
[2024-12-29T00:04:53.011+0000] {processor.py:925} INFO - DAG(s) 'example_trigger_target_dag' retrieved from /home/airflow/.local/lib/python3.12/site-packages/airflow/example_dags/example_trigger_target_dag.py
[2024-12-29T00:04:53.045+0000] {logging_mixin.py:190} INFO - [2024-12-29T00:04:53.045+0000] {dag.py:3239} INFO - Sync 1 DAGs
[2024-12-29T00:04:53.064+0000] {logging_mixin.py:190} INFO - [2024-12-29T00:04:53.063+0000] {dag.py:4180} INFO - Setting next_dagrun for example_trigger_target_dag to None, run_after=None
[2024-12-29T00:04:53.094+0000] {processor.py:208} INFO - Processing /home/airflow/.local/lib/python3.12/site-packages/airflow/example_dags/example_trigger_target_dag.py took 0.109 seconds
[2024-12-29T00:05:23.474+0000] {processor.py:186} INFO - Started process (PID=293) to work on /home/airflow/.local/lib/python3.12/site-packages/airflow/example_dags/example_trigger_target_dag.py
[2024-12-29T00:05:23.475+0000] {processor.py:914} INFO - Processing file /home/airflow/.local/lib/python3.12/site-packages/airflow/example_dags/example_trigger_target_dag.py for tasks to queue
[2024-12-29T00:05:23.479+0000] {logging_mixin.py:190} INFO - [2024-12-29T00:05:23.478+0000] {dagbag.py:588} INFO - Filling up the DagBag from /home/airflow/.local/lib/python3.12/site-packages/airflow/example_dags/example_trigger_target_dag.py
[2024-12-29T00:05:23.490+0000] {processor.py:925} INFO - DAG(s) 'example_trigger_target_dag' retrieved from /home/airflow/.local/lib/python3.12/site-packages/airflow/example_dags/example_trigger_target_dag.py
[2024-12-29T00:05:23.521+0000] {logging_mixin.py:190} INFO - [2024-12-29T00:05:23.521+0000] {dag.py:3239} INFO - Sync 1 DAGs
[2024-12-29T00:05:23.543+0000] {logging_mixin.py:190} INFO - [2024-12-29T00:05:23.543+0000] {dag.py:4180} INFO - Setting next_dagrun for example_trigger_target_dag to None, run_after=None
[2024-12-29T00:05:23.577+0000] {processor.py:208} INFO - Processing /home/airflow/.local/lib/python3.12/site-packages/airflow/example_dags/example_trigger_target_dag.py took 0.110 seconds
[2024-12-29T00:05:53.927+0000] {processor.py:186} INFO - Started process (PID=357) to work on /home/airflow/.local/lib/python3.12/site-packages/airflow/example_dags/example_trigger_target_dag.py
[2024-12-29T00:05:53.929+0000] {processor.py:914} INFO - Processing file /home/airflow/.local/lib/python3.12/site-packages/airflow/example_dags/example_trigger_target_dag.py for tasks to queue
[2024-12-29T00:05:53.932+0000] {logging_mixin.py:190} INFO - [2024-12-29T00:05:53.931+0000] {dagbag.py:588} INFO - Filling up the DagBag from /home/airflow/.local/lib/python3.12/site-packages/airflow/example_dags/example_trigger_target_dag.py
[2024-12-29T00:05:53.940+0000] {processor.py:925} INFO - DAG(s) 'example_trigger_target_dag' retrieved from /home/airflow/.local/lib/python3.12/site-packages/airflow/example_dags/example_trigger_target_dag.py
[2024-12-29T00:05:53.968+0000] {logging_mixin.py:190} INFO - [2024-12-29T00:05:53.967+0000] {dag.py:3239} INFO - Sync 1 DAGs
[2024-12-29T00:05:53.985+0000] {logging_mixin.py:190} INFO - [2024-12-29T00:05:53.984+0000] {dag.py:4180} INFO - Setting next_dagrun for example_trigger_target_dag to None, run_after=None
[2024-12-29T00:05:54.013+0000] {processor.py:208} INFO - Processing /home/airflow/.local/lib/python3.12/site-packages/airflow/example_dags/example_trigger_target_dag.py took 0.093 seconds
[2024-12-29T00:06:24.076+0000] {processor.py:186} INFO - Started process (PID=421) to work on /home/airflow/.local/lib/python3.12/site-packages/airflow/example_dags/example_trigger_target_dag.py
[2024-12-29T00:06:24.077+0000] {processor.py:914} INFO - Processing file /home/airflow/.local/lib/python3.12/site-packages/airflow/example_dags/example_trigger_target_dag.py for tasks to queue
[2024-12-29T00:06:24.080+0000] {logging_mixin.py:190} INFO - [2024-12-29T00:06:24.080+0000] {dagbag.py:588} INFO - Filling up the DagBag from /home/airflow/.local/lib/python3.12/site-packages/airflow/example_dags/example_trigger_target_dag.py
[2024-12-29T00:06:24.088+0000] {processor.py:925} INFO - DAG(s) 'example_trigger_target_dag' retrieved from /home/airflow/.local/lib/python3.12/site-packages/airflow/example_dags/example_trigger_target_dag.py
[2024-12-29T00:06:24.115+0000] {logging_mixin.py:190} INFO - [2024-12-29T00:06:24.115+0000] {dag.py:3239} INFO - Sync 1 DAGs
[2024-12-29T00:06:24.133+0000] {logging_mixin.py:190} INFO - [2024-12-29T00:06:24.132+0000] {dag.py:4180} INFO - Setting next_dagrun for example_trigger_target_dag to None, run_after=None
[2024-12-29T00:06:24.162+0000] {processor.py:208} INFO - Processing /home/airflow/.local/lib/python3.12/site-packages/airflow/example_dags/example_trigger_target_dag.py took 0.092 seconds
[2024-12-29T00:06:54.631+0000] {processor.py:186} INFO - Started process (PID=484) to work on /home/airflow/.local/lib/python3.12/site-packages/airflow/example_dags/example_trigger_target_dag.py
[2024-12-29T00:06:54.633+0000] {processor.py:914} INFO - Processing file /home/airflow/.local/lib/python3.12/site-packages/airflow/example_dags/example_trigger_target_dag.py for tasks to queue
[2024-12-29T00:06:54.637+0000] {logging_mixin.py:190} INFO - [2024-12-29T00:06:54.637+0000] {dagbag.py:588} INFO - Filling up the DagBag from /home/airflow/.local/lib/python3.12/site-packages/airflow/example_dags/example_trigger_target_dag.py
[2024-12-29T00:06:54.650+0000] {processor.py:925} INFO - DAG(s) 'example_trigger_target_dag' retrieved from /home/airflow/.local/lib/python3.12/site-packages/airflow/example_dags/example_trigger_target_dag.py
[2024-12-29T00:06:54.689+0000] {logging_mixin.py:190} INFO - [2024-12-29T00:06:54.688+0000] {dag.py:3239} INFO - Sync 1 DAGs
[2024-12-29T00:06:54.710+0000] {logging_mixin.py:190} INFO - [2024-12-29T00:06:54.709+0000] {dag.py:4180} INFO - Setting next_dagrun for example_trigger_target_dag to None, run_after=None
[2024-12-29T00:06:54.745+0000] {processor.py:208} INFO - Processing /home/airflow/.local/lib/python3.12/site-packages/airflow/example_dags/example_trigger_target_dag.py took 0.122 seconds
[2024-12-29T00:07:25.339+0000] {processor.py:186} INFO - Started process (PID=548) to work on /home/airflow/.local/lib/python3.12/site-packages/airflow/example_dags/example_trigger_target_dag.py
[2024-12-29T00:07:25.340+0000] {processor.py:914} INFO - Processing file /home/airflow/.local/lib/python3.12/site-packages/airflow/example_dags/example_trigger_target_dag.py for tasks to queue
[2024-12-29T00:07:25.343+0000] {logging_mixin.py:190} INFO - [2024-12-29T00:07:25.343+0000] {dagbag.py:588} INFO - Filling up the DagBag from /home/airflow/.local/lib/python3.12/site-packages/airflow/example_dags/example_trigger_target_dag.py
[2024-12-29T00:07:25.354+0000] {processor.py:925} INFO - DAG(s) 'example_trigger_target_dag' retrieved from /home/airflow/.local/lib/python3.12/site-packages/airflow/example_dags/example_trigger_target_dag.py
[2024-12-29T00:07:25.385+0000] {logging_mixin.py:190} INFO - [2024-12-29T00:07:25.385+0000] {dag.py:3239} INFO - Sync 1 DAGs
[2024-12-29T00:07:25.404+0000] {logging_mixin.py:190} INFO - [2024-12-29T00:07:25.403+0000] {dag.py:4180} INFO - Setting next_dagrun for example_trigger_target_dag to None, run_after=None
[2024-12-29T00:07:25.433+0000] {processor.py:208} INFO - Processing /home/airflow/.local/lib/python3.12/site-packages/airflow/example_dags/example_trigger_target_dag.py took 0.101 seconds
[2024-12-29T00:07:56.029+0000] {processor.py:186} INFO - Started process (PID=612) to work on /home/airflow/.local/lib/python3.12/site-packages/airflow/example_dags/example_trigger_target_dag.py
[2024-12-29T00:07:56.034+0000] {processor.py:914} INFO - Processing file /home/airflow/.local/lib/python3.12/site-packages/airflow/example_dags/example_trigger_target_dag.py for tasks to queue
[2024-12-29T00:07:56.038+0000] {logging_mixin.py:190} INFO - [2024-12-29T00:07:56.037+0000] {dagbag.py:588} INFO - Filling up the DagBag from /home/airflow/.local/lib/python3.12/site-packages/airflow/example_dags/example_trigger_target_dag.py
[2024-12-29T00:07:56.050+0000] {processor.py:925} INFO - DAG(s) 'example_trigger_target_dag' retrieved from /home/airflow/.local/lib/python3.12/site-packages/airflow/example_dags/example_trigger_target_dag.py
[2024-12-29T00:07:56.110+0000] {logging_mixin.py:190} INFO - [2024-12-29T00:07:56.110+0000] {dag.py:3239} INFO - Sync 1 DAGs
[2024-12-29T00:07:56.130+0000] {logging_mixin.py:190} INFO - [2024-12-29T00:07:56.130+0000] {dag.py:4180} INFO - Setting next_dagrun for example_trigger_target_dag to None, run_after=None
[2024-12-29T00:07:56.193+0000] {processor.py:208} INFO - Processing /home/airflow/.local/lib/python3.12/site-packages/airflow/example_dags/example_trigger_target_dag.py took 0.172 seconds
[2024-12-29T00:08:26.284+0000] {processor.py:186} INFO - Started process (PID=674) to work on /home/airflow/.local/lib/python3.12/site-packages/airflow/example_dags/example_trigger_target_dag.py
[2024-12-29T00:08:26.285+0000] {processor.py:914} INFO - Processing file /home/airflow/.local/lib/python3.12/site-packages/airflow/example_dags/example_trigger_target_dag.py for tasks to queue
[2024-12-29T00:08:26.288+0000] {logging_mixin.py:190} INFO - [2024-12-29T00:08:26.288+0000] {dagbag.py:588} INFO - Filling up the DagBag from /home/airflow/.local/lib/python3.12/site-packages/airflow/example_dags/example_trigger_target_dag.py
[2024-12-29T00:08:26.299+0000] {processor.py:925} INFO - DAG(s) 'example_trigger_target_dag' retrieved from /home/airflow/.local/lib/python3.12/site-packages/airflow/example_dags/example_trigger_target_dag.py
[2024-12-29T00:08:26.331+0000] {logging_mixin.py:190} INFO - [2024-12-29T00:08:26.330+0000] {dag.py:3239} INFO - Sync 1 DAGs
[2024-12-29T00:08:26.351+0000] {logging_mixin.py:190} INFO - [2024-12-29T00:08:26.351+0000] {dag.py:4180} INFO - Setting next_dagrun for example_trigger_target_dag to None, run_after=None
[2024-12-29T00:08:26.390+0000] {processor.py:208} INFO - Processing /home/airflow/.local/lib/python3.12/site-packages/airflow/example_dags/example_trigger_target_dag.py took 0.114 seconds
[2024-12-29T00:08:56.462+0000] {processor.py:186} INFO - Started process (PID=738) to work on /home/airflow/.local/lib/python3.12/site-packages/airflow/example_dags/example_trigger_target_dag.py
[2024-12-29T00:08:56.464+0000] {processor.py:914} INFO - Processing file /home/airflow/.local/lib/python3.12/site-packages/airflow/example_dags/example_trigger_target_dag.py for tasks to queue
[2024-12-29T00:08:56.466+0000] {logging_mixin.py:190} INFO - [2024-12-29T00:08:56.466+0000] {dagbag.py:588} INFO - Filling up the DagBag from /home/airflow/.local/lib/python3.12/site-packages/airflow/example_dags/example_trigger_target_dag.py
[2024-12-29T00:08:56.474+0000] {processor.py:925} INFO - DAG(s) 'example_trigger_target_dag' retrieved from /home/airflow/.local/lib/python3.12/site-packages/airflow/example_dags/example_trigger_target_dag.py
[2024-12-29T00:08:56.498+0000] {logging_mixin.py:190} INFO - [2024-12-29T00:08:56.497+0000] {dag.py:3239} INFO - Sync 1 DAGs
[2024-12-29T00:08:56.511+0000] {logging_mixin.py:190} INFO - [2024-12-29T00:08:56.511+0000] {dag.py:4180} INFO - Setting next_dagrun for example_trigger_target_dag to None, run_after=None
[2024-12-29T00:08:56.534+0000] {processor.py:208} INFO - Processing /home/airflow/.local/lib/python3.12/site-packages/airflow/example_dags/example_trigger_target_dag.py took 0.077 seconds
[2024-12-29T00:09:26.734+0000] {processor.py:186} INFO - Started process (PID=802) to work on /home/airflow/.local/lib/python3.12/site-packages/airflow/example_dags/example_trigger_target_dag.py
[2024-12-29T00:09:26.736+0000] {processor.py:914} INFO - Processing file /home/airflow/.local/lib/python3.12/site-packages/airflow/example_dags/example_trigger_target_dag.py for tasks to queue
[2024-12-29T00:09:26.739+0000] {logging_mixin.py:190} INFO - [2024-12-29T00:09:26.738+0000] {dagbag.py:588} INFO - Filling up the DagBag from /home/airflow/.local/lib/python3.12/site-packages/airflow/example_dags/example_trigger_target_dag.py
[2024-12-29T00:09:26.746+0000] {processor.py:925} INFO - DAG(s) 'example_trigger_target_dag' retrieved from /home/airflow/.local/lib/python3.12/site-packages/airflow/example_dags/example_trigger_target_dag.py
[2024-12-29T00:09:26.770+0000] {logging_mixin.py:190} INFO - [2024-12-29T00:09:26.770+0000] {dag.py:3239} INFO - Sync 1 DAGs
[2024-12-29T00:09:26.784+0000] {logging_mixin.py:190} INFO - [2024-12-29T00:09:26.784+0000] {dag.py:4180} INFO - Setting next_dagrun for example_trigger_target_dag to None, run_after=None
[2024-12-29T00:09:26.809+0000] {processor.py:208} INFO - Processing /home/airflow/.local/lib/python3.12/site-packages/airflow/example_dags/example_trigger_target_dag.py took 0.080 seconds
[2024-12-29T00:09:56.945+0000] {processor.py:186} INFO - Started process (PID=866) to work on /home/airflow/.local/lib/python3.12/site-packages/airflow/example_dags/example_trigger_target_dag.py
[2024-12-29T00:09:56.947+0000] {processor.py:914} INFO - Processing file /home/airflow/.local/lib/python3.12/site-packages/airflow/example_dags/example_trigger_target_dag.py for tasks to queue
[2024-12-29T00:09:56.950+0000] {logging_mixin.py:190} INFO - [2024-12-29T00:09:56.950+0000] {dagbag.py:588} INFO - Filling up the DagBag from /home/airflow/.local/lib/python3.12/site-packages/airflow/example_dags/example_trigger_target_dag.py
[2024-12-29T00:09:56.960+0000] {processor.py:925} INFO - DAG(s) 'example_trigger_target_dag' retrieved from /home/airflow/.local/lib/python3.12/site-packages/airflow/example_dags/example_trigger_target_dag.py
[2024-12-29T00:09:56.990+0000] {logging_mixin.py:190} INFO - [2024-12-29T00:09:56.990+0000] {dag.py:3239} INFO - Sync 1 DAGs
[2024-12-29T00:09:57.007+0000] {logging_mixin.py:190} INFO - [2024-12-29T00:09:57.007+0000] {dag.py:4180} INFO - Setting next_dagrun for example_trigger_target_dag to None, run_after=None
[2024-12-29T00:09:57.040+0000] {processor.py:208} INFO - Processing /home/airflow/.local/lib/python3.12/site-packages/airflow/example_dags/example_trigger_target_dag.py took 0.104 seconds
[2024-12-29T00:10:27.124+0000] {processor.py:186} INFO - Started process (PID=930) to work on /home/airflow/.local/lib/python3.12/site-packages/airflow/example_dags/example_trigger_target_dag.py
[2024-12-29T00:10:27.126+0000] {processor.py:914} INFO - Processing file /home/airflow/.local/lib/python3.12/site-packages/airflow/example_dags/example_trigger_target_dag.py for tasks to queue
[2024-12-29T00:10:27.129+0000] {logging_mixin.py:190} INFO - [2024-12-29T00:10:27.129+0000] {dagbag.py:588} INFO - Filling up the DagBag from /home/airflow/.local/lib/python3.12/site-packages/airflow/example_dags/example_trigger_target_dag.py
[2024-12-29T00:10:27.144+0000] {processor.py:925} INFO - DAG(s) 'example_trigger_target_dag' retrieved from /home/airflow/.local/lib/python3.12/site-packages/airflow/example_dags/example_trigger_target_dag.py
[2024-12-29T00:10:27.179+0000] {logging_mixin.py:190} INFO - [2024-12-29T00:10:27.179+0000] {dag.py:3239} INFO - Sync 1 DAGs
[2024-12-29T00:10:27.200+0000] {logging_mixin.py:190} INFO - [2024-12-29T00:10:27.200+0000] {dag.py:4180} INFO - Setting next_dagrun for example_trigger_target_dag to None, run_after=None
[2024-12-29T00:10:27.232+0000] {processor.py:208} INFO - Processing /home/airflow/.local/lib/python3.12/site-packages/airflow/example_dags/example_trigger_target_dag.py took 0.117 seconds
[2024-12-29T00:10:57.768+0000] {processor.py:186} INFO - Started process (PID=994) to work on /home/airflow/.local/lib/python3.12/site-packages/airflow/example_dags/example_trigger_target_dag.py
[2024-12-29T00:10:57.770+0000] {processor.py:914} INFO - Processing file /home/airflow/.local/lib/python3.12/site-packages/airflow/example_dags/example_trigger_target_dag.py for tasks to queue
[2024-12-29T00:10:57.773+0000] {logging_mixin.py:190} INFO - [2024-12-29T00:10:57.773+0000] {dagbag.py:588} INFO - Filling up the DagBag from /home/airflow/.local/lib/python3.12/site-packages/airflow/example_dags/example_trigger_target_dag.py
[2024-12-29T00:10:57.784+0000] {processor.py:925} INFO - DAG(s) 'example_trigger_target_dag' retrieved from /home/airflow/.local/lib/python3.12/site-packages/airflow/example_dags/example_trigger_target_dag.py
[2024-12-29T00:10:57.811+0000] {logging_mixin.py:190} INFO - [2024-12-29T00:10:57.811+0000] {dag.py:3239} INFO - Sync 1 DAGs
[2024-12-29T00:10:57.831+0000] {logging_mixin.py:190} INFO - [2024-12-29T00:10:57.830+0000] {dag.py:4180} INFO - Setting next_dagrun for example_trigger_target_dag to None, run_after=None
[2024-12-29T00:10:57.863+0000] {processor.py:208} INFO - Processing /home/airflow/.local/lib/python3.12/site-packages/airflow/example_dags/example_trigger_target_dag.py took 0.101 seconds
[2024-12-29T00:11:28.289+0000] {processor.py:186} INFO - Started process (PID=1058) to work on /home/airflow/.local/lib/python3.12/site-packages/airflow/example_dags/example_trigger_target_dag.py
[2024-12-29T00:11:28.291+0000] {processor.py:914} INFO - Processing file /home/airflow/.local/lib/python3.12/site-packages/airflow/example_dags/example_trigger_target_dag.py for tasks to queue
[2024-12-29T00:11:28.294+0000] {logging_mixin.py:190} INFO - [2024-12-29T00:11:28.294+0000] {dagbag.py:588} INFO - Filling up the DagBag from /home/airflow/.local/lib/python3.12/site-packages/airflow/example_dags/example_trigger_target_dag.py
[2024-12-29T00:11:28.307+0000] {processor.py:925} INFO - DAG(s) 'example_trigger_target_dag' retrieved from /home/airflow/.local/lib/python3.12/site-packages/airflow/example_dags/example_trigger_target_dag.py
[2024-12-29T00:11:28.340+0000] {logging_mixin.py:190} INFO - [2024-12-29T00:11:28.339+0000] {dag.py:3239} INFO - Sync 1 DAGs
[2024-12-29T00:11:28.362+0000] {logging_mixin.py:190} INFO - [2024-12-29T00:11:28.361+0000] {dag.py:4180} INFO - Setting next_dagrun for example_trigger_target_dag to None, run_after=None
[2024-12-29T00:11:28.390+0000] {processor.py:208} INFO - Processing /home/airflow/.local/lib/python3.12/site-packages/airflow/example_dags/example_trigger_target_dag.py took 0.110 seconds
[2024-12-29T00:11:58.571+0000] {processor.py:186} INFO - Started process (PID=1122) to work on /home/airflow/.local/lib/python3.12/site-packages/airflow/example_dags/example_trigger_target_dag.py
[2024-12-29T00:11:58.573+0000] {processor.py:914} INFO - Processing file /home/airflow/.local/lib/python3.12/site-packages/airflow/example_dags/example_trigger_target_dag.py for tasks to queue
[2024-12-29T00:11:58.576+0000] {logging_mixin.py:190} INFO - [2024-12-29T00:11:58.575+0000] {dagbag.py:588} INFO - Filling up the DagBag from /home/airflow/.local/lib/python3.12/site-packages/airflow/example_dags/example_trigger_target_dag.py
[2024-12-29T00:11:58.587+0000] {processor.py:925} INFO - DAG(s) 'example_trigger_target_dag' retrieved from /home/airflow/.local/lib/python3.12/site-packages/airflow/example_dags/example_trigger_target_dag.py
[2024-12-29T00:11:58.618+0000] {logging_mixin.py:190} INFO - [2024-12-29T00:11:58.617+0000] {dag.py:3239} INFO - Sync 1 DAGs
[2024-12-29T00:11:58.640+0000] {logging_mixin.py:190} INFO - [2024-12-29T00:11:58.639+0000] {dag.py:4180} INFO - Setting next_dagrun for example_trigger_target_dag to None, run_after=None
[2024-12-29T00:11:58.673+0000] {processor.py:208} INFO - Processing /home/airflow/.local/lib/python3.12/site-packages/airflow/example_dags/example_trigger_target_dag.py took 0.109 seconds
[2024-12-29T00:12:30.354+0000] {processor.py:186} INFO - Started process (PID=1185) to work on /home/airflow/.local/lib/python3.12/site-packages/airflow/example_dags/example_trigger_target_dag.py
[2024-12-29T00:12:30.372+0000] {processor.py:914} INFO - Processing file /home/airflow/.local/lib/python3.12/site-packages/airflow/example_dags/example_trigger_target_dag.py for tasks to queue
[2024-12-29T00:12:30.375+0000] {logging_mixin.py:190} INFO - [2024-12-29T00:12:30.375+0000] {dagbag.py:588} INFO - Filling up the DagBag from /home/airflow/.local/lib/python3.12/site-packages/airflow/example_dags/example_trigger_target_dag.py
[2024-12-29T00:12:30.386+0000] {processor.py:925} INFO - DAG(s) 'example_trigger_target_dag' retrieved from /home/airflow/.local/lib/python3.12/site-packages/airflow/example_dags/example_trigger_target_dag.py
[2024-12-29T00:12:30.413+0000] {logging_mixin.py:190} INFO - [2024-12-29T00:12:30.413+0000] {dag.py:3239} INFO - Sync 1 DAGs
[2024-12-29T00:12:30.429+0000] {logging_mixin.py:190} INFO - [2024-12-29T00:12:30.428+0000] {dag.py:4180} INFO - Setting next_dagrun for example_trigger_target_dag to None, run_after=None
[2024-12-29T00:12:30.460+0000] {processor.py:208} INFO - Processing /home/airflow/.local/lib/python3.12/site-packages/airflow/example_dags/example_trigger_target_dag.py took 0.112 seconds
[2024-12-29T00:13:00.891+0000] {processor.py:186} INFO - Started process (PID=1247) to work on /home/airflow/.local/lib/python3.12/site-packages/airflow/example_dags/example_trigger_target_dag.py
[2024-12-29T00:13:00.893+0000] {processor.py:914} INFO - Processing file /home/airflow/.local/lib/python3.12/site-packages/airflow/example_dags/example_trigger_target_dag.py for tasks to queue
[2024-12-29T00:13:00.895+0000] {logging_mixin.py:190} INFO - [2024-12-29T00:13:00.895+0000] {dagbag.py:588} INFO - Filling up the DagBag from /home/airflow/.local/lib/python3.12/site-packages/airflow/example_dags/example_trigger_target_dag.py
[2024-12-29T00:13:00.904+0000] {processor.py:925} INFO - DAG(s) 'example_trigger_target_dag' retrieved from /home/airflow/.local/lib/python3.12/site-packages/airflow/example_dags/example_trigger_target_dag.py
[2024-12-29T00:13:00.931+0000] {logging_mixin.py:190} INFO - [2024-12-29T00:13:00.930+0000] {dag.py:3239} INFO - Sync 1 DAGs
[2024-12-29T00:13:00.952+0000] {logging_mixin.py:190} INFO - [2024-12-29T00:13:00.951+0000] {dag.py:4180} INFO - Setting next_dagrun for example_trigger_target_dag to None, run_after=None
[2024-12-29T00:13:00.982+0000] {processor.py:208} INFO - Processing /home/airflow/.local/lib/python3.12/site-packages/airflow/example_dags/example_trigger_target_dag.py took 0.097 seconds
[2024-12-29T00:13:31.670+0000] {processor.py:186} INFO - Started process (PID=1312) to work on /home/airflow/.local/lib/python3.12/site-packages/airflow/example_dags/example_trigger_target_dag.py
[2024-12-29T00:13:31.672+0000] {processor.py:914} INFO - Processing file /home/airflow/.local/lib/python3.12/site-packages/airflow/example_dags/example_trigger_target_dag.py for tasks to queue
[2024-12-29T00:13:31.676+0000] {logging_mixin.py:190} INFO - [2024-12-29T00:13:31.675+0000] {dagbag.py:588} INFO - Filling up the DagBag from /home/airflow/.local/lib/python3.12/site-packages/airflow/example_dags/example_trigger_target_dag.py
[2024-12-29T00:13:31.686+0000] {processor.py:925} INFO - DAG(s) 'example_trigger_target_dag' retrieved from /home/airflow/.local/lib/python3.12/site-packages/airflow/example_dags/example_trigger_target_dag.py
[2024-12-29T00:13:31.719+0000] {logging_mixin.py:190} INFO - [2024-12-29T00:13:31.719+0000] {dag.py:3239} INFO - Sync 1 DAGs
[2024-12-29T00:13:31.753+0000] {logging_mixin.py:190} INFO - [2024-12-29T00:13:31.752+0000] {dag.py:4180} INFO - Setting next_dagrun for example_trigger_target_dag to None, run_after=None
[2024-12-29T00:13:31.809+0000] {processor.py:208} INFO - Processing /home/airflow/.local/lib/python3.12/site-packages/airflow/example_dags/example_trigger_target_dag.py took 0.146 seconds
[2024-12-29T00:14:02.231+0000] {processor.py:186} INFO - Started process (PID=1377) to work on /home/airflow/.local/lib/python3.12/site-packages/airflow/example_dags/example_trigger_target_dag.py
[2024-12-29T00:14:02.233+0000] {processor.py:914} INFO - Processing file /home/airflow/.local/lib/python3.12/site-packages/airflow/example_dags/example_trigger_target_dag.py for tasks to queue
[2024-12-29T00:14:02.238+0000] {logging_mixin.py:190} INFO - [2024-12-29T00:14:02.237+0000] {dagbag.py:588} INFO - Filling up the DagBag from /home/airflow/.local/lib/python3.12/site-packages/airflow/example_dags/example_trigger_target_dag.py
[2024-12-29T00:14:02.249+0000] {processor.py:925} INFO - DAG(s) 'example_trigger_target_dag' retrieved from /home/airflow/.local/lib/python3.12/site-packages/airflow/example_dags/example_trigger_target_dag.py
[2024-12-29T00:14:02.284+0000] {logging_mixin.py:190} INFO - [2024-12-29T00:14:02.283+0000] {dag.py:3239} INFO - Sync 1 DAGs
[2024-12-29T00:14:02.308+0000] {logging_mixin.py:190} INFO - [2024-12-29T00:14:02.308+0000] {dag.py:4180} INFO - Setting next_dagrun for example_trigger_target_dag to None, run_after=None
[2024-12-29T00:14:02.341+0000] {processor.py:208} INFO - Processing /home/airflow/.local/lib/python3.12/site-packages/airflow/example_dags/example_trigger_target_dag.py took 0.118 seconds
[2024-12-29T00:14:33.021+0000] {processor.py:186} INFO - Started process (PID=1436) to work on /home/airflow/.local/lib/python3.12/site-packages/airflow/example_dags/example_trigger_target_dag.py
[2024-12-29T00:14:33.022+0000] {processor.py:914} INFO - Processing file /home/airflow/.local/lib/python3.12/site-packages/airflow/example_dags/example_trigger_target_dag.py for tasks to queue
[2024-12-29T00:14:33.025+0000] {logging_mixin.py:190} INFO - [2024-12-29T00:14:33.025+0000] {dagbag.py:588} INFO - Filling up the DagBag from /home/airflow/.local/lib/python3.12/site-packages/airflow/example_dags/example_trigger_target_dag.py
[2024-12-29T00:14:33.035+0000] {processor.py:925} INFO - DAG(s) 'example_trigger_target_dag' retrieved from /home/airflow/.local/lib/python3.12/site-packages/airflow/example_dags/example_trigger_target_dag.py
[2024-12-29T00:14:33.066+0000] {logging_mixin.py:190} INFO - [2024-12-29T00:14:33.066+0000] {dag.py:3239} INFO - Sync 1 DAGs
[2024-12-29T00:14:33.082+0000] {logging_mixin.py:190} INFO - [2024-12-29T00:14:33.082+0000] {dag.py:4180} INFO - Setting next_dagrun for example_trigger_target_dag to None, run_after=None
[2024-12-29T00:14:33.111+0000] {processor.py:208} INFO - Processing /home/airflow/.local/lib/python3.12/site-packages/airflow/example_dags/example_trigger_target_dag.py took 0.098 seconds
[2024-12-29T00:15:04.126+0000] {processor.py:186} INFO - Started process (PID=1500) to work on /home/airflow/.local/lib/python3.12/site-packages/airflow/example_dags/example_trigger_target_dag.py
[2024-12-29T00:15:04.128+0000] {processor.py:914} INFO - Processing file /home/airflow/.local/lib/python3.12/site-packages/airflow/example_dags/example_trigger_target_dag.py for tasks to queue
[2024-12-29T00:15:04.131+0000] {logging_mixin.py:190} INFO - [2024-12-29T00:15:04.131+0000] {dagbag.py:588} INFO - Filling up the DagBag from /home/airflow/.local/lib/python3.12/site-packages/airflow/example_dags/example_trigger_target_dag.py
[2024-12-29T00:15:04.145+0000] {processor.py:925} INFO - DAG(s) 'example_trigger_target_dag' retrieved from /home/airflow/.local/lib/python3.12/site-packages/airflow/example_dags/example_trigger_target_dag.py
[2024-12-29T00:15:04.194+0000] {logging_mixin.py:190} INFO - [2024-12-29T00:15:04.193+0000] {dag.py:3239} INFO - Sync 1 DAGs
[2024-12-29T00:15:04.229+0000] {logging_mixin.py:190} INFO - [2024-12-29T00:15:04.229+0000] {dag.py:4180} INFO - Setting next_dagrun for example_trigger_target_dag to None, run_after=None
[2024-12-29T00:15:04.319+0000] {processor.py:208} INFO - Processing /home/airflow/.local/lib/python3.12/site-packages/airflow/example_dags/example_trigger_target_dag.py took 0.204 seconds
[2024-12-29T00:15:34.668+0000] {processor.py:186} INFO - Started process (PID=1560) to work on /home/airflow/.local/lib/python3.12/site-packages/airflow/example_dags/example_trigger_target_dag.py
[2024-12-29T00:15:34.670+0000] {processor.py:914} INFO - Processing file /home/airflow/.local/lib/python3.12/site-packages/airflow/example_dags/example_trigger_target_dag.py for tasks to queue
[2024-12-29T00:15:34.674+0000] {logging_mixin.py:190} INFO - [2024-12-29T00:15:34.673+0000] {dagbag.py:588} INFO - Filling up the DagBag from /home/airflow/.local/lib/python3.12/site-packages/airflow/example_dags/example_trigger_target_dag.py
[2024-12-29T00:15:34.687+0000] {processor.py:925} INFO - DAG(s) 'example_trigger_target_dag' retrieved from /home/airflow/.local/lib/python3.12/site-packages/airflow/example_dags/example_trigger_target_dag.py
[2024-12-29T00:15:34.728+0000] {logging_mixin.py:190} INFO - [2024-12-29T00:15:34.728+0000] {dag.py:3239} INFO - Sync 1 DAGs
[2024-12-29T00:15:34.752+0000] {logging_mixin.py:190} INFO - [2024-12-29T00:15:34.752+0000] {dag.py:4180} INFO - Setting next_dagrun for example_trigger_target_dag to None, run_after=None
[2024-12-29T00:15:34.794+0000] {processor.py:208} INFO - Processing /home/airflow/.local/lib/python3.12/site-packages/airflow/example_dags/example_trigger_target_dag.py took 0.134 seconds
[2024-12-29T00:16:06.013+0000] {processor.py:186} INFO - Started process (PID=1625) to work on /home/airflow/.local/lib/python3.12/site-packages/airflow/example_dags/example_trigger_target_dag.py
[2024-12-29T00:16:06.014+0000] {processor.py:914} INFO - Processing file /home/airflow/.local/lib/python3.12/site-packages/airflow/example_dags/example_trigger_target_dag.py for tasks to queue
[2024-12-29T00:16:06.018+0000] {logging_mixin.py:190} INFO - [2024-12-29T00:16:06.018+0000] {dagbag.py:588} INFO - Filling up the DagBag from /home/airflow/.local/lib/python3.12/site-packages/airflow/example_dags/example_trigger_target_dag.py
[2024-12-29T00:16:06.028+0000] {processor.py:925} INFO - DAG(s) 'example_trigger_target_dag' retrieved from /home/airflow/.local/lib/python3.12/site-packages/airflow/example_dags/example_trigger_target_dag.py
[2024-12-29T00:16:06.057+0000] {logging_mixin.py:190} INFO - [2024-12-29T00:16:06.057+0000] {dag.py:3239} INFO - Sync 1 DAGs
[2024-12-29T00:16:06.075+0000] {logging_mixin.py:190} INFO - [2024-12-29T00:16:06.075+0000] {dag.py:4180} INFO - Setting next_dagrun for example_trigger_target_dag to None, run_after=None
[2024-12-29T00:16:06.106+0000] {processor.py:208} INFO - Processing /home/airflow/.local/lib/python3.12/site-packages/airflow/example_dags/example_trigger_target_dag.py took 0.099 seconds
[2024-12-29T00:16:37.096+0000] {processor.py:186} INFO - Started process (PID=1686) to work on /home/airflow/.local/lib/python3.12/site-packages/airflow/example_dags/example_trigger_target_dag.py
[2024-12-29T00:16:37.098+0000] {processor.py:914} INFO - Processing file /home/airflow/.local/lib/python3.12/site-packages/airflow/example_dags/example_trigger_target_dag.py for tasks to queue
[2024-12-29T00:16:37.101+0000] {logging_mixin.py:190} INFO - [2024-12-29T00:16:37.101+0000] {dagbag.py:588} INFO - Filling up the DagBag from /home/airflow/.local/lib/python3.12/site-packages/airflow/example_dags/example_trigger_target_dag.py
[2024-12-29T00:16:37.111+0000] {processor.py:925} INFO - DAG(s) 'example_trigger_target_dag' retrieved from /home/airflow/.local/lib/python3.12/site-packages/airflow/example_dags/example_trigger_target_dag.py
[2024-12-29T00:16:37.140+0000] {logging_mixin.py:190} INFO - [2024-12-29T00:16:37.140+0000] {dag.py:3239} INFO - Sync 1 DAGs
[2024-12-29T00:16:37.159+0000] {logging_mixin.py:190} INFO - [2024-12-29T00:16:37.158+0000] {dag.py:4180} INFO - Setting next_dagrun for example_trigger_target_dag to None, run_after=None
[2024-12-29T00:16:37.188+0000] {processor.py:208} INFO - Processing /home/airflow/.local/lib/python3.12/site-packages/airflow/example_dags/example_trigger_target_dag.py took 0.099 seconds
[2024-12-29T00:19:57.969+0000] {processor.py:186} INFO - Started process (PID=99) to work on /home/airflow/.local/lib/python3.12/site-packages/airflow/example_dags/example_trigger_target_dag.py
[2024-12-29T00:19:57.972+0000] {processor.py:914} INFO - Processing file /home/airflow/.local/lib/python3.12/site-packages/airflow/example_dags/example_trigger_target_dag.py for tasks to queue
[2024-12-29T00:19:57.975+0000] {logging_mixin.py:190} INFO - [2024-12-29T00:19:57.974+0000] {dagbag.py:588} INFO - Filling up the DagBag from /home/airflow/.local/lib/python3.12/site-packages/airflow/example_dags/example_trigger_target_dag.py
[2024-12-29T00:19:57.986+0000] {processor.py:925} INFO - DAG(s) 'example_trigger_target_dag' retrieved from /home/airflow/.local/lib/python3.12/site-packages/airflow/example_dags/example_trigger_target_dag.py
[2024-12-29T00:19:58.012+0000] {logging_mixin.py:190} INFO - [2024-12-29T00:19:58.012+0000] {dag.py:3239} INFO - Sync 1 DAGs
[2024-12-29T00:19:58.027+0000] {logging_mixin.py:190} INFO - [2024-12-29T00:19:58.027+0000] {dag.py:4180} INFO - Setting next_dagrun for example_trigger_target_dag to None, run_after=None
[2024-12-29T00:19:58.053+0000] {processor.py:208} INFO - Processing /home/airflow/.local/lib/python3.12/site-packages/airflow/example_dags/example_trigger_target_dag.py took 0.089 seconds
[2024-12-29T00:20:30.720+0000] {processor.py:186} INFO - Started process (PID=164) to work on /home/airflow/.local/lib/python3.12/site-packages/airflow/example_dags/example_trigger_target_dag.py
[2024-12-29T00:20:30.722+0000] {processor.py:914} INFO - Processing file /home/airflow/.local/lib/python3.12/site-packages/airflow/example_dags/example_trigger_target_dag.py for tasks to queue
[2024-12-29T00:20:30.726+0000] {logging_mixin.py:190} INFO - [2024-12-29T00:20:30.725+0000] {dagbag.py:588} INFO - Filling up the DagBag from /home/airflow/.local/lib/python3.12/site-packages/airflow/example_dags/example_trigger_target_dag.py
[2024-12-29T00:20:30.735+0000] {processor.py:925} INFO - DAG(s) 'example_trigger_target_dag' retrieved from /home/airflow/.local/lib/python3.12/site-packages/airflow/example_dags/example_trigger_target_dag.py
[2024-12-29T00:20:30.763+0000] {logging_mixin.py:190} INFO - [2024-12-29T00:20:30.762+0000] {dag.py:3239} INFO - Sync 1 DAGs
[2024-12-29T00:20:30.780+0000] {logging_mixin.py:190} INFO - [2024-12-29T00:20:30.780+0000] {dag.py:4180} INFO - Setting next_dagrun for example_trigger_target_dag to None, run_after=None
[2024-12-29T00:20:30.809+0000] {processor.py:208} INFO - Processing /home/airflow/.local/lib/python3.12/site-packages/airflow/example_dags/example_trigger_target_dag.py took 0.095 seconds
[2024-12-29T00:21:02.358+0000] {processor.py:186} INFO - Started process (PID=229) to work on /home/airflow/.local/lib/python3.12/site-packages/airflow/example_dags/example_trigger_target_dag.py
[2024-12-29T00:21:02.360+0000] {processor.py:914} INFO - Processing file /home/airflow/.local/lib/python3.12/site-packages/airflow/example_dags/example_trigger_target_dag.py for tasks to queue
[2024-12-29T00:21:02.363+0000] {logging_mixin.py:190} INFO - [2024-12-29T00:21:02.363+0000] {dagbag.py:588} INFO - Filling up the DagBag from /home/airflow/.local/lib/python3.12/site-packages/airflow/example_dags/example_trigger_target_dag.py
[2024-12-29T00:21:02.375+0000] {processor.py:925} INFO - DAG(s) 'example_trigger_target_dag' retrieved from /home/airflow/.local/lib/python3.12/site-packages/airflow/example_dags/example_trigger_target_dag.py
[2024-12-29T00:21:02.406+0000] {logging_mixin.py:190} INFO - [2024-12-29T00:21:02.405+0000] {dag.py:3239} INFO - Sync 1 DAGs
[2024-12-29T00:21:02.425+0000] {logging_mixin.py:190} INFO - [2024-12-29T00:21:02.425+0000] {dag.py:4180} INFO - Setting next_dagrun for example_trigger_target_dag to None, run_after=None
[2024-12-29T00:21:02.455+0000] {processor.py:208} INFO - Processing /home/airflow/.local/lib/python3.12/site-packages/airflow/example_dags/example_trigger_target_dag.py took 0.105 seconds
[2024-12-29T00:21:33.937+0000] {processor.py:186} INFO - Started process (PID=294) to work on /home/airflow/.local/lib/python3.12/site-packages/airflow/example_dags/example_trigger_target_dag.py
[2024-12-29T00:21:33.939+0000] {processor.py:914} INFO - Processing file /home/airflow/.local/lib/python3.12/site-packages/airflow/example_dags/example_trigger_target_dag.py for tasks to queue
[2024-12-29T00:21:33.942+0000] {logging_mixin.py:190} INFO - [2024-12-29T00:21:33.942+0000] {dagbag.py:588} INFO - Filling up the DagBag from /home/airflow/.local/lib/python3.12/site-packages/airflow/example_dags/example_trigger_target_dag.py
[2024-12-29T00:21:33.952+0000] {processor.py:925} INFO - DAG(s) 'example_trigger_target_dag' retrieved from /home/airflow/.local/lib/python3.12/site-packages/airflow/example_dags/example_trigger_target_dag.py
[2024-12-29T00:21:33.983+0000] {logging_mixin.py:190} INFO - [2024-12-29T00:21:33.983+0000] {dag.py:3239} INFO - Sync 1 DAGs
[2024-12-29T00:21:34.002+0000] {logging_mixin.py:190} INFO - [2024-12-29T00:21:34.001+0000] {dag.py:4180} INFO - Setting next_dagrun for example_trigger_target_dag to None, run_after=None
[2024-12-29T00:21:34.033+0000] {processor.py:208} INFO - Processing /home/airflow/.local/lib/python3.12/site-packages/airflow/example_dags/example_trigger_target_dag.py took 0.103 seconds
[2024-12-29T00:22:05.516+0000] {processor.py:186} INFO - Started process (PID=359) to work on /home/airflow/.local/lib/python3.12/site-packages/airflow/example_dags/example_trigger_target_dag.py
[2024-12-29T00:22:05.524+0000] {processor.py:914} INFO - Processing file /home/airflow/.local/lib/python3.12/site-packages/airflow/example_dags/example_trigger_target_dag.py for tasks to queue
[2024-12-29T00:22:05.528+0000] {logging_mixin.py:190} INFO - [2024-12-29T00:22:05.527+0000] {dagbag.py:588} INFO - Filling up the DagBag from /home/airflow/.local/lib/python3.12/site-packages/airflow/example_dags/example_trigger_target_dag.py
[2024-12-29T00:22:05.538+0000] {processor.py:925} INFO - DAG(s) 'example_trigger_target_dag' retrieved from /home/airflow/.local/lib/python3.12/site-packages/airflow/example_dags/example_trigger_target_dag.py
[2024-12-29T00:22:05.571+0000] {logging_mixin.py:190} INFO - [2024-12-29T00:22:05.570+0000] {dag.py:3239} INFO - Sync 1 DAGs
[2024-12-29T00:22:05.591+0000] {logging_mixin.py:190} INFO - [2024-12-29T00:22:05.591+0000] {dag.py:4180} INFO - Setting next_dagrun for example_trigger_target_dag to None, run_after=None
[2024-12-29T00:22:05.653+0000] {processor.py:208} INFO - Processing /home/airflow/.local/lib/python3.12/site-packages/airflow/example_dags/example_trigger_target_dag.py took 0.144 seconds
[2024-12-29T00:22:37.038+0000] {processor.py:186} INFO - Started process (PID=424) to work on /home/airflow/.local/lib/python3.12/site-packages/airflow/example_dags/example_trigger_target_dag.py
[2024-12-29T00:22:37.039+0000] {processor.py:914} INFO - Processing file /home/airflow/.local/lib/python3.12/site-packages/airflow/example_dags/example_trigger_target_dag.py for tasks to queue
[2024-12-29T00:22:37.042+0000] {logging_mixin.py:190} INFO - [2024-12-29T00:22:37.042+0000] {dagbag.py:588} INFO - Filling up the DagBag from /home/airflow/.local/lib/python3.12/site-packages/airflow/example_dags/example_trigger_target_dag.py
[2024-12-29T00:22:37.050+0000] {processor.py:925} INFO - DAG(s) 'example_trigger_target_dag' retrieved from /home/airflow/.local/lib/python3.12/site-packages/airflow/example_dags/example_trigger_target_dag.py
[2024-12-29T00:22:37.073+0000] {logging_mixin.py:190} INFO - [2024-12-29T00:22:37.072+0000] {dag.py:3239} INFO - Sync 1 DAGs
[2024-12-29T00:22:37.088+0000] {logging_mixin.py:190} INFO - [2024-12-29T00:22:37.088+0000] {dag.py:4180} INFO - Setting next_dagrun for example_trigger_target_dag to None, run_after=None
[2024-12-29T00:22:37.111+0000] {processor.py:208} INFO - Processing /home/airflow/.local/lib/python3.12/site-packages/airflow/example_dags/example_trigger_target_dag.py took 0.079 seconds
[2024-12-29T00:23:09.057+0000] {processor.py:186} INFO - Started process (PID=495) to work on /home/airflow/.local/lib/python3.12/site-packages/airflow/example_dags/example_trigger_target_dag.py
[2024-12-29T00:23:09.059+0000] {processor.py:914} INFO - Processing file /home/airflow/.local/lib/python3.12/site-packages/airflow/example_dags/example_trigger_target_dag.py for tasks to queue
[2024-12-29T00:23:09.063+0000] {logging_mixin.py:190} INFO - [2024-12-29T00:23:09.062+0000] {dagbag.py:588} INFO - Filling up the DagBag from /home/airflow/.local/lib/python3.12/site-packages/airflow/example_dags/example_trigger_target_dag.py
[2024-12-29T00:23:09.079+0000] {processor.py:925} INFO - DAG(s) 'example_trigger_target_dag' retrieved from /home/airflow/.local/lib/python3.12/site-packages/airflow/example_dags/example_trigger_target_dag.py
[2024-12-29T00:23:09.108+0000] {logging_mixin.py:190} INFO - [2024-12-29T00:23:09.108+0000] {dag.py:3239} INFO - Sync 1 DAGs
[2024-12-29T00:23:09.129+0000] {logging_mixin.py:190} INFO - [2024-12-29T00:23:09.129+0000] {dag.py:4180} INFO - Setting next_dagrun for example_trigger_target_dag to None, run_after=None
[2024-12-29T00:23:09.165+0000] {processor.py:208} INFO - Processing /home/airflow/.local/lib/python3.12/site-packages/airflow/example_dags/example_trigger_target_dag.py took 0.115 seconds
[2024-12-29T00:23:39.969+0000] {processor.py:186} INFO - Started process (PID=561) to work on /home/airflow/.local/lib/python3.12/site-packages/airflow/example_dags/example_trigger_target_dag.py
[2024-12-29T00:23:39.971+0000] {processor.py:914} INFO - Processing file /home/airflow/.local/lib/python3.12/site-packages/airflow/example_dags/example_trigger_target_dag.py for tasks to queue
[2024-12-29T00:23:39.973+0000] {logging_mixin.py:190} INFO - [2024-12-29T00:23:39.973+0000] {dagbag.py:588} INFO - Filling up the DagBag from /home/airflow/.local/lib/python3.12/site-packages/airflow/example_dags/example_trigger_target_dag.py
[2024-12-29T00:23:39.980+0000] {processor.py:925} INFO - DAG(s) 'example_trigger_target_dag' retrieved from /home/airflow/.local/lib/python3.12/site-packages/airflow/example_dags/example_trigger_target_dag.py
[2024-12-29T00:23:40.005+0000] {logging_mixin.py:190} INFO - [2024-12-29T00:23:40.004+0000] {dag.py:3239} INFO - Sync 1 DAGs
[2024-12-29T00:23:40.019+0000] {logging_mixin.py:190} INFO - [2024-12-29T00:23:40.018+0000] {dag.py:4180} INFO - Setting next_dagrun for example_trigger_target_dag to None, run_after=None
[2024-12-29T00:23:40.043+0000] {processor.py:208} INFO - Processing /home/airflow/.local/lib/python3.12/site-packages/airflow/example_dags/example_trigger_target_dag.py took 0.079 seconds
[2024-12-29T00:24:10.783+0000] {processor.py:186} INFO - Started process (PID=626) to work on /home/airflow/.local/lib/python3.12/site-packages/airflow/example_dags/example_trigger_target_dag.py
[2024-12-29T00:24:10.785+0000] {processor.py:914} INFO - Processing file /home/airflow/.local/lib/python3.12/site-packages/airflow/example_dags/example_trigger_target_dag.py for tasks to queue
[2024-12-29T00:24:10.789+0000] {logging_mixin.py:190} INFO - [2024-12-29T00:24:10.788+0000] {dagbag.py:588} INFO - Filling up the DagBag from /home/airflow/.local/lib/python3.12/site-packages/airflow/example_dags/example_trigger_target_dag.py
[2024-12-29T00:24:10.799+0000] {processor.py:925} INFO - DAG(s) 'example_trigger_target_dag' retrieved from /home/airflow/.local/lib/python3.12/site-packages/airflow/example_dags/example_trigger_target_dag.py
[2024-12-29T00:24:10.826+0000] {logging_mixin.py:190} INFO - [2024-12-29T00:24:10.825+0000] {dag.py:3239} INFO - Sync 1 DAGs
[2024-12-29T00:24:10.842+0000] {logging_mixin.py:190} INFO - [2024-12-29T00:24:10.842+0000] {dag.py:4180} INFO - Setting next_dagrun for example_trigger_target_dag to None, run_after=None
[2024-12-29T00:24:10.875+0000] {processor.py:208} INFO - Processing /home/airflow/.local/lib/python3.12/site-packages/airflow/example_dags/example_trigger_target_dag.py took 0.101 seconds
[2024-12-29T00:24:41.119+0000] {processor.py:186} INFO - Started process (PID=690) to work on /home/airflow/.local/lib/python3.12/site-packages/airflow/example_dags/example_trigger_target_dag.py
[2024-12-29T00:24:41.120+0000] {processor.py:914} INFO - Processing file /home/airflow/.local/lib/python3.12/site-packages/airflow/example_dags/example_trigger_target_dag.py for tasks to queue
[2024-12-29T00:24:41.123+0000] {logging_mixin.py:190} INFO - [2024-12-29T00:24:41.122+0000] {dagbag.py:588} INFO - Filling up the DagBag from /home/airflow/.local/lib/python3.12/site-packages/airflow/example_dags/example_trigger_target_dag.py
[2024-12-29T00:24:41.131+0000] {processor.py:925} INFO - DAG(s) 'example_trigger_target_dag' retrieved from /home/airflow/.local/lib/python3.12/site-packages/airflow/example_dags/example_trigger_target_dag.py
[2024-12-29T00:24:41.157+0000] {logging_mixin.py:190} INFO - [2024-12-29T00:24:41.157+0000] {dag.py:3239} INFO - Sync 1 DAGs
[2024-12-29T00:24:41.174+0000] {logging_mixin.py:190} INFO - [2024-12-29T00:24:41.174+0000] {dag.py:4180} INFO - Setting next_dagrun for example_trigger_target_dag to None, run_after=None
[2024-12-29T00:24:41.200+0000] {processor.py:208} INFO - Processing /home/airflow/.local/lib/python3.12/site-packages/airflow/example_dags/example_trigger_target_dag.py took 0.087 seconds
[2024-12-29T00:25:11.236+0000] {processor.py:186} INFO - Started process (PID=754) to work on /home/airflow/.local/lib/python3.12/site-packages/airflow/example_dags/example_trigger_target_dag.py
[2024-12-29T00:25:11.237+0000] {processor.py:914} INFO - Processing file /home/airflow/.local/lib/python3.12/site-packages/airflow/example_dags/example_trigger_target_dag.py for tasks to queue
[2024-12-29T00:25:11.239+0000] {logging_mixin.py:190} INFO - [2024-12-29T00:25:11.239+0000] {dagbag.py:588} INFO - Filling up the DagBag from /home/airflow/.local/lib/python3.12/site-packages/airflow/example_dags/example_trigger_target_dag.py
[2024-12-29T00:25:11.247+0000] {processor.py:925} INFO - DAG(s) 'example_trigger_target_dag' retrieved from /home/airflow/.local/lib/python3.12/site-packages/airflow/example_dags/example_trigger_target_dag.py
[2024-12-29T00:25:11.273+0000] {logging_mixin.py:190} INFO - [2024-12-29T00:25:11.272+0000] {dag.py:3239} INFO - Sync 1 DAGs
[2024-12-29T00:25:11.289+0000] {logging_mixin.py:190} INFO - [2024-12-29T00:25:11.288+0000] {dag.py:4180} INFO - Setting next_dagrun for example_trigger_target_dag to None, run_after=None
[2024-12-29T00:25:11.313+0000] {processor.py:208} INFO - Processing /home/airflow/.local/lib/python3.12/site-packages/airflow/example_dags/example_trigger_target_dag.py took 0.082 seconds
[2024-12-29T00:25:41.450+0000] {processor.py:186} INFO - Started process (PID=819) to work on /home/airflow/.local/lib/python3.12/site-packages/airflow/example_dags/example_trigger_target_dag.py
[2024-12-29T00:25:41.451+0000] {processor.py:914} INFO - Processing file /home/airflow/.local/lib/python3.12/site-packages/airflow/example_dags/example_trigger_target_dag.py for tasks to queue
[2024-12-29T00:25:41.454+0000] {logging_mixin.py:190} INFO - [2024-12-29T00:25:41.453+0000] {dagbag.py:588} INFO - Filling up the DagBag from /home/airflow/.local/lib/python3.12/site-packages/airflow/example_dags/example_trigger_target_dag.py
[2024-12-29T00:25:41.461+0000] {processor.py:925} INFO - DAG(s) 'example_trigger_target_dag' retrieved from /home/airflow/.local/lib/python3.12/site-packages/airflow/example_dags/example_trigger_target_dag.py
[2024-12-29T00:25:41.486+0000] {logging_mixin.py:190} INFO - [2024-12-29T00:25:41.486+0000] {dag.py:3239} INFO - Sync 1 DAGs
[2024-12-29T00:25:41.500+0000] {logging_mixin.py:190} INFO - [2024-12-29T00:25:41.500+0000] {dag.py:4180} INFO - Setting next_dagrun for example_trigger_target_dag to None, run_after=None
[2024-12-29T00:25:41.523+0000] {processor.py:208} INFO - Processing /home/airflow/.local/lib/python3.12/site-packages/airflow/example_dags/example_trigger_target_dag.py took 0.079 seconds
[2024-12-29T00:26:11.822+0000] {processor.py:186} INFO - Started process (PID=884) to work on /home/airflow/.local/lib/python3.12/site-packages/airflow/example_dags/example_trigger_target_dag.py
[2024-12-29T00:26:11.823+0000] {processor.py:914} INFO - Processing file /home/airflow/.local/lib/python3.12/site-packages/airflow/example_dags/example_trigger_target_dag.py for tasks to queue
[2024-12-29T00:26:11.826+0000] {logging_mixin.py:190} INFO - [2024-12-29T00:26:11.826+0000] {dagbag.py:588} INFO - Filling up the DagBag from /home/airflow/.local/lib/python3.12/site-packages/airflow/example_dags/example_trigger_target_dag.py
[2024-12-29T00:26:11.836+0000] {processor.py:925} INFO - DAG(s) 'example_trigger_target_dag' retrieved from /home/airflow/.local/lib/python3.12/site-packages/airflow/example_dags/example_trigger_target_dag.py
[2024-12-29T00:26:11.865+0000] {logging_mixin.py:190} INFO - [2024-12-29T00:26:11.865+0000] {dag.py:3239} INFO - Sync 1 DAGs
[2024-12-29T00:26:11.884+0000] {logging_mixin.py:190} INFO - [2024-12-29T00:26:11.883+0000] {dag.py:4180} INFO - Setting next_dagrun for example_trigger_target_dag to None, run_after=None
[2024-12-29T00:26:11.913+0000] {processor.py:208} INFO - Processing /home/airflow/.local/lib/python3.12/site-packages/airflow/example_dags/example_trigger_target_dag.py took 0.099 seconds
[2024-12-29T00:26:42.824+0000] {processor.py:186} INFO - Started process (PID=949) to work on /home/airflow/.local/lib/python3.12/site-packages/airflow/example_dags/example_trigger_target_dag.py
[2024-12-29T00:26:42.826+0000] {processor.py:914} INFO - Processing file /home/airflow/.local/lib/python3.12/site-packages/airflow/example_dags/example_trigger_target_dag.py for tasks to queue
[2024-12-29T00:26:42.828+0000] {logging_mixin.py:190} INFO - [2024-12-29T00:26:42.827+0000] {dagbag.py:588} INFO - Filling up the DagBag from /home/airflow/.local/lib/python3.12/site-packages/airflow/example_dags/example_trigger_target_dag.py
[2024-12-29T00:26:42.835+0000] {processor.py:925} INFO - DAG(s) 'example_trigger_target_dag' retrieved from /home/airflow/.local/lib/python3.12/site-packages/airflow/example_dags/example_trigger_target_dag.py
[2024-12-29T00:26:42.858+0000] {logging_mixin.py:190} INFO - [2024-12-29T00:26:42.858+0000] {dag.py:3239} INFO - Sync 1 DAGs
[2024-12-29T00:26:42.874+0000] {logging_mixin.py:190} INFO - [2024-12-29T00:26:42.873+0000] {dag.py:4180} INFO - Setting next_dagrun for example_trigger_target_dag to None, run_after=None
[2024-12-29T00:26:42.901+0000] {processor.py:208} INFO - Processing /home/airflow/.local/lib/python3.12/site-packages/airflow/example_dags/example_trigger_target_dag.py took 0.082 seconds
[2024-12-29T00:27:13.271+0000] {processor.py:186} INFO - Started process (PID=1014) to work on /home/airflow/.local/lib/python3.12/site-packages/airflow/example_dags/example_trigger_target_dag.py
[2024-12-29T00:27:13.273+0000] {processor.py:914} INFO - Processing file /home/airflow/.local/lib/python3.12/site-packages/airflow/example_dags/example_trigger_target_dag.py for tasks to queue
[2024-12-29T00:27:13.277+0000] {logging_mixin.py:190} INFO - [2024-12-29T00:27:13.276+0000] {dagbag.py:588} INFO - Filling up the DagBag from /home/airflow/.local/lib/python3.12/site-packages/airflow/example_dags/example_trigger_target_dag.py
[2024-12-29T00:27:13.292+0000] {processor.py:925} INFO - DAG(s) 'example_trigger_target_dag' retrieved from /home/airflow/.local/lib/python3.12/site-packages/airflow/example_dags/example_trigger_target_dag.py
[2024-12-29T00:27:13.321+0000] {logging_mixin.py:190} INFO - [2024-12-29T00:27:13.320+0000] {dag.py:3239} INFO - Sync 1 DAGs
[2024-12-29T00:27:13.339+0000] {logging_mixin.py:190} INFO - [2024-12-29T00:27:13.339+0000] {dag.py:4180} INFO - Setting next_dagrun for example_trigger_target_dag to None, run_after=None
[2024-12-29T00:27:13.364+0000] {processor.py:208} INFO - Processing /home/airflow/.local/lib/python3.12/site-packages/airflow/example_dags/example_trigger_target_dag.py took 0.105 seconds
[2024-12-29T00:27:43.485+0000] {processor.py:186} INFO - Started process (PID=1079) to work on /home/airflow/.local/lib/python3.12/site-packages/airflow/example_dags/example_trigger_target_dag.py
[2024-12-29T00:27:43.486+0000] {processor.py:914} INFO - Processing file /home/airflow/.local/lib/python3.12/site-packages/airflow/example_dags/example_trigger_target_dag.py for tasks to queue
[2024-12-29T00:27:43.489+0000] {logging_mixin.py:190} INFO - [2024-12-29T00:27:43.488+0000] {dagbag.py:588} INFO - Filling up the DagBag from /home/airflow/.local/lib/python3.12/site-packages/airflow/example_dags/example_trigger_target_dag.py
[2024-12-29T00:27:43.497+0000] {processor.py:925} INFO - DAG(s) 'example_trigger_target_dag' retrieved from /home/airflow/.local/lib/python3.12/site-packages/airflow/example_dags/example_trigger_target_dag.py
[2024-12-29T00:27:43.523+0000] {logging_mixin.py:190} INFO - [2024-12-29T00:27:43.523+0000] {dag.py:3239} INFO - Sync 1 DAGs
[2024-12-29T00:27:43.539+0000] {logging_mixin.py:190} INFO - [2024-12-29T00:27:43.539+0000] {dag.py:4180} INFO - Setting next_dagrun for example_trigger_target_dag to None, run_after=None
[2024-12-29T00:27:43.565+0000] {processor.py:208} INFO - Processing /home/airflow/.local/lib/python3.12/site-packages/airflow/example_dags/example_trigger_target_dag.py took 0.086 seconds
[2024-12-29T00:28:14.044+0000] {processor.py:186} INFO - Started process (PID=1145) to work on /home/airflow/.local/lib/python3.12/site-packages/airflow/example_dags/example_trigger_target_dag.py
[2024-12-29T00:28:14.054+0000] {processor.py:914} INFO - Processing file /home/airflow/.local/lib/python3.12/site-packages/airflow/example_dags/example_trigger_target_dag.py for tasks to queue
[2024-12-29T00:28:14.057+0000] {logging_mixin.py:190} INFO - [2024-12-29T00:28:14.056+0000] {dagbag.py:588} INFO - Filling up the DagBag from /home/airflow/.local/lib/python3.12/site-packages/airflow/example_dags/example_trigger_target_dag.py
[2024-12-29T00:28:14.064+0000] {processor.py:925} INFO - DAG(s) 'example_trigger_target_dag' retrieved from /home/airflow/.local/lib/python3.12/site-packages/airflow/example_dags/example_trigger_target_dag.py
[2024-12-29T00:28:14.087+0000] {logging_mixin.py:190} INFO - [2024-12-29T00:28:14.087+0000] {dag.py:3239} INFO - Sync 1 DAGs
[2024-12-29T00:28:14.103+0000] {logging_mixin.py:190} INFO - [2024-12-29T00:28:14.103+0000] {dag.py:4180} INFO - Setting next_dagrun for example_trigger_target_dag to None, run_after=None
[2024-12-29T00:28:14.136+0000] {processor.py:208} INFO - Processing /home/airflow/.local/lib/python3.12/site-packages/airflow/example_dags/example_trigger_target_dag.py took 0.098 seconds
[2024-12-29T00:28:44.594+0000] {processor.py:186} INFO - Started process (PID=1210) to work on /home/airflow/.local/lib/python3.12/site-packages/airflow/example_dags/example_trigger_target_dag.py
[2024-12-29T00:28:44.595+0000] {processor.py:914} INFO - Processing file /home/airflow/.local/lib/python3.12/site-packages/airflow/example_dags/example_trigger_target_dag.py for tasks to queue
[2024-12-29T00:28:44.597+0000] {logging_mixin.py:190} INFO - [2024-12-29T00:28:44.597+0000] {dagbag.py:588} INFO - Filling up the DagBag from /home/airflow/.local/lib/python3.12/site-packages/airflow/example_dags/example_trigger_target_dag.py
[2024-12-29T00:28:44.605+0000] {processor.py:925} INFO - DAG(s) 'example_trigger_target_dag' retrieved from /home/airflow/.local/lib/python3.12/site-packages/airflow/example_dags/example_trigger_target_dag.py
[2024-12-29T00:28:44.631+0000] {logging_mixin.py:190} INFO - [2024-12-29T00:28:44.631+0000] {dag.py:3239} INFO - Sync 1 DAGs
[2024-12-29T00:28:44.646+0000] {logging_mixin.py:190} INFO - [2024-12-29T00:28:44.646+0000] {dag.py:4180} INFO - Setting next_dagrun for example_trigger_target_dag to None, run_after=None
[2024-12-29T00:28:44.672+0000] {processor.py:208} INFO - Processing /home/airflow/.local/lib/python3.12/site-packages/airflow/example_dags/example_trigger_target_dag.py took 0.084 seconds
[2024-12-29T00:29:14.914+0000] {processor.py:186} INFO - Started process (PID=1275) to work on /home/airflow/.local/lib/python3.12/site-packages/airflow/example_dags/example_trigger_target_dag.py
[2024-12-29T00:29:14.915+0000] {processor.py:914} INFO - Processing file /home/airflow/.local/lib/python3.12/site-packages/airflow/example_dags/example_trigger_target_dag.py for tasks to queue
[2024-12-29T00:29:14.918+0000] {logging_mixin.py:190} INFO - [2024-12-29T00:29:14.918+0000] {dagbag.py:588} INFO - Filling up the DagBag from /home/airflow/.local/lib/python3.12/site-packages/airflow/example_dags/example_trigger_target_dag.py
[2024-12-29T00:29:14.927+0000] {processor.py:925} INFO - DAG(s) 'example_trigger_target_dag' retrieved from /home/airflow/.local/lib/python3.12/site-packages/airflow/example_dags/example_trigger_target_dag.py
[2024-12-29T00:29:14.956+0000] {logging_mixin.py:190} INFO - [2024-12-29T00:29:14.956+0000] {dag.py:3239} INFO - Sync 1 DAGs
[2024-12-29T00:29:14.976+0000] {logging_mixin.py:190} INFO - [2024-12-29T00:29:14.976+0000] {dag.py:4180} INFO - Setting next_dagrun for example_trigger_target_dag to None, run_after=None
[2024-12-29T00:29:15.010+0000] {processor.py:208} INFO - Processing /home/airflow/.local/lib/python3.12/site-packages/airflow/example_dags/example_trigger_target_dag.py took 0.105 seconds
[2024-12-29T00:29:45.101+0000] {processor.py:186} INFO - Started process (PID=1340) to work on /home/airflow/.local/lib/python3.12/site-packages/airflow/example_dags/example_trigger_target_dag.py
[2024-12-29T00:29:45.102+0000] {processor.py:914} INFO - Processing file /home/airflow/.local/lib/python3.12/site-packages/airflow/example_dags/example_trigger_target_dag.py for tasks to queue
[2024-12-29T00:29:45.106+0000] {logging_mixin.py:190} INFO - [2024-12-29T00:29:45.105+0000] {dagbag.py:588} INFO - Filling up the DagBag from /home/airflow/.local/lib/python3.12/site-packages/airflow/example_dags/example_trigger_target_dag.py
[2024-12-29T00:29:45.117+0000] {processor.py:925} INFO - DAG(s) 'example_trigger_target_dag' retrieved from /home/airflow/.local/lib/python3.12/site-packages/airflow/example_dags/example_trigger_target_dag.py
[2024-12-29T00:29:45.151+0000] {logging_mixin.py:190} INFO - [2024-12-29T00:29:45.150+0000] {dag.py:3239} INFO - Sync 1 DAGs
[2024-12-29T00:29:45.169+0000] {logging_mixin.py:190} INFO - [2024-12-29T00:29:45.169+0000] {dag.py:4180} INFO - Setting next_dagrun for example_trigger_target_dag to None, run_after=None
[2024-12-29T00:29:45.197+0000] {processor.py:208} INFO - Processing /home/airflow/.local/lib/python3.12/site-packages/airflow/example_dags/example_trigger_target_dag.py took 0.104 seconds
[2024-12-29T00:30:15.902+0000] {processor.py:186} INFO - Started process (PID=1405) to work on /home/airflow/.local/lib/python3.12/site-packages/airflow/example_dags/example_trigger_target_dag.py
[2024-12-29T00:30:15.904+0000] {processor.py:914} INFO - Processing file /home/airflow/.local/lib/python3.12/site-packages/airflow/example_dags/example_trigger_target_dag.py for tasks to queue
[2024-12-29T00:30:15.907+0000] {logging_mixin.py:190} INFO - [2024-12-29T00:30:15.906+0000] {dagbag.py:588} INFO - Filling up the DagBag from /home/airflow/.local/lib/python3.12/site-packages/airflow/example_dags/example_trigger_target_dag.py
[2024-12-29T00:30:15.917+0000] {processor.py:925} INFO - DAG(s) 'example_trigger_target_dag' retrieved from /home/airflow/.local/lib/python3.12/site-packages/airflow/example_dags/example_trigger_target_dag.py
[2024-12-29T00:30:15.946+0000] {logging_mixin.py:190} INFO - [2024-12-29T00:30:15.945+0000] {dag.py:3239} INFO - Sync 1 DAGs
[2024-12-29T00:30:15.965+0000] {logging_mixin.py:190} INFO - [2024-12-29T00:30:15.965+0000] {dag.py:4180} INFO - Setting next_dagrun for example_trigger_target_dag to None, run_after=None
[2024-12-29T00:30:15.995+0000] {processor.py:208} INFO - Processing /home/airflow/.local/lib/python3.12/site-packages/airflow/example_dags/example_trigger_target_dag.py took 0.100 seconds
[2024-12-29T00:30:47.058+0000] {processor.py:186} INFO - Started process (PID=1470) to work on /home/airflow/.local/lib/python3.12/site-packages/airflow/example_dags/example_trigger_target_dag.py
[2024-12-29T00:30:47.089+0000] {processor.py:914} INFO - Processing file /home/airflow/.local/lib/python3.12/site-packages/airflow/example_dags/example_trigger_target_dag.py for tasks to queue
[2024-12-29T00:30:47.091+0000] {logging_mixin.py:190} INFO - [2024-12-29T00:30:47.091+0000] {dagbag.py:588} INFO - Filling up the DagBag from /home/airflow/.local/lib/python3.12/site-packages/airflow/example_dags/example_trigger_target_dag.py
[2024-12-29T00:30:47.099+0000] {processor.py:925} INFO - DAG(s) 'example_trigger_target_dag' retrieved from /home/airflow/.local/lib/python3.12/site-packages/airflow/example_dags/example_trigger_target_dag.py
[2024-12-29T00:30:47.124+0000] {logging_mixin.py:190} INFO - [2024-12-29T00:30:47.124+0000] {dag.py:3239} INFO - Sync 1 DAGs
[2024-12-29T00:30:47.141+0000] {logging_mixin.py:190} INFO - [2024-12-29T00:30:47.141+0000] {dag.py:4180} INFO - Setting next_dagrun for example_trigger_target_dag to None, run_after=None
[2024-12-29T00:30:47.184+0000] {processor.py:208} INFO - Processing /home/airflow/.local/lib/python3.12/site-packages/airflow/example_dags/example_trigger_target_dag.py took 0.132 seconds
[2024-12-29T00:31:17.711+0000] {processor.py:186} INFO - Started process (PID=1536) to work on /home/airflow/.local/lib/python3.12/site-packages/airflow/example_dags/example_trigger_target_dag.py
[2024-12-29T00:31:17.713+0000] {processor.py:914} INFO - Processing file /home/airflow/.local/lib/python3.12/site-packages/airflow/example_dags/example_trigger_target_dag.py for tasks to queue
[2024-12-29T00:31:17.716+0000] {logging_mixin.py:190} INFO - [2024-12-29T00:31:17.715+0000] {dagbag.py:588} INFO - Filling up the DagBag from /home/airflow/.local/lib/python3.12/site-packages/airflow/example_dags/example_trigger_target_dag.py
[2024-12-29T00:31:17.724+0000] {processor.py:925} INFO - DAG(s) 'example_trigger_target_dag' retrieved from /home/airflow/.local/lib/python3.12/site-packages/airflow/example_dags/example_trigger_target_dag.py
[2024-12-29T00:31:17.750+0000] {logging_mixin.py:190} INFO - [2024-12-29T00:31:17.750+0000] {dag.py:3239} INFO - Sync 1 DAGs
[2024-12-29T00:31:17.769+0000] {logging_mixin.py:190} INFO - [2024-12-29T00:31:17.768+0000] {dag.py:4180} INFO - Setting next_dagrun for example_trigger_target_dag to None, run_after=None
[2024-12-29T00:31:17.803+0000] {processor.py:208} INFO - Processing /home/airflow/.local/lib/python3.12/site-packages/airflow/example_dags/example_trigger_target_dag.py took 0.098 seconds
[2024-12-29T00:31:48.003+0000] {processor.py:186} INFO - Started process (PID=1601) to work on /home/airflow/.local/lib/python3.12/site-packages/airflow/example_dags/example_trigger_target_dag.py
[2024-12-29T00:31:48.005+0000] {processor.py:914} INFO - Processing file /home/airflow/.local/lib/python3.12/site-packages/airflow/example_dags/example_trigger_target_dag.py for tasks to queue
[2024-12-29T00:31:48.008+0000] {logging_mixin.py:190} INFO - [2024-12-29T00:31:48.007+0000] {dagbag.py:588} INFO - Filling up the DagBag from /home/airflow/.local/lib/python3.12/site-packages/airflow/example_dags/example_trigger_target_dag.py
[2024-12-29T00:31:48.015+0000] {processor.py:925} INFO - DAG(s) 'example_trigger_target_dag' retrieved from /home/airflow/.local/lib/python3.12/site-packages/airflow/example_dags/example_trigger_target_dag.py
[2024-12-29T00:31:48.041+0000] {logging_mixin.py:190} INFO - [2024-12-29T00:31:48.041+0000] {dag.py:3239} INFO - Sync 1 DAGs
[2024-12-29T00:31:48.055+0000] {logging_mixin.py:190} INFO - [2024-12-29T00:31:48.055+0000] {dag.py:4180} INFO - Setting next_dagrun for example_trigger_target_dag to None, run_after=None
[2024-12-29T00:31:48.081+0000] {processor.py:208} INFO - Processing /home/airflow/.local/lib/python3.12/site-packages/airflow/example_dags/example_trigger_target_dag.py took 0.085 seconds
[2024-12-29T00:32:18.400+0000] {processor.py:186} INFO - Started process (PID=1666) to work on /home/airflow/.local/lib/python3.12/site-packages/airflow/example_dags/example_trigger_target_dag.py
[2024-12-29T00:32:18.402+0000] {processor.py:914} INFO - Processing file /home/airflow/.local/lib/python3.12/site-packages/airflow/example_dags/example_trigger_target_dag.py for tasks to queue
[2024-12-29T00:32:18.405+0000] {logging_mixin.py:190} INFO - [2024-12-29T00:32:18.404+0000] {dagbag.py:588} INFO - Filling up the DagBag from /home/airflow/.local/lib/python3.12/site-packages/airflow/example_dags/example_trigger_target_dag.py
[2024-12-29T00:32:18.413+0000] {processor.py:925} INFO - DAG(s) 'example_trigger_target_dag' retrieved from /home/airflow/.local/lib/python3.12/site-packages/airflow/example_dags/example_trigger_target_dag.py
[2024-12-29T00:32:18.438+0000] {logging_mixin.py:190} INFO - [2024-12-29T00:32:18.437+0000] {dag.py:3239} INFO - Sync 1 DAGs
[2024-12-29T00:32:18.454+0000] {logging_mixin.py:190} INFO - [2024-12-29T00:32:18.454+0000] {dag.py:4180} INFO - Setting next_dagrun for example_trigger_target_dag to None, run_after=None
[2024-12-29T00:32:18.478+0000] {processor.py:208} INFO - Processing /home/airflow/.local/lib/python3.12/site-packages/airflow/example_dags/example_trigger_target_dag.py took 0.084 seconds
[2024-12-29T00:32:48.910+0000] {processor.py:186} INFO - Started process (PID=1731) to work on /home/airflow/.local/lib/python3.12/site-packages/airflow/example_dags/example_trigger_target_dag.py
[2024-12-29T00:32:48.911+0000] {processor.py:914} INFO - Processing file /home/airflow/.local/lib/python3.12/site-packages/airflow/example_dags/example_trigger_target_dag.py for tasks to queue
[2024-12-29T00:32:48.914+0000] {logging_mixin.py:190} INFO - [2024-12-29T00:32:48.913+0000] {dagbag.py:588} INFO - Filling up the DagBag from /home/airflow/.local/lib/python3.12/site-packages/airflow/example_dags/example_trigger_target_dag.py
[2024-12-29T00:32:48.923+0000] {processor.py:925} INFO - DAG(s) 'example_trigger_target_dag' retrieved from /home/airflow/.local/lib/python3.12/site-packages/airflow/example_dags/example_trigger_target_dag.py
[2024-12-29T00:32:48.953+0000] {logging_mixin.py:190} INFO - [2024-12-29T00:32:48.953+0000] {dag.py:3239} INFO - Sync 1 DAGs
[2024-12-29T00:32:48.975+0000] {logging_mixin.py:190} INFO - [2024-12-29T00:32:48.974+0000] {dag.py:4180} INFO - Setting next_dagrun for example_trigger_target_dag to None, run_after=None
[2024-12-29T00:32:49.005+0000] {processor.py:208} INFO - Processing /home/airflow/.local/lib/python3.12/site-packages/airflow/example_dags/example_trigger_target_dag.py took 0.102 seconds
[2024-12-29T00:33:19.310+0000] {processor.py:186} INFO - Started process (PID=1796) to work on /home/airflow/.local/lib/python3.12/site-packages/airflow/example_dags/example_trigger_target_dag.py
[2024-12-29T00:33:19.312+0000] {processor.py:914} INFO - Processing file /home/airflow/.local/lib/python3.12/site-packages/airflow/example_dags/example_trigger_target_dag.py for tasks to queue
[2024-12-29T00:33:19.314+0000] {logging_mixin.py:190} INFO - [2024-12-29T00:33:19.314+0000] {dagbag.py:588} INFO - Filling up the DagBag from /home/airflow/.local/lib/python3.12/site-packages/airflow/example_dags/example_trigger_target_dag.py
[2024-12-29T00:33:19.322+0000] {processor.py:925} INFO - DAG(s) 'example_trigger_target_dag' retrieved from /home/airflow/.local/lib/python3.12/site-packages/airflow/example_dags/example_trigger_target_dag.py
[2024-12-29T00:33:19.348+0000] {logging_mixin.py:190} INFO - [2024-12-29T00:33:19.347+0000] {dag.py:3239} INFO - Sync 1 DAGs
[2024-12-29T00:33:19.364+0000] {logging_mixin.py:190} INFO - [2024-12-29T00:33:19.363+0000] {dag.py:4180} INFO - Setting next_dagrun for example_trigger_target_dag to None, run_after=None
[2024-12-29T00:33:19.390+0000] {processor.py:208} INFO - Processing /home/airflow/.local/lib/python3.12/site-packages/airflow/example_dags/example_trigger_target_dag.py took 0.086 seconds
[2024-12-29T00:33:49.495+0000] {processor.py:186} INFO - Started process (PID=1861) to work on /home/airflow/.local/lib/python3.12/site-packages/airflow/example_dags/example_trigger_target_dag.py
[2024-12-29T00:33:49.497+0000] {processor.py:914} INFO - Processing file /home/airflow/.local/lib/python3.12/site-packages/airflow/example_dags/example_trigger_target_dag.py for tasks to queue
[2024-12-29T00:33:49.500+0000] {logging_mixin.py:190} INFO - [2024-12-29T00:33:49.499+0000] {dagbag.py:588} INFO - Filling up the DagBag from /home/airflow/.local/lib/python3.12/site-packages/airflow/example_dags/example_trigger_target_dag.py
[2024-12-29T00:33:49.509+0000] {processor.py:925} INFO - DAG(s) 'example_trigger_target_dag' retrieved from /home/airflow/.local/lib/python3.12/site-packages/airflow/example_dags/example_trigger_target_dag.py
[2024-12-29T00:33:49.536+0000] {logging_mixin.py:190} INFO - [2024-12-29T00:33:49.535+0000] {dag.py:3239} INFO - Sync 1 DAGs
[2024-12-29T00:33:49.554+0000] {logging_mixin.py:190} INFO - [2024-12-29T00:33:49.553+0000] {dag.py:4180} INFO - Setting next_dagrun for example_trigger_target_dag to None, run_after=None
[2024-12-29T00:33:49.584+0000] {processor.py:208} INFO - Processing /home/airflow/.local/lib/python3.12/site-packages/airflow/example_dags/example_trigger_target_dag.py took 0.095 seconds
[2024-12-29T00:34:20.478+0000] {processor.py:186} INFO - Started process (PID=1926) to work on /home/airflow/.local/lib/python3.12/site-packages/airflow/example_dags/example_trigger_target_dag.py
[2024-12-29T00:34:20.480+0000] {processor.py:914} INFO - Processing file /home/airflow/.local/lib/python3.12/site-packages/airflow/example_dags/example_trigger_target_dag.py for tasks to queue
[2024-12-29T00:34:20.482+0000] {logging_mixin.py:190} INFO - [2024-12-29T00:34:20.482+0000] {dagbag.py:588} INFO - Filling up the DagBag from /home/airflow/.local/lib/python3.12/site-packages/airflow/example_dags/example_trigger_target_dag.py
[2024-12-29T00:34:20.490+0000] {processor.py:925} INFO - DAG(s) 'example_trigger_target_dag' retrieved from /home/airflow/.local/lib/python3.12/site-packages/airflow/example_dags/example_trigger_target_dag.py
[2024-12-29T00:34:20.516+0000] {logging_mixin.py:190} INFO - [2024-12-29T00:34:20.515+0000] {dag.py:3239} INFO - Sync 1 DAGs
[2024-12-29T00:34:20.533+0000] {logging_mixin.py:190} INFO - [2024-12-29T00:34:20.533+0000] {dag.py:4180} INFO - Setting next_dagrun for example_trigger_target_dag to None, run_after=None
[2024-12-29T00:34:20.557+0000] {processor.py:208} INFO - Processing /home/airflow/.local/lib/python3.12/site-packages/airflow/example_dags/example_trigger_target_dag.py took 0.085 seconds
[2024-12-29T00:34:51.059+0000] {processor.py:186} INFO - Started process (PID=1991) to work on /home/airflow/.local/lib/python3.12/site-packages/airflow/example_dags/example_trigger_target_dag.py
[2024-12-29T00:34:51.060+0000] {processor.py:914} INFO - Processing file /home/airflow/.local/lib/python3.12/site-packages/airflow/example_dags/example_trigger_target_dag.py for tasks to queue
[2024-12-29T00:34:51.063+0000] {logging_mixin.py:190} INFO - [2024-12-29T00:34:51.062+0000] {dagbag.py:588} INFO - Filling up the DagBag from /home/airflow/.local/lib/python3.12/site-packages/airflow/example_dags/example_trigger_target_dag.py
[2024-12-29T00:34:51.071+0000] {processor.py:925} INFO - DAG(s) 'example_trigger_target_dag' retrieved from /home/airflow/.local/lib/python3.12/site-packages/airflow/example_dags/example_trigger_target_dag.py
[2024-12-29T00:34:51.099+0000] {logging_mixin.py:190} INFO - [2024-12-29T00:34:51.099+0000] {dag.py:3239} INFO - Sync 1 DAGs
[2024-12-29T00:34:51.118+0000] {logging_mixin.py:190} INFO - [2024-12-29T00:34:51.117+0000] {dag.py:4180} INFO - Setting next_dagrun for example_trigger_target_dag to None, run_after=None
[2024-12-29T00:34:51.150+0000] {processor.py:208} INFO - Processing /home/airflow/.local/lib/python3.12/site-packages/airflow/example_dags/example_trigger_target_dag.py took 0.097 seconds
[2024-12-29T00:35:22.153+0000] {processor.py:186} INFO - Started process (PID=2056) to work on /home/airflow/.local/lib/python3.12/site-packages/airflow/example_dags/example_trigger_target_dag.py
[2024-12-29T00:35:22.154+0000] {processor.py:914} INFO - Processing file /home/airflow/.local/lib/python3.12/site-packages/airflow/example_dags/example_trigger_target_dag.py for tasks to queue
[2024-12-29T00:35:22.156+0000] {logging_mixin.py:190} INFO - [2024-12-29T00:35:22.156+0000] {dagbag.py:588} INFO - Filling up the DagBag from /home/airflow/.local/lib/python3.12/site-packages/airflow/example_dags/example_trigger_target_dag.py
[2024-12-29T00:35:22.164+0000] {processor.py:925} INFO - DAG(s) 'example_trigger_target_dag' retrieved from /home/airflow/.local/lib/python3.12/site-packages/airflow/example_dags/example_trigger_target_dag.py
[2024-12-29T00:35:22.188+0000] {logging_mixin.py:190} INFO - [2024-12-29T00:35:22.188+0000] {dag.py:3239} INFO - Sync 1 DAGs
[2024-12-29T00:35:22.203+0000] {logging_mixin.py:190} INFO - [2024-12-29T00:35:22.203+0000] {dag.py:4180} INFO - Setting next_dagrun for example_trigger_target_dag to None, run_after=None
[2024-12-29T00:35:22.228+0000] {processor.py:208} INFO - Processing /home/airflow/.local/lib/python3.12/site-packages/airflow/example_dags/example_trigger_target_dag.py took 0.081 seconds
[2024-12-29T00:35:52.945+0000] {processor.py:186} INFO - Started process (PID=2121) to work on /home/airflow/.local/lib/python3.12/site-packages/airflow/example_dags/example_trigger_target_dag.py
[2024-12-29T00:35:52.955+0000] {processor.py:914} INFO - Processing file /home/airflow/.local/lib/python3.12/site-packages/airflow/example_dags/example_trigger_target_dag.py for tasks to queue
[2024-12-29T00:35:52.959+0000] {logging_mixin.py:190} INFO - [2024-12-29T00:35:52.959+0000] {dagbag.py:588} INFO - Filling up the DagBag from /home/airflow/.local/lib/python3.12/site-packages/airflow/example_dags/example_trigger_target_dag.py
[2024-12-29T00:35:52.970+0000] {processor.py:925} INFO - DAG(s) 'example_trigger_target_dag' retrieved from /home/airflow/.local/lib/python3.12/site-packages/airflow/example_dags/example_trigger_target_dag.py
[2024-12-29T00:35:53.018+0000] {logging_mixin.py:190} INFO - [2024-12-29T00:35:53.018+0000] {dag.py:3239} INFO - Sync 1 DAGs
[2024-12-29T00:35:53.050+0000] {logging_mixin.py:190} INFO - [2024-12-29T00:35:53.049+0000] {dag.py:4180} INFO - Setting next_dagrun for example_trigger_target_dag to None, run_after=None
[2024-12-29T00:35:53.090+0000] {processor.py:208} INFO - Processing /home/airflow/.local/lib/python3.12/site-packages/airflow/example_dags/example_trigger_target_dag.py took 0.152 seconds
[2024-12-29T00:36:23.406+0000] {processor.py:186} INFO - Started process (PID=2186) to work on /home/airflow/.local/lib/python3.12/site-packages/airflow/example_dags/example_trigger_target_dag.py
[2024-12-29T00:36:23.408+0000] {processor.py:914} INFO - Processing file /home/airflow/.local/lib/python3.12/site-packages/airflow/example_dags/example_trigger_target_dag.py for tasks to queue
[2024-12-29T00:36:23.410+0000] {logging_mixin.py:190} INFO - [2024-12-29T00:36:23.410+0000] {dagbag.py:588} INFO - Filling up the DagBag from /home/airflow/.local/lib/python3.12/site-packages/airflow/example_dags/example_trigger_target_dag.py
[2024-12-29T00:36:23.417+0000] {processor.py:925} INFO - DAG(s) 'example_trigger_target_dag' retrieved from /home/airflow/.local/lib/python3.12/site-packages/airflow/example_dags/example_trigger_target_dag.py
[2024-12-29T00:36:23.440+0000] {logging_mixin.py:190} INFO - [2024-12-29T00:36:23.440+0000] {dag.py:3239} INFO - Sync 1 DAGs
[2024-12-29T00:36:23.456+0000] {logging_mixin.py:190} INFO - [2024-12-29T00:36:23.455+0000] {dag.py:4180} INFO - Setting next_dagrun for example_trigger_target_dag to None, run_after=None
[2024-12-29T00:36:23.483+0000] {processor.py:208} INFO - Processing /home/airflow/.local/lib/python3.12/site-packages/airflow/example_dags/example_trigger_target_dag.py took 0.082 seconds
[2024-12-29T00:36:54.341+0000] {processor.py:186} INFO - Started process (PID=2252) to work on /home/airflow/.local/lib/python3.12/site-packages/airflow/example_dags/example_trigger_target_dag.py
[2024-12-29T00:36:54.343+0000] {processor.py:914} INFO - Processing file /home/airflow/.local/lib/python3.12/site-packages/airflow/example_dags/example_trigger_target_dag.py for tasks to queue
[2024-12-29T00:36:54.346+0000] {logging_mixin.py:190} INFO - [2024-12-29T00:36:54.346+0000] {dagbag.py:588} INFO - Filling up the DagBag from /home/airflow/.local/lib/python3.12/site-packages/airflow/example_dags/example_trigger_target_dag.py
[2024-12-29T00:36:54.355+0000] {processor.py:925} INFO - DAG(s) 'example_trigger_target_dag' retrieved from /home/airflow/.local/lib/python3.12/site-packages/airflow/example_dags/example_trigger_target_dag.py
[2024-12-29T00:36:54.384+0000] {logging_mixin.py:190} INFO - [2024-12-29T00:36:54.383+0000] {dag.py:3239} INFO - Sync 1 DAGs
[2024-12-29T00:36:54.402+0000] {logging_mixin.py:190} INFO - [2024-12-29T00:36:54.402+0000] {dag.py:4180} INFO - Setting next_dagrun for example_trigger_target_dag to None, run_after=None
[2024-12-29T00:36:54.436+0000] {processor.py:208} INFO - Processing /home/airflow/.local/lib/python3.12/site-packages/airflow/example_dags/example_trigger_target_dag.py took 0.101 seconds
[2024-12-29T00:37:24.891+0000] {processor.py:186} INFO - Started process (PID=2317) to work on /home/airflow/.local/lib/python3.12/site-packages/airflow/example_dags/example_trigger_target_dag.py
[2024-12-29T00:37:24.893+0000] {processor.py:914} INFO - Processing file /home/airflow/.local/lib/python3.12/site-packages/airflow/example_dags/example_trigger_target_dag.py for tasks to queue
[2024-12-29T00:37:24.895+0000] {logging_mixin.py:190} INFO - [2024-12-29T00:37:24.895+0000] {dagbag.py:588} INFO - Filling up the DagBag from /home/airflow/.local/lib/python3.12/site-packages/airflow/example_dags/example_trigger_target_dag.py
[2024-12-29T00:37:24.902+0000] {processor.py:925} INFO - DAG(s) 'example_trigger_target_dag' retrieved from /home/airflow/.local/lib/python3.12/site-packages/airflow/example_dags/example_trigger_target_dag.py
[2024-12-29T00:37:24.925+0000] {logging_mixin.py:190} INFO - [2024-12-29T00:37:24.925+0000] {dag.py:3239} INFO - Sync 1 DAGs
[2024-12-29T00:37:24.941+0000] {logging_mixin.py:190} INFO - [2024-12-29T00:37:24.940+0000] {dag.py:4180} INFO - Setting next_dagrun for example_trigger_target_dag to None, run_after=None
[2024-12-29T00:37:24.966+0000] {processor.py:208} INFO - Processing /home/airflow/.local/lib/python3.12/site-packages/airflow/example_dags/example_trigger_target_dag.py took 0.080 seconds
[2024-12-29T00:37:55.593+0000] {processor.py:186} INFO - Started process (PID=2382) to work on /home/airflow/.local/lib/python3.12/site-packages/airflow/example_dags/example_trigger_target_dag.py
[2024-12-29T00:37:55.595+0000] {processor.py:914} INFO - Processing file /home/airflow/.local/lib/python3.12/site-packages/airflow/example_dags/example_trigger_target_dag.py for tasks to queue
[2024-12-29T00:37:55.598+0000] {logging_mixin.py:190} INFO - [2024-12-29T00:37:55.597+0000] {dagbag.py:588} INFO - Filling up the DagBag from /home/airflow/.local/lib/python3.12/site-packages/airflow/example_dags/example_trigger_target_dag.py
[2024-12-29T00:37:55.606+0000] {processor.py:925} INFO - DAG(s) 'example_trigger_target_dag' retrieved from /home/airflow/.local/lib/python3.12/site-packages/airflow/example_dags/example_trigger_target_dag.py
[2024-12-29T00:37:55.635+0000] {logging_mixin.py:190} INFO - [2024-12-29T00:37:55.634+0000] {dag.py:3239} INFO - Sync 1 DAGs
[2024-12-29T00:37:55.654+0000] {logging_mixin.py:190} INFO - [2024-12-29T00:37:55.653+0000] {dag.py:4180} INFO - Setting next_dagrun for example_trigger_target_dag to None, run_after=None
[2024-12-29T00:37:55.683+0000] {processor.py:208} INFO - Processing /home/airflow/.local/lib/python3.12/site-packages/airflow/example_dags/example_trigger_target_dag.py took 0.097 seconds
