[2024-12-29T00:03:40.451+0000] {processor.py:186} INFO - Started process (PID=80) to work on /home/airflow/.local/lib/python3.12/site-packages/airflow/example_dags/example_xcomargs.py
[2024-12-29T00:03:40.453+0000] {processor.py:914} INFO - Processing file /home/airflow/.local/lib/python3.12/site-packages/airflow/example_dags/example_xcomargs.py for tasks to queue
[2024-12-29T00:03:40.462+0000] {logging_mixin.py:190} INFO - [2024-12-29T00:03:40.462+0000] {dagbag.py:588} INFO - Filling up the DagBag from /home/airflow/.local/lib/python3.12/site-packages/airflow/example_dags/example_xcomargs.py
[2024-12-29T00:03:40.504+0000] {processor.py:925} INFO - DAG(s) 'example_xcom_args', 'example_xcom_args_with_operators' retrieved from /home/airflow/.local/lib/python3.12/site-packages/airflow/example_dags/example_xcomargs.py
[2024-12-29T00:03:40.864+0000] {logging_mixin.py:190} INFO - [2024-12-29T00:03:40.862+0000] {override.py:1911} INFO - Created Permission View: can read on DAG:example_xcom_args
[2024-12-29T00:03:40.895+0000] {logging_mixin.py:190} INFO - [2024-12-29T00:03:40.894+0000] {override.py:1911} INFO - Created Permission View: can edit on DAG:example_xcom_args
[2024-12-29T00:03:40.919+0000] {logging_mixin.py:190} INFO - [2024-12-29T00:03:40.919+0000] {override.py:1911} INFO - Created Permission View: can delete on DAG:example_xcom_args
[2024-12-29T00:03:40.939+0000] {logging_mixin.py:190} INFO - [2024-12-29T00:03:40.938+0000] {override.py:1911} INFO - Created Permission View: can create on DAG Run:example_xcom_args
[2024-12-29T00:03:40.959+0000] {logging_mixin.py:190} INFO - [2024-12-29T00:03:40.958+0000] {override.py:1911} INFO - Created Permission View: can read on DAG Run:example_xcom_args
[2024-12-29T00:03:40.979+0000] {logging_mixin.py:190} INFO - [2024-12-29T00:03:40.979+0000] {override.py:1911} INFO - Created Permission View: can delete on DAG Run:example_xcom_args
[2024-12-29T00:03:40.999+0000] {logging_mixin.py:190} INFO - [2024-12-29T00:03:40.999+0000] {override.py:1911} INFO - Created Permission View: menu access on DAG Run:example_xcom_args
[2024-12-29T00:03:41.034+0000] {logging_mixin.py:190} INFO - [2024-12-29T00:03:41.033+0000] {override.py:1911} INFO - Created Permission View: can read on DAG:example_xcom_args_with_operators
[2024-12-29T00:03:41.050+0000] {logging_mixin.py:190} INFO - [2024-12-29T00:03:41.049+0000] {override.py:1911} INFO - Created Permission View: can edit on DAG:example_xcom_args_with_operators
[2024-12-29T00:03:41.068+0000] {logging_mixin.py:190} INFO - [2024-12-29T00:03:41.067+0000] {override.py:1911} INFO - Created Permission View: can delete on DAG:example_xcom_args_with_operators
[2024-12-29T00:03:41.086+0000] {logging_mixin.py:190} INFO - [2024-12-29T00:03:41.085+0000] {override.py:1911} INFO - Created Permission View: can create on DAG Run:example_xcom_args_with_operators
[2024-12-29T00:03:41.105+0000] {logging_mixin.py:190} INFO - [2024-12-29T00:03:41.105+0000] {override.py:1911} INFO - Created Permission View: can read on DAG Run:example_xcom_args_with_operators
[2024-12-29T00:03:41.125+0000] {logging_mixin.py:190} INFO - [2024-12-29T00:03:41.124+0000] {override.py:1911} INFO - Created Permission View: can delete on DAG Run:example_xcom_args_with_operators
[2024-12-29T00:03:41.143+0000] {logging_mixin.py:190} INFO - [2024-12-29T00:03:41.143+0000] {override.py:1911} INFO - Created Permission View: menu access on DAG Run:example_xcom_args_with_operators
[2024-12-29T00:03:41.144+0000] {logging_mixin.py:190} INFO - [2024-12-29T00:03:41.144+0000] {dag.py:3239} INFO - Sync 2 DAGs
[2024-12-29T00:03:41.183+0000] {logging_mixin.py:190} INFO - [2024-12-29T00:03:41.183+0000] {dag.py:3262} INFO - Creating ORM DAG for example_xcom_args
[2024-12-29T00:03:41.185+0000] {logging_mixin.py:190} INFO - [2024-12-29T00:03:41.185+0000] {dag.py:3262} INFO - Creating ORM DAG for example_xcom_args_with_operators
[2024-12-29T00:03:41.186+0000] {logging_mixin.py:190} INFO - [2024-12-29T00:03:41.186+0000] {dag.py:4180} INFO - Setting next_dagrun for example_xcom_args to None, run_after=None
[2024-12-29T00:03:41.189+0000] {logging_mixin.py:190} INFO - [2024-12-29T00:03:41.188+0000] {dag.py:4180} INFO - Setting next_dagrun for example_xcom_args_with_operators to None, run_after=None
[2024-12-29T00:03:41.248+0000] {processor.py:208} INFO - Processing /home/airflow/.local/lib/python3.12/site-packages/airflow/example_dags/example_xcomargs.py took 0.810 seconds
[2024-12-29T00:04:11.952+0000] {processor.py:186} INFO - Started process (PID=144) to work on /home/airflow/.local/lib/python3.12/site-packages/airflow/example_dags/example_xcomargs.py
[2024-12-29T00:04:11.953+0000] {processor.py:914} INFO - Processing file /home/airflow/.local/lib/python3.12/site-packages/airflow/example_dags/example_xcomargs.py for tasks to queue
[2024-12-29T00:04:11.956+0000] {logging_mixin.py:190} INFO - [2024-12-29T00:04:11.956+0000] {dagbag.py:588} INFO - Filling up the DagBag from /home/airflow/.local/lib/python3.12/site-packages/airflow/example_dags/example_xcomargs.py
[2024-12-29T00:04:11.972+0000] {processor.py:925} INFO - DAG(s) 'example_xcom_args', 'example_xcom_args_with_operators' retrieved from /home/airflow/.local/lib/python3.12/site-packages/airflow/example_dags/example_xcomargs.py
[2024-12-29T00:04:12.009+0000] {logging_mixin.py:190} INFO - [2024-12-29T00:04:12.009+0000] {dag.py:3239} INFO - Sync 2 DAGs
[2024-12-29T00:04:12.026+0000] {logging_mixin.py:190} INFO - [2024-12-29T00:04:12.026+0000] {dag.py:4180} INFO - Setting next_dagrun for example_xcom_args to None, run_after=None
[2024-12-29T00:04:12.032+0000] {logging_mixin.py:190} INFO - [2024-12-29T00:04:12.032+0000] {dag.py:4180} INFO - Setting next_dagrun for example_xcom_args_with_operators to None, run_after=None
[2024-12-29T00:04:12.059+0000] {processor.py:208} INFO - Processing /home/airflow/.local/lib/python3.12/site-packages/airflow/example_dags/example_xcomargs.py took 0.115 seconds
[2024-12-29T00:04:42.993+0000] {processor.py:186} INFO - Started process (PID=214) to work on /home/airflow/.local/lib/python3.12/site-packages/airflow/example_dags/example_xcomargs.py
[2024-12-29T00:04:42.994+0000] {processor.py:914} INFO - Processing file /home/airflow/.local/lib/python3.12/site-packages/airflow/example_dags/example_xcomargs.py for tasks to queue
[2024-12-29T00:04:42.997+0000] {logging_mixin.py:190} INFO - [2024-12-29T00:04:42.996+0000] {dagbag.py:588} INFO - Filling up the DagBag from /home/airflow/.local/lib/python3.12/site-packages/airflow/example_dags/example_xcomargs.py
[2024-12-29T00:04:43.008+0000] {processor.py:925} INFO - DAG(s) 'example_xcom_args', 'example_xcom_args_with_operators' retrieved from /home/airflow/.local/lib/python3.12/site-packages/airflow/example_dags/example_xcomargs.py
[2024-12-29T00:04:43.040+0000] {logging_mixin.py:190} INFO - [2024-12-29T00:04:43.040+0000] {dag.py:3239} INFO - Sync 2 DAGs
[2024-12-29T00:04:43.057+0000] {logging_mixin.py:190} INFO - [2024-12-29T00:04:43.057+0000] {dag.py:4180} INFO - Setting next_dagrun for example_xcom_args to None, run_after=None
[2024-12-29T00:04:43.062+0000] {logging_mixin.py:190} INFO - [2024-12-29T00:04:43.062+0000] {dag.py:4180} INFO - Setting next_dagrun for example_xcom_args_with_operators to None, run_after=None
[2024-12-29T00:04:43.085+0000] {processor.py:208} INFO - Processing /home/airflow/.local/lib/python3.12/site-packages/airflow/example_dags/example_xcomargs.py took 0.098 seconds
[2024-12-29T00:05:13.424+0000] {processor.py:186} INFO - Started process (PID=278) to work on /home/airflow/.local/lib/python3.12/site-packages/airflow/example_dags/example_xcomargs.py
[2024-12-29T00:05:13.426+0000] {processor.py:914} INFO - Processing file /home/airflow/.local/lib/python3.12/site-packages/airflow/example_dags/example_xcomargs.py for tasks to queue
[2024-12-29T00:05:13.429+0000] {logging_mixin.py:190} INFO - [2024-12-29T00:05:13.429+0000] {dagbag.py:588} INFO - Filling up the DagBag from /home/airflow/.local/lib/python3.12/site-packages/airflow/example_dags/example_xcomargs.py
[2024-12-29T00:05:13.442+0000] {processor.py:925} INFO - DAG(s) 'example_xcom_args', 'example_xcom_args_with_operators' retrieved from /home/airflow/.local/lib/python3.12/site-packages/airflow/example_dags/example_xcomargs.py
[2024-12-29T00:05:13.471+0000] {logging_mixin.py:190} INFO - [2024-12-29T00:05:13.471+0000] {dag.py:3239} INFO - Sync 2 DAGs
[2024-12-29T00:05:13.489+0000] {logging_mixin.py:190} INFO - [2024-12-29T00:05:13.489+0000] {dag.py:4180} INFO - Setting next_dagrun for example_xcom_args to None, run_after=None
[2024-12-29T00:05:13.495+0000] {logging_mixin.py:190} INFO - [2024-12-29T00:05:13.494+0000] {dag.py:4180} INFO - Setting next_dagrun for example_xcom_args_with_operators to None, run_after=None
[2024-12-29T00:05:13.520+0000] {processor.py:208} INFO - Processing /home/airflow/.local/lib/python3.12/site-packages/airflow/example_dags/example_xcomargs.py took 0.102 seconds
[2024-12-29T00:05:43.659+0000] {processor.py:186} INFO - Started process (PID=342) to work on /home/airflow/.local/lib/python3.12/site-packages/airflow/example_dags/example_xcomargs.py
[2024-12-29T00:05:43.661+0000] {processor.py:914} INFO - Processing file /home/airflow/.local/lib/python3.12/site-packages/airflow/example_dags/example_xcomargs.py for tasks to queue
[2024-12-29T00:05:43.664+0000] {logging_mixin.py:190} INFO - [2024-12-29T00:05:43.664+0000] {dagbag.py:588} INFO - Filling up the DagBag from /home/airflow/.local/lib/python3.12/site-packages/airflow/example_dags/example_xcomargs.py
[2024-12-29T00:05:43.680+0000] {processor.py:925} INFO - DAG(s) 'example_xcom_args_with_operators', 'example_xcom_args' retrieved from /home/airflow/.local/lib/python3.12/site-packages/airflow/example_dags/example_xcomargs.py
[2024-12-29T00:05:43.714+0000] {logging_mixin.py:190} INFO - [2024-12-29T00:05:43.713+0000] {dag.py:3239} INFO - Sync 2 DAGs
[2024-12-29T00:05:43.735+0000] {logging_mixin.py:190} INFO - [2024-12-29T00:05:43.735+0000] {dag.py:4180} INFO - Setting next_dagrun for example_xcom_args to None, run_after=None
[2024-12-29T00:05:43.742+0000] {logging_mixin.py:190} INFO - [2024-12-29T00:05:43.741+0000] {dag.py:4180} INFO - Setting next_dagrun for example_xcom_args_with_operators to None, run_after=None
[2024-12-29T00:05:43.775+0000] {processor.py:208} INFO - Processing /home/airflow/.local/lib/python3.12/site-packages/airflow/example_dags/example_xcomargs.py took 0.124 seconds
[2024-12-29T00:06:14.368+0000] {processor.py:186} INFO - Started process (PID=406) to work on /home/airflow/.local/lib/python3.12/site-packages/airflow/example_dags/example_xcomargs.py
[2024-12-29T00:06:14.370+0000] {processor.py:914} INFO - Processing file /home/airflow/.local/lib/python3.12/site-packages/airflow/example_dags/example_xcomargs.py for tasks to queue
[2024-12-29T00:06:14.373+0000] {logging_mixin.py:190} INFO - [2024-12-29T00:06:14.372+0000] {dagbag.py:588} INFO - Filling up the DagBag from /home/airflow/.local/lib/python3.12/site-packages/airflow/example_dags/example_xcomargs.py
[2024-12-29T00:06:14.385+0000] {processor.py:925} INFO - DAG(s) 'example_xcom_args_with_operators', 'example_xcom_args' retrieved from /home/airflow/.local/lib/python3.12/site-packages/airflow/example_dags/example_xcomargs.py
[2024-12-29T00:06:14.421+0000] {logging_mixin.py:190} INFO - [2024-12-29T00:06:14.421+0000] {dag.py:3239} INFO - Sync 2 DAGs
[2024-12-29T00:06:14.442+0000] {logging_mixin.py:190} INFO - [2024-12-29T00:06:14.442+0000] {dag.py:4180} INFO - Setting next_dagrun for example_xcom_args to None, run_after=None
[2024-12-29T00:06:14.448+0000] {logging_mixin.py:190} INFO - [2024-12-29T00:06:14.448+0000] {dag.py:4180} INFO - Setting next_dagrun for example_xcom_args_with_operators to None, run_after=None
[2024-12-29T00:06:14.477+0000] {processor.py:208} INFO - Processing /home/airflow/.local/lib/python3.12/site-packages/airflow/example_dags/example_xcomargs.py took 0.118 seconds
[2024-12-29T00:06:45.301+0000] {processor.py:186} INFO - Started process (PID=470) to work on /home/airflow/.local/lib/python3.12/site-packages/airflow/example_dags/example_xcomargs.py
[2024-12-29T00:06:45.302+0000] {processor.py:914} INFO - Processing file /home/airflow/.local/lib/python3.12/site-packages/airflow/example_dags/example_xcomargs.py for tasks to queue
[2024-12-29T00:06:45.305+0000] {logging_mixin.py:190} INFO - [2024-12-29T00:06:45.304+0000] {dagbag.py:588} INFO - Filling up the DagBag from /home/airflow/.local/lib/python3.12/site-packages/airflow/example_dags/example_xcomargs.py
[2024-12-29T00:06:45.317+0000] {processor.py:925} INFO - DAG(s) 'example_xcom_args_with_operators', 'example_xcom_args' retrieved from /home/airflow/.local/lib/python3.12/site-packages/airflow/example_dags/example_xcomargs.py
[2024-12-29T00:06:45.351+0000] {logging_mixin.py:190} INFO - [2024-12-29T00:06:45.351+0000] {dag.py:3239} INFO - Sync 2 DAGs
[2024-12-29T00:06:45.369+0000] {logging_mixin.py:190} INFO - [2024-12-29T00:06:45.369+0000] {dag.py:4180} INFO - Setting next_dagrun for example_xcom_args to None, run_after=None
[2024-12-29T00:06:45.374+0000] {logging_mixin.py:190} INFO - [2024-12-29T00:06:45.374+0000] {dag.py:4180} INFO - Setting next_dagrun for example_xcom_args_with_operators to None, run_after=None
[2024-12-29T00:06:45.397+0000] {processor.py:208} INFO - Processing /home/airflow/.local/lib/python3.12/site-packages/airflow/example_dags/example_xcomargs.py took 0.103 seconds
[2024-12-29T00:07:16.282+0000] {processor.py:186} INFO - Started process (PID=534) to work on /home/airflow/.local/lib/python3.12/site-packages/airflow/example_dags/example_xcomargs.py
[2024-12-29T00:07:16.283+0000] {processor.py:914} INFO - Processing file /home/airflow/.local/lib/python3.12/site-packages/airflow/example_dags/example_xcomargs.py for tasks to queue
[2024-12-29T00:07:16.285+0000] {logging_mixin.py:190} INFO - [2024-12-29T00:07:16.285+0000] {dagbag.py:588} INFO - Filling up the DagBag from /home/airflow/.local/lib/python3.12/site-packages/airflow/example_dags/example_xcomargs.py
[2024-12-29T00:07:16.294+0000] {processor.py:925} INFO - DAG(s) 'example_xcom_args_with_operators', 'example_xcom_args' retrieved from /home/airflow/.local/lib/python3.12/site-packages/airflow/example_dags/example_xcomargs.py
[2024-12-29T00:07:16.321+0000] {logging_mixin.py:190} INFO - [2024-12-29T00:07:16.321+0000] {dag.py:3239} INFO - Sync 2 DAGs
[2024-12-29T00:07:16.337+0000] {logging_mixin.py:190} INFO - [2024-12-29T00:07:16.337+0000] {dag.py:4180} INFO - Setting next_dagrun for example_xcom_args to None, run_after=None
[2024-12-29T00:07:16.341+0000] {logging_mixin.py:190} INFO - [2024-12-29T00:07:16.341+0000] {dag.py:4180} INFO - Setting next_dagrun for example_xcom_args_with_operators to None, run_after=None
[2024-12-29T00:07:16.363+0000] {processor.py:208} INFO - Processing /home/airflow/.local/lib/python3.12/site-packages/airflow/example_dags/example_xcomargs.py took 0.087 seconds
[2024-12-29T00:07:46.899+0000] {processor.py:186} INFO - Started process (PID=598) to work on /home/airflow/.local/lib/python3.12/site-packages/airflow/example_dags/example_xcomargs.py
[2024-12-29T00:07:46.902+0000] {processor.py:914} INFO - Processing file /home/airflow/.local/lib/python3.12/site-packages/airflow/example_dags/example_xcomargs.py for tasks to queue
[2024-12-29T00:07:46.905+0000] {logging_mixin.py:190} INFO - [2024-12-29T00:07:46.904+0000] {dagbag.py:588} INFO - Filling up the DagBag from /home/airflow/.local/lib/python3.12/site-packages/airflow/example_dags/example_xcomargs.py
[2024-12-29T00:07:46.913+0000] {processor.py:925} INFO - DAG(s) 'example_xcom_args_with_operators', 'example_xcom_args' retrieved from /home/airflow/.local/lib/python3.12/site-packages/airflow/example_dags/example_xcomargs.py
[2024-12-29T00:07:46.939+0000] {logging_mixin.py:190} INFO - [2024-12-29T00:07:46.938+0000] {dag.py:3239} INFO - Sync 2 DAGs
[2024-12-29T00:07:46.953+0000] {logging_mixin.py:190} INFO - [2024-12-29T00:07:46.953+0000] {dag.py:4180} INFO - Setting next_dagrun for example_xcom_args to None, run_after=None
[2024-12-29T00:07:46.957+0000] {logging_mixin.py:190} INFO - [2024-12-29T00:07:46.957+0000] {dag.py:4180} INFO - Setting next_dagrun for example_xcom_args_with_operators to None, run_after=None
[2024-12-29T00:07:46.980+0000] {processor.py:208} INFO - Processing /home/airflow/.local/lib/python3.12/site-packages/airflow/example_dags/example_xcomargs.py took 0.086 seconds
[2024-12-29T00:08:17.051+0000] {processor.py:186} INFO - Started process (PID=661) to work on /home/airflow/.local/lib/python3.12/site-packages/airflow/example_dags/example_xcomargs.py
[2024-12-29T00:08:17.053+0000] {processor.py:914} INFO - Processing file /home/airflow/.local/lib/python3.12/site-packages/airflow/example_dags/example_xcomargs.py for tasks to queue
[2024-12-29T00:08:17.056+0000] {logging_mixin.py:190} INFO - [2024-12-29T00:08:17.056+0000] {dagbag.py:588} INFO - Filling up the DagBag from /home/airflow/.local/lib/python3.12/site-packages/airflow/example_dags/example_xcomargs.py
[2024-12-29T00:08:17.069+0000] {processor.py:925} INFO - DAG(s) 'example_xcom_args_with_operators', 'example_xcom_args' retrieved from /home/airflow/.local/lib/python3.12/site-packages/airflow/example_dags/example_xcomargs.py
[2024-12-29T00:08:17.102+0000] {logging_mixin.py:190} INFO - [2024-12-29T00:08:17.102+0000] {dag.py:3239} INFO - Sync 2 DAGs
[2024-12-29T00:08:17.120+0000] {logging_mixin.py:190} INFO - [2024-12-29T00:08:17.120+0000] {dag.py:4180} INFO - Setting next_dagrun for example_xcom_args to None, run_after=None
[2024-12-29T00:08:17.125+0000] {logging_mixin.py:190} INFO - [2024-12-29T00:08:17.125+0000] {dag.py:4180} INFO - Setting next_dagrun for example_xcom_args_with_operators to None, run_after=None
[2024-12-29T00:08:17.149+0000] {processor.py:208} INFO - Processing /home/airflow/.local/lib/python3.12/site-packages/airflow/example_dags/example_xcomargs.py took 0.104 seconds
[2024-12-29T00:08:47.319+0000] {processor.py:186} INFO - Started process (PID=725) to work on /home/airflow/.local/lib/python3.12/site-packages/airflow/example_dags/example_xcomargs.py
[2024-12-29T00:08:47.321+0000] {processor.py:914} INFO - Processing file /home/airflow/.local/lib/python3.12/site-packages/airflow/example_dags/example_xcomargs.py for tasks to queue
[2024-12-29T00:08:47.324+0000] {logging_mixin.py:190} INFO - [2024-12-29T00:08:47.324+0000] {dagbag.py:588} INFO - Filling up the DagBag from /home/airflow/.local/lib/python3.12/site-packages/airflow/example_dags/example_xcomargs.py
[2024-12-29T00:08:47.334+0000] {processor.py:925} INFO - DAG(s) 'example_xcom_args', 'example_xcom_args_with_operators' retrieved from /home/airflow/.local/lib/python3.12/site-packages/airflow/example_dags/example_xcomargs.py
[2024-12-29T00:08:47.363+0000] {logging_mixin.py:190} INFO - [2024-12-29T00:08:47.363+0000] {dag.py:3239} INFO - Sync 2 DAGs
[2024-12-29T00:08:47.379+0000] {logging_mixin.py:190} INFO - [2024-12-29T00:08:47.378+0000] {dag.py:4180} INFO - Setting next_dagrun for example_xcom_args to None, run_after=None
[2024-12-29T00:08:47.384+0000] {logging_mixin.py:190} INFO - [2024-12-29T00:08:47.383+0000] {dag.py:4180} INFO - Setting next_dagrun for example_xcom_args_with_operators to None, run_after=None
[2024-12-29T00:08:47.412+0000] {processor.py:208} INFO - Processing /home/airflow/.local/lib/python3.12/site-packages/airflow/example_dags/example_xcomargs.py took 0.098 seconds
[2024-12-29T00:09:17.563+0000] {processor.py:186} INFO - Started process (PID=788) to work on /home/airflow/.local/lib/python3.12/site-packages/airflow/example_dags/example_xcomargs.py
[2024-12-29T00:09:17.564+0000] {processor.py:914} INFO - Processing file /home/airflow/.local/lib/python3.12/site-packages/airflow/example_dags/example_xcomargs.py for tasks to queue
[2024-12-29T00:09:17.566+0000] {logging_mixin.py:190} INFO - [2024-12-29T00:09:17.566+0000] {dagbag.py:588} INFO - Filling up the DagBag from /home/airflow/.local/lib/python3.12/site-packages/airflow/example_dags/example_xcomargs.py
[2024-12-29T00:09:17.577+0000] {processor.py:925} INFO - DAG(s) 'example_xcom_args_with_operators', 'example_xcom_args' retrieved from /home/airflow/.local/lib/python3.12/site-packages/airflow/example_dags/example_xcomargs.py
[2024-12-29T00:09:17.607+0000] {logging_mixin.py:190} INFO - [2024-12-29T00:09:17.607+0000] {dag.py:3239} INFO - Sync 2 DAGs
[2024-12-29T00:09:17.626+0000] {logging_mixin.py:190} INFO - [2024-12-29T00:09:17.625+0000] {dag.py:4180} INFO - Setting next_dagrun for example_xcom_args to None, run_after=None
[2024-12-29T00:09:17.630+0000] {logging_mixin.py:190} INFO - [2024-12-29T00:09:17.630+0000] {dag.py:4180} INFO - Setting next_dagrun for example_xcom_args_with_operators to None, run_after=None
[2024-12-29T00:09:17.655+0000] {processor.py:208} INFO - Processing /home/airflow/.local/lib/python3.12/site-packages/airflow/example_dags/example_xcomargs.py took 0.098 seconds
[2024-12-29T00:09:47.855+0000] {processor.py:186} INFO - Started process (PID=852) to work on /home/airflow/.local/lib/python3.12/site-packages/airflow/example_dags/example_xcomargs.py
[2024-12-29T00:09:47.856+0000] {processor.py:914} INFO - Processing file /home/airflow/.local/lib/python3.12/site-packages/airflow/example_dags/example_xcomargs.py for tasks to queue
[2024-12-29T00:09:47.859+0000] {logging_mixin.py:190} INFO - [2024-12-29T00:09:47.858+0000] {dagbag.py:588} INFO - Filling up the DagBag from /home/airflow/.local/lib/python3.12/site-packages/airflow/example_dags/example_xcomargs.py
[2024-12-29T00:09:47.870+0000] {processor.py:925} INFO - DAG(s) 'example_xcom_args_with_operators', 'example_xcom_args' retrieved from /home/airflow/.local/lib/python3.12/site-packages/airflow/example_dags/example_xcomargs.py
[2024-12-29T00:09:47.897+0000] {logging_mixin.py:190} INFO - [2024-12-29T00:09:47.897+0000] {dag.py:3239} INFO - Sync 2 DAGs
[2024-12-29T00:09:47.914+0000] {logging_mixin.py:190} INFO - [2024-12-29T00:09:47.914+0000] {dag.py:4180} INFO - Setting next_dagrun for example_xcom_args to None, run_after=None
[2024-12-29T00:09:47.919+0000] {logging_mixin.py:190} INFO - [2024-12-29T00:09:47.919+0000] {dag.py:4180} INFO - Setting next_dagrun for example_xcom_args_with_operators to None, run_after=None
[2024-12-29T00:09:47.943+0000] {processor.py:208} INFO - Processing /home/airflow/.local/lib/python3.12/site-packages/airflow/example_dags/example_xcomargs.py took 0.095 seconds
[2024-12-29T00:10:18.883+0000] {processor.py:186} INFO - Started process (PID=904) to work on /home/airflow/.local/lib/python3.12/site-packages/airflow/example_dags/example_xcomargs.py
[2024-12-29T00:10:18.885+0000] {processor.py:914} INFO - Processing file /home/airflow/.local/lib/python3.12/site-packages/airflow/example_dags/example_xcomargs.py for tasks to queue
[2024-12-29T00:10:18.887+0000] {logging_mixin.py:190} INFO - [2024-12-29T00:10:18.887+0000] {dagbag.py:588} INFO - Filling up the DagBag from /home/airflow/.local/lib/python3.12/site-packages/airflow/example_dags/example_xcomargs.py
[2024-12-29T00:10:18.899+0000] {processor.py:925} INFO - DAG(s) 'example_xcom_args', 'example_xcom_args_with_operators' retrieved from /home/airflow/.local/lib/python3.12/site-packages/airflow/example_dags/example_xcomargs.py
[2024-12-29T00:10:18.930+0000] {logging_mixin.py:190} INFO - [2024-12-29T00:10:18.929+0000] {dag.py:3239} INFO - Sync 2 DAGs
[2024-12-29T00:10:18.946+0000] {logging_mixin.py:190} INFO - [2024-12-29T00:10:18.945+0000] {dag.py:4180} INFO - Setting next_dagrun for example_xcom_args to None, run_after=None
[2024-12-29T00:10:18.950+0000] {logging_mixin.py:190} INFO - [2024-12-29T00:10:18.950+0000] {dag.py:4180} INFO - Setting next_dagrun for example_xcom_args_with_operators to None, run_after=None
[2024-12-29T00:10:18.972+0000] {processor.py:208} INFO - Processing /home/airflow/.local/lib/python3.12/site-packages/airflow/example_dags/example_xcomargs.py took 0.095 seconds
[2024-12-29T00:10:49.504+0000] {processor.py:186} INFO - Started process (PID=960) to work on /home/airflow/.local/lib/python3.12/site-packages/airflow/example_dags/example_xcomargs.py
[2024-12-29T00:10:49.506+0000] {processor.py:914} INFO - Processing file /home/airflow/.local/lib/python3.12/site-packages/airflow/example_dags/example_xcomargs.py for tasks to queue
[2024-12-29T00:10:49.508+0000] {logging_mixin.py:190} INFO - [2024-12-29T00:10:49.508+0000] {dagbag.py:588} INFO - Filling up the DagBag from /home/airflow/.local/lib/python3.12/site-packages/airflow/example_dags/example_xcomargs.py
[2024-12-29T00:10:49.520+0000] {processor.py:925} INFO - DAG(s) 'example_xcom_args_with_operators', 'example_xcom_args' retrieved from /home/airflow/.local/lib/python3.12/site-packages/airflow/example_dags/example_xcomargs.py
[2024-12-29T00:10:49.552+0000] {logging_mixin.py:190} INFO - [2024-12-29T00:10:49.552+0000] {dag.py:3239} INFO - Sync 2 DAGs
[2024-12-29T00:10:49.569+0000] {logging_mixin.py:190} INFO - [2024-12-29T00:10:49.569+0000] {dag.py:4180} INFO - Setting next_dagrun for example_xcom_args to None, run_after=None
[2024-12-29T00:10:49.573+0000] {logging_mixin.py:190} INFO - [2024-12-29T00:10:49.573+0000] {dag.py:4180} INFO - Setting next_dagrun for example_xcom_args_with_operators to None, run_after=None
[2024-12-29T00:10:49.598+0000] {processor.py:208} INFO - Processing /home/airflow/.local/lib/python3.12/site-packages/airflow/example_dags/example_xcomargs.py took 0.100 seconds
[2024-12-29T00:11:19.752+0000] {processor.py:186} INFO - Started process (PID=1018) to work on /home/airflow/.local/lib/python3.12/site-packages/airflow/example_dags/example_xcomargs.py
[2024-12-29T00:11:19.754+0000] {processor.py:914} INFO - Processing file /home/airflow/.local/lib/python3.12/site-packages/airflow/example_dags/example_xcomargs.py for tasks to queue
[2024-12-29T00:11:19.756+0000] {logging_mixin.py:190} INFO - [2024-12-29T00:11:19.756+0000] {dagbag.py:588} INFO - Filling up the DagBag from /home/airflow/.local/lib/python3.12/site-packages/airflow/example_dags/example_xcomargs.py
[2024-12-29T00:11:19.767+0000] {processor.py:925} INFO - DAG(s) 'example_xcom_args', 'example_xcom_args_with_operators' retrieved from /home/airflow/.local/lib/python3.12/site-packages/airflow/example_dags/example_xcomargs.py
[2024-12-29T00:11:19.798+0000] {logging_mixin.py:190} INFO - [2024-12-29T00:11:19.798+0000] {dag.py:3239} INFO - Sync 2 DAGs
[2024-12-29T00:11:19.816+0000] {logging_mixin.py:190} INFO - [2024-12-29T00:11:19.816+0000] {dag.py:4180} INFO - Setting next_dagrun for example_xcom_args to None, run_after=None
[2024-12-29T00:11:19.821+0000] {logging_mixin.py:190} INFO - [2024-12-29T00:11:19.821+0000] {dag.py:4180} INFO - Setting next_dagrun for example_xcom_args_with_operators to None, run_after=None
[2024-12-29T00:11:19.849+0000] {processor.py:208} INFO - Processing /home/airflow/.local/lib/python3.12/site-packages/airflow/example_dags/example_xcomargs.py took 0.103 seconds
[2024-12-29T00:11:49.947+0000] {processor.py:186} INFO - Started process (PID=1082) to work on /home/airflow/.local/lib/python3.12/site-packages/airflow/example_dags/example_xcomargs.py
[2024-12-29T00:11:49.949+0000] {processor.py:914} INFO - Processing file /home/airflow/.local/lib/python3.12/site-packages/airflow/example_dags/example_xcomargs.py for tasks to queue
[2024-12-29T00:11:49.952+0000] {logging_mixin.py:190} INFO - [2024-12-29T00:11:49.951+0000] {dagbag.py:588} INFO - Filling up the DagBag from /home/airflow/.local/lib/python3.12/site-packages/airflow/example_dags/example_xcomargs.py
[2024-12-29T00:11:49.963+0000] {processor.py:925} INFO - DAG(s) 'example_xcom_args_with_operators', 'example_xcom_args' retrieved from /home/airflow/.local/lib/python3.12/site-packages/airflow/example_dags/example_xcomargs.py
[2024-12-29T00:11:49.993+0000] {logging_mixin.py:190} INFO - [2024-12-29T00:11:49.993+0000] {dag.py:3239} INFO - Sync 2 DAGs
[2024-12-29T00:11:50.009+0000] {logging_mixin.py:190} INFO - [2024-12-29T00:11:50.008+0000] {dag.py:4180} INFO - Setting next_dagrun for example_xcom_args to None, run_after=None
[2024-12-29T00:11:50.013+0000] {logging_mixin.py:190} INFO - [2024-12-29T00:11:50.012+0000] {dag.py:4180} INFO - Setting next_dagrun for example_xcom_args_with_operators to None, run_after=None
[2024-12-29T00:11:50.033+0000] {processor.py:208} INFO - Processing /home/airflow/.local/lib/python3.12/site-packages/airflow/example_dags/example_xcomargs.py took 0.092 seconds
[2024-12-29T00:12:20.473+0000] {processor.py:186} INFO - Started process (PID=1146) to work on /home/airflow/.local/lib/python3.12/site-packages/airflow/example_dags/example_xcomargs.py
[2024-12-29T00:12:20.476+0000] {processor.py:914} INFO - Processing file /home/airflow/.local/lib/python3.12/site-packages/airflow/example_dags/example_xcomargs.py for tasks to queue
[2024-12-29T00:12:20.482+0000] {logging_mixin.py:190} INFO - [2024-12-29T00:12:20.480+0000] {dagbag.py:588} INFO - Filling up the DagBag from /home/airflow/.local/lib/python3.12/site-packages/airflow/example_dags/example_xcomargs.py
[2024-12-29T00:12:20.506+0000] {processor.py:925} INFO - DAG(s) 'example_xcom_args_with_operators', 'example_xcom_args' retrieved from /home/airflow/.local/lib/python3.12/site-packages/airflow/example_dags/example_xcomargs.py
[2024-12-29T00:12:20.565+0000] {logging_mixin.py:190} INFO - [2024-12-29T00:12:20.564+0000] {dag.py:3239} INFO - Sync 2 DAGs
[2024-12-29T00:12:20.597+0000] {logging_mixin.py:190} INFO - [2024-12-29T00:12:20.596+0000] {dag.py:4180} INFO - Setting next_dagrun for example_xcom_args to None, run_after=None
[2024-12-29T00:12:20.606+0000] {logging_mixin.py:190} INFO - [2024-12-29T00:12:20.606+0000] {dag.py:4180} INFO - Setting next_dagrun for example_xcom_args_with_operators to None, run_after=None
[2024-12-29T00:12:20.642+0000] {processor.py:208} INFO - Processing /home/airflow/.local/lib/python3.12/site-packages/airflow/example_dags/example_xcomargs.py took 0.184 seconds
[2024-12-29T00:12:51.451+0000] {processor.py:186} INFO - Started process (PID=1210) to work on /home/airflow/.local/lib/python3.12/site-packages/airflow/example_dags/example_xcomargs.py
[2024-12-29T00:12:51.454+0000] {processor.py:914} INFO - Processing file /home/airflow/.local/lib/python3.12/site-packages/airflow/example_dags/example_xcomargs.py for tasks to queue
[2024-12-29T00:12:51.459+0000] {logging_mixin.py:190} INFO - [2024-12-29T00:12:51.458+0000] {dagbag.py:588} INFO - Filling up the DagBag from /home/airflow/.local/lib/python3.12/site-packages/airflow/example_dags/example_xcomargs.py
[2024-12-29T00:12:51.484+0000] {processor.py:925} INFO - DAG(s) 'example_xcom_args_with_operators', 'example_xcom_args' retrieved from /home/airflow/.local/lib/python3.12/site-packages/airflow/example_dags/example_xcomargs.py
[2024-12-29T00:12:51.573+0000] {logging_mixin.py:190} INFO - [2024-12-29T00:12:51.573+0000] {dag.py:3239} INFO - Sync 2 DAGs
[2024-12-29T00:12:51.633+0000] {logging_mixin.py:190} INFO - [2024-12-29T00:12:51.632+0000] {dag.py:4180} INFO - Setting next_dagrun for example_xcom_args to None, run_after=None
[2024-12-29T00:12:51.646+0000] {logging_mixin.py:190} INFO - [2024-12-29T00:12:51.645+0000] {dag.py:4180} INFO - Setting next_dagrun for example_xcom_args_with_operators to None, run_after=None
[2024-12-29T00:12:51.696+0000] {processor.py:208} INFO - Processing /home/airflow/.local/lib/python3.12/site-packages/airflow/example_dags/example_xcomargs.py took 0.263 seconds
[2024-12-29T00:13:21.911+0000] {processor.py:186} INFO - Started process (PID=1275) to work on /home/airflow/.local/lib/python3.12/site-packages/airflow/example_dags/example_xcomargs.py
[2024-12-29T00:13:21.913+0000] {processor.py:914} INFO - Processing file /home/airflow/.local/lib/python3.12/site-packages/airflow/example_dags/example_xcomargs.py for tasks to queue
[2024-12-29T00:13:21.915+0000] {logging_mixin.py:190} INFO - [2024-12-29T00:13:21.915+0000] {dagbag.py:588} INFO - Filling up the DagBag from /home/airflow/.local/lib/python3.12/site-packages/airflow/example_dags/example_xcomargs.py
[2024-12-29T00:13:21.929+0000] {processor.py:925} INFO - DAG(s) 'example_xcom_args', 'example_xcom_args_with_operators' retrieved from /home/airflow/.local/lib/python3.12/site-packages/airflow/example_dags/example_xcomargs.py
[2024-12-29T00:13:21.972+0000] {logging_mixin.py:190} INFO - [2024-12-29T00:13:21.972+0000] {dag.py:3239} INFO - Sync 2 DAGs
[2024-12-29T00:13:21.994+0000] {logging_mixin.py:190} INFO - [2024-12-29T00:13:21.994+0000] {dag.py:4180} INFO - Setting next_dagrun for example_xcom_args to None, run_after=None
[2024-12-29T00:13:22.002+0000] {logging_mixin.py:190} INFO - [2024-12-29T00:13:22.002+0000] {dag.py:4180} INFO - Setting next_dagrun for example_xcom_args_with_operators to None, run_after=None
[2024-12-29T00:13:22.033+0000] {processor.py:208} INFO - Processing /home/airflow/.local/lib/python3.12/site-packages/airflow/example_dags/example_xcomargs.py took 0.129 seconds
[2024-12-29T00:13:52.301+0000] {processor.py:186} INFO - Started process (PID=1340) to work on /home/airflow/.local/lib/python3.12/site-packages/airflow/example_dags/example_xcomargs.py
[2024-12-29T00:13:52.304+0000] {processor.py:914} INFO - Processing file /home/airflow/.local/lib/python3.12/site-packages/airflow/example_dags/example_xcomargs.py for tasks to queue
[2024-12-29T00:13:52.307+0000] {logging_mixin.py:190} INFO - [2024-12-29T00:13:52.306+0000] {dagbag.py:588} INFO - Filling up the DagBag from /home/airflow/.local/lib/python3.12/site-packages/airflow/example_dags/example_xcomargs.py
[2024-12-29T00:13:52.322+0000] {processor.py:925} INFO - DAG(s) 'example_xcom_args', 'example_xcom_args_with_operators' retrieved from /home/airflow/.local/lib/python3.12/site-packages/airflow/example_dags/example_xcomargs.py
[2024-12-29T00:13:52.375+0000] {logging_mixin.py:190} INFO - [2024-12-29T00:13:52.374+0000] {dag.py:3239} INFO - Sync 2 DAGs
[2024-12-29T00:13:52.415+0000] {logging_mixin.py:190} INFO - [2024-12-29T00:13:52.415+0000] {dag.py:4180} INFO - Setting next_dagrun for example_xcom_args to None, run_after=None
[2024-12-29T00:13:52.429+0000] {logging_mixin.py:190} INFO - [2024-12-29T00:13:52.428+0000] {dag.py:4180} INFO - Setting next_dagrun for example_xcom_args_with_operators to None, run_after=None
[2024-12-29T00:13:52.464+0000] {processor.py:208} INFO - Processing /home/airflow/.local/lib/python3.12/site-packages/airflow/example_dags/example_xcomargs.py took 0.174 seconds
[2024-12-29T00:14:23.283+0000] {processor.py:186} INFO - Started process (PID=1405) to work on /home/airflow/.local/lib/python3.12/site-packages/airflow/example_dags/example_xcomargs.py
[2024-12-29T00:14:23.285+0000] {processor.py:914} INFO - Processing file /home/airflow/.local/lib/python3.12/site-packages/airflow/example_dags/example_xcomargs.py for tasks to queue
[2024-12-29T00:14:23.288+0000] {logging_mixin.py:190} INFO - [2024-12-29T00:14:23.287+0000] {dagbag.py:588} INFO - Filling up the DagBag from /home/airflow/.local/lib/python3.12/site-packages/airflow/example_dags/example_xcomargs.py
[2024-12-29T00:14:23.306+0000] {processor.py:925} INFO - DAG(s) 'example_xcom_args_with_operators', 'example_xcom_args' retrieved from /home/airflow/.local/lib/python3.12/site-packages/airflow/example_dags/example_xcomargs.py
[2024-12-29T00:14:23.341+0000] {logging_mixin.py:190} INFO - [2024-12-29T00:14:23.340+0000] {dag.py:3239} INFO - Sync 2 DAGs
[2024-12-29T00:14:23.360+0000] {logging_mixin.py:190} INFO - [2024-12-29T00:14:23.360+0000] {dag.py:4180} INFO - Setting next_dagrun for example_xcom_args to None, run_after=None
[2024-12-29T00:14:23.366+0000] {logging_mixin.py:190} INFO - [2024-12-29T00:14:23.366+0000] {dag.py:4180} INFO - Setting next_dagrun for example_xcom_args_with_operators to None, run_after=None
[2024-12-29T00:14:23.394+0000] {processor.py:208} INFO - Processing /home/airflow/.local/lib/python3.12/site-packages/airflow/example_dags/example_xcomargs.py took 0.119 seconds
[2024-12-29T00:14:53.959+0000] {processor.py:186} INFO - Started process (PID=1469) to work on /home/airflow/.local/lib/python3.12/site-packages/airflow/example_dags/example_xcomargs.py
[2024-12-29T00:14:53.961+0000] {processor.py:914} INFO - Processing file /home/airflow/.local/lib/python3.12/site-packages/airflow/example_dags/example_xcomargs.py for tasks to queue
[2024-12-29T00:14:53.964+0000] {logging_mixin.py:190} INFO - [2024-12-29T00:14:53.963+0000] {dagbag.py:588} INFO - Filling up the DagBag from /home/airflow/.local/lib/python3.12/site-packages/airflow/example_dags/example_xcomargs.py
[2024-12-29T00:14:53.975+0000] {processor.py:925} INFO - DAG(s) 'example_xcom_args_with_operators', 'example_xcom_args' retrieved from /home/airflow/.local/lib/python3.12/site-packages/airflow/example_dags/example_xcomargs.py
[2024-12-29T00:14:54.009+0000] {logging_mixin.py:190} INFO - [2024-12-29T00:14:54.009+0000] {dag.py:3239} INFO - Sync 2 DAGs
[2024-12-29T00:14:54.030+0000] {logging_mixin.py:190} INFO - [2024-12-29T00:14:54.030+0000] {dag.py:4180} INFO - Setting next_dagrun for example_xcom_args to None, run_after=None
[2024-12-29T00:14:54.036+0000] {logging_mixin.py:190} INFO - [2024-12-29T00:14:54.035+0000] {dag.py:4180} INFO - Setting next_dagrun for example_xcom_args_with_operators to None, run_after=None
[2024-12-29T00:14:54.063+0000] {processor.py:208} INFO - Processing /home/airflow/.local/lib/python3.12/site-packages/airflow/example_dags/example_xcomargs.py took 0.111 seconds
[2024-12-29T00:15:24.670+0000] {processor.py:186} INFO - Started process (PID=1527) to work on /home/airflow/.local/lib/python3.12/site-packages/airflow/example_dags/example_xcomargs.py
[2024-12-29T00:15:24.672+0000] {processor.py:914} INFO - Processing file /home/airflow/.local/lib/python3.12/site-packages/airflow/example_dags/example_xcomargs.py for tasks to queue
[2024-12-29T00:15:24.675+0000] {logging_mixin.py:190} INFO - [2024-12-29T00:15:24.674+0000] {dagbag.py:588} INFO - Filling up the DagBag from /home/airflow/.local/lib/python3.12/site-packages/airflow/example_dags/example_xcomargs.py
[2024-12-29T00:15:24.689+0000] {processor.py:925} INFO - DAG(s) 'example_xcom_args', 'example_xcom_args_with_operators' retrieved from /home/airflow/.local/lib/python3.12/site-packages/airflow/example_dags/example_xcomargs.py
[2024-12-29T00:15:24.728+0000] {logging_mixin.py:190} INFO - [2024-12-29T00:15:24.728+0000] {dag.py:3239} INFO - Sync 2 DAGs
[2024-12-29T00:15:24.749+0000] {logging_mixin.py:190} INFO - [2024-12-29T00:15:24.748+0000] {dag.py:4180} INFO - Setting next_dagrun for example_xcom_args to None, run_after=None
[2024-12-29T00:15:24.754+0000] {logging_mixin.py:190} INFO - [2024-12-29T00:15:24.754+0000] {dag.py:4180} INFO - Setting next_dagrun for example_xcom_args_with_operators to None, run_after=None
[2024-12-29T00:15:24.786+0000] {processor.py:208} INFO - Processing /home/airflow/.local/lib/python3.12/site-packages/airflow/example_dags/example_xcomargs.py took 0.123 seconds
[2024-12-29T00:15:55.515+0000] {processor.py:186} INFO - Started process (PID=1590) to work on /home/airflow/.local/lib/python3.12/site-packages/airflow/example_dags/example_xcomargs.py
[2024-12-29T00:15:55.517+0000] {processor.py:914} INFO - Processing file /home/airflow/.local/lib/python3.12/site-packages/airflow/example_dags/example_xcomargs.py for tasks to queue
[2024-12-29T00:15:55.521+0000] {logging_mixin.py:190} INFO - [2024-12-29T00:15:55.520+0000] {dagbag.py:588} INFO - Filling up the DagBag from /home/airflow/.local/lib/python3.12/site-packages/airflow/example_dags/example_xcomargs.py
[2024-12-29T00:15:55.544+0000] {processor.py:925} INFO - DAG(s) 'example_xcom_args', 'example_xcom_args_with_operators' retrieved from /home/airflow/.local/lib/python3.12/site-packages/airflow/example_dags/example_xcomargs.py
[2024-12-29T00:15:55.617+0000] {logging_mixin.py:190} INFO - [2024-12-29T00:15:55.616+0000] {dag.py:3239} INFO - Sync 2 DAGs
[2024-12-29T00:15:55.650+0000] {logging_mixin.py:190} INFO - [2024-12-29T00:15:55.650+0000] {dag.py:4180} INFO - Setting next_dagrun for example_xcom_args to None, run_after=None
[2024-12-29T00:15:55.657+0000] {logging_mixin.py:190} INFO - [2024-12-29T00:15:55.656+0000] {dag.py:4180} INFO - Setting next_dagrun for example_xcom_args_with_operators to None, run_after=None
[2024-12-29T00:15:55.694+0000] {processor.py:208} INFO - Processing /home/airflow/.local/lib/python3.12/site-packages/airflow/example_dags/example_xcomargs.py took 0.185 seconds
[2024-12-29T00:16:25.785+0000] {processor.py:186} INFO - Started process (PID=1654) to work on /home/airflow/.local/lib/python3.12/site-packages/airflow/example_dags/example_xcomargs.py
[2024-12-29T00:16:25.788+0000] {processor.py:914} INFO - Processing file /home/airflow/.local/lib/python3.12/site-packages/airflow/example_dags/example_xcomargs.py for tasks to queue
[2024-12-29T00:16:25.791+0000] {logging_mixin.py:190} INFO - [2024-12-29T00:16:25.790+0000] {dagbag.py:588} INFO - Filling up the DagBag from /home/airflow/.local/lib/python3.12/site-packages/airflow/example_dags/example_xcomargs.py
[2024-12-29T00:16:25.803+0000] {processor.py:925} INFO - DAG(s) 'example_xcom_args', 'example_xcom_args_with_operators' retrieved from /home/airflow/.local/lib/python3.12/site-packages/airflow/example_dags/example_xcomargs.py
[2024-12-29T00:16:25.832+0000] {logging_mixin.py:190} INFO - [2024-12-29T00:16:25.832+0000] {dag.py:3239} INFO - Sync 2 DAGs
[2024-12-29T00:16:25.850+0000] {logging_mixin.py:190} INFO - [2024-12-29T00:16:25.850+0000] {dag.py:4180} INFO - Setting next_dagrun for example_xcom_args to None, run_after=None
[2024-12-29T00:16:25.855+0000] {logging_mixin.py:190} INFO - [2024-12-29T00:16:25.855+0000] {dag.py:4180} INFO - Setting next_dagrun for example_xcom_args_with_operators to None, run_after=None
[2024-12-29T00:16:25.886+0000] {processor.py:208} INFO - Processing /home/airflow/.local/lib/python3.12/site-packages/airflow/example_dags/example_xcomargs.py took 0.107 seconds
[2024-12-29T00:16:56.272+0000] {processor.py:186} INFO - Started process (PID=1719) to work on /home/airflow/.local/lib/python3.12/site-packages/airflow/example_dags/example_xcomargs.py
[2024-12-29T00:16:56.274+0000] {processor.py:914} INFO - Processing file /home/airflow/.local/lib/python3.12/site-packages/airflow/example_dags/example_xcomargs.py for tasks to queue
[2024-12-29T00:16:56.277+0000] {logging_mixin.py:190} INFO - [2024-12-29T00:16:56.277+0000] {dagbag.py:588} INFO - Filling up the DagBag from /home/airflow/.local/lib/python3.12/site-packages/airflow/example_dags/example_xcomargs.py
[2024-12-29T00:16:56.292+0000] {processor.py:925} INFO - DAG(s) 'example_xcom_args', 'example_xcom_args_with_operators' retrieved from /home/airflow/.local/lib/python3.12/site-packages/airflow/example_dags/example_xcomargs.py
[2024-12-29T00:16:56.335+0000] {logging_mixin.py:190} INFO - [2024-12-29T00:16:56.335+0000] {dag.py:3239} INFO - Sync 2 DAGs
[2024-12-29T00:16:56.360+0000] {logging_mixin.py:190} INFO - [2024-12-29T00:16:56.359+0000] {dag.py:4180} INFO - Setting next_dagrun for example_xcom_args to None, run_after=None
[2024-12-29T00:16:56.366+0000] {logging_mixin.py:190} INFO - [2024-12-29T00:16:56.365+0000] {dag.py:4180} INFO - Setting next_dagrun for example_xcom_args_with_operators to None, run_after=None
[2024-12-29T00:16:56.394+0000] {processor.py:208} INFO - Processing /home/airflow/.local/lib/python3.12/site-packages/airflow/example_dags/example_xcomargs.py took 0.128 seconds
[2024-12-29T00:19:51.252+0000] {processor.py:186} INFO - Started process (PID=85) to work on /home/airflow/.local/lib/python3.12/site-packages/airflow/example_dags/example_xcomargs.py
[2024-12-29T00:19:51.357+0000] {processor.py:914} INFO - Processing file /home/airflow/.local/lib/python3.12/site-packages/airflow/example_dags/example_xcomargs.py for tasks to queue
[2024-12-29T00:19:51.403+0000] {logging_mixin.py:190} INFO - [2024-12-29T00:19:51.360+0000] {dagbag.py:588} INFO - Filling up the DagBag from /home/airflow/.local/lib/python3.12/site-packages/airflow/example_dags/example_xcomargs.py
[2024-12-29T00:19:51.508+0000] {processor.py:925} INFO - DAG(s) 'example_xcom_args_with_operators', 'example_xcom_args' retrieved from /home/airflow/.local/lib/python3.12/site-packages/airflow/example_dags/example_xcomargs.py
[2024-12-29T00:19:51.548+0000] {logging_mixin.py:190} INFO - [2024-12-29T00:19:51.548+0000] {dag.py:3239} INFO - Sync 2 DAGs
[2024-12-29T00:19:51.817+0000] {logging_mixin.py:190} INFO - [2024-12-29T00:19:51.817+0000] {dag.py:4180} INFO - Setting next_dagrun for example_xcom_args to None, run_after=None
[2024-12-29T00:19:51.823+0000] {logging_mixin.py:190} INFO - [2024-12-29T00:19:51.822+0000] {dag.py:4180} INFO - Setting next_dagrun for example_xcom_args_with_operators to None, run_after=None
[2024-12-29T00:19:51.853+0000] {processor.py:208} INFO - Processing /home/airflow/.local/lib/python3.12/site-packages/airflow/example_dags/example_xcomargs.py took 0.607 seconds
[2024-12-29T00:20:22.131+0000] {processor.py:186} INFO - Started process (PID=149) to work on /home/airflow/.local/lib/python3.12/site-packages/airflow/example_dags/example_xcomargs.py
[2024-12-29T00:20:22.134+0000] {processor.py:914} INFO - Processing file /home/airflow/.local/lib/python3.12/site-packages/airflow/example_dags/example_xcomargs.py for tasks to queue
[2024-12-29T00:20:22.136+0000] {logging_mixin.py:190} INFO - [2024-12-29T00:20:22.135+0000] {dagbag.py:588} INFO - Filling up the DagBag from /home/airflow/.local/lib/python3.12/site-packages/airflow/example_dags/example_xcomargs.py
[2024-12-29T00:20:22.144+0000] {processor.py:925} INFO - DAG(s) 'example_xcom_args_with_operators', 'example_xcom_args' retrieved from /home/airflow/.local/lib/python3.12/site-packages/airflow/example_dags/example_xcomargs.py
[2024-12-29T00:20:22.173+0000] {logging_mixin.py:190} INFO - [2024-12-29T00:20:22.173+0000] {dag.py:3239} INFO - Sync 2 DAGs
[2024-12-29T00:20:22.190+0000] {logging_mixin.py:190} INFO - [2024-12-29T00:20:22.190+0000] {dag.py:4180} INFO - Setting next_dagrun for example_xcom_args to None, run_after=None
[2024-12-29T00:20:22.194+0000] {logging_mixin.py:190} INFO - [2024-12-29T00:20:22.194+0000] {dag.py:4180} INFO - Setting next_dagrun for example_xcom_args_with_operators to None, run_after=None
[2024-12-29T00:20:22.218+0000] {processor.py:208} INFO - Processing /home/airflow/.local/lib/python3.12/site-packages/airflow/example_dags/example_xcomargs.py took 0.092 seconds
[2024-12-29T00:20:52.375+0000] {processor.py:186} INFO - Started process (PID=214) to work on /home/airflow/.local/lib/python3.12/site-packages/airflow/example_dags/example_xcomargs.py
[2024-12-29T00:20:52.376+0000] {processor.py:914} INFO - Processing file /home/airflow/.local/lib/python3.12/site-packages/airflow/example_dags/example_xcomargs.py for tasks to queue
[2024-12-29T00:20:52.379+0000] {logging_mixin.py:190} INFO - [2024-12-29T00:20:52.378+0000] {dagbag.py:588} INFO - Filling up the DagBag from /home/airflow/.local/lib/python3.12/site-packages/airflow/example_dags/example_xcomargs.py
[2024-12-29T00:20:52.393+0000] {processor.py:925} INFO - DAG(s) 'example_xcom_args_with_operators', 'example_xcom_args' retrieved from /home/airflow/.local/lib/python3.12/site-packages/airflow/example_dags/example_xcomargs.py
[2024-12-29T00:20:52.424+0000] {logging_mixin.py:190} INFO - [2024-12-29T00:20:52.424+0000] {dag.py:3239} INFO - Sync 2 DAGs
[2024-12-29T00:20:52.441+0000] {logging_mixin.py:190} INFO - [2024-12-29T00:20:52.441+0000] {dag.py:4180} INFO - Setting next_dagrun for example_xcom_args to None, run_after=None
[2024-12-29T00:20:52.446+0000] {logging_mixin.py:190} INFO - [2024-12-29T00:20:52.446+0000] {dag.py:4180} INFO - Setting next_dagrun for example_xcom_args_with_operators to None, run_after=None
[2024-12-29T00:20:52.473+0000] {processor.py:208} INFO - Processing /home/airflow/.local/lib/python3.12/site-packages/airflow/example_dags/example_xcomargs.py took 0.105 seconds
[2024-12-29T00:21:23.107+0000] {processor.py:186} INFO - Started process (PID=279) to work on /home/airflow/.local/lib/python3.12/site-packages/airflow/example_dags/example_xcomargs.py
[2024-12-29T00:21:23.108+0000] {processor.py:914} INFO - Processing file /home/airflow/.local/lib/python3.12/site-packages/airflow/example_dags/example_xcomargs.py for tasks to queue
[2024-12-29T00:21:23.111+0000] {logging_mixin.py:190} INFO - [2024-12-29T00:21:23.110+0000] {dagbag.py:588} INFO - Filling up the DagBag from /home/airflow/.local/lib/python3.12/site-packages/airflow/example_dags/example_xcomargs.py
[2024-12-29T00:21:23.122+0000] {processor.py:925} INFO - DAG(s) 'example_xcom_args_with_operators', 'example_xcom_args' retrieved from /home/airflow/.local/lib/python3.12/site-packages/airflow/example_dags/example_xcomargs.py
[2024-12-29T00:21:23.153+0000] {logging_mixin.py:190} INFO - [2024-12-29T00:21:23.152+0000] {dag.py:3239} INFO - Sync 2 DAGs
[2024-12-29T00:21:23.169+0000] {logging_mixin.py:190} INFO - [2024-12-29T00:21:23.169+0000] {dag.py:4180} INFO - Setting next_dagrun for example_xcom_args to None, run_after=None
[2024-12-29T00:21:23.174+0000] {logging_mixin.py:190} INFO - [2024-12-29T00:21:23.173+0000] {dag.py:4180} INFO - Setting next_dagrun for example_xcom_args_with_operators to None, run_after=None
[2024-12-29T00:21:23.196+0000] {processor.py:208} INFO - Processing /home/airflow/.local/lib/python3.12/site-packages/airflow/example_dags/example_xcomargs.py took 0.095 seconds
[2024-12-29T00:21:53.348+0000] {processor.py:186} INFO - Started process (PID=344) to work on /home/airflow/.local/lib/python3.12/site-packages/airflow/example_dags/example_xcomargs.py
[2024-12-29T00:21:53.350+0000] {processor.py:914} INFO - Processing file /home/airflow/.local/lib/python3.12/site-packages/airflow/example_dags/example_xcomargs.py for tasks to queue
[2024-12-29T00:21:53.353+0000] {logging_mixin.py:190} INFO - [2024-12-29T00:21:53.353+0000] {dagbag.py:588} INFO - Filling up the DagBag from /home/airflow/.local/lib/python3.12/site-packages/airflow/example_dags/example_xcomargs.py
[2024-12-29T00:21:53.364+0000] {processor.py:925} INFO - DAG(s) 'example_xcom_args', 'example_xcom_args_with_operators' retrieved from /home/airflow/.local/lib/python3.12/site-packages/airflow/example_dags/example_xcomargs.py
[2024-12-29T00:21:53.393+0000] {logging_mixin.py:190} INFO - [2024-12-29T00:21:53.392+0000] {dag.py:3239} INFO - Sync 2 DAGs
[2024-12-29T00:21:53.409+0000] {logging_mixin.py:190} INFO - [2024-12-29T00:21:53.409+0000] {dag.py:4180} INFO - Setting next_dagrun for example_xcom_args to None, run_after=None
[2024-12-29T00:21:53.414+0000] {logging_mixin.py:190} INFO - [2024-12-29T00:21:53.414+0000] {dag.py:4180} INFO - Setting next_dagrun for example_xcom_args_with_operators to None, run_after=None
[2024-12-29T00:21:53.438+0000] {processor.py:208} INFO - Processing /home/airflow/.local/lib/python3.12/site-packages/airflow/example_dags/example_xcomargs.py took 0.095 seconds
[2024-12-29T00:22:24.141+0000] {processor.py:186} INFO - Started process (PID=409) to work on /home/airflow/.local/lib/python3.12/site-packages/airflow/example_dags/example_xcomargs.py
[2024-12-29T00:22:24.143+0000] {processor.py:914} INFO - Processing file /home/airflow/.local/lib/python3.12/site-packages/airflow/example_dags/example_xcomargs.py for tasks to queue
[2024-12-29T00:22:24.146+0000] {logging_mixin.py:190} INFO - [2024-12-29T00:22:24.146+0000] {dagbag.py:588} INFO - Filling up the DagBag from /home/airflow/.local/lib/python3.12/site-packages/airflow/example_dags/example_xcomargs.py
[2024-12-29T00:22:24.157+0000] {processor.py:925} INFO - DAG(s) 'example_xcom_args_with_operators', 'example_xcom_args' retrieved from /home/airflow/.local/lib/python3.12/site-packages/airflow/example_dags/example_xcomargs.py
[2024-12-29T00:22:24.189+0000] {logging_mixin.py:190} INFO - [2024-12-29T00:22:24.189+0000] {dag.py:3239} INFO - Sync 2 DAGs
[2024-12-29T00:22:24.208+0000] {logging_mixin.py:190} INFO - [2024-12-29T00:22:24.208+0000] {dag.py:4180} INFO - Setting next_dagrun for example_xcom_args to None, run_after=None
[2024-12-29T00:22:24.213+0000] {logging_mixin.py:190} INFO - [2024-12-29T00:22:24.213+0000] {dag.py:4180} INFO - Setting next_dagrun for example_xcom_args_with_operators to None, run_after=None
[2024-12-29T00:22:24.239+0000] {processor.py:208} INFO - Processing /home/airflow/.local/lib/python3.12/site-packages/airflow/example_dags/example_xcomargs.py took 0.104 seconds
[2024-12-29T00:22:54.732+0000] {processor.py:186} INFO - Started process (PID=474) to work on /home/airflow/.local/lib/python3.12/site-packages/airflow/example_dags/example_xcomargs.py
[2024-12-29T00:22:54.733+0000] {processor.py:914} INFO - Processing file /home/airflow/.local/lib/python3.12/site-packages/airflow/example_dags/example_xcomargs.py for tasks to queue
[2024-12-29T00:22:54.737+0000] {logging_mixin.py:190} INFO - [2024-12-29T00:22:54.736+0000] {dagbag.py:588} INFO - Filling up the DagBag from /home/airflow/.local/lib/python3.12/site-packages/airflow/example_dags/example_xcomargs.py
[2024-12-29T00:22:54.754+0000] {processor.py:925} INFO - DAG(s) 'example_xcom_args_with_operators', 'example_xcom_args' retrieved from /home/airflow/.local/lib/python3.12/site-packages/airflow/example_dags/example_xcomargs.py
[2024-12-29T00:22:54.798+0000] {logging_mixin.py:190} INFO - [2024-12-29T00:22:54.798+0000] {dag.py:3239} INFO - Sync 2 DAGs
[2024-12-29T00:22:54.820+0000] {logging_mixin.py:190} INFO - [2024-12-29T00:22:54.820+0000] {dag.py:4180} INFO - Setting next_dagrun for example_xcom_args to None, run_after=None
[2024-12-29T00:22:54.826+0000] {logging_mixin.py:190} INFO - [2024-12-29T00:22:54.825+0000] {dag.py:4180} INFO - Setting next_dagrun for example_xcom_args_with_operators to None, run_after=None
[2024-12-29T00:22:54.850+0000] {processor.py:208} INFO - Processing /home/airflow/.local/lib/python3.12/site-packages/airflow/example_dags/example_xcomargs.py took 0.125 seconds
[2024-12-29T00:23:25.020+0000] {processor.py:186} INFO - Started process (PID=539) to work on /home/airflow/.local/lib/python3.12/site-packages/airflow/example_dags/example_xcomargs.py
[2024-12-29T00:23:25.022+0000] {processor.py:914} INFO - Processing file /home/airflow/.local/lib/python3.12/site-packages/airflow/example_dags/example_xcomargs.py for tasks to queue
[2024-12-29T00:23:25.024+0000] {logging_mixin.py:190} INFO - [2024-12-29T00:23:25.024+0000] {dagbag.py:588} INFO - Filling up the DagBag from /home/airflow/.local/lib/python3.12/site-packages/airflow/example_dags/example_xcomargs.py
[2024-12-29T00:23:25.033+0000] {processor.py:925} INFO - DAG(s) 'example_xcom_args_with_operators', 'example_xcom_args' retrieved from /home/airflow/.local/lib/python3.12/site-packages/airflow/example_dags/example_xcomargs.py
[2024-12-29T00:23:25.061+0000] {logging_mixin.py:190} INFO - [2024-12-29T00:23:25.061+0000] {dag.py:3239} INFO - Sync 2 DAGs
[2024-12-29T00:23:25.076+0000] {logging_mixin.py:190} INFO - [2024-12-29T00:23:25.075+0000] {dag.py:4180} INFO - Setting next_dagrun for example_xcom_args to None, run_after=None
[2024-12-29T00:23:25.080+0000] {logging_mixin.py:190} INFO - [2024-12-29T00:23:25.079+0000] {dag.py:4180} INFO - Setting next_dagrun for example_xcom_args_with_operators to None, run_after=None
[2024-12-29T00:23:25.102+0000] {processor.py:208} INFO - Processing /home/airflow/.local/lib/python3.12/site-packages/airflow/example_dags/example_xcomargs.py took 0.087 seconds
[2024-12-29T00:23:55.372+0000] {processor.py:186} INFO - Started process (PID=605) to work on /home/airflow/.local/lib/python3.12/site-packages/airflow/example_dags/example_xcomargs.py
[2024-12-29T00:23:55.374+0000] {processor.py:914} INFO - Processing file /home/airflow/.local/lib/python3.12/site-packages/airflow/example_dags/example_xcomargs.py for tasks to queue
[2024-12-29T00:23:55.376+0000] {logging_mixin.py:190} INFO - [2024-12-29T00:23:55.376+0000] {dagbag.py:588} INFO - Filling up the DagBag from /home/airflow/.local/lib/python3.12/site-packages/airflow/example_dags/example_xcomargs.py
[2024-12-29T00:23:55.386+0000] {processor.py:925} INFO - DAG(s) 'example_xcom_args', 'example_xcom_args_with_operators' retrieved from /home/airflow/.local/lib/python3.12/site-packages/airflow/example_dags/example_xcomargs.py
[2024-12-29T00:23:55.412+0000] {logging_mixin.py:190} INFO - [2024-12-29T00:23:55.412+0000] {dag.py:3239} INFO - Sync 2 DAGs
[2024-12-29T00:23:55.428+0000] {logging_mixin.py:190} INFO - [2024-12-29T00:23:55.427+0000] {dag.py:4180} INFO - Setting next_dagrun for example_xcom_args to None, run_after=None
[2024-12-29T00:23:55.432+0000] {logging_mixin.py:190} INFO - [2024-12-29T00:23:55.431+0000] {dag.py:4180} INFO - Setting next_dagrun for example_xcom_args_with_operators to None, run_after=None
[2024-12-29T00:23:55.454+0000] {processor.py:208} INFO - Processing /home/airflow/.local/lib/python3.12/site-packages/airflow/example_dags/example_xcomargs.py took 0.088 seconds
[2024-12-29T00:24:25.911+0000] {processor.py:186} INFO - Started process (PID=670) to work on /home/airflow/.local/lib/python3.12/site-packages/airflow/example_dags/example_xcomargs.py
[2024-12-29T00:24:25.913+0000] {processor.py:914} INFO - Processing file /home/airflow/.local/lib/python3.12/site-packages/airflow/example_dags/example_xcomargs.py for tasks to queue
[2024-12-29T00:24:25.916+0000] {logging_mixin.py:190} INFO - [2024-12-29T00:24:25.916+0000] {dagbag.py:588} INFO - Filling up the DagBag from /home/airflow/.local/lib/python3.12/site-packages/airflow/example_dags/example_xcomargs.py
[2024-12-29T00:24:25.931+0000] {processor.py:925} INFO - DAG(s) 'example_xcom_args', 'example_xcom_args_with_operators' retrieved from /home/airflow/.local/lib/python3.12/site-packages/airflow/example_dags/example_xcomargs.py
[2024-12-29T00:24:25.963+0000] {logging_mixin.py:190} INFO - [2024-12-29T00:24:25.963+0000] {dag.py:3239} INFO - Sync 2 DAGs
[2024-12-29T00:24:25.982+0000] {logging_mixin.py:190} INFO - [2024-12-29T00:24:25.982+0000] {dag.py:4180} INFO - Setting next_dagrun for example_xcom_args to None, run_after=None
[2024-12-29T00:24:25.987+0000] {logging_mixin.py:190} INFO - [2024-12-29T00:24:25.986+0000] {dag.py:4180} INFO - Setting next_dagrun for example_xcom_args_with_operators to None, run_after=None
[2024-12-29T00:24:26.013+0000] {processor.py:208} INFO - Processing /home/airflow/.local/lib/python3.12/site-packages/airflow/example_dags/example_xcomargs.py took 0.109 seconds
[2024-12-29T00:24:56.171+0000] {processor.py:186} INFO - Started process (PID=735) to work on /home/airflow/.local/lib/python3.12/site-packages/airflow/example_dags/example_xcomargs.py
[2024-12-29T00:24:56.174+0000] {processor.py:914} INFO - Processing file /home/airflow/.local/lib/python3.12/site-packages/airflow/example_dags/example_xcomargs.py for tasks to queue
[2024-12-29T00:24:56.177+0000] {logging_mixin.py:190} INFO - [2024-12-29T00:24:56.176+0000] {dagbag.py:588} INFO - Filling up the DagBag from /home/airflow/.local/lib/python3.12/site-packages/airflow/example_dags/example_xcomargs.py
[2024-12-29T00:24:56.188+0000] {processor.py:925} INFO - DAG(s) 'example_xcom_args', 'example_xcom_args_with_operators' retrieved from /home/airflow/.local/lib/python3.12/site-packages/airflow/example_dags/example_xcomargs.py
[2024-12-29T00:24:56.216+0000] {logging_mixin.py:190} INFO - [2024-12-29T00:24:56.216+0000] {dag.py:3239} INFO - Sync 2 DAGs
[2024-12-29T00:24:56.235+0000] {logging_mixin.py:190} INFO - [2024-12-29T00:24:56.234+0000] {dag.py:4180} INFO - Setting next_dagrun for example_xcom_args to None, run_after=None
[2024-12-29T00:24:56.240+0000] {logging_mixin.py:190} INFO - [2024-12-29T00:24:56.239+0000] {dag.py:4180} INFO - Setting next_dagrun for example_xcom_args_with_operators to None, run_after=None
[2024-12-29T00:24:56.264+0000] {processor.py:208} INFO - Processing /home/airflow/.local/lib/python3.12/site-packages/airflow/example_dags/example_xcomargs.py took 0.098 seconds
[2024-12-29T00:25:26.473+0000] {processor.py:186} INFO - Started process (PID=800) to work on /home/airflow/.local/lib/python3.12/site-packages/airflow/example_dags/example_xcomargs.py
[2024-12-29T00:25:26.475+0000] {processor.py:914} INFO - Processing file /home/airflow/.local/lib/python3.12/site-packages/airflow/example_dags/example_xcomargs.py for tasks to queue
[2024-12-29T00:25:26.478+0000] {logging_mixin.py:190} INFO - [2024-12-29T00:25:26.477+0000] {dagbag.py:588} INFO - Filling up the DagBag from /home/airflow/.local/lib/python3.12/site-packages/airflow/example_dags/example_xcomargs.py
[2024-12-29T00:25:26.488+0000] {processor.py:925} INFO - DAG(s) 'example_xcom_args_with_operators', 'example_xcom_args' retrieved from /home/airflow/.local/lib/python3.12/site-packages/airflow/example_dags/example_xcomargs.py
[2024-12-29T00:25:26.515+0000] {logging_mixin.py:190} INFO - [2024-12-29T00:25:26.514+0000] {dag.py:3239} INFO - Sync 2 DAGs
[2024-12-29T00:25:26.529+0000] {logging_mixin.py:190} INFO - [2024-12-29T00:25:26.529+0000] {dag.py:4180} INFO - Setting next_dagrun for example_xcom_args to None, run_after=None
[2024-12-29T00:25:26.533+0000] {logging_mixin.py:190} INFO - [2024-12-29T00:25:26.533+0000] {dag.py:4180} INFO - Setting next_dagrun for example_xcom_args_with_operators to None, run_after=None
[2024-12-29T00:25:26.556+0000] {processor.py:208} INFO - Processing /home/airflow/.local/lib/python3.12/site-packages/airflow/example_dags/example_xcomargs.py took 0.088 seconds
[2024-12-29T00:25:56.687+0000] {processor.py:186} INFO - Started process (PID=865) to work on /home/airflow/.local/lib/python3.12/site-packages/airflow/example_dags/example_xcomargs.py
[2024-12-29T00:25:56.689+0000] {processor.py:914} INFO - Processing file /home/airflow/.local/lib/python3.12/site-packages/airflow/example_dags/example_xcomargs.py for tasks to queue
[2024-12-29T00:25:56.691+0000] {logging_mixin.py:190} INFO - [2024-12-29T00:25:56.691+0000] {dagbag.py:588} INFO - Filling up the DagBag from /home/airflow/.local/lib/python3.12/site-packages/airflow/example_dags/example_xcomargs.py
[2024-12-29T00:25:56.703+0000] {processor.py:925} INFO - DAG(s) 'example_xcom_args', 'example_xcom_args_with_operators' retrieved from /home/airflow/.local/lib/python3.12/site-packages/airflow/example_dags/example_xcomargs.py
[2024-12-29T00:25:56.736+0000] {logging_mixin.py:190} INFO - [2024-12-29T00:25:56.735+0000] {dag.py:3239} INFO - Sync 2 DAGs
[2024-12-29T00:25:56.754+0000] {logging_mixin.py:190} INFO - [2024-12-29T00:25:56.754+0000] {dag.py:4180} INFO - Setting next_dagrun for example_xcom_args to None, run_after=None
[2024-12-29T00:25:56.759+0000] {logging_mixin.py:190} INFO - [2024-12-29T00:25:56.759+0000] {dag.py:4180} INFO - Setting next_dagrun for example_xcom_args_with_operators to None, run_after=None
[2024-12-29T00:25:56.785+0000] {processor.py:208} INFO - Processing /home/airflow/.local/lib/python3.12/site-packages/airflow/example_dags/example_xcomargs.py took 0.104 seconds
[2024-12-29T00:26:26.857+0000] {processor.py:186} INFO - Started process (PID=930) to work on /home/airflow/.local/lib/python3.12/site-packages/airflow/example_dags/example_xcomargs.py
[2024-12-29T00:26:26.859+0000] {processor.py:914} INFO - Processing file /home/airflow/.local/lib/python3.12/site-packages/airflow/example_dags/example_xcomargs.py for tasks to queue
[2024-12-29T00:26:26.862+0000] {logging_mixin.py:190} INFO - [2024-12-29T00:26:26.862+0000] {dagbag.py:588} INFO - Filling up the DagBag from /home/airflow/.local/lib/python3.12/site-packages/airflow/example_dags/example_xcomargs.py
[2024-12-29T00:26:26.874+0000] {processor.py:925} INFO - DAG(s) 'example_xcom_args', 'example_xcom_args_with_operators' retrieved from /home/airflow/.local/lib/python3.12/site-packages/airflow/example_dags/example_xcomargs.py
[2024-12-29T00:26:26.910+0000] {logging_mixin.py:190} INFO - [2024-12-29T00:26:26.910+0000] {dag.py:3239} INFO - Sync 2 DAGs
[2024-12-29T00:26:26.928+0000] {logging_mixin.py:190} INFO - [2024-12-29T00:26:26.928+0000] {dag.py:4180} INFO - Setting next_dagrun for example_xcom_args to None, run_after=None
[2024-12-29T00:26:26.934+0000] {logging_mixin.py:190} INFO - [2024-12-29T00:26:26.933+0000] {dag.py:4180} INFO - Setting next_dagrun for example_xcom_args_with_operators to None, run_after=None
[2024-12-29T00:26:26.959+0000] {processor.py:208} INFO - Processing /home/airflow/.local/lib/python3.12/site-packages/airflow/example_dags/example_xcomargs.py took 0.109 seconds
[2024-12-29T00:26:57.297+0000] {processor.py:186} INFO - Started process (PID=995) to work on /home/airflow/.local/lib/python3.12/site-packages/airflow/example_dags/example_xcomargs.py
[2024-12-29T00:26:57.299+0000] {processor.py:914} INFO - Processing file /home/airflow/.local/lib/python3.12/site-packages/airflow/example_dags/example_xcomargs.py for tasks to queue
[2024-12-29T00:26:57.302+0000] {logging_mixin.py:190} INFO - [2024-12-29T00:26:57.302+0000] {dagbag.py:588} INFO - Filling up the DagBag from /home/airflow/.local/lib/python3.12/site-packages/airflow/example_dags/example_xcomargs.py
[2024-12-29T00:26:57.314+0000] {processor.py:925} INFO - DAG(s) 'example_xcom_args_with_operators', 'example_xcom_args' retrieved from /home/airflow/.local/lib/python3.12/site-packages/airflow/example_dags/example_xcomargs.py
[2024-12-29T00:26:57.345+0000] {logging_mixin.py:190} INFO - [2024-12-29T00:26:57.345+0000] {dag.py:3239} INFO - Sync 2 DAGs
[2024-12-29T00:26:57.366+0000] {logging_mixin.py:190} INFO - [2024-12-29T00:26:57.365+0000] {dag.py:4180} INFO - Setting next_dagrun for example_xcom_args to None, run_after=None
[2024-12-29T00:26:57.371+0000] {logging_mixin.py:190} INFO - [2024-12-29T00:26:57.370+0000] {dag.py:4180} INFO - Setting next_dagrun for example_xcom_args_with_operators to None, run_after=None
[2024-12-29T00:26:57.397+0000] {processor.py:208} INFO - Processing /home/airflow/.local/lib/python3.12/site-packages/airflow/example_dags/example_xcomargs.py took 0.106 seconds
[2024-12-29T00:27:27.536+0000] {processor.py:186} INFO - Started process (PID=1060) to work on /home/airflow/.local/lib/python3.12/site-packages/airflow/example_dags/example_xcomargs.py
[2024-12-29T00:27:27.539+0000] {processor.py:914} INFO - Processing file /home/airflow/.local/lib/python3.12/site-packages/airflow/example_dags/example_xcomargs.py for tasks to queue
[2024-12-29T00:27:27.542+0000] {logging_mixin.py:190} INFO - [2024-12-29T00:27:27.541+0000] {dagbag.py:588} INFO - Filling up the DagBag from /home/airflow/.local/lib/python3.12/site-packages/airflow/example_dags/example_xcomargs.py
[2024-12-29T00:27:27.553+0000] {processor.py:925} INFO - DAG(s) 'example_xcom_args_with_operators', 'example_xcom_args' retrieved from /home/airflow/.local/lib/python3.12/site-packages/airflow/example_dags/example_xcomargs.py
[2024-12-29T00:27:27.590+0000] {logging_mixin.py:190} INFO - [2024-12-29T00:27:27.590+0000] {dag.py:3239} INFO - Sync 2 DAGs
[2024-12-29T00:27:27.610+0000] {logging_mixin.py:190} INFO - [2024-12-29T00:27:27.610+0000] {dag.py:4180} INFO - Setting next_dagrun for example_xcom_args to None, run_after=None
[2024-12-29T00:27:27.616+0000] {logging_mixin.py:190} INFO - [2024-12-29T00:27:27.615+0000] {dag.py:4180} INFO - Setting next_dagrun for example_xcom_args_with_operators to None, run_after=None
[2024-12-29T00:27:27.642+0000] {processor.py:208} INFO - Processing /home/airflow/.local/lib/python3.12/site-packages/airflow/example_dags/example_xcomargs.py took 0.112 seconds
[2024-12-29T00:27:58.017+0000] {processor.py:186} INFO - Started process (PID=1125) to work on /home/airflow/.local/lib/python3.12/site-packages/airflow/example_dags/example_xcomargs.py
[2024-12-29T00:27:58.018+0000] {processor.py:914} INFO - Processing file /home/airflow/.local/lib/python3.12/site-packages/airflow/example_dags/example_xcomargs.py for tasks to queue
[2024-12-29T00:27:58.021+0000] {logging_mixin.py:190} INFO - [2024-12-29T00:27:58.021+0000] {dagbag.py:588} INFO - Filling up the DagBag from /home/airflow/.local/lib/python3.12/site-packages/airflow/example_dags/example_xcomargs.py
[2024-12-29T00:27:58.033+0000] {processor.py:925} INFO - DAG(s) 'example_xcom_args', 'example_xcom_args_with_operators' retrieved from /home/airflow/.local/lib/python3.12/site-packages/airflow/example_dags/example_xcomargs.py
[2024-12-29T00:27:58.064+0000] {logging_mixin.py:190} INFO - [2024-12-29T00:27:58.063+0000] {dag.py:3239} INFO - Sync 2 DAGs
[2024-12-29T00:27:58.081+0000] {logging_mixin.py:190} INFO - [2024-12-29T00:27:58.081+0000] {dag.py:4180} INFO - Setting next_dagrun for example_xcom_args to None, run_after=None
[2024-12-29T00:27:58.086+0000] {logging_mixin.py:190} INFO - [2024-12-29T00:27:58.086+0000] {dag.py:4180} INFO - Setting next_dagrun for example_xcom_args_with_operators to None, run_after=None
[2024-12-29T00:27:58.111+0000] {processor.py:208} INFO - Processing /home/airflow/.local/lib/python3.12/site-packages/airflow/example_dags/example_xcomargs.py took 0.099 seconds
[2024-12-29T00:28:28.539+0000] {processor.py:186} INFO - Started process (PID=1191) to work on /home/airflow/.local/lib/python3.12/site-packages/airflow/example_dags/example_xcomargs.py
[2024-12-29T00:28:28.541+0000] {processor.py:914} INFO - Processing file /home/airflow/.local/lib/python3.12/site-packages/airflow/example_dags/example_xcomargs.py for tasks to queue
[2024-12-29T00:28:28.544+0000] {logging_mixin.py:190} INFO - [2024-12-29T00:28:28.543+0000] {dagbag.py:588} INFO - Filling up the DagBag from /home/airflow/.local/lib/python3.12/site-packages/airflow/example_dags/example_xcomargs.py
[2024-12-29T00:28:28.554+0000] {processor.py:925} INFO - DAG(s) 'example_xcom_args', 'example_xcom_args_with_operators' retrieved from /home/airflow/.local/lib/python3.12/site-packages/airflow/example_dags/example_xcomargs.py
[2024-12-29T00:28:28.582+0000] {logging_mixin.py:190} INFO - [2024-12-29T00:28:28.582+0000] {dag.py:3239} INFO - Sync 2 DAGs
[2024-12-29T00:28:28.598+0000] {logging_mixin.py:190} INFO - [2024-12-29T00:28:28.598+0000] {dag.py:4180} INFO - Setting next_dagrun for example_xcom_args to None, run_after=None
[2024-12-29T00:28:28.603+0000] {logging_mixin.py:190} INFO - [2024-12-29T00:28:28.603+0000] {dag.py:4180} INFO - Setting next_dagrun for example_xcom_args_with_operators to None, run_after=None
[2024-12-29T00:28:28.625+0000] {processor.py:208} INFO - Processing /home/airflow/.local/lib/python3.12/site-packages/airflow/example_dags/example_xcomargs.py took 0.092 seconds
[2024-12-29T00:28:59.002+0000] {processor.py:186} INFO - Started process (PID=1255) to work on /home/airflow/.local/lib/python3.12/site-packages/airflow/example_dags/example_xcomargs.py
[2024-12-29T00:28:59.004+0000] {processor.py:914} INFO - Processing file /home/airflow/.local/lib/python3.12/site-packages/airflow/example_dags/example_xcomargs.py for tasks to queue
[2024-12-29T00:28:59.006+0000] {logging_mixin.py:190} INFO - [2024-12-29T00:28:59.006+0000] {dagbag.py:588} INFO - Filling up the DagBag from /home/airflow/.local/lib/python3.12/site-packages/airflow/example_dags/example_xcomargs.py
[2024-12-29T00:28:59.017+0000] {processor.py:925} INFO - DAG(s) 'example_xcom_args', 'example_xcom_args_with_operators' retrieved from /home/airflow/.local/lib/python3.12/site-packages/airflow/example_dags/example_xcomargs.py
[2024-12-29T00:28:59.045+0000] {logging_mixin.py:190} INFO - [2024-12-29T00:28:59.045+0000] {dag.py:3239} INFO - Sync 2 DAGs
[2024-12-29T00:28:59.060+0000] {logging_mixin.py:190} INFO - [2024-12-29T00:28:59.060+0000] {dag.py:4180} INFO - Setting next_dagrun for example_xcom_args to None, run_after=None
[2024-12-29T00:28:59.065+0000] {logging_mixin.py:190} INFO - [2024-12-29T00:28:59.065+0000] {dag.py:4180} INFO - Setting next_dagrun for example_xcom_args_with_operators to None, run_after=None
[2024-12-29T00:28:59.087+0000] {processor.py:208} INFO - Processing /home/airflow/.local/lib/python3.12/site-packages/airflow/example_dags/example_xcomargs.py took 0.091 seconds
[2024-12-29T00:29:29.687+0000] {processor.py:186} INFO - Started process (PID=1320) to work on /home/airflow/.local/lib/python3.12/site-packages/airflow/example_dags/example_xcomargs.py
[2024-12-29T00:29:29.688+0000] {processor.py:914} INFO - Processing file /home/airflow/.local/lib/python3.12/site-packages/airflow/example_dags/example_xcomargs.py for tasks to queue
[2024-12-29T00:29:29.692+0000] {logging_mixin.py:190} INFO - [2024-12-29T00:29:29.691+0000] {dagbag.py:588} INFO - Filling up the DagBag from /home/airflow/.local/lib/python3.12/site-packages/airflow/example_dags/example_xcomargs.py
[2024-12-29T00:29:29.705+0000] {processor.py:925} INFO - DAG(s) 'example_xcom_args', 'example_xcom_args_with_operators' retrieved from /home/airflow/.local/lib/python3.12/site-packages/airflow/example_dags/example_xcomargs.py
[2024-12-29T00:29:29.742+0000] {logging_mixin.py:190} INFO - [2024-12-29T00:29:29.741+0000] {dag.py:3239} INFO - Sync 2 DAGs
[2024-12-29T00:29:29.765+0000] {logging_mixin.py:190} INFO - [2024-12-29T00:29:29.764+0000] {dag.py:4180} INFO - Setting next_dagrun for example_xcom_args to None, run_after=None
[2024-12-29T00:29:29.770+0000] {logging_mixin.py:190} INFO - [2024-12-29T00:29:29.770+0000] {dag.py:4180} INFO - Setting next_dagrun for example_xcom_args_with_operators to None, run_after=None
[2024-12-29T00:29:29.797+0000] {processor.py:208} INFO - Processing /home/airflow/.local/lib/python3.12/site-packages/airflow/example_dags/example_xcomargs.py took 0.119 seconds
[2024-12-29T00:30:00.437+0000] {processor.py:186} INFO - Started process (PID=1385) to work on /home/airflow/.local/lib/python3.12/site-packages/airflow/example_dags/example_xcomargs.py
[2024-12-29T00:30:00.440+0000] {processor.py:914} INFO - Processing file /home/airflow/.local/lib/python3.12/site-packages/airflow/example_dags/example_xcomargs.py for tasks to queue
[2024-12-29T00:30:00.443+0000] {logging_mixin.py:190} INFO - [2024-12-29T00:30:00.443+0000] {dagbag.py:588} INFO - Filling up the DagBag from /home/airflow/.local/lib/python3.12/site-packages/airflow/example_dags/example_xcomargs.py
[2024-12-29T00:30:00.470+0000] {processor.py:925} INFO - DAG(s) 'example_xcom_args_with_operators', 'example_xcom_args' retrieved from /home/airflow/.local/lib/python3.12/site-packages/airflow/example_dags/example_xcomargs.py
[2024-12-29T00:30:00.520+0000] {logging_mixin.py:190} INFO - [2024-12-29T00:30:00.519+0000] {dag.py:3239} INFO - Sync 2 DAGs
[2024-12-29T00:30:00.549+0000] {logging_mixin.py:190} INFO - [2024-12-29T00:30:00.549+0000] {dag.py:4180} INFO - Setting next_dagrun for example_xcom_args to None, run_after=None
[2024-12-29T00:30:00.557+0000] {logging_mixin.py:190} INFO - [2024-12-29T00:30:00.556+0000] {dag.py:4180} INFO - Setting next_dagrun for example_xcom_args_with_operators to None, run_after=None
[2024-12-29T00:30:00.606+0000] {processor.py:208} INFO - Processing /home/airflow/.local/lib/python3.12/site-packages/airflow/example_dags/example_xcomargs.py took 0.181 seconds
[2024-12-29T00:30:31.286+0000] {processor.py:186} INFO - Started process (PID=1450) to work on /home/airflow/.local/lib/python3.12/site-packages/airflow/example_dags/example_xcomargs.py
[2024-12-29T00:30:31.292+0000] {processor.py:914} INFO - Processing file /home/airflow/.local/lib/python3.12/site-packages/airflow/example_dags/example_xcomargs.py for tasks to queue
[2024-12-29T00:30:31.295+0000] {logging_mixin.py:190} INFO - [2024-12-29T00:30:31.295+0000] {dagbag.py:588} INFO - Filling up the DagBag from /home/airflow/.local/lib/python3.12/site-packages/airflow/example_dags/example_xcomargs.py
[2024-12-29T00:30:31.309+0000] {processor.py:925} INFO - DAG(s) 'example_xcom_args_with_operators', 'example_xcom_args' retrieved from /home/airflow/.local/lib/python3.12/site-packages/airflow/example_dags/example_xcomargs.py
[2024-12-29T00:30:31.349+0000] {logging_mixin.py:190} INFO - [2024-12-29T00:30:31.348+0000] {dag.py:3239} INFO - Sync 2 DAGs
[2024-12-29T00:30:31.374+0000] {logging_mixin.py:190} INFO - [2024-12-29T00:30:31.374+0000] {dag.py:4180} INFO - Setting next_dagrun for example_xcom_args to None, run_after=None
[2024-12-29T00:30:31.381+0000] {logging_mixin.py:190} INFO - [2024-12-29T00:30:31.380+0000] {dag.py:4180} INFO - Setting next_dagrun for example_xcom_args_with_operators to None, run_after=None
[2024-12-29T00:30:31.411+0000] {processor.py:208} INFO - Processing /home/airflow/.local/lib/python3.12/site-packages/airflow/example_dags/example_xcomargs.py took 0.132 seconds
[2024-12-29T00:31:02.508+0000] {processor.py:186} INFO - Started process (PID=1515) to work on /home/airflow/.local/lib/python3.12/site-packages/airflow/example_dags/example_xcomargs.py
[2024-12-29T00:31:02.510+0000] {processor.py:914} INFO - Processing file /home/airflow/.local/lib/python3.12/site-packages/airflow/example_dags/example_xcomargs.py for tasks to queue
[2024-12-29T00:31:02.513+0000] {logging_mixin.py:190} INFO - [2024-12-29T00:31:02.513+0000] {dagbag.py:588} INFO - Filling up the DagBag from /home/airflow/.local/lib/python3.12/site-packages/airflow/example_dags/example_xcomargs.py
[2024-12-29T00:31:02.527+0000] {processor.py:925} INFO - DAG(s) 'example_xcom_args_with_operators', 'example_xcom_args' retrieved from /home/airflow/.local/lib/python3.12/site-packages/airflow/example_dags/example_xcomargs.py
[2024-12-29T00:31:02.562+0000] {logging_mixin.py:190} INFO - [2024-12-29T00:31:02.561+0000] {dag.py:3239} INFO - Sync 2 DAGs
[2024-12-29T00:31:02.581+0000] {logging_mixin.py:190} INFO - [2024-12-29T00:31:02.581+0000] {dag.py:4180} INFO - Setting next_dagrun for example_xcom_args to None, run_after=None
[2024-12-29T00:31:02.587+0000] {logging_mixin.py:190} INFO - [2024-12-29T00:31:02.587+0000] {dag.py:4180} INFO - Setting next_dagrun for example_xcom_args_with_operators to None, run_after=None
[2024-12-29T00:31:02.614+0000] {processor.py:208} INFO - Processing /home/airflow/.local/lib/python3.12/site-packages/airflow/example_dags/example_xcomargs.py took 0.113 seconds
[2024-12-29T00:31:32.845+0000] {processor.py:186} INFO - Started process (PID=1571) to work on /home/airflow/.local/lib/python3.12/site-packages/airflow/example_dags/example_xcomargs.py
[2024-12-29T00:31:32.847+0000] {processor.py:914} INFO - Processing file /home/airflow/.local/lib/python3.12/site-packages/airflow/example_dags/example_xcomargs.py for tasks to queue
[2024-12-29T00:31:32.849+0000] {logging_mixin.py:190} INFO - [2024-12-29T00:31:32.849+0000] {dagbag.py:588} INFO - Filling up the DagBag from /home/airflow/.local/lib/python3.12/site-packages/airflow/example_dags/example_xcomargs.py
[2024-12-29T00:31:32.860+0000] {processor.py:925} INFO - DAG(s) 'example_xcom_args_with_operators', 'example_xcom_args' retrieved from /home/airflow/.local/lib/python3.12/site-packages/airflow/example_dags/example_xcomargs.py
[2024-12-29T00:31:32.890+0000] {logging_mixin.py:190} INFO - [2024-12-29T00:31:32.890+0000] {dag.py:3239} INFO - Sync 2 DAGs
[2024-12-29T00:31:32.907+0000] {logging_mixin.py:190} INFO - [2024-12-29T00:31:32.906+0000] {dag.py:4180} INFO - Setting next_dagrun for example_xcom_args to None, run_after=None
[2024-12-29T00:31:32.911+0000] {logging_mixin.py:190} INFO - [2024-12-29T00:31:32.911+0000] {dag.py:4180} INFO - Setting next_dagrun for example_xcom_args_with_operators to None, run_after=None
[2024-12-29T00:31:32.935+0000] {processor.py:208} INFO - Processing /home/airflow/.local/lib/python3.12/site-packages/airflow/example_dags/example_xcomargs.py took 0.095 seconds
[2024-12-29T00:32:03.730+0000] {processor.py:186} INFO - Started process (PID=1635) to work on /home/airflow/.local/lib/python3.12/site-packages/airflow/example_dags/example_xcomargs.py
[2024-12-29T00:32:03.731+0000] {processor.py:914} INFO - Processing file /home/airflow/.local/lib/python3.12/site-packages/airflow/example_dags/example_xcomargs.py for tasks to queue
[2024-12-29T00:32:03.734+0000] {logging_mixin.py:190} INFO - [2024-12-29T00:32:03.734+0000] {dagbag.py:588} INFO - Filling up the DagBag from /home/airflow/.local/lib/python3.12/site-packages/airflow/example_dags/example_xcomargs.py
[2024-12-29T00:32:03.743+0000] {processor.py:925} INFO - DAG(s) 'example_xcom_args_with_operators', 'example_xcom_args' retrieved from /home/airflow/.local/lib/python3.12/site-packages/airflow/example_dags/example_xcomargs.py
[2024-12-29T00:32:03.770+0000] {logging_mixin.py:190} INFO - [2024-12-29T00:32:03.770+0000] {dag.py:3239} INFO - Sync 2 DAGs
[2024-12-29T00:32:03.786+0000] {logging_mixin.py:190} INFO - [2024-12-29T00:32:03.786+0000] {dag.py:4180} INFO - Setting next_dagrun for example_xcom_args to None, run_after=None
[2024-12-29T00:32:03.791+0000] {logging_mixin.py:190} INFO - [2024-12-29T00:32:03.791+0000] {dag.py:4180} INFO - Setting next_dagrun for example_xcom_args_with_operators to None, run_after=None
[2024-12-29T00:32:03.812+0000] {processor.py:208} INFO - Processing /home/airflow/.local/lib/python3.12/site-packages/airflow/example_dags/example_xcomargs.py took 0.088 seconds
[2024-12-29T00:32:35.093+0000] {processor.py:186} INFO - Started process (PID=1694) to work on /home/airflow/.local/lib/python3.12/site-packages/airflow/example_dags/example_xcomargs.py
[2024-12-29T00:32:35.096+0000] {processor.py:914} INFO - Processing file /home/airflow/.local/lib/python3.12/site-packages/airflow/example_dags/example_xcomargs.py for tasks to queue
[2024-12-29T00:32:35.099+0000] {logging_mixin.py:190} INFO - [2024-12-29T00:32:35.099+0000] {dagbag.py:588} INFO - Filling up the DagBag from /home/airflow/.local/lib/python3.12/site-packages/airflow/example_dags/example_xcomargs.py
[2024-12-29T00:32:35.112+0000] {processor.py:925} INFO - DAG(s) 'example_xcom_args', 'example_xcom_args_with_operators' retrieved from /home/airflow/.local/lib/python3.12/site-packages/airflow/example_dags/example_xcomargs.py
[2024-12-29T00:32:35.147+0000] {logging_mixin.py:190} INFO - [2024-12-29T00:32:35.147+0000] {dag.py:3239} INFO - Sync 2 DAGs
[2024-12-29T00:32:35.168+0000] {logging_mixin.py:190} INFO - [2024-12-29T00:32:35.168+0000] {dag.py:4180} INFO - Setting next_dagrun for example_xcom_args to None, run_after=None
[2024-12-29T00:32:35.174+0000] {logging_mixin.py:190} INFO - [2024-12-29T00:32:35.173+0000] {dag.py:4180} INFO - Setting next_dagrun for example_xcom_args_with_operators to None, run_after=None
[2024-12-29T00:32:35.205+0000] {processor.py:208} INFO - Processing /home/airflow/.local/lib/python3.12/site-packages/airflow/example_dags/example_xcomargs.py took 0.119 seconds
[2024-12-29T00:33:05.670+0000] {processor.py:186} INFO - Started process (PID=1753) to work on /home/airflow/.local/lib/python3.12/site-packages/airflow/example_dags/example_xcomargs.py
[2024-12-29T00:33:05.672+0000] {processor.py:914} INFO - Processing file /home/airflow/.local/lib/python3.12/site-packages/airflow/example_dags/example_xcomargs.py for tasks to queue
[2024-12-29T00:33:05.674+0000] {logging_mixin.py:190} INFO - [2024-12-29T00:33:05.674+0000] {dagbag.py:588} INFO - Filling up the DagBag from /home/airflow/.local/lib/python3.12/site-packages/airflow/example_dags/example_xcomargs.py
[2024-12-29T00:33:05.685+0000] {processor.py:925} INFO - DAG(s) 'example_xcom_args', 'example_xcom_args_with_operators' retrieved from /home/airflow/.local/lib/python3.12/site-packages/airflow/example_dags/example_xcomargs.py
[2024-12-29T00:33:05.717+0000] {logging_mixin.py:190} INFO - [2024-12-29T00:33:05.716+0000] {dag.py:3239} INFO - Sync 2 DAGs
[2024-12-29T00:33:05.734+0000] {logging_mixin.py:190} INFO - [2024-12-29T00:33:05.733+0000] {dag.py:4180} INFO - Setting next_dagrun for example_xcom_args to None, run_after=None
[2024-12-29T00:33:05.738+0000] {logging_mixin.py:190} INFO - [2024-12-29T00:33:05.738+0000] {dag.py:4180} INFO - Setting next_dagrun for example_xcom_args_with_operators to None, run_after=None
[2024-12-29T00:33:05.762+0000] {processor.py:208} INFO - Processing /home/airflow/.local/lib/python3.12/site-packages/airflow/example_dags/example_xcomargs.py took 0.098 seconds
[2024-12-29T00:33:36.356+0000] {processor.py:186} INFO - Started process (PID=1815) to work on /home/airflow/.local/lib/python3.12/site-packages/airflow/example_dags/example_xcomargs.py
[2024-12-29T00:33:36.359+0000] {processor.py:914} INFO - Processing file /home/airflow/.local/lib/python3.12/site-packages/airflow/example_dags/example_xcomargs.py for tasks to queue
[2024-12-29T00:33:36.362+0000] {logging_mixin.py:190} INFO - [2024-12-29T00:33:36.362+0000] {dagbag.py:588} INFO - Filling up the DagBag from /home/airflow/.local/lib/python3.12/site-packages/airflow/example_dags/example_xcomargs.py
[2024-12-29T00:33:36.377+0000] {processor.py:925} INFO - DAG(s) 'example_xcom_args', 'example_xcom_args_with_operators' retrieved from /home/airflow/.local/lib/python3.12/site-packages/airflow/example_dags/example_xcomargs.py
[2024-12-29T00:33:36.415+0000] {logging_mixin.py:190} INFO - [2024-12-29T00:33:36.415+0000] {dag.py:3239} INFO - Sync 2 DAGs
[2024-12-29T00:33:36.436+0000] {logging_mixin.py:190} INFO - [2024-12-29T00:33:36.435+0000] {dag.py:4180} INFO - Setting next_dagrun for example_xcom_args to None, run_after=None
[2024-12-29T00:33:36.441+0000] {logging_mixin.py:190} INFO - [2024-12-29T00:33:36.441+0000] {dag.py:4180} INFO - Setting next_dagrun for example_xcom_args_with_operators to None, run_after=None
[2024-12-29T00:33:36.467+0000] {processor.py:208} INFO - Processing /home/airflow/.local/lib/python3.12/site-packages/airflow/example_dags/example_xcomargs.py took 0.121 seconds
[2024-12-29T00:34:06.670+0000] {processor.py:186} INFO - Started process (PID=1880) to work on /home/airflow/.local/lib/python3.12/site-packages/airflow/example_dags/example_xcomargs.py
[2024-12-29T00:34:06.671+0000] {processor.py:914} INFO - Processing file /home/airflow/.local/lib/python3.12/site-packages/airflow/example_dags/example_xcomargs.py for tasks to queue
[2024-12-29T00:34:06.674+0000] {logging_mixin.py:190} INFO - [2024-12-29T00:34:06.674+0000] {dagbag.py:588} INFO - Filling up the DagBag from /home/airflow/.local/lib/python3.12/site-packages/airflow/example_dags/example_xcomargs.py
[2024-12-29T00:34:06.686+0000] {processor.py:925} INFO - DAG(s) 'example_xcom_args_with_operators', 'example_xcom_args' retrieved from /home/airflow/.local/lib/python3.12/site-packages/airflow/example_dags/example_xcomargs.py
[2024-12-29T00:34:06.721+0000] {logging_mixin.py:190} INFO - [2024-12-29T00:34:06.721+0000] {dag.py:3239} INFO - Sync 2 DAGs
[2024-12-29T00:34:06.747+0000] {logging_mixin.py:190} INFO - [2024-12-29T00:34:06.747+0000] {dag.py:4180} INFO - Setting next_dagrun for example_xcom_args to None, run_after=None
[2024-12-29T00:34:06.753+0000] {logging_mixin.py:190} INFO - [2024-12-29T00:34:06.752+0000] {dag.py:4180} INFO - Setting next_dagrun for example_xcom_args_with_operators to None, run_after=None
[2024-12-29T00:34:06.781+0000] {processor.py:208} INFO - Processing /home/airflow/.local/lib/python3.12/site-packages/airflow/example_dags/example_xcomargs.py took 0.118 seconds
[2024-12-29T00:34:37.899+0000] {processor.py:186} INFO - Started process (PID=1945) to work on /home/airflow/.local/lib/python3.12/site-packages/airflow/example_dags/example_xcomargs.py
[2024-12-29T00:34:37.901+0000] {processor.py:914} INFO - Processing file /home/airflow/.local/lib/python3.12/site-packages/airflow/example_dags/example_xcomargs.py for tasks to queue
[2024-12-29T00:34:37.904+0000] {logging_mixin.py:190} INFO - [2024-12-29T00:34:37.903+0000] {dagbag.py:588} INFO - Filling up the DagBag from /home/airflow/.local/lib/python3.12/site-packages/airflow/example_dags/example_xcomargs.py
[2024-12-29T00:34:37.918+0000] {processor.py:925} INFO - DAG(s) 'example_xcom_args', 'example_xcom_args_with_operators' retrieved from /home/airflow/.local/lib/python3.12/site-packages/airflow/example_dags/example_xcomargs.py
[2024-12-29T00:34:37.957+0000] {logging_mixin.py:190} INFO - [2024-12-29T00:34:37.956+0000] {dag.py:3239} INFO - Sync 2 DAGs
[2024-12-29T00:34:37.979+0000] {logging_mixin.py:190} INFO - [2024-12-29T00:34:37.979+0000] {dag.py:4180} INFO - Setting next_dagrun for example_xcom_args to None, run_after=None
[2024-12-29T00:34:37.985+0000] {logging_mixin.py:190} INFO - [2024-12-29T00:34:37.985+0000] {dag.py:4180} INFO - Setting next_dagrun for example_xcom_args_with_operators to None, run_after=None
[2024-12-29T00:34:38.016+0000] {processor.py:208} INFO - Processing /home/airflow/.local/lib/python3.12/site-packages/airflow/example_dags/example_xcomargs.py took 0.124 seconds
[2024-12-29T00:35:08.270+0000] {processor.py:186} INFO - Started process (PID=2008) to work on /home/airflow/.local/lib/python3.12/site-packages/airflow/example_dags/example_xcomargs.py
[2024-12-29T00:35:08.271+0000] {processor.py:914} INFO - Processing file /home/airflow/.local/lib/python3.12/site-packages/airflow/example_dags/example_xcomargs.py for tasks to queue
[2024-12-29T00:35:08.273+0000] {logging_mixin.py:190} INFO - [2024-12-29T00:35:08.273+0000] {dagbag.py:588} INFO - Filling up the DagBag from /home/airflow/.local/lib/python3.12/site-packages/airflow/example_dags/example_xcomargs.py
[2024-12-29T00:35:08.284+0000] {processor.py:925} INFO - DAG(s) 'example_xcom_args', 'example_xcom_args_with_operators' retrieved from /home/airflow/.local/lib/python3.12/site-packages/airflow/example_dags/example_xcomargs.py
[2024-12-29T00:35:08.316+0000] {logging_mixin.py:190} INFO - [2024-12-29T00:35:08.316+0000] {dag.py:3239} INFO - Sync 2 DAGs
[2024-12-29T00:35:08.331+0000] {logging_mixin.py:190} INFO - [2024-12-29T00:35:08.331+0000] {dag.py:4180} INFO - Setting next_dagrun for example_xcom_args to None, run_after=None
[2024-12-29T00:35:08.336+0000] {logging_mixin.py:190} INFO - [2024-12-29T00:35:08.336+0000] {dag.py:4180} INFO - Setting next_dagrun for example_xcom_args_with_operators to None, run_after=None
[2024-12-29T00:35:08.358+0000] {processor.py:208} INFO - Processing /home/airflow/.local/lib/python3.12/site-packages/airflow/example_dags/example_xcomargs.py took 0.094 seconds
[2024-12-29T00:35:38.547+0000] {processor.py:186} INFO - Started process (PID=2072) to work on /home/airflow/.local/lib/python3.12/site-packages/airflow/example_dags/example_xcomargs.py
[2024-12-29T00:35:38.548+0000] {processor.py:914} INFO - Processing file /home/airflow/.local/lib/python3.12/site-packages/airflow/example_dags/example_xcomargs.py for tasks to queue
[2024-12-29T00:35:38.551+0000] {logging_mixin.py:190} INFO - [2024-12-29T00:35:38.550+0000] {dagbag.py:588} INFO - Filling up the DagBag from /home/airflow/.local/lib/python3.12/site-packages/airflow/example_dags/example_xcomargs.py
[2024-12-29T00:35:38.560+0000] {processor.py:925} INFO - DAG(s) 'example_xcom_args', 'example_xcom_args_with_operators' retrieved from /home/airflow/.local/lib/python3.12/site-packages/airflow/example_dags/example_xcomargs.py
[2024-12-29T00:35:38.594+0000] {logging_mixin.py:190} INFO - [2024-12-29T00:35:38.594+0000] {dag.py:3239} INFO - Sync 2 DAGs
[2024-12-29T00:35:38.615+0000] {logging_mixin.py:190} INFO - [2024-12-29T00:35:38.615+0000] {dag.py:4180} INFO - Setting next_dagrun for example_xcom_args to None, run_after=None
[2024-12-29T00:35:38.620+0000] {logging_mixin.py:190} INFO - [2024-12-29T00:35:38.620+0000] {dag.py:4180} INFO - Setting next_dagrun for example_xcom_args_with_operators to None, run_after=None
[2024-12-29T00:35:38.646+0000] {processor.py:208} INFO - Processing /home/airflow/.local/lib/python3.12/site-packages/airflow/example_dags/example_xcomargs.py took 0.105 seconds
[2024-12-29T00:36:09.338+0000] {processor.py:186} INFO - Started process (PID=2137) to work on /home/airflow/.local/lib/python3.12/site-packages/airflow/example_dags/example_xcomargs.py
[2024-12-29T00:36:09.340+0000] {processor.py:914} INFO - Processing file /home/airflow/.local/lib/python3.12/site-packages/airflow/example_dags/example_xcomargs.py for tasks to queue
[2024-12-29T00:36:09.343+0000] {logging_mixin.py:190} INFO - [2024-12-29T00:36:09.343+0000] {dagbag.py:588} INFO - Filling up the DagBag from /home/airflow/.local/lib/python3.12/site-packages/airflow/example_dags/example_xcomargs.py
[2024-12-29T00:36:09.353+0000] {processor.py:925} INFO - DAG(s) 'example_xcom_args', 'example_xcom_args_with_operators' retrieved from /home/airflow/.local/lib/python3.12/site-packages/airflow/example_dags/example_xcomargs.py
[2024-12-29T00:36:09.385+0000] {logging_mixin.py:190} INFO - [2024-12-29T00:36:09.384+0000] {dag.py:3239} INFO - Sync 2 DAGs
[2024-12-29T00:36:09.400+0000] {logging_mixin.py:190} INFO - [2024-12-29T00:36:09.399+0000] {dag.py:4180} INFO - Setting next_dagrun for example_xcom_args to None, run_after=None
[2024-12-29T00:36:09.404+0000] {logging_mixin.py:190} INFO - [2024-12-29T00:36:09.404+0000] {dag.py:4180} INFO - Setting next_dagrun for example_xcom_args_with_operators to None, run_after=None
[2024-12-29T00:36:09.426+0000] {processor.py:208} INFO - Processing /home/airflow/.local/lib/python3.12/site-packages/airflow/example_dags/example_xcomargs.py took 0.093 seconds
[2024-12-29T00:36:39.717+0000] {processor.py:186} INFO - Started process (PID=2202) to work on /home/airflow/.local/lib/python3.12/site-packages/airflow/example_dags/example_xcomargs.py
[2024-12-29T00:36:39.719+0000] {processor.py:914} INFO - Processing file /home/airflow/.local/lib/python3.12/site-packages/airflow/example_dags/example_xcomargs.py for tasks to queue
[2024-12-29T00:36:39.722+0000] {logging_mixin.py:190} INFO - [2024-12-29T00:36:39.721+0000] {dagbag.py:588} INFO - Filling up the DagBag from /home/airflow/.local/lib/python3.12/site-packages/airflow/example_dags/example_xcomargs.py
[2024-12-29T00:36:39.734+0000] {processor.py:925} INFO - DAG(s) 'example_xcom_args', 'example_xcom_args_with_operators' retrieved from /home/airflow/.local/lib/python3.12/site-packages/airflow/example_dags/example_xcomargs.py
[2024-12-29T00:36:39.770+0000] {logging_mixin.py:190} INFO - [2024-12-29T00:36:39.769+0000] {dag.py:3239} INFO - Sync 2 DAGs
[2024-12-29T00:36:39.789+0000] {logging_mixin.py:190} INFO - [2024-12-29T00:36:39.789+0000] {dag.py:4180} INFO - Setting next_dagrun for example_xcom_args to None, run_after=None
[2024-12-29T00:36:39.795+0000] {logging_mixin.py:190} INFO - [2024-12-29T00:36:39.794+0000] {dag.py:4180} INFO - Setting next_dagrun for example_xcom_args_with_operators to None, run_after=None
[2024-12-29T00:36:39.820+0000] {processor.py:208} INFO - Processing /home/airflow/.local/lib/python3.12/site-packages/airflow/example_dags/example_xcomargs.py took 0.109 seconds
[2024-12-29T00:37:09.865+0000] {processor.py:186} INFO - Started process (PID=2268) to work on /home/airflow/.local/lib/python3.12/site-packages/airflow/example_dags/example_xcomargs.py
[2024-12-29T00:37:09.869+0000] {processor.py:914} INFO - Processing file /home/airflow/.local/lib/python3.12/site-packages/airflow/example_dags/example_xcomargs.py for tasks to queue
[2024-12-29T00:37:09.872+0000] {logging_mixin.py:190} INFO - [2024-12-29T00:37:09.871+0000] {dagbag.py:588} INFO - Filling up the DagBag from /home/airflow/.local/lib/python3.12/site-packages/airflow/example_dags/example_xcomargs.py
[2024-12-29T00:37:09.883+0000] {processor.py:925} INFO - DAG(s) 'example_xcom_args', 'example_xcom_args_with_operators' retrieved from /home/airflow/.local/lib/python3.12/site-packages/airflow/example_dags/example_xcomargs.py
[2024-12-29T00:37:09.918+0000] {logging_mixin.py:190} INFO - [2024-12-29T00:37:09.917+0000] {dag.py:3239} INFO - Sync 2 DAGs
[2024-12-29T00:37:09.936+0000] {logging_mixin.py:190} INFO - [2024-12-29T00:37:09.936+0000] {dag.py:4180} INFO - Setting next_dagrun for example_xcom_args to None, run_after=None
[2024-12-29T00:37:09.942+0000] {logging_mixin.py:190} INFO - [2024-12-29T00:37:09.941+0000] {dag.py:4180} INFO - Setting next_dagrun for example_xcom_args_with_operators to None, run_after=None
[2024-12-29T00:37:09.968+0000] {processor.py:208} INFO - Processing /home/airflow/.local/lib/python3.12/site-packages/airflow/example_dags/example_xcomargs.py took 0.109 seconds
[2024-12-29T00:37:40.180+0000] {processor.py:186} INFO - Started process (PID=2333) to work on /home/airflow/.local/lib/python3.12/site-packages/airflow/example_dags/example_xcomargs.py
[2024-12-29T00:37:40.182+0000] {processor.py:914} INFO - Processing file /home/airflow/.local/lib/python3.12/site-packages/airflow/example_dags/example_xcomargs.py for tasks to queue
[2024-12-29T00:37:40.184+0000] {logging_mixin.py:190} INFO - [2024-12-29T00:37:40.184+0000] {dagbag.py:588} INFO - Filling up the DagBag from /home/airflow/.local/lib/python3.12/site-packages/airflow/example_dags/example_xcomargs.py
[2024-12-29T00:37:40.196+0000] {processor.py:925} INFO - DAG(s) 'example_xcom_args', 'example_xcom_args_with_operators' retrieved from /home/airflow/.local/lib/python3.12/site-packages/airflow/example_dags/example_xcomargs.py
[2024-12-29T00:37:40.225+0000] {logging_mixin.py:190} INFO - [2024-12-29T00:37:40.225+0000] {dag.py:3239} INFO - Sync 2 DAGs
[2024-12-29T00:37:40.242+0000] {logging_mixin.py:190} INFO - [2024-12-29T00:37:40.242+0000] {dag.py:4180} INFO - Setting next_dagrun for example_xcom_args to None, run_after=None
[2024-12-29T00:37:40.247+0000] {logging_mixin.py:190} INFO - [2024-12-29T00:37:40.247+0000] {dag.py:4180} INFO - Setting next_dagrun for example_xcom_args_with_operators to None, run_after=None
[2024-12-29T00:37:40.270+0000] {processor.py:208} INFO - Processing /home/airflow/.local/lib/python3.12/site-packages/airflow/example_dags/example_xcomargs.py took 0.096 seconds
[2024-12-29T00:38:10.916+0000] {processor.py:186} INFO - Started process (PID=2404) to work on /home/airflow/.local/lib/python3.12/site-packages/airflow/example_dags/example_xcomargs.py
[2024-12-29T00:38:10.918+0000] {processor.py:914} INFO - Processing file /home/airflow/.local/lib/python3.12/site-packages/airflow/example_dags/example_xcomargs.py for tasks to queue
[2024-12-29T00:38:10.921+0000] {logging_mixin.py:190} INFO - [2024-12-29T00:38:10.921+0000] {dagbag.py:588} INFO - Filling up the DagBag from /home/airflow/.local/lib/python3.12/site-packages/airflow/example_dags/example_xcomargs.py
[2024-12-29T00:38:10.935+0000] {processor.py:925} INFO - DAG(s) 'example_xcom_args', 'example_xcom_args_with_operators' retrieved from /home/airflow/.local/lib/python3.12/site-packages/airflow/example_dags/example_xcomargs.py
[2024-12-29T00:38:10.977+0000] {logging_mixin.py:190} INFO - [2024-12-29T00:38:10.977+0000] {dag.py:3239} INFO - Sync 2 DAGs
[2024-12-29T00:38:10.998+0000] {logging_mixin.py:190} INFO - [2024-12-29T00:38:10.997+0000] {dag.py:4180} INFO - Setting next_dagrun for example_xcom_args to None, run_after=None
[2024-12-29T00:38:11.004+0000] {logging_mixin.py:190} INFO - [2024-12-29T00:38:11.003+0000] {dag.py:4180} INFO - Setting next_dagrun for example_xcom_args_with_operators to None, run_after=None
[2024-12-29T00:38:11.035+0000] {processor.py:208} INFO - Processing /home/airflow/.local/lib/python3.12/site-packages/airflow/example_dags/example_xcomargs.py took 0.127 seconds
