[2024-12-29T00:03:58.484+0000] {processor.py:186} INFO - Started process (PID=120) to work on /home/airflow/.local/lib/python3.12/site-packages/airflow/example_dags/example_branch_python_dop_operator_3.py
[2024-12-29T00:03:58.485+0000] {processor.py:914} INFO - Processing file /home/airflow/.local/lib/python3.12/site-packages/airflow/example_dags/example_branch_python_dop_operator_3.py for tasks to queue
[2024-12-29T00:03:58.488+0000] {logging_mixin.py:190} INFO - [2024-12-29T00:03:58.488+0000] {dagbag.py:588} INFO - Filling up the DagBag from /home/airflow/.local/lib/python3.12/site-packages/airflow/example_dags/example_branch_python_dop_operator_3.py
[2024-12-29T00:03:58.501+0000] {processor.py:925} INFO - DAG(s) 'example_branch_dop_operator_v3' retrieved from /home/airflow/.local/lib/python3.12/site-packages/airflow/example_dags/example_branch_python_dop_operator_3.py
[2024-12-29T00:03:58.658+0000] {logging_mixin.py:190} INFO - [2024-12-29T00:03:58.657+0000] {override.py:1911} INFO - Created Permission View: can read on DAG:example_branch_dop_operator_v3
[2024-12-29T00:03:58.675+0000] {logging_mixin.py:190} INFO - [2024-12-29T00:03:58.674+0000] {override.py:1911} INFO - Created Permission View: can edit on DAG:example_branch_dop_operator_v3
[2024-12-29T00:03:58.690+0000] {logging_mixin.py:190} INFO - [2024-12-29T00:03:58.690+0000] {override.py:1911} INFO - Created Permission View: can delete on DAG:example_branch_dop_operator_v3
[2024-12-29T00:03:58.708+0000] {logging_mixin.py:190} INFO - [2024-12-29T00:03:58.707+0000] {override.py:1911} INFO - Created Permission View: can create on DAG Run:example_branch_dop_operator_v3
[2024-12-29T00:03:58.724+0000] {logging_mixin.py:190} INFO - [2024-12-29T00:03:58.724+0000] {override.py:1911} INFO - Created Permission View: can read on DAG Run:example_branch_dop_operator_v3
[2024-12-29T00:03:58.739+0000] {logging_mixin.py:190} INFO - [2024-12-29T00:03:58.738+0000] {override.py:1911} INFO - Created Permission View: can delete on DAG Run:example_branch_dop_operator_v3
[2024-12-29T00:03:58.753+0000] {logging_mixin.py:190} INFO - [2024-12-29T00:03:58.752+0000] {override.py:1911} INFO - Created Permission View: menu access on DAG Run:example_branch_dop_operator_v3
[2024-12-29T00:03:58.753+0000] {logging_mixin.py:190} INFO - [2024-12-29T00:03:58.753+0000] {dag.py:3239} INFO - Sync 1 DAGs
[2024-12-29T00:03:58.781+0000] {logging_mixin.py:190} INFO - [2024-12-29T00:03:58.780+0000] {dag.py:3262} INFO - Creating ORM DAG for example_branch_dop_operator_v3
[2024-12-29T00:03:58.799+0000] {logging_mixin.py:190} INFO - [2024-12-29T00:03:58.799+0000] {dag.py:4180} INFO - Setting next_dagrun for example_branch_dop_operator_v3 to 2024-12-29 00:02:00+00:00, run_after=2024-12-29 00:03:00+00:00
[2024-12-29T00:03:58.826+0000] {processor.py:208} INFO - Processing /home/airflow/.local/lib/python3.12/site-packages/airflow/example_dags/example_branch_python_dop_operator_3.py took 0.349 seconds
[2024-12-29T00:04:29.337+0000] {processor.py:186} INFO - Started process (PID=184) to work on /home/airflow/.local/lib/python3.12/site-packages/airflow/example_dags/example_branch_python_dop_operator_3.py
[2024-12-29T00:04:29.339+0000] {processor.py:914} INFO - Processing file /home/airflow/.local/lib/python3.12/site-packages/airflow/example_dags/example_branch_python_dop_operator_3.py for tasks to queue
[2024-12-29T00:04:29.343+0000] {logging_mixin.py:190} INFO - [2024-12-29T00:04:29.342+0000] {dagbag.py:588} INFO - Filling up the DagBag from /home/airflow/.local/lib/python3.12/site-packages/airflow/example_dags/example_branch_python_dop_operator_3.py
[2024-12-29T00:04:29.356+0000] {processor.py:925} INFO - DAG(s) 'example_branch_dop_operator_v3' retrieved from /home/airflow/.local/lib/python3.12/site-packages/airflow/example_dags/example_branch_python_dop_operator_3.py
[2024-12-29T00:04:29.387+0000] {logging_mixin.py:190} INFO - [2024-12-29T00:04:29.386+0000] {dag.py:3239} INFO - Sync 1 DAGs
[2024-12-29T00:04:29.428+0000] {logging_mixin.py:190} INFO - [2024-12-29T00:04:29.428+0000] {dag.py:4180} INFO - Setting next_dagrun for example_branch_dop_operator_v3 to 2024-12-29 00:03:00+00:00, run_after=2024-12-29 00:04:00+00:00
[2024-12-29T00:04:29.460+0000] {processor.py:208} INFO - Processing /home/airflow/.local/lib/python3.12/site-packages/airflow/example_dags/example_branch_python_dop_operator_3.py took 0.130 seconds
[2024-12-29T00:05:02.374+0000] {processor.py:186} INFO - Started process (PID=248) to work on /home/airflow/.local/lib/python3.12/site-packages/airflow/example_dags/example_branch_python_dop_operator_3.py
[2024-12-29T00:05:02.375+0000] {processor.py:914} INFO - Processing file /home/airflow/.local/lib/python3.12/site-packages/airflow/example_dags/example_branch_python_dop_operator_3.py for tasks to queue
[2024-12-29T00:05:02.379+0000] {logging_mixin.py:190} INFO - [2024-12-29T00:05:02.378+0000] {dagbag.py:588} INFO - Filling up the DagBag from /home/airflow/.local/lib/python3.12/site-packages/airflow/example_dags/example_branch_python_dop_operator_3.py
[2024-12-29T00:05:02.395+0000] {processor.py:925} INFO - DAG(s) 'example_branch_dop_operator_v3' retrieved from /home/airflow/.local/lib/python3.12/site-packages/airflow/example_dags/example_branch_python_dop_operator_3.py
[2024-12-29T00:05:02.429+0000] {logging_mixin.py:190} INFO - [2024-12-29T00:05:02.428+0000] {dag.py:3239} INFO - Sync 1 DAGs
[2024-12-29T00:05:02.475+0000] {logging_mixin.py:190} INFO - [2024-12-29T00:05:02.474+0000] {dag.py:4180} INFO - Setting next_dagrun for example_branch_dop_operator_v3 to 2024-12-29 00:04:00+00:00, run_after=2024-12-29 00:05:00+00:00
[2024-12-29T00:05:02.513+0000] {processor.py:208} INFO - Processing /home/airflow/.local/lib/python3.12/site-packages/airflow/example_dags/example_branch_python_dop_operator_3.py took 0.147 seconds
[2024-12-29T00:05:33.735+0000] {processor.py:186} INFO - Started process (PID=311) to work on /home/airflow/.local/lib/python3.12/site-packages/airflow/example_dags/example_branch_python_dop_operator_3.py
[2024-12-29T00:05:33.736+0000] {processor.py:914} INFO - Processing file /home/airflow/.local/lib/python3.12/site-packages/airflow/example_dags/example_branch_python_dop_operator_3.py for tasks to queue
[2024-12-29T00:05:33.739+0000] {logging_mixin.py:190} INFO - [2024-12-29T00:05:33.739+0000] {dagbag.py:588} INFO - Filling up the DagBag from /home/airflow/.local/lib/python3.12/site-packages/airflow/example_dags/example_branch_python_dop_operator_3.py
[2024-12-29T00:05:33.752+0000] {processor.py:925} INFO - DAG(s) 'example_branch_dop_operator_v3' retrieved from /home/airflow/.local/lib/python3.12/site-packages/airflow/example_dags/example_branch_python_dop_operator_3.py
[2024-12-29T00:05:33.783+0000] {logging_mixin.py:190} INFO - [2024-12-29T00:05:33.783+0000] {dag.py:3239} INFO - Sync 1 DAGs
[2024-12-29T00:05:33.821+0000] {logging_mixin.py:190} INFO - [2024-12-29T00:05:33.820+0000] {dag.py:4180} INFO - Setting next_dagrun for example_branch_dop_operator_v3 to 2024-12-29 00:04:00+00:00, run_after=2024-12-29 00:05:00+00:00
[2024-12-29T00:05:33.849+0000] {processor.py:208} INFO - Processing /home/airflow/.local/lib/python3.12/site-packages/airflow/example_dags/example_branch_python_dop_operator_3.py took 0.121 seconds
[2024-12-29T00:06:05.204+0000] {processor.py:186} INFO - Started process (PID=376) to work on /home/airflow/.local/lib/python3.12/site-packages/airflow/example_dags/example_branch_python_dop_operator_3.py
[2024-12-29T00:06:05.205+0000] {processor.py:914} INFO - Processing file /home/airflow/.local/lib/python3.12/site-packages/airflow/example_dags/example_branch_python_dop_operator_3.py for tasks to queue
[2024-12-29T00:06:05.208+0000] {logging_mixin.py:190} INFO - [2024-12-29T00:06:05.207+0000] {dagbag.py:588} INFO - Filling up the DagBag from /home/airflow/.local/lib/python3.12/site-packages/airflow/example_dags/example_branch_python_dop_operator_3.py
[2024-12-29T00:06:05.219+0000] {processor.py:925} INFO - DAG(s) 'example_branch_dop_operator_v3' retrieved from /home/airflow/.local/lib/python3.12/site-packages/airflow/example_dags/example_branch_python_dop_operator_3.py
[2024-12-29T00:06:05.243+0000] {logging_mixin.py:190} INFO - [2024-12-29T00:06:05.243+0000] {dag.py:3239} INFO - Sync 1 DAGs
[2024-12-29T00:06:05.271+0000] {logging_mixin.py:190} INFO - [2024-12-29T00:06:05.270+0000] {dag.py:4180} INFO - Setting next_dagrun for example_branch_dop_operator_v3 to 2024-12-29 00:05:00+00:00, run_after=2024-12-29 00:06:00+00:00
[2024-12-29T00:06:05.295+0000] {processor.py:208} INFO - Processing /home/airflow/.local/lib/python3.12/site-packages/airflow/example_dags/example_branch_python_dop_operator_3.py took 0.097 seconds
[2024-12-29T00:06:36.674+0000] {processor.py:186} INFO - Started process (PID=440) to work on /home/airflow/.local/lib/python3.12/site-packages/airflow/example_dags/example_branch_python_dop_operator_3.py
[2024-12-29T00:06:36.675+0000] {processor.py:914} INFO - Processing file /home/airflow/.local/lib/python3.12/site-packages/airflow/example_dags/example_branch_python_dop_operator_3.py for tasks to queue
[2024-12-29T00:06:36.678+0000] {logging_mixin.py:190} INFO - [2024-12-29T00:06:36.677+0000] {dagbag.py:588} INFO - Filling up the DagBag from /home/airflow/.local/lib/python3.12/site-packages/airflow/example_dags/example_branch_python_dop_operator_3.py
[2024-12-29T00:06:36.690+0000] {processor.py:925} INFO - DAG(s) 'example_branch_dop_operator_v3' retrieved from /home/airflow/.local/lib/python3.12/site-packages/airflow/example_dags/example_branch_python_dop_operator_3.py
[2024-12-29T00:06:36.717+0000] {logging_mixin.py:190} INFO - [2024-12-29T00:06:36.717+0000] {dag.py:3239} INFO - Sync 1 DAGs
[2024-12-29T00:06:36.753+0000] {logging_mixin.py:190} INFO - [2024-12-29T00:06:36.753+0000] {dag.py:4180} INFO - Setting next_dagrun for example_branch_dop_operator_v3 to 2024-12-29 00:05:00+00:00, run_after=2024-12-29 00:06:00+00:00
[2024-12-29T00:06:36.781+0000] {processor.py:208} INFO - Processing /home/airflow/.local/lib/python3.12/site-packages/airflow/example_dags/example_branch_python_dop_operator_3.py took 0.114 seconds
[2024-12-29T00:07:08.233+0000] {processor.py:186} INFO - Started process (PID=504) to work on /home/airflow/.local/lib/python3.12/site-packages/airflow/example_dags/example_branch_python_dop_operator_3.py
[2024-12-29T00:07:08.235+0000] {processor.py:914} INFO - Processing file /home/airflow/.local/lib/python3.12/site-packages/airflow/example_dags/example_branch_python_dop_operator_3.py for tasks to queue
[2024-12-29T00:07:08.238+0000] {logging_mixin.py:190} INFO - [2024-12-29T00:07:08.238+0000] {dagbag.py:588} INFO - Filling up the DagBag from /home/airflow/.local/lib/python3.12/site-packages/airflow/example_dags/example_branch_python_dop_operator_3.py
[2024-12-29T00:07:08.252+0000] {processor.py:925} INFO - DAG(s) 'example_branch_dop_operator_v3' retrieved from /home/airflow/.local/lib/python3.12/site-packages/airflow/example_dags/example_branch_python_dop_operator_3.py
[2024-12-29T00:07:08.282+0000] {logging_mixin.py:190} INFO - [2024-12-29T00:07:08.281+0000] {dag.py:3239} INFO - Sync 1 DAGs
[2024-12-29T00:07:08.323+0000] {logging_mixin.py:190} INFO - [2024-12-29T00:07:08.322+0000] {dag.py:4180} INFO - Setting next_dagrun for example_branch_dop_operator_v3 to 2024-12-29 00:06:00+00:00, run_after=2024-12-29 00:07:00+00:00
[2024-12-29T00:07:08.357+0000] {processor.py:208} INFO - Processing /home/airflow/.local/lib/python3.12/site-packages/airflow/example_dags/example_branch_python_dop_operator_3.py took 0.131 seconds
[2024-12-29T00:07:40.060+0000] {processor.py:186} INFO - Started process (PID=568) to work on /home/airflow/.local/lib/python3.12/site-packages/airflow/example_dags/example_branch_python_dop_operator_3.py
[2024-12-29T00:07:40.061+0000] {processor.py:914} INFO - Processing file /home/airflow/.local/lib/python3.12/site-packages/airflow/example_dags/example_branch_python_dop_operator_3.py for tasks to queue
[2024-12-29T00:07:40.064+0000] {logging_mixin.py:190} INFO - [2024-12-29T00:07:40.064+0000] {dagbag.py:588} INFO - Filling up the DagBag from /home/airflow/.local/lib/python3.12/site-packages/airflow/example_dags/example_branch_python_dop_operator_3.py
[2024-12-29T00:07:40.079+0000] {processor.py:925} INFO - DAG(s) 'example_branch_dop_operator_v3' retrieved from /home/airflow/.local/lib/python3.12/site-packages/airflow/example_dags/example_branch_python_dop_operator_3.py
[2024-12-29T00:07:40.109+0000] {logging_mixin.py:190} INFO - [2024-12-29T00:07:40.109+0000] {dag.py:3239} INFO - Sync 1 DAGs
[2024-12-29T00:07:40.146+0000] {logging_mixin.py:190} INFO - [2024-12-29T00:07:40.146+0000] {dag.py:4180} INFO - Setting next_dagrun for example_branch_dop_operator_v3 to 2024-12-29 00:06:00+00:00, run_after=2024-12-29 00:07:00+00:00
[2024-12-29T00:07:40.177+0000] {processor.py:208} INFO - Processing /home/airflow/.local/lib/python3.12/site-packages/airflow/example_dags/example_branch_python_dop_operator_3.py took 0.125 seconds
[2024-12-29T00:08:11.319+0000] {processor.py:186} INFO - Started process (PID=632) to work on /home/airflow/.local/lib/python3.12/site-packages/airflow/example_dags/example_branch_python_dop_operator_3.py
[2024-12-29T00:08:11.320+0000] {processor.py:914} INFO - Processing file /home/airflow/.local/lib/python3.12/site-packages/airflow/example_dags/example_branch_python_dop_operator_3.py for tasks to queue
[2024-12-29T00:08:11.323+0000] {logging_mixin.py:190} INFO - [2024-12-29T00:08:11.322+0000] {dagbag.py:588} INFO - Filling up the DagBag from /home/airflow/.local/lib/python3.12/site-packages/airflow/example_dags/example_branch_python_dop_operator_3.py
[2024-12-29T00:08:11.332+0000] {processor.py:925} INFO - DAG(s) 'example_branch_dop_operator_v3' retrieved from /home/airflow/.local/lib/python3.12/site-packages/airflow/example_dags/example_branch_python_dop_operator_3.py
[2024-12-29T00:08:11.356+0000] {logging_mixin.py:190} INFO - [2024-12-29T00:08:11.355+0000] {dag.py:3239} INFO - Sync 1 DAGs
[2024-12-29T00:08:11.386+0000] {logging_mixin.py:190} INFO - [2024-12-29T00:08:11.386+0000] {dag.py:4180} INFO - Setting next_dagrun for example_branch_dop_operator_v3 to 2024-12-29 00:07:00+00:00, run_after=2024-12-29 00:08:00+00:00
[2024-12-29T00:08:11.413+0000] {processor.py:208} INFO - Processing /home/airflow/.local/lib/python3.12/site-packages/airflow/example_dags/example_branch_python_dop_operator_3.py took 0.100 seconds
[2024-12-29T00:08:43.526+0000] {processor.py:186} INFO - Started process (PID=702) to work on /home/airflow/.local/lib/python3.12/site-packages/airflow/example_dags/example_branch_python_dop_operator_3.py
[2024-12-29T00:08:43.528+0000] {processor.py:914} INFO - Processing file /home/airflow/.local/lib/python3.12/site-packages/airflow/example_dags/example_branch_python_dop_operator_3.py for tasks to queue
[2024-12-29T00:08:43.531+0000] {logging_mixin.py:190} INFO - [2024-12-29T00:08:43.530+0000] {dagbag.py:588} INFO - Filling up the DagBag from /home/airflow/.local/lib/python3.12/site-packages/airflow/example_dags/example_branch_python_dop_operator_3.py
[2024-12-29T00:08:43.544+0000] {processor.py:925} INFO - DAG(s) 'example_branch_dop_operator_v3' retrieved from /home/airflow/.local/lib/python3.12/site-packages/airflow/example_dags/example_branch_python_dop_operator_3.py
[2024-12-29T00:08:43.572+0000] {logging_mixin.py:190} INFO - [2024-12-29T00:08:43.572+0000] {dag.py:3239} INFO - Sync 1 DAGs
[2024-12-29T00:08:43.609+0000] {logging_mixin.py:190} INFO - [2024-12-29T00:08:43.608+0000] {dag.py:4180} INFO - Setting next_dagrun for example_branch_dop_operator_v3 to 2024-12-29 00:07:00+00:00, run_after=2024-12-29 00:08:00+00:00
[2024-12-29T00:08:43.641+0000] {processor.py:208} INFO - Processing /home/airflow/.local/lib/python3.12/site-packages/airflow/example_dags/example_branch_python_dop_operator_3.py took 0.122 seconds
[2024-12-29T00:09:14.763+0000] {processor.py:186} INFO - Started process (PID=766) to work on /home/airflow/.local/lib/python3.12/site-packages/airflow/example_dags/example_branch_python_dop_operator_3.py
[2024-12-29T00:09:14.764+0000] {processor.py:914} INFO - Processing file /home/airflow/.local/lib/python3.12/site-packages/airflow/example_dags/example_branch_python_dop_operator_3.py for tasks to queue
[2024-12-29T00:09:14.768+0000] {logging_mixin.py:190} INFO - [2024-12-29T00:09:14.767+0000] {dagbag.py:588} INFO - Filling up the DagBag from /home/airflow/.local/lib/python3.12/site-packages/airflow/example_dags/example_branch_python_dop_operator_3.py
[2024-12-29T00:09:14.783+0000] {processor.py:925} INFO - DAG(s) 'example_branch_dop_operator_v3' retrieved from /home/airflow/.local/lib/python3.12/site-packages/airflow/example_dags/example_branch_python_dop_operator_3.py
[2024-12-29T00:09:14.816+0000] {logging_mixin.py:190} INFO - [2024-12-29T00:09:14.815+0000] {dag.py:3239} INFO - Sync 1 DAGs
[2024-12-29T00:09:14.861+0000] {logging_mixin.py:190} INFO - [2024-12-29T00:09:14.861+0000] {dag.py:4180} INFO - Setting next_dagrun for example_branch_dop_operator_v3 to 2024-12-29 00:08:00+00:00, run_after=2024-12-29 00:09:00+00:00
[2024-12-29T00:09:14.895+0000] {processor.py:208} INFO - Processing /home/airflow/.local/lib/python3.12/site-packages/airflow/example_dags/example_branch_python_dop_operator_3.py took 0.142 seconds
[2024-12-29T00:09:46.368+0000] {processor.py:186} INFO - Started process (PID=830) to work on /home/airflow/.local/lib/python3.12/site-packages/airflow/example_dags/example_branch_python_dop_operator_3.py
[2024-12-29T00:09:46.369+0000] {processor.py:914} INFO - Processing file /home/airflow/.local/lib/python3.12/site-packages/airflow/example_dags/example_branch_python_dop_operator_3.py for tasks to queue
[2024-12-29T00:09:46.372+0000] {logging_mixin.py:190} INFO - [2024-12-29T00:09:46.371+0000] {dagbag.py:588} INFO - Filling up the DagBag from /home/airflow/.local/lib/python3.12/site-packages/airflow/example_dags/example_branch_python_dop_operator_3.py
[2024-12-29T00:09:46.381+0000] {processor.py:925} INFO - DAG(s) 'example_branch_dop_operator_v3' retrieved from /home/airflow/.local/lib/python3.12/site-packages/airflow/example_dags/example_branch_python_dop_operator_3.py
[2024-12-29T00:09:46.408+0000] {logging_mixin.py:190} INFO - [2024-12-29T00:09:46.408+0000] {dag.py:3239} INFO - Sync 1 DAGs
[2024-12-29T00:09:46.438+0000] {logging_mixin.py:190} INFO - [2024-12-29T00:09:46.437+0000] {dag.py:4180} INFO - Setting next_dagrun for example_branch_dop_operator_v3 to 2024-12-29 00:08:00+00:00, run_after=2024-12-29 00:09:00+00:00
[2024-12-29T00:09:46.464+0000] {processor.py:208} INFO - Processing /home/airflow/.local/lib/python3.12/site-packages/airflow/example_dags/example_branch_python_dop_operator_3.py took 0.101 seconds
[2024-12-29T00:10:18.060+0000] {processor.py:186} INFO - Started process (PID=894) to work on /home/airflow/.local/lib/python3.12/site-packages/airflow/example_dags/example_branch_python_dop_operator_3.py
[2024-12-29T00:10:18.062+0000] {processor.py:914} INFO - Processing file /home/airflow/.local/lib/python3.12/site-packages/airflow/example_dags/example_branch_python_dop_operator_3.py for tasks to queue
[2024-12-29T00:10:18.065+0000] {logging_mixin.py:190} INFO - [2024-12-29T00:10:18.065+0000] {dagbag.py:588} INFO - Filling up the DagBag from /home/airflow/.local/lib/python3.12/site-packages/airflow/example_dags/example_branch_python_dop_operator_3.py
[2024-12-29T00:10:18.082+0000] {processor.py:925} INFO - DAG(s) 'example_branch_dop_operator_v3' retrieved from /home/airflow/.local/lib/python3.12/site-packages/airflow/example_dags/example_branch_python_dop_operator_3.py
[2024-12-29T00:10:18.117+0000] {logging_mixin.py:190} INFO - [2024-12-29T00:10:18.116+0000] {dag.py:3239} INFO - Sync 1 DAGs
[2024-12-29T00:10:18.160+0000] {logging_mixin.py:190} INFO - [2024-12-29T00:10:18.159+0000] {dag.py:4180} INFO - Setting next_dagrun for example_branch_dop_operator_v3 to 2024-12-29 00:09:00+00:00, run_after=2024-12-29 00:10:00+00:00
[2024-12-29T00:10:18.193+0000] {processor.py:208} INFO - Processing /home/airflow/.local/lib/python3.12/site-packages/airflow/example_dags/example_branch_python_dop_operator_3.py took 0.142 seconds
[2024-12-29T00:10:49.374+0000] {processor.py:186} INFO - Started process (PID=958) to work on /home/airflow/.local/lib/python3.12/site-packages/airflow/example_dags/example_branch_python_dop_operator_3.py
[2024-12-29T00:10:49.376+0000] {processor.py:914} INFO - Processing file /home/airflow/.local/lib/python3.12/site-packages/airflow/example_dags/example_branch_python_dop_operator_3.py for tasks to queue
[2024-12-29T00:10:49.379+0000] {logging_mixin.py:190} INFO - [2024-12-29T00:10:49.378+0000] {dagbag.py:588} INFO - Filling up the DagBag from /home/airflow/.local/lib/python3.12/site-packages/airflow/example_dags/example_branch_python_dop_operator_3.py
[2024-12-29T00:10:49.390+0000] {processor.py:925} INFO - DAG(s) 'example_branch_dop_operator_v3' retrieved from /home/airflow/.local/lib/python3.12/site-packages/airflow/example_dags/example_branch_python_dop_operator_3.py
[2024-12-29T00:10:49.413+0000] {logging_mixin.py:190} INFO - [2024-12-29T00:10:49.413+0000] {dag.py:3239} INFO - Sync 1 DAGs
[2024-12-29T00:10:49.441+0000] {logging_mixin.py:190} INFO - [2024-12-29T00:10:49.441+0000] {dag.py:4180} INFO - Setting next_dagrun for example_branch_dop_operator_v3 to 2024-12-29 00:09:00+00:00, run_after=2024-12-29 00:10:00+00:00
[2024-12-29T00:10:49.465+0000] {processor.py:208} INFO - Processing /home/airflow/.local/lib/python3.12/site-packages/airflow/example_dags/example_branch_python_dop_operator_3.py took 0.096 seconds
[2024-12-29T00:11:21.059+0000] {processor.py:186} INFO - Started process (PID=1024) to work on /home/airflow/.local/lib/python3.12/site-packages/airflow/example_dags/example_branch_python_dop_operator_3.py
[2024-12-29T00:11:21.060+0000] {processor.py:914} INFO - Processing file /home/airflow/.local/lib/python3.12/site-packages/airflow/example_dags/example_branch_python_dop_operator_3.py for tasks to queue
[2024-12-29T00:11:21.063+0000] {logging_mixin.py:190} INFO - [2024-12-29T00:11:21.063+0000] {dagbag.py:588} INFO - Filling up the DagBag from /home/airflow/.local/lib/python3.12/site-packages/airflow/example_dags/example_branch_python_dop_operator_3.py
[2024-12-29T00:11:21.073+0000] {processor.py:925} INFO - DAG(s) 'example_branch_dop_operator_v3' retrieved from /home/airflow/.local/lib/python3.12/site-packages/airflow/example_dags/example_branch_python_dop_operator_3.py
[2024-12-29T00:11:21.097+0000] {logging_mixin.py:190} INFO - [2024-12-29T00:11:21.097+0000] {dag.py:3239} INFO - Sync 1 DAGs
[2024-12-29T00:11:21.129+0000] {logging_mixin.py:190} INFO - [2024-12-29T00:11:21.128+0000] {dag.py:4180} INFO - Setting next_dagrun for example_branch_dop_operator_v3 to 2024-12-29 00:10:00+00:00, run_after=2024-12-29 00:11:00+00:00
[2024-12-29T00:11:21.157+0000] {processor.py:208} INFO - Processing /home/airflow/.local/lib/python3.12/site-packages/airflow/example_dags/example_branch_python_dop_operator_3.py took 0.104 seconds
[2024-12-29T00:11:52.402+0000] {processor.py:186} INFO - Started process (PID=1089) to work on /home/airflow/.local/lib/python3.12/site-packages/airflow/example_dags/example_branch_python_dop_operator_3.py
[2024-12-29T00:11:52.405+0000] {processor.py:914} INFO - Processing file /home/airflow/.local/lib/python3.12/site-packages/airflow/example_dags/example_branch_python_dop_operator_3.py for tasks to queue
[2024-12-29T00:11:52.408+0000] {logging_mixin.py:190} INFO - [2024-12-29T00:11:52.408+0000] {dagbag.py:588} INFO - Filling up the DagBag from /home/airflow/.local/lib/python3.12/site-packages/airflow/example_dags/example_branch_python_dop_operator_3.py
[2024-12-29T00:11:52.426+0000] {processor.py:925} INFO - DAG(s) 'example_branch_dop_operator_v3' retrieved from /home/airflow/.local/lib/python3.12/site-packages/airflow/example_dags/example_branch_python_dop_operator_3.py
[2024-12-29T00:11:52.469+0000] {logging_mixin.py:190} INFO - [2024-12-29T00:11:52.468+0000] {dag.py:3239} INFO - Sync 1 DAGs
[2024-12-29T00:11:52.513+0000] {logging_mixin.py:190} INFO - [2024-12-29T00:11:52.513+0000] {dag.py:4180} INFO - Setting next_dagrun for example_branch_dop_operator_v3 to 2024-12-29 00:10:00+00:00, run_after=2024-12-29 00:11:00+00:00
[2024-12-29T00:11:52.546+0000] {processor.py:208} INFO - Processing /home/airflow/.local/lib/python3.12/site-packages/airflow/example_dags/example_branch_python_dop_operator_3.py took 0.151 seconds
[2024-12-29T00:12:24.743+0000] {processor.py:186} INFO - Started process (PID=1153) to work on /home/airflow/.local/lib/python3.12/site-packages/airflow/example_dags/example_branch_python_dop_operator_3.py
[2024-12-29T00:12:24.757+0000] {processor.py:914} INFO - Processing file /home/airflow/.local/lib/python3.12/site-packages/airflow/example_dags/example_branch_python_dop_operator_3.py for tasks to queue
[2024-12-29T00:12:24.761+0000] {logging_mixin.py:190} INFO - [2024-12-29T00:12:24.760+0000] {dagbag.py:588} INFO - Filling up the DagBag from /home/airflow/.local/lib/python3.12/site-packages/airflow/example_dags/example_branch_python_dop_operator_3.py
[2024-12-29T00:12:24.772+0000] {processor.py:925} INFO - DAG(s) 'example_branch_dop_operator_v3' retrieved from /home/airflow/.local/lib/python3.12/site-packages/airflow/example_dags/example_branch_python_dop_operator_3.py
[2024-12-29T00:12:24.798+0000] {logging_mixin.py:190} INFO - [2024-12-29T00:12:24.798+0000] {dag.py:3239} INFO - Sync 1 DAGs
[2024-12-29T00:12:24.840+0000] {logging_mixin.py:190} INFO - [2024-12-29T00:12:24.840+0000] {dag.py:4180} INFO - Setting next_dagrun for example_branch_dop_operator_v3 to 2024-12-29 00:11:00+00:00, run_after=2024-12-29 00:12:00+00:00
[2024-12-29T00:12:24.881+0000] {processor.py:208} INFO - Processing /home/airflow/.local/lib/python3.12/site-packages/airflow/example_dags/example_branch_python_dop_operator_3.py took 0.144 seconds
[2024-12-29T00:12:56.433+0000] {processor.py:186} INFO - Started process (PID=1217) to work on /home/airflow/.local/lib/python3.12/site-packages/airflow/example_dags/example_branch_python_dop_operator_3.py
[2024-12-29T00:12:56.435+0000] {processor.py:914} INFO - Processing file /home/airflow/.local/lib/python3.12/site-packages/airflow/example_dags/example_branch_python_dop_operator_3.py for tasks to queue
[2024-12-29T00:12:56.438+0000] {logging_mixin.py:190} INFO - [2024-12-29T00:12:56.438+0000] {dagbag.py:588} INFO - Filling up the DagBag from /home/airflow/.local/lib/python3.12/site-packages/airflow/example_dags/example_branch_python_dop_operator_3.py
[2024-12-29T00:12:56.453+0000] {processor.py:925} INFO - DAG(s) 'example_branch_dop_operator_v3' retrieved from /home/airflow/.local/lib/python3.12/site-packages/airflow/example_dags/example_branch_python_dop_operator_3.py
[2024-12-29T00:12:56.482+0000] {logging_mixin.py:190} INFO - [2024-12-29T00:12:56.481+0000] {dag.py:3239} INFO - Sync 1 DAGs
[2024-12-29T00:12:56.522+0000] {logging_mixin.py:190} INFO - [2024-12-29T00:12:56.521+0000] {dag.py:4180} INFO - Setting next_dagrun for example_branch_dop_operator_v3 to 2024-12-29 00:11:00+00:00, run_after=2024-12-29 00:12:00+00:00
[2024-12-29T00:12:56.554+0000] {processor.py:208} INFO - Processing /home/airflow/.local/lib/python3.12/site-packages/airflow/example_dags/example_branch_python_dop_operator_3.py took 0.129 seconds
[2024-12-29T00:13:28.406+0000] {processor.py:186} INFO - Started process (PID=1289) to work on /home/airflow/.local/lib/python3.12/site-packages/airflow/example_dags/example_branch_python_dop_operator_3.py
[2024-12-29T00:13:28.407+0000] {processor.py:914} INFO - Processing file /home/airflow/.local/lib/python3.12/site-packages/airflow/example_dags/example_branch_python_dop_operator_3.py for tasks to queue
[2024-12-29T00:13:28.411+0000] {logging_mixin.py:190} INFO - [2024-12-29T00:13:28.411+0000] {dagbag.py:588} INFO - Filling up the DagBag from /home/airflow/.local/lib/python3.12/site-packages/airflow/example_dags/example_branch_python_dop_operator_3.py
[2024-12-29T00:13:28.423+0000] {processor.py:925} INFO - DAG(s) 'example_branch_dop_operator_v3' retrieved from /home/airflow/.local/lib/python3.12/site-packages/airflow/example_dags/example_branch_python_dop_operator_3.py
[2024-12-29T00:13:28.452+0000] {logging_mixin.py:190} INFO - [2024-12-29T00:13:28.451+0000] {dag.py:3239} INFO - Sync 1 DAGs
[2024-12-29T00:13:28.503+0000] {logging_mixin.py:190} INFO - [2024-12-29T00:13:28.502+0000] {dag.py:4180} INFO - Setting next_dagrun for example_branch_dop_operator_v3 to 2024-12-29 00:12:00+00:00, run_after=2024-12-29 00:13:00+00:00
[2024-12-29T00:13:28.553+0000] {processor.py:208} INFO - Processing /home/airflow/.local/lib/python3.12/site-packages/airflow/example_dags/example_branch_python_dop_operator_3.py took 0.153 seconds
[2024-12-29T00:13:59.592+0000] {processor.py:186} INFO - Started process (PID=1354) to work on /home/airflow/.local/lib/python3.12/site-packages/airflow/example_dags/example_branch_python_dop_operator_3.py
[2024-12-29T00:13:59.594+0000] {processor.py:914} INFO - Processing file /home/airflow/.local/lib/python3.12/site-packages/airflow/example_dags/example_branch_python_dop_operator_3.py for tasks to queue
[2024-12-29T00:13:59.597+0000] {logging_mixin.py:190} INFO - [2024-12-29T00:13:59.596+0000] {dagbag.py:588} INFO - Filling up the DagBag from /home/airflow/.local/lib/python3.12/site-packages/airflow/example_dags/example_branch_python_dop_operator_3.py
[2024-12-29T00:13:59.611+0000] {processor.py:925} INFO - DAG(s) 'example_branch_dop_operator_v3' retrieved from /home/airflow/.local/lib/python3.12/site-packages/airflow/example_dags/example_branch_python_dop_operator_3.py
[2024-12-29T00:13:59.649+0000] {logging_mixin.py:190} INFO - [2024-12-29T00:13:59.649+0000] {dag.py:3239} INFO - Sync 1 DAGs
[2024-12-29T00:13:59.693+0000] {logging_mixin.py:190} INFO - [2024-12-29T00:13:59.692+0000] {dag.py:4180} INFO - Setting next_dagrun for example_branch_dop_operator_v3 to 2024-12-29 00:12:00+00:00, run_after=2024-12-29 00:13:00+00:00
[2024-12-29T00:13:59.724+0000] {processor.py:208} INFO - Processing /home/airflow/.local/lib/python3.12/site-packages/airflow/example_dags/example_branch_python_dop_operator_3.py took 0.143 seconds
[2024-12-29T00:14:31.300+0000] {processor.py:186} INFO - Started process (PID=1419) to work on /home/airflow/.local/lib/python3.12/site-packages/airflow/example_dags/example_branch_python_dop_operator_3.py
[2024-12-29T00:14:31.303+0000] {processor.py:914} INFO - Processing file /home/airflow/.local/lib/python3.12/site-packages/airflow/example_dags/example_branch_python_dop_operator_3.py for tasks to queue
[2024-12-29T00:14:31.306+0000] {logging_mixin.py:190} INFO - [2024-12-29T00:14:31.305+0000] {dagbag.py:588} INFO - Filling up the DagBag from /home/airflow/.local/lib/python3.12/site-packages/airflow/example_dags/example_branch_python_dop_operator_3.py
[2024-12-29T00:14:31.315+0000] {processor.py:925} INFO - DAG(s) 'example_branch_dop_operator_v3' retrieved from /home/airflow/.local/lib/python3.12/site-packages/airflow/example_dags/example_branch_python_dop_operator_3.py
[2024-12-29T00:14:31.338+0000] {logging_mixin.py:190} INFO - [2024-12-29T00:14:31.337+0000] {dag.py:3239} INFO - Sync 1 DAGs
[2024-12-29T00:14:31.366+0000] {logging_mixin.py:190} INFO - [2024-12-29T00:14:31.365+0000] {dag.py:4180} INFO - Setting next_dagrun for example_branch_dop_operator_v3 to 2024-12-29 00:13:00+00:00, run_after=2024-12-29 00:14:00+00:00
[2024-12-29T00:14:31.392+0000] {processor.py:208} INFO - Processing /home/airflow/.local/lib/python3.12/site-packages/airflow/example_dags/example_branch_python_dop_operator_3.py took 0.098 seconds
[2024-12-29T00:15:01.940+0000] {processor.py:186} INFO - Started process (PID=1484) to work on /home/airflow/.local/lib/python3.12/site-packages/airflow/example_dags/example_branch_python_dop_operator_3.py
[2024-12-29T00:15:01.942+0000] {processor.py:914} INFO - Processing file /home/airflow/.local/lib/python3.12/site-packages/airflow/example_dags/example_branch_python_dop_operator_3.py for tasks to queue
[2024-12-29T00:15:01.944+0000] {logging_mixin.py:190} INFO - [2024-12-29T00:15:01.944+0000] {dagbag.py:588} INFO - Filling up the DagBag from /home/airflow/.local/lib/python3.12/site-packages/airflow/example_dags/example_branch_python_dop_operator_3.py
[2024-12-29T00:15:01.957+0000] {processor.py:925} INFO - DAG(s) 'example_branch_dop_operator_v3' retrieved from /home/airflow/.local/lib/python3.12/site-packages/airflow/example_dags/example_branch_python_dop_operator_3.py
[2024-12-29T00:15:01.990+0000] {logging_mixin.py:190} INFO - [2024-12-29T00:15:01.990+0000] {dag.py:3239} INFO - Sync 1 DAGs
[2024-12-29T00:15:02.027+0000] {logging_mixin.py:190} INFO - [2024-12-29T00:15:02.027+0000] {dag.py:4180} INFO - Setting next_dagrun for example_branch_dop_operator_v3 to 2024-12-29 00:14:00+00:00, run_after=2024-12-29 00:15:00+00:00
[2024-12-29T00:15:02.057+0000] {processor.py:208} INFO - Processing /home/airflow/.local/lib/python3.12/site-packages/airflow/example_dags/example_branch_python_dop_operator_3.py took 0.124 seconds
[2024-12-29T00:15:32.595+0000] {processor.py:186} INFO - Started process (PID=1548) to work on /home/airflow/.local/lib/python3.12/site-packages/airflow/example_dags/example_branch_python_dop_operator_3.py
[2024-12-29T00:15:32.596+0000] {processor.py:914} INFO - Processing file /home/airflow/.local/lib/python3.12/site-packages/airflow/example_dags/example_branch_python_dop_operator_3.py for tasks to queue
[2024-12-29T00:15:32.600+0000] {logging_mixin.py:190} INFO - [2024-12-29T00:15:32.599+0000] {dagbag.py:588} INFO - Filling up the DagBag from /home/airflow/.local/lib/python3.12/site-packages/airflow/example_dags/example_branch_python_dop_operator_3.py
[2024-12-29T00:15:32.618+0000] {processor.py:925} INFO - DAG(s) 'example_branch_dop_operator_v3' retrieved from /home/airflow/.local/lib/python3.12/site-packages/airflow/example_dags/example_branch_python_dop_operator_3.py
[2024-12-29T00:15:32.656+0000] {logging_mixin.py:190} INFO - [2024-12-29T00:15:32.655+0000] {dag.py:3239} INFO - Sync 1 DAGs
[2024-12-29T00:15:32.703+0000] {logging_mixin.py:190} INFO - [2024-12-29T00:15:32.703+0000] {dag.py:4180} INFO - Setting next_dagrun for example_branch_dop_operator_v3 to 2024-12-29 00:14:00+00:00, run_after=2024-12-29 00:15:00+00:00
[2024-12-29T00:15:32.741+0000] {processor.py:208} INFO - Processing /home/airflow/.local/lib/python3.12/site-packages/airflow/example_dags/example_branch_python_dop_operator_3.py took 0.154 seconds
[2024-12-29T00:16:03.502+0000] {processor.py:186} INFO - Started process (PID=1612) to work on /home/airflow/.local/lib/python3.12/site-packages/airflow/example_dags/example_branch_python_dop_operator_3.py
[2024-12-29T00:16:03.504+0000] {processor.py:914} INFO - Processing file /home/airflow/.local/lib/python3.12/site-packages/airflow/example_dags/example_branch_python_dop_operator_3.py for tasks to queue
[2024-12-29T00:16:03.508+0000] {logging_mixin.py:190} INFO - [2024-12-29T00:16:03.507+0000] {dagbag.py:588} INFO - Filling up the DagBag from /home/airflow/.local/lib/python3.12/site-packages/airflow/example_dags/example_branch_python_dop_operator_3.py
[2024-12-29T00:16:03.522+0000] {processor.py:925} INFO - DAG(s) 'example_branch_dop_operator_v3' retrieved from /home/airflow/.local/lib/python3.12/site-packages/airflow/example_dags/example_branch_python_dop_operator_3.py
[2024-12-29T00:16:03.553+0000] {logging_mixin.py:190} INFO - [2024-12-29T00:16:03.552+0000] {dag.py:3239} INFO - Sync 1 DAGs
[2024-12-29T00:16:03.589+0000] {logging_mixin.py:190} INFO - [2024-12-29T00:16:03.588+0000] {dag.py:4180} INFO - Setting next_dagrun for example_branch_dop_operator_v3 to 2024-12-29 00:15:00+00:00, run_after=2024-12-29 00:16:00+00:00
[2024-12-29T00:16:03.620+0000] {processor.py:208} INFO - Processing /home/airflow/.local/lib/python3.12/site-packages/airflow/example_dags/example_branch_python_dop_operator_3.py took 0.124 seconds
[2024-12-29T00:16:34.393+0000] {processor.py:186} INFO - Started process (PID=1677) to work on /home/airflow/.local/lib/python3.12/site-packages/airflow/example_dags/example_branch_python_dop_operator_3.py
[2024-12-29T00:16:34.396+0000] {processor.py:914} INFO - Processing file /home/airflow/.local/lib/python3.12/site-packages/airflow/example_dags/example_branch_python_dop_operator_3.py for tasks to queue
[2024-12-29T00:16:34.400+0000] {logging_mixin.py:190} INFO - [2024-12-29T00:16:34.400+0000] {dagbag.py:588} INFO - Filling up the DagBag from /home/airflow/.local/lib/python3.12/site-packages/airflow/example_dags/example_branch_python_dop_operator_3.py
[2024-12-29T00:16:34.423+0000] {processor.py:925} INFO - DAG(s) 'example_branch_dop_operator_v3' retrieved from /home/airflow/.local/lib/python3.12/site-packages/airflow/example_dags/example_branch_python_dop_operator_3.py
[2024-12-29T00:16:34.461+0000] {logging_mixin.py:190} INFO - [2024-12-29T00:16:34.461+0000] {dag.py:3239} INFO - Sync 1 DAGs
[2024-12-29T00:16:34.500+0000] {logging_mixin.py:190} INFO - [2024-12-29T00:16:34.500+0000] {dag.py:4180} INFO - Setting next_dagrun for example_branch_dop_operator_v3 to 2024-12-29 00:15:00+00:00, run_after=2024-12-29 00:16:00+00:00
[2024-12-29T00:16:34.531+0000] {processor.py:208} INFO - Processing /home/airflow/.local/lib/python3.12/site-packages/airflow/example_dags/example_branch_python_dop_operator_3.py took 0.147 seconds
[2024-12-29T00:20:00.442+0000] {processor.py:186} INFO - Started process (PID=118) to work on /home/airflow/.local/lib/python3.12/site-packages/airflow/example_dags/example_branch_python_dop_operator_3.py
[2024-12-29T00:20:00.444+0000] {processor.py:914} INFO - Processing file /home/airflow/.local/lib/python3.12/site-packages/airflow/example_dags/example_branch_python_dop_operator_3.py for tasks to queue
[2024-12-29T00:20:00.447+0000] {logging_mixin.py:190} INFO - [2024-12-29T00:20:00.446+0000] {dagbag.py:588} INFO - Filling up the DagBag from /home/airflow/.local/lib/python3.12/site-packages/airflow/example_dags/example_branch_python_dop_operator_3.py
[2024-12-29T00:20:00.459+0000] {processor.py:925} INFO - DAG(s) 'example_branch_dop_operator_v3' retrieved from /home/airflow/.local/lib/python3.12/site-packages/airflow/example_dags/example_branch_python_dop_operator_3.py
[2024-12-29T00:20:00.490+0000] {logging_mixin.py:190} INFO - [2024-12-29T00:20:00.489+0000] {dag.py:3239} INFO - Sync 1 DAGs
[2024-12-29T00:20:00.528+0000] {logging_mixin.py:190} INFO - [2024-12-29T00:20:00.528+0000] {dag.py:4180} INFO - Setting next_dagrun for example_branch_dop_operator_v3 to 2024-12-29 00:19:00+00:00, run_after=2024-12-29 00:20:00+00:00
[2024-12-29T00:20:00.561+0000] {processor.py:208} INFO - Processing /home/airflow/.local/lib/python3.12/site-packages/airflow/example_dags/example_branch_python_dop_operator_3.py took 0.126 seconds
[2024-12-29T00:20:32.729+0000] {processor.py:186} INFO - Started process (PID=183) to work on /home/airflow/.local/lib/python3.12/site-packages/airflow/example_dags/example_branch_python_dop_operator_3.py
[2024-12-29T00:20:32.730+0000] {processor.py:914} INFO - Processing file /home/airflow/.local/lib/python3.12/site-packages/airflow/example_dags/example_branch_python_dop_operator_3.py for tasks to queue
[2024-12-29T00:20:32.734+0000] {logging_mixin.py:190} INFO - [2024-12-29T00:20:32.733+0000] {dagbag.py:588} INFO - Filling up the DagBag from /home/airflow/.local/lib/python3.12/site-packages/airflow/example_dags/example_branch_python_dop_operator_3.py
[2024-12-29T00:20:32.743+0000] {processor.py:925} INFO - DAG(s) 'example_branch_dop_operator_v3' retrieved from /home/airflow/.local/lib/python3.12/site-packages/airflow/example_dags/example_branch_python_dop_operator_3.py
[2024-12-29T00:20:32.768+0000] {logging_mixin.py:190} INFO - [2024-12-29T00:20:32.768+0000] {dag.py:3239} INFO - Sync 1 DAGs
[2024-12-29T00:20:32.798+0000] {logging_mixin.py:190} INFO - [2024-12-29T00:20:32.798+0000] {dag.py:4180} INFO - Setting next_dagrun for example_branch_dop_operator_v3 to 2024-12-29 00:19:00+00:00, run_after=2024-12-29 00:20:00+00:00
[2024-12-29T00:20:32.826+0000] {processor.py:208} INFO - Processing /home/airflow/.local/lib/python3.12/site-packages/airflow/example_dags/example_branch_python_dop_operator_3.py took 0.103 seconds
[2024-12-29T00:21:05.026+0000] {processor.py:186} INFO - Started process (PID=248) to work on /home/airflow/.local/lib/python3.12/site-packages/airflow/example_dags/example_branch_python_dop_operator_3.py
[2024-12-29T00:21:05.028+0000] {processor.py:914} INFO - Processing file /home/airflow/.local/lib/python3.12/site-packages/airflow/example_dags/example_branch_python_dop_operator_3.py for tasks to queue
[2024-12-29T00:21:05.031+0000] {logging_mixin.py:190} INFO - [2024-12-29T00:21:05.030+0000] {dagbag.py:588} INFO - Filling up the DagBag from /home/airflow/.local/lib/python3.12/site-packages/airflow/example_dags/example_branch_python_dop_operator_3.py
[2024-12-29T00:21:05.043+0000] {processor.py:925} INFO - DAG(s) 'example_branch_dop_operator_v3' retrieved from /home/airflow/.local/lib/python3.12/site-packages/airflow/example_dags/example_branch_python_dop_operator_3.py
[2024-12-29T00:21:05.075+0000] {logging_mixin.py:190} INFO - [2024-12-29T00:21:05.075+0000] {dag.py:3239} INFO - Sync 1 DAGs
[2024-12-29T00:21:05.111+0000] {logging_mixin.py:190} INFO - [2024-12-29T00:21:05.111+0000] {dag.py:4180} INFO - Setting next_dagrun for example_branch_dop_operator_v3 to 2024-12-29 00:20:00+00:00, run_after=2024-12-29 00:21:00+00:00
[2024-12-29T00:21:05.141+0000] {processor.py:208} INFO - Processing /home/airflow/.local/lib/python3.12/site-packages/airflow/example_dags/example_branch_python_dop_operator_3.py took 0.122 seconds
[2024-12-29T00:21:36.339+0000] {processor.py:186} INFO - Started process (PID=313) to work on /home/airflow/.local/lib/python3.12/site-packages/airflow/example_dags/example_branch_python_dop_operator_3.py
[2024-12-29T00:21:36.341+0000] {processor.py:914} INFO - Processing file /home/airflow/.local/lib/python3.12/site-packages/airflow/example_dags/example_branch_python_dop_operator_3.py for tasks to queue
[2024-12-29T00:21:36.344+0000] {logging_mixin.py:190} INFO - [2024-12-29T00:21:36.343+0000] {dagbag.py:588} INFO - Filling up the DagBag from /home/airflow/.local/lib/python3.12/site-packages/airflow/example_dags/example_branch_python_dop_operator_3.py
[2024-12-29T00:21:36.358+0000] {processor.py:925} INFO - DAG(s) 'example_branch_dop_operator_v3' retrieved from /home/airflow/.local/lib/python3.12/site-packages/airflow/example_dags/example_branch_python_dop_operator_3.py
[2024-12-29T00:21:36.389+0000] {logging_mixin.py:190} INFO - [2024-12-29T00:21:36.388+0000] {dag.py:3239} INFO - Sync 1 DAGs
[2024-12-29T00:21:36.425+0000] {logging_mixin.py:190} INFO - [2024-12-29T00:21:36.425+0000] {dag.py:4180} INFO - Setting next_dagrun for example_branch_dop_operator_v3 to 2024-12-29 00:20:00+00:00, run_after=2024-12-29 00:21:00+00:00
[2024-12-29T00:21:36.453+0000] {processor.py:208} INFO - Processing /home/airflow/.local/lib/python3.12/site-packages/airflow/example_dags/example_branch_python_dop_operator_3.py took 0.121 seconds
[2024-12-29T00:22:07.826+0000] {processor.py:186} INFO - Started process (PID=378) to work on /home/airflow/.local/lib/python3.12/site-packages/airflow/example_dags/example_branch_python_dop_operator_3.py
[2024-12-29T00:22:07.829+0000] {processor.py:914} INFO - Processing file /home/airflow/.local/lib/python3.12/site-packages/airflow/example_dags/example_branch_python_dop_operator_3.py for tasks to queue
[2024-12-29T00:22:07.832+0000] {logging_mixin.py:190} INFO - [2024-12-29T00:22:07.831+0000] {dagbag.py:588} INFO - Filling up the DagBag from /home/airflow/.local/lib/python3.12/site-packages/airflow/example_dags/example_branch_python_dop_operator_3.py
[2024-12-29T00:22:07.844+0000] {processor.py:925} INFO - DAG(s) 'example_branch_dop_operator_v3' retrieved from /home/airflow/.local/lib/python3.12/site-packages/airflow/example_dags/example_branch_python_dop_operator_3.py
[2024-12-29T00:22:07.875+0000] {logging_mixin.py:190} INFO - [2024-12-29T00:22:07.874+0000] {dag.py:3239} INFO - Sync 1 DAGs
[2024-12-29T00:22:07.918+0000] {logging_mixin.py:190} INFO - [2024-12-29T00:22:07.917+0000] {dag.py:4180} INFO - Setting next_dagrun for example_branch_dop_operator_v3 to 2024-12-29 00:21:00+00:00, run_after=2024-12-29 00:22:00+00:00
[2024-12-29T00:22:07.951+0000] {processor.py:208} INFO - Processing /home/airflow/.local/lib/python3.12/site-packages/airflow/example_dags/example_branch_python_dop_operator_3.py took 0.133 seconds
[2024-12-29T00:22:38.896+0000] {processor.py:186} INFO - Started process (PID=449) to work on /home/airflow/.local/lib/python3.12/site-packages/airflow/example_dags/example_branch_python_dop_operator_3.py
[2024-12-29T00:22:38.897+0000] {processor.py:914} INFO - Processing file /home/airflow/.local/lib/python3.12/site-packages/airflow/example_dags/example_branch_python_dop_operator_3.py for tasks to queue
[2024-12-29T00:22:38.900+0000] {logging_mixin.py:190} INFO - [2024-12-29T00:22:38.899+0000] {dagbag.py:588} INFO - Filling up the DagBag from /home/airflow/.local/lib/python3.12/site-packages/airflow/example_dags/example_branch_python_dop_operator_3.py
[2024-12-29T00:22:38.912+0000] {processor.py:925} INFO - DAG(s) 'example_branch_dop_operator_v3' retrieved from /home/airflow/.local/lib/python3.12/site-packages/airflow/example_dags/example_branch_python_dop_operator_3.py
[2024-12-29T00:22:38.941+0000] {logging_mixin.py:190} INFO - [2024-12-29T00:22:38.940+0000] {dag.py:3239} INFO - Sync 1 DAGs
[2024-12-29T00:22:38.974+0000] {logging_mixin.py:190} INFO - [2024-12-29T00:22:38.974+0000] {dag.py:4180} INFO - Setting next_dagrun for example_branch_dop_operator_v3 to 2024-12-29 00:21:00+00:00, run_after=2024-12-29 00:22:00+00:00
[2024-12-29T00:22:39.003+0000] {processor.py:208} INFO - Processing /home/airflow/.local/lib/python3.12/site-packages/airflow/example_dags/example_branch_python_dop_operator_3.py took 0.115 seconds
[2024-12-29T00:23:11.770+0000] {processor.py:186} INFO - Started process (PID=514) to work on /home/airflow/.local/lib/python3.12/site-packages/airflow/example_dags/example_branch_python_dop_operator_3.py
[2024-12-29T00:23:11.772+0000] {processor.py:914} INFO - Processing file /home/airflow/.local/lib/python3.12/site-packages/airflow/example_dags/example_branch_python_dop_operator_3.py for tasks to queue
[2024-12-29T00:23:11.775+0000] {logging_mixin.py:190} INFO - [2024-12-29T00:23:11.774+0000] {dagbag.py:588} INFO - Filling up the DagBag from /home/airflow/.local/lib/python3.12/site-packages/airflow/example_dags/example_branch_python_dop_operator_3.py
[2024-12-29T00:23:11.787+0000] {processor.py:925} INFO - DAG(s) 'example_branch_dop_operator_v3' retrieved from /home/airflow/.local/lib/python3.12/site-packages/airflow/example_dags/example_branch_python_dop_operator_3.py
[2024-12-29T00:23:11.817+0000] {logging_mixin.py:190} INFO - [2024-12-29T00:23:11.816+0000] {dag.py:3239} INFO - Sync 1 DAGs
[2024-12-29T00:23:11.849+0000] {logging_mixin.py:190} INFO - [2024-12-29T00:23:11.848+0000] {dag.py:4180} INFO - Setting next_dagrun for example_branch_dop_operator_v3 to 2024-12-29 00:22:00+00:00, run_after=2024-12-29 00:23:00+00:00
[2024-12-29T00:23:11.877+0000] {processor.py:208} INFO - Processing /home/airflow/.local/lib/python3.12/site-packages/airflow/example_dags/example_branch_python_dop_operator_3.py took 0.113 seconds
[2024-12-29T00:23:43.250+0000] {processor.py:186} INFO - Started process (PID=580) to work on /home/airflow/.local/lib/python3.12/site-packages/airflow/example_dags/example_branch_python_dop_operator_3.py
[2024-12-29T00:23:43.252+0000] {processor.py:914} INFO - Processing file /home/airflow/.local/lib/python3.12/site-packages/airflow/example_dags/example_branch_python_dop_operator_3.py for tasks to queue
[2024-12-29T00:23:43.255+0000] {logging_mixin.py:190} INFO - [2024-12-29T00:23:43.254+0000] {dagbag.py:588} INFO - Filling up the DagBag from /home/airflow/.local/lib/python3.12/site-packages/airflow/example_dags/example_branch_python_dop_operator_3.py
[2024-12-29T00:23:43.266+0000] {processor.py:925} INFO - DAG(s) 'example_branch_dop_operator_v3' retrieved from /home/airflow/.local/lib/python3.12/site-packages/airflow/example_dags/example_branch_python_dop_operator_3.py
[2024-12-29T00:23:43.298+0000] {logging_mixin.py:190} INFO - [2024-12-29T00:23:43.297+0000] {dag.py:3239} INFO - Sync 1 DAGs
[2024-12-29T00:23:43.337+0000] {logging_mixin.py:190} INFO - [2024-12-29T00:23:43.337+0000] {dag.py:4180} INFO - Setting next_dagrun for example_branch_dop_operator_v3 to 2024-12-29 00:22:00+00:00, run_after=2024-12-29 00:23:00+00:00
[2024-12-29T00:23:43.363+0000] {processor.py:208} INFO - Processing /home/airflow/.local/lib/python3.12/site-packages/airflow/example_dags/example_branch_python_dop_operator_3.py took 0.122 seconds
[2024-12-29T00:24:14.389+0000] {processor.py:186} INFO - Started process (PID=645) to work on /home/airflow/.local/lib/python3.12/site-packages/airflow/example_dags/example_branch_python_dop_operator_3.py
[2024-12-29T00:24:14.390+0000] {processor.py:914} INFO - Processing file /home/airflow/.local/lib/python3.12/site-packages/airflow/example_dags/example_branch_python_dop_operator_3.py for tasks to queue
[2024-12-29T00:24:14.393+0000] {logging_mixin.py:190} INFO - [2024-12-29T00:24:14.392+0000] {dagbag.py:588} INFO - Filling up the DagBag from /home/airflow/.local/lib/python3.12/site-packages/airflow/example_dags/example_branch_python_dop_operator_3.py
[2024-12-29T00:24:14.403+0000] {processor.py:925} INFO - DAG(s) 'example_branch_dop_operator_v3' retrieved from /home/airflow/.local/lib/python3.12/site-packages/airflow/example_dags/example_branch_python_dop_operator_3.py
[2024-12-29T00:24:14.426+0000] {logging_mixin.py:190} INFO - [2024-12-29T00:24:14.426+0000] {dag.py:3239} INFO - Sync 1 DAGs
[2024-12-29T00:24:14.455+0000] {logging_mixin.py:190} INFO - [2024-12-29T00:24:14.455+0000] {dag.py:4180} INFO - Setting next_dagrun for example_branch_dop_operator_v3 to 2024-12-29 00:23:00+00:00, run_after=2024-12-29 00:24:00+00:00
[2024-12-29T00:24:14.480+0000] {processor.py:208} INFO - Processing /home/airflow/.local/lib/python3.12/site-packages/airflow/example_dags/example_branch_python_dop_operator_3.py took 0.097 seconds
[2024-12-29T00:24:45.489+0000] {processor.py:186} INFO - Started process (PID=710) to work on /home/airflow/.local/lib/python3.12/site-packages/airflow/example_dags/example_branch_python_dop_operator_3.py
[2024-12-29T00:24:45.490+0000] {processor.py:914} INFO - Processing file /home/airflow/.local/lib/python3.12/site-packages/airflow/example_dags/example_branch_python_dop_operator_3.py for tasks to queue
[2024-12-29T00:24:45.494+0000] {logging_mixin.py:190} INFO - [2024-12-29T00:24:45.493+0000] {dagbag.py:588} INFO - Filling up the DagBag from /home/airflow/.local/lib/python3.12/site-packages/airflow/example_dags/example_branch_python_dop_operator_3.py
[2024-12-29T00:24:45.508+0000] {processor.py:925} INFO - DAG(s) 'example_branch_dop_operator_v3' retrieved from /home/airflow/.local/lib/python3.12/site-packages/airflow/example_dags/example_branch_python_dop_operator_3.py
[2024-12-29T00:24:45.544+0000] {logging_mixin.py:190} INFO - [2024-12-29T00:24:45.543+0000] {dag.py:3239} INFO - Sync 1 DAGs
[2024-12-29T00:24:45.583+0000] {logging_mixin.py:190} INFO - [2024-12-29T00:24:45.583+0000] {dag.py:4180} INFO - Setting next_dagrun for example_branch_dop_operator_v3 to 2024-12-29 00:23:00+00:00, run_after=2024-12-29 00:24:00+00:00
[2024-12-29T00:24:45.617+0000] {processor.py:208} INFO - Processing /home/airflow/.local/lib/python3.12/site-packages/airflow/example_dags/example_branch_python_dop_operator_3.py took 0.136 seconds
[2024-12-29T00:25:16.830+0000] {processor.py:186} INFO - Started process (PID=775) to work on /home/airflow/.local/lib/python3.12/site-packages/airflow/example_dags/example_branch_python_dop_operator_3.py
[2024-12-29T00:25:16.831+0000] {processor.py:914} INFO - Processing file /home/airflow/.local/lib/python3.12/site-packages/airflow/example_dags/example_branch_python_dop_operator_3.py for tasks to queue
[2024-12-29T00:25:16.834+0000] {logging_mixin.py:190} INFO - [2024-12-29T00:25:16.833+0000] {dagbag.py:588} INFO - Filling up the DagBag from /home/airflow/.local/lib/python3.12/site-packages/airflow/example_dags/example_branch_python_dop_operator_3.py
[2024-12-29T00:25:16.843+0000] {processor.py:925} INFO - DAG(s) 'example_branch_dop_operator_v3' retrieved from /home/airflow/.local/lib/python3.12/site-packages/airflow/example_dags/example_branch_python_dop_operator_3.py
[2024-12-29T00:25:16.864+0000] {logging_mixin.py:190} INFO - [2024-12-29T00:25:16.864+0000] {dag.py:3239} INFO - Sync 1 DAGs
[2024-12-29T00:25:16.893+0000] {logging_mixin.py:190} INFO - [2024-12-29T00:25:16.892+0000] {dag.py:4180} INFO - Setting next_dagrun for example_branch_dop_operator_v3 to 2024-12-29 00:24:00+00:00, run_after=2024-12-29 00:25:00+00:00
[2024-12-29T00:25:16.916+0000] {processor.py:208} INFO - Processing /home/airflow/.local/lib/python3.12/site-packages/airflow/example_dags/example_branch_python_dop_operator_3.py took 0.091 seconds
[2024-12-29T00:25:48.137+0000] {processor.py:186} INFO - Started process (PID=840) to work on /home/airflow/.local/lib/python3.12/site-packages/airflow/example_dags/example_branch_python_dop_operator_3.py
[2024-12-29T00:25:48.139+0000] {processor.py:914} INFO - Processing file /home/airflow/.local/lib/python3.12/site-packages/airflow/example_dags/example_branch_python_dop_operator_3.py for tasks to queue
[2024-12-29T00:25:48.142+0000] {logging_mixin.py:190} INFO - [2024-12-29T00:25:48.142+0000] {dagbag.py:588} INFO - Filling up the DagBag from /home/airflow/.local/lib/python3.12/site-packages/airflow/example_dags/example_branch_python_dop_operator_3.py
[2024-12-29T00:25:48.155+0000] {processor.py:925} INFO - DAG(s) 'example_branch_dop_operator_v3' retrieved from /home/airflow/.local/lib/python3.12/site-packages/airflow/example_dags/example_branch_python_dop_operator_3.py
[2024-12-29T00:25:48.187+0000] {logging_mixin.py:190} INFO - [2024-12-29T00:25:48.187+0000] {dag.py:3239} INFO - Sync 1 DAGs
[2024-12-29T00:25:48.223+0000] {logging_mixin.py:190} INFO - [2024-12-29T00:25:48.223+0000] {dag.py:4180} INFO - Setting next_dagrun for example_branch_dop_operator_v3 to 2024-12-29 00:24:00+00:00, run_after=2024-12-29 00:25:00+00:00
[2024-12-29T00:25:48.253+0000] {processor.py:208} INFO - Processing /home/airflow/.local/lib/python3.12/site-packages/airflow/example_dags/example_branch_python_dop_operator_3.py took 0.122 seconds
[2024-12-29T00:26:19.323+0000] {processor.py:186} INFO - Started process (PID=905) to work on /home/airflow/.local/lib/python3.12/site-packages/airflow/example_dags/example_branch_python_dop_operator_3.py
[2024-12-29T00:26:19.325+0000] {processor.py:914} INFO - Processing file /home/airflow/.local/lib/python3.12/site-packages/airflow/example_dags/example_branch_python_dop_operator_3.py for tasks to queue
[2024-12-29T00:26:19.328+0000] {logging_mixin.py:190} INFO - [2024-12-29T00:26:19.327+0000] {dagbag.py:588} INFO - Filling up the DagBag from /home/airflow/.local/lib/python3.12/site-packages/airflow/example_dags/example_branch_python_dop_operator_3.py
[2024-12-29T00:26:19.337+0000] {processor.py:925} INFO - DAG(s) 'example_branch_dop_operator_v3' retrieved from /home/airflow/.local/lib/python3.12/site-packages/airflow/example_dags/example_branch_python_dop_operator_3.py
[2024-12-29T00:26:19.362+0000] {logging_mixin.py:190} INFO - [2024-12-29T00:26:19.361+0000] {dag.py:3239} INFO - Sync 1 DAGs
[2024-12-29T00:26:19.393+0000] {logging_mixin.py:190} INFO - [2024-12-29T00:26:19.393+0000] {dag.py:4180} INFO - Setting next_dagrun for example_branch_dop_operator_v3 to 2024-12-29 00:25:00+00:00, run_after=2024-12-29 00:26:00+00:00
[2024-12-29T00:26:19.421+0000] {processor.py:208} INFO - Processing /home/airflow/.local/lib/python3.12/site-packages/airflow/example_dags/example_branch_python_dop_operator_3.py took 0.104 seconds
[2024-12-29T00:26:50.522+0000] {processor.py:186} INFO - Started process (PID=970) to work on /home/airflow/.local/lib/python3.12/site-packages/airflow/example_dags/example_branch_python_dop_operator_3.py
[2024-12-29T00:26:50.524+0000] {processor.py:914} INFO - Processing file /home/airflow/.local/lib/python3.12/site-packages/airflow/example_dags/example_branch_python_dop_operator_3.py for tasks to queue
[2024-12-29T00:26:50.527+0000] {logging_mixin.py:190} INFO - [2024-12-29T00:26:50.527+0000] {dagbag.py:588} INFO - Filling up the DagBag from /home/airflow/.local/lib/python3.12/site-packages/airflow/example_dags/example_branch_python_dop_operator_3.py
[2024-12-29T00:26:50.541+0000] {processor.py:925} INFO - DAG(s) 'example_branch_dop_operator_v3' retrieved from /home/airflow/.local/lib/python3.12/site-packages/airflow/example_dags/example_branch_python_dop_operator_3.py
[2024-12-29T00:26:50.578+0000] {logging_mixin.py:190} INFO - [2024-12-29T00:26:50.577+0000] {dag.py:3239} INFO - Sync 1 DAGs
[2024-12-29T00:26:50.630+0000] {logging_mixin.py:190} INFO - [2024-12-29T00:26:50.630+0000] {dag.py:4180} INFO - Setting next_dagrun for example_branch_dop_operator_v3 to 2024-12-29 00:25:00+00:00, run_after=2024-12-29 00:26:00+00:00
[2024-12-29T00:26:50.660+0000] {processor.py:208} INFO - Processing /home/airflow/.local/lib/python3.12/site-packages/airflow/example_dags/example_branch_python_dop_operator_3.py took 0.146 seconds
[2024-12-29T00:27:22.482+0000] {processor.py:186} INFO - Started process (PID=1035) to work on /home/airflow/.local/lib/python3.12/site-packages/airflow/example_dags/example_branch_python_dop_operator_3.py
[2024-12-29T00:27:22.484+0000] {processor.py:914} INFO - Processing file /home/airflow/.local/lib/python3.12/site-packages/airflow/example_dags/example_branch_python_dop_operator_3.py for tasks to queue
[2024-12-29T00:27:22.487+0000] {logging_mixin.py:190} INFO - [2024-12-29T00:27:22.487+0000] {dagbag.py:588} INFO - Filling up the DagBag from /home/airflow/.local/lib/python3.12/site-packages/airflow/example_dags/example_branch_python_dop_operator_3.py
[2024-12-29T00:27:22.499+0000] {processor.py:925} INFO - DAG(s) 'example_branch_dop_operator_v3' retrieved from /home/airflow/.local/lib/python3.12/site-packages/airflow/example_dags/example_branch_python_dop_operator_3.py
[2024-12-29T00:27:22.526+0000] {logging_mixin.py:190} INFO - [2024-12-29T00:27:22.526+0000] {dag.py:3239} INFO - Sync 1 DAGs
[2024-12-29T00:27:22.564+0000] {logging_mixin.py:190} INFO - [2024-12-29T00:27:22.564+0000] {dag.py:4180} INFO - Setting next_dagrun for example_branch_dop_operator_v3 to 2024-12-29 00:26:00+00:00, run_after=2024-12-29 00:27:00+00:00
[2024-12-29T00:27:22.596+0000] {processor.py:208} INFO - Processing /home/airflow/.local/lib/python3.12/site-packages/airflow/example_dags/example_branch_python_dop_operator_3.py took 0.121 seconds
[2024-12-29T00:27:53.038+0000] {processor.py:186} INFO - Started process (PID=1100) to work on /home/airflow/.local/lib/python3.12/site-packages/airflow/example_dags/example_branch_python_dop_operator_3.py
[2024-12-29T00:27:53.040+0000] {processor.py:914} INFO - Processing file /home/airflow/.local/lib/python3.12/site-packages/airflow/example_dags/example_branch_python_dop_operator_3.py for tasks to queue
[2024-12-29T00:27:53.043+0000] {logging_mixin.py:190} INFO - [2024-12-29T00:27:53.042+0000] {dagbag.py:588} INFO - Filling up the DagBag from /home/airflow/.local/lib/python3.12/site-packages/airflow/example_dags/example_branch_python_dop_operator_3.py
[2024-12-29T00:27:53.055+0000] {processor.py:925} INFO - DAG(s) 'example_branch_dop_operator_v3' retrieved from /home/airflow/.local/lib/python3.12/site-packages/airflow/example_dags/example_branch_python_dop_operator_3.py
[2024-12-29T00:27:53.083+0000] {logging_mixin.py:190} INFO - [2024-12-29T00:27:53.083+0000] {dag.py:3239} INFO - Sync 1 DAGs
[2024-12-29T00:27:53.117+0000] {logging_mixin.py:190} INFO - [2024-12-29T00:27:53.117+0000] {dag.py:4180} INFO - Setting next_dagrun for example_branch_dop_operator_v3 to 2024-12-29 00:26:00+00:00, run_after=2024-12-29 00:27:00+00:00
[2024-12-29T00:27:53.145+0000] {processor.py:208} INFO - Processing /home/airflow/.local/lib/python3.12/site-packages/airflow/example_dags/example_branch_python_dop_operator_3.py took 0.113 seconds
[2024-12-29T00:28:24.217+0000] {processor.py:186} INFO - Started process (PID=1166) to work on /home/airflow/.local/lib/python3.12/site-packages/airflow/example_dags/example_branch_python_dop_operator_3.py
[2024-12-29T00:28:24.219+0000] {processor.py:914} INFO - Processing file /home/airflow/.local/lib/python3.12/site-packages/airflow/example_dags/example_branch_python_dop_operator_3.py for tasks to queue
[2024-12-29T00:28:24.221+0000] {logging_mixin.py:190} INFO - [2024-12-29T00:28:24.221+0000] {dagbag.py:588} INFO - Filling up the DagBag from /home/airflow/.local/lib/python3.12/site-packages/airflow/example_dags/example_branch_python_dop_operator_3.py
[2024-12-29T00:28:24.233+0000] {processor.py:925} INFO - DAG(s) 'example_branch_dop_operator_v3' retrieved from /home/airflow/.local/lib/python3.12/site-packages/airflow/example_dags/example_branch_python_dop_operator_3.py
[2024-12-29T00:28:24.258+0000] {logging_mixin.py:190} INFO - [2024-12-29T00:28:24.258+0000] {dag.py:3239} INFO - Sync 1 DAGs
[2024-12-29T00:28:24.288+0000] {logging_mixin.py:190} INFO - [2024-12-29T00:28:24.288+0000] {dag.py:4180} INFO - Setting next_dagrun for example_branch_dop_operator_v3 to 2024-12-29 00:27:00+00:00, run_after=2024-12-29 00:28:00+00:00
[2024-12-29T00:28:24.316+0000] {processor.py:208} INFO - Processing /home/airflow/.local/lib/python3.12/site-packages/airflow/example_dags/example_branch_python_dop_operator_3.py took 0.105 seconds
[2024-12-29T00:28:55.502+0000] {processor.py:186} INFO - Started process (PID=1231) to work on /home/airflow/.local/lib/python3.12/site-packages/airflow/example_dags/example_branch_python_dop_operator_3.py
[2024-12-29T00:28:55.506+0000] {processor.py:914} INFO - Processing file /home/airflow/.local/lib/python3.12/site-packages/airflow/example_dags/example_branch_python_dop_operator_3.py for tasks to queue
[2024-12-29T00:28:55.509+0000] {logging_mixin.py:190} INFO - [2024-12-29T00:28:55.508+0000] {dagbag.py:588} INFO - Filling up the DagBag from /home/airflow/.local/lib/python3.12/site-packages/airflow/example_dags/example_branch_python_dop_operator_3.py
[2024-12-29T00:28:55.519+0000] {processor.py:925} INFO - DAG(s) 'example_branch_dop_operator_v3' retrieved from /home/airflow/.local/lib/python3.12/site-packages/airflow/example_dags/example_branch_python_dop_operator_3.py
[2024-12-29T00:28:55.543+0000] {logging_mixin.py:190} INFO - [2024-12-29T00:28:55.542+0000] {dag.py:3239} INFO - Sync 1 DAGs
[2024-12-29T00:28:55.572+0000] {logging_mixin.py:190} INFO - [2024-12-29T00:28:55.572+0000] {dag.py:4180} INFO - Setting next_dagrun for example_branch_dop_operator_v3 to 2024-12-29 00:27:00+00:00, run_after=2024-12-29 00:28:00+00:00
[2024-12-29T00:28:55.596+0000] {processor.py:208} INFO - Processing /home/airflow/.local/lib/python3.12/site-packages/airflow/example_dags/example_branch_python_dop_operator_3.py took 0.099 seconds
[2024-12-29T00:29:27.028+0000] {processor.py:186} INFO - Started process (PID=1296) to work on /home/airflow/.local/lib/python3.12/site-packages/airflow/example_dags/example_branch_python_dop_operator_3.py
[2024-12-29T00:29:27.030+0000] {processor.py:914} INFO - Processing file /home/airflow/.local/lib/python3.12/site-packages/airflow/example_dags/example_branch_python_dop_operator_3.py for tasks to queue
[2024-12-29T00:29:27.032+0000] {logging_mixin.py:190} INFO - [2024-12-29T00:29:27.032+0000] {dagbag.py:588} INFO - Filling up the DagBag from /home/airflow/.local/lib/python3.12/site-packages/airflow/example_dags/example_branch_python_dop_operator_3.py
[2024-12-29T00:29:27.044+0000] {processor.py:925} INFO - DAG(s) 'example_branch_dop_operator_v3' retrieved from /home/airflow/.local/lib/python3.12/site-packages/airflow/example_dags/example_branch_python_dop_operator_3.py
[2024-12-29T00:29:27.076+0000] {logging_mixin.py:190} INFO - [2024-12-29T00:29:27.076+0000] {dag.py:3239} INFO - Sync 1 DAGs
[2024-12-29T00:29:27.112+0000] {logging_mixin.py:190} INFO - [2024-12-29T00:29:27.112+0000] {dag.py:4180} INFO - Setting next_dagrun for example_branch_dop_operator_v3 to 2024-12-29 00:28:00+00:00, run_after=2024-12-29 00:29:00+00:00
[2024-12-29T00:29:27.142+0000] {processor.py:208} INFO - Processing /home/airflow/.local/lib/python3.12/site-packages/airflow/example_dags/example_branch_python_dop_operator_3.py took 0.120 seconds
[2024-12-29T00:29:58.004+0000] {processor.py:186} INFO - Started process (PID=1361) to work on /home/airflow/.local/lib/python3.12/site-packages/airflow/example_dags/example_branch_python_dop_operator_3.py
[2024-12-29T00:29:58.006+0000] {processor.py:914} INFO - Processing file /home/airflow/.local/lib/python3.12/site-packages/airflow/example_dags/example_branch_python_dop_operator_3.py for tasks to queue
[2024-12-29T00:29:58.009+0000] {logging_mixin.py:190} INFO - [2024-12-29T00:29:58.008+0000] {dagbag.py:588} INFO - Filling up the DagBag from /home/airflow/.local/lib/python3.12/site-packages/airflow/example_dags/example_branch_python_dop_operator_3.py
[2024-12-29T00:29:58.021+0000] {processor.py:925} INFO - DAG(s) 'example_branch_dop_operator_v3' retrieved from /home/airflow/.local/lib/python3.12/site-packages/airflow/example_dags/example_branch_python_dop_operator_3.py
[2024-12-29T00:29:58.047+0000] {logging_mixin.py:190} INFO - [2024-12-29T00:29:58.047+0000] {dag.py:3239} INFO - Sync 1 DAGs
[2024-12-29T00:29:58.077+0000] {logging_mixin.py:190} INFO - [2024-12-29T00:29:58.077+0000] {dag.py:4180} INFO - Setting next_dagrun for example_branch_dop_operator_v3 to 2024-12-29 00:28:00+00:00, run_after=2024-12-29 00:29:00+00:00
[2024-12-29T00:29:58.102+0000] {processor.py:208} INFO - Processing /home/airflow/.local/lib/python3.12/site-packages/airflow/example_dags/example_branch_python_dop_operator_3.py took 0.104 seconds
[2024-12-29T00:30:28.721+0000] {processor.py:186} INFO - Started process (PID=1426) to work on /home/airflow/.local/lib/python3.12/site-packages/airflow/example_dags/example_branch_python_dop_operator_3.py
[2024-12-29T00:30:28.723+0000] {processor.py:914} INFO - Processing file /home/airflow/.local/lib/python3.12/site-packages/airflow/example_dags/example_branch_python_dop_operator_3.py for tasks to queue
[2024-12-29T00:30:28.725+0000] {logging_mixin.py:190} INFO - [2024-12-29T00:30:28.725+0000] {dagbag.py:588} INFO - Filling up the DagBag from /home/airflow/.local/lib/python3.12/site-packages/airflow/example_dags/example_branch_python_dop_operator_3.py
[2024-12-29T00:30:28.734+0000] {processor.py:925} INFO - DAG(s) 'example_branch_dop_operator_v3' retrieved from /home/airflow/.local/lib/python3.12/site-packages/airflow/example_dags/example_branch_python_dop_operator_3.py
[2024-12-29T00:30:28.762+0000] {logging_mixin.py:190} INFO - [2024-12-29T00:30:28.761+0000] {dag.py:3239} INFO - Sync 1 DAGs
[2024-12-29T00:30:28.793+0000] {logging_mixin.py:190} INFO - [2024-12-29T00:30:28.793+0000] {dag.py:4180} INFO - Setting next_dagrun for example_branch_dop_operator_v3 to 2024-12-29 00:29:00+00:00, run_after=2024-12-29 00:30:00+00:00
[2024-12-29T00:30:28.816+0000] {processor.py:208} INFO - Processing /home/airflow/.local/lib/python3.12/site-packages/airflow/example_dags/example_branch_python_dop_operator_3.py took 0.101 seconds
[2024-12-29T00:31:00.294+0000] {processor.py:186} INFO - Started process (PID=1491) to work on /home/airflow/.local/lib/python3.12/site-packages/airflow/example_dags/example_branch_python_dop_operator_3.py
[2024-12-29T00:31:00.297+0000] {processor.py:914} INFO - Processing file /home/airflow/.local/lib/python3.12/site-packages/airflow/example_dags/example_branch_python_dop_operator_3.py for tasks to queue
[2024-12-29T00:31:00.303+0000] {logging_mixin.py:190} INFO - [2024-12-29T00:31:00.301+0000] {dagbag.py:588} INFO - Filling up the DagBag from /home/airflow/.local/lib/python3.12/site-packages/airflow/example_dags/example_branch_python_dop_operator_3.py
[2024-12-29T00:31:00.318+0000] {processor.py:925} INFO - DAG(s) 'example_branch_dop_operator_v3' retrieved from /home/airflow/.local/lib/python3.12/site-packages/airflow/example_dags/example_branch_python_dop_operator_3.py
[2024-12-29T00:31:00.352+0000] {logging_mixin.py:190} INFO - [2024-12-29T00:31:00.351+0000] {dag.py:3239} INFO - Sync 1 DAGs
[2024-12-29T00:31:00.396+0000] {logging_mixin.py:190} INFO - [2024-12-29T00:31:00.395+0000] {dag.py:4180} INFO - Setting next_dagrun for example_branch_dop_operator_v3 to 2024-12-29 00:30:00+00:00, run_after=2024-12-29 00:31:00+00:00
[2024-12-29T00:31:00.433+0000] {processor.py:208} INFO - Processing /home/airflow/.local/lib/python3.12/site-packages/airflow/example_dags/example_branch_python_dop_operator_3.py took 0.152 seconds
[2024-12-29T00:31:31.758+0000] {processor.py:186} INFO - Started process (PID=1557) to work on /home/airflow/.local/lib/python3.12/site-packages/airflow/example_dags/example_branch_python_dop_operator_3.py
[2024-12-29T00:31:31.760+0000] {processor.py:914} INFO - Processing file /home/airflow/.local/lib/python3.12/site-packages/airflow/example_dags/example_branch_python_dop_operator_3.py for tasks to queue
[2024-12-29T00:31:31.763+0000] {logging_mixin.py:190} INFO - [2024-12-29T00:31:31.763+0000] {dagbag.py:588} INFO - Filling up the DagBag from /home/airflow/.local/lib/python3.12/site-packages/airflow/example_dags/example_branch_python_dop_operator_3.py
[2024-12-29T00:31:31.777+0000] {processor.py:925} INFO - DAG(s) 'example_branch_dop_operator_v3' retrieved from /home/airflow/.local/lib/python3.12/site-packages/airflow/example_dags/example_branch_python_dop_operator_3.py
[2024-12-29T00:31:31.808+0000] {logging_mixin.py:190} INFO - [2024-12-29T00:31:31.808+0000] {dag.py:3239} INFO - Sync 1 DAGs
[2024-12-29T00:31:31.846+0000] {logging_mixin.py:190} INFO - [2024-12-29T00:31:31.846+0000] {dag.py:4180} INFO - Setting next_dagrun for example_branch_dop_operator_v3 to 2024-12-29 00:30:00+00:00, run_after=2024-12-29 00:31:00+00:00
[2024-12-29T00:31:31.874+0000] {processor.py:208} INFO - Processing /home/airflow/.local/lib/python3.12/site-packages/airflow/example_dags/example_branch_python_dop_operator_3.py took 0.123 seconds
[2024-12-29T00:32:03.055+0000] {processor.py:186} INFO - Started process (PID=1625) to work on /home/airflow/.local/lib/python3.12/site-packages/airflow/example_dags/example_branch_python_dop_operator_3.py
[2024-12-29T00:32:03.057+0000] {processor.py:914} INFO - Processing file /home/airflow/.local/lib/python3.12/site-packages/airflow/example_dags/example_branch_python_dop_operator_3.py for tasks to queue
[2024-12-29T00:32:03.061+0000] {logging_mixin.py:190} INFO - [2024-12-29T00:32:03.060+0000] {dagbag.py:588} INFO - Filling up the DagBag from /home/airflow/.local/lib/python3.12/site-packages/airflow/example_dags/example_branch_python_dop_operator_3.py
[2024-12-29T00:32:03.072+0000] {processor.py:925} INFO - DAG(s) 'example_branch_dop_operator_v3' retrieved from /home/airflow/.local/lib/python3.12/site-packages/airflow/example_dags/example_branch_python_dop_operator_3.py
[2024-12-29T00:32:03.099+0000] {logging_mixin.py:190} INFO - [2024-12-29T00:32:03.099+0000] {dag.py:3239} INFO - Sync 1 DAGs
[2024-12-29T00:32:03.128+0000] {logging_mixin.py:190} INFO - [2024-12-29T00:32:03.128+0000] {dag.py:4180} INFO - Setting next_dagrun for example_branch_dop_operator_v3 to 2024-12-29 00:31:00+00:00, run_after=2024-12-29 00:32:00+00:00
[2024-12-29T00:32:03.159+0000] {processor.py:208} INFO - Processing /home/airflow/.local/lib/python3.12/site-packages/airflow/example_dags/example_branch_python_dop_operator_3.py took 0.111 seconds
[2024-12-29T00:32:34.777+0000] {processor.py:186} INFO - Started process (PID=1690) to work on /home/airflow/.local/lib/python3.12/site-packages/airflow/example_dags/example_branch_python_dop_operator_3.py
[2024-12-29T00:32:34.779+0000] {processor.py:914} INFO - Processing file /home/airflow/.local/lib/python3.12/site-packages/airflow/example_dags/example_branch_python_dop_operator_3.py for tasks to queue
[2024-12-29T00:32:34.782+0000] {logging_mixin.py:190} INFO - [2024-12-29T00:32:34.782+0000] {dagbag.py:588} INFO - Filling up the DagBag from /home/airflow/.local/lib/python3.12/site-packages/airflow/example_dags/example_branch_python_dop_operator_3.py
[2024-12-29T00:32:34.794+0000] {processor.py:925} INFO - DAG(s) 'example_branch_dop_operator_v3' retrieved from /home/airflow/.local/lib/python3.12/site-packages/airflow/example_dags/example_branch_python_dop_operator_3.py
[2024-12-29T00:32:34.822+0000] {logging_mixin.py:190} INFO - [2024-12-29T00:32:34.822+0000] {dag.py:3239} INFO - Sync 1 DAGs
[2024-12-29T00:32:34.858+0000] {logging_mixin.py:190} INFO - [2024-12-29T00:32:34.857+0000] {dag.py:4180} INFO - Setting next_dagrun for example_branch_dop_operator_v3 to 2024-12-29 00:31:00+00:00, run_after=2024-12-29 00:32:00+00:00
[2024-12-29T00:32:34.891+0000] {processor.py:208} INFO - Processing /home/airflow/.local/lib/python3.12/site-packages/airflow/example_dags/example_branch_python_dop_operator_3.py took 0.121 seconds
[2024-12-29T00:33:06.260+0000] {processor.py:186} INFO - Started process (PID=1761) to work on /home/airflow/.local/lib/python3.12/site-packages/airflow/example_dags/example_branch_python_dop_operator_3.py
[2024-12-29T00:33:06.262+0000] {processor.py:914} INFO - Processing file /home/airflow/.local/lib/python3.12/site-packages/airflow/example_dags/example_branch_python_dop_operator_3.py for tasks to queue
[2024-12-29T00:33:06.264+0000] {logging_mixin.py:190} INFO - [2024-12-29T00:33:06.264+0000] {dagbag.py:588} INFO - Filling up the DagBag from /home/airflow/.local/lib/python3.12/site-packages/airflow/example_dags/example_branch_python_dop_operator_3.py
[2024-12-29T00:33:06.274+0000] {processor.py:925} INFO - DAG(s) 'example_branch_dop_operator_v3' retrieved from /home/airflow/.local/lib/python3.12/site-packages/airflow/example_dags/example_branch_python_dop_operator_3.py
[2024-12-29T00:33:06.301+0000] {logging_mixin.py:190} INFO - [2024-12-29T00:33:06.301+0000] {dag.py:3239} INFO - Sync 1 DAGs
[2024-12-29T00:33:06.336+0000] {logging_mixin.py:190} INFO - [2024-12-29T00:33:06.335+0000] {dag.py:4180} INFO - Setting next_dagrun for example_branch_dop_operator_v3 to 2024-12-29 00:32:00+00:00, run_after=2024-12-29 00:33:00+00:00
[2024-12-29T00:33:06.365+0000] {processor.py:208} INFO - Processing /home/airflow/.local/lib/python3.12/site-packages/airflow/example_dags/example_branch_python_dop_operator_3.py took 0.111 seconds
[2024-12-29T00:33:38.493+0000] {processor.py:186} INFO - Started process (PID=1828) to work on /home/airflow/.local/lib/python3.12/site-packages/airflow/example_dags/example_branch_python_dop_operator_3.py
[2024-12-29T00:33:38.495+0000] {processor.py:914} INFO - Processing file /home/airflow/.local/lib/python3.12/site-packages/airflow/example_dags/example_branch_python_dop_operator_3.py for tasks to queue
[2024-12-29T00:33:38.499+0000] {logging_mixin.py:190} INFO - [2024-12-29T00:33:38.499+0000] {dagbag.py:588} INFO - Filling up the DagBag from /home/airflow/.local/lib/python3.12/site-packages/airflow/example_dags/example_branch_python_dop_operator_3.py
[2024-12-29T00:33:38.516+0000] {processor.py:925} INFO - DAG(s) 'example_branch_dop_operator_v3' retrieved from /home/airflow/.local/lib/python3.12/site-packages/airflow/example_dags/example_branch_python_dop_operator_3.py
[2024-12-29T00:33:38.550+0000] {logging_mixin.py:190} INFO - [2024-12-29T00:33:38.550+0000] {dag.py:3239} INFO - Sync 1 DAGs
[2024-12-29T00:33:38.589+0000] {logging_mixin.py:190} INFO - [2024-12-29T00:33:38.588+0000] {dag.py:4180} INFO - Setting next_dagrun for example_branch_dop_operator_v3 to 2024-12-29 00:32:00+00:00, run_after=2024-12-29 00:33:00+00:00
[2024-12-29T00:33:38.614+0000] {processor.py:208} INFO - Processing /home/airflow/.local/lib/python3.12/site-packages/airflow/example_dags/example_branch_python_dop_operator_3.py took 0.129 seconds
[2024-12-29T00:34:09.310+0000] {processor.py:186} INFO - Started process (PID=1893) to work on /home/airflow/.local/lib/python3.12/site-packages/airflow/example_dags/example_branch_python_dop_operator_3.py
[2024-12-29T00:34:09.311+0000] {processor.py:914} INFO - Processing file /home/airflow/.local/lib/python3.12/site-packages/airflow/example_dags/example_branch_python_dop_operator_3.py for tasks to queue
[2024-12-29T00:34:09.315+0000] {logging_mixin.py:190} INFO - [2024-12-29T00:34:09.314+0000] {dagbag.py:588} INFO - Filling up the DagBag from /home/airflow/.local/lib/python3.12/site-packages/airflow/example_dags/example_branch_python_dop_operator_3.py
[2024-12-29T00:34:09.327+0000] {processor.py:925} INFO - DAG(s) 'example_branch_dop_operator_v3' retrieved from /home/airflow/.local/lib/python3.12/site-packages/airflow/example_dags/example_branch_python_dop_operator_3.py
[2024-12-29T00:34:09.357+0000] {logging_mixin.py:190} INFO - [2024-12-29T00:34:09.356+0000] {dag.py:3239} INFO - Sync 1 DAGs
[2024-12-29T00:34:09.393+0000] {logging_mixin.py:190} INFO - [2024-12-29T00:34:09.393+0000] {dag.py:4180} INFO - Setting next_dagrun for example_branch_dop_operator_v3 to 2024-12-29 00:33:00+00:00, run_after=2024-12-29 00:34:00+00:00
[2024-12-29T00:34:09.426+0000] {processor.py:208} INFO - Processing /home/airflow/.local/lib/python3.12/site-packages/airflow/example_dags/example_branch_python_dop_operator_3.py took 0.123 seconds
[2024-12-29T00:34:40.915+0000] {processor.py:186} INFO - Started process (PID=1964) to work on /home/airflow/.local/lib/python3.12/site-packages/airflow/example_dags/example_branch_python_dop_operator_3.py
[2024-12-29T00:34:40.917+0000] {processor.py:914} INFO - Processing file /home/airflow/.local/lib/python3.12/site-packages/airflow/example_dags/example_branch_python_dop_operator_3.py for tasks to queue
[2024-12-29T00:34:40.920+0000] {logging_mixin.py:190} INFO - [2024-12-29T00:34:40.920+0000] {dagbag.py:588} INFO - Filling up the DagBag from /home/airflow/.local/lib/python3.12/site-packages/airflow/example_dags/example_branch_python_dop_operator_3.py
[2024-12-29T00:34:40.934+0000] {processor.py:925} INFO - DAG(s) 'example_branch_dop_operator_v3' retrieved from /home/airflow/.local/lib/python3.12/site-packages/airflow/example_dags/example_branch_python_dop_operator_3.py
[2024-12-29T00:34:40.966+0000] {logging_mixin.py:190} INFO - [2024-12-29T00:34:40.965+0000] {dag.py:3239} INFO - Sync 1 DAGs
[2024-12-29T00:34:41.001+0000] {logging_mixin.py:190} INFO - [2024-12-29T00:34:41.001+0000] {dag.py:4180} INFO - Setting next_dagrun for example_branch_dop_operator_v3 to 2024-12-29 00:33:00+00:00, run_after=2024-12-29 00:34:00+00:00
[2024-12-29T00:34:41.034+0000] {processor.py:208} INFO - Processing /home/airflow/.local/lib/python3.12/site-packages/airflow/example_dags/example_branch_python_dop_operator_3.py took 0.127 seconds
[2024-12-29T00:35:11.975+0000] {processor.py:186} INFO - Started process (PID=2029) to work on /home/airflow/.local/lib/python3.12/site-packages/airflow/example_dags/example_branch_python_dop_operator_3.py
[2024-12-29T00:35:11.977+0000] {processor.py:914} INFO - Processing file /home/airflow/.local/lib/python3.12/site-packages/airflow/example_dags/example_branch_python_dop_operator_3.py for tasks to queue
[2024-12-29T00:35:11.980+0000] {logging_mixin.py:190} INFO - [2024-12-29T00:35:11.980+0000] {dagbag.py:588} INFO - Filling up the DagBag from /home/airflow/.local/lib/python3.12/site-packages/airflow/example_dags/example_branch_python_dop_operator_3.py
[2024-12-29T00:35:11.990+0000] {processor.py:925} INFO - DAG(s) 'example_branch_dop_operator_v3' retrieved from /home/airflow/.local/lib/python3.12/site-packages/airflow/example_dags/example_branch_python_dop_operator_3.py
[2024-12-29T00:35:12.019+0000] {logging_mixin.py:190} INFO - [2024-12-29T00:35:12.019+0000] {dag.py:3239} INFO - Sync 1 DAGs
[2024-12-29T00:35:12.051+0000] {logging_mixin.py:190} INFO - [2024-12-29T00:35:12.051+0000] {dag.py:4180} INFO - Setting next_dagrun for example_branch_dop_operator_v3 to 2024-12-29 00:34:00+00:00, run_after=2024-12-29 00:35:00+00:00
[2024-12-29T00:35:12.083+0000] {processor.py:208} INFO - Processing /home/airflow/.local/lib/python3.12/site-packages/airflow/example_dags/example_branch_python_dop_operator_3.py took 0.114 seconds
[2024-12-29T00:35:42.232+0000] {processor.py:186} INFO - Started process (PID=2093) to work on /home/airflow/.local/lib/python3.12/site-packages/airflow/example_dags/example_branch_python_dop_operator_3.py
[2024-12-29T00:35:42.234+0000] {processor.py:914} INFO - Processing file /home/airflow/.local/lib/python3.12/site-packages/airflow/example_dags/example_branch_python_dop_operator_3.py for tasks to queue
[2024-12-29T00:35:42.236+0000] {logging_mixin.py:190} INFO - [2024-12-29T00:35:42.235+0000] {dagbag.py:588} INFO - Filling up the DagBag from /home/airflow/.local/lib/python3.12/site-packages/airflow/example_dags/example_branch_python_dop_operator_3.py
[2024-12-29T00:35:42.246+0000] {processor.py:925} INFO - DAG(s) 'example_branch_dop_operator_v3' retrieved from /home/airflow/.local/lib/python3.12/site-packages/airflow/example_dags/example_branch_python_dop_operator_3.py
[2024-12-29T00:35:42.271+0000] {logging_mixin.py:190} INFO - [2024-12-29T00:35:42.270+0000] {dag.py:3239} INFO - Sync 1 DAGs
[2024-12-29T00:35:42.298+0000] {logging_mixin.py:190} INFO - [2024-12-29T00:35:42.298+0000] {dag.py:4180} INFO - Setting next_dagrun for example_branch_dop_operator_v3 to 2024-12-29 00:34:00+00:00, run_after=2024-12-29 00:35:00+00:00
[2024-12-29T00:35:42.323+0000] {processor.py:208} INFO - Processing /home/airflow/.local/lib/python3.12/site-packages/airflow/example_dags/example_branch_python_dop_operator_3.py took 0.097 seconds
[2024-12-29T00:36:13.112+0000] {processor.py:186} INFO - Started process (PID=2158) to work on /home/airflow/.local/lib/python3.12/site-packages/airflow/example_dags/example_branch_python_dop_operator_3.py
[2024-12-29T00:36:13.115+0000] {processor.py:914} INFO - Processing file /home/airflow/.local/lib/python3.12/site-packages/airflow/example_dags/example_branch_python_dop_operator_3.py for tasks to queue
[2024-12-29T00:36:13.119+0000] {logging_mixin.py:190} INFO - [2024-12-29T00:36:13.118+0000] {dagbag.py:588} INFO - Filling up the DagBag from /home/airflow/.local/lib/python3.12/site-packages/airflow/example_dags/example_branch_python_dop_operator_3.py
[2024-12-29T00:36:13.141+0000] {processor.py:925} INFO - DAG(s) 'example_branch_dop_operator_v3' retrieved from /home/airflow/.local/lib/python3.12/site-packages/airflow/example_dags/example_branch_python_dop_operator_3.py
[2024-12-29T00:36:13.173+0000] {logging_mixin.py:190} INFO - [2024-12-29T00:36:13.173+0000] {dag.py:3239} INFO - Sync 1 DAGs
[2024-12-29T00:36:13.209+0000] {logging_mixin.py:190} INFO - [2024-12-29T00:36:13.209+0000] {dag.py:4180} INFO - Setting next_dagrun for example_branch_dop_operator_v3 to 2024-12-29 00:35:00+00:00, run_after=2024-12-29 00:36:00+00:00
[2024-12-29T00:36:13.239+0000] {processor.py:208} INFO - Processing /home/airflow/.local/lib/python3.12/site-packages/airflow/example_dags/example_branch_python_dop_operator_3.py took 0.134 seconds
[2024-12-29T00:36:43.287+0000] {processor.py:186} INFO - Started process (PID=2223) to work on /home/airflow/.local/lib/python3.12/site-packages/airflow/example_dags/example_branch_python_dop_operator_3.py
[2024-12-29T00:36:43.289+0000] {processor.py:914} INFO - Processing file /home/airflow/.local/lib/python3.12/site-packages/airflow/example_dags/example_branch_python_dop_operator_3.py for tasks to queue
[2024-12-29T00:36:43.291+0000] {logging_mixin.py:190} INFO - [2024-12-29T00:36:43.290+0000] {dagbag.py:588} INFO - Filling up the DagBag from /home/airflow/.local/lib/python3.12/site-packages/airflow/example_dags/example_branch_python_dop_operator_3.py
[2024-12-29T00:36:43.300+0000] {processor.py:925} INFO - DAG(s) 'example_branch_dop_operator_v3' retrieved from /home/airflow/.local/lib/python3.12/site-packages/airflow/example_dags/example_branch_python_dop_operator_3.py
[2024-12-29T00:36:43.324+0000] {logging_mixin.py:190} INFO - [2024-12-29T00:36:43.324+0000] {dag.py:3239} INFO - Sync 1 DAGs
[2024-12-29T00:36:43.354+0000] {logging_mixin.py:190} INFO - [2024-12-29T00:36:43.354+0000] {dag.py:4180} INFO - Setting next_dagrun for example_branch_dop_operator_v3 to 2024-12-29 00:35:00+00:00, run_after=2024-12-29 00:36:00+00:00
[2024-12-29T00:36:43.382+0000] {processor.py:208} INFO - Processing /home/airflow/.local/lib/python3.12/site-packages/airflow/example_dags/example_branch_python_dop_operator_3.py took 0.100 seconds
[2024-12-29T00:37:14.584+0000] {processor.py:186} INFO - Started process (PID=2288) to work on /home/airflow/.local/lib/python3.12/site-packages/airflow/example_dags/example_branch_python_dop_operator_3.py
[2024-12-29T00:37:14.587+0000] {processor.py:914} INFO - Processing file /home/airflow/.local/lib/python3.12/site-packages/airflow/example_dags/example_branch_python_dop_operator_3.py for tasks to queue
[2024-12-29T00:37:14.590+0000] {logging_mixin.py:190} INFO - [2024-12-29T00:37:14.589+0000] {dagbag.py:588} INFO - Filling up the DagBag from /home/airflow/.local/lib/python3.12/site-packages/airflow/example_dags/example_branch_python_dop_operator_3.py
[2024-12-29T00:37:14.604+0000] {processor.py:925} INFO - DAG(s) 'example_branch_dop_operator_v3' retrieved from /home/airflow/.local/lib/python3.12/site-packages/airflow/example_dags/example_branch_python_dop_operator_3.py
[2024-12-29T00:37:14.634+0000] {logging_mixin.py:190} INFO - [2024-12-29T00:37:14.634+0000] {dag.py:3239} INFO - Sync 1 DAGs
[2024-12-29T00:37:14.674+0000] {logging_mixin.py:190} INFO - [2024-12-29T00:37:14.674+0000] {dag.py:4180} INFO - Setting next_dagrun for example_branch_dop_operator_v3 to 2024-12-29 00:36:00+00:00, run_after=2024-12-29 00:37:00+00:00
[2024-12-29T00:37:14.707+0000] {processor.py:208} INFO - Processing /home/airflow/.local/lib/python3.12/site-packages/airflow/example_dags/example_branch_python_dop_operator_3.py took 0.131 seconds
[2024-12-29T00:37:45.700+0000] {processor.py:186} INFO - Started process (PID=2353) to work on /home/airflow/.local/lib/python3.12/site-packages/airflow/example_dags/example_branch_python_dop_operator_3.py
[2024-12-29T00:37:45.702+0000] {processor.py:914} INFO - Processing file /home/airflow/.local/lib/python3.12/site-packages/airflow/example_dags/example_branch_python_dop_operator_3.py for tasks to queue
[2024-12-29T00:37:45.704+0000] {logging_mixin.py:190} INFO - [2024-12-29T00:37:45.703+0000] {dagbag.py:588} INFO - Filling up the DagBag from /home/airflow/.local/lib/python3.12/site-packages/airflow/example_dags/example_branch_python_dop_operator_3.py
[2024-12-29T00:37:45.714+0000] {processor.py:925} INFO - DAG(s) 'example_branch_dop_operator_v3' retrieved from /home/airflow/.local/lib/python3.12/site-packages/airflow/example_dags/example_branch_python_dop_operator_3.py
[2024-12-29T00:37:45.736+0000] {logging_mixin.py:190} INFO - [2024-12-29T00:37:45.736+0000] {dag.py:3239} INFO - Sync 1 DAGs
[2024-12-29T00:37:45.764+0000] {logging_mixin.py:190} INFO - [2024-12-29T00:37:45.764+0000] {dag.py:4180} INFO - Setting next_dagrun for example_branch_dop_operator_v3 to 2024-12-29 00:36:00+00:00, run_after=2024-12-29 00:37:00+00:00
[2024-12-29T00:37:45.789+0000] {processor.py:208} INFO - Processing /home/airflow/.local/lib/python3.12/site-packages/airflow/example_dags/example_branch_python_dop_operator_3.py took 0.095 seconds
[2024-12-29T00:38:16.672+0000] {processor.py:186} INFO - Started process (PID=2418) to work on /home/airflow/.local/lib/python3.12/site-packages/airflow/example_dags/example_branch_python_dop_operator_3.py
[2024-12-29T00:38:16.674+0000] {processor.py:914} INFO - Processing file /home/airflow/.local/lib/python3.12/site-packages/airflow/example_dags/example_branch_python_dop_operator_3.py for tasks to queue
[2024-12-29T00:38:16.677+0000] {logging_mixin.py:190} INFO - [2024-12-29T00:38:16.676+0000] {dagbag.py:588} INFO - Filling up the DagBag from /home/airflow/.local/lib/python3.12/site-packages/airflow/example_dags/example_branch_python_dop_operator_3.py
[2024-12-29T00:38:16.689+0000] {processor.py:925} INFO - DAG(s) 'example_branch_dop_operator_v3' retrieved from /home/airflow/.local/lib/python3.12/site-packages/airflow/example_dags/example_branch_python_dop_operator_3.py
[2024-12-29T00:38:16.718+0000] {logging_mixin.py:190} INFO - [2024-12-29T00:38:16.718+0000] {dag.py:3239} INFO - Sync 1 DAGs
[2024-12-29T00:38:16.750+0000] {logging_mixin.py:190} INFO - [2024-12-29T00:38:16.749+0000] {dag.py:4180} INFO - Setting next_dagrun for example_branch_dop_operator_v3 to 2024-12-29 00:37:00+00:00, run_after=2024-12-29 00:38:00+00:00
[2024-12-29T00:38:16.778+0000] {processor.py:208} INFO - Processing /home/airflow/.local/lib/python3.12/site-packages/airflow/example_dags/example_branch_python_dop_operator_3.py took 0.113 seconds
