[2024-12-29T00:03:53.328+0000] {processor.py:186} INFO - Started process (PID=108) to work on /home/airflow/.local/lib/python3.12/site-packages/airflow/example_dags/example_sensors.py
[2024-12-29T00:03:53.330+0000] {processor.py:914} INFO - Processing file /home/airflow/.local/lib/python3.12/site-packages/airflow/example_dags/example_sensors.py for tasks to queue
[2024-12-29T00:03:53.335+0000] {logging_mixin.py:190} INFO - [2024-12-29T00:03:53.334+0000] {dagbag.py:588} INFO - Filling up the DagBag from /home/airflow/.local/lib/python3.12/site-packages/airflow/example_dags/example_sensors.py
[2024-12-29T00:03:53.357+0000] {processor.py:925} INFO - DAG(s) 'example_sensors' retrieved from /home/airflow/.local/lib/python3.12/site-packages/airflow/example_dags/example_sensors.py
[2024-12-29T00:03:53.625+0000] {logging_mixin.py:190} INFO - [2024-12-29T00:03:53.624+0000] {override.py:1911} INFO - Created Permission View: can read on DAG:example_sensors
[2024-12-29T00:03:53.642+0000] {logging_mixin.py:190} INFO - [2024-12-29T00:03:53.641+0000] {override.py:1911} INFO - Created Permission View: can edit on DAG:example_sensors
[2024-12-29T00:03:53.656+0000] {logging_mixin.py:190} INFO - [2024-12-29T00:03:53.655+0000] {override.py:1911} INFO - Created Permission View: can delete on DAG:example_sensors
[2024-12-29T00:03:53.672+0000] {logging_mixin.py:190} INFO - [2024-12-29T00:03:53.672+0000] {override.py:1911} INFO - Created Permission View: can create on DAG Run:example_sensors
[2024-12-29T00:03:53.686+0000] {logging_mixin.py:190} INFO - [2024-12-29T00:03:53.685+0000] {override.py:1911} INFO - Created Permission View: can read on DAG Run:example_sensors
[2024-12-29T00:03:53.700+0000] {logging_mixin.py:190} INFO - [2024-12-29T00:03:53.700+0000] {override.py:1911} INFO - Created Permission View: can delete on DAG Run:example_sensors
[2024-12-29T00:03:53.714+0000] {logging_mixin.py:190} INFO - [2024-12-29T00:03:53.714+0000] {override.py:1911} INFO - Created Permission View: menu access on DAG Run:example_sensors
[2024-12-29T00:03:53.715+0000] {logging_mixin.py:190} INFO - [2024-12-29T00:03:53.714+0000] {dag.py:3239} INFO - Sync 1 DAGs
[2024-12-29T00:03:53.737+0000] {logging_mixin.py:190} INFO - [2024-12-29T00:03:53.736+0000] {dag.py:3262} INFO - Creating ORM DAG for example_sensors
[2024-12-29T00:03:53.738+0000] {logging_mixin.py:190} INFO - [2024-12-29T00:03:53.738+0000] {dag.py:4180} INFO - Setting next_dagrun for example_sensors to None, run_after=None
[2024-12-29T00:03:53.771+0000] {processor.py:208} INFO - Processing /home/airflow/.local/lib/python3.12/site-packages/airflow/example_dags/example_sensors.py took 0.453 seconds
[2024-12-29T00:04:24.554+0000] {processor.py:186} INFO - Started process (PID=172) to work on /home/airflow/.local/lib/python3.12/site-packages/airflow/example_dags/example_sensors.py
[2024-12-29T00:04:24.556+0000] {processor.py:914} INFO - Processing file /home/airflow/.local/lib/python3.12/site-packages/airflow/example_dags/example_sensors.py for tasks to queue
[2024-12-29T00:04:24.559+0000] {logging_mixin.py:190} INFO - [2024-12-29T00:04:24.559+0000] {dagbag.py:588} INFO - Filling up the DagBag from /home/airflow/.local/lib/python3.12/site-packages/airflow/example_dags/example_sensors.py
[2024-12-29T00:04:24.575+0000] {processor.py:925} INFO - DAG(s) 'example_sensors' retrieved from /home/airflow/.local/lib/python3.12/site-packages/airflow/example_dags/example_sensors.py
[2024-12-29T00:04:24.625+0000] {logging_mixin.py:190} INFO - [2024-12-29T00:04:24.625+0000] {dag.py:3239} INFO - Sync 1 DAGs
[2024-12-29T00:04:24.650+0000] {logging_mixin.py:190} INFO - [2024-12-29T00:04:24.649+0000] {dag.py:4180} INFO - Setting next_dagrun for example_sensors to None, run_after=None
[2024-12-29T00:04:24.697+0000] {processor.py:208} INFO - Processing /home/airflow/.local/lib/python3.12/site-packages/airflow/example_dags/example_sensors.py took 0.151 seconds
[2024-12-29T00:04:55.462+0000] {processor.py:186} INFO - Started process (PID=236) to work on /home/airflow/.local/lib/python3.12/site-packages/airflow/example_dags/example_sensors.py
[2024-12-29T00:04:55.464+0000] {processor.py:914} INFO - Processing file /home/airflow/.local/lib/python3.12/site-packages/airflow/example_dags/example_sensors.py for tasks to queue
[2024-12-29T00:04:55.467+0000] {logging_mixin.py:190} INFO - [2024-12-29T00:04:55.467+0000] {dagbag.py:588} INFO - Filling up the DagBag from /home/airflow/.local/lib/python3.12/site-packages/airflow/example_dags/example_sensors.py
[2024-12-29T00:04:55.484+0000] {processor.py:925} INFO - DAG(s) 'example_sensors' retrieved from /home/airflow/.local/lib/python3.12/site-packages/airflow/example_dags/example_sensors.py
[2024-12-29T00:04:55.529+0000] {logging_mixin.py:190} INFO - [2024-12-29T00:04:55.529+0000] {dag.py:3239} INFO - Sync 1 DAGs
[2024-12-29T00:04:55.559+0000] {logging_mixin.py:190} INFO - [2024-12-29T00:04:55.558+0000] {dag.py:4180} INFO - Setting next_dagrun for example_sensors to None, run_after=None
[2024-12-29T00:04:55.600+0000] {processor.py:208} INFO - Processing /home/airflow/.local/lib/python3.12/site-packages/airflow/example_dags/example_sensors.py took 0.145 seconds
[2024-12-29T00:05:26.093+0000] {processor.py:186} INFO - Started process (PID=300) to work on /home/airflow/.local/lib/python3.12/site-packages/airflow/example_dags/example_sensors.py
[2024-12-29T00:05:26.095+0000] {processor.py:914} INFO - Processing file /home/airflow/.local/lib/python3.12/site-packages/airflow/example_dags/example_sensors.py for tasks to queue
[2024-12-29T00:05:26.098+0000] {logging_mixin.py:190} INFO - [2024-12-29T00:05:26.098+0000] {dagbag.py:588} INFO - Filling up the DagBag from /home/airflow/.local/lib/python3.12/site-packages/airflow/example_dags/example_sensors.py
[2024-12-29T00:05:26.112+0000] {processor.py:925} INFO - DAG(s) 'example_sensors' retrieved from /home/airflow/.local/lib/python3.12/site-packages/airflow/example_dags/example_sensors.py
[2024-12-29T00:05:26.152+0000] {logging_mixin.py:190} INFO - [2024-12-29T00:05:26.152+0000] {dag.py:3239} INFO - Sync 1 DAGs
[2024-12-29T00:05:26.171+0000] {logging_mixin.py:190} INFO - [2024-12-29T00:05:26.171+0000] {dag.py:4180} INFO - Setting next_dagrun for example_sensors to None, run_after=None
[2024-12-29T00:05:26.215+0000] {processor.py:208} INFO - Processing /home/airflow/.local/lib/python3.12/site-packages/airflow/example_dags/example_sensors.py took 0.129 seconds
[2024-12-29T00:05:56.445+0000] {processor.py:186} INFO - Started process (PID=364) to work on /home/airflow/.local/lib/python3.12/site-packages/airflow/example_dags/example_sensors.py
[2024-12-29T00:05:56.447+0000] {processor.py:914} INFO - Processing file /home/airflow/.local/lib/python3.12/site-packages/airflow/example_dags/example_sensors.py for tasks to queue
[2024-12-29T00:05:56.450+0000] {logging_mixin.py:190} INFO - [2024-12-29T00:05:56.450+0000] {dagbag.py:588} INFO - Filling up the DagBag from /home/airflow/.local/lib/python3.12/site-packages/airflow/example_dags/example_sensors.py
[2024-12-29T00:05:56.466+0000] {processor.py:925} INFO - DAG(s) 'example_sensors' retrieved from /home/airflow/.local/lib/python3.12/site-packages/airflow/example_dags/example_sensors.py
[2024-12-29T00:05:56.503+0000] {logging_mixin.py:190} INFO - [2024-12-29T00:05:56.502+0000] {dag.py:3239} INFO - Sync 1 DAGs
[2024-12-29T00:05:56.519+0000] {logging_mixin.py:190} INFO - [2024-12-29T00:05:56.518+0000] {dag.py:4180} INFO - Setting next_dagrun for example_sensors to None, run_after=None
[2024-12-29T00:05:56.545+0000] {processor.py:208} INFO - Processing /home/airflow/.local/lib/python3.12/site-packages/airflow/example_dags/example_sensors.py took 0.106 seconds
[2024-12-29T00:06:26.716+0000] {processor.py:186} INFO - Started process (PID=428) to work on /home/airflow/.local/lib/python3.12/site-packages/airflow/example_dags/example_sensors.py
[2024-12-29T00:06:26.736+0000] {processor.py:914} INFO - Processing file /home/airflow/.local/lib/python3.12/site-packages/airflow/example_dags/example_sensors.py for tasks to queue
[2024-12-29T00:06:26.738+0000] {logging_mixin.py:190} INFO - [2024-12-29T00:06:26.738+0000] {dagbag.py:588} INFO - Filling up the DagBag from /home/airflow/.local/lib/python3.12/site-packages/airflow/example_dags/example_sensors.py
[2024-12-29T00:06:26.750+0000] {processor.py:925} INFO - DAG(s) 'example_sensors' retrieved from /home/airflow/.local/lib/python3.12/site-packages/airflow/example_dags/example_sensors.py
[2024-12-29T00:06:26.781+0000] {logging_mixin.py:190} INFO - [2024-12-29T00:06:26.781+0000] {dag.py:3239} INFO - Sync 1 DAGs
[2024-12-29T00:06:26.798+0000] {logging_mixin.py:190} INFO - [2024-12-29T00:06:26.797+0000] {dag.py:4180} INFO - Setting next_dagrun for example_sensors to None, run_after=None
[2024-12-29T00:06:26.826+0000] {processor.py:208} INFO - Processing /home/airflow/.local/lib/python3.12/site-packages/airflow/example_dags/example_sensors.py took 0.116 seconds
[2024-12-29T00:06:57.438+0000] {processor.py:186} INFO - Started process (PID=492) to work on /home/airflow/.local/lib/python3.12/site-packages/airflow/example_dags/example_sensors.py
[2024-12-29T00:06:57.440+0000] {processor.py:914} INFO - Processing file /home/airflow/.local/lib/python3.12/site-packages/airflow/example_dags/example_sensors.py for tasks to queue
[2024-12-29T00:06:57.443+0000] {logging_mixin.py:190} INFO - [2024-12-29T00:06:57.442+0000] {dagbag.py:588} INFO - Filling up the DagBag from /home/airflow/.local/lib/python3.12/site-packages/airflow/example_dags/example_sensors.py
[2024-12-29T00:06:57.458+0000] {processor.py:925} INFO - DAG(s) 'example_sensors' retrieved from /home/airflow/.local/lib/python3.12/site-packages/airflow/example_dags/example_sensors.py
[2024-12-29T00:06:57.499+0000] {logging_mixin.py:190} INFO - [2024-12-29T00:06:57.498+0000] {dag.py:3239} INFO - Sync 1 DAGs
[2024-12-29T00:06:57.526+0000] {logging_mixin.py:190} INFO - [2024-12-29T00:06:57.526+0000] {dag.py:4180} INFO - Setting next_dagrun for example_sensors to None, run_after=None
[2024-12-29T00:06:57.558+0000] {processor.py:208} INFO - Processing /home/airflow/.local/lib/python3.12/site-packages/airflow/example_dags/example_sensors.py took 0.131 seconds
[2024-12-29T00:07:28.096+0000] {processor.py:186} INFO - Started process (PID=556) to work on /home/airflow/.local/lib/python3.12/site-packages/airflow/example_dags/example_sensors.py
[2024-12-29T00:07:28.098+0000] {processor.py:914} INFO - Processing file /home/airflow/.local/lib/python3.12/site-packages/airflow/example_dags/example_sensors.py for tasks to queue
[2024-12-29T00:07:28.102+0000] {logging_mixin.py:190} INFO - [2024-12-29T00:07:28.101+0000] {dagbag.py:588} INFO - Filling up the DagBag from /home/airflow/.local/lib/python3.12/site-packages/airflow/example_dags/example_sensors.py
[2024-12-29T00:07:28.116+0000] {processor.py:925} INFO - DAG(s) 'example_sensors' retrieved from /home/airflow/.local/lib/python3.12/site-packages/airflow/example_dags/example_sensors.py
[2024-12-29T00:07:28.150+0000] {logging_mixin.py:190} INFO - [2024-12-29T00:07:28.149+0000] {dag.py:3239} INFO - Sync 1 DAGs
[2024-12-29T00:07:28.166+0000] {logging_mixin.py:190} INFO - [2024-12-29T00:07:28.166+0000] {dag.py:4180} INFO - Setting next_dagrun for example_sensors to None, run_after=None
[2024-12-29T00:07:28.193+0000] {processor.py:208} INFO - Processing /home/airflow/.local/lib/python3.12/site-packages/airflow/example_dags/example_sensors.py took 0.104 seconds
[2024-12-29T00:07:59.495+0000] {processor.py:186} INFO - Started process (PID=620) to work on /home/airflow/.local/lib/python3.12/site-packages/airflow/example_dags/example_sensors.py
[2024-12-29T00:07:59.496+0000] {processor.py:914} INFO - Processing file /home/airflow/.local/lib/python3.12/site-packages/airflow/example_dags/example_sensors.py for tasks to queue
[2024-12-29T00:07:59.498+0000] {logging_mixin.py:190} INFO - [2024-12-29T00:07:59.498+0000] {dagbag.py:588} INFO - Filling up the DagBag from /home/airflow/.local/lib/python3.12/site-packages/airflow/example_dags/example_sensors.py
[2024-12-29T00:07:59.510+0000] {processor.py:925} INFO - DAG(s) 'example_sensors' retrieved from /home/airflow/.local/lib/python3.12/site-packages/airflow/example_dags/example_sensors.py
[2024-12-29T00:07:59.544+0000] {logging_mixin.py:190} INFO - [2024-12-29T00:07:59.544+0000] {dag.py:3239} INFO - Sync 1 DAGs
[2024-12-29T00:07:59.561+0000] {logging_mixin.py:190} INFO - [2024-12-29T00:07:59.561+0000] {dag.py:4180} INFO - Setting next_dagrun for example_sensors to None, run_after=None
[2024-12-29T00:07:59.588+0000] {processor.py:208} INFO - Processing /home/airflow/.local/lib/python3.12/site-packages/airflow/example_dags/example_sensors.py took 0.098 seconds
[2024-12-29T00:08:30.959+0000] {processor.py:186} INFO - Started process (PID=683) to work on /home/airflow/.local/lib/python3.12/site-packages/airflow/example_dags/example_sensors.py
[2024-12-29T00:08:30.961+0000] {processor.py:914} INFO - Processing file /home/airflow/.local/lib/python3.12/site-packages/airflow/example_dags/example_sensors.py for tasks to queue
[2024-12-29T00:08:30.964+0000] {logging_mixin.py:190} INFO - [2024-12-29T00:08:30.963+0000] {dagbag.py:588} INFO - Filling up the DagBag from /home/airflow/.local/lib/python3.12/site-packages/airflow/example_dags/example_sensors.py
[2024-12-29T00:08:30.975+0000] {processor.py:925} INFO - DAG(s) 'example_sensors' retrieved from /home/airflow/.local/lib/python3.12/site-packages/airflow/example_dags/example_sensors.py
[2024-12-29T00:08:31.011+0000] {logging_mixin.py:190} INFO - [2024-12-29T00:08:31.010+0000] {dag.py:3239} INFO - Sync 1 DAGs
[2024-12-29T00:08:31.027+0000] {logging_mixin.py:190} INFO - [2024-12-29T00:08:31.026+0000] {dag.py:4180} INFO - Setting next_dagrun for example_sensors to None, run_after=None
[2024-12-29T00:08:31.053+0000] {processor.py:208} INFO - Processing /home/airflow/.local/lib/python3.12/site-packages/airflow/example_dags/example_sensors.py took 0.100 seconds
[2024-12-29T00:09:01.848+0000] {processor.py:186} INFO - Started process (PID=747) to work on /home/airflow/.local/lib/python3.12/site-packages/airflow/example_dags/example_sensors.py
[2024-12-29T00:09:01.850+0000] {processor.py:914} INFO - Processing file /home/airflow/.local/lib/python3.12/site-packages/airflow/example_dags/example_sensors.py for tasks to queue
[2024-12-29T00:09:01.853+0000] {logging_mixin.py:190} INFO - [2024-12-29T00:09:01.852+0000] {dagbag.py:588} INFO - Filling up the DagBag from /home/airflow/.local/lib/python3.12/site-packages/airflow/example_dags/example_sensors.py
[2024-12-29T00:09:01.864+0000] {processor.py:925} INFO - DAG(s) 'example_sensors' retrieved from /home/airflow/.local/lib/python3.12/site-packages/airflow/example_dags/example_sensors.py
[2024-12-29T00:09:01.893+0000] {logging_mixin.py:190} INFO - [2024-12-29T00:09:01.893+0000] {dag.py:3239} INFO - Sync 1 DAGs
[2024-12-29T00:09:01.908+0000] {logging_mixin.py:190} INFO - [2024-12-29T00:09:01.908+0000] {dag.py:4180} INFO - Setting next_dagrun for example_sensors to None, run_after=None
[2024-12-29T00:09:01.931+0000] {processor.py:208} INFO - Processing /home/airflow/.local/lib/python3.12/site-packages/airflow/example_dags/example_sensors.py took 0.089 seconds
[2024-12-29T00:09:32.940+0000] {processor.py:186} INFO - Started process (PID=811) to work on /home/airflow/.local/lib/python3.12/site-packages/airflow/example_dags/example_sensors.py
[2024-12-29T00:09:32.942+0000] {processor.py:914} INFO - Processing file /home/airflow/.local/lib/python3.12/site-packages/airflow/example_dags/example_sensors.py for tasks to queue
[2024-12-29T00:09:32.944+0000] {logging_mixin.py:190} INFO - [2024-12-29T00:09:32.944+0000] {dagbag.py:588} INFO - Filling up the DagBag from /home/airflow/.local/lib/python3.12/site-packages/airflow/example_dags/example_sensors.py
[2024-12-29T00:09:32.954+0000] {processor.py:925} INFO - DAG(s) 'example_sensors' retrieved from /home/airflow/.local/lib/python3.12/site-packages/airflow/example_dags/example_sensors.py
[2024-12-29T00:09:32.983+0000] {logging_mixin.py:190} INFO - [2024-12-29T00:09:32.982+0000] {dag.py:3239} INFO - Sync 1 DAGs
[2024-12-29T00:09:32.998+0000] {logging_mixin.py:190} INFO - [2024-12-29T00:09:32.998+0000] {dag.py:4180} INFO - Setting next_dagrun for example_sensors to None, run_after=None
[2024-12-29T00:09:33.022+0000] {processor.py:208} INFO - Processing /home/airflow/.local/lib/python3.12/site-packages/airflow/example_dags/example_sensors.py took 0.088 seconds
[2024-12-29T00:10:04.450+0000] {processor.py:186} INFO - Started process (PID=875) to work on /home/airflow/.local/lib/python3.12/site-packages/airflow/example_dags/example_sensors.py
[2024-12-29T00:10:04.451+0000] {processor.py:914} INFO - Processing file /home/airflow/.local/lib/python3.12/site-packages/airflow/example_dags/example_sensors.py for tasks to queue
[2024-12-29T00:10:04.454+0000] {logging_mixin.py:190} INFO - [2024-12-29T00:10:04.454+0000] {dagbag.py:588} INFO - Filling up the DagBag from /home/airflow/.local/lib/python3.12/site-packages/airflow/example_dags/example_sensors.py
[2024-12-29T00:10:04.467+0000] {processor.py:925} INFO - DAG(s) 'example_sensors' retrieved from /home/airflow/.local/lib/python3.12/site-packages/airflow/example_dags/example_sensors.py
[2024-12-29T00:10:04.499+0000] {logging_mixin.py:190} INFO - [2024-12-29T00:10:04.498+0000] {dag.py:3239} INFO - Sync 1 DAGs
[2024-12-29T00:10:04.516+0000] {logging_mixin.py:190} INFO - [2024-12-29T00:10:04.516+0000] {dag.py:4180} INFO - Setting next_dagrun for example_sensors to None, run_after=None
[2024-12-29T00:10:04.544+0000] {processor.py:208} INFO - Processing /home/airflow/.local/lib/python3.12/site-packages/airflow/example_dags/example_sensors.py took 0.100 seconds
[2024-12-29T00:10:35.541+0000] {processor.py:186} INFO - Started process (PID=939) to work on /home/airflow/.local/lib/python3.12/site-packages/airflow/example_dags/example_sensors.py
[2024-12-29T00:10:35.543+0000] {processor.py:914} INFO - Processing file /home/airflow/.local/lib/python3.12/site-packages/airflow/example_dags/example_sensors.py for tasks to queue
[2024-12-29T00:10:35.545+0000] {logging_mixin.py:190} INFO - [2024-12-29T00:10:35.545+0000] {dagbag.py:588} INFO - Filling up the DagBag from /home/airflow/.local/lib/python3.12/site-packages/airflow/example_dags/example_sensors.py
[2024-12-29T00:10:35.559+0000] {processor.py:925} INFO - DAG(s) 'example_sensors' retrieved from /home/airflow/.local/lib/python3.12/site-packages/airflow/example_dags/example_sensors.py
[2024-12-29T00:10:35.595+0000] {logging_mixin.py:190} INFO - [2024-12-29T00:10:35.595+0000] {dag.py:3239} INFO - Sync 1 DAGs
[2024-12-29T00:10:35.616+0000] {logging_mixin.py:190} INFO - [2024-12-29T00:10:35.616+0000] {dag.py:4180} INFO - Setting next_dagrun for example_sensors to None, run_after=None
[2024-12-29T00:10:35.644+0000] {processor.py:208} INFO - Processing /home/airflow/.local/lib/python3.12/site-packages/airflow/example_dags/example_sensors.py took 0.111 seconds
[2024-12-29T00:11:07.042+0000] {processor.py:186} INFO - Started process (PID=1003) to work on /home/airflow/.local/lib/python3.12/site-packages/airflow/example_dags/example_sensors.py
[2024-12-29T00:11:07.044+0000] {processor.py:914} INFO - Processing file /home/airflow/.local/lib/python3.12/site-packages/airflow/example_dags/example_sensors.py for tasks to queue
[2024-12-29T00:11:07.047+0000] {logging_mixin.py:190} INFO - [2024-12-29T00:11:07.047+0000] {dagbag.py:588} INFO - Filling up the DagBag from /home/airflow/.local/lib/python3.12/site-packages/airflow/example_dags/example_sensors.py
[2024-12-29T00:11:07.061+0000] {processor.py:925} INFO - DAG(s) 'example_sensors' retrieved from /home/airflow/.local/lib/python3.12/site-packages/airflow/example_dags/example_sensors.py
[2024-12-29T00:11:07.102+0000] {logging_mixin.py:190} INFO - [2024-12-29T00:11:07.101+0000] {dag.py:3239} INFO - Sync 1 DAGs
[2024-12-29T00:11:07.124+0000] {logging_mixin.py:190} INFO - [2024-12-29T00:11:07.123+0000] {dag.py:4180} INFO - Setting next_dagrun for example_sensors to None, run_after=None
[2024-12-29T00:11:07.158+0000] {processor.py:208} INFO - Processing /home/airflow/.local/lib/python3.12/site-packages/airflow/example_dags/example_sensors.py took 0.125 seconds
[2024-12-29T00:11:39.292+0000] {processor.py:186} INFO - Started process (PID=1067) to work on /home/airflow/.local/lib/python3.12/site-packages/airflow/example_dags/example_sensors.py
[2024-12-29T00:11:39.294+0000] {processor.py:914} INFO - Processing file /home/airflow/.local/lib/python3.12/site-packages/airflow/example_dags/example_sensors.py for tasks to queue
[2024-12-29T00:11:39.297+0000] {logging_mixin.py:190} INFO - [2024-12-29T00:11:39.297+0000] {dagbag.py:588} INFO - Filling up the DagBag from /home/airflow/.local/lib/python3.12/site-packages/airflow/example_dags/example_sensors.py
[2024-12-29T00:11:39.311+0000] {processor.py:925} INFO - DAG(s) 'example_sensors' retrieved from /home/airflow/.local/lib/python3.12/site-packages/airflow/example_dags/example_sensors.py
[2024-12-29T00:11:39.351+0000] {logging_mixin.py:190} INFO - [2024-12-29T00:11:39.350+0000] {dag.py:3239} INFO - Sync 1 DAGs
[2024-12-29T00:11:39.372+0000] {logging_mixin.py:190} INFO - [2024-12-29T00:11:39.372+0000] {dag.py:4180} INFO - Setting next_dagrun for example_sensors to None, run_after=None
[2024-12-29T00:11:39.407+0000] {processor.py:208} INFO - Processing /home/airflow/.local/lib/python3.12/site-packages/airflow/example_dags/example_sensors.py took 0.122 seconds
[2024-12-29T00:12:10.794+0000] {processor.py:186} INFO - Started process (PID=1131) to work on /home/airflow/.local/lib/python3.12/site-packages/airflow/example_dags/example_sensors.py
[2024-12-29T00:12:10.796+0000] {processor.py:914} INFO - Processing file /home/airflow/.local/lib/python3.12/site-packages/airflow/example_dags/example_sensors.py for tasks to queue
[2024-12-29T00:12:10.799+0000] {logging_mixin.py:190} INFO - [2024-12-29T00:12:10.799+0000] {dagbag.py:588} INFO - Filling up the DagBag from /home/airflow/.local/lib/python3.12/site-packages/airflow/example_dags/example_sensors.py
[2024-12-29T00:12:10.813+0000] {processor.py:925} INFO - DAG(s) 'example_sensors' retrieved from /home/airflow/.local/lib/python3.12/site-packages/airflow/example_dags/example_sensors.py
[2024-12-29T00:12:10.847+0000] {logging_mixin.py:190} INFO - [2024-12-29T00:12:10.847+0000] {dag.py:3239} INFO - Sync 1 DAGs
[2024-12-29T00:12:10.865+0000] {logging_mixin.py:190} INFO - [2024-12-29T00:12:10.865+0000] {dag.py:4180} INFO - Setting next_dagrun for example_sensors to None, run_after=None
[2024-12-29T00:12:10.892+0000] {processor.py:208} INFO - Processing /home/airflow/.local/lib/python3.12/site-packages/airflow/example_dags/example_sensors.py took 0.105 seconds
[2024-12-29T00:12:42.647+0000] {processor.py:186} INFO - Started process (PID=1195) to work on /home/airflow/.local/lib/python3.12/site-packages/airflow/example_dags/example_sensors.py
[2024-12-29T00:12:42.649+0000] {processor.py:914} INFO - Processing file /home/airflow/.local/lib/python3.12/site-packages/airflow/example_dags/example_sensors.py for tasks to queue
[2024-12-29T00:12:42.652+0000] {logging_mixin.py:190} INFO - [2024-12-29T00:12:42.651+0000] {dagbag.py:588} INFO - Filling up the DagBag from /home/airflow/.local/lib/python3.12/site-packages/airflow/example_dags/example_sensors.py
[2024-12-29T00:12:42.670+0000] {processor.py:925} INFO - DAG(s) 'example_sensors' retrieved from /home/airflow/.local/lib/python3.12/site-packages/airflow/example_dags/example_sensors.py
[2024-12-29T00:12:42.720+0000] {logging_mixin.py:190} INFO - [2024-12-29T00:12:42.719+0000] {dag.py:3239} INFO - Sync 1 DAGs
[2024-12-29T00:12:42.748+0000] {logging_mixin.py:190} INFO - [2024-12-29T00:12:42.748+0000] {dag.py:4180} INFO - Setting next_dagrun for example_sensors to None, run_after=None
[2024-12-29T00:12:42.785+0000] {processor.py:208} INFO - Processing /home/airflow/.local/lib/python3.12/site-packages/airflow/example_dags/example_sensors.py took 0.146 seconds
[2024-12-29T00:13:20.169+0000] {processor.py:186} INFO - Started process (PID=1267) to work on /home/airflow/.local/lib/python3.12/site-packages/airflow/example_dags/example_sensors.py
[2024-12-29T00:13:20.171+0000] {processor.py:914} INFO - Processing file /home/airflow/.local/lib/python3.12/site-packages/airflow/example_dags/example_sensors.py for tasks to queue
[2024-12-29T00:13:20.175+0000] {logging_mixin.py:190} INFO - [2024-12-29T00:13:20.174+0000] {dagbag.py:588} INFO - Filling up the DagBag from /home/airflow/.local/lib/python3.12/site-packages/airflow/example_dags/example_sensors.py
[2024-12-29T00:13:20.203+0000] {processor.py:925} INFO - DAG(s) 'example_sensors' retrieved from /home/airflow/.local/lib/python3.12/site-packages/airflow/example_dags/example_sensors.py
[2024-12-29T00:13:20.255+0000] {logging_mixin.py:190} INFO - [2024-12-29T00:13:20.255+0000] {dag.py:3239} INFO - Sync 1 DAGs
[2024-12-29T00:13:20.287+0000] {logging_mixin.py:190} INFO - [2024-12-29T00:13:20.286+0000] {dag.py:4180} INFO - Setting next_dagrun for example_sensors to None, run_after=None
[2024-12-29T00:13:20.327+0000] {processor.py:208} INFO - Processing /home/airflow/.local/lib/python3.12/site-packages/airflow/example_dags/example_sensors.py took 0.169 seconds
[2024-12-29T00:13:50.427+0000] {processor.py:186} INFO - Started process (PID=1332) to work on /home/airflow/.local/lib/python3.12/site-packages/airflow/example_dags/example_sensors.py
[2024-12-29T00:13:50.429+0000] {processor.py:914} INFO - Processing file /home/airflow/.local/lib/python3.12/site-packages/airflow/example_dags/example_sensors.py for tasks to queue
[2024-12-29T00:13:50.432+0000] {logging_mixin.py:190} INFO - [2024-12-29T00:13:50.431+0000] {dagbag.py:588} INFO - Filling up the DagBag from /home/airflow/.local/lib/python3.12/site-packages/airflow/example_dags/example_sensors.py
[2024-12-29T00:13:50.445+0000] {processor.py:925} INFO - DAG(s) 'example_sensors' retrieved from /home/airflow/.local/lib/python3.12/site-packages/airflow/example_dags/example_sensors.py
[2024-12-29T00:13:50.488+0000] {logging_mixin.py:190} INFO - [2024-12-29T00:13:50.487+0000] {dag.py:3239} INFO - Sync 1 DAGs
[2024-12-29T00:13:50.508+0000] {logging_mixin.py:190} INFO - [2024-12-29T00:13:50.508+0000] {dag.py:4180} INFO - Setting next_dagrun for example_sensors to None, run_after=None
[2024-12-29T00:13:50.540+0000] {processor.py:208} INFO - Processing /home/airflow/.local/lib/python3.12/site-packages/airflow/example_dags/example_sensors.py took 0.120 seconds
[2024-12-29T00:14:21.787+0000] {processor.py:186} INFO - Started process (PID=1397) to work on /home/airflow/.local/lib/python3.12/site-packages/airflow/example_dags/example_sensors.py
[2024-12-29T00:14:21.789+0000] {processor.py:914} INFO - Processing file /home/airflow/.local/lib/python3.12/site-packages/airflow/example_dags/example_sensors.py for tasks to queue
[2024-12-29T00:14:21.792+0000] {logging_mixin.py:190} INFO - [2024-12-29T00:14:21.792+0000] {dagbag.py:588} INFO - Filling up the DagBag from /home/airflow/.local/lib/python3.12/site-packages/airflow/example_dags/example_sensors.py
[2024-12-29T00:14:21.802+0000] {processor.py:925} INFO - DAG(s) 'example_sensors' retrieved from /home/airflow/.local/lib/python3.12/site-packages/airflow/example_dags/example_sensors.py
[2024-12-29T00:14:21.829+0000] {logging_mixin.py:190} INFO - [2024-12-29T00:14:21.829+0000] {dag.py:3239} INFO - Sync 1 DAGs
[2024-12-29T00:14:21.846+0000] {logging_mixin.py:190} INFO - [2024-12-29T00:14:21.845+0000] {dag.py:4180} INFO - Setting next_dagrun for example_sensors to None, run_after=None
[2024-12-29T00:14:21.870+0000] {processor.py:208} INFO - Processing /home/airflow/.local/lib/python3.12/site-packages/airflow/example_dags/example_sensors.py took 0.089 seconds
[2024-12-29T00:14:53.417+0000] {processor.py:186} INFO - Started process (PID=1462) to work on /home/airflow/.local/lib/python3.12/site-packages/airflow/example_dags/example_sensors.py
[2024-12-29T00:14:53.419+0000] {processor.py:914} INFO - Processing file /home/airflow/.local/lib/python3.12/site-packages/airflow/example_dags/example_sensors.py for tasks to queue
[2024-12-29T00:14:53.423+0000] {logging_mixin.py:190} INFO - [2024-12-29T00:14:53.422+0000] {dagbag.py:588} INFO - Filling up the DagBag from /home/airflow/.local/lib/python3.12/site-packages/airflow/example_dags/example_sensors.py
[2024-12-29T00:14:53.439+0000] {processor.py:925} INFO - DAG(s) 'example_sensors' retrieved from /home/airflow/.local/lib/python3.12/site-packages/airflow/example_dags/example_sensors.py
[2024-12-29T00:14:53.474+0000] {logging_mixin.py:190} INFO - [2024-12-29T00:14:53.474+0000] {dag.py:3239} INFO - Sync 1 DAGs
[2024-12-29T00:14:53.494+0000] {logging_mixin.py:190} INFO - [2024-12-29T00:14:53.493+0000] {dag.py:4180} INFO - Setting next_dagrun for example_sensors to None, run_after=None
[2024-12-29T00:14:53.526+0000] {processor.py:208} INFO - Processing /home/airflow/.local/lib/python3.12/site-packages/airflow/example_dags/example_sensors.py took 0.115 seconds
[2024-12-29T00:15:24.836+0000] {processor.py:186} INFO - Started process (PID=1529) to work on /home/airflow/.local/lib/python3.12/site-packages/airflow/example_dags/example_sensors.py
[2024-12-29T00:15:24.838+0000] {processor.py:914} INFO - Processing file /home/airflow/.local/lib/python3.12/site-packages/airflow/example_dags/example_sensors.py for tasks to queue
[2024-12-29T00:15:24.841+0000] {logging_mixin.py:190} INFO - [2024-12-29T00:15:24.840+0000] {dagbag.py:588} INFO - Filling up the DagBag from /home/airflow/.local/lib/python3.12/site-packages/airflow/example_dags/example_sensors.py
[2024-12-29T00:15:24.857+0000] {processor.py:925} INFO - DAG(s) 'example_sensors' retrieved from /home/airflow/.local/lib/python3.12/site-packages/airflow/example_dags/example_sensors.py
[2024-12-29T00:15:24.897+0000] {logging_mixin.py:190} INFO - [2024-12-29T00:15:24.897+0000] {dag.py:3239} INFO - Sync 1 DAGs
[2024-12-29T00:15:24.916+0000] {logging_mixin.py:190} INFO - [2024-12-29T00:15:24.916+0000] {dag.py:4180} INFO - Setting next_dagrun for example_sensors to None, run_after=None
[2024-12-29T00:15:24.948+0000] {processor.py:208} INFO - Processing /home/airflow/.local/lib/python3.12/site-packages/airflow/example_dags/example_sensors.py took 0.119 seconds
[2024-12-29T00:15:57.849+0000] {processor.py:186} INFO - Started process (PID=1594) to work on /home/airflow/.local/lib/python3.12/site-packages/airflow/example_dags/example_sensors.py
[2024-12-29T00:15:57.851+0000] {processor.py:914} INFO - Processing file /home/airflow/.local/lib/python3.12/site-packages/airflow/example_dags/example_sensors.py for tasks to queue
[2024-12-29T00:15:57.854+0000] {logging_mixin.py:190} INFO - [2024-12-29T00:15:57.853+0000] {dagbag.py:588} INFO - Filling up the DagBag from /home/airflow/.local/lib/python3.12/site-packages/airflow/example_dags/example_sensors.py
[2024-12-29T00:15:57.869+0000] {processor.py:925} INFO - DAG(s) 'example_sensors' retrieved from /home/airflow/.local/lib/python3.12/site-packages/airflow/example_dags/example_sensors.py
[2024-12-29T00:15:57.906+0000] {logging_mixin.py:190} INFO - [2024-12-29T00:15:57.905+0000] {dag.py:3239} INFO - Sync 1 DAGs
[2024-12-29T00:15:57.923+0000] {logging_mixin.py:190} INFO - [2024-12-29T00:15:57.923+0000] {dag.py:4180} INFO - Setting next_dagrun for example_sensors to None, run_after=None
[2024-12-29T00:15:57.951+0000] {processor.py:208} INFO - Processing /home/airflow/.local/lib/python3.12/site-packages/airflow/example_dags/example_sensors.py took 0.109 seconds
[2024-12-29T00:16:29.919+0000] {processor.py:186} INFO - Started process (PID=1660) to work on /home/airflow/.local/lib/python3.12/site-packages/airflow/example_dags/example_sensors.py
[2024-12-29T00:16:29.921+0000] {processor.py:914} INFO - Processing file /home/airflow/.local/lib/python3.12/site-packages/airflow/example_dags/example_sensors.py for tasks to queue
[2024-12-29T00:16:29.923+0000] {logging_mixin.py:190} INFO - [2024-12-29T00:16:29.923+0000] {dagbag.py:588} INFO - Filling up the DagBag from /home/airflow/.local/lib/python3.12/site-packages/airflow/example_dags/example_sensors.py
[2024-12-29T00:16:29.934+0000] {processor.py:925} INFO - DAG(s) 'example_sensors' retrieved from /home/airflow/.local/lib/python3.12/site-packages/airflow/example_dags/example_sensors.py
[2024-12-29T00:16:29.965+0000] {logging_mixin.py:190} INFO - [2024-12-29T00:16:29.964+0000] {dag.py:3239} INFO - Sync 1 DAGs
[2024-12-29T00:16:29.980+0000] {logging_mixin.py:190} INFO - [2024-12-29T00:16:29.980+0000] {dag.py:4180} INFO - Setting next_dagrun for example_sensors to None, run_after=None
[2024-12-29T00:16:30.006+0000] {processor.py:208} INFO - Processing /home/airflow/.local/lib/python3.12/site-packages/airflow/example_dags/example_sensors.py took 0.092 seconds
[2024-12-29T00:17:02.429+0000] {processor.py:186} INFO - Started process (PID=1725) to work on /home/airflow/.local/lib/python3.12/site-packages/airflow/example_dags/example_sensors.py
[2024-12-29T00:17:02.431+0000] {processor.py:914} INFO - Processing file /home/airflow/.local/lib/python3.12/site-packages/airflow/example_dags/example_sensors.py for tasks to queue
[2024-12-29T00:17:02.434+0000] {logging_mixin.py:190} INFO - [2024-12-29T00:17:02.433+0000] {dagbag.py:588} INFO - Filling up the DagBag from /home/airflow/.local/lib/python3.12/site-packages/airflow/example_dags/example_sensors.py
[2024-12-29T00:17:02.447+0000] {processor.py:925} INFO - DAG(s) 'example_sensors' retrieved from /home/airflow/.local/lib/python3.12/site-packages/airflow/example_dags/example_sensors.py
[2024-12-29T00:17:02.483+0000] {logging_mixin.py:190} INFO - [2024-12-29T00:17:02.482+0000] {dag.py:3239} INFO - Sync 1 DAGs
[2024-12-29T00:17:02.502+0000] {logging_mixin.py:190} INFO - [2024-12-29T00:17:02.502+0000] {dag.py:4180} INFO - Setting next_dagrun for example_sensors to None, run_after=None
[2024-12-29T00:17:02.531+0000] {processor.py:208} INFO - Processing /home/airflow/.local/lib/python3.12/site-packages/airflow/example_dags/example_sensors.py took 0.108 seconds
[2024-12-29T00:19:58.547+0000] {processor.py:186} INFO - Started process (PID=106) to work on /home/airflow/.local/lib/python3.12/site-packages/airflow/example_dags/example_sensors.py
[2024-12-29T00:19:58.549+0000] {processor.py:914} INFO - Processing file /home/airflow/.local/lib/python3.12/site-packages/airflow/example_dags/example_sensors.py for tasks to queue
[2024-12-29T00:19:58.551+0000] {logging_mixin.py:190} INFO - [2024-12-29T00:19:58.551+0000] {dagbag.py:588} INFO - Filling up the DagBag from /home/airflow/.local/lib/python3.12/site-packages/airflow/example_dags/example_sensors.py
[2024-12-29T00:19:58.566+0000] {processor.py:925} INFO - DAG(s) 'example_sensors' retrieved from /home/airflow/.local/lib/python3.12/site-packages/airflow/example_dags/example_sensors.py
[2024-12-29T00:19:58.607+0000] {logging_mixin.py:190} INFO - [2024-12-29T00:19:58.607+0000] {dag.py:3239} INFO - Sync 1 DAGs
[2024-12-29T00:19:58.626+0000] {logging_mixin.py:190} INFO - [2024-12-29T00:19:58.625+0000] {dag.py:4180} INFO - Setting next_dagrun for example_sensors to None, run_after=None
[2024-12-29T00:19:58.653+0000] {processor.py:208} INFO - Processing /home/airflow/.local/lib/python3.12/site-packages/airflow/example_dags/example_sensors.py took 0.113 seconds
[2024-12-29T00:20:31.348+0000] {processor.py:186} INFO - Started process (PID=171) to work on /home/airflow/.local/lib/python3.12/site-packages/airflow/example_dags/example_sensors.py
[2024-12-29T00:20:31.350+0000] {processor.py:914} INFO - Processing file /home/airflow/.local/lib/python3.12/site-packages/airflow/example_dags/example_sensors.py for tasks to queue
[2024-12-29T00:20:31.352+0000] {logging_mixin.py:190} INFO - [2024-12-29T00:20:31.352+0000] {dagbag.py:588} INFO - Filling up the DagBag from /home/airflow/.local/lib/python3.12/site-packages/airflow/example_dags/example_sensors.py
[2024-12-29T00:20:31.364+0000] {processor.py:925} INFO - DAG(s) 'example_sensors' retrieved from /home/airflow/.local/lib/python3.12/site-packages/airflow/example_dags/example_sensors.py
[2024-12-29T00:20:31.398+0000] {logging_mixin.py:190} INFO - [2024-12-29T00:20:31.397+0000] {dag.py:3239} INFO - Sync 1 DAGs
[2024-12-29T00:20:31.414+0000] {logging_mixin.py:190} INFO - [2024-12-29T00:20:31.413+0000] {dag.py:4180} INFO - Setting next_dagrun for example_sensors to None, run_after=None
[2024-12-29T00:20:31.441+0000] {processor.py:208} INFO - Processing /home/airflow/.local/lib/python3.12/site-packages/airflow/example_dags/example_sensors.py took 0.097 seconds
[2024-12-29T00:21:02.836+0000] {processor.py:186} INFO - Started process (PID=236) to work on /home/airflow/.local/lib/python3.12/site-packages/airflow/example_dags/example_sensors.py
[2024-12-29T00:21:02.838+0000] {processor.py:914} INFO - Processing file /home/airflow/.local/lib/python3.12/site-packages/airflow/example_dags/example_sensors.py for tasks to queue
[2024-12-29T00:21:02.840+0000] {logging_mixin.py:190} INFO - [2024-12-29T00:21:02.840+0000] {dagbag.py:588} INFO - Filling up the DagBag from /home/airflow/.local/lib/python3.12/site-packages/airflow/example_dags/example_sensors.py
[2024-12-29T00:21:02.853+0000] {processor.py:925} INFO - DAG(s) 'example_sensors' retrieved from /home/airflow/.local/lib/python3.12/site-packages/airflow/example_dags/example_sensors.py
[2024-12-29T00:21:02.889+0000] {logging_mixin.py:190} INFO - [2024-12-29T00:21:02.888+0000] {dag.py:3239} INFO - Sync 1 DAGs
[2024-12-29T00:21:02.908+0000] {logging_mixin.py:190} INFO - [2024-12-29T00:21:02.908+0000] {dag.py:4180} INFO - Setting next_dagrun for example_sensors to None, run_after=None
[2024-12-29T00:21:02.943+0000] {processor.py:208} INFO - Processing /home/airflow/.local/lib/python3.12/site-packages/airflow/example_dags/example_sensors.py took 0.114 seconds
[2024-12-29T00:21:34.511+0000] {processor.py:186} INFO - Started process (PID=301) to work on /home/airflow/.local/lib/python3.12/site-packages/airflow/example_dags/example_sensors.py
[2024-12-29T00:21:34.513+0000] {processor.py:914} INFO - Processing file /home/airflow/.local/lib/python3.12/site-packages/airflow/example_dags/example_sensors.py for tasks to queue
[2024-12-29T00:21:34.515+0000] {logging_mixin.py:190} INFO - [2024-12-29T00:21:34.515+0000] {dagbag.py:588} INFO - Filling up the DagBag from /home/airflow/.local/lib/python3.12/site-packages/airflow/example_dags/example_sensors.py
[2024-12-29T00:21:34.528+0000] {processor.py:925} INFO - DAG(s) 'example_sensors' retrieved from /home/airflow/.local/lib/python3.12/site-packages/airflow/example_dags/example_sensors.py
[2024-12-29T00:21:34.561+0000] {logging_mixin.py:190} INFO - [2024-12-29T00:21:34.560+0000] {dag.py:3239} INFO - Sync 1 DAGs
[2024-12-29T00:21:34.578+0000] {logging_mixin.py:190} INFO - [2024-12-29T00:21:34.578+0000] {dag.py:4180} INFO - Setting next_dagrun for example_sensors to None, run_after=None
[2024-12-29T00:21:34.606+0000] {processor.py:208} INFO - Processing /home/airflow/.local/lib/python3.12/site-packages/airflow/example_dags/example_sensors.py took 0.102 seconds
[2024-12-29T00:22:06.117+0000] {processor.py:186} INFO - Started process (PID=366) to work on /home/airflow/.local/lib/python3.12/site-packages/airflow/example_dags/example_sensors.py
[2024-12-29T00:22:06.148+0000] {processor.py:914} INFO - Processing file /home/airflow/.local/lib/python3.12/site-packages/airflow/example_dags/example_sensors.py for tasks to queue
[2024-12-29T00:22:06.151+0000] {logging_mixin.py:190} INFO - [2024-12-29T00:22:06.151+0000] {dagbag.py:588} INFO - Filling up the DagBag from /home/airflow/.local/lib/python3.12/site-packages/airflow/example_dags/example_sensors.py
[2024-12-29T00:22:06.165+0000] {processor.py:925} INFO - DAG(s) 'example_sensors' retrieved from /home/airflow/.local/lib/python3.12/site-packages/airflow/example_dags/example_sensors.py
[2024-12-29T00:22:06.200+0000] {logging_mixin.py:190} INFO - [2024-12-29T00:22:06.200+0000] {dag.py:3239} INFO - Sync 1 DAGs
[2024-12-29T00:22:06.219+0000] {logging_mixin.py:190} INFO - [2024-12-29T00:22:06.218+0000] {dag.py:4180} INFO - Setting next_dagrun for example_sensors to None, run_after=None
[2024-12-29T00:22:06.252+0000] {processor.py:208} INFO - Processing /home/airflow/.local/lib/python3.12/site-packages/airflow/example_dags/example_sensors.py took 0.142 seconds
[2024-12-29T00:22:37.423+0000] {processor.py:186} INFO - Started process (PID=431) to work on /home/airflow/.local/lib/python3.12/site-packages/airflow/example_dags/example_sensors.py
[2024-12-29T00:22:37.425+0000] {processor.py:914} INFO - Processing file /home/airflow/.local/lib/python3.12/site-packages/airflow/example_dags/example_sensors.py for tasks to queue
[2024-12-29T00:22:37.428+0000] {logging_mixin.py:190} INFO - [2024-12-29T00:22:37.427+0000] {dagbag.py:588} INFO - Filling up the DagBag from /home/airflow/.local/lib/python3.12/site-packages/airflow/example_dags/example_sensors.py
[2024-12-29T00:22:37.440+0000] {processor.py:925} INFO - DAG(s) 'example_sensors' retrieved from /home/airflow/.local/lib/python3.12/site-packages/airflow/example_dags/example_sensors.py
[2024-12-29T00:22:37.473+0000] {logging_mixin.py:190} INFO - [2024-12-29T00:22:37.472+0000] {dag.py:3239} INFO - Sync 1 DAGs
[2024-12-29T00:22:37.489+0000] {logging_mixin.py:190} INFO - [2024-12-29T00:22:37.489+0000] {dag.py:4180} INFO - Setting next_dagrun for example_sensors to None, run_after=None
[2024-12-29T00:22:37.513+0000] {processor.py:208} INFO - Processing /home/airflow/.local/lib/python3.12/site-packages/airflow/example_dags/example_sensors.py took 0.096 seconds
[2024-12-29T00:23:09.831+0000] {processor.py:186} INFO - Started process (PID=502) to work on /home/airflow/.local/lib/python3.12/site-packages/airflow/example_dags/example_sensors.py
[2024-12-29T00:23:09.833+0000] {processor.py:914} INFO - Processing file /home/airflow/.local/lib/python3.12/site-packages/airflow/example_dags/example_sensors.py for tasks to queue
[2024-12-29T00:23:09.836+0000] {logging_mixin.py:190} INFO - [2024-12-29T00:23:09.836+0000] {dagbag.py:588} INFO - Filling up the DagBag from /home/airflow/.local/lib/python3.12/site-packages/airflow/example_dags/example_sensors.py
[2024-12-29T00:23:09.853+0000] {processor.py:925} INFO - DAG(s) 'example_sensors' retrieved from /home/airflow/.local/lib/python3.12/site-packages/airflow/example_dags/example_sensors.py
[2024-12-29T00:23:09.893+0000] {logging_mixin.py:190} INFO - [2024-12-29T00:23:09.893+0000] {dag.py:3239} INFO - Sync 1 DAGs
[2024-12-29T00:23:09.914+0000] {logging_mixin.py:190} INFO - [2024-12-29T00:23:09.914+0000] {dag.py:4180} INFO - Setting next_dagrun for example_sensors to None, run_after=None
[2024-12-29T00:23:09.945+0000] {processor.py:208} INFO - Processing /home/airflow/.local/lib/python3.12/site-packages/airflow/example_dags/example_sensors.py took 0.121 seconds
[2024-12-29T00:23:40.561+0000] {processor.py:186} INFO - Started process (PID=568) to work on /home/airflow/.local/lib/python3.12/site-packages/airflow/example_dags/example_sensors.py
[2024-12-29T00:23:40.563+0000] {processor.py:914} INFO - Processing file /home/airflow/.local/lib/python3.12/site-packages/airflow/example_dags/example_sensors.py for tasks to queue
[2024-12-29T00:23:40.565+0000] {logging_mixin.py:190} INFO - [2024-12-29T00:23:40.565+0000] {dagbag.py:588} INFO - Filling up the DagBag from /home/airflow/.local/lib/python3.12/site-packages/airflow/example_dags/example_sensors.py
[2024-12-29T00:23:40.575+0000] {processor.py:925} INFO - DAG(s) 'example_sensors' retrieved from /home/airflow/.local/lib/python3.12/site-packages/airflow/example_dags/example_sensors.py
[2024-12-29T00:23:40.606+0000] {logging_mixin.py:190} INFO - [2024-12-29T00:23:40.606+0000] {dag.py:3239} INFO - Sync 1 DAGs
[2024-12-29T00:23:40.620+0000] {logging_mixin.py:190} INFO - [2024-12-29T00:23:40.620+0000] {dag.py:4180} INFO - Setting next_dagrun for example_sensors to None, run_after=None
[2024-12-29T00:23:40.643+0000] {processor.py:208} INFO - Processing /home/airflow/.local/lib/python3.12/site-packages/airflow/example_dags/example_sensors.py took 0.088 seconds
[2024-12-29T00:24:11.845+0000] {processor.py:186} INFO - Started process (PID=633) to work on /home/airflow/.local/lib/python3.12/site-packages/airflow/example_dags/example_sensors.py
[2024-12-29T00:24:11.847+0000] {processor.py:914} INFO - Processing file /home/airflow/.local/lib/python3.12/site-packages/airflow/example_dags/example_sensors.py for tasks to queue
[2024-12-29T00:24:11.851+0000] {logging_mixin.py:190} INFO - [2024-12-29T00:24:11.850+0000] {dagbag.py:588} INFO - Filling up the DagBag from /home/airflow/.local/lib/python3.12/site-packages/airflow/example_dags/example_sensors.py
[2024-12-29T00:24:11.866+0000] {processor.py:925} INFO - DAG(s) 'example_sensors' retrieved from /home/airflow/.local/lib/python3.12/site-packages/airflow/example_dags/example_sensors.py
[2024-12-29T00:24:11.901+0000] {logging_mixin.py:190} INFO - [2024-12-29T00:24:11.900+0000] {dag.py:3239} INFO - Sync 1 DAGs
[2024-12-29T00:24:11.919+0000] {logging_mixin.py:190} INFO - [2024-12-29T00:24:11.918+0000] {dag.py:4180} INFO - Setting next_dagrun for example_sensors to None, run_after=None
[2024-12-29T00:24:11.950+0000] {processor.py:208} INFO - Processing /home/airflow/.local/lib/python3.12/site-packages/airflow/example_dags/example_sensors.py took 0.114 seconds
[2024-12-29T00:24:42.615+0000] {processor.py:186} INFO - Started process (PID=698) to work on /home/airflow/.local/lib/python3.12/site-packages/airflow/example_dags/example_sensors.py
[2024-12-29T00:24:42.617+0000] {processor.py:914} INFO - Processing file /home/airflow/.local/lib/python3.12/site-packages/airflow/example_dags/example_sensors.py for tasks to queue
[2024-12-29T00:24:42.619+0000] {logging_mixin.py:190} INFO - [2024-12-29T00:24:42.619+0000] {dagbag.py:588} INFO - Filling up the DagBag from /home/airflow/.local/lib/python3.12/site-packages/airflow/example_dags/example_sensors.py
[2024-12-29T00:24:42.630+0000] {processor.py:925} INFO - DAG(s) 'example_sensors' retrieved from /home/airflow/.local/lib/python3.12/site-packages/airflow/example_dags/example_sensors.py
[2024-12-29T00:24:42.661+0000] {logging_mixin.py:190} INFO - [2024-12-29T00:24:42.660+0000] {dag.py:3239} INFO - Sync 1 DAGs
[2024-12-29T00:24:42.674+0000] {logging_mixin.py:190} INFO - [2024-12-29T00:24:42.674+0000] {dag.py:4180} INFO - Setting next_dagrun for example_sensors to None, run_after=None
[2024-12-29T00:24:42.700+0000] {processor.py:208} INFO - Processing /home/airflow/.local/lib/python3.12/site-packages/airflow/example_dags/example_sensors.py took 0.091 seconds
[2024-12-29T00:25:13.278+0000] {processor.py:186} INFO - Started process (PID=763) to work on /home/airflow/.local/lib/python3.12/site-packages/airflow/example_dags/example_sensors.py
[2024-12-29T00:25:13.280+0000] {processor.py:914} INFO - Processing file /home/airflow/.local/lib/python3.12/site-packages/airflow/example_dags/example_sensors.py for tasks to queue
[2024-12-29T00:25:13.283+0000] {logging_mixin.py:190} INFO - [2024-12-29T00:25:13.282+0000] {dagbag.py:588} INFO - Filling up the DagBag from /home/airflow/.local/lib/python3.12/site-packages/airflow/example_dags/example_sensors.py
[2024-12-29T00:25:13.293+0000] {processor.py:925} INFO - DAG(s) 'example_sensors' retrieved from /home/airflow/.local/lib/python3.12/site-packages/airflow/example_dags/example_sensors.py
[2024-12-29T00:25:13.321+0000] {logging_mixin.py:190} INFO - [2024-12-29T00:25:13.321+0000] {dag.py:3239} INFO - Sync 1 DAGs
[2024-12-29T00:25:13.337+0000] {logging_mixin.py:190} INFO - [2024-12-29T00:25:13.337+0000] {dag.py:4180} INFO - Setting next_dagrun for example_sensors to None, run_after=None
[2024-12-29T00:25:13.364+0000] {processor.py:208} INFO - Processing /home/airflow/.local/lib/python3.12/site-packages/airflow/example_dags/example_sensors.py took 0.091 seconds
[2024-12-29T00:25:44.361+0000] {processor.py:186} INFO - Started process (PID=828) to work on /home/airflow/.local/lib/python3.12/site-packages/airflow/example_dags/example_sensors.py
[2024-12-29T00:25:44.363+0000] {processor.py:914} INFO - Processing file /home/airflow/.local/lib/python3.12/site-packages/airflow/example_dags/example_sensors.py for tasks to queue
[2024-12-29T00:25:44.366+0000] {logging_mixin.py:190} INFO - [2024-12-29T00:25:44.365+0000] {dagbag.py:588} INFO - Filling up the DagBag from /home/airflow/.local/lib/python3.12/site-packages/airflow/example_dags/example_sensors.py
[2024-12-29T00:25:44.378+0000] {processor.py:925} INFO - DAG(s) 'example_sensors' retrieved from /home/airflow/.local/lib/python3.12/site-packages/airflow/example_dags/example_sensors.py
[2024-12-29T00:25:44.414+0000] {logging_mixin.py:190} INFO - [2024-12-29T00:25:44.414+0000] {dag.py:3239} INFO - Sync 1 DAGs
[2024-12-29T00:25:44.433+0000] {logging_mixin.py:190} INFO - [2024-12-29T00:25:44.432+0000] {dag.py:4180} INFO - Setting next_dagrun for example_sensors to None, run_after=None
[2024-12-29T00:25:44.465+0000] {processor.py:208} INFO - Processing /home/airflow/.local/lib/python3.12/site-packages/airflow/example_dags/example_sensors.py took 0.110 seconds
[2024-12-29T00:26:14.555+0000] {processor.py:186} INFO - Started process (PID=892) to work on /home/airflow/.local/lib/python3.12/site-packages/airflow/example_dags/example_sensors.py
[2024-12-29T00:26:14.557+0000] {processor.py:914} INFO - Processing file /home/airflow/.local/lib/python3.12/site-packages/airflow/example_dags/example_sensors.py for tasks to queue
[2024-12-29T00:26:14.560+0000] {logging_mixin.py:190} INFO - [2024-12-29T00:26:14.560+0000] {dagbag.py:588} INFO - Filling up the DagBag from /home/airflow/.local/lib/python3.12/site-packages/airflow/example_dags/example_sensors.py
[2024-12-29T00:26:14.579+0000] {processor.py:925} INFO - DAG(s) 'example_sensors' retrieved from /home/airflow/.local/lib/python3.12/site-packages/airflow/example_dags/example_sensors.py
[2024-12-29T00:26:14.622+0000] {logging_mixin.py:190} INFO - [2024-12-29T00:26:14.622+0000] {dag.py:3239} INFO - Sync 1 DAGs
[2024-12-29T00:26:14.649+0000] {logging_mixin.py:190} INFO - [2024-12-29T00:26:14.649+0000] {dag.py:4180} INFO - Setting next_dagrun for example_sensors to None, run_after=None
[2024-12-29T00:26:14.681+0000] {processor.py:208} INFO - Processing /home/airflow/.local/lib/python3.12/site-packages/airflow/example_dags/example_sensors.py took 0.136 seconds
[2024-12-29T00:26:45.445+0000] {processor.py:186} INFO - Started process (PID=957) to work on /home/airflow/.local/lib/python3.12/site-packages/airflow/example_dags/example_sensors.py
[2024-12-29T00:26:45.447+0000] {processor.py:914} INFO - Processing file /home/airflow/.local/lib/python3.12/site-packages/airflow/example_dags/example_sensors.py for tasks to queue
[2024-12-29T00:26:45.450+0000] {logging_mixin.py:190} INFO - [2024-12-29T00:26:45.449+0000] {dagbag.py:588} INFO - Filling up the DagBag from /home/airflow/.local/lib/python3.12/site-packages/airflow/example_dags/example_sensors.py
[2024-12-29T00:26:45.461+0000] {processor.py:925} INFO - DAG(s) 'example_sensors' retrieved from /home/airflow/.local/lib/python3.12/site-packages/airflow/example_dags/example_sensors.py
[2024-12-29T00:26:45.494+0000] {logging_mixin.py:190} INFO - [2024-12-29T00:26:45.494+0000] {dag.py:3239} INFO - Sync 1 DAGs
[2024-12-29T00:26:45.510+0000] {logging_mixin.py:190} INFO - [2024-12-29T00:26:45.510+0000] {dag.py:4180} INFO - Setting next_dagrun for example_sensors to None, run_after=None
[2024-12-29T00:26:45.540+0000] {processor.py:208} INFO - Processing /home/airflow/.local/lib/python3.12/site-packages/airflow/example_dags/example_sensors.py took 0.101 seconds
[2024-12-29T00:27:15.793+0000] {processor.py:186} INFO - Started process (PID=1021) to work on /home/airflow/.local/lib/python3.12/site-packages/airflow/example_dags/example_sensors.py
[2024-12-29T00:27:15.795+0000] {processor.py:914} INFO - Processing file /home/airflow/.local/lib/python3.12/site-packages/airflow/example_dags/example_sensors.py for tasks to queue
[2024-12-29T00:27:15.798+0000] {logging_mixin.py:190} INFO - [2024-12-29T00:27:15.797+0000] {dagbag.py:588} INFO - Filling up the DagBag from /home/airflow/.local/lib/python3.12/site-packages/airflow/example_dags/example_sensors.py
[2024-12-29T00:27:15.810+0000] {processor.py:925} INFO - DAG(s) 'example_sensors' retrieved from /home/airflow/.local/lib/python3.12/site-packages/airflow/example_dags/example_sensors.py
[2024-12-29T00:27:15.840+0000] {logging_mixin.py:190} INFO - [2024-12-29T00:27:15.840+0000] {dag.py:3239} INFO - Sync 1 DAGs
[2024-12-29T00:27:15.856+0000] {logging_mixin.py:190} INFO - [2024-12-29T00:27:15.855+0000] {dag.py:4180} INFO - Setting next_dagrun for example_sensors to None, run_after=None
[2024-12-29T00:27:15.885+0000] {processor.py:208} INFO - Processing /home/airflow/.local/lib/python3.12/site-packages/airflow/example_dags/example_sensors.py took 0.098 seconds
[2024-12-29T00:27:46.024+0000] {processor.py:186} INFO - Started process (PID=1086) to work on /home/airflow/.local/lib/python3.12/site-packages/airflow/example_dags/example_sensors.py
[2024-12-29T00:27:46.026+0000] {processor.py:914} INFO - Processing file /home/airflow/.local/lib/python3.12/site-packages/airflow/example_dags/example_sensors.py for tasks to queue
[2024-12-29T00:27:46.028+0000] {logging_mixin.py:190} INFO - [2024-12-29T00:27:46.028+0000] {dagbag.py:588} INFO - Filling up the DagBag from /home/airflow/.local/lib/python3.12/site-packages/airflow/example_dags/example_sensors.py
[2024-12-29T00:27:46.041+0000] {processor.py:925} INFO - DAG(s) 'example_sensors' retrieved from /home/airflow/.local/lib/python3.12/site-packages/airflow/example_dags/example_sensors.py
[2024-12-29T00:27:46.077+0000] {logging_mixin.py:190} INFO - [2024-12-29T00:27:46.076+0000] {dag.py:3239} INFO - Sync 1 DAGs
[2024-12-29T00:27:46.092+0000] {logging_mixin.py:190} INFO - [2024-12-29T00:27:46.092+0000] {dag.py:4180} INFO - Setting next_dagrun for example_sensors to None, run_after=None
[2024-12-29T00:27:46.118+0000] {processor.py:208} INFO - Processing /home/airflow/.local/lib/python3.12/site-packages/airflow/example_dags/example_sensors.py took 0.099 seconds
[2024-12-29T00:28:16.540+0000] {processor.py:186} INFO - Started process (PID=1152) to work on /home/airflow/.local/lib/python3.12/site-packages/airflow/example_dags/example_sensors.py
[2024-12-29T00:28:16.542+0000] {processor.py:914} INFO - Processing file /home/airflow/.local/lib/python3.12/site-packages/airflow/example_dags/example_sensors.py for tasks to queue
[2024-12-29T00:28:16.545+0000] {logging_mixin.py:190} INFO - [2024-12-29T00:28:16.545+0000] {dagbag.py:588} INFO - Filling up the DagBag from /home/airflow/.local/lib/python3.12/site-packages/airflow/example_dags/example_sensors.py
[2024-12-29T00:28:16.558+0000] {processor.py:925} INFO - DAG(s) 'example_sensors' retrieved from /home/airflow/.local/lib/python3.12/site-packages/airflow/example_dags/example_sensors.py
[2024-12-29T00:28:16.593+0000] {logging_mixin.py:190} INFO - [2024-12-29T00:28:16.592+0000] {dag.py:3239} INFO - Sync 1 DAGs
[2024-12-29T00:28:16.610+0000] {logging_mixin.py:190} INFO - [2024-12-29T00:28:16.610+0000] {dag.py:4180} INFO - Setting next_dagrun for example_sensors to None, run_after=None
[2024-12-29T00:28:16.636+0000] {processor.py:208} INFO - Processing /home/airflow/.local/lib/python3.12/site-packages/airflow/example_dags/example_sensors.py took 0.103 seconds
[2024-12-29T00:28:47.173+0000] {processor.py:186} INFO - Started process (PID=1217) to work on /home/airflow/.local/lib/python3.12/site-packages/airflow/example_dags/example_sensors.py
[2024-12-29T00:28:47.176+0000] {processor.py:914} INFO - Processing file /home/airflow/.local/lib/python3.12/site-packages/airflow/example_dags/example_sensors.py for tasks to queue
[2024-12-29T00:28:47.178+0000] {logging_mixin.py:190} INFO - [2024-12-29T00:28:47.178+0000] {dagbag.py:588} INFO - Filling up the DagBag from /home/airflow/.local/lib/python3.12/site-packages/airflow/example_dags/example_sensors.py
[2024-12-29T00:28:47.190+0000] {processor.py:925} INFO - DAG(s) 'example_sensors' retrieved from /home/airflow/.local/lib/python3.12/site-packages/airflow/example_dags/example_sensors.py
[2024-12-29T00:28:47.225+0000] {logging_mixin.py:190} INFO - [2024-12-29T00:28:47.224+0000] {dag.py:3239} INFO - Sync 1 DAGs
[2024-12-29T00:28:47.245+0000] {logging_mixin.py:190} INFO - [2024-12-29T00:28:47.245+0000] {dag.py:4180} INFO - Setting next_dagrun for example_sensors to None, run_after=None
[2024-12-29T00:28:47.279+0000] {processor.py:208} INFO - Processing /home/airflow/.local/lib/python3.12/site-packages/airflow/example_dags/example_sensors.py took 0.112 seconds
[2024-12-29T00:29:17.462+0000] {processor.py:186} INFO - Started process (PID=1282) to work on /home/airflow/.local/lib/python3.12/site-packages/airflow/example_dags/example_sensors.py
[2024-12-29T00:29:17.464+0000] {processor.py:914} INFO - Processing file /home/airflow/.local/lib/python3.12/site-packages/airflow/example_dags/example_sensors.py for tasks to queue
[2024-12-29T00:29:17.466+0000] {logging_mixin.py:190} INFO - [2024-12-29T00:29:17.465+0000] {dagbag.py:588} INFO - Filling up the DagBag from /home/airflow/.local/lib/python3.12/site-packages/airflow/example_dags/example_sensors.py
[2024-12-29T00:29:17.475+0000] {processor.py:925} INFO - DAG(s) 'example_sensors' retrieved from /home/airflow/.local/lib/python3.12/site-packages/airflow/example_dags/example_sensors.py
[2024-12-29T00:29:17.500+0000] {logging_mixin.py:190} INFO - [2024-12-29T00:29:17.500+0000] {dag.py:3239} INFO - Sync 1 DAGs
[2024-12-29T00:29:17.515+0000] {logging_mixin.py:190} INFO - [2024-12-29T00:29:17.515+0000] {dag.py:4180} INFO - Setting next_dagrun for example_sensors to None, run_after=None
[2024-12-29T00:29:17.542+0000] {processor.py:208} INFO - Processing /home/airflow/.local/lib/python3.12/site-packages/airflow/example_dags/example_sensors.py took 0.086 seconds
[2024-12-29T00:29:47.609+0000] {processor.py:186} INFO - Started process (PID=1347) to work on /home/airflow/.local/lib/python3.12/site-packages/airflow/example_dags/example_sensors.py
[2024-12-29T00:29:47.611+0000] {processor.py:914} INFO - Processing file /home/airflow/.local/lib/python3.12/site-packages/airflow/example_dags/example_sensors.py for tasks to queue
[2024-12-29T00:29:47.614+0000] {logging_mixin.py:190} INFO - [2024-12-29T00:29:47.613+0000] {dagbag.py:588} INFO - Filling up the DagBag from /home/airflow/.local/lib/python3.12/site-packages/airflow/example_dags/example_sensors.py
[2024-12-29T00:29:47.625+0000] {processor.py:925} INFO - DAG(s) 'example_sensors' retrieved from /home/airflow/.local/lib/python3.12/site-packages/airflow/example_dags/example_sensors.py
[2024-12-29T00:29:47.659+0000] {logging_mixin.py:190} INFO - [2024-12-29T00:29:47.658+0000] {dag.py:3239} INFO - Sync 1 DAGs
[2024-12-29T00:29:47.675+0000] {logging_mixin.py:190} INFO - [2024-12-29T00:29:47.675+0000] {dag.py:4180} INFO - Setting next_dagrun for example_sensors to None, run_after=None
[2024-12-29T00:29:47.704+0000] {processor.py:208} INFO - Processing /home/airflow/.local/lib/python3.12/site-packages/airflow/example_dags/example_sensors.py took 0.101 seconds
[2024-12-29T00:30:18.403+0000] {processor.py:186} INFO - Started process (PID=1412) to work on /home/airflow/.local/lib/python3.12/site-packages/airflow/example_dags/example_sensors.py
[2024-12-29T00:30:18.405+0000] {processor.py:914} INFO - Processing file /home/airflow/.local/lib/python3.12/site-packages/airflow/example_dags/example_sensors.py for tasks to queue
[2024-12-29T00:30:18.408+0000] {logging_mixin.py:190} INFO - [2024-12-29T00:30:18.408+0000] {dagbag.py:588} INFO - Filling up the DagBag from /home/airflow/.local/lib/python3.12/site-packages/airflow/example_dags/example_sensors.py
[2024-12-29T00:30:18.418+0000] {processor.py:925} INFO - DAG(s) 'example_sensors' retrieved from /home/airflow/.local/lib/python3.12/site-packages/airflow/example_dags/example_sensors.py
[2024-12-29T00:30:18.449+0000] {logging_mixin.py:190} INFO - [2024-12-29T00:30:18.449+0000] {dag.py:3239} INFO - Sync 1 DAGs
[2024-12-29T00:30:18.465+0000] {logging_mixin.py:190} INFO - [2024-12-29T00:30:18.465+0000] {dag.py:4180} INFO - Setting next_dagrun for example_sensors to None, run_after=None
[2024-12-29T00:30:18.494+0000] {processor.py:208} INFO - Processing /home/airflow/.local/lib/python3.12/site-packages/airflow/example_dags/example_sensors.py took 0.096 seconds
[2024-12-29T00:30:48.724+0000] {processor.py:186} INFO - Started process (PID=1477) to work on /home/airflow/.local/lib/python3.12/site-packages/airflow/example_dags/example_sensors.py
[2024-12-29T00:30:48.725+0000] {processor.py:914} INFO - Processing file /home/airflow/.local/lib/python3.12/site-packages/airflow/example_dags/example_sensors.py for tasks to queue
[2024-12-29T00:30:48.727+0000] {logging_mixin.py:190} INFO - [2024-12-29T00:30:48.727+0000] {dagbag.py:588} INFO - Filling up the DagBag from /home/airflow/.local/lib/python3.12/site-packages/airflow/example_dags/example_sensors.py
[2024-12-29T00:30:48.737+0000] {processor.py:925} INFO - DAG(s) 'example_sensors' retrieved from /home/airflow/.local/lib/python3.12/site-packages/airflow/example_dags/example_sensors.py
[2024-12-29T00:30:48.765+0000] {logging_mixin.py:190} INFO - [2024-12-29T00:30:48.764+0000] {dag.py:3239} INFO - Sync 1 DAGs
[2024-12-29T00:30:48.778+0000] {logging_mixin.py:190} INFO - [2024-12-29T00:30:48.778+0000] {dag.py:4180} INFO - Setting next_dagrun for example_sensors to None, run_after=None
[2024-12-29T00:30:48.803+0000] {processor.py:208} INFO - Processing /home/airflow/.local/lib/python3.12/site-packages/airflow/example_dags/example_sensors.py took 0.085 seconds
[2024-12-29T00:31:19.276+0000] {processor.py:186} INFO - Started process (PID=1543) to work on /home/airflow/.local/lib/python3.12/site-packages/airflow/example_dags/example_sensors.py
[2024-12-29T00:31:19.278+0000] {processor.py:914} INFO - Processing file /home/airflow/.local/lib/python3.12/site-packages/airflow/example_dags/example_sensors.py for tasks to queue
[2024-12-29T00:31:19.281+0000] {logging_mixin.py:190} INFO - [2024-12-29T00:31:19.280+0000] {dagbag.py:588} INFO - Filling up the DagBag from /home/airflow/.local/lib/python3.12/site-packages/airflow/example_dags/example_sensors.py
[2024-12-29T00:31:19.294+0000] {processor.py:925} INFO - DAG(s) 'example_sensors' retrieved from /home/airflow/.local/lib/python3.12/site-packages/airflow/example_dags/example_sensors.py
[2024-12-29T00:31:19.329+0000] {logging_mixin.py:190} INFO - [2024-12-29T00:31:19.329+0000] {dag.py:3239} INFO - Sync 1 DAGs
[2024-12-29T00:31:19.347+0000] {logging_mixin.py:190} INFO - [2024-12-29T00:31:19.346+0000] {dag.py:4180} INFO - Setting next_dagrun for example_sensors to None, run_after=None
[2024-12-29T00:31:19.375+0000] {processor.py:208} INFO - Processing /home/airflow/.local/lib/python3.12/site-packages/airflow/example_dags/example_sensors.py took 0.109 seconds
[2024-12-29T00:31:49.491+0000] {processor.py:186} INFO - Started process (PID=1608) to work on /home/airflow/.local/lib/python3.12/site-packages/airflow/example_dags/example_sensors.py
[2024-12-29T00:31:49.493+0000] {processor.py:914} INFO - Processing file /home/airflow/.local/lib/python3.12/site-packages/airflow/example_dags/example_sensors.py for tasks to queue
[2024-12-29T00:31:49.495+0000] {logging_mixin.py:190} INFO - [2024-12-29T00:31:49.495+0000] {dagbag.py:588} INFO - Filling up the DagBag from /home/airflow/.local/lib/python3.12/site-packages/airflow/example_dags/example_sensors.py
[2024-12-29T00:31:49.505+0000] {processor.py:925} INFO - DAG(s) 'example_sensors' retrieved from /home/airflow/.local/lib/python3.12/site-packages/airflow/example_dags/example_sensors.py
[2024-12-29T00:31:49.535+0000] {logging_mixin.py:190} INFO - [2024-12-29T00:31:49.534+0000] {dag.py:3239} INFO - Sync 1 DAGs
[2024-12-29T00:31:49.552+0000] {logging_mixin.py:190} INFO - [2024-12-29T00:31:49.552+0000] {dag.py:4180} INFO - Setting next_dagrun for example_sensors to None, run_after=None
[2024-12-29T00:31:49.582+0000] {processor.py:208} INFO - Processing /home/airflow/.local/lib/python3.12/site-packages/airflow/example_dags/example_sensors.py took 0.097 seconds
[2024-12-29T00:32:19.865+0000] {processor.py:186} INFO - Started process (PID=1673) to work on /home/airflow/.local/lib/python3.12/site-packages/airflow/example_dags/example_sensors.py
[2024-12-29T00:32:19.867+0000] {processor.py:914} INFO - Processing file /home/airflow/.local/lib/python3.12/site-packages/airflow/example_dags/example_sensors.py for tasks to queue
[2024-12-29T00:32:19.871+0000] {logging_mixin.py:190} INFO - [2024-12-29T00:32:19.870+0000] {dagbag.py:588} INFO - Filling up the DagBag from /home/airflow/.local/lib/python3.12/site-packages/airflow/example_dags/example_sensors.py
[2024-12-29T00:32:19.883+0000] {processor.py:925} INFO - DAG(s) 'example_sensors' retrieved from /home/airflow/.local/lib/python3.12/site-packages/airflow/example_dags/example_sensors.py
[2024-12-29T00:32:19.916+0000] {logging_mixin.py:190} INFO - [2024-12-29T00:32:19.916+0000] {dag.py:3239} INFO - Sync 1 DAGs
[2024-12-29T00:32:19.932+0000] {logging_mixin.py:190} INFO - [2024-12-29T00:32:19.931+0000] {dag.py:4180} INFO - Setting next_dagrun for example_sensors to None, run_after=None
[2024-12-29T00:32:19.959+0000] {processor.py:208} INFO - Processing /home/airflow/.local/lib/python3.12/site-packages/airflow/example_dags/example_sensors.py took 0.100 seconds
[2024-12-29T00:32:50.589+0000] {processor.py:186} INFO - Started process (PID=1738) to work on /home/airflow/.local/lib/python3.12/site-packages/airflow/example_dags/example_sensors.py
[2024-12-29T00:32:50.593+0000] {processor.py:914} INFO - Processing file /home/airflow/.local/lib/python3.12/site-packages/airflow/example_dags/example_sensors.py for tasks to queue
[2024-12-29T00:32:50.597+0000] {logging_mixin.py:190} INFO - [2024-12-29T00:32:50.596+0000] {dagbag.py:588} INFO - Filling up the DagBag from /home/airflow/.local/lib/python3.12/site-packages/airflow/example_dags/example_sensors.py
[2024-12-29T00:32:50.614+0000] {processor.py:925} INFO - DAG(s) 'example_sensors' retrieved from /home/airflow/.local/lib/python3.12/site-packages/airflow/example_dags/example_sensors.py
[2024-12-29T00:32:50.665+0000] {logging_mixin.py:190} INFO - [2024-12-29T00:32:50.665+0000] {dag.py:3239} INFO - Sync 1 DAGs
[2024-12-29T00:32:50.699+0000] {logging_mixin.py:190} INFO - [2024-12-29T00:32:50.698+0000] {dag.py:4180} INFO - Setting next_dagrun for example_sensors to None, run_after=None
[2024-12-29T00:32:50.743+0000] {processor.py:208} INFO - Processing /home/airflow/.local/lib/python3.12/site-packages/airflow/example_dags/example_sensors.py took 0.167 seconds
[2024-12-29T00:33:20.851+0000] {processor.py:186} INFO - Started process (PID=1803) to work on /home/airflow/.local/lib/python3.12/site-packages/airflow/example_dags/example_sensors.py
[2024-12-29T00:33:20.852+0000] {processor.py:914} INFO - Processing file /home/airflow/.local/lib/python3.12/site-packages/airflow/example_dags/example_sensors.py for tasks to queue
[2024-12-29T00:33:20.855+0000] {logging_mixin.py:190} INFO - [2024-12-29T00:33:20.854+0000] {dagbag.py:588} INFO - Filling up the DagBag from /home/airflow/.local/lib/python3.12/site-packages/airflow/example_dags/example_sensors.py
[2024-12-29T00:33:20.867+0000] {processor.py:925} INFO - DAG(s) 'example_sensors' retrieved from /home/airflow/.local/lib/python3.12/site-packages/airflow/example_dags/example_sensors.py
[2024-12-29T00:33:20.899+0000] {logging_mixin.py:190} INFO - [2024-12-29T00:33:20.899+0000] {dag.py:3239} INFO - Sync 1 DAGs
[2024-12-29T00:33:20.916+0000] {logging_mixin.py:190} INFO - [2024-12-29T00:33:20.916+0000] {dag.py:4180} INFO - Setting next_dagrun for example_sensors to None, run_after=None
[2024-12-29T00:33:20.947+0000] {processor.py:208} INFO - Processing /home/airflow/.local/lib/python3.12/site-packages/airflow/example_dags/example_sensors.py took 0.103 seconds
[2024-12-29T00:33:51.084+0000] {processor.py:186} INFO - Started process (PID=1868) to work on /home/airflow/.local/lib/python3.12/site-packages/airflow/example_dags/example_sensors.py
[2024-12-29T00:33:51.086+0000] {processor.py:914} INFO - Processing file /home/airflow/.local/lib/python3.12/site-packages/airflow/example_dags/example_sensors.py for tasks to queue
[2024-12-29T00:33:51.089+0000] {logging_mixin.py:190} INFO - [2024-12-29T00:33:51.088+0000] {dagbag.py:588} INFO - Filling up the DagBag from /home/airflow/.local/lib/python3.12/site-packages/airflow/example_dags/example_sensors.py
[2024-12-29T00:33:51.100+0000] {processor.py:925} INFO - DAG(s) 'example_sensors' retrieved from /home/airflow/.local/lib/python3.12/site-packages/airflow/example_dags/example_sensors.py
[2024-12-29T00:33:51.135+0000] {logging_mixin.py:190} INFO - [2024-12-29T00:33:51.134+0000] {dag.py:3239} INFO - Sync 1 DAGs
[2024-12-29T00:33:51.151+0000] {logging_mixin.py:190} INFO - [2024-12-29T00:33:51.150+0000] {dag.py:4180} INFO - Setting next_dagrun for example_sensors to None, run_after=None
[2024-12-29T00:33:51.179+0000] {processor.py:208} INFO - Processing /home/airflow/.local/lib/python3.12/site-packages/airflow/example_dags/example_sensors.py took 0.101 seconds
[2024-12-29T00:34:22.014+0000] {processor.py:186} INFO - Started process (PID=1933) to work on /home/airflow/.local/lib/python3.12/site-packages/airflow/example_dags/example_sensors.py
[2024-12-29T00:34:22.015+0000] {processor.py:914} INFO - Processing file /home/airflow/.local/lib/python3.12/site-packages/airflow/example_dags/example_sensors.py for tasks to queue
[2024-12-29T00:34:22.019+0000] {logging_mixin.py:190} INFO - [2024-12-29T00:34:22.018+0000] {dagbag.py:588} INFO - Filling up the DagBag from /home/airflow/.local/lib/python3.12/site-packages/airflow/example_dags/example_sensors.py
[2024-12-29T00:34:22.035+0000] {processor.py:925} INFO - DAG(s) 'example_sensors' retrieved from /home/airflow/.local/lib/python3.12/site-packages/airflow/example_dags/example_sensors.py
[2024-12-29T00:34:22.071+0000] {logging_mixin.py:190} INFO - [2024-12-29T00:34:22.071+0000] {dag.py:3239} INFO - Sync 1 DAGs
[2024-12-29T00:34:22.090+0000] {logging_mixin.py:190} INFO - [2024-12-29T00:34:22.090+0000] {dag.py:4180} INFO - Setting next_dagrun for example_sensors to None, run_after=None
[2024-12-29T00:34:22.121+0000] {processor.py:208} INFO - Processing /home/airflow/.local/lib/python3.12/site-packages/airflow/example_dags/example_sensors.py took 0.115 seconds
[2024-12-29T00:34:52.581+0000] {processor.py:186} INFO - Started process (PID=1998) to work on /home/airflow/.local/lib/python3.12/site-packages/airflow/example_dags/example_sensors.py
[2024-12-29T00:34:52.583+0000] {processor.py:914} INFO - Processing file /home/airflow/.local/lib/python3.12/site-packages/airflow/example_dags/example_sensors.py for tasks to queue
[2024-12-29T00:34:52.585+0000] {logging_mixin.py:190} INFO - [2024-12-29T00:34:52.585+0000] {dagbag.py:588} INFO - Filling up the DagBag from /home/airflow/.local/lib/python3.12/site-packages/airflow/example_dags/example_sensors.py
[2024-12-29T00:34:52.597+0000] {processor.py:925} INFO - DAG(s) 'example_sensors' retrieved from /home/airflow/.local/lib/python3.12/site-packages/airflow/example_dags/example_sensors.py
[2024-12-29T00:34:52.627+0000] {logging_mixin.py:190} INFO - [2024-12-29T00:34:52.627+0000] {dag.py:3239} INFO - Sync 1 DAGs
[2024-12-29T00:34:52.643+0000] {logging_mixin.py:190} INFO - [2024-12-29T00:34:52.643+0000] {dag.py:4180} INFO - Setting next_dagrun for example_sensors to None, run_after=None
[2024-12-29T00:34:52.669+0000] {processor.py:208} INFO - Processing /home/airflow/.local/lib/python3.12/site-packages/airflow/example_dags/example_sensors.py took 0.093 seconds
[2024-12-29T00:35:22.715+0000] {processor.py:186} INFO - Started process (PID=2063) to work on /home/airflow/.local/lib/python3.12/site-packages/airflow/example_dags/example_sensors.py
[2024-12-29T00:35:22.716+0000] {processor.py:914} INFO - Processing file /home/airflow/.local/lib/python3.12/site-packages/airflow/example_dags/example_sensors.py for tasks to queue
[2024-12-29T00:35:22.719+0000] {logging_mixin.py:190} INFO - [2024-12-29T00:35:22.718+0000] {dagbag.py:588} INFO - Filling up the DagBag from /home/airflow/.local/lib/python3.12/site-packages/airflow/example_dags/example_sensors.py
[2024-12-29T00:35:22.729+0000] {processor.py:925} INFO - DAG(s) 'example_sensors' retrieved from /home/airflow/.local/lib/python3.12/site-packages/airflow/example_dags/example_sensors.py
[2024-12-29T00:35:22.756+0000] {logging_mixin.py:190} INFO - [2024-12-29T00:35:22.756+0000] {dag.py:3239} INFO - Sync 1 DAGs
[2024-12-29T00:35:22.771+0000] {logging_mixin.py:190} INFO - [2024-12-29T00:35:22.771+0000] {dag.py:4180} INFO - Setting next_dagrun for example_sensors to None, run_after=None
[2024-12-29T00:35:22.795+0000] {processor.py:208} INFO - Processing /home/airflow/.local/lib/python3.12/site-packages/airflow/example_dags/example_sensors.py took 0.086 seconds
[2024-12-29T00:35:53.567+0000] {processor.py:186} INFO - Started process (PID=2128) to work on /home/airflow/.local/lib/python3.12/site-packages/airflow/example_dags/example_sensors.py
[2024-12-29T00:35:53.577+0000] {processor.py:914} INFO - Processing file /home/airflow/.local/lib/python3.12/site-packages/airflow/example_dags/example_sensors.py for tasks to queue
[2024-12-29T00:35:53.580+0000] {logging_mixin.py:190} INFO - [2024-12-29T00:35:53.580+0000] {dagbag.py:588} INFO - Filling up the DagBag from /home/airflow/.local/lib/python3.12/site-packages/airflow/example_dags/example_sensors.py
[2024-12-29T00:35:53.596+0000] {processor.py:925} INFO - DAG(s) 'example_sensors' retrieved from /home/airflow/.local/lib/python3.12/site-packages/airflow/example_dags/example_sensors.py
[2024-12-29T00:35:53.637+0000] {logging_mixin.py:190} INFO - [2024-12-29T00:35:53.636+0000] {dag.py:3239} INFO - Sync 1 DAGs
[2024-12-29T00:35:53.656+0000] {logging_mixin.py:190} INFO - [2024-12-29T00:35:53.655+0000] {dag.py:4180} INFO - Setting next_dagrun for example_sensors to None, run_after=None
[2024-12-29T00:35:53.694+0000] {processor.py:208} INFO - Processing /home/airflow/.local/lib/python3.12/site-packages/airflow/example_dags/example_sensors.py took 0.135 seconds
[2024-12-29T00:36:23.916+0000] {processor.py:186} INFO - Started process (PID=2193) to work on /home/airflow/.local/lib/python3.12/site-packages/airflow/example_dags/example_sensors.py
[2024-12-29T00:36:23.918+0000] {processor.py:914} INFO - Processing file /home/airflow/.local/lib/python3.12/site-packages/airflow/example_dags/example_sensors.py for tasks to queue
[2024-12-29T00:36:23.920+0000] {logging_mixin.py:190} INFO - [2024-12-29T00:36:23.920+0000] {dagbag.py:588} INFO - Filling up the DagBag from /home/airflow/.local/lib/python3.12/site-packages/airflow/example_dags/example_sensors.py
[2024-12-29T00:36:23.931+0000] {processor.py:925} INFO - DAG(s) 'example_sensors' retrieved from /home/airflow/.local/lib/python3.12/site-packages/airflow/example_dags/example_sensors.py
[2024-12-29T00:36:23.964+0000] {logging_mixin.py:190} INFO - [2024-12-29T00:36:23.963+0000] {dag.py:3239} INFO - Sync 1 DAGs
[2024-12-29T00:36:23.981+0000] {logging_mixin.py:190} INFO - [2024-12-29T00:36:23.981+0000] {dag.py:4180} INFO - Setting next_dagrun for example_sensors to None, run_after=None
[2024-12-29T00:36:24.010+0000] {processor.py:208} INFO - Processing /home/airflow/.local/lib/python3.12/site-packages/airflow/example_dags/example_sensors.py took 0.100 seconds
[2024-12-29T00:36:55.051+0000] {processor.py:186} INFO - Started process (PID=2259) to work on /home/airflow/.local/lib/python3.12/site-packages/airflow/example_dags/example_sensors.py
[2024-12-29T00:36:55.053+0000] {processor.py:914} INFO - Processing file /home/airflow/.local/lib/python3.12/site-packages/airflow/example_dags/example_sensors.py for tasks to queue
[2024-12-29T00:36:55.055+0000] {logging_mixin.py:190} INFO - [2024-12-29T00:36:55.055+0000] {dagbag.py:588} INFO - Filling up the DagBag from /home/airflow/.local/lib/python3.12/site-packages/airflow/example_dags/example_sensors.py
[2024-12-29T00:36:55.067+0000] {processor.py:925} INFO - DAG(s) 'example_sensors' retrieved from /home/airflow/.local/lib/python3.12/site-packages/airflow/example_dags/example_sensors.py
[2024-12-29T00:36:55.101+0000] {logging_mixin.py:190} INFO - [2024-12-29T00:36:55.101+0000] {dag.py:3239} INFO - Sync 1 DAGs
[2024-12-29T00:36:55.117+0000] {logging_mixin.py:190} INFO - [2024-12-29T00:36:55.117+0000] {dag.py:4180} INFO - Setting next_dagrun for example_sensors to None, run_after=None
[2024-12-29T00:36:55.144+0000] {processor.py:208} INFO - Processing /home/airflow/.local/lib/python3.12/site-packages/airflow/example_dags/example_sensors.py took 0.100 seconds
[2024-12-29T00:37:25.366+0000] {processor.py:186} INFO - Started process (PID=2324) to work on /home/airflow/.local/lib/python3.12/site-packages/airflow/example_dags/example_sensors.py
[2024-12-29T00:37:25.367+0000] {processor.py:914} INFO - Processing file /home/airflow/.local/lib/python3.12/site-packages/airflow/example_dags/example_sensors.py for tasks to queue
[2024-12-29T00:37:25.370+0000] {logging_mixin.py:190} INFO - [2024-12-29T00:37:25.369+0000] {dagbag.py:588} INFO - Filling up the DagBag from /home/airflow/.local/lib/python3.12/site-packages/airflow/example_dags/example_sensors.py
[2024-12-29T00:37:25.381+0000] {processor.py:925} INFO - DAG(s) 'example_sensors' retrieved from /home/airflow/.local/lib/python3.12/site-packages/airflow/example_dags/example_sensors.py
[2024-12-29T00:37:25.412+0000] {logging_mixin.py:190} INFO - [2024-12-29T00:37:25.411+0000] {dag.py:3239} INFO - Sync 1 DAGs
[2024-12-29T00:37:25.425+0000] {logging_mixin.py:190} INFO - [2024-12-29T00:37:25.424+0000] {dag.py:4180} INFO - Setting next_dagrun for example_sensors to None, run_after=None
[2024-12-29T00:37:25.449+0000] {processor.py:208} INFO - Processing /home/airflow/.local/lib/python3.12/site-packages/airflow/example_dags/example_sensors.py took 0.090 seconds
[2024-12-29T00:37:56.098+0000] {processor.py:186} INFO - Started process (PID=2389) to work on /home/airflow/.local/lib/python3.12/site-packages/airflow/example_dags/example_sensors.py
[2024-12-29T00:37:56.100+0000] {processor.py:914} INFO - Processing file /home/airflow/.local/lib/python3.12/site-packages/airflow/example_dags/example_sensors.py for tasks to queue
[2024-12-29T00:37:56.102+0000] {logging_mixin.py:190} INFO - [2024-12-29T00:37:56.102+0000] {dagbag.py:588} INFO - Filling up the DagBag from /home/airflow/.local/lib/python3.12/site-packages/airflow/example_dags/example_sensors.py
[2024-12-29T00:37:56.114+0000] {processor.py:925} INFO - DAG(s) 'example_sensors' retrieved from /home/airflow/.local/lib/python3.12/site-packages/airflow/example_dags/example_sensors.py
[2024-12-29T00:37:56.146+0000] {logging_mixin.py:190} INFO - [2024-12-29T00:37:56.146+0000] {dag.py:3239} INFO - Sync 1 DAGs
[2024-12-29T00:37:56.163+0000] {logging_mixin.py:190} INFO - [2024-12-29T00:37:56.163+0000] {dag.py:4180} INFO - Setting next_dagrun for example_sensors to None, run_after=None
[2024-12-29T00:37:56.190+0000] {processor.py:208} INFO - Processing /home/airflow/.local/lib/python3.12/site-packages/airflow/example_dags/example_sensors.py took 0.097 seconds
