[2024-12-29T00:03:45.566+0000] {processor.py:186} INFO - Started process (PID=96) to work on /home/airflow/.local/lib/python3.12/site-packages/airflow/example_dags/example_nested_branch_dag.py
[2024-12-29T00:03:45.567+0000] {processor.py:914} INFO - Processing file /home/airflow/.local/lib/python3.12/site-packages/airflow/example_dags/example_nested_branch_dag.py for tasks to queue
[2024-12-29T00:03:45.569+0000] {logging_mixin.py:190} INFO - [2024-12-29T00:03:45.569+0000] {dagbag.py:588} INFO - Filling up the DagBag from /home/airflow/.local/lib/python3.12/site-packages/airflow/example_dags/example_nested_branch_dag.py
[2024-12-29T00:03:45.589+0000] {processor.py:925} INFO - DAG(s) 'example_nested_branch_dag' retrieved from /home/airflow/.local/lib/python3.12/site-packages/airflow/example_dags/example_nested_branch_dag.py
[2024-12-29T00:03:45.744+0000] {logging_mixin.py:190} INFO - [2024-12-29T00:03:45.742+0000] {override.py:1911} INFO - Created Permission View: can read on DAG:example_nested_branch_dag
[2024-12-29T00:03:45.763+0000] {logging_mixin.py:190} INFO - [2024-12-29T00:03:45.762+0000] {override.py:1911} INFO - Created Permission View: can edit on DAG:example_nested_branch_dag
[2024-12-29T00:03:45.776+0000] {logging_mixin.py:190} INFO - [2024-12-29T00:03:45.776+0000] {override.py:1911} INFO - Created Permission View: can delete on DAG:example_nested_branch_dag
[2024-12-29T00:03:45.792+0000] {logging_mixin.py:190} INFO - [2024-12-29T00:03:45.792+0000] {override.py:1911} INFO - Created Permission View: can create on DAG Run:example_nested_branch_dag
[2024-12-29T00:03:45.805+0000] {logging_mixin.py:190} INFO - [2024-12-29T00:03:45.805+0000] {override.py:1911} INFO - Created Permission View: can read on DAG Run:example_nested_branch_dag
[2024-12-29T00:03:45.818+0000] {logging_mixin.py:190} INFO - [2024-12-29T00:03:45.817+0000] {override.py:1911} INFO - Created Permission View: can delete on DAG Run:example_nested_branch_dag
[2024-12-29T00:03:45.831+0000] {logging_mixin.py:190} INFO - [2024-12-29T00:03:45.830+0000] {override.py:1911} INFO - Created Permission View: menu access on DAG Run:example_nested_branch_dag
[2024-12-29T00:03:45.831+0000] {logging_mixin.py:190} INFO - [2024-12-29T00:03:45.831+0000] {dag.py:3239} INFO - Sync 1 DAGs
[2024-12-29T00:03:45.850+0000] {logging_mixin.py:190} INFO - [2024-12-29T00:03:45.849+0000] {dag.py:3262} INFO - Creating ORM DAG for example_nested_branch_dag
[2024-12-29T00:03:45.866+0000] {logging_mixin.py:190} INFO - [2024-12-29T00:03:45.866+0000] {dag.py:4180} INFO - Setting next_dagrun for example_nested_branch_dag to 2024-12-28 00:00:00+00:00, run_after=2024-12-29 00:00:00+00:00
[2024-12-29T00:03:45.895+0000] {processor.py:208} INFO - Processing /home/airflow/.local/lib/python3.12/site-packages/airflow/example_dags/example_nested_branch_dag.py took 0.337 seconds
[2024-12-29T00:04:16.041+0000] {processor.py:186} INFO - Started process (PID=159) to work on /home/airflow/.local/lib/python3.12/site-packages/airflow/example_dags/example_nested_branch_dag.py
[2024-12-29T00:04:16.042+0000] {processor.py:914} INFO - Processing file /home/airflow/.local/lib/python3.12/site-packages/airflow/example_dags/example_nested_branch_dag.py for tasks to queue
[2024-12-29T00:04:16.045+0000] {logging_mixin.py:190} INFO - [2024-12-29T00:04:16.044+0000] {dagbag.py:588} INFO - Filling up the DagBag from /home/airflow/.local/lib/python3.12/site-packages/airflow/example_dags/example_nested_branch_dag.py
[2024-12-29T00:04:16.058+0000] {processor.py:925} INFO - DAG(s) 'example_nested_branch_dag' retrieved from /home/airflow/.local/lib/python3.12/site-packages/airflow/example_dags/example_nested_branch_dag.py
[2024-12-29T00:04:16.085+0000] {logging_mixin.py:190} INFO - [2024-12-29T00:04:16.084+0000] {dag.py:3239} INFO - Sync 1 DAGs
[2024-12-29T00:04:16.115+0000] {logging_mixin.py:190} INFO - [2024-12-29T00:04:16.115+0000] {dag.py:4180} INFO - Setting next_dagrun for example_nested_branch_dag to 2024-12-28 00:00:00+00:00, run_after=2024-12-29 00:00:00+00:00
[2024-12-29T00:04:16.144+0000] {processor.py:208} INFO - Processing /home/airflow/.local/lib/python3.12/site-packages/airflow/example_dags/example_nested_branch_dag.py took 0.109 seconds
[2024-12-29T00:04:46.647+0000] {processor.py:186} INFO - Started process (PID=222) to work on /home/airflow/.local/lib/python3.12/site-packages/airflow/example_dags/example_nested_branch_dag.py
[2024-12-29T00:04:46.649+0000] {processor.py:914} INFO - Processing file /home/airflow/.local/lib/python3.12/site-packages/airflow/example_dags/example_nested_branch_dag.py for tasks to queue
[2024-12-29T00:04:46.652+0000] {logging_mixin.py:190} INFO - [2024-12-29T00:04:46.652+0000] {dagbag.py:588} INFO - Filling up the DagBag from /home/airflow/.local/lib/python3.12/site-packages/airflow/example_dags/example_nested_branch_dag.py
[2024-12-29T00:04:46.669+0000] {processor.py:925} INFO - DAG(s) 'example_nested_branch_dag' retrieved from /home/airflow/.local/lib/python3.12/site-packages/airflow/example_dags/example_nested_branch_dag.py
[2024-12-29T00:04:46.700+0000] {logging_mixin.py:190} INFO - [2024-12-29T00:04:46.700+0000] {dag.py:3239} INFO - Sync 1 DAGs
[2024-12-29T00:04:46.733+0000] {logging_mixin.py:190} INFO - [2024-12-29T00:04:46.733+0000] {dag.py:4180} INFO - Setting next_dagrun for example_nested_branch_dag to 2024-12-28 00:00:00+00:00, run_after=2024-12-29 00:00:00+00:00
[2024-12-29T00:04:46.764+0000] {processor.py:208} INFO - Processing /home/airflow/.local/lib/python3.12/site-packages/airflow/example_dags/example_nested_branch_dag.py took 0.124 seconds
[2024-12-29T00:05:17.062+0000] {processor.py:186} INFO - Started process (PID=286) to work on /home/airflow/.local/lib/python3.12/site-packages/airflow/example_dags/example_nested_branch_dag.py
[2024-12-29T00:05:17.064+0000] {processor.py:914} INFO - Processing file /home/airflow/.local/lib/python3.12/site-packages/airflow/example_dags/example_nested_branch_dag.py for tasks to queue
[2024-12-29T00:05:17.067+0000] {logging_mixin.py:190} INFO - [2024-12-29T00:05:17.066+0000] {dagbag.py:588} INFO - Filling up the DagBag from /home/airflow/.local/lib/python3.12/site-packages/airflow/example_dags/example_nested_branch_dag.py
[2024-12-29T00:05:17.084+0000] {processor.py:925} INFO - DAG(s) 'example_nested_branch_dag' retrieved from /home/airflow/.local/lib/python3.12/site-packages/airflow/example_dags/example_nested_branch_dag.py
[2024-12-29T00:05:17.122+0000] {logging_mixin.py:190} INFO - [2024-12-29T00:05:17.122+0000] {dag.py:3239} INFO - Sync 1 DAGs
[2024-12-29T00:05:17.157+0000] {logging_mixin.py:190} INFO - [2024-12-29T00:05:17.157+0000] {dag.py:4180} INFO - Setting next_dagrun for example_nested_branch_dag to 2024-12-28 00:00:00+00:00, run_after=2024-12-29 00:00:00+00:00
[2024-12-29T00:05:17.187+0000] {processor.py:208} INFO - Processing /home/airflow/.local/lib/python3.12/site-packages/airflow/example_dags/example_nested_branch_dag.py took 0.132 seconds
[2024-12-29T00:05:47.296+0000] {processor.py:186} INFO - Started process (PID=350) to work on /home/airflow/.local/lib/python3.12/site-packages/airflow/example_dags/example_nested_branch_dag.py
[2024-12-29T00:05:47.298+0000] {processor.py:914} INFO - Processing file /home/airflow/.local/lib/python3.12/site-packages/airflow/example_dags/example_nested_branch_dag.py for tasks to queue
[2024-12-29T00:05:47.300+0000] {logging_mixin.py:190} INFO - [2024-12-29T00:05:47.300+0000] {dagbag.py:588} INFO - Filling up the DagBag from /home/airflow/.local/lib/python3.12/site-packages/airflow/example_dags/example_nested_branch_dag.py
[2024-12-29T00:05:47.313+0000] {processor.py:925} INFO - DAG(s) 'example_nested_branch_dag' retrieved from /home/airflow/.local/lib/python3.12/site-packages/airflow/example_dags/example_nested_branch_dag.py
[2024-12-29T00:05:47.342+0000] {logging_mixin.py:190} INFO - [2024-12-29T00:05:47.342+0000] {dag.py:3239} INFO - Sync 1 DAGs
[2024-12-29T00:05:47.373+0000] {logging_mixin.py:190} INFO - [2024-12-29T00:05:47.373+0000] {dag.py:4180} INFO - Setting next_dagrun for example_nested_branch_dag to 2024-12-28 00:00:00+00:00, run_after=2024-12-29 00:00:00+00:00
[2024-12-29T00:05:47.405+0000] {processor.py:208} INFO - Processing /home/airflow/.local/lib/python3.12/site-packages/airflow/example_dags/example_nested_branch_dag.py took 0.115 seconds
[2024-12-29T00:06:17.739+0000] {processor.py:186} INFO - Started process (PID=414) to work on /home/airflow/.local/lib/python3.12/site-packages/airflow/example_dags/example_nested_branch_dag.py
[2024-12-29T00:06:17.741+0000] {processor.py:914} INFO - Processing file /home/airflow/.local/lib/python3.12/site-packages/airflow/example_dags/example_nested_branch_dag.py for tasks to queue
[2024-12-29T00:06:17.744+0000] {logging_mixin.py:190} INFO - [2024-12-29T00:06:17.743+0000] {dagbag.py:588} INFO - Filling up the DagBag from /home/airflow/.local/lib/python3.12/site-packages/airflow/example_dags/example_nested_branch_dag.py
[2024-12-29T00:06:17.757+0000] {processor.py:925} INFO - DAG(s) 'example_nested_branch_dag' retrieved from /home/airflow/.local/lib/python3.12/site-packages/airflow/example_dags/example_nested_branch_dag.py
[2024-12-29T00:06:17.787+0000] {logging_mixin.py:190} INFO - [2024-12-29T00:06:17.786+0000] {dag.py:3239} INFO - Sync 1 DAGs
[2024-12-29T00:06:17.817+0000] {logging_mixin.py:190} INFO - [2024-12-29T00:06:17.817+0000] {dag.py:4180} INFO - Setting next_dagrun for example_nested_branch_dag to 2024-12-28 00:00:00+00:00, run_after=2024-12-29 00:00:00+00:00
[2024-12-29T00:06:17.845+0000] {processor.py:208} INFO - Processing /home/airflow/.local/lib/python3.12/site-packages/airflow/example_dags/example_nested_branch_dag.py took 0.112 seconds
[2024-12-29T00:06:48.143+0000] {processor.py:186} INFO - Started process (PID=478) to work on /home/airflow/.local/lib/python3.12/site-packages/airflow/example_dags/example_nested_branch_dag.py
[2024-12-29T00:06:48.145+0000] {processor.py:914} INFO - Processing file /home/airflow/.local/lib/python3.12/site-packages/airflow/example_dags/example_nested_branch_dag.py for tasks to queue
[2024-12-29T00:06:48.147+0000] {logging_mixin.py:190} INFO - [2024-12-29T00:06:48.147+0000] {dagbag.py:588} INFO - Filling up the DagBag from /home/airflow/.local/lib/python3.12/site-packages/airflow/example_dags/example_nested_branch_dag.py
[2024-12-29T00:06:48.162+0000] {processor.py:925} INFO - DAG(s) 'example_nested_branch_dag' retrieved from /home/airflow/.local/lib/python3.12/site-packages/airflow/example_dags/example_nested_branch_dag.py
[2024-12-29T00:06:48.193+0000] {logging_mixin.py:190} INFO - [2024-12-29T00:06:48.193+0000] {dag.py:3239} INFO - Sync 1 DAGs
[2024-12-29T00:06:48.227+0000] {logging_mixin.py:190} INFO - [2024-12-29T00:06:48.227+0000] {dag.py:4180} INFO - Setting next_dagrun for example_nested_branch_dag to 2024-12-28 00:00:00+00:00, run_after=2024-12-29 00:00:00+00:00
[2024-12-29T00:06:48.257+0000] {processor.py:208} INFO - Processing /home/airflow/.local/lib/python3.12/site-packages/airflow/example_dags/example_nested_branch_dag.py took 0.121 seconds
[2024-12-29T00:07:18.918+0000] {processor.py:186} INFO - Started process (PID=542) to work on /home/airflow/.local/lib/python3.12/site-packages/airflow/example_dags/example_nested_branch_dag.py
[2024-12-29T00:07:18.920+0000] {processor.py:914} INFO - Processing file /home/airflow/.local/lib/python3.12/site-packages/airflow/example_dags/example_nested_branch_dag.py for tasks to queue
[2024-12-29T00:07:18.923+0000] {logging_mixin.py:190} INFO - [2024-12-29T00:07:18.922+0000] {dagbag.py:588} INFO - Filling up the DagBag from /home/airflow/.local/lib/python3.12/site-packages/airflow/example_dags/example_nested_branch_dag.py
[2024-12-29T00:07:18.940+0000] {processor.py:925} INFO - DAG(s) 'example_nested_branch_dag' retrieved from /home/airflow/.local/lib/python3.12/site-packages/airflow/example_dags/example_nested_branch_dag.py
[2024-12-29T00:07:18.973+0000] {logging_mixin.py:190} INFO - [2024-12-29T00:07:18.972+0000] {dag.py:3239} INFO - Sync 1 DAGs
[2024-12-29T00:07:19.008+0000] {logging_mixin.py:190} INFO - [2024-12-29T00:07:19.007+0000] {dag.py:4180} INFO - Setting next_dagrun for example_nested_branch_dag to 2024-12-28 00:00:00+00:00, run_after=2024-12-29 00:00:00+00:00
[2024-12-29T00:07:19.038+0000] {processor.py:208} INFO - Processing /home/airflow/.local/lib/python3.12/site-packages/airflow/example_dags/example_nested_branch_dag.py took 0.127 seconds
[2024-12-29T00:07:49.575+0000] {processor.py:186} INFO - Started process (PID=606) to work on /home/airflow/.local/lib/python3.12/site-packages/airflow/example_dags/example_nested_branch_dag.py
[2024-12-29T00:07:49.576+0000] {processor.py:914} INFO - Processing file /home/airflow/.local/lib/python3.12/site-packages/airflow/example_dags/example_nested_branch_dag.py for tasks to queue
[2024-12-29T00:07:49.580+0000] {logging_mixin.py:190} INFO - [2024-12-29T00:07:49.579+0000] {dagbag.py:588} INFO - Filling up the DagBag from /home/airflow/.local/lib/python3.12/site-packages/airflow/example_dags/example_nested_branch_dag.py
[2024-12-29T00:07:49.599+0000] {processor.py:925} INFO - DAG(s) 'example_nested_branch_dag' retrieved from /home/airflow/.local/lib/python3.12/site-packages/airflow/example_dags/example_nested_branch_dag.py
[2024-12-29T00:07:49.636+0000] {logging_mixin.py:190} INFO - [2024-12-29T00:07:49.635+0000] {dag.py:3239} INFO - Sync 1 DAGs
[2024-12-29T00:07:49.680+0000] {logging_mixin.py:190} INFO - [2024-12-29T00:07:49.680+0000] {dag.py:4180} INFO - Setting next_dagrun for example_nested_branch_dag to 2024-12-28 00:00:00+00:00, run_after=2024-12-29 00:00:00+00:00
[2024-12-29T00:07:49.714+0000] {processor.py:208} INFO - Processing /home/airflow/.local/lib/python3.12/site-packages/airflow/example_dags/example_nested_branch_dag.py took 0.149 seconds
[2024-12-29T00:08:19.836+0000] {processor.py:186} INFO - Started process (PID=669) to work on /home/airflow/.local/lib/python3.12/site-packages/airflow/example_dags/example_nested_branch_dag.py
[2024-12-29T00:08:19.838+0000] {processor.py:914} INFO - Processing file /home/airflow/.local/lib/python3.12/site-packages/airflow/example_dags/example_nested_branch_dag.py for tasks to queue
[2024-12-29T00:08:19.840+0000] {logging_mixin.py:190} INFO - [2024-12-29T00:08:19.840+0000] {dagbag.py:588} INFO - Filling up the DagBag from /home/airflow/.local/lib/python3.12/site-packages/airflow/example_dags/example_nested_branch_dag.py
[2024-12-29T00:08:19.851+0000] {processor.py:925} INFO - DAG(s) 'example_nested_branch_dag' retrieved from /home/airflow/.local/lib/python3.12/site-packages/airflow/example_dags/example_nested_branch_dag.py
[2024-12-29T00:08:19.878+0000] {logging_mixin.py:190} INFO - [2024-12-29T00:08:19.877+0000] {dag.py:3239} INFO - Sync 1 DAGs
[2024-12-29T00:08:19.905+0000] {logging_mixin.py:190} INFO - [2024-12-29T00:08:19.904+0000] {dag.py:4180} INFO - Setting next_dagrun for example_nested_branch_dag to 2024-12-28 00:00:00+00:00, run_after=2024-12-29 00:00:00+00:00
[2024-12-29T00:08:19.931+0000] {processor.py:208} INFO - Processing /home/airflow/.local/lib/python3.12/site-packages/airflow/example_dags/example_nested_branch_dag.py took 0.100 seconds
[2024-12-29T00:08:50.041+0000] {processor.py:186} INFO - Started process (PID=733) to work on /home/airflow/.local/lib/python3.12/site-packages/airflow/example_dags/example_nested_branch_dag.py
[2024-12-29T00:08:50.043+0000] {processor.py:914} INFO - Processing file /home/airflow/.local/lib/python3.12/site-packages/airflow/example_dags/example_nested_branch_dag.py for tasks to queue
[2024-12-29T00:08:50.047+0000] {logging_mixin.py:190} INFO - [2024-12-29T00:08:50.046+0000] {dagbag.py:588} INFO - Filling up the DagBag from /home/airflow/.local/lib/python3.12/site-packages/airflow/example_dags/example_nested_branch_dag.py
[2024-12-29T00:08:50.062+0000] {processor.py:925} INFO - DAG(s) 'example_nested_branch_dag' retrieved from /home/airflow/.local/lib/python3.12/site-packages/airflow/example_dags/example_nested_branch_dag.py
[2024-12-29T00:08:50.096+0000] {logging_mixin.py:190} INFO - [2024-12-29T00:08:50.096+0000] {dag.py:3239} INFO - Sync 1 DAGs
[2024-12-29T00:08:50.141+0000] {logging_mixin.py:190} INFO - [2024-12-29T00:08:50.140+0000] {dag.py:4180} INFO - Setting next_dagrun for example_nested_branch_dag to 2024-12-28 00:00:00+00:00, run_after=2024-12-29 00:00:00+00:00
[2024-12-29T00:08:50.184+0000] {processor.py:208} INFO - Processing /home/airflow/.local/lib/python3.12/site-packages/airflow/example_dags/example_nested_branch_dag.py took 0.150 seconds
[2024-12-29T00:09:20.344+0000] {processor.py:186} INFO - Started process (PID=797) to work on /home/airflow/.local/lib/python3.12/site-packages/airflow/example_dags/example_nested_branch_dag.py
[2024-12-29T00:09:20.346+0000] {processor.py:914} INFO - Processing file /home/airflow/.local/lib/python3.12/site-packages/airflow/example_dags/example_nested_branch_dag.py for tasks to queue
[2024-12-29T00:09:20.351+0000] {logging_mixin.py:190} INFO - [2024-12-29T00:09:20.350+0000] {dagbag.py:588} INFO - Filling up the DagBag from /home/airflow/.local/lib/python3.12/site-packages/airflow/example_dags/example_nested_branch_dag.py
[2024-12-29T00:09:20.369+0000] {processor.py:925} INFO - DAG(s) 'example_nested_branch_dag' retrieved from /home/airflow/.local/lib/python3.12/site-packages/airflow/example_dags/example_nested_branch_dag.py
[2024-12-29T00:09:20.399+0000] {logging_mixin.py:190} INFO - [2024-12-29T00:09:20.399+0000] {dag.py:3239} INFO - Sync 1 DAGs
[2024-12-29T00:09:20.431+0000] {logging_mixin.py:190} INFO - [2024-12-29T00:09:20.431+0000] {dag.py:4180} INFO - Setting next_dagrun for example_nested_branch_dag to 2024-12-28 00:00:00+00:00, run_after=2024-12-29 00:00:00+00:00
[2024-12-29T00:09:20.458+0000] {processor.py:208} INFO - Processing /home/airflow/.local/lib/python3.12/site-packages/airflow/example_dags/example_nested_branch_dag.py took 0.121 seconds
[2024-12-29T00:09:50.586+0000] {processor.py:186} INFO - Started process (PID=861) to work on /home/airflow/.local/lib/python3.12/site-packages/airflow/example_dags/example_nested_branch_dag.py
[2024-12-29T00:09:50.588+0000] {processor.py:914} INFO - Processing file /home/airflow/.local/lib/python3.12/site-packages/airflow/example_dags/example_nested_branch_dag.py for tasks to queue
[2024-12-29T00:09:50.590+0000] {logging_mixin.py:190} INFO - [2024-12-29T00:09:50.590+0000] {dagbag.py:588} INFO - Filling up the DagBag from /home/airflow/.local/lib/python3.12/site-packages/airflow/example_dags/example_nested_branch_dag.py
[2024-12-29T00:09:50.604+0000] {processor.py:925} INFO - DAG(s) 'example_nested_branch_dag' retrieved from /home/airflow/.local/lib/python3.12/site-packages/airflow/example_dags/example_nested_branch_dag.py
[2024-12-29T00:09:50.633+0000] {logging_mixin.py:190} INFO - [2024-12-29T00:09:50.632+0000] {dag.py:3239} INFO - Sync 1 DAGs
[2024-12-29T00:09:50.662+0000] {logging_mixin.py:190} INFO - [2024-12-29T00:09:50.661+0000] {dag.py:4180} INFO - Setting next_dagrun for example_nested_branch_dag to 2024-12-28 00:00:00+00:00, run_after=2024-12-29 00:00:00+00:00
[2024-12-29T00:09:50.689+0000] {processor.py:208} INFO - Processing /home/airflow/.local/lib/python3.12/site-packages/airflow/example_dags/example_nested_branch_dag.py took 0.110 seconds
[2024-12-29T00:10:21.559+0000] {processor.py:186} INFO - Started process (PID=925) to work on /home/airflow/.local/lib/python3.12/site-packages/airflow/example_dags/example_nested_branch_dag.py
[2024-12-29T00:10:21.561+0000] {processor.py:914} INFO - Processing file /home/airflow/.local/lib/python3.12/site-packages/airflow/example_dags/example_nested_branch_dag.py for tasks to queue
[2024-12-29T00:10:21.564+0000] {logging_mixin.py:190} INFO - [2024-12-29T00:10:21.564+0000] {dagbag.py:588} INFO - Filling up the DagBag from /home/airflow/.local/lib/python3.12/site-packages/airflow/example_dags/example_nested_branch_dag.py
[2024-12-29T00:10:21.581+0000] {processor.py:925} INFO - DAG(s) 'example_nested_branch_dag' retrieved from /home/airflow/.local/lib/python3.12/site-packages/airflow/example_dags/example_nested_branch_dag.py
[2024-12-29T00:10:21.616+0000] {logging_mixin.py:190} INFO - [2024-12-29T00:10:21.616+0000] {dag.py:3239} INFO - Sync 1 DAGs
[2024-12-29T00:10:21.653+0000] {logging_mixin.py:190} INFO - [2024-12-29T00:10:21.653+0000] {dag.py:4180} INFO - Setting next_dagrun for example_nested_branch_dag to 2024-12-28 00:00:00+00:00, run_after=2024-12-29 00:00:00+00:00
[2024-12-29T00:10:21.686+0000] {processor.py:208} INFO - Processing /home/airflow/.local/lib/python3.12/site-packages/airflow/example_dags/example_nested_branch_dag.py took 0.135 seconds
[2024-12-29T00:10:52.529+0000] {processor.py:186} INFO - Started process (PID=988) to work on /home/airflow/.local/lib/python3.12/site-packages/airflow/example_dags/example_nested_branch_dag.py
[2024-12-29T00:10:52.530+0000] {processor.py:914} INFO - Processing file /home/airflow/.local/lib/python3.12/site-packages/airflow/example_dags/example_nested_branch_dag.py for tasks to queue
[2024-12-29T00:10:52.534+0000] {logging_mixin.py:190} INFO - [2024-12-29T00:10:52.533+0000] {dagbag.py:588} INFO - Filling up the DagBag from /home/airflow/.local/lib/python3.12/site-packages/airflow/example_dags/example_nested_branch_dag.py
[2024-12-29T00:10:52.552+0000] {processor.py:925} INFO - DAG(s) 'example_nested_branch_dag' retrieved from /home/airflow/.local/lib/python3.12/site-packages/airflow/example_dags/example_nested_branch_dag.py
[2024-12-29T00:10:52.583+0000] {logging_mixin.py:190} INFO - [2024-12-29T00:10:52.583+0000] {dag.py:3239} INFO - Sync 1 DAGs
[2024-12-29T00:10:52.614+0000] {logging_mixin.py:190} INFO - [2024-12-29T00:10:52.614+0000] {dag.py:4180} INFO - Setting next_dagrun for example_nested_branch_dag to 2024-12-28 00:00:00+00:00, run_after=2024-12-29 00:00:00+00:00
[2024-12-29T00:10:52.647+0000] {processor.py:208} INFO - Processing /home/airflow/.local/lib/python3.12/site-packages/airflow/example_dags/example_nested_branch_dag.py took 0.125 seconds
[2024-12-29T00:11:23.150+0000] {processor.py:186} INFO - Started process (PID=1052) to work on /home/airflow/.local/lib/python3.12/site-packages/airflow/example_dags/example_nested_branch_dag.py
[2024-12-29T00:11:23.151+0000] {processor.py:914} INFO - Processing file /home/airflow/.local/lib/python3.12/site-packages/airflow/example_dags/example_nested_branch_dag.py for tasks to queue
[2024-12-29T00:11:23.154+0000] {logging_mixin.py:190} INFO - [2024-12-29T00:11:23.154+0000] {dagbag.py:588} INFO - Filling up the DagBag from /home/airflow/.local/lib/python3.12/site-packages/airflow/example_dags/example_nested_branch_dag.py
[2024-12-29T00:11:23.168+0000] {processor.py:925} INFO - DAG(s) 'example_nested_branch_dag' retrieved from /home/airflow/.local/lib/python3.12/site-packages/airflow/example_dags/example_nested_branch_dag.py
[2024-12-29T00:11:23.198+0000] {logging_mixin.py:190} INFO - [2024-12-29T00:11:23.198+0000] {dag.py:3239} INFO - Sync 1 DAGs
[2024-12-29T00:11:23.227+0000] {logging_mixin.py:190} INFO - [2024-12-29T00:11:23.227+0000] {dag.py:4180} INFO - Setting next_dagrun for example_nested_branch_dag to 2024-12-28 00:00:00+00:00, run_after=2024-12-29 00:00:00+00:00
[2024-12-29T00:11:23.254+0000] {processor.py:208} INFO - Processing /home/airflow/.local/lib/python3.12/site-packages/airflow/example_dags/example_nested_branch_dag.py took 0.111 seconds
[2024-12-29T00:11:54.086+0000] {processor.py:186} INFO - Started process (PID=1101) to work on /home/airflow/.local/lib/python3.12/site-packages/airflow/example_dags/example_nested_branch_dag.py
[2024-12-29T00:11:54.088+0000] {processor.py:914} INFO - Processing file /home/airflow/.local/lib/python3.12/site-packages/airflow/example_dags/example_nested_branch_dag.py for tasks to queue
[2024-12-29T00:11:54.091+0000] {logging_mixin.py:190} INFO - [2024-12-29T00:11:54.090+0000] {dagbag.py:588} INFO - Filling up the DagBag from /home/airflow/.local/lib/python3.12/site-packages/airflow/example_dags/example_nested_branch_dag.py
[2024-12-29T00:11:54.107+0000] {processor.py:925} INFO - DAG(s) 'example_nested_branch_dag' retrieved from /home/airflow/.local/lib/python3.12/site-packages/airflow/example_dags/example_nested_branch_dag.py
[2024-12-29T00:11:54.140+0000] {logging_mixin.py:190} INFO - [2024-12-29T00:11:54.139+0000] {dag.py:3239} INFO - Sync 1 DAGs
[2024-12-29T00:11:54.174+0000] {logging_mixin.py:190} INFO - [2024-12-29T00:11:54.173+0000] {dag.py:4180} INFO - Setting next_dagrun for example_nested_branch_dag to 2024-12-28 00:00:00+00:00, run_after=2024-12-29 00:00:00+00:00
[2024-12-29T00:11:54.202+0000] {processor.py:208} INFO - Processing /home/airflow/.local/lib/python3.12/site-packages/airflow/example_dags/example_nested_branch_dag.py took 0.123 seconds
[2024-12-29T00:12:25.972+0000] {processor.py:186} INFO - Started process (PID=1163) to work on /home/airflow/.local/lib/python3.12/site-packages/airflow/example_dags/example_nested_branch_dag.py
[2024-12-29T00:12:25.974+0000] {processor.py:914} INFO - Processing file /home/airflow/.local/lib/python3.12/site-packages/airflow/example_dags/example_nested_branch_dag.py for tasks to queue
[2024-12-29T00:12:25.977+0000] {logging_mixin.py:190} INFO - [2024-12-29T00:12:25.976+0000] {dagbag.py:588} INFO - Filling up the DagBag from /home/airflow/.local/lib/python3.12/site-packages/airflow/example_dags/example_nested_branch_dag.py
[2024-12-29T00:12:25.995+0000] {processor.py:925} INFO - DAG(s) 'example_nested_branch_dag' retrieved from /home/airflow/.local/lib/python3.12/site-packages/airflow/example_dags/example_nested_branch_dag.py
[2024-12-29T00:12:26.034+0000] {logging_mixin.py:190} INFO - [2024-12-29T00:12:26.033+0000] {dag.py:3239} INFO - Sync 1 DAGs
[2024-12-29T00:12:26.071+0000] {logging_mixin.py:190} INFO - [2024-12-29T00:12:26.071+0000] {dag.py:4180} INFO - Setting next_dagrun for example_nested_branch_dag to 2024-12-28 00:00:00+00:00, run_after=2024-12-29 00:00:00+00:00
[2024-12-29T00:12:26.316+0000] {processor.py:208} INFO - Processing /home/airflow/.local/lib/python3.12/site-packages/airflow/example_dags/example_nested_branch_dag.py took 0.353 seconds
[2024-12-29T00:12:57.234+0000] {processor.py:186} INFO - Started process (PID=1227) to work on /home/airflow/.local/lib/python3.12/site-packages/airflow/example_dags/example_nested_branch_dag.py
[2024-12-29T00:12:57.235+0000] {processor.py:914} INFO - Processing file /home/airflow/.local/lib/python3.12/site-packages/airflow/example_dags/example_nested_branch_dag.py for tasks to queue
[2024-12-29T00:12:57.238+0000] {logging_mixin.py:190} INFO - [2024-12-29T00:12:57.238+0000] {dagbag.py:588} INFO - Filling up the DagBag from /home/airflow/.local/lib/python3.12/site-packages/airflow/example_dags/example_nested_branch_dag.py
[2024-12-29T00:12:57.249+0000] {processor.py:925} INFO - DAG(s) 'example_nested_branch_dag' retrieved from /home/airflow/.local/lib/python3.12/site-packages/airflow/example_dags/example_nested_branch_dag.py
[2024-12-29T00:12:57.276+0000] {logging_mixin.py:190} INFO - [2024-12-29T00:12:57.276+0000] {dag.py:3239} INFO - Sync 1 DAGs
[2024-12-29T00:12:57.302+0000] {logging_mixin.py:190} INFO - [2024-12-29T00:12:57.301+0000] {dag.py:4180} INFO - Setting next_dagrun for example_nested_branch_dag to 2024-12-28 00:00:00+00:00, run_after=2024-12-29 00:00:00+00:00
[2024-12-29T00:12:57.328+0000] {processor.py:208} INFO - Processing /home/airflow/.local/lib/python3.12/site-packages/airflow/example_dags/example_nested_branch_dag.py took 0.100 seconds
[2024-12-29T00:13:28.322+0000] {processor.py:186} INFO - Started process (PID=1288) to work on /home/airflow/.local/lib/python3.12/site-packages/airflow/example_dags/example_nested_branch_dag.py
[2024-12-29T00:13:28.323+0000] {processor.py:914} INFO - Processing file /home/airflow/.local/lib/python3.12/site-packages/airflow/example_dags/example_nested_branch_dag.py for tasks to queue
[2024-12-29T00:13:28.326+0000] {logging_mixin.py:190} INFO - [2024-12-29T00:13:28.325+0000] {dagbag.py:588} INFO - Filling up the DagBag from /home/airflow/.local/lib/python3.12/site-packages/airflow/example_dags/example_nested_branch_dag.py
[2024-12-29T00:13:28.337+0000] {processor.py:925} INFO - DAG(s) 'example_nested_branch_dag' retrieved from /home/airflow/.local/lib/python3.12/site-packages/airflow/example_dags/example_nested_branch_dag.py
[2024-12-29T00:13:28.366+0000] {logging_mixin.py:190} INFO - [2024-12-29T00:13:28.365+0000] {dag.py:3239} INFO - Sync 1 DAGs
[2024-12-29T00:13:28.396+0000] {logging_mixin.py:190} INFO - [2024-12-29T00:13:28.396+0000] {dag.py:4180} INFO - Setting next_dagrun for example_nested_branch_dag to 2024-12-28 00:00:00+00:00, run_after=2024-12-29 00:00:00+00:00
[2024-12-29T00:13:28.424+0000] {processor.py:208} INFO - Processing /home/airflow/.local/lib/python3.12/site-packages/airflow/example_dags/example_nested_branch_dag.py took 0.108 seconds
[2024-12-29T00:13:59.367+0000] {processor.py:186} INFO - Started process (PID=1353) to work on /home/airflow/.local/lib/python3.12/site-packages/airflow/example_dags/example_nested_branch_dag.py
[2024-12-29T00:13:59.369+0000] {processor.py:914} INFO - Processing file /home/airflow/.local/lib/python3.12/site-packages/airflow/example_dags/example_nested_branch_dag.py for tasks to queue
[2024-12-29T00:13:59.374+0000] {logging_mixin.py:190} INFO - [2024-12-29T00:13:59.373+0000] {dagbag.py:588} INFO - Filling up the DagBag from /home/airflow/.local/lib/python3.12/site-packages/airflow/example_dags/example_nested_branch_dag.py
[2024-12-29T00:13:59.399+0000] {processor.py:925} INFO - DAG(s) 'example_nested_branch_dag' retrieved from /home/airflow/.local/lib/python3.12/site-packages/airflow/example_dags/example_nested_branch_dag.py
[2024-12-29T00:13:59.445+0000] {logging_mixin.py:190} INFO - [2024-12-29T00:13:59.445+0000] {dag.py:3239} INFO - Sync 1 DAGs
[2024-12-29T00:13:59.487+0000] {logging_mixin.py:190} INFO - [2024-12-29T00:13:59.486+0000] {dag.py:4180} INFO - Setting next_dagrun for example_nested_branch_dag to 2024-12-28 00:00:00+00:00, run_after=2024-12-29 00:00:00+00:00
[2024-12-29T00:13:59.530+0000] {processor.py:208} INFO - Processing /home/airflow/.local/lib/python3.12/site-packages/airflow/example_dags/example_nested_branch_dag.py took 0.172 seconds
[2024-12-29T00:14:30.155+0000] {processor.py:186} INFO - Started process (PID=1416) to work on /home/airflow/.local/lib/python3.12/site-packages/airflow/example_dags/example_nested_branch_dag.py
[2024-12-29T00:14:30.157+0000] {processor.py:914} INFO - Processing file /home/airflow/.local/lib/python3.12/site-packages/airflow/example_dags/example_nested_branch_dag.py for tasks to queue
[2024-12-29T00:14:30.159+0000] {logging_mixin.py:190} INFO - [2024-12-29T00:14:30.159+0000] {dagbag.py:588} INFO - Filling up the DagBag from /home/airflow/.local/lib/python3.12/site-packages/airflow/example_dags/example_nested_branch_dag.py
[2024-12-29T00:14:30.169+0000] {processor.py:925} INFO - DAG(s) 'example_nested_branch_dag' retrieved from /home/airflow/.local/lib/python3.12/site-packages/airflow/example_dags/example_nested_branch_dag.py
[2024-12-29T00:14:30.196+0000] {logging_mixin.py:190} INFO - [2024-12-29T00:14:30.196+0000] {dag.py:3239} INFO - Sync 1 DAGs
[2024-12-29T00:14:30.224+0000] {logging_mixin.py:190} INFO - [2024-12-29T00:14:30.223+0000] {dag.py:4180} INFO - Setting next_dagrun for example_nested_branch_dag to 2024-12-28 00:00:00+00:00, run_after=2024-12-29 00:00:00+00:00
[2024-12-29T00:14:30.248+0000] {processor.py:208} INFO - Processing /home/airflow/.local/lib/python3.12/site-packages/airflow/example_dags/example_nested_branch_dag.py took 0.098 seconds
[2024-12-29T00:15:00.968+0000] {processor.py:186} INFO - Started process (PID=1481) to work on /home/airflow/.local/lib/python3.12/site-packages/airflow/example_dags/example_nested_branch_dag.py
[2024-12-29T00:15:00.970+0000] {processor.py:914} INFO - Processing file /home/airflow/.local/lib/python3.12/site-packages/airflow/example_dags/example_nested_branch_dag.py for tasks to queue
[2024-12-29T00:15:00.973+0000] {logging_mixin.py:190} INFO - [2024-12-29T00:15:00.972+0000] {dagbag.py:588} INFO - Filling up the DagBag from /home/airflow/.local/lib/python3.12/site-packages/airflow/example_dags/example_nested_branch_dag.py
[2024-12-29T00:15:00.988+0000] {processor.py:925} INFO - DAG(s) 'example_nested_branch_dag' retrieved from /home/airflow/.local/lib/python3.12/site-packages/airflow/example_dags/example_nested_branch_dag.py
[2024-12-29T00:15:01.021+0000] {logging_mixin.py:190} INFO - [2024-12-29T00:15:01.021+0000] {dag.py:3239} INFO - Sync 1 DAGs
[2024-12-29T00:15:01.054+0000] {logging_mixin.py:190} INFO - [2024-12-29T00:15:01.054+0000] {dag.py:4180} INFO - Setting next_dagrun for example_nested_branch_dag to 2024-12-28 00:00:00+00:00, run_after=2024-12-29 00:00:00+00:00
[2024-12-29T00:15:01.086+0000] {processor.py:208} INFO - Processing /home/airflow/.local/lib/python3.12/site-packages/airflow/example_dags/example_nested_branch_dag.py took 0.126 seconds
[2024-12-29T00:15:31.393+0000] {processor.py:186} INFO - Started process (PID=1546) to work on /home/airflow/.local/lib/python3.12/site-packages/airflow/example_dags/example_nested_branch_dag.py
[2024-12-29T00:15:31.395+0000] {processor.py:914} INFO - Processing file /home/airflow/.local/lib/python3.12/site-packages/airflow/example_dags/example_nested_branch_dag.py for tasks to queue
[2024-12-29T00:15:31.399+0000] {logging_mixin.py:190} INFO - [2024-12-29T00:15:31.398+0000] {dagbag.py:588} INFO - Filling up the DagBag from /home/airflow/.local/lib/python3.12/site-packages/airflow/example_dags/example_nested_branch_dag.py
[2024-12-29T00:15:31.421+0000] {processor.py:925} INFO - DAG(s) 'example_nested_branch_dag' retrieved from /home/airflow/.local/lib/python3.12/site-packages/airflow/example_dags/example_nested_branch_dag.py
[2024-12-29T00:15:31.462+0000] {logging_mixin.py:190} INFO - [2024-12-29T00:15:31.462+0000] {dag.py:3239} INFO - Sync 1 DAGs
[2024-12-29T00:15:31.505+0000] {logging_mixin.py:190} INFO - [2024-12-29T00:15:31.505+0000] {dag.py:4180} INFO - Setting next_dagrun for example_nested_branch_dag to 2024-12-28 00:00:00+00:00, run_after=2024-12-29 00:00:00+00:00
[2024-12-29T00:15:31.541+0000] {processor.py:208} INFO - Processing /home/airflow/.local/lib/python3.12/site-packages/airflow/example_dags/example_nested_branch_dag.py took 0.159 seconds
[2024-12-29T00:16:02.341+0000] {processor.py:186} INFO - Started process (PID=1611) to work on /home/airflow/.local/lib/python3.12/site-packages/airflow/example_dags/example_nested_branch_dag.py
[2024-12-29T00:16:02.343+0000] {processor.py:914} INFO - Processing file /home/airflow/.local/lib/python3.12/site-packages/airflow/example_dags/example_nested_branch_dag.py for tasks to queue
[2024-12-29T00:16:02.346+0000] {logging_mixin.py:190} INFO - [2024-12-29T00:16:02.346+0000] {dagbag.py:588} INFO - Filling up the DagBag from /home/airflow/.local/lib/python3.12/site-packages/airflow/example_dags/example_nested_branch_dag.py
[2024-12-29T00:16:02.363+0000] {processor.py:925} INFO - DAG(s) 'example_nested_branch_dag' retrieved from /home/airflow/.local/lib/python3.12/site-packages/airflow/example_dags/example_nested_branch_dag.py
[2024-12-29T00:16:02.398+0000] {logging_mixin.py:190} INFO - [2024-12-29T00:16:02.397+0000] {dag.py:3239} INFO - Sync 1 DAGs
[2024-12-29T00:16:02.433+0000] {logging_mixin.py:190} INFO - [2024-12-29T00:16:02.432+0000] {dag.py:4180} INFO - Setting next_dagrun for example_nested_branch_dag to 2024-12-28 00:00:00+00:00, run_after=2024-12-29 00:00:00+00:00
[2024-12-29T00:16:02.465+0000] {processor.py:208} INFO - Processing /home/airflow/.local/lib/python3.12/site-packages/airflow/example_dags/example_nested_branch_dag.py took 0.132 seconds
[2024-12-29T00:16:33.257+0000] {processor.py:186} INFO - Started process (PID=1676) to work on /home/airflow/.local/lib/python3.12/site-packages/airflow/example_dags/example_nested_branch_dag.py
[2024-12-29T00:16:33.259+0000] {processor.py:914} INFO - Processing file /home/airflow/.local/lib/python3.12/site-packages/airflow/example_dags/example_nested_branch_dag.py for tasks to queue
[2024-12-29T00:16:33.262+0000] {logging_mixin.py:190} INFO - [2024-12-29T00:16:33.261+0000] {dagbag.py:588} INFO - Filling up the DagBag from /home/airflow/.local/lib/python3.12/site-packages/airflow/example_dags/example_nested_branch_dag.py
[2024-12-29T00:16:33.279+0000] {processor.py:925} INFO - DAG(s) 'example_nested_branch_dag' retrieved from /home/airflow/.local/lib/python3.12/site-packages/airflow/example_dags/example_nested_branch_dag.py
[2024-12-29T00:16:33.312+0000] {logging_mixin.py:190} INFO - [2024-12-29T00:16:33.312+0000] {dag.py:3239} INFO - Sync 1 DAGs
[2024-12-29T00:16:33.347+0000] {logging_mixin.py:190} INFO - [2024-12-29T00:16:33.347+0000] {dag.py:4180} INFO - Setting next_dagrun for example_nested_branch_dag to 2024-12-28 00:00:00+00:00, run_after=2024-12-29 00:00:00+00:00
[2024-12-29T00:16:33.375+0000] {processor.py:208} INFO - Processing /home/airflow/.local/lib/python3.12/site-packages/airflow/example_dags/example_nested_branch_dag.py took 0.126 seconds
[2024-12-29T00:17:04.047+0000] {processor.py:186} INFO - Started process (PID=1741) to work on /home/airflow/.local/lib/python3.12/site-packages/airflow/example_dags/example_nested_branch_dag.py
[2024-12-29T00:17:04.050+0000] {processor.py:914} INFO - Processing file /home/airflow/.local/lib/python3.12/site-packages/airflow/example_dags/example_nested_branch_dag.py for tasks to queue
[2024-12-29T00:17:04.054+0000] {logging_mixin.py:190} INFO - [2024-12-29T00:17:04.053+0000] {dagbag.py:588} INFO - Filling up the DagBag from /home/airflow/.local/lib/python3.12/site-packages/airflow/example_dags/example_nested_branch_dag.py
[2024-12-29T00:17:04.108+0000] {processor.py:925} INFO - DAG(s) 'example_nested_branch_dag' retrieved from /home/airflow/.local/lib/python3.12/site-packages/airflow/example_dags/example_nested_branch_dag.py
[2024-12-29T00:17:04.216+0000] {logging_mixin.py:190} INFO - [2024-12-29T00:17:04.215+0000] {dag.py:3239} INFO - Sync 1 DAGs
[2024-12-29T00:17:04.289+0000] {logging_mixin.py:190} INFO - [2024-12-29T00:17:04.288+0000] {dag.py:4180} INFO - Setting next_dagrun for example_nested_branch_dag to 2024-12-28 00:00:00+00:00, run_after=2024-12-29 00:00:00+00:00
[2024-12-29T00:17:04.346+0000] {processor.py:208} INFO - Processing /home/airflow/.local/lib/python3.12/site-packages/airflow/example_dags/example_nested_branch_dag.py took 0.310 seconds
[2024-12-29T00:19:57.499+0000] {processor.py:186} INFO - Started process (PID=94) to work on /home/airflow/.local/lib/python3.12/site-packages/airflow/example_dags/example_nested_branch_dag.py
[2024-12-29T00:19:57.501+0000] {processor.py:914} INFO - Processing file /home/airflow/.local/lib/python3.12/site-packages/airflow/example_dags/example_nested_branch_dag.py for tasks to queue
[2024-12-29T00:19:57.505+0000] {logging_mixin.py:190} INFO - [2024-12-29T00:19:57.504+0000] {dagbag.py:588} INFO - Filling up the DagBag from /home/airflow/.local/lib/python3.12/site-packages/airflow/example_dags/example_nested_branch_dag.py
[2024-12-29T00:19:57.531+0000] {processor.py:925} INFO - DAG(s) 'example_nested_branch_dag' retrieved from /home/airflow/.local/lib/python3.12/site-packages/airflow/example_dags/example_nested_branch_dag.py
[2024-12-29T00:19:57.575+0000] {logging_mixin.py:190} INFO - [2024-12-29T00:19:57.575+0000] {dag.py:3239} INFO - Sync 1 DAGs
[2024-12-29T00:19:57.624+0000] {logging_mixin.py:190} INFO - [2024-12-29T00:19:57.624+0000] {dag.py:4180} INFO - Setting next_dagrun for example_nested_branch_dag to 2024-12-28 00:00:00+00:00, run_after=2024-12-29 00:00:00+00:00
[2024-12-29T00:19:57.650+0000] {processor.py:208} INFO - Processing /home/airflow/.local/lib/python3.12/site-packages/airflow/example_dags/example_nested_branch_dag.py took 0.160 seconds
[2024-12-29T00:20:30.239+0000] {processor.py:186} INFO - Started process (PID=159) to work on /home/airflow/.local/lib/python3.12/site-packages/airflow/example_dags/example_nested_branch_dag.py
[2024-12-29T00:20:30.240+0000] {processor.py:914} INFO - Processing file /home/airflow/.local/lib/python3.12/site-packages/airflow/example_dags/example_nested_branch_dag.py for tasks to queue
[2024-12-29T00:20:30.244+0000] {logging_mixin.py:190} INFO - [2024-12-29T00:20:30.244+0000] {dagbag.py:588} INFO - Filling up the DagBag from /home/airflow/.local/lib/python3.12/site-packages/airflow/example_dags/example_nested_branch_dag.py
[2024-12-29T00:20:30.256+0000] {processor.py:925} INFO - DAG(s) 'example_nested_branch_dag' retrieved from /home/airflow/.local/lib/python3.12/site-packages/airflow/example_dags/example_nested_branch_dag.py
[2024-12-29T00:20:30.288+0000] {logging_mixin.py:190} INFO - [2024-12-29T00:20:30.288+0000] {dag.py:3239} INFO - Sync 1 DAGs
[2024-12-29T00:20:30.317+0000] {logging_mixin.py:190} INFO - [2024-12-29T00:20:30.317+0000] {dag.py:4180} INFO - Setting next_dagrun for example_nested_branch_dag to 2024-12-28 00:00:00+00:00, run_after=2024-12-29 00:00:00+00:00
[2024-12-29T00:20:30.344+0000] {processor.py:208} INFO - Processing /home/airflow/.local/lib/python3.12/site-packages/airflow/example_dags/example_nested_branch_dag.py took 0.111 seconds
[2024-12-29T00:21:01.934+0000] {processor.py:186} INFO - Started process (PID=224) to work on /home/airflow/.local/lib/python3.12/site-packages/airflow/example_dags/example_nested_branch_dag.py
[2024-12-29T00:21:01.936+0000] {processor.py:914} INFO - Processing file /home/airflow/.local/lib/python3.12/site-packages/airflow/example_dags/example_nested_branch_dag.py for tasks to queue
[2024-12-29T00:21:01.939+0000] {logging_mixin.py:190} INFO - [2024-12-29T00:21:01.938+0000] {dagbag.py:588} INFO - Filling up the DagBag from /home/airflow/.local/lib/python3.12/site-packages/airflow/example_dags/example_nested_branch_dag.py
[2024-12-29T00:21:01.949+0000] {processor.py:925} INFO - DAG(s) 'example_nested_branch_dag' retrieved from /home/airflow/.local/lib/python3.12/site-packages/airflow/example_dags/example_nested_branch_dag.py
[2024-12-29T00:21:01.974+0000] {logging_mixin.py:190} INFO - [2024-12-29T00:21:01.973+0000] {dag.py:3239} INFO - Sync 1 DAGs
[2024-12-29T00:21:02.002+0000] {logging_mixin.py:190} INFO - [2024-12-29T00:21:02.001+0000] {dag.py:4180} INFO - Setting next_dagrun for example_nested_branch_dag to 2024-12-28 00:00:00+00:00, run_after=2024-12-29 00:00:00+00:00
[2024-12-29T00:21:02.028+0000] {processor.py:208} INFO - Processing /home/airflow/.local/lib/python3.12/site-packages/airflow/example_dags/example_nested_branch_dag.py took 0.099 seconds
[2024-12-29T00:21:33.538+0000] {processor.py:186} INFO - Started process (PID=289) to work on /home/airflow/.local/lib/python3.12/site-packages/airflow/example_dags/example_nested_branch_dag.py
[2024-12-29T00:21:33.539+0000] {processor.py:914} INFO - Processing file /home/airflow/.local/lib/python3.12/site-packages/airflow/example_dags/example_nested_branch_dag.py for tasks to queue
[2024-12-29T00:21:33.542+0000] {logging_mixin.py:190} INFO - [2024-12-29T00:21:33.542+0000] {dagbag.py:588} INFO - Filling up the DagBag from /home/airflow/.local/lib/python3.12/site-packages/airflow/example_dags/example_nested_branch_dag.py
[2024-12-29T00:21:33.552+0000] {processor.py:925} INFO - DAG(s) 'example_nested_branch_dag' retrieved from /home/airflow/.local/lib/python3.12/site-packages/airflow/example_dags/example_nested_branch_dag.py
[2024-12-29T00:21:33.579+0000] {logging_mixin.py:190} INFO - [2024-12-29T00:21:33.578+0000] {dag.py:3239} INFO - Sync 1 DAGs
[2024-12-29T00:21:33.606+0000] {logging_mixin.py:190} INFO - [2024-12-29T00:21:33.606+0000] {dag.py:4180} INFO - Setting next_dagrun for example_nested_branch_dag to 2024-12-28 00:00:00+00:00, run_after=2024-12-29 00:00:00+00:00
[2024-12-29T00:21:33.629+0000] {processor.py:208} INFO - Processing /home/airflow/.local/lib/python3.12/site-packages/airflow/example_dags/example_nested_branch_dag.py took 0.096 seconds
[2024-12-29T00:22:04.939+0000] {processor.py:186} INFO - Started process (PID=354) to work on /home/airflow/.local/lib/python3.12/site-packages/airflow/example_dags/example_nested_branch_dag.py
[2024-12-29T00:22:04.951+0000] {processor.py:914} INFO - Processing file /home/airflow/.local/lib/python3.12/site-packages/airflow/example_dags/example_nested_branch_dag.py for tasks to queue
[2024-12-29T00:22:04.954+0000] {logging_mixin.py:190} INFO - [2024-12-29T00:22:04.954+0000] {dagbag.py:588} INFO - Filling up the DagBag from /home/airflow/.local/lib/python3.12/site-packages/airflow/example_dags/example_nested_branch_dag.py
[2024-12-29T00:22:04.968+0000] {processor.py:925} INFO - DAG(s) 'example_nested_branch_dag' retrieved from /home/airflow/.local/lib/python3.12/site-packages/airflow/example_dags/example_nested_branch_dag.py
[2024-12-29T00:22:04.998+0000] {logging_mixin.py:190} INFO - [2024-12-29T00:22:04.998+0000] {dag.py:3239} INFO - Sync 1 DAGs
[2024-12-29T00:22:05.030+0000] {logging_mixin.py:190} INFO - [2024-12-29T00:22:05.030+0000] {dag.py:4180} INFO - Setting next_dagrun for example_nested_branch_dag to 2024-12-28 00:00:00+00:00, run_after=2024-12-29 00:00:00+00:00
[2024-12-29T00:22:05.077+0000] {processor.py:208} INFO - Processing /home/airflow/.local/lib/python3.12/site-packages/airflow/example_dags/example_nested_branch_dag.py took 0.145 seconds
[2024-12-29T00:22:36.638+0000] {processor.py:186} INFO - Started process (PID=419) to work on /home/airflow/.local/lib/python3.12/site-packages/airflow/example_dags/example_nested_branch_dag.py
[2024-12-29T00:22:36.640+0000] {processor.py:914} INFO - Processing file /home/airflow/.local/lib/python3.12/site-packages/airflow/example_dags/example_nested_branch_dag.py for tasks to queue
[2024-12-29T00:22:36.642+0000] {logging_mixin.py:190} INFO - [2024-12-29T00:22:36.642+0000] {dagbag.py:588} INFO - Filling up the DagBag from /home/airflow/.local/lib/python3.12/site-packages/airflow/example_dags/example_nested_branch_dag.py
[2024-12-29T00:22:36.654+0000] {processor.py:925} INFO - DAG(s) 'example_nested_branch_dag' retrieved from /home/airflow/.local/lib/python3.12/site-packages/airflow/example_dags/example_nested_branch_dag.py
[2024-12-29T00:22:36.684+0000] {logging_mixin.py:190} INFO - [2024-12-29T00:22:36.684+0000] {dag.py:3239} INFO - Sync 1 DAGs
[2024-12-29T00:22:36.711+0000] {logging_mixin.py:190} INFO - [2024-12-29T00:22:36.711+0000] {dag.py:4180} INFO - Setting next_dagrun for example_nested_branch_dag to 2024-12-28 00:00:00+00:00, run_after=2024-12-29 00:00:00+00:00
[2024-12-29T00:22:36.739+0000] {processor.py:208} INFO - Processing /home/airflow/.local/lib/python3.12/site-packages/airflow/example_dags/example_nested_branch_dag.py took 0.107 seconds
[2024-12-29T00:23:08.583+0000] {processor.py:186} INFO - Started process (PID=484) to work on /home/airflow/.local/lib/python3.12/site-packages/airflow/example_dags/example_nested_branch_dag.py
[2024-12-29T00:23:08.638+0000] {processor.py:914} INFO - Processing file /home/airflow/.local/lib/python3.12/site-packages/airflow/example_dags/example_nested_branch_dag.py for tasks to queue
[2024-12-29T00:23:08.642+0000] {logging_mixin.py:190} INFO - [2024-12-29T00:23:08.642+0000] {dagbag.py:588} INFO - Filling up the DagBag from /home/airflow/.local/lib/python3.12/site-packages/airflow/example_dags/example_nested_branch_dag.py
[2024-12-29T00:23:08.671+0000] {processor.py:925} INFO - DAG(s) 'example_nested_branch_dag' retrieved from /home/airflow/.local/lib/python3.12/site-packages/airflow/example_dags/example_nested_branch_dag.py
[2024-12-29T00:23:08.712+0000] {logging_mixin.py:190} INFO - [2024-12-29T00:23:08.711+0000] {dag.py:3239} INFO - Sync 1 DAGs
[2024-12-29T00:23:08.750+0000] {logging_mixin.py:190} INFO - [2024-12-29T00:23:08.750+0000] {dag.py:4180} INFO - Setting next_dagrun for example_nested_branch_dag to 2024-12-28 00:00:00+00:00, run_after=2024-12-29 00:00:00+00:00
[2024-12-29T00:23:08.785+0000] {processor.py:208} INFO - Processing /home/airflow/.local/lib/python3.12/site-packages/airflow/example_dags/example_nested_branch_dag.py took 0.209 seconds
[2024-12-29T00:23:39.341+0000] {processor.py:186} INFO - Started process (PID=556) to work on /home/airflow/.local/lib/python3.12/site-packages/airflow/example_dags/example_nested_branch_dag.py
[2024-12-29T00:23:39.343+0000] {processor.py:914} INFO - Processing file /home/airflow/.local/lib/python3.12/site-packages/airflow/example_dags/example_nested_branch_dag.py for tasks to queue
[2024-12-29T00:23:39.345+0000] {logging_mixin.py:190} INFO - [2024-12-29T00:23:39.345+0000] {dagbag.py:588} INFO - Filling up the DagBag from /home/airflow/.local/lib/python3.12/site-packages/airflow/example_dags/example_nested_branch_dag.py
[2024-12-29T00:23:39.356+0000] {processor.py:925} INFO - DAG(s) 'example_nested_branch_dag' retrieved from /home/airflow/.local/lib/python3.12/site-packages/airflow/example_dags/example_nested_branch_dag.py
[2024-12-29T00:23:39.385+0000] {logging_mixin.py:190} INFO - [2024-12-29T00:23:39.384+0000] {dag.py:3239} INFO - Sync 1 DAGs
[2024-12-29T00:23:39.415+0000] {logging_mixin.py:190} INFO - [2024-12-29T00:23:39.415+0000] {dag.py:4180} INFO - Setting next_dagrun for example_nested_branch_dag to 2024-12-28 00:00:00+00:00, run_after=2024-12-29 00:00:00+00:00
[2024-12-29T00:23:39.442+0000] {processor.py:208} INFO - Processing /home/airflow/.local/lib/python3.12/site-packages/airflow/example_dags/example_nested_branch_dag.py took 0.106 seconds
[2024-12-29T00:24:10.040+0000] {processor.py:186} INFO - Started process (PID=620) to work on /home/airflow/.local/lib/python3.12/site-packages/airflow/example_dags/example_nested_branch_dag.py
[2024-12-29T00:24:10.042+0000] {processor.py:914} INFO - Processing file /home/airflow/.local/lib/python3.12/site-packages/airflow/example_dags/example_nested_branch_dag.py for tasks to queue
[2024-12-29T00:24:10.044+0000] {logging_mixin.py:190} INFO - [2024-12-29T00:24:10.044+0000] {dagbag.py:588} INFO - Filling up the DagBag from /home/airflow/.local/lib/python3.12/site-packages/airflow/example_dags/example_nested_branch_dag.py
[2024-12-29T00:24:10.055+0000] {processor.py:925} INFO - DAG(s) 'example_nested_branch_dag' retrieved from /home/airflow/.local/lib/python3.12/site-packages/airflow/example_dags/example_nested_branch_dag.py
[2024-12-29T00:24:10.083+0000] {logging_mixin.py:190} INFO - [2024-12-29T00:24:10.082+0000] {dag.py:3239} INFO - Sync 1 DAGs
[2024-12-29T00:24:10.111+0000] {logging_mixin.py:190} INFO - [2024-12-29T00:24:10.111+0000] {dag.py:4180} INFO - Setting next_dagrun for example_nested_branch_dag to 2024-12-28 00:00:00+00:00, run_after=2024-12-29 00:00:00+00:00
[2024-12-29T00:24:10.133+0000] {processor.py:208} INFO - Processing /home/airflow/.local/lib/python3.12/site-packages/airflow/example_dags/example_nested_branch_dag.py took 0.099 seconds
[2024-12-29T00:24:40.549+0000] {processor.py:186} INFO - Started process (PID=684) to work on /home/airflow/.local/lib/python3.12/site-packages/airflow/example_dags/example_nested_branch_dag.py
[2024-12-29T00:24:40.551+0000] {processor.py:914} INFO - Processing file /home/airflow/.local/lib/python3.12/site-packages/airflow/example_dags/example_nested_branch_dag.py for tasks to queue
[2024-12-29T00:24:40.554+0000] {logging_mixin.py:190} INFO - [2024-12-29T00:24:40.553+0000] {dagbag.py:588} INFO - Filling up the DagBag from /home/airflow/.local/lib/python3.12/site-packages/airflow/example_dags/example_nested_branch_dag.py
[2024-12-29T00:24:40.568+0000] {processor.py:925} INFO - DAG(s) 'example_nested_branch_dag' retrieved from /home/airflow/.local/lib/python3.12/site-packages/airflow/example_dags/example_nested_branch_dag.py
[2024-12-29T00:24:40.598+0000] {logging_mixin.py:190} INFO - [2024-12-29T00:24:40.598+0000] {dag.py:3239} INFO - Sync 1 DAGs
[2024-12-29T00:24:40.632+0000] {logging_mixin.py:190} INFO - [2024-12-29T00:24:40.631+0000] {dag.py:4180} INFO - Setting next_dagrun for example_nested_branch_dag to 2024-12-28 00:00:00+00:00, run_after=2024-12-29 00:00:00+00:00
[2024-12-29T00:24:40.662+0000] {processor.py:208} INFO - Processing /home/airflow/.local/lib/python3.12/site-packages/airflow/example_dags/example_nested_branch_dag.py took 0.119 seconds
[2024-12-29T00:25:10.822+0000] {processor.py:186} INFO - Started process (PID=749) to work on /home/airflow/.local/lib/python3.12/site-packages/airflow/example_dags/example_nested_branch_dag.py
[2024-12-29T00:25:10.823+0000] {processor.py:914} INFO - Processing file /home/airflow/.local/lib/python3.12/site-packages/airflow/example_dags/example_nested_branch_dag.py for tasks to queue
[2024-12-29T00:25:10.826+0000] {logging_mixin.py:190} INFO - [2024-12-29T00:25:10.826+0000] {dagbag.py:588} INFO - Filling up the DagBag from /home/airflow/.local/lib/python3.12/site-packages/airflow/example_dags/example_nested_branch_dag.py
[2024-12-29T00:25:10.839+0000] {processor.py:925} INFO - DAG(s) 'example_nested_branch_dag' retrieved from /home/airflow/.local/lib/python3.12/site-packages/airflow/example_dags/example_nested_branch_dag.py
[2024-12-29T00:25:10.866+0000] {logging_mixin.py:190} INFO - [2024-12-29T00:25:10.866+0000] {dag.py:3239} INFO - Sync 1 DAGs
[2024-12-29T00:25:10.896+0000] {logging_mixin.py:190} INFO - [2024-12-29T00:25:10.896+0000] {dag.py:4180} INFO - Setting next_dagrun for example_nested_branch_dag to 2024-12-28 00:00:00+00:00, run_after=2024-12-29 00:00:00+00:00
[2024-12-29T00:25:10.922+0000] {processor.py:208} INFO - Processing /home/airflow/.local/lib/python3.12/site-packages/airflow/example_dags/example_nested_branch_dag.py took 0.106 seconds
[2024-12-29T00:25:41.060+0000] {processor.py:186} INFO - Started process (PID=814) to work on /home/airflow/.local/lib/python3.12/site-packages/airflow/example_dags/example_nested_branch_dag.py
[2024-12-29T00:25:41.062+0000] {processor.py:914} INFO - Processing file /home/airflow/.local/lib/python3.12/site-packages/airflow/example_dags/example_nested_branch_dag.py for tasks to queue
[2024-12-29T00:25:41.064+0000] {logging_mixin.py:190} INFO - [2024-12-29T00:25:41.064+0000] {dagbag.py:588} INFO - Filling up the DagBag from /home/airflow/.local/lib/python3.12/site-packages/airflow/example_dags/example_nested_branch_dag.py
[2024-12-29T00:25:41.077+0000] {processor.py:925} INFO - DAG(s) 'example_nested_branch_dag' retrieved from /home/airflow/.local/lib/python3.12/site-packages/airflow/example_dags/example_nested_branch_dag.py
[2024-12-29T00:25:41.103+0000] {logging_mixin.py:190} INFO - [2024-12-29T00:25:41.103+0000] {dag.py:3239} INFO - Sync 1 DAGs
[2024-12-29T00:25:41.129+0000] {logging_mixin.py:190} INFO - [2024-12-29T00:25:41.129+0000] {dag.py:4180} INFO - Setting next_dagrun for example_nested_branch_dag to 2024-12-28 00:00:00+00:00, run_after=2024-12-29 00:00:00+00:00
[2024-12-29T00:25:41.154+0000] {processor.py:208} INFO - Processing /home/airflow/.local/lib/python3.12/site-packages/airflow/example_dags/example_nested_branch_dag.py took 0.099 seconds
[2024-12-29T00:26:11.346+0000] {processor.py:186} INFO - Started process (PID=879) to work on /home/airflow/.local/lib/python3.12/site-packages/airflow/example_dags/example_nested_branch_dag.py
[2024-12-29T00:26:11.349+0000] {processor.py:914} INFO - Processing file /home/airflow/.local/lib/python3.12/site-packages/airflow/example_dags/example_nested_branch_dag.py for tasks to queue
[2024-12-29T00:26:11.353+0000] {logging_mixin.py:190} INFO - [2024-12-29T00:26:11.352+0000] {dagbag.py:588} INFO - Filling up the DagBag from /home/airflow/.local/lib/python3.12/site-packages/airflow/example_dags/example_nested_branch_dag.py
[2024-12-29T00:26:11.371+0000] {processor.py:925} INFO - DAG(s) 'example_nested_branch_dag' retrieved from /home/airflow/.local/lib/python3.12/site-packages/airflow/example_dags/example_nested_branch_dag.py
[2024-12-29T00:26:11.409+0000] {logging_mixin.py:190} INFO - [2024-12-29T00:26:11.408+0000] {dag.py:3239} INFO - Sync 1 DAGs
[2024-12-29T00:26:11.448+0000] {logging_mixin.py:190} INFO - [2024-12-29T00:26:11.447+0000] {dag.py:4180} INFO - Setting next_dagrun for example_nested_branch_dag to 2024-12-28 00:00:00+00:00, run_after=2024-12-29 00:00:00+00:00
[2024-12-29T00:26:11.474+0000] {processor.py:208} INFO - Processing /home/airflow/.local/lib/python3.12/site-packages/airflow/example_dags/example_nested_branch_dag.py took 0.136 seconds
[2024-12-29T00:26:41.525+0000] {processor.py:186} INFO - Started process (PID=945) to work on /home/airflow/.local/lib/python3.12/site-packages/airflow/example_dags/example_nested_branch_dag.py
[2024-12-29T00:26:41.527+0000] {processor.py:914} INFO - Processing file /home/airflow/.local/lib/python3.12/site-packages/airflow/example_dags/example_nested_branch_dag.py for tasks to queue
[2024-12-29T00:26:41.530+0000] {logging_mixin.py:190} INFO - [2024-12-29T00:26:41.529+0000] {dagbag.py:588} INFO - Filling up the DagBag from /home/airflow/.local/lib/python3.12/site-packages/airflow/example_dags/example_nested_branch_dag.py
[2024-12-29T00:26:41.541+0000] {processor.py:925} INFO - DAG(s) 'example_nested_branch_dag' retrieved from /home/airflow/.local/lib/python3.12/site-packages/airflow/example_dags/example_nested_branch_dag.py
[2024-12-29T00:26:41.570+0000] {logging_mixin.py:190} INFO - [2024-12-29T00:26:41.570+0000] {dag.py:3239} INFO - Sync 1 DAGs
[2024-12-29T00:26:41.601+0000] {logging_mixin.py:190} INFO - [2024-12-29T00:26:41.600+0000] {dag.py:4180} INFO - Setting next_dagrun for example_nested_branch_dag to 2024-12-28 00:00:00+00:00, run_after=2024-12-29 00:00:00+00:00
[2024-12-29T00:26:41.625+0000] {processor.py:208} INFO - Processing /home/airflow/.local/lib/python3.12/site-packages/airflow/example_dags/example_nested_branch_dag.py took 0.106 seconds
[2024-12-29T00:27:11.932+0000] {processor.py:186} INFO - Started process (PID=1009) to work on /home/airflow/.local/lib/python3.12/site-packages/airflow/example_dags/example_nested_branch_dag.py
[2024-12-29T00:27:11.934+0000] {processor.py:914} INFO - Processing file /home/airflow/.local/lib/python3.12/site-packages/airflow/example_dags/example_nested_branch_dag.py for tasks to queue
[2024-12-29T00:27:11.937+0000] {logging_mixin.py:190} INFO - [2024-12-29T00:27:11.937+0000] {dagbag.py:588} INFO - Filling up the DagBag from /home/airflow/.local/lib/python3.12/site-packages/airflow/example_dags/example_nested_branch_dag.py
[2024-12-29T00:27:11.953+0000] {processor.py:925} INFO - DAG(s) 'example_nested_branch_dag' retrieved from /home/airflow/.local/lib/python3.12/site-packages/airflow/example_dags/example_nested_branch_dag.py
[2024-12-29T00:27:11.988+0000] {logging_mixin.py:190} INFO - [2024-12-29T00:27:11.988+0000] {dag.py:3239} INFO - Sync 1 DAGs
[2024-12-29T00:27:12.024+0000] {logging_mixin.py:190} INFO - [2024-12-29T00:27:12.023+0000] {dag.py:4180} INFO - Setting next_dagrun for example_nested_branch_dag to 2024-12-28 00:00:00+00:00, run_after=2024-12-29 00:00:00+00:00
[2024-12-29T00:27:12.053+0000] {processor.py:208} INFO - Processing /home/airflow/.local/lib/python3.12/site-packages/airflow/example_dags/example_nested_branch_dag.py took 0.127 seconds
[2024-12-29T00:27:42.156+0000] {processor.py:186} INFO - Started process (PID=1074) to work on /home/airflow/.local/lib/python3.12/site-packages/airflow/example_dags/example_nested_branch_dag.py
[2024-12-29T00:27:42.159+0000] {processor.py:914} INFO - Processing file /home/airflow/.local/lib/python3.12/site-packages/airflow/example_dags/example_nested_branch_dag.py for tasks to queue
[2024-12-29T00:27:42.162+0000] {logging_mixin.py:190} INFO - [2024-12-29T00:27:42.161+0000] {dagbag.py:588} INFO - Filling up the DagBag from /home/airflow/.local/lib/python3.12/site-packages/airflow/example_dags/example_nested_branch_dag.py
[2024-12-29T00:27:42.175+0000] {processor.py:925} INFO - DAG(s) 'example_nested_branch_dag' retrieved from /home/airflow/.local/lib/python3.12/site-packages/airflow/example_dags/example_nested_branch_dag.py
[2024-12-29T00:27:42.206+0000] {logging_mixin.py:190} INFO - [2024-12-29T00:27:42.205+0000] {dag.py:3239} INFO - Sync 1 DAGs
[2024-12-29T00:27:42.234+0000] {logging_mixin.py:190} INFO - [2024-12-29T00:27:42.234+0000] {dag.py:4180} INFO - Setting next_dagrun for example_nested_branch_dag to 2024-12-28 00:00:00+00:00, run_after=2024-12-29 00:00:00+00:00
[2024-12-29T00:27:42.260+0000] {processor.py:208} INFO - Processing /home/airflow/.local/lib/python3.12/site-packages/airflow/example_dags/example_nested_branch_dag.py took 0.111 seconds
[2024-12-29T00:28:12.720+0000] {processor.py:186} INFO - Started process (PID=1140) to work on /home/airflow/.local/lib/python3.12/site-packages/airflow/example_dags/example_nested_branch_dag.py
[2024-12-29T00:28:12.730+0000] {processor.py:914} INFO - Processing file /home/airflow/.local/lib/python3.12/site-packages/airflow/example_dags/example_nested_branch_dag.py for tasks to queue
[2024-12-29T00:28:12.732+0000] {logging_mixin.py:190} INFO - [2024-12-29T00:28:12.732+0000] {dagbag.py:588} INFO - Filling up the DagBag from /home/airflow/.local/lib/python3.12/site-packages/airflow/example_dags/example_nested_branch_dag.py
[2024-12-29T00:28:12.744+0000] {processor.py:925} INFO - DAG(s) 'example_nested_branch_dag' retrieved from /home/airflow/.local/lib/python3.12/site-packages/airflow/example_dags/example_nested_branch_dag.py
[2024-12-29T00:28:12.774+0000] {logging_mixin.py:190} INFO - [2024-12-29T00:28:12.773+0000] {dag.py:3239} INFO - Sync 1 DAGs
[2024-12-29T00:28:12.802+0000] {logging_mixin.py:190} INFO - [2024-12-29T00:28:12.801+0000] {dag.py:4180} INFO - Setting next_dagrun for example_nested_branch_dag to 2024-12-28 00:00:00+00:00, run_after=2024-12-29 00:00:00+00:00
[2024-12-29T00:28:12.857+0000] {processor.py:208} INFO - Processing /home/airflow/.local/lib/python3.12/site-packages/airflow/example_dags/example_nested_branch_dag.py took 0.144 seconds
[2024-12-29T00:28:43.318+0000] {processor.py:186} INFO - Started process (PID=1205) to work on /home/airflow/.local/lib/python3.12/site-packages/airflow/example_dags/example_nested_branch_dag.py
[2024-12-29T00:28:43.320+0000] {processor.py:914} INFO - Processing file /home/airflow/.local/lib/python3.12/site-packages/airflow/example_dags/example_nested_branch_dag.py for tasks to queue
[2024-12-29T00:28:43.323+0000] {logging_mixin.py:190} INFO - [2024-12-29T00:28:43.322+0000] {dagbag.py:588} INFO - Filling up the DagBag from /home/airflow/.local/lib/python3.12/site-packages/airflow/example_dags/example_nested_branch_dag.py
[2024-12-29T00:28:43.334+0000] {processor.py:925} INFO - DAG(s) 'example_nested_branch_dag' retrieved from /home/airflow/.local/lib/python3.12/site-packages/airflow/example_dags/example_nested_branch_dag.py
[2024-12-29T00:28:43.362+0000] {logging_mixin.py:190} INFO - [2024-12-29T00:28:43.362+0000] {dag.py:3239} INFO - Sync 1 DAGs
[2024-12-29T00:28:43.389+0000] {logging_mixin.py:190} INFO - [2024-12-29T00:28:43.389+0000] {dag.py:4180} INFO - Setting next_dagrun for example_nested_branch_dag to 2024-12-28 00:00:00+00:00, run_after=2024-12-29 00:00:00+00:00
[2024-12-29T00:28:43.415+0000] {processor.py:208} INFO - Processing /home/airflow/.local/lib/python3.12/site-packages/airflow/example_dags/example_nested_branch_dag.py took 0.102 seconds
[2024-12-29T00:29:13.538+0000] {processor.py:186} INFO - Started process (PID=1270) to work on /home/airflow/.local/lib/python3.12/site-packages/airflow/example_dags/example_nested_branch_dag.py
[2024-12-29T00:29:13.540+0000] {processor.py:914} INFO - Processing file /home/airflow/.local/lib/python3.12/site-packages/airflow/example_dags/example_nested_branch_dag.py for tasks to queue
[2024-12-29T00:29:13.544+0000] {logging_mixin.py:190} INFO - [2024-12-29T00:29:13.543+0000] {dagbag.py:588} INFO - Filling up the DagBag from /home/airflow/.local/lib/python3.12/site-packages/airflow/example_dags/example_nested_branch_dag.py
[2024-12-29T00:29:13.564+0000] {processor.py:925} INFO - DAG(s) 'example_nested_branch_dag' retrieved from /home/airflow/.local/lib/python3.12/site-packages/airflow/example_dags/example_nested_branch_dag.py
[2024-12-29T00:29:13.603+0000] {logging_mixin.py:190} INFO - [2024-12-29T00:29:13.603+0000] {dag.py:3239} INFO - Sync 1 DAGs
[2024-12-29T00:29:13.642+0000] {logging_mixin.py:190} INFO - [2024-12-29T00:29:13.642+0000] {dag.py:4180} INFO - Setting next_dagrun for example_nested_branch_dag to 2024-12-28 00:00:00+00:00, run_after=2024-12-29 00:00:00+00:00
[2024-12-29T00:29:13.670+0000] {processor.py:208} INFO - Processing /home/airflow/.local/lib/python3.12/site-packages/airflow/example_dags/example_nested_branch_dag.py took 0.144 seconds
[2024-12-29T00:29:43.785+0000] {processor.py:186} INFO - Started process (PID=1335) to work on /home/airflow/.local/lib/python3.12/site-packages/airflow/example_dags/example_nested_branch_dag.py
[2024-12-29T00:29:43.787+0000] {processor.py:914} INFO - Processing file /home/airflow/.local/lib/python3.12/site-packages/airflow/example_dags/example_nested_branch_dag.py for tasks to queue
[2024-12-29T00:29:43.790+0000] {logging_mixin.py:190} INFO - [2024-12-29T00:29:43.789+0000] {dagbag.py:588} INFO - Filling up the DagBag from /home/airflow/.local/lib/python3.12/site-packages/airflow/example_dags/example_nested_branch_dag.py
[2024-12-29T00:29:43.804+0000] {processor.py:925} INFO - DAG(s) 'example_nested_branch_dag' retrieved from /home/airflow/.local/lib/python3.12/site-packages/airflow/example_dags/example_nested_branch_dag.py
[2024-12-29T00:29:43.836+0000] {logging_mixin.py:190} INFO - [2024-12-29T00:29:43.835+0000] {dag.py:3239} INFO - Sync 1 DAGs
[2024-12-29T00:29:43.867+0000] {logging_mixin.py:190} INFO - [2024-12-29T00:29:43.866+0000] {dag.py:4180} INFO - Setting next_dagrun for example_nested_branch_dag to 2024-12-28 00:00:00+00:00, run_after=2024-12-29 00:00:00+00:00
[2024-12-29T00:29:43.893+0000] {processor.py:208} INFO - Processing /home/airflow/.local/lib/python3.12/site-packages/airflow/example_dags/example_nested_branch_dag.py took 0.116 seconds
[2024-12-29T00:30:14.554+0000] {processor.py:186} INFO - Started process (PID=1400) to work on /home/airflow/.local/lib/python3.12/site-packages/airflow/example_dags/example_nested_branch_dag.py
[2024-12-29T00:30:14.556+0000] {processor.py:914} INFO - Processing file /home/airflow/.local/lib/python3.12/site-packages/airflow/example_dags/example_nested_branch_dag.py for tasks to queue
[2024-12-29T00:30:14.560+0000] {logging_mixin.py:190} INFO - [2024-12-29T00:30:14.560+0000] {dagbag.py:588} INFO - Filling up the DagBag from /home/airflow/.local/lib/python3.12/site-packages/airflow/example_dags/example_nested_branch_dag.py
[2024-12-29T00:30:14.576+0000] {processor.py:925} INFO - DAG(s) 'example_nested_branch_dag' retrieved from /home/airflow/.local/lib/python3.12/site-packages/airflow/example_dags/example_nested_branch_dag.py
[2024-12-29T00:30:14.608+0000] {logging_mixin.py:190} INFO - [2024-12-29T00:30:14.608+0000] {dag.py:3239} INFO - Sync 1 DAGs
[2024-12-29T00:30:14.641+0000] {logging_mixin.py:190} INFO - [2024-12-29T00:30:14.641+0000] {dag.py:4180} INFO - Setting next_dagrun for example_nested_branch_dag to 2024-12-28 00:00:00+00:00, run_after=2024-12-29 00:00:00+00:00
[2024-12-29T00:30:14.672+0000] {processor.py:208} INFO - Processing /home/airflow/.local/lib/python3.12/site-packages/airflow/example_dags/example_nested_branch_dag.py took 0.128 seconds
[2024-12-29T00:30:44.833+0000] {processor.py:186} INFO - Started process (PID=1465) to work on /home/airflow/.local/lib/python3.12/site-packages/airflow/example_dags/example_nested_branch_dag.py
[2024-12-29T00:30:44.836+0000] {processor.py:914} INFO - Processing file /home/airflow/.local/lib/python3.12/site-packages/airflow/example_dags/example_nested_branch_dag.py for tasks to queue
[2024-12-29T00:30:44.841+0000] {logging_mixin.py:190} INFO - [2024-12-29T00:30:44.840+0000] {dagbag.py:588} INFO - Filling up the DagBag from /home/airflow/.local/lib/python3.12/site-packages/airflow/example_dags/example_nested_branch_dag.py
[2024-12-29T00:30:44.860+0000] {processor.py:925} INFO - DAG(s) 'example_nested_branch_dag' retrieved from /home/airflow/.local/lib/python3.12/site-packages/airflow/example_dags/example_nested_branch_dag.py
[2024-12-29T00:30:44.896+0000] {logging_mixin.py:190} INFO - [2024-12-29T00:30:44.896+0000] {dag.py:3239} INFO - Sync 1 DAGs
[2024-12-29T00:30:44.932+0000] {logging_mixin.py:190} INFO - [2024-12-29T00:30:44.931+0000] {dag.py:4180} INFO - Setting next_dagrun for example_nested_branch_dag to 2024-12-28 00:00:00+00:00, run_after=2024-12-29 00:00:00+00:00
[2024-12-29T00:30:44.963+0000] {processor.py:208} INFO - Processing /home/airflow/.local/lib/python3.12/site-packages/airflow/example_dags/example_nested_branch_dag.py took 0.144 seconds
[2024-12-29T00:31:15.321+0000] {processor.py:186} INFO - Started process (PID=1531) to work on /home/airflow/.local/lib/python3.12/site-packages/airflow/example_dags/example_nested_branch_dag.py
[2024-12-29T00:31:15.323+0000] {processor.py:914} INFO - Processing file /home/airflow/.local/lib/python3.12/site-packages/airflow/example_dags/example_nested_branch_dag.py for tasks to queue
[2024-12-29T00:31:15.326+0000] {logging_mixin.py:190} INFO - [2024-12-29T00:31:15.326+0000] {dagbag.py:588} INFO - Filling up the DagBag from /home/airflow/.local/lib/python3.12/site-packages/airflow/example_dags/example_nested_branch_dag.py
[2024-12-29T00:31:15.348+0000] {processor.py:925} INFO - DAG(s) 'example_nested_branch_dag' retrieved from /home/airflow/.local/lib/python3.12/site-packages/airflow/example_dags/example_nested_branch_dag.py
[2024-12-29T00:31:15.398+0000] {logging_mixin.py:190} INFO - [2024-12-29T00:31:15.398+0000] {dag.py:3239} INFO - Sync 1 DAGs
[2024-12-29T00:31:15.450+0000] {logging_mixin.py:190} INFO - [2024-12-29T00:31:15.449+0000] {dag.py:4180} INFO - Setting next_dagrun for example_nested_branch_dag to 2024-12-28 00:00:00+00:00, run_after=2024-12-29 00:00:00+00:00
[2024-12-29T00:31:15.492+0000] {processor.py:208} INFO - Processing /home/airflow/.local/lib/python3.12/site-packages/airflow/example_dags/example_nested_branch_dag.py took 0.182 seconds
[2024-12-29T00:31:45.820+0000] {processor.py:186} INFO - Started process (PID=1596) to work on /home/airflow/.local/lib/python3.12/site-packages/airflow/example_dags/example_nested_branch_dag.py
[2024-12-29T00:31:45.822+0000] {processor.py:914} INFO - Processing file /home/airflow/.local/lib/python3.12/site-packages/airflow/example_dags/example_nested_branch_dag.py for tasks to queue
[2024-12-29T00:31:45.825+0000] {logging_mixin.py:190} INFO - [2024-12-29T00:31:45.825+0000] {dagbag.py:588} INFO - Filling up the DagBag from /home/airflow/.local/lib/python3.12/site-packages/airflow/example_dags/example_nested_branch_dag.py
[2024-12-29T00:31:45.838+0000] {processor.py:925} INFO - DAG(s) 'example_nested_branch_dag' retrieved from /home/airflow/.local/lib/python3.12/site-packages/airflow/example_dags/example_nested_branch_dag.py
[2024-12-29T00:31:45.867+0000] {logging_mixin.py:190} INFO - [2024-12-29T00:31:45.867+0000] {dag.py:3239} INFO - Sync 1 DAGs
[2024-12-29T00:31:45.897+0000] {logging_mixin.py:190} INFO - [2024-12-29T00:31:45.896+0000] {dag.py:4180} INFO - Setting next_dagrun for example_nested_branch_dag to 2024-12-28 00:00:00+00:00, run_after=2024-12-29 00:00:00+00:00
[2024-12-29T00:31:45.926+0000] {processor.py:208} INFO - Processing /home/airflow/.local/lib/python3.12/site-packages/airflow/example_dags/example_nested_branch_dag.py took 0.112 seconds
[2024-12-29T00:32:16.095+0000] {processor.py:186} INFO - Started process (PID=1661) to work on /home/airflow/.local/lib/python3.12/site-packages/airflow/example_dags/example_nested_branch_dag.py
[2024-12-29T00:32:16.097+0000] {processor.py:914} INFO - Processing file /home/airflow/.local/lib/python3.12/site-packages/airflow/example_dags/example_nested_branch_dag.py for tasks to queue
[2024-12-29T00:32:16.100+0000] {logging_mixin.py:190} INFO - [2024-12-29T00:32:16.099+0000] {dagbag.py:588} INFO - Filling up the DagBag from /home/airflow/.local/lib/python3.12/site-packages/airflow/example_dags/example_nested_branch_dag.py
[2024-12-29T00:32:16.113+0000] {processor.py:925} INFO - DAG(s) 'example_nested_branch_dag' retrieved from /home/airflow/.local/lib/python3.12/site-packages/airflow/example_dags/example_nested_branch_dag.py
[2024-12-29T00:32:16.144+0000] {logging_mixin.py:190} INFO - [2024-12-29T00:32:16.143+0000] {dag.py:3239} INFO - Sync 1 DAGs
[2024-12-29T00:32:16.173+0000] {logging_mixin.py:190} INFO - [2024-12-29T00:32:16.172+0000] {dag.py:4180} INFO - Setting next_dagrun for example_nested_branch_dag to 2024-12-28 00:00:00+00:00, run_after=2024-12-29 00:00:00+00:00
[2024-12-29T00:32:16.202+0000] {processor.py:208} INFO - Processing /home/airflow/.local/lib/python3.12/site-packages/airflow/example_dags/example_nested_branch_dag.py took 0.114 seconds
[2024-12-29T00:32:46.687+0000] {processor.py:186} INFO - Started process (PID=1726) to work on /home/airflow/.local/lib/python3.12/site-packages/airflow/example_dags/example_nested_branch_dag.py
[2024-12-29T00:32:46.689+0000] {processor.py:914} INFO - Processing file /home/airflow/.local/lib/python3.12/site-packages/airflow/example_dags/example_nested_branch_dag.py for tasks to queue
[2024-12-29T00:32:46.693+0000] {logging_mixin.py:190} INFO - [2024-12-29T00:32:46.692+0000] {dagbag.py:588} INFO - Filling up the DagBag from /home/airflow/.local/lib/python3.12/site-packages/airflow/example_dags/example_nested_branch_dag.py
[2024-12-29T00:32:46.703+0000] {processor.py:925} INFO - DAG(s) 'example_nested_branch_dag' retrieved from /home/airflow/.local/lib/python3.12/site-packages/airflow/example_dags/example_nested_branch_dag.py
[2024-12-29T00:32:46.730+0000] {logging_mixin.py:190} INFO - [2024-12-29T00:32:46.730+0000] {dag.py:3239} INFO - Sync 1 DAGs
[2024-12-29T00:32:46.760+0000] {logging_mixin.py:190} INFO - [2024-12-29T00:32:46.760+0000] {dag.py:4180} INFO - Setting next_dagrun for example_nested_branch_dag to 2024-12-28 00:00:00+00:00, run_after=2024-12-29 00:00:00+00:00
[2024-12-29T00:32:46.787+0000] {processor.py:208} INFO - Processing /home/airflow/.local/lib/python3.12/site-packages/airflow/example_dags/example_nested_branch_dag.py took 0.106 seconds
[2024-12-29T00:33:17.015+0000] {processor.py:186} INFO - Started process (PID=1791) to work on /home/airflow/.local/lib/python3.12/site-packages/airflow/example_dags/example_nested_branch_dag.py
[2024-12-29T00:33:17.017+0000] {processor.py:914} INFO - Processing file /home/airflow/.local/lib/python3.12/site-packages/airflow/example_dags/example_nested_branch_dag.py for tasks to queue
[2024-12-29T00:33:17.020+0000] {logging_mixin.py:190} INFO - [2024-12-29T00:33:17.020+0000] {dagbag.py:588} INFO - Filling up the DagBag from /home/airflow/.local/lib/python3.12/site-packages/airflow/example_dags/example_nested_branch_dag.py
[2024-12-29T00:33:17.031+0000] {processor.py:925} INFO - DAG(s) 'example_nested_branch_dag' retrieved from /home/airflow/.local/lib/python3.12/site-packages/airflow/example_dags/example_nested_branch_dag.py
[2024-12-29T00:33:17.057+0000] {logging_mixin.py:190} INFO - [2024-12-29T00:33:17.057+0000] {dag.py:3239} INFO - Sync 1 DAGs
[2024-12-29T00:33:17.084+0000] {logging_mixin.py:190} INFO - [2024-12-29T00:33:17.083+0000] {dag.py:4180} INFO - Setting next_dagrun for example_nested_branch_dag to 2024-12-28 00:00:00+00:00, run_after=2024-12-29 00:00:00+00:00
[2024-12-29T00:33:17.109+0000] {processor.py:208} INFO - Processing /home/airflow/.local/lib/python3.12/site-packages/airflow/example_dags/example_nested_branch_dag.py took 0.098 seconds
[2024-12-29T00:33:47.163+0000] {processor.py:186} INFO - Started process (PID=1856) to work on /home/airflow/.local/lib/python3.12/site-packages/airflow/example_dags/example_nested_branch_dag.py
[2024-12-29T00:33:47.166+0000] {processor.py:914} INFO - Processing file /home/airflow/.local/lib/python3.12/site-packages/airflow/example_dags/example_nested_branch_dag.py for tasks to queue
[2024-12-29T00:33:47.169+0000] {logging_mixin.py:190} INFO - [2024-12-29T00:33:47.168+0000] {dagbag.py:588} INFO - Filling up the DagBag from /home/airflow/.local/lib/python3.12/site-packages/airflow/example_dags/example_nested_branch_dag.py
[2024-12-29T00:33:47.180+0000] {processor.py:925} INFO - DAG(s) 'example_nested_branch_dag' retrieved from /home/airflow/.local/lib/python3.12/site-packages/airflow/example_dags/example_nested_branch_dag.py
[2024-12-29T00:33:47.207+0000] {logging_mixin.py:190} INFO - [2024-12-29T00:33:47.206+0000] {dag.py:3239} INFO - Sync 1 DAGs
[2024-12-29T00:33:47.234+0000] {logging_mixin.py:190} INFO - [2024-12-29T00:33:47.234+0000] {dag.py:4180} INFO - Setting next_dagrun for example_nested_branch_dag to 2024-12-28 00:00:00+00:00, run_after=2024-12-29 00:00:00+00:00
[2024-12-29T00:33:47.260+0000] {processor.py:208} INFO - Processing /home/airflow/.local/lib/python3.12/site-packages/airflow/example_dags/example_nested_branch_dag.py took 0.103 seconds
[2024-12-29T00:34:18.140+0000] {processor.py:186} INFO - Started process (PID=1921) to work on /home/airflow/.local/lib/python3.12/site-packages/airflow/example_dags/example_nested_branch_dag.py
[2024-12-29T00:34:18.142+0000] {processor.py:914} INFO - Processing file /home/airflow/.local/lib/python3.12/site-packages/airflow/example_dags/example_nested_branch_dag.py for tasks to queue
[2024-12-29T00:34:18.145+0000] {logging_mixin.py:190} INFO - [2024-12-29T00:34:18.145+0000] {dagbag.py:588} INFO - Filling up the DagBag from /home/airflow/.local/lib/python3.12/site-packages/airflow/example_dags/example_nested_branch_dag.py
[2024-12-29T00:34:18.161+0000] {processor.py:925} INFO - DAG(s) 'example_nested_branch_dag' retrieved from /home/airflow/.local/lib/python3.12/site-packages/airflow/example_dags/example_nested_branch_dag.py
[2024-12-29T00:34:18.196+0000] {logging_mixin.py:190} INFO - [2024-12-29T00:34:18.195+0000] {dag.py:3239} INFO - Sync 1 DAGs
[2024-12-29T00:34:18.229+0000] {logging_mixin.py:190} INFO - [2024-12-29T00:34:18.229+0000] {dag.py:4180} INFO - Setting next_dagrun for example_nested_branch_dag to 2024-12-28 00:00:00+00:00, run_after=2024-12-29 00:00:00+00:00
[2024-12-29T00:34:18.261+0000] {processor.py:208} INFO - Processing /home/airflow/.local/lib/python3.12/site-packages/airflow/example_dags/example_nested_branch_dag.py took 0.130 seconds
[2024-12-29T00:34:48.831+0000] {processor.py:186} INFO - Started process (PID=1986) to work on /home/airflow/.local/lib/python3.12/site-packages/airflow/example_dags/example_nested_branch_dag.py
[2024-12-29T00:34:48.833+0000] {processor.py:914} INFO - Processing file /home/airflow/.local/lib/python3.12/site-packages/airflow/example_dags/example_nested_branch_dag.py for tasks to queue
[2024-12-29T00:34:48.836+0000] {logging_mixin.py:190} INFO - [2024-12-29T00:34:48.836+0000] {dagbag.py:588} INFO - Filling up the DagBag from /home/airflow/.local/lib/python3.12/site-packages/airflow/example_dags/example_nested_branch_dag.py
[2024-12-29T00:34:48.847+0000] {processor.py:925} INFO - DAG(s) 'example_nested_branch_dag' retrieved from /home/airflow/.local/lib/python3.12/site-packages/airflow/example_dags/example_nested_branch_dag.py
[2024-12-29T00:34:48.872+0000] {logging_mixin.py:190} INFO - [2024-12-29T00:34:48.872+0000] {dag.py:3239} INFO - Sync 1 DAGs
[2024-12-29T00:34:48.897+0000] {logging_mixin.py:190} INFO - [2024-12-29T00:34:48.896+0000] {dag.py:4180} INFO - Setting next_dagrun for example_nested_branch_dag to 2024-12-28 00:00:00+00:00, run_after=2024-12-29 00:00:00+00:00
[2024-12-29T00:34:48.921+0000] {processor.py:208} INFO - Processing /home/airflow/.local/lib/python3.12/site-packages/airflow/example_dags/example_nested_branch_dag.py took 0.095 seconds
[2024-12-29T00:35:19.822+0000] {processor.py:186} INFO - Started process (PID=2051) to work on /home/airflow/.local/lib/python3.12/site-packages/airflow/example_dags/example_nested_branch_dag.py
[2024-12-29T00:35:19.825+0000] {processor.py:914} INFO - Processing file /home/airflow/.local/lib/python3.12/site-packages/airflow/example_dags/example_nested_branch_dag.py for tasks to queue
[2024-12-29T00:35:19.830+0000] {logging_mixin.py:190} INFO - [2024-12-29T00:35:19.829+0000] {dagbag.py:588} INFO - Filling up the DagBag from /home/airflow/.local/lib/python3.12/site-packages/airflow/example_dags/example_nested_branch_dag.py
[2024-12-29T00:35:19.846+0000] {processor.py:925} INFO - DAG(s) 'example_nested_branch_dag' retrieved from /home/airflow/.local/lib/python3.12/site-packages/airflow/example_dags/example_nested_branch_dag.py
[2024-12-29T00:35:19.886+0000] {logging_mixin.py:190} INFO - [2024-12-29T00:35:19.885+0000] {dag.py:3239} INFO - Sync 1 DAGs
[2024-12-29T00:35:19.920+0000] {logging_mixin.py:190} INFO - [2024-12-29T00:35:19.920+0000] {dag.py:4180} INFO - Setting next_dagrun for example_nested_branch_dag to 2024-12-28 00:00:00+00:00, run_after=2024-12-29 00:00:00+00:00
[2024-12-29T00:35:19.948+0000] {processor.py:208} INFO - Processing /home/airflow/.local/lib/python3.12/site-packages/airflow/example_dags/example_nested_branch_dag.py took 0.133 seconds
[2024-12-29T00:35:50.401+0000] {processor.py:186} INFO - Started process (PID=2116) to work on /home/airflow/.local/lib/python3.12/site-packages/airflow/example_dags/example_nested_branch_dag.py
[2024-12-29T00:35:50.404+0000] {processor.py:914} INFO - Processing file /home/airflow/.local/lib/python3.12/site-packages/airflow/example_dags/example_nested_branch_dag.py for tasks to queue
[2024-12-29T00:35:50.407+0000] {logging_mixin.py:190} INFO - [2024-12-29T00:35:50.407+0000] {dagbag.py:588} INFO - Filling up the DagBag from /home/airflow/.local/lib/python3.12/site-packages/airflow/example_dags/example_nested_branch_dag.py
[2024-12-29T00:35:50.424+0000] {processor.py:925} INFO - DAG(s) 'example_nested_branch_dag' retrieved from /home/airflow/.local/lib/python3.12/site-packages/airflow/example_dags/example_nested_branch_dag.py
[2024-12-29T00:35:50.457+0000] {logging_mixin.py:190} INFO - [2024-12-29T00:35:50.457+0000] {dag.py:3239} INFO - Sync 1 DAGs
[2024-12-29T00:35:50.493+0000] {logging_mixin.py:190} INFO - [2024-12-29T00:35:50.493+0000] {dag.py:4180} INFO - Setting next_dagrun for example_nested_branch_dag to 2024-12-28 00:00:00+00:00, run_after=2024-12-29 00:00:00+00:00
[2024-12-29T00:35:50.524+0000] {processor.py:208} INFO - Processing /home/airflow/.local/lib/python3.12/site-packages/airflow/example_dags/example_nested_branch_dag.py took 0.130 seconds
[2024-12-29T00:36:21.095+0000] {processor.py:186} INFO - Started process (PID=2181) to work on /home/airflow/.local/lib/python3.12/site-packages/airflow/example_dags/example_nested_branch_dag.py
[2024-12-29T00:36:21.097+0000] {processor.py:914} INFO - Processing file /home/airflow/.local/lib/python3.12/site-packages/airflow/example_dags/example_nested_branch_dag.py for tasks to queue
[2024-12-29T00:36:21.100+0000] {logging_mixin.py:190} INFO - [2024-12-29T00:36:21.100+0000] {dagbag.py:588} INFO - Filling up the DagBag from /home/airflow/.local/lib/python3.12/site-packages/airflow/example_dags/example_nested_branch_dag.py
[2024-12-29T00:36:21.112+0000] {processor.py:925} INFO - DAG(s) 'example_nested_branch_dag' retrieved from /home/airflow/.local/lib/python3.12/site-packages/airflow/example_dags/example_nested_branch_dag.py
[2024-12-29T00:36:21.150+0000] {logging_mixin.py:190} INFO - [2024-12-29T00:36:21.150+0000] {dag.py:3239} INFO - Sync 1 DAGs
[2024-12-29T00:36:21.187+0000] {logging_mixin.py:190} INFO - [2024-12-29T00:36:21.186+0000] {dag.py:4180} INFO - Setting next_dagrun for example_nested_branch_dag to 2024-12-28 00:00:00+00:00, run_after=2024-12-29 00:00:00+00:00
[2024-12-29T00:36:21.219+0000] {processor.py:208} INFO - Processing /home/airflow/.local/lib/python3.12/site-packages/airflow/example_dags/example_nested_branch_dag.py took 0.132 seconds
[2024-12-29T00:36:52.049+0000] {processor.py:186} INFO - Started process (PID=2247) to work on /home/airflow/.local/lib/python3.12/site-packages/airflow/example_dags/example_nested_branch_dag.py
[2024-12-29T00:36:52.051+0000] {processor.py:914} INFO - Processing file /home/airflow/.local/lib/python3.12/site-packages/airflow/example_dags/example_nested_branch_dag.py for tasks to queue
[2024-12-29T00:36:52.053+0000] {logging_mixin.py:190} INFO - [2024-12-29T00:36:52.053+0000] {dagbag.py:588} INFO - Filling up the DagBag from /home/airflow/.local/lib/python3.12/site-packages/airflow/example_dags/example_nested_branch_dag.py
[2024-12-29T00:36:52.065+0000] {processor.py:925} INFO - DAG(s) 'example_nested_branch_dag' retrieved from /home/airflow/.local/lib/python3.12/site-packages/airflow/example_dags/example_nested_branch_dag.py
[2024-12-29T00:36:52.093+0000] {logging_mixin.py:190} INFO - [2024-12-29T00:36:52.093+0000] {dag.py:3239} INFO - Sync 1 DAGs
[2024-12-29T00:36:52.121+0000] {logging_mixin.py:190} INFO - [2024-12-29T00:36:52.121+0000] {dag.py:4180} INFO - Setting next_dagrun for example_nested_branch_dag to 2024-12-28 00:00:00+00:00, run_after=2024-12-29 00:00:00+00:00
[2024-12-29T00:36:52.144+0000] {processor.py:208} INFO - Processing /home/airflow/.local/lib/python3.12/site-packages/airflow/example_dags/example_nested_branch_dag.py took 0.101 seconds
[2024-12-29T00:37:22.592+0000] {processor.py:186} INFO - Started process (PID=2312) to work on /home/airflow/.local/lib/python3.12/site-packages/airflow/example_dags/example_nested_branch_dag.py
[2024-12-29T00:37:22.594+0000] {processor.py:914} INFO - Processing file /home/airflow/.local/lib/python3.12/site-packages/airflow/example_dags/example_nested_branch_dag.py for tasks to queue
[2024-12-29T00:37:22.597+0000] {logging_mixin.py:190} INFO - [2024-12-29T00:37:22.596+0000] {dagbag.py:588} INFO - Filling up the DagBag from /home/airflow/.local/lib/python3.12/site-packages/airflow/example_dags/example_nested_branch_dag.py
[2024-12-29T00:37:22.609+0000] {processor.py:925} INFO - DAG(s) 'example_nested_branch_dag' retrieved from /home/airflow/.local/lib/python3.12/site-packages/airflow/example_dags/example_nested_branch_dag.py
[2024-12-29T00:37:22.639+0000] {logging_mixin.py:190} INFO - [2024-12-29T00:37:22.638+0000] {dag.py:3239} INFO - Sync 1 DAGs
[2024-12-29T00:37:22.670+0000] {logging_mixin.py:190} INFO - [2024-12-29T00:37:22.669+0000] {dag.py:4180} INFO - Setting next_dagrun for example_nested_branch_dag to 2024-12-28 00:00:00+00:00, run_after=2024-12-29 00:00:00+00:00
[2024-12-29T00:37:22.697+0000] {processor.py:208} INFO - Processing /home/airflow/.local/lib/python3.12/site-packages/airflow/example_dags/example_nested_branch_dag.py took 0.112 seconds
[2024-12-29T00:37:53.229+0000] {processor.py:186} INFO - Started process (PID=2377) to work on /home/airflow/.local/lib/python3.12/site-packages/airflow/example_dags/example_nested_branch_dag.py
[2024-12-29T00:37:53.231+0000] {processor.py:914} INFO - Processing file /home/airflow/.local/lib/python3.12/site-packages/airflow/example_dags/example_nested_branch_dag.py for tasks to queue
[2024-12-29T00:37:53.234+0000] {logging_mixin.py:190} INFO - [2024-12-29T00:37:53.233+0000] {dagbag.py:588} INFO - Filling up the DagBag from /home/airflow/.local/lib/python3.12/site-packages/airflow/example_dags/example_nested_branch_dag.py
[2024-12-29T00:37:53.248+0000] {processor.py:925} INFO - DAG(s) 'example_nested_branch_dag' retrieved from /home/airflow/.local/lib/python3.12/site-packages/airflow/example_dags/example_nested_branch_dag.py
[2024-12-29T00:37:53.280+0000] {logging_mixin.py:190} INFO - [2024-12-29T00:37:53.280+0000] {dag.py:3239} INFO - Sync 1 DAGs
[2024-12-29T00:37:53.316+0000] {logging_mixin.py:190} INFO - [2024-12-29T00:37:53.315+0000] {dag.py:4180} INFO - Setting next_dagrun for example_nested_branch_dag to 2024-12-28 00:00:00+00:00, run_after=2024-12-29 00:00:00+00:00
[2024-12-29T00:37:53.356+0000] {processor.py:208} INFO - Processing /home/airflow/.local/lib/python3.12/site-packages/airflow/example_dags/example_nested_branch_dag.py took 0.134 seconds
[2024-12-29T00:38:23.581+0000] {processor.py:186} INFO - Started process (PID=2441) to work on /home/airflow/.local/lib/python3.12/site-packages/airflow/example_dags/example_nested_branch_dag.py
[2024-12-29T00:38:23.583+0000] {processor.py:914} INFO - Processing file /home/airflow/.local/lib/python3.12/site-packages/airflow/example_dags/example_nested_branch_dag.py for tasks to queue
[2024-12-29T00:38:23.585+0000] {logging_mixin.py:190} INFO - [2024-12-29T00:38:23.585+0000] {dagbag.py:588} INFO - Filling up the DagBag from /home/airflow/.local/lib/python3.12/site-packages/airflow/example_dags/example_nested_branch_dag.py
[2024-12-29T00:38:23.601+0000] {processor.py:925} INFO - DAG(s) 'example_nested_branch_dag' retrieved from /home/airflow/.local/lib/python3.12/site-packages/airflow/example_dags/example_nested_branch_dag.py
[2024-12-29T00:38:23.638+0000] {logging_mixin.py:190} INFO - [2024-12-29T00:38:23.637+0000] {dag.py:3239} INFO - Sync 1 DAGs
[2024-12-29T00:38:23.669+0000] {logging_mixin.py:190} INFO - [2024-12-29T00:38:23.669+0000] {dag.py:4180} INFO - Setting next_dagrun for example_nested_branch_dag to 2024-12-28 00:00:00+00:00, run_after=2024-12-29 00:00:00+00:00
[2024-12-29T00:38:23.700+0000] {processor.py:208} INFO - Processing /home/airflow/.local/lib/python3.12/site-packages/airflow/example_dags/example_nested_branch_dag.py took 0.127 seconds
