[2024-12-29T00:04:03.987+0000] {processor.py:186} INFO - Started process (PID=136) to work on /home/airflow/.local/lib/python3.12/site-packages/airflow/example_dags/tutorial.py
[2024-12-29T00:04:03.988+0000] {processor.py:914} INFO - Processing file /home/airflow/.local/lib/python3.12/site-packages/airflow/example_dags/tutorial.py for tasks to queue
[2024-12-29T00:04:03.991+0000] {logging_mixin.py:190} INFO - [2024-12-29T00:04:03.991+0000] {dagbag.py:588} INFO - Filling up the DagBag from /home/airflow/.local/lib/python3.12/site-packages/airflow/example_dags/tutorial.py
[2024-12-29T00:04:04.002+0000] {processor.py:925} INFO - DAG(s) 'tutorial' retrieved from /home/airflow/.local/lib/python3.12/site-packages/airflow/example_dags/tutorial.py
[2024-12-29T00:04:04.192+0000] {logging_mixin.py:190} INFO - [2024-12-29T00:04:04.191+0000] {override.py:1911} INFO - Created Permission View: can read on DAG:tutorial
[2024-12-29T00:04:04.214+0000] {logging_mixin.py:190} INFO - [2024-12-29T00:04:04.214+0000] {override.py:1911} INFO - Created Permission View: can edit on DAG:tutorial
[2024-12-29T00:04:04.228+0000] {logging_mixin.py:190} INFO - [2024-12-29T00:04:04.228+0000] {override.py:1911} INFO - Created Permission View: can delete on DAG:tutorial
[2024-12-29T00:04:04.247+0000] {logging_mixin.py:190} INFO - [2024-12-29T00:04:04.246+0000] {override.py:1911} INFO - Created Permission View: can create on DAG Run:tutorial
[2024-12-29T00:04:04.260+0000] {logging_mixin.py:190} INFO - [2024-12-29T00:04:04.259+0000] {override.py:1911} INFO - Created Permission View: can read on DAG Run:tutorial
[2024-12-29T00:04:04.272+0000] {logging_mixin.py:190} INFO - [2024-12-29T00:04:04.271+0000] {override.py:1911} INFO - Created Permission View: can delete on DAG Run:tutorial
[2024-12-29T00:04:04.284+0000] {logging_mixin.py:190} INFO - [2024-12-29T00:04:04.284+0000] {override.py:1911} INFO - Created Permission View: menu access on DAG Run:tutorial
[2024-12-29T00:04:04.285+0000] {logging_mixin.py:190} INFO - [2024-12-29T00:04:04.284+0000] {dag.py:3239} INFO - Sync 1 DAGs
[2024-12-29T00:04:04.300+0000] {logging_mixin.py:190} INFO - [2024-12-29T00:04:04.299+0000] {dag.py:3262} INFO - Creating ORM DAG for tutorial
[2024-12-29T00:04:04.314+0000] {logging_mixin.py:190} INFO - [2024-12-29T00:04:04.313+0000] {dag.py:4180} INFO - Setting next_dagrun for tutorial to 2024-12-28 00:00:00+00:00, run_after=2024-12-29 00:00:00+00:00
[2024-12-29T00:04:04.339+0000] {processor.py:208} INFO - Processing /home/airflow/.local/lib/python3.12/site-packages/airflow/example_dags/tutorial.py took 0.359 seconds
[2024-12-29T00:04:34.909+0000] {processor.py:186} INFO - Started process (PID=200) to work on /home/airflow/.local/lib/python3.12/site-packages/airflow/example_dags/tutorial.py
[2024-12-29T00:04:34.912+0000] {processor.py:914} INFO - Processing file /home/airflow/.local/lib/python3.12/site-packages/airflow/example_dags/tutorial.py for tasks to queue
[2024-12-29T00:04:34.916+0000] {logging_mixin.py:190} INFO - [2024-12-29T00:04:34.915+0000] {dagbag.py:588} INFO - Filling up the DagBag from /home/airflow/.local/lib/python3.12/site-packages/airflow/example_dags/tutorial.py
[2024-12-29T00:04:34.928+0000] {processor.py:925} INFO - DAG(s) 'tutorial' retrieved from /home/airflow/.local/lib/python3.12/site-packages/airflow/example_dags/tutorial.py
[2024-12-29T00:04:34.957+0000] {logging_mixin.py:190} INFO - [2024-12-29T00:04:34.957+0000] {dag.py:3239} INFO - Sync 1 DAGs
[2024-12-29T00:04:34.989+0000] {logging_mixin.py:190} INFO - [2024-12-29T00:04:34.989+0000] {dag.py:4180} INFO - Setting next_dagrun for tutorial to 2024-12-28 00:00:00+00:00, run_after=2024-12-29 00:00:00+00:00
[2024-12-29T00:04:35.018+0000] {processor.py:208} INFO - Processing /home/airflow/.local/lib/python3.12/site-packages/airflow/example_dags/tutorial.py took 0.119 seconds
[2024-12-29T00:05:05.773+0000] {processor.py:186} INFO - Started process (PID=263) to work on /home/airflow/.local/lib/python3.12/site-packages/airflow/example_dags/tutorial.py
[2024-12-29T00:05:05.775+0000] {processor.py:914} INFO - Processing file /home/airflow/.local/lib/python3.12/site-packages/airflow/example_dags/tutorial.py for tasks to queue
[2024-12-29T00:05:05.778+0000] {logging_mixin.py:190} INFO - [2024-12-29T00:05:05.777+0000] {dagbag.py:588} INFO - Filling up the DagBag from /home/airflow/.local/lib/python3.12/site-packages/airflow/example_dags/tutorial.py
[2024-12-29T00:05:05.792+0000] {processor.py:925} INFO - DAG(s) 'tutorial' retrieved from /home/airflow/.local/lib/python3.12/site-packages/airflow/example_dags/tutorial.py
[2024-12-29T00:05:05.823+0000] {logging_mixin.py:190} INFO - [2024-12-29T00:05:05.822+0000] {dag.py:3239} INFO - Sync 1 DAGs
[2024-12-29T00:05:05.859+0000] {logging_mixin.py:190} INFO - [2024-12-29T00:05:05.858+0000] {dag.py:4180} INFO - Setting next_dagrun for tutorial to 2024-12-28 00:00:00+00:00, run_after=2024-12-29 00:00:00+00:00
[2024-12-29T00:05:05.891+0000] {processor.py:208} INFO - Processing /home/airflow/.local/lib/python3.12/site-packages/airflow/example_dags/tutorial.py took 0.127 seconds
[2024-12-29T00:05:36.002+0000] {processor.py:186} INFO - Started process (PID=327) to work on /home/airflow/.local/lib/python3.12/site-packages/airflow/example_dags/tutorial.py
[2024-12-29T00:05:36.004+0000] {processor.py:914} INFO - Processing file /home/airflow/.local/lib/python3.12/site-packages/airflow/example_dags/tutorial.py for tasks to queue
[2024-12-29T00:05:36.006+0000] {logging_mixin.py:190} INFO - [2024-12-29T00:05:36.005+0000] {dagbag.py:588} INFO - Filling up the DagBag from /home/airflow/.local/lib/python3.12/site-packages/airflow/example_dags/tutorial.py
[2024-12-29T00:05:36.014+0000] {processor.py:925} INFO - DAG(s) 'tutorial' retrieved from /home/airflow/.local/lib/python3.12/site-packages/airflow/example_dags/tutorial.py
[2024-12-29T00:05:36.040+0000] {logging_mixin.py:190} INFO - [2024-12-29T00:05:36.040+0000] {dag.py:3239} INFO - Sync 1 DAGs
[2024-12-29T00:05:36.068+0000] {logging_mixin.py:190} INFO - [2024-12-29T00:05:36.068+0000] {dag.py:4180} INFO - Setting next_dagrun for tutorial to 2024-12-28 00:00:00+00:00, run_after=2024-12-29 00:00:00+00:00
[2024-12-29T00:05:36.092+0000] {processor.py:208} INFO - Processing /home/airflow/.local/lib/python3.12/site-packages/airflow/example_dags/tutorial.py took 0.096 seconds
[2024-12-29T00:06:06.217+0000] {processor.py:186} INFO - Started process (PID=391) to work on /home/airflow/.local/lib/python3.12/site-packages/airflow/example_dags/tutorial.py
[2024-12-29T00:06:06.218+0000] {processor.py:914} INFO - Processing file /home/airflow/.local/lib/python3.12/site-packages/airflow/example_dags/tutorial.py for tasks to queue
[2024-12-29T00:06:06.220+0000] {logging_mixin.py:190} INFO - [2024-12-29T00:06:06.220+0000] {dagbag.py:588} INFO - Filling up the DagBag from /home/airflow/.local/lib/python3.12/site-packages/airflow/example_dags/tutorial.py
[2024-12-29T00:06:06.228+0000] {processor.py:925} INFO - DAG(s) 'tutorial' retrieved from /home/airflow/.local/lib/python3.12/site-packages/airflow/example_dags/tutorial.py
[2024-12-29T00:06:06.253+0000] {logging_mixin.py:190} INFO - [2024-12-29T00:06:06.252+0000] {dag.py:3239} INFO - Sync 1 DAGs
[2024-12-29T00:06:06.278+0000] {logging_mixin.py:190} INFO - [2024-12-29T00:06:06.278+0000] {dag.py:4180} INFO - Setting next_dagrun for tutorial to 2024-12-28 00:00:00+00:00, run_after=2024-12-29 00:00:00+00:00
[2024-12-29T00:06:06.302+0000] {processor.py:208} INFO - Processing /home/airflow/.local/lib/python3.12/site-packages/airflow/example_dags/tutorial.py took 0.091 seconds
[2024-12-29T00:06:37.887+0000] {processor.py:186} INFO - Started process (PID=455) to work on /home/airflow/.local/lib/python3.12/site-packages/airflow/example_dags/tutorial.py
[2024-12-29T00:06:37.888+0000] {processor.py:914} INFO - Processing file /home/airflow/.local/lib/python3.12/site-packages/airflow/example_dags/tutorial.py for tasks to queue
[2024-12-29T00:06:37.890+0000] {logging_mixin.py:190} INFO - [2024-12-29T00:06:37.890+0000] {dagbag.py:588} INFO - Filling up the DagBag from /home/airflow/.local/lib/python3.12/site-packages/airflow/example_dags/tutorial.py
[2024-12-29T00:06:37.900+0000] {processor.py:925} INFO - DAG(s) 'tutorial' retrieved from /home/airflow/.local/lib/python3.12/site-packages/airflow/example_dags/tutorial.py
[2024-12-29T00:06:37.929+0000] {logging_mixin.py:190} INFO - [2024-12-29T00:06:37.928+0000] {dag.py:3239} INFO - Sync 1 DAGs
[2024-12-29T00:06:37.958+0000] {logging_mixin.py:190} INFO - [2024-12-29T00:06:37.958+0000] {dag.py:4180} INFO - Setting next_dagrun for tutorial to 2024-12-28 00:00:00+00:00, run_after=2024-12-29 00:00:00+00:00
[2024-12-29T00:06:37.987+0000] {processor.py:208} INFO - Processing /home/airflow/.local/lib/python3.12/site-packages/airflow/example_dags/tutorial.py took 0.107 seconds
[2024-12-29T00:07:09.775+0000] {processor.py:186} INFO - Started process (PID=519) to work on /home/airflow/.local/lib/python3.12/site-packages/airflow/example_dags/tutorial.py
[2024-12-29T00:07:09.777+0000] {processor.py:914} INFO - Processing file /home/airflow/.local/lib/python3.12/site-packages/airflow/example_dags/tutorial.py for tasks to queue
[2024-12-29T00:07:09.780+0000] {logging_mixin.py:190} INFO - [2024-12-29T00:07:09.779+0000] {dagbag.py:588} INFO - Filling up the DagBag from /home/airflow/.local/lib/python3.12/site-packages/airflow/example_dags/tutorial.py
[2024-12-29T00:07:09.791+0000] {processor.py:925} INFO - DAG(s) 'tutorial' retrieved from /home/airflow/.local/lib/python3.12/site-packages/airflow/example_dags/tutorial.py
[2024-12-29T00:07:09.820+0000] {logging_mixin.py:190} INFO - [2024-12-29T00:07:09.819+0000] {dag.py:3239} INFO - Sync 1 DAGs
[2024-12-29T00:07:09.852+0000] {logging_mixin.py:190} INFO - [2024-12-29T00:07:09.851+0000] {dag.py:4180} INFO - Setting next_dagrun for tutorial to 2024-12-28 00:00:00+00:00, run_after=2024-12-29 00:00:00+00:00
[2024-12-29T00:07:09.883+0000] {processor.py:208} INFO - Processing /home/airflow/.local/lib/python3.12/site-packages/airflow/example_dags/tutorial.py took 0.119 seconds
[2024-12-29T00:07:41.520+0000] {processor.py:186} INFO - Started process (PID=584) to work on /home/airflow/.local/lib/python3.12/site-packages/airflow/example_dags/tutorial.py
[2024-12-29T00:07:41.522+0000] {processor.py:914} INFO - Processing file /home/airflow/.local/lib/python3.12/site-packages/airflow/example_dags/tutorial.py for tasks to queue
[2024-12-29T00:07:41.524+0000] {logging_mixin.py:190} INFO - [2024-12-29T00:07:41.524+0000] {dagbag.py:588} INFO - Filling up the DagBag from /home/airflow/.local/lib/python3.12/site-packages/airflow/example_dags/tutorial.py
[2024-12-29T00:07:41.533+0000] {processor.py:925} INFO - DAG(s) 'tutorial' retrieved from /home/airflow/.local/lib/python3.12/site-packages/airflow/example_dags/tutorial.py
[2024-12-29T00:07:41.560+0000] {logging_mixin.py:190} INFO - [2024-12-29T00:07:41.559+0000] {dag.py:3239} INFO - Sync 1 DAGs
[2024-12-29T00:07:41.590+0000] {logging_mixin.py:190} INFO - [2024-12-29T00:07:41.589+0000] {dag.py:4180} INFO - Setting next_dagrun for tutorial to 2024-12-28 00:00:00+00:00, run_after=2024-12-29 00:00:00+00:00
[2024-12-29T00:07:41.617+0000] {processor.py:208} INFO - Processing /home/airflow/.local/lib/python3.12/site-packages/airflow/example_dags/tutorial.py took 0.104 seconds
[2024-12-29T00:08:12.703+0000] {processor.py:186} INFO - Started process (PID=653) to work on /home/airflow/.local/lib/python3.12/site-packages/airflow/example_dags/tutorial.py
[2024-12-29T00:08:12.704+0000] {processor.py:914} INFO - Processing file /home/airflow/.local/lib/python3.12/site-packages/airflow/example_dags/tutorial.py for tasks to queue
[2024-12-29T00:08:12.708+0000] {logging_mixin.py:190} INFO - [2024-12-29T00:08:12.707+0000] {dagbag.py:588} INFO - Filling up the DagBag from /home/airflow/.local/lib/python3.12/site-packages/airflow/example_dags/tutorial.py
[2024-12-29T00:08:12.718+0000] {processor.py:925} INFO - DAG(s) 'tutorial' retrieved from /home/airflow/.local/lib/python3.12/site-packages/airflow/example_dags/tutorial.py
[2024-12-29T00:08:12.750+0000] {logging_mixin.py:190} INFO - [2024-12-29T00:08:12.750+0000] {dag.py:3239} INFO - Sync 1 DAGs
[2024-12-29T00:08:12.784+0000] {logging_mixin.py:190} INFO - [2024-12-29T00:08:12.783+0000] {dag.py:4180} INFO - Setting next_dagrun for tutorial to 2024-12-28 00:00:00+00:00, run_after=2024-12-29 00:00:00+00:00
[2024-12-29T00:08:12.817+0000] {processor.py:208} INFO - Processing /home/airflow/.local/lib/python3.12/site-packages/airflow/example_dags/tutorial.py took 0.122 seconds
[2024-12-29T00:08:44.855+0000] {processor.py:186} INFO - Started process (PID=717) to work on /home/airflow/.local/lib/python3.12/site-packages/airflow/example_dags/tutorial.py
[2024-12-29T00:08:44.857+0000] {processor.py:914} INFO - Processing file /home/airflow/.local/lib/python3.12/site-packages/airflow/example_dags/tutorial.py for tasks to queue
[2024-12-29T00:08:44.859+0000] {logging_mixin.py:190} INFO - [2024-12-29T00:08:44.859+0000] {dagbag.py:588} INFO - Filling up the DagBag from /home/airflow/.local/lib/python3.12/site-packages/airflow/example_dags/tutorial.py
[2024-12-29T00:08:44.867+0000] {processor.py:925} INFO - DAG(s) 'tutorial' retrieved from /home/airflow/.local/lib/python3.12/site-packages/airflow/example_dags/tutorial.py
[2024-12-29T00:08:44.893+0000] {logging_mixin.py:190} INFO - [2024-12-29T00:08:44.893+0000] {dag.py:3239} INFO - Sync 1 DAGs
[2024-12-29T00:08:44.923+0000] {logging_mixin.py:190} INFO - [2024-12-29T00:08:44.923+0000] {dag.py:4180} INFO - Setting next_dagrun for tutorial to 2024-12-28 00:00:00+00:00, run_after=2024-12-29 00:00:00+00:00
[2024-12-29T00:08:44.949+0000] {processor.py:208} INFO - Processing /home/airflow/.local/lib/python3.12/site-packages/airflow/example_dags/tutorial.py took 0.100 seconds
[2024-12-29T00:09:16.230+0000] {processor.py:186} INFO - Started process (PID=781) to work on /home/airflow/.local/lib/python3.12/site-packages/airflow/example_dags/tutorial.py
[2024-12-29T00:09:16.232+0000] {processor.py:914} INFO - Processing file /home/airflow/.local/lib/python3.12/site-packages/airflow/example_dags/tutorial.py for tasks to queue
[2024-12-29T00:09:16.235+0000] {logging_mixin.py:190} INFO - [2024-12-29T00:09:16.235+0000] {dagbag.py:588} INFO - Filling up the DagBag from /home/airflow/.local/lib/python3.12/site-packages/airflow/example_dags/tutorial.py
[2024-12-29T00:09:16.245+0000] {processor.py:925} INFO - DAG(s) 'tutorial' retrieved from /home/airflow/.local/lib/python3.12/site-packages/airflow/example_dags/tutorial.py
[2024-12-29T00:09:16.284+0000] {logging_mixin.py:190} INFO - [2024-12-29T00:09:16.284+0000] {dag.py:3239} INFO - Sync 1 DAGs
[2024-12-29T00:09:16.317+0000] {logging_mixin.py:190} INFO - [2024-12-29T00:09:16.317+0000] {dag.py:4180} INFO - Setting next_dagrun for tutorial to 2024-12-28 00:00:00+00:00, run_after=2024-12-29 00:00:00+00:00
[2024-12-29T00:09:16.345+0000] {processor.py:208} INFO - Processing /home/airflow/.local/lib/python3.12/site-packages/airflow/example_dags/tutorial.py took 0.122 seconds
[2024-12-29T00:09:47.584+0000] {processor.py:186} INFO - Started process (PID=846) to work on /home/airflow/.local/lib/python3.12/site-packages/airflow/example_dags/tutorial.py
[2024-12-29T00:09:47.586+0000] {processor.py:914} INFO - Processing file /home/airflow/.local/lib/python3.12/site-packages/airflow/example_dags/tutorial.py for tasks to queue
[2024-12-29T00:09:47.588+0000] {logging_mixin.py:190} INFO - [2024-12-29T00:09:47.588+0000] {dagbag.py:588} INFO - Filling up the DagBag from /home/airflow/.local/lib/python3.12/site-packages/airflow/example_dags/tutorial.py
[2024-12-29T00:09:47.597+0000] {processor.py:925} INFO - DAG(s) 'tutorial' retrieved from /home/airflow/.local/lib/python3.12/site-packages/airflow/example_dags/tutorial.py
[2024-12-29T00:09:47.626+0000] {logging_mixin.py:190} INFO - [2024-12-29T00:09:47.626+0000] {dag.py:3239} INFO - Sync 1 DAGs
[2024-12-29T00:09:47.654+0000] {logging_mixin.py:190} INFO - [2024-12-29T00:09:47.654+0000] {dag.py:4180} INFO - Setting next_dagrun for tutorial to 2024-12-28 00:00:00+00:00, run_after=2024-12-29 00:00:00+00:00
[2024-12-29T00:09:47.679+0000] {processor.py:208} INFO - Processing /home/airflow/.local/lib/python3.12/site-packages/airflow/example_dags/tutorial.py took 0.101 seconds
[2024-12-29T00:10:19.494+0000] {processor.py:186} INFO - Started process (PID=911) to work on /home/airflow/.local/lib/python3.12/site-packages/airflow/example_dags/tutorial.py
[2024-12-29T00:10:19.496+0000] {processor.py:914} INFO - Processing file /home/airflow/.local/lib/python3.12/site-packages/airflow/example_dags/tutorial.py for tasks to queue
[2024-12-29T00:10:19.498+0000] {logging_mixin.py:190} INFO - [2024-12-29T00:10:19.498+0000] {dagbag.py:588} INFO - Filling up the DagBag from /home/airflow/.local/lib/python3.12/site-packages/airflow/example_dags/tutorial.py
[2024-12-29T00:10:19.507+0000] {processor.py:925} INFO - DAG(s) 'tutorial' retrieved from /home/airflow/.local/lib/python3.12/site-packages/airflow/example_dags/tutorial.py
[2024-12-29T00:10:19.532+0000] {logging_mixin.py:190} INFO - [2024-12-29T00:10:19.532+0000] {dag.py:3239} INFO - Sync 1 DAGs
[2024-12-29T00:10:19.561+0000] {logging_mixin.py:190} INFO - [2024-12-29T00:10:19.561+0000] {dag.py:4180} INFO - Setting next_dagrun for tutorial to 2024-12-28 00:00:00+00:00, run_after=2024-12-29 00:00:00+00:00
[2024-12-29T00:10:19.588+0000] {processor.py:208} INFO - Processing /home/airflow/.local/lib/python3.12/site-packages/airflow/example_dags/tutorial.py took 0.099 seconds
[2024-12-29T00:10:50.647+0000] {processor.py:186} INFO - Started process (PID=976) to work on /home/airflow/.local/lib/python3.12/site-packages/airflow/example_dags/tutorial.py
[2024-12-29T00:10:50.649+0000] {processor.py:914} INFO - Processing file /home/airflow/.local/lib/python3.12/site-packages/airflow/example_dags/tutorial.py for tasks to queue
[2024-12-29T00:10:50.652+0000] {logging_mixin.py:190} INFO - [2024-12-29T00:10:50.652+0000] {dagbag.py:588} INFO - Filling up the DagBag from /home/airflow/.local/lib/python3.12/site-packages/airflow/example_dags/tutorial.py
[2024-12-29T00:10:50.661+0000] {processor.py:925} INFO - DAG(s) 'tutorial' retrieved from /home/airflow/.local/lib/python3.12/site-packages/airflow/example_dags/tutorial.py
[2024-12-29T00:10:50.686+0000] {logging_mixin.py:190} INFO - [2024-12-29T00:10:50.685+0000] {dag.py:3239} INFO - Sync 1 DAGs
[2024-12-29T00:10:50.713+0000] {logging_mixin.py:190} INFO - [2024-12-29T00:10:50.713+0000] {dag.py:4180} INFO - Setting next_dagrun for tutorial to 2024-12-28 00:00:00+00:00, run_after=2024-12-29 00:00:00+00:00
[2024-12-29T00:10:50.737+0000] {processor.py:208} INFO - Processing /home/airflow/.local/lib/python3.12/site-packages/airflow/example_dags/tutorial.py took 0.095 seconds
[2024-12-29T00:11:22.313+0000] {processor.py:186} INFO - Started process (PID=1040) to work on /home/airflow/.local/lib/python3.12/site-packages/airflow/example_dags/tutorial.py
[2024-12-29T00:11:22.315+0000] {processor.py:914} INFO - Processing file /home/airflow/.local/lib/python3.12/site-packages/airflow/example_dags/tutorial.py for tasks to queue
[2024-12-29T00:11:22.318+0000] {logging_mixin.py:190} INFO - [2024-12-29T00:11:22.317+0000] {dagbag.py:588} INFO - Filling up the DagBag from /home/airflow/.local/lib/python3.12/site-packages/airflow/example_dags/tutorial.py
[2024-12-29T00:11:22.328+0000] {processor.py:925} INFO - DAG(s) 'tutorial' retrieved from /home/airflow/.local/lib/python3.12/site-packages/airflow/example_dags/tutorial.py
[2024-12-29T00:11:22.358+0000] {logging_mixin.py:190} INFO - [2024-12-29T00:11:22.358+0000] {dag.py:3239} INFO - Sync 1 DAGs
[2024-12-29T00:11:22.391+0000] {logging_mixin.py:190} INFO - [2024-12-29T00:11:22.390+0000] {dag.py:4180} INFO - Setting next_dagrun for tutorial to 2024-12-28 00:00:00+00:00, run_after=2024-12-29 00:00:00+00:00
[2024-12-29T00:11:22.422+0000] {processor.py:208} INFO - Processing /home/airflow/.local/lib/python3.12/site-packages/airflow/example_dags/tutorial.py took 0.117 seconds
[2024-12-29T00:11:54.905+0000] {processor.py:186} INFO - Started process (PID=1111) to work on /home/airflow/.local/lib/python3.12/site-packages/airflow/example_dags/tutorial.py
[2024-12-29T00:11:54.908+0000] {processor.py:914} INFO - Processing file /home/airflow/.local/lib/python3.12/site-packages/airflow/example_dags/tutorial.py for tasks to queue
[2024-12-29T00:11:54.910+0000] {logging_mixin.py:190} INFO - [2024-12-29T00:11:54.910+0000] {dagbag.py:588} INFO - Filling up the DagBag from /home/airflow/.local/lib/python3.12/site-packages/airflow/example_dags/tutorial.py
[2024-12-29T00:11:54.920+0000] {processor.py:925} INFO - DAG(s) 'tutorial' retrieved from /home/airflow/.local/lib/python3.12/site-packages/airflow/example_dags/tutorial.py
[2024-12-29T00:11:54.948+0000] {logging_mixin.py:190} INFO - [2024-12-29T00:11:54.947+0000] {dag.py:3239} INFO - Sync 1 DAGs
[2024-12-29T00:11:54.975+0000] {logging_mixin.py:190} INFO - [2024-12-29T00:11:54.975+0000] {dag.py:4180} INFO - Setting next_dagrun for tutorial to 2024-12-28 00:00:00+00:00, run_after=2024-12-29 00:00:00+00:00
[2024-12-29T00:11:55.001+0000] {processor.py:208} INFO - Processing /home/airflow/.local/lib/python3.12/site-packages/airflow/example_dags/tutorial.py took 0.102 seconds
[2024-12-29T00:12:29.589+0000] {processor.py:186} INFO - Started process (PID=1175) to work on /home/airflow/.local/lib/python3.12/site-packages/airflow/example_dags/tutorial.py
[2024-12-29T00:12:29.597+0000] {processor.py:914} INFO - Processing file /home/airflow/.local/lib/python3.12/site-packages/airflow/example_dags/tutorial.py for tasks to queue
[2024-12-29T00:12:29.600+0000] {logging_mixin.py:190} INFO - [2024-12-29T00:12:29.599+0000] {dagbag.py:588} INFO - Filling up the DagBag from /home/airflow/.local/lib/python3.12/site-packages/airflow/example_dags/tutorial.py
[2024-12-29T00:12:29.608+0000] {processor.py:925} INFO - DAG(s) 'tutorial' retrieved from /home/airflow/.local/lib/python3.12/site-packages/airflow/example_dags/tutorial.py
[2024-12-29T00:12:29.633+0000] {logging_mixin.py:190} INFO - [2024-12-29T00:12:29.633+0000] {dag.py:3239} INFO - Sync 1 DAGs
[2024-12-29T00:12:29.659+0000] {logging_mixin.py:190} INFO - [2024-12-29T00:12:29.659+0000] {dag.py:4180} INFO - Setting next_dagrun for tutorial to 2024-12-28 00:00:00+00:00, run_after=2024-12-29 00:00:00+00:00
[2024-12-29T00:12:29.718+0000] {processor.py:208} INFO - Processing /home/airflow/.local/lib/python3.12/site-packages/airflow/example_dags/tutorial.py took 0.134 seconds
[2024-12-29T00:13:00.323+0000] {processor.py:186} INFO - Started process (PID=1239) to work on /home/airflow/.local/lib/python3.12/site-packages/airflow/example_dags/tutorial.py
[2024-12-29T00:13:00.325+0000] {processor.py:914} INFO - Processing file /home/airflow/.local/lib/python3.12/site-packages/airflow/example_dags/tutorial.py for tasks to queue
[2024-12-29T00:13:00.327+0000] {logging_mixin.py:190} INFO - [2024-12-29T00:13:00.327+0000] {dagbag.py:588} INFO - Filling up the DagBag from /home/airflow/.local/lib/python3.12/site-packages/airflow/example_dags/tutorial.py
[2024-12-29T00:13:00.338+0000] {processor.py:925} INFO - DAG(s) 'tutorial' retrieved from /home/airflow/.local/lib/python3.12/site-packages/airflow/example_dags/tutorial.py
[2024-12-29T00:13:00.368+0000] {logging_mixin.py:190} INFO - [2024-12-29T00:13:00.368+0000] {dag.py:3239} INFO - Sync 1 DAGs
[2024-12-29T00:13:00.405+0000] {logging_mixin.py:190} INFO - [2024-12-29T00:13:00.405+0000] {dag.py:4180} INFO - Setting next_dagrun for tutorial to 2024-12-28 00:00:00+00:00, run_after=2024-12-29 00:00:00+00:00
[2024-12-29T00:13:00.438+0000] {processor.py:208} INFO - Processing /home/airflow/.local/lib/python3.12/site-packages/airflow/example_dags/tutorial.py took 0.122 seconds
[2024-12-29T00:13:30.972+0000] {processor.py:186} INFO - Started process (PID=1305) to work on /home/airflow/.local/lib/python3.12/site-packages/airflow/example_dags/tutorial.py
[2024-12-29T00:13:30.974+0000] {processor.py:914} INFO - Processing file /home/airflow/.local/lib/python3.12/site-packages/airflow/example_dags/tutorial.py for tasks to queue
[2024-12-29T00:13:30.977+0000] {logging_mixin.py:190} INFO - [2024-12-29T00:13:30.976+0000] {dagbag.py:588} INFO - Filling up the DagBag from /home/airflow/.local/lib/python3.12/site-packages/airflow/example_dags/tutorial.py
[2024-12-29T00:13:30.988+0000] {processor.py:925} INFO - DAG(s) 'tutorial' retrieved from /home/airflow/.local/lib/python3.12/site-packages/airflow/example_dags/tutorial.py
[2024-12-29T00:13:31.019+0000] {logging_mixin.py:190} INFO - [2024-12-29T00:13:31.018+0000] {dag.py:3239} INFO - Sync 1 DAGs
[2024-12-29T00:13:31.052+0000] {logging_mixin.py:190} INFO - [2024-12-29T00:13:31.052+0000] {dag.py:4180} INFO - Setting next_dagrun for tutorial to 2024-12-28 00:00:00+00:00, run_after=2024-12-29 00:00:00+00:00
[2024-12-29T00:13:31.084+0000] {processor.py:208} INFO - Processing /home/airflow/.local/lib/python3.12/site-packages/airflow/example_dags/tutorial.py took 0.118 seconds
[2024-12-29T00:14:01.421+0000] {processor.py:186} INFO - Started process (PID=1370) to work on /home/airflow/.local/lib/python3.12/site-packages/airflow/example_dags/tutorial.py
[2024-12-29T00:14:01.424+0000] {processor.py:914} INFO - Processing file /home/airflow/.local/lib/python3.12/site-packages/airflow/example_dags/tutorial.py for tasks to queue
[2024-12-29T00:14:01.427+0000] {logging_mixin.py:190} INFO - [2024-12-29T00:14:01.426+0000] {dagbag.py:588} INFO - Filling up the DagBag from /home/airflow/.local/lib/python3.12/site-packages/airflow/example_dags/tutorial.py
[2024-12-29T00:14:01.439+0000] {processor.py:925} INFO - DAG(s) 'tutorial' retrieved from /home/airflow/.local/lib/python3.12/site-packages/airflow/example_dags/tutorial.py
[2024-12-29T00:14:01.477+0000] {logging_mixin.py:190} INFO - [2024-12-29T00:14:01.477+0000] {dag.py:3239} INFO - Sync 1 DAGs
[2024-12-29T00:14:01.532+0000] {logging_mixin.py:190} INFO - [2024-12-29T00:14:01.531+0000] {dag.py:4180} INFO - Setting next_dagrun for tutorial to 2024-12-28 00:00:00+00:00, run_after=2024-12-29 00:00:00+00:00
[2024-12-29T00:14:01.576+0000] {processor.py:208} INFO - Processing /home/airflow/.local/lib/python3.12/site-packages/airflow/example_dags/tutorial.py took 0.163 seconds
[2024-12-29T00:14:33.473+0000] {processor.py:186} INFO - Started process (PID=1440) to work on /home/airflow/.local/lib/python3.12/site-packages/airflow/example_dags/tutorial.py
[2024-12-29T00:14:33.475+0000] {processor.py:914} INFO - Processing file /home/airflow/.local/lib/python3.12/site-packages/airflow/example_dags/tutorial.py for tasks to queue
[2024-12-29T00:14:33.478+0000] {logging_mixin.py:190} INFO - [2024-12-29T00:14:33.478+0000] {dagbag.py:588} INFO - Filling up the DagBag from /home/airflow/.local/lib/python3.12/site-packages/airflow/example_dags/tutorial.py
[2024-12-29T00:14:33.489+0000] {processor.py:925} INFO - DAG(s) 'tutorial' retrieved from /home/airflow/.local/lib/python3.12/site-packages/airflow/example_dags/tutorial.py
[2024-12-29T00:14:33.521+0000] {logging_mixin.py:190} INFO - [2024-12-29T00:14:33.521+0000] {dag.py:3239} INFO - Sync 1 DAGs
[2024-12-29T00:14:33.556+0000] {logging_mixin.py:190} INFO - [2024-12-29T00:14:33.556+0000] {dag.py:4180} INFO - Setting next_dagrun for tutorial to 2024-12-28 00:00:00+00:00, run_after=2024-12-29 00:00:00+00:00
[2024-12-29T00:14:33.592+0000] {processor.py:208} INFO - Processing /home/airflow/.local/lib/python3.12/site-packages/airflow/example_dags/tutorial.py took 0.126 seconds
[2024-12-29T00:15:05.742+0000] {processor.py:186} INFO - Started process (PID=1508) to work on /home/airflow/.local/lib/python3.12/site-packages/airflow/example_dags/tutorial.py
[2024-12-29T00:15:05.744+0000] {processor.py:914} INFO - Processing file /home/airflow/.local/lib/python3.12/site-packages/airflow/example_dags/tutorial.py for tasks to queue
[2024-12-29T00:15:05.749+0000] {logging_mixin.py:190} INFO - [2024-12-29T00:15:05.748+0000] {dagbag.py:588} INFO - Filling up the DagBag from /home/airflow/.local/lib/python3.12/site-packages/airflow/example_dags/tutorial.py
[2024-12-29T00:15:05.764+0000] {processor.py:925} INFO - DAG(s) 'tutorial' retrieved from /home/airflow/.local/lib/python3.12/site-packages/airflow/example_dags/tutorial.py
[2024-12-29T00:15:05.802+0000] {logging_mixin.py:190} INFO - [2024-12-29T00:15:05.801+0000] {dag.py:3239} INFO - Sync 1 DAGs
[2024-12-29T00:15:05.839+0000] {logging_mixin.py:190} INFO - [2024-12-29T00:15:05.839+0000] {dag.py:4180} INFO - Setting next_dagrun for tutorial to 2024-12-28 00:00:00+00:00, run_after=2024-12-29 00:00:00+00:00
[2024-12-29T00:15:05.876+0000] {processor.py:208} INFO - Processing /home/airflow/.local/lib/python3.12/site-packages/airflow/example_dags/tutorial.py took 0.146 seconds
[2024-12-29T00:15:36.221+0000] {processor.py:186} INFO - Started process (PID=1573) to work on /home/airflow/.local/lib/python3.12/site-packages/airflow/example_dags/tutorial.py
[2024-12-29T00:15:36.223+0000] {processor.py:914} INFO - Processing file /home/airflow/.local/lib/python3.12/site-packages/airflow/example_dags/tutorial.py for tasks to queue
[2024-12-29T00:15:36.226+0000] {logging_mixin.py:190} INFO - [2024-12-29T00:15:36.225+0000] {dagbag.py:588} INFO - Filling up the DagBag from /home/airflow/.local/lib/python3.12/site-packages/airflow/example_dags/tutorial.py
[2024-12-29T00:15:36.238+0000] {processor.py:925} INFO - DAG(s) 'tutorial' retrieved from /home/airflow/.local/lib/python3.12/site-packages/airflow/example_dags/tutorial.py
[2024-12-29T00:15:36.273+0000] {logging_mixin.py:190} INFO - [2024-12-29T00:15:36.273+0000] {dag.py:3239} INFO - Sync 1 DAGs
[2024-12-29T00:15:36.309+0000] {logging_mixin.py:190} INFO - [2024-12-29T00:15:36.309+0000] {dag.py:4180} INFO - Setting next_dagrun for tutorial to 2024-12-28 00:00:00+00:00, run_after=2024-12-29 00:00:00+00:00
[2024-12-29T00:15:36.344+0000] {processor.py:208} INFO - Processing /home/airflow/.local/lib/python3.12/site-packages/airflow/example_dags/tutorial.py took 0.130 seconds
[2024-12-29T00:16:07.212+0000] {processor.py:186} INFO - Started process (PID=1638) to work on /home/airflow/.local/lib/python3.12/site-packages/airflow/example_dags/tutorial.py
[2024-12-29T00:16:07.214+0000] {processor.py:914} INFO - Processing file /home/airflow/.local/lib/python3.12/site-packages/airflow/example_dags/tutorial.py for tasks to queue
[2024-12-29T00:16:07.217+0000] {logging_mixin.py:190} INFO - [2024-12-29T00:16:07.216+0000] {dagbag.py:588} INFO - Filling up the DagBag from /home/airflow/.local/lib/python3.12/site-packages/airflow/example_dags/tutorial.py
[2024-12-29T00:16:07.228+0000] {processor.py:925} INFO - DAG(s) 'tutorial' retrieved from /home/airflow/.local/lib/python3.12/site-packages/airflow/example_dags/tutorial.py
[2024-12-29T00:16:07.260+0000] {logging_mixin.py:190} INFO - [2024-12-29T00:16:07.260+0000] {dag.py:3239} INFO - Sync 1 DAGs
[2024-12-29T00:16:07.298+0000] {logging_mixin.py:190} INFO - [2024-12-29T00:16:07.298+0000] {dag.py:4180} INFO - Setting next_dagrun for tutorial to 2024-12-28 00:00:00+00:00, run_after=2024-12-29 00:00:00+00:00
[2024-12-29T00:16:07.330+0000] {processor.py:208} INFO - Processing /home/airflow/.local/lib/python3.12/site-packages/airflow/example_dags/tutorial.py took 0.126 seconds
[2024-12-29T00:16:38.751+0000] {processor.py:186} INFO - Started process (PID=1703) to work on /home/airflow/.local/lib/python3.12/site-packages/airflow/example_dags/tutorial.py
[2024-12-29T00:16:38.754+0000] {processor.py:914} INFO - Processing file /home/airflow/.local/lib/python3.12/site-packages/airflow/example_dags/tutorial.py for tasks to queue
[2024-12-29T00:16:38.757+0000] {logging_mixin.py:190} INFO - [2024-12-29T00:16:38.756+0000] {dagbag.py:588} INFO - Filling up the DagBag from /home/airflow/.local/lib/python3.12/site-packages/airflow/example_dags/tutorial.py
[2024-12-29T00:16:38.770+0000] {processor.py:925} INFO - DAG(s) 'tutorial' retrieved from /home/airflow/.local/lib/python3.12/site-packages/airflow/example_dags/tutorial.py
[2024-12-29T00:16:38.802+0000] {logging_mixin.py:190} INFO - [2024-12-29T00:16:38.802+0000] {dag.py:3239} INFO - Sync 1 DAGs
[2024-12-29T00:16:38.838+0000] {logging_mixin.py:190} INFO - [2024-12-29T00:16:38.837+0000] {dag.py:4180} INFO - Setting next_dagrun for tutorial to 2024-12-28 00:00:00+00:00, run_after=2024-12-29 00:00:00+00:00
[2024-12-29T00:16:38.870+0000] {processor.py:208} INFO - Processing /home/airflow/.local/lib/python3.12/site-packages/airflow/example_dags/tutorial.py took 0.129 seconds
[2024-12-29T00:20:02.269+0000] {processor.py:186} INFO - Started process (PID=134) to work on /home/airflow/.local/lib/python3.12/site-packages/airflow/example_dags/tutorial.py
[2024-12-29T00:20:02.271+0000] {processor.py:914} INFO - Processing file /home/airflow/.local/lib/python3.12/site-packages/airflow/example_dags/tutorial.py for tasks to queue
[2024-12-29T00:20:02.275+0000] {logging_mixin.py:190} INFO - [2024-12-29T00:20:02.274+0000] {dagbag.py:588} INFO - Filling up the DagBag from /home/airflow/.local/lib/python3.12/site-packages/airflow/example_dags/tutorial.py
[2024-12-29T00:20:02.289+0000] {processor.py:925} INFO - DAG(s) 'tutorial' retrieved from /home/airflow/.local/lib/python3.12/site-packages/airflow/example_dags/tutorial.py
[2024-12-29T00:20:02.326+0000] {logging_mixin.py:190} INFO - [2024-12-29T00:20:02.326+0000] {dag.py:3239} INFO - Sync 1 DAGs
[2024-12-29T00:20:02.366+0000] {logging_mixin.py:190} INFO - [2024-12-29T00:20:02.366+0000] {dag.py:4180} INFO - Setting next_dagrun for tutorial to 2024-12-28 00:00:00+00:00, run_after=2024-12-29 00:00:00+00:00
[2024-12-29T00:20:02.399+0000] {processor.py:208} INFO - Processing /home/airflow/.local/lib/python3.12/site-packages/airflow/example_dags/tutorial.py took 0.142 seconds
[2024-12-29T00:20:33.708+0000] {processor.py:186} INFO - Started process (PID=198) to work on /home/airflow/.local/lib/python3.12/site-packages/airflow/example_dags/tutorial.py
[2024-12-29T00:20:33.710+0000] {processor.py:914} INFO - Processing file /home/airflow/.local/lib/python3.12/site-packages/airflow/example_dags/tutorial.py for tasks to queue
[2024-12-29T00:20:33.712+0000] {logging_mixin.py:190} INFO - [2024-12-29T00:20:33.712+0000] {dagbag.py:588} INFO - Filling up the DagBag from /home/airflow/.local/lib/python3.12/site-packages/airflow/example_dags/tutorial.py
[2024-12-29T00:20:33.720+0000] {processor.py:925} INFO - DAG(s) 'tutorial' retrieved from /home/airflow/.local/lib/python3.12/site-packages/airflow/example_dags/tutorial.py
[2024-12-29T00:20:33.745+0000] {logging_mixin.py:190} INFO - [2024-12-29T00:20:33.745+0000] {dag.py:3239} INFO - Sync 1 DAGs
[2024-12-29T00:20:33.772+0000] {logging_mixin.py:190} INFO - [2024-12-29T00:20:33.772+0000] {dag.py:4180} INFO - Setting next_dagrun for tutorial to 2024-12-28 00:00:00+00:00, run_after=2024-12-29 00:00:00+00:00
[2024-12-29T00:20:33.800+0000] {processor.py:208} INFO - Processing /home/airflow/.local/lib/python3.12/site-packages/airflow/example_dags/tutorial.py took 0.097 seconds
[2024-12-29T00:21:06.362+0000] {processor.py:186} INFO - Started process (PID=264) to work on /home/airflow/.local/lib/python3.12/site-packages/airflow/example_dags/tutorial.py
[2024-12-29T00:21:06.363+0000] {processor.py:914} INFO - Processing file /home/airflow/.local/lib/python3.12/site-packages/airflow/example_dags/tutorial.py for tasks to queue
[2024-12-29T00:21:06.366+0000] {logging_mixin.py:190} INFO - [2024-12-29T00:21:06.366+0000] {dagbag.py:588} INFO - Filling up the DagBag from /home/airflow/.local/lib/python3.12/site-packages/airflow/example_dags/tutorial.py
[2024-12-29T00:21:06.378+0000] {processor.py:925} INFO - DAG(s) 'tutorial' retrieved from /home/airflow/.local/lib/python3.12/site-packages/airflow/example_dags/tutorial.py
[2024-12-29T00:21:06.415+0000] {logging_mixin.py:190} INFO - [2024-12-29T00:21:06.414+0000] {dag.py:3239} INFO - Sync 1 DAGs
[2024-12-29T00:21:06.458+0000] {logging_mixin.py:190} INFO - [2024-12-29T00:21:06.457+0000] {dag.py:4180} INFO - Setting next_dagrun for tutorial to 2024-12-28 00:00:00+00:00, run_after=2024-12-29 00:00:00+00:00
[2024-12-29T00:21:06.494+0000] {processor.py:208} INFO - Processing /home/airflow/.local/lib/python3.12/site-packages/airflow/example_dags/tutorial.py took 0.138 seconds
[2024-12-29T00:21:37.697+0000] {processor.py:186} INFO - Started process (PID=329) to work on /home/airflow/.local/lib/python3.12/site-packages/airflow/example_dags/tutorial.py
[2024-12-29T00:21:37.698+0000] {processor.py:914} INFO - Processing file /home/airflow/.local/lib/python3.12/site-packages/airflow/example_dags/tutorial.py for tasks to queue
[2024-12-29T00:21:37.701+0000] {logging_mixin.py:190} INFO - [2024-12-29T00:21:37.700+0000] {dagbag.py:588} INFO - Filling up the DagBag from /home/airflow/.local/lib/python3.12/site-packages/airflow/example_dags/tutorial.py
[2024-12-29T00:21:37.709+0000] {processor.py:925} INFO - DAG(s) 'tutorial' retrieved from /home/airflow/.local/lib/python3.12/site-packages/airflow/example_dags/tutorial.py
[2024-12-29T00:21:37.735+0000] {logging_mixin.py:190} INFO - [2024-12-29T00:21:37.735+0000] {dag.py:3239} INFO - Sync 1 DAGs
[2024-12-29T00:21:37.763+0000] {logging_mixin.py:190} INFO - [2024-12-29T00:21:37.763+0000] {dag.py:4180} INFO - Setting next_dagrun for tutorial to 2024-12-28 00:00:00+00:00, run_after=2024-12-29 00:00:00+00:00
[2024-12-29T00:21:37.787+0000] {processor.py:208} INFO - Processing /home/airflow/.local/lib/python3.12/site-packages/airflow/example_dags/tutorial.py took 0.095 seconds
[2024-12-29T00:22:09.581+0000] {processor.py:186} INFO - Started process (PID=399) to work on /home/airflow/.local/lib/python3.12/site-packages/airflow/example_dags/tutorial.py
[2024-12-29T00:22:09.583+0000] {processor.py:914} INFO - Processing file /home/airflow/.local/lib/python3.12/site-packages/airflow/example_dags/tutorial.py for tasks to queue
[2024-12-29T00:22:09.588+0000] {logging_mixin.py:190} INFO - [2024-12-29T00:22:09.587+0000] {dagbag.py:588} INFO - Filling up the DagBag from /home/airflow/.local/lib/python3.12/site-packages/airflow/example_dags/tutorial.py
[2024-12-29T00:22:09.602+0000] {processor.py:925} INFO - DAG(s) 'tutorial' retrieved from /home/airflow/.local/lib/python3.12/site-packages/airflow/example_dags/tutorial.py
[2024-12-29T00:22:09.639+0000] {logging_mixin.py:190} INFO - [2024-12-29T00:22:09.638+0000] {dag.py:3239} INFO - Sync 1 DAGs
[2024-12-29T00:22:09.676+0000] {logging_mixin.py:190} INFO - [2024-12-29T00:22:09.676+0000] {dag.py:4180} INFO - Setting next_dagrun for tutorial to 2024-12-28 00:00:00+00:00, run_after=2024-12-29 00:00:00+00:00
[2024-12-29T00:22:09.708+0000] {processor.py:208} INFO - Processing /home/airflow/.local/lib/python3.12/site-packages/airflow/example_dags/tutorial.py took 0.136 seconds
[2024-12-29T00:22:40.224+0000] {processor.py:186} INFO - Started process (PID=464) to work on /home/airflow/.local/lib/python3.12/site-packages/airflow/example_dags/tutorial.py
[2024-12-29T00:22:40.226+0000] {processor.py:914} INFO - Processing file /home/airflow/.local/lib/python3.12/site-packages/airflow/example_dags/tutorial.py for tasks to queue
[2024-12-29T00:22:40.230+0000] {logging_mixin.py:190} INFO - [2024-12-29T00:22:40.229+0000] {dagbag.py:588} INFO - Filling up the DagBag from /home/airflow/.local/lib/python3.12/site-packages/airflow/example_dags/tutorial.py
[2024-12-29T00:22:40.241+0000] {processor.py:925} INFO - DAG(s) 'tutorial' retrieved from /home/airflow/.local/lib/python3.12/site-packages/airflow/example_dags/tutorial.py
[2024-12-29T00:22:40.274+0000] {logging_mixin.py:190} INFO - [2024-12-29T00:22:40.274+0000] {dag.py:3239} INFO - Sync 1 DAGs
[2024-12-29T00:22:40.313+0000] {logging_mixin.py:190} INFO - [2024-12-29T00:22:40.313+0000] {dag.py:4180} INFO - Setting next_dagrun for tutorial to 2024-12-28 00:00:00+00:00, run_after=2024-12-29 00:00:00+00:00
[2024-12-29T00:22:40.345+0000] {processor.py:208} INFO - Processing /home/airflow/.local/lib/python3.12/site-packages/airflow/example_dags/tutorial.py took 0.127 seconds
[2024-12-29T00:23:13.375+0000] {processor.py:186} INFO - Started process (PID=530) to work on /home/airflow/.local/lib/python3.12/site-packages/airflow/example_dags/tutorial.py
[2024-12-29T00:23:13.381+0000] {processor.py:914} INFO - Processing file /home/airflow/.local/lib/python3.12/site-packages/airflow/example_dags/tutorial.py for tasks to queue
[2024-12-29T00:23:13.384+0000] {logging_mixin.py:190} INFO - [2024-12-29T00:23:13.384+0000] {dagbag.py:588} INFO - Filling up the DagBag from /home/airflow/.local/lib/python3.12/site-packages/airflow/example_dags/tutorial.py
[2024-12-29T00:23:13.394+0000] {processor.py:925} INFO - DAG(s) 'tutorial' retrieved from /home/airflow/.local/lib/python3.12/site-packages/airflow/example_dags/tutorial.py
[2024-12-29T00:23:13.434+0000] {logging_mixin.py:190} INFO - [2024-12-29T00:23:13.433+0000] {dag.py:3239} INFO - Sync 1 DAGs
[2024-12-29T00:23:13.475+0000] {logging_mixin.py:190} INFO - [2024-12-29T00:23:13.475+0000] {dag.py:4180} INFO - Setting next_dagrun for tutorial to 2024-12-28 00:00:00+00:00, run_after=2024-12-29 00:00:00+00:00
[2024-12-29T00:23:13.509+0000] {processor.py:208} INFO - Processing /home/airflow/.local/lib/python3.12/site-packages/airflow/example_dags/tutorial.py took 0.141 seconds
[2024-12-29T00:23:44.681+0000] {processor.py:186} INFO - Started process (PID=596) to work on /home/airflow/.local/lib/python3.12/site-packages/airflow/example_dags/tutorial.py
[2024-12-29T00:23:44.683+0000] {processor.py:914} INFO - Processing file /home/airflow/.local/lib/python3.12/site-packages/airflow/example_dags/tutorial.py for tasks to queue
[2024-12-29T00:23:44.686+0000] {logging_mixin.py:190} INFO - [2024-12-29T00:23:44.686+0000] {dagbag.py:588} INFO - Filling up the DagBag from /home/airflow/.local/lib/python3.12/site-packages/airflow/example_dags/tutorial.py
[2024-12-29T00:23:44.696+0000] {processor.py:925} INFO - DAG(s) 'tutorial' retrieved from /home/airflow/.local/lib/python3.12/site-packages/airflow/example_dags/tutorial.py
[2024-12-29T00:23:44.726+0000] {logging_mixin.py:190} INFO - [2024-12-29T00:23:44.726+0000] {dag.py:3239} INFO - Sync 1 DAGs
[2024-12-29T00:23:44.758+0000] {logging_mixin.py:190} INFO - [2024-12-29T00:23:44.758+0000] {dag.py:4180} INFO - Setting next_dagrun for tutorial to 2024-12-28 00:00:00+00:00, run_after=2024-12-29 00:00:00+00:00
[2024-12-29T00:23:44.787+0000] {processor.py:208} INFO - Processing /home/airflow/.local/lib/python3.12/site-packages/airflow/example_dags/tutorial.py took 0.112 seconds
[2024-12-29T00:24:15.510+0000] {processor.py:186} INFO - Started process (PID=660) to work on /home/airflow/.local/lib/python3.12/site-packages/airflow/example_dags/tutorial.py
[2024-12-29T00:24:15.512+0000] {processor.py:914} INFO - Processing file /home/airflow/.local/lib/python3.12/site-packages/airflow/example_dags/tutorial.py for tasks to queue
[2024-12-29T00:24:15.515+0000] {logging_mixin.py:190} INFO - [2024-12-29T00:24:15.514+0000] {dagbag.py:588} INFO - Filling up the DagBag from /home/airflow/.local/lib/python3.12/site-packages/airflow/example_dags/tutorial.py
[2024-12-29T00:24:15.525+0000] {processor.py:925} INFO - DAG(s) 'tutorial' retrieved from /home/airflow/.local/lib/python3.12/site-packages/airflow/example_dags/tutorial.py
[2024-12-29T00:24:15.555+0000] {logging_mixin.py:190} INFO - [2024-12-29T00:24:15.555+0000] {dag.py:3239} INFO - Sync 1 DAGs
[2024-12-29T00:24:15.582+0000] {logging_mixin.py:190} INFO - [2024-12-29T00:24:15.582+0000] {dag.py:4180} INFO - Setting next_dagrun for tutorial to 2024-12-28 00:00:00+00:00, run_after=2024-12-29 00:00:00+00:00
[2024-12-29T00:24:15.610+0000] {processor.py:208} INFO - Processing /home/airflow/.local/lib/python3.12/site-packages/airflow/example_dags/tutorial.py took 0.106 seconds
[2024-12-29T00:24:46.764+0000] {processor.py:186} INFO - Started process (PID=725) to work on /home/airflow/.local/lib/python3.12/site-packages/airflow/example_dags/tutorial.py
[2024-12-29T00:24:46.765+0000] {processor.py:914} INFO - Processing file /home/airflow/.local/lib/python3.12/site-packages/airflow/example_dags/tutorial.py for tasks to queue
[2024-12-29T00:24:46.768+0000] {logging_mixin.py:190} INFO - [2024-12-29T00:24:46.767+0000] {dagbag.py:588} INFO - Filling up the DagBag from /home/airflow/.local/lib/python3.12/site-packages/airflow/example_dags/tutorial.py
[2024-12-29T00:24:46.777+0000] {processor.py:925} INFO - DAG(s) 'tutorial' retrieved from /home/airflow/.local/lib/python3.12/site-packages/airflow/example_dags/tutorial.py
[2024-12-29T00:24:46.807+0000] {logging_mixin.py:190} INFO - [2024-12-29T00:24:46.806+0000] {dag.py:3239} INFO - Sync 1 DAGs
[2024-12-29T00:24:46.842+0000] {logging_mixin.py:190} INFO - [2024-12-29T00:24:46.842+0000] {dag.py:4180} INFO - Setting next_dagrun for tutorial to 2024-12-28 00:00:00+00:00, run_after=2024-12-29 00:00:00+00:00
[2024-12-29T00:24:46.872+0000] {processor.py:208} INFO - Processing /home/airflow/.local/lib/python3.12/site-packages/airflow/example_dags/tutorial.py took 0.115 seconds
[2024-12-29T00:25:17.954+0000] {processor.py:186} INFO - Started process (PID=790) to work on /home/airflow/.local/lib/python3.12/site-packages/airflow/example_dags/tutorial.py
[2024-12-29T00:25:17.956+0000] {processor.py:914} INFO - Processing file /home/airflow/.local/lib/python3.12/site-packages/airflow/example_dags/tutorial.py for tasks to queue
[2024-12-29T00:25:17.958+0000] {logging_mixin.py:190} INFO - [2024-12-29T00:25:17.958+0000] {dagbag.py:588} INFO - Filling up the DagBag from /home/airflow/.local/lib/python3.12/site-packages/airflow/example_dags/tutorial.py
[2024-12-29T00:25:17.966+0000] {processor.py:925} INFO - DAG(s) 'tutorial' retrieved from /home/airflow/.local/lib/python3.12/site-packages/airflow/example_dags/tutorial.py
[2024-12-29T00:25:17.989+0000] {logging_mixin.py:190} INFO - [2024-12-29T00:25:17.989+0000] {dag.py:3239} INFO - Sync 1 DAGs
[2024-12-29T00:25:18.017+0000] {logging_mixin.py:190} INFO - [2024-12-29T00:25:18.017+0000] {dag.py:4180} INFO - Setting next_dagrun for tutorial to 2024-12-28 00:00:00+00:00, run_after=2024-12-29 00:00:00+00:00
[2024-12-29T00:25:18.042+0000] {processor.py:208} INFO - Processing /home/airflow/.local/lib/python3.12/site-packages/airflow/example_dags/tutorial.py took 0.093 seconds
[2024-12-29T00:25:49.513+0000] {processor.py:186} INFO - Started process (PID=855) to work on /home/airflow/.local/lib/python3.12/site-packages/airflow/example_dags/tutorial.py
[2024-12-29T00:25:49.515+0000] {processor.py:914} INFO - Processing file /home/airflow/.local/lib/python3.12/site-packages/airflow/example_dags/tutorial.py for tasks to queue
[2024-12-29T00:25:49.518+0000] {logging_mixin.py:190} INFO - [2024-12-29T00:25:49.517+0000] {dagbag.py:588} INFO - Filling up the DagBag from /home/airflow/.local/lib/python3.12/site-packages/airflow/example_dags/tutorial.py
[2024-12-29T00:25:49.527+0000] {processor.py:925} INFO - DAG(s) 'tutorial' retrieved from /home/airflow/.local/lib/python3.12/site-packages/airflow/example_dags/tutorial.py
[2024-12-29T00:25:49.552+0000] {logging_mixin.py:190} INFO - [2024-12-29T00:25:49.552+0000] {dag.py:3239} INFO - Sync 1 DAGs
[2024-12-29T00:25:49.579+0000] {logging_mixin.py:190} INFO - [2024-12-29T00:25:49.579+0000] {dag.py:4180} INFO - Setting next_dagrun for tutorial to 2024-12-28 00:00:00+00:00, run_after=2024-12-29 00:00:00+00:00
[2024-12-29T00:25:49.606+0000] {processor.py:208} INFO - Processing /home/airflow/.local/lib/python3.12/site-packages/airflow/example_dags/tutorial.py took 0.099 seconds
[2024-12-29T00:26:20.376+0000] {processor.py:186} INFO - Started process (PID=920) to work on /home/airflow/.local/lib/python3.12/site-packages/airflow/example_dags/tutorial.py
[2024-12-29T00:26:20.378+0000] {processor.py:914} INFO - Processing file /home/airflow/.local/lib/python3.12/site-packages/airflow/example_dags/tutorial.py for tasks to queue
[2024-12-29T00:26:20.381+0000] {logging_mixin.py:190} INFO - [2024-12-29T00:26:20.380+0000] {dagbag.py:588} INFO - Filling up the DagBag from /home/airflow/.local/lib/python3.12/site-packages/airflow/example_dags/tutorial.py
[2024-12-29T00:26:20.388+0000] {processor.py:925} INFO - DAG(s) 'tutorial' retrieved from /home/airflow/.local/lib/python3.12/site-packages/airflow/example_dags/tutorial.py
[2024-12-29T00:26:20.413+0000] {logging_mixin.py:190} INFO - [2024-12-29T00:26:20.413+0000] {dag.py:3239} INFO - Sync 1 DAGs
[2024-12-29T00:26:20.440+0000] {logging_mixin.py:190} INFO - [2024-12-29T00:26:20.440+0000] {dag.py:4180} INFO - Setting next_dagrun for tutorial to 2024-12-28 00:00:00+00:00, run_after=2024-12-29 00:00:00+00:00
[2024-12-29T00:26:20.472+0000] {processor.py:208} INFO - Processing /home/airflow/.local/lib/python3.12/site-packages/airflow/example_dags/tutorial.py took 0.101 seconds
[2024-12-29T00:26:52.130+0000] {processor.py:186} INFO - Started process (PID=986) to work on /home/airflow/.local/lib/python3.12/site-packages/airflow/example_dags/tutorial.py
[2024-12-29T00:26:52.132+0000] {processor.py:914} INFO - Processing file /home/airflow/.local/lib/python3.12/site-packages/airflow/example_dags/tutorial.py for tasks to queue
[2024-12-29T00:26:52.134+0000] {logging_mixin.py:190} INFO - [2024-12-29T00:26:52.134+0000] {dagbag.py:588} INFO - Filling up the DagBag from /home/airflow/.local/lib/python3.12/site-packages/airflow/example_dags/tutorial.py
[2024-12-29T00:26:52.144+0000] {processor.py:925} INFO - DAG(s) 'tutorial' retrieved from /home/airflow/.local/lib/python3.12/site-packages/airflow/example_dags/tutorial.py
[2024-12-29T00:26:52.175+0000] {logging_mixin.py:190} INFO - [2024-12-29T00:26:52.175+0000] {dag.py:3239} INFO - Sync 1 DAGs
[2024-12-29T00:26:52.206+0000] {logging_mixin.py:190} INFO - [2024-12-29T00:26:52.206+0000] {dag.py:4180} INFO - Setting next_dagrun for tutorial to 2024-12-28 00:00:00+00:00, run_after=2024-12-29 00:00:00+00:00
[2024-12-29T00:26:52.237+0000] {processor.py:208} INFO - Processing /home/airflow/.local/lib/python3.12/site-packages/airflow/example_dags/tutorial.py took 0.114 seconds
[2024-12-29T00:27:23.893+0000] {processor.py:186} INFO - Started process (PID=1050) to work on /home/airflow/.local/lib/python3.12/site-packages/airflow/example_dags/tutorial.py
[2024-12-29T00:27:23.897+0000] {processor.py:914} INFO - Processing file /home/airflow/.local/lib/python3.12/site-packages/airflow/example_dags/tutorial.py for tasks to queue
[2024-12-29T00:27:23.901+0000] {logging_mixin.py:190} INFO - [2024-12-29T00:27:23.900+0000] {dagbag.py:588} INFO - Filling up the DagBag from /home/airflow/.local/lib/python3.12/site-packages/airflow/example_dags/tutorial.py
[2024-12-29T00:27:23.911+0000] {processor.py:925} INFO - DAG(s) 'tutorial' retrieved from /home/airflow/.local/lib/python3.12/site-packages/airflow/example_dags/tutorial.py
[2024-12-29T00:27:23.941+0000] {logging_mixin.py:190} INFO - [2024-12-29T00:27:23.941+0000] {dag.py:3239} INFO - Sync 1 DAGs
[2024-12-29T00:27:23.971+0000] {logging_mixin.py:190} INFO - [2024-12-29T00:27:23.971+0000] {dag.py:4180} INFO - Setting next_dagrun for tutorial to 2024-12-28 00:00:00+00:00, run_after=2024-12-29 00:00:00+00:00
[2024-12-29T00:27:24.000+0000] {processor.py:208} INFO - Processing /home/airflow/.local/lib/python3.12/site-packages/airflow/example_dags/tutorial.py took 0.114 seconds
[2024-12-29T00:27:54.490+0000] {processor.py:186} INFO - Started process (PID=1115) to work on /home/airflow/.local/lib/python3.12/site-packages/airflow/example_dags/tutorial.py
[2024-12-29T00:27:54.492+0000] {processor.py:914} INFO - Processing file /home/airflow/.local/lib/python3.12/site-packages/airflow/example_dags/tutorial.py for tasks to queue
[2024-12-29T00:27:54.494+0000] {logging_mixin.py:190} INFO - [2024-12-29T00:27:54.494+0000] {dagbag.py:588} INFO - Filling up the DagBag from /home/airflow/.local/lib/python3.12/site-packages/airflow/example_dags/tutorial.py
[2024-12-29T00:27:54.502+0000] {processor.py:925} INFO - DAG(s) 'tutorial' retrieved from /home/airflow/.local/lib/python3.12/site-packages/airflow/example_dags/tutorial.py
[2024-12-29T00:27:54.532+0000] {logging_mixin.py:190} INFO - [2024-12-29T00:27:54.532+0000] {dag.py:3239} INFO - Sync 1 DAGs
[2024-12-29T00:27:54.576+0000] {logging_mixin.py:190} INFO - [2024-12-29T00:27:54.576+0000] {dag.py:4180} INFO - Setting next_dagrun for tutorial to 2024-12-28 00:00:00+00:00, run_after=2024-12-29 00:00:00+00:00
[2024-12-29T00:27:54.648+0000] {processor.py:208} INFO - Processing /home/airflow/.local/lib/python3.12/site-packages/airflow/example_dags/tutorial.py took 0.164 seconds
[2024-12-29T00:28:25.357+0000] {processor.py:186} INFO - Started process (PID=1181) to work on /home/airflow/.local/lib/python3.12/site-packages/airflow/example_dags/tutorial.py
[2024-12-29T00:28:25.359+0000] {processor.py:914} INFO - Processing file /home/airflow/.local/lib/python3.12/site-packages/airflow/example_dags/tutorial.py for tasks to queue
[2024-12-29T00:28:25.362+0000] {logging_mixin.py:190} INFO - [2024-12-29T00:28:25.362+0000] {dagbag.py:588} INFO - Filling up the DagBag from /home/airflow/.local/lib/python3.12/site-packages/airflow/example_dags/tutorial.py
[2024-12-29T00:28:25.373+0000] {processor.py:925} INFO - DAG(s) 'tutorial' retrieved from /home/airflow/.local/lib/python3.12/site-packages/airflow/example_dags/tutorial.py
[2024-12-29T00:28:25.402+0000] {logging_mixin.py:190} INFO - [2024-12-29T00:28:25.401+0000] {dag.py:3239} INFO - Sync 1 DAGs
[2024-12-29T00:28:25.434+0000] {logging_mixin.py:190} INFO - [2024-12-29T00:28:25.433+0000] {dag.py:4180} INFO - Setting next_dagrun for tutorial to 2024-12-28 00:00:00+00:00, run_after=2024-12-29 00:00:00+00:00
[2024-12-29T00:28:25.464+0000] {processor.py:208} INFO - Processing /home/airflow/.local/lib/python3.12/site-packages/airflow/example_dags/tutorial.py took 0.114 seconds
[2024-12-29T00:28:56.591+0000] {processor.py:186} INFO - Started process (PID=1246) to work on /home/airflow/.local/lib/python3.12/site-packages/airflow/example_dags/tutorial.py
[2024-12-29T00:28:56.593+0000] {processor.py:914} INFO - Processing file /home/airflow/.local/lib/python3.12/site-packages/airflow/example_dags/tutorial.py for tasks to queue
[2024-12-29T00:28:56.595+0000] {logging_mixin.py:190} INFO - [2024-12-29T00:28:56.595+0000] {dagbag.py:588} INFO - Filling up the DagBag from /home/airflow/.local/lib/python3.12/site-packages/airflow/example_dags/tutorial.py
[2024-12-29T00:28:56.605+0000] {processor.py:925} INFO - DAG(s) 'tutorial' retrieved from /home/airflow/.local/lib/python3.12/site-packages/airflow/example_dags/tutorial.py
[2024-12-29T00:28:56.632+0000] {logging_mixin.py:190} INFO - [2024-12-29T00:28:56.632+0000] {dag.py:3239} INFO - Sync 1 DAGs
[2024-12-29T00:28:56.662+0000] {logging_mixin.py:190} INFO - [2024-12-29T00:28:56.662+0000] {dag.py:4180} INFO - Setting next_dagrun for tutorial to 2024-12-28 00:00:00+00:00, run_after=2024-12-29 00:00:00+00:00
[2024-12-29T00:28:56.693+0000] {processor.py:208} INFO - Processing /home/airflow/.local/lib/python3.12/site-packages/airflow/example_dags/tutorial.py took 0.109 seconds
[2024-12-29T00:29:28.284+0000] {processor.py:186} INFO - Started process (PID=1311) to work on /home/airflow/.local/lib/python3.12/site-packages/airflow/example_dags/tutorial.py
[2024-12-29T00:29:28.286+0000] {processor.py:914} INFO - Processing file /home/airflow/.local/lib/python3.12/site-packages/airflow/example_dags/tutorial.py for tasks to queue
[2024-12-29T00:29:28.288+0000] {logging_mixin.py:190} INFO - [2024-12-29T00:29:28.288+0000] {dagbag.py:588} INFO - Filling up the DagBag from /home/airflow/.local/lib/python3.12/site-packages/airflow/example_dags/tutorial.py
[2024-12-29T00:29:28.297+0000] {processor.py:925} INFO - DAG(s) 'tutorial' retrieved from /home/airflow/.local/lib/python3.12/site-packages/airflow/example_dags/tutorial.py
[2024-12-29T00:29:28.324+0000] {logging_mixin.py:190} INFO - [2024-12-29T00:29:28.324+0000] {dag.py:3239} INFO - Sync 1 DAGs
[2024-12-29T00:29:28.351+0000] {logging_mixin.py:190} INFO - [2024-12-29T00:29:28.351+0000] {dag.py:4180} INFO - Setting next_dagrun for tutorial to 2024-12-28 00:00:00+00:00, run_after=2024-12-29 00:00:00+00:00
[2024-12-29T00:29:28.376+0000] {processor.py:208} INFO - Processing /home/airflow/.local/lib/python3.12/site-packages/airflow/example_dags/tutorial.py took 0.099 seconds
[2024-12-29T00:29:58.975+0000] {processor.py:186} INFO - Started process (PID=1376) to work on /home/airflow/.local/lib/python3.12/site-packages/airflow/example_dags/tutorial.py
[2024-12-29T00:29:58.977+0000] {processor.py:914} INFO - Processing file /home/airflow/.local/lib/python3.12/site-packages/airflow/example_dags/tutorial.py for tasks to queue
[2024-12-29T00:29:58.979+0000] {logging_mixin.py:190} INFO - [2024-12-29T00:29:58.979+0000] {dagbag.py:588} INFO - Filling up the DagBag from /home/airflow/.local/lib/python3.12/site-packages/airflow/example_dags/tutorial.py
[2024-12-29T00:29:58.988+0000] {processor.py:925} INFO - DAG(s) 'tutorial' retrieved from /home/airflow/.local/lib/python3.12/site-packages/airflow/example_dags/tutorial.py
[2024-12-29T00:29:59.014+0000] {logging_mixin.py:190} INFO - [2024-12-29T00:29:59.014+0000] {dag.py:3239} INFO - Sync 1 DAGs
[2024-12-29T00:29:59.039+0000] {logging_mixin.py:190} INFO - [2024-12-29T00:29:59.039+0000] {dag.py:4180} INFO - Setting next_dagrun for tutorial to 2024-12-28 00:00:00+00:00, run_after=2024-12-29 00:00:00+00:00
[2024-12-29T00:29:59.061+0000] {processor.py:208} INFO - Processing /home/airflow/.local/lib/python3.12/site-packages/airflow/example_dags/tutorial.py took 0.093 seconds
[2024-12-29T00:30:29.885+0000] {processor.py:186} INFO - Started process (PID=1442) to work on /home/airflow/.local/lib/python3.12/site-packages/airflow/example_dags/tutorial.py
[2024-12-29T00:30:29.886+0000] {processor.py:914} INFO - Processing file /home/airflow/.local/lib/python3.12/site-packages/airflow/example_dags/tutorial.py for tasks to queue
[2024-12-29T00:30:29.889+0000] {logging_mixin.py:190} INFO - [2024-12-29T00:30:29.888+0000] {dagbag.py:588} INFO - Filling up the DagBag from /home/airflow/.local/lib/python3.12/site-packages/airflow/example_dags/tutorial.py
[2024-12-29T00:30:29.898+0000] {processor.py:925} INFO - DAG(s) 'tutorial' retrieved from /home/airflow/.local/lib/python3.12/site-packages/airflow/example_dags/tutorial.py
[2024-12-29T00:30:29.925+0000] {logging_mixin.py:190} INFO - [2024-12-29T00:30:29.924+0000] {dag.py:3239} INFO - Sync 1 DAGs
[2024-12-29T00:30:29.953+0000] {logging_mixin.py:190} INFO - [2024-12-29T00:30:29.952+0000] {dag.py:4180} INFO - Setting next_dagrun for tutorial to 2024-12-28 00:00:00+00:00, run_after=2024-12-29 00:00:00+00:00
[2024-12-29T00:30:29.983+0000] {processor.py:208} INFO - Processing /home/airflow/.local/lib/python3.12/site-packages/airflow/example_dags/tutorial.py took 0.104 seconds
[2024-12-29T00:31:02.043+0000] {processor.py:186} INFO - Started process (PID=1508) to work on /home/airflow/.local/lib/python3.12/site-packages/airflow/example_dags/tutorial.py
[2024-12-29T00:31:02.045+0000] {processor.py:914} INFO - Processing file /home/airflow/.local/lib/python3.12/site-packages/airflow/example_dags/tutorial.py for tasks to queue
[2024-12-29T00:31:02.048+0000] {logging_mixin.py:190} INFO - [2024-12-29T00:31:02.047+0000] {dagbag.py:588} INFO - Filling up the DagBag from /home/airflow/.local/lib/python3.12/site-packages/airflow/example_dags/tutorial.py
[2024-12-29T00:31:02.059+0000] {processor.py:925} INFO - DAG(s) 'tutorial' retrieved from /home/airflow/.local/lib/python3.12/site-packages/airflow/example_dags/tutorial.py
[2024-12-29T00:31:02.092+0000] {logging_mixin.py:190} INFO - [2024-12-29T00:31:02.091+0000] {dag.py:3239} INFO - Sync 1 DAGs
[2024-12-29T00:31:02.127+0000] {logging_mixin.py:190} INFO - [2024-12-29T00:31:02.127+0000] {dag.py:4180} INFO - Setting next_dagrun for tutorial to 2024-12-28 00:00:00+00:00, run_after=2024-12-29 00:00:00+00:00
[2024-12-29T00:31:02.163+0000] {processor.py:208} INFO - Processing /home/airflow/.local/lib/python3.12/site-packages/airflow/example_dags/tutorial.py took 0.130 seconds
[2024-12-29T00:31:33.162+0000] {processor.py:186} INFO - Started process (PID=1576) to work on /home/airflow/.local/lib/python3.12/site-packages/airflow/example_dags/tutorial.py
[2024-12-29T00:31:33.164+0000] {processor.py:914} INFO - Processing file /home/airflow/.local/lib/python3.12/site-packages/airflow/example_dags/tutorial.py for tasks to queue
[2024-12-29T00:31:33.166+0000] {logging_mixin.py:190} INFO - [2024-12-29T00:31:33.165+0000] {dagbag.py:588} INFO - Filling up the DagBag from /home/airflow/.local/lib/python3.12/site-packages/airflow/example_dags/tutorial.py
[2024-12-29T00:31:33.173+0000] {processor.py:925} INFO - DAG(s) 'tutorial' retrieved from /home/airflow/.local/lib/python3.12/site-packages/airflow/example_dags/tutorial.py
[2024-12-29T00:31:33.197+0000] {logging_mixin.py:190} INFO - [2024-12-29T00:31:33.197+0000] {dag.py:3239} INFO - Sync 1 DAGs
[2024-12-29T00:31:33.223+0000] {logging_mixin.py:190} INFO - [2024-12-29T00:31:33.223+0000] {dag.py:4180} INFO - Setting next_dagrun for tutorial to 2024-12-28 00:00:00+00:00, run_after=2024-12-29 00:00:00+00:00
[2024-12-29T00:31:33.248+0000] {processor.py:208} INFO - Processing /home/airflow/.local/lib/python3.12/site-packages/airflow/example_dags/tutorial.py took 0.093 seconds
[2024-12-29T00:32:04.501+0000] {processor.py:186} INFO - Started process (PID=1645) to work on /home/airflow/.local/lib/python3.12/site-packages/airflow/example_dags/tutorial.py
[2024-12-29T00:32:04.502+0000] {processor.py:914} INFO - Processing file /home/airflow/.local/lib/python3.12/site-packages/airflow/example_dags/tutorial.py for tasks to queue
[2024-12-29T00:32:04.504+0000] {logging_mixin.py:190} INFO - [2024-12-29T00:32:04.504+0000] {dagbag.py:588} INFO - Filling up the DagBag from /home/airflow/.local/lib/python3.12/site-packages/airflow/example_dags/tutorial.py
[2024-12-29T00:32:04.511+0000] {processor.py:925} INFO - DAG(s) 'tutorial' retrieved from /home/airflow/.local/lib/python3.12/site-packages/airflow/example_dags/tutorial.py
[2024-12-29T00:32:04.535+0000] {logging_mixin.py:190} INFO - [2024-12-29T00:32:04.534+0000] {dag.py:3239} INFO - Sync 1 DAGs
[2024-12-29T00:32:04.563+0000] {logging_mixin.py:190} INFO - [2024-12-29T00:32:04.563+0000] {dag.py:4180} INFO - Setting next_dagrun for tutorial to 2024-12-28 00:00:00+00:00, run_after=2024-12-29 00:00:00+00:00
[2024-12-29T00:32:04.589+0000] {processor.py:208} INFO - Processing /home/airflow/.local/lib/python3.12/site-packages/airflow/example_dags/tutorial.py took 0.094 seconds
[2024-12-29T00:32:36.592+0000] {processor.py:186} INFO - Started process (PID=1713) to work on /home/airflow/.local/lib/python3.12/site-packages/airflow/example_dags/tutorial.py
[2024-12-29T00:32:36.593+0000] {processor.py:914} INFO - Processing file /home/airflow/.local/lib/python3.12/site-packages/airflow/example_dags/tutorial.py for tasks to queue
[2024-12-29T00:32:36.596+0000] {logging_mixin.py:190} INFO - [2024-12-29T00:32:36.595+0000] {dagbag.py:588} INFO - Filling up the DagBag from /home/airflow/.local/lib/python3.12/site-packages/airflow/example_dags/tutorial.py
[2024-12-29T00:32:36.604+0000] {processor.py:925} INFO - DAG(s) 'tutorial' retrieved from /home/airflow/.local/lib/python3.12/site-packages/airflow/example_dags/tutorial.py
[2024-12-29T00:32:36.627+0000] {logging_mixin.py:190} INFO - [2024-12-29T00:32:36.627+0000] {dag.py:3239} INFO - Sync 1 DAGs
[2024-12-29T00:32:36.655+0000] {logging_mixin.py:190} INFO - [2024-12-29T00:32:36.654+0000] {dag.py:4180} INFO - Setting next_dagrun for tutorial to 2024-12-28 00:00:00+00:00, run_after=2024-12-29 00:00:00+00:00
[2024-12-29T00:32:36.680+0000] {processor.py:208} INFO - Processing /home/airflow/.local/lib/python3.12/site-packages/airflow/example_dags/tutorial.py took 0.094 seconds
[2024-12-29T00:33:07.743+0000] {processor.py:186} INFO - Started process (PID=1778) to work on /home/airflow/.local/lib/python3.12/site-packages/airflow/example_dags/tutorial.py
[2024-12-29T00:33:07.744+0000] {processor.py:914} INFO - Processing file /home/airflow/.local/lib/python3.12/site-packages/airflow/example_dags/tutorial.py for tasks to queue
[2024-12-29T00:33:07.748+0000] {logging_mixin.py:190} INFO - [2024-12-29T00:33:07.747+0000] {dagbag.py:588} INFO - Filling up the DagBag from /home/airflow/.local/lib/python3.12/site-packages/airflow/example_dags/tutorial.py
[2024-12-29T00:33:07.758+0000] {processor.py:925} INFO - DAG(s) 'tutorial' retrieved from /home/airflow/.local/lib/python3.12/site-packages/airflow/example_dags/tutorial.py
[2024-12-29T00:33:07.787+0000] {logging_mixin.py:190} INFO - [2024-12-29T00:33:07.787+0000] {dag.py:3239} INFO - Sync 1 DAGs
[2024-12-29T00:33:07.817+0000] {logging_mixin.py:190} INFO - [2024-12-29T00:33:07.817+0000] {dag.py:4180} INFO - Setting next_dagrun for tutorial to 2024-12-28 00:00:00+00:00, run_after=2024-12-29 00:00:00+00:00
[2024-12-29T00:33:07.846+0000] {processor.py:208} INFO - Processing /home/airflow/.local/lib/python3.12/site-packages/airflow/example_dags/tutorial.py took 0.110 seconds
[2024-12-29T00:33:39.741+0000] {processor.py:186} INFO - Started process (PID=1843) to work on /home/airflow/.local/lib/python3.12/site-packages/airflow/example_dags/tutorial.py
[2024-12-29T00:33:39.743+0000] {processor.py:914} INFO - Processing file /home/airflow/.local/lib/python3.12/site-packages/airflow/example_dags/tutorial.py for tasks to queue
[2024-12-29T00:33:39.746+0000] {logging_mixin.py:190} INFO - [2024-12-29T00:33:39.746+0000] {dagbag.py:588} INFO - Filling up the DagBag from /home/airflow/.local/lib/python3.12/site-packages/airflow/example_dags/tutorial.py
[2024-12-29T00:33:39.757+0000] {processor.py:925} INFO - DAG(s) 'tutorial' retrieved from /home/airflow/.local/lib/python3.12/site-packages/airflow/example_dags/tutorial.py
[2024-12-29T00:33:39.787+0000] {logging_mixin.py:190} INFO - [2024-12-29T00:33:39.786+0000] {dag.py:3239} INFO - Sync 1 DAGs
[2024-12-29T00:33:39.822+0000] {logging_mixin.py:190} INFO - [2024-12-29T00:33:39.821+0000] {dag.py:4180} INFO - Setting next_dagrun for tutorial to 2024-12-28 00:00:00+00:00, run_after=2024-12-29 00:00:00+00:00
[2024-12-29T00:33:39.853+0000] {processor.py:208} INFO - Processing /home/airflow/.local/lib/python3.12/site-packages/airflow/example_dags/tutorial.py took 0.120 seconds
[2024-12-29T00:34:10.773+0000] {processor.py:186} INFO - Started process (PID=1914) to work on /home/airflow/.local/lib/python3.12/site-packages/airflow/example_dags/tutorial.py
[2024-12-29T00:34:10.775+0000] {processor.py:914} INFO - Processing file /home/airflow/.local/lib/python3.12/site-packages/airflow/example_dags/tutorial.py for tasks to queue
[2024-12-29T00:34:10.777+0000] {logging_mixin.py:190} INFO - [2024-12-29T00:34:10.777+0000] {dagbag.py:588} INFO - Filling up the DagBag from /home/airflow/.local/lib/python3.12/site-packages/airflow/example_dags/tutorial.py
[2024-12-29T00:34:10.787+0000] {processor.py:925} INFO - DAG(s) 'tutorial' retrieved from /home/airflow/.local/lib/python3.12/site-packages/airflow/example_dags/tutorial.py
[2024-12-29T00:34:10.816+0000] {logging_mixin.py:190} INFO - [2024-12-29T00:34:10.816+0000] {dag.py:3239} INFO - Sync 1 DAGs
[2024-12-29T00:34:10.847+0000] {logging_mixin.py:190} INFO - [2024-12-29T00:34:10.847+0000] {dag.py:4180} INFO - Setting next_dagrun for tutorial to 2024-12-28 00:00:00+00:00, run_after=2024-12-29 00:00:00+00:00
[2024-12-29T00:34:10.877+0000] {processor.py:208} INFO - Processing /home/airflow/.local/lib/python3.12/site-packages/airflow/example_dags/tutorial.py took 0.111 seconds
[2024-12-29T00:34:42.565+0000] {processor.py:186} INFO - Started process (PID=1979) to work on /home/airflow/.local/lib/python3.12/site-packages/airflow/example_dags/tutorial.py
[2024-12-29T00:34:42.567+0000] {processor.py:914} INFO - Processing file /home/airflow/.local/lib/python3.12/site-packages/airflow/example_dags/tutorial.py for tasks to queue
[2024-12-29T00:34:42.570+0000] {logging_mixin.py:190} INFO - [2024-12-29T00:34:42.570+0000] {dagbag.py:588} INFO - Filling up the DagBag from /home/airflow/.local/lib/python3.12/site-packages/airflow/example_dags/tutorial.py
[2024-12-29T00:34:42.580+0000] {processor.py:925} INFO - DAG(s) 'tutorial' retrieved from /home/airflow/.local/lib/python3.12/site-packages/airflow/example_dags/tutorial.py
[2024-12-29T00:34:42.609+0000] {logging_mixin.py:190} INFO - [2024-12-29T00:34:42.609+0000] {dag.py:3239} INFO - Sync 1 DAGs
[2024-12-29T00:34:42.645+0000] {logging_mixin.py:190} INFO - [2024-12-29T00:34:42.644+0000] {dag.py:4180} INFO - Setting next_dagrun for tutorial to 2024-12-28 00:00:00+00:00, run_after=2024-12-29 00:00:00+00:00
[2024-12-29T00:34:42.689+0000] {processor.py:208} INFO - Processing /home/airflow/.local/lib/python3.12/site-packages/airflow/example_dags/tutorial.py took 0.130 seconds
[2024-12-29T00:35:13.503+0000] {processor.py:186} INFO - Started process (PID=2045) to work on /home/airflow/.local/lib/python3.12/site-packages/airflow/example_dags/tutorial.py
[2024-12-29T00:35:13.505+0000] {processor.py:914} INFO - Processing file /home/airflow/.local/lib/python3.12/site-packages/airflow/example_dags/tutorial.py for tasks to queue
[2024-12-29T00:35:13.509+0000] {logging_mixin.py:190} INFO - [2024-12-29T00:35:13.508+0000] {dagbag.py:588} INFO - Filling up the DagBag from /home/airflow/.local/lib/python3.12/site-packages/airflow/example_dags/tutorial.py
[2024-12-29T00:35:13.520+0000] {processor.py:925} INFO - DAG(s) 'tutorial' retrieved from /home/airflow/.local/lib/python3.12/site-packages/airflow/example_dags/tutorial.py
[2024-12-29T00:35:13.550+0000] {logging_mixin.py:190} INFO - [2024-12-29T00:35:13.550+0000] {dag.py:3239} INFO - Sync 1 DAGs
[2024-12-29T00:35:13.584+0000] {logging_mixin.py:190} INFO - [2024-12-29T00:35:13.584+0000] {dag.py:4180} INFO - Setting next_dagrun for tutorial to 2024-12-28 00:00:00+00:00, run_after=2024-12-29 00:00:00+00:00
[2024-12-29T00:35:13.614+0000] {processor.py:208} INFO - Processing /home/airflow/.local/lib/python3.12/site-packages/airflow/example_dags/tutorial.py took 0.118 seconds
[2024-12-29T00:35:44.033+0000] {processor.py:186} INFO - Started process (PID=2110) to work on /home/airflow/.local/lib/python3.12/site-packages/airflow/example_dags/tutorial.py
[2024-12-29T00:35:44.035+0000] {processor.py:914} INFO - Processing file /home/airflow/.local/lib/python3.12/site-packages/airflow/example_dags/tutorial.py for tasks to queue
[2024-12-29T00:35:44.039+0000] {logging_mixin.py:190} INFO - [2024-12-29T00:35:44.038+0000] {dagbag.py:588} INFO - Filling up the DagBag from /home/airflow/.local/lib/python3.12/site-packages/airflow/example_dags/tutorial.py
[2024-12-29T00:35:44.049+0000] {processor.py:925} INFO - DAG(s) 'tutorial' retrieved from /home/airflow/.local/lib/python3.12/site-packages/airflow/example_dags/tutorial.py
[2024-12-29T00:35:44.080+0000] {logging_mixin.py:190} INFO - [2024-12-29T00:35:44.080+0000] {dag.py:3239} INFO - Sync 1 DAGs
[2024-12-29T00:35:44.114+0000] {logging_mixin.py:190} INFO - [2024-12-29T00:35:44.113+0000] {dag.py:4180} INFO - Setting next_dagrun for tutorial to 2024-12-28 00:00:00+00:00, run_after=2024-12-29 00:00:00+00:00
[2024-12-29T00:35:44.143+0000] {processor.py:208} INFO - Processing /home/airflow/.local/lib/python3.12/site-packages/airflow/example_dags/tutorial.py took 0.117 seconds
[2024-12-29T00:36:15.076+0000] {processor.py:186} INFO - Started process (PID=2174) to work on /home/airflow/.local/lib/python3.12/site-packages/airflow/example_dags/tutorial.py
[2024-12-29T00:36:15.078+0000] {processor.py:914} INFO - Processing file /home/airflow/.local/lib/python3.12/site-packages/airflow/example_dags/tutorial.py for tasks to queue
[2024-12-29T00:36:15.081+0000] {logging_mixin.py:190} INFO - [2024-12-29T00:36:15.080+0000] {dagbag.py:588} INFO - Filling up the DagBag from /home/airflow/.local/lib/python3.12/site-packages/airflow/example_dags/tutorial.py
[2024-12-29T00:36:15.090+0000] {processor.py:925} INFO - DAG(s) 'tutorial' retrieved from /home/airflow/.local/lib/python3.12/site-packages/airflow/example_dags/tutorial.py
[2024-12-29T00:36:15.116+0000] {logging_mixin.py:190} INFO - [2024-12-29T00:36:15.116+0000] {dag.py:3239} INFO - Sync 1 DAGs
[2024-12-29T00:36:15.146+0000] {logging_mixin.py:190} INFO - [2024-12-29T00:36:15.146+0000] {dag.py:4180} INFO - Setting next_dagrun for tutorial to 2024-12-28 00:00:00+00:00, run_after=2024-12-29 00:00:00+00:00
[2024-12-29T00:36:15.176+0000] {processor.py:208} INFO - Processing /home/airflow/.local/lib/python3.12/site-packages/airflow/example_dags/tutorial.py took 0.105 seconds
[2024-12-29T00:36:46.764+0000] {processor.py:186} INFO - Started process (PID=2240) to work on /home/airflow/.local/lib/python3.12/site-packages/airflow/example_dags/tutorial.py
[2024-12-29T00:36:46.766+0000] {processor.py:914} INFO - Processing file /home/airflow/.local/lib/python3.12/site-packages/airflow/example_dags/tutorial.py for tasks to queue
[2024-12-29T00:36:46.768+0000] {logging_mixin.py:190} INFO - [2024-12-29T00:36:46.768+0000] {dagbag.py:588} INFO - Filling up the DagBag from /home/airflow/.local/lib/python3.12/site-packages/airflow/example_dags/tutorial.py
[2024-12-29T00:36:46.777+0000] {processor.py:925} INFO - DAG(s) 'tutorial' retrieved from /home/airflow/.local/lib/python3.12/site-packages/airflow/example_dags/tutorial.py
[2024-12-29T00:36:46.801+0000] {logging_mixin.py:190} INFO - [2024-12-29T00:36:46.801+0000] {dag.py:3239} INFO - Sync 1 DAGs
[2024-12-29T00:36:46.830+0000] {logging_mixin.py:190} INFO - [2024-12-29T00:36:46.829+0000] {dag.py:4180} INFO - Setting next_dagrun for tutorial to 2024-12-28 00:00:00+00:00, run_after=2024-12-29 00:00:00+00:00
[2024-12-29T00:36:46.855+0000] {processor.py:208} INFO - Processing /home/airflow/.local/lib/python3.12/site-packages/airflow/example_dags/tutorial.py took 0.096 seconds
[2024-12-29T00:37:17.339+0000] {processor.py:186} INFO - Started process (PID=2305) to work on /home/airflow/.local/lib/python3.12/site-packages/airflow/example_dags/tutorial.py
[2024-12-29T00:37:17.341+0000] {processor.py:914} INFO - Processing file /home/airflow/.local/lib/python3.12/site-packages/airflow/example_dags/tutorial.py for tasks to queue
[2024-12-29T00:37:17.343+0000] {logging_mixin.py:190} INFO - [2024-12-29T00:37:17.343+0000] {dagbag.py:588} INFO - Filling up the DagBag from /home/airflow/.local/lib/python3.12/site-packages/airflow/example_dags/tutorial.py
[2024-12-29T00:37:17.352+0000] {processor.py:925} INFO - DAG(s) 'tutorial' retrieved from /home/airflow/.local/lib/python3.12/site-packages/airflow/example_dags/tutorial.py
[2024-12-29T00:37:17.379+0000] {logging_mixin.py:190} INFO - [2024-12-29T00:37:17.379+0000] {dag.py:3239} INFO - Sync 1 DAGs
[2024-12-29T00:37:17.405+0000] {logging_mixin.py:190} INFO - [2024-12-29T00:37:17.405+0000] {dag.py:4180} INFO - Setting next_dagrun for tutorial to 2024-12-28 00:00:00+00:00, run_after=2024-12-29 00:00:00+00:00
[2024-12-29T00:37:17.430+0000] {processor.py:208} INFO - Processing /home/airflow/.local/lib/python3.12/site-packages/airflow/example_dags/tutorial.py took 0.099 seconds
[2024-12-29T00:37:48.971+0000] {processor.py:186} INFO - Started process (PID=2370) to work on /home/airflow/.local/lib/python3.12/site-packages/airflow/example_dags/tutorial.py
[2024-12-29T00:37:48.973+0000] {processor.py:914} INFO - Processing file /home/airflow/.local/lib/python3.12/site-packages/airflow/example_dags/tutorial.py for tasks to queue
[2024-12-29T00:37:48.976+0000] {logging_mixin.py:190} INFO - [2024-12-29T00:37:48.975+0000] {dagbag.py:588} INFO - Filling up the DagBag from /home/airflow/.local/lib/python3.12/site-packages/airflow/example_dags/tutorial.py
[2024-12-29T00:37:48.986+0000] {processor.py:925} INFO - DAG(s) 'tutorial' retrieved from /home/airflow/.local/lib/python3.12/site-packages/airflow/example_dags/tutorial.py
[2024-12-29T00:37:49.019+0000] {logging_mixin.py:190} INFO - [2024-12-29T00:37:49.019+0000] {dag.py:3239} INFO - Sync 1 DAGs
[2024-12-29T00:37:49.057+0000] {logging_mixin.py:190} INFO - [2024-12-29T00:37:49.057+0000] {dag.py:4180} INFO - Setting next_dagrun for tutorial to 2024-12-28 00:00:00+00:00, run_after=2024-12-29 00:00:00+00:00
[2024-12-29T00:37:49.093+0000] {processor.py:208} INFO - Processing /home/airflow/.local/lib/python3.12/site-packages/airflow/example_dags/tutorial.py took 0.129 seconds
[2024-12-29T00:38:20.341+0000] {processor.py:186} INFO - Started process (PID=2435) to work on /home/airflow/.local/lib/python3.12/site-packages/airflow/example_dags/tutorial.py
[2024-12-29T00:38:20.344+0000] {processor.py:914} INFO - Processing file /home/airflow/.local/lib/python3.12/site-packages/airflow/example_dags/tutorial.py for tasks to queue
[2024-12-29T00:38:20.348+0000] {logging_mixin.py:190} INFO - [2024-12-29T00:38:20.348+0000] {dagbag.py:588} INFO - Filling up the DagBag from /home/airflow/.local/lib/python3.12/site-packages/airflow/example_dags/tutorial.py
[2024-12-29T00:38:20.358+0000] {processor.py:925} INFO - DAG(s) 'tutorial' retrieved from /home/airflow/.local/lib/python3.12/site-packages/airflow/example_dags/tutorial.py
[2024-12-29T00:38:20.384+0000] {logging_mixin.py:190} INFO - [2024-12-29T00:38:20.384+0000] {dag.py:3239} INFO - Sync 1 DAGs
[2024-12-29T00:38:20.411+0000] {logging_mixin.py:190} INFO - [2024-12-29T00:38:20.411+0000] {dag.py:4180} INFO - Setting next_dagrun for tutorial to 2024-12-28 00:00:00+00:00, run_after=2024-12-29 00:00:00+00:00
[2024-12-29T00:38:20.438+0000] {processor.py:208} INFO - Processing /home/airflow/.local/lib/python3.12/site-packages/airflow/example_dags/tutorial.py took 0.106 seconds
