[2024-12-29T00:04:00.016+0000] {processor.py:186} INFO - Started process (PID=127) to work on /home/airflow/.local/lib/python3.12/site-packages/airflow/example_dags/tutorial_taskflow_api.py
[2024-12-29T00:04:00.017+0000] {processor.py:914} INFO - Processing file /home/airflow/.local/lib/python3.12/site-packages/airflow/example_dags/tutorial_taskflow_api.py for tasks to queue
[2024-12-29T00:04:00.021+0000] {logging_mixin.py:190} INFO - [2024-12-29T00:04:00.021+0000] {dagbag.py:588} INFO - Filling up the DagBag from /home/airflow/.local/lib/python3.12/site-packages/airflow/example_dags/tutorial_taskflow_api.py
[2024-12-29T00:04:00.037+0000] {processor.py:925} INFO - DAG(s) 'tutorial_taskflow_api' retrieved from /home/airflow/.local/lib/python3.12/site-packages/airflow/example_dags/tutorial_taskflow_api.py
[2024-12-29T00:04:00.204+0000] {logging_mixin.py:190} INFO - [2024-12-29T00:04:00.203+0000] {override.py:1911} INFO - Created Permission View: can read on DAG:tutorial_taskflow_api
[2024-12-29T00:04:00.221+0000] {logging_mixin.py:190} INFO - [2024-12-29T00:04:00.221+0000] {override.py:1911} INFO - Created Permission View: can edit on DAG:tutorial_taskflow_api
[2024-12-29T00:04:00.235+0000] {logging_mixin.py:190} INFO - [2024-12-29T00:04:00.234+0000] {override.py:1911} INFO - Created Permission View: can delete on DAG:tutorial_taskflow_api
[2024-12-29T00:04:00.251+0000] {logging_mixin.py:190} INFO - [2024-12-29T00:04:00.250+0000] {override.py:1911} INFO - Created Permission View: can create on DAG Run:tutorial_taskflow_api
[2024-12-29T00:04:00.268+0000] {logging_mixin.py:190} INFO - [2024-12-29T00:04:00.266+0000] {override.py:1911} INFO - Created Permission View: can read on DAG Run:tutorial_taskflow_api
[2024-12-29T00:04:00.286+0000] {logging_mixin.py:190} INFO - [2024-12-29T00:04:00.286+0000] {override.py:1911} INFO - Created Permission View: can delete on DAG Run:tutorial_taskflow_api
[2024-12-29T00:04:00.305+0000] {logging_mixin.py:190} INFO - [2024-12-29T00:04:00.304+0000] {override.py:1911} INFO - Created Permission View: menu access on DAG Run:tutorial_taskflow_api
[2024-12-29T00:04:00.306+0000] {logging_mixin.py:190} INFO - [2024-12-29T00:04:00.306+0000] {dag.py:3239} INFO - Sync 1 DAGs
[2024-12-29T00:04:00.334+0000] {logging_mixin.py:190} INFO - [2024-12-29T00:04:00.334+0000] {dag.py:3262} INFO - Creating ORM DAG for tutorial_taskflow_api
[2024-12-29T00:04:00.336+0000] {logging_mixin.py:190} INFO - [2024-12-29T00:04:00.335+0000] {dag.py:4180} INFO - Setting next_dagrun for tutorial_taskflow_api to None, run_after=None
[2024-12-29T00:04:00.366+0000] {processor.py:208} INFO - Processing /home/airflow/.local/lib/python3.12/site-packages/airflow/example_dags/tutorial_taskflow_api.py took 0.358 seconds
[2024-12-29T00:04:30.986+0000] {processor.py:186} INFO - Started process (PID=191) to work on /home/airflow/.local/lib/python3.12/site-packages/airflow/example_dags/tutorial_taskflow_api.py
[2024-12-29T00:04:30.987+0000] {processor.py:914} INFO - Processing file /home/airflow/.local/lib/python3.12/site-packages/airflow/example_dags/tutorial_taskflow_api.py for tasks to queue
[2024-12-29T00:04:30.991+0000] {logging_mixin.py:190} INFO - [2024-12-29T00:04:30.990+0000] {dagbag.py:588} INFO - Filling up the DagBag from /home/airflow/.local/lib/python3.12/site-packages/airflow/example_dags/tutorial_taskflow_api.py
[2024-12-29T00:04:31.002+0000] {processor.py:925} INFO - DAG(s) 'tutorial_taskflow_api' retrieved from /home/airflow/.local/lib/python3.12/site-packages/airflow/example_dags/tutorial_taskflow_api.py
[2024-12-29T00:04:31.030+0000] {logging_mixin.py:190} INFO - [2024-12-29T00:04:31.030+0000] {dag.py:3239} INFO - Sync 1 DAGs
[2024-12-29T00:04:31.049+0000] {logging_mixin.py:190} INFO - [2024-12-29T00:04:31.049+0000] {dag.py:4180} INFO - Setting next_dagrun for tutorial_taskflow_api to None, run_after=None
[2024-12-29T00:04:31.082+0000] {processor.py:208} INFO - Processing /home/airflow/.local/lib/python3.12/site-packages/airflow/example_dags/tutorial_taskflow_api.py took 0.105 seconds
[2024-12-29T00:05:03.095+0000] {processor.py:186} INFO - Started process (PID=255) to work on /home/airflow/.local/lib/python3.12/site-packages/airflow/example_dags/tutorial_taskflow_api.py
[2024-12-29T00:05:03.097+0000] {processor.py:914} INFO - Processing file /home/airflow/.local/lib/python3.12/site-packages/airflow/example_dags/tutorial_taskflow_api.py for tasks to queue
[2024-12-29T00:05:03.100+0000] {logging_mixin.py:190} INFO - [2024-12-29T00:05:03.099+0000] {dagbag.py:588} INFO - Filling up the DagBag from /home/airflow/.local/lib/python3.12/site-packages/airflow/example_dags/tutorial_taskflow_api.py
[2024-12-29T00:05:03.112+0000] {processor.py:925} INFO - DAG(s) 'tutorial_taskflow_api' retrieved from /home/airflow/.local/lib/python3.12/site-packages/airflow/example_dags/tutorial_taskflow_api.py
[2024-12-29T00:05:03.142+0000] {logging_mixin.py:190} INFO - [2024-12-29T00:05:03.141+0000] {dag.py:3239} INFO - Sync 1 DAGs
[2024-12-29T00:05:03.163+0000] {logging_mixin.py:190} INFO - [2024-12-29T00:05:03.163+0000] {dag.py:4180} INFO - Setting next_dagrun for tutorial_taskflow_api to None, run_after=None
[2024-12-29T00:05:03.194+0000] {processor.py:208} INFO - Processing /home/airflow/.local/lib/python3.12/site-packages/airflow/example_dags/tutorial_taskflow_api.py took 0.109 seconds
[2024-12-29T00:05:34.455+0000] {processor.py:186} INFO - Started process (PID=319) to work on /home/airflow/.local/lib/python3.12/site-packages/airflow/example_dags/tutorial_taskflow_api.py
[2024-12-29T00:05:34.457+0000] {processor.py:914} INFO - Processing file /home/airflow/.local/lib/python3.12/site-packages/airflow/example_dags/tutorial_taskflow_api.py for tasks to queue
[2024-12-29T00:05:34.460+0000] {logging_mixin.py:190} INFO - [2024-12-29T00:05:34.459+0000] {dagbag.py:588} INFO - Filling up the DagBag from /home/airflow/.local/lib/python3.12/site-packages/airflow/example_dags/tutorial_taskflow_api.py
[2024-12-29T00:05:34.470+0000] {processor.py:925} INFO - DAG(s) 'tutorial_taskflow_api' retrieved from /home/airflow/.local/lib/python3.12/site-packages/airflow/example_dags/tutorial_taskflow_api.py
[2024-12-29T00:05:34.496+0000] {logging_mixin.py:190} INFO - [2024-12-29T00:05:34.496+0000] {dag.py:3239} INFO - Sync 1 DAGs
[2024-12-29T00:05:34.514+0000] {logging_mixin.py:190} INFO - [2024-12-29T00:05:34.513+0000] {dag.py:4180} INFO - Setting next_dagrun for tutorial_taskflow_api to None, run_after=None
[2024-12-29T00:05:34.542+0000] {processor.py:208} INFO - Processing /home/airflow/.local/lib/python3.12/site-packages/airflow/example_dags/tutorial_taskflow_api.py took 0.093 seconds
[2024-12-29T00:06:05.685+0000] {processor.py:186} INFO - Started process (PID=383) to work on /home/airflow/.local/lib/python3.12/site-packages/airflow/example_dags/tutorial_taskflow_api.py
[2024-12-29T00:06:05.687+0000] {processor.py:914} INFO - Processing file /home/airflow/.local/lib/python3.12/site-packages/airflow/example_dags/tutorial_taskflow_api.py for tasks to queue
[2024-12-29T00:06:05.689+0000] {logging_mixin.py:190} INFO - [2024-12-29T00:06:05.689+0000] {dagbag.py:588} INFO - Filling up the DagBag from /home/airflow/.local/lib/python3.12/site-packages/airflow/example_dags/tutorial_taskflow_api.py
[2024-12-29T00:06:05.697+0000] {processor.py:925} INFO - DAG(s) 'tutorial_taskflow_api' retrieved from /home/airflow/.local/lib/python3.12/site-packages/airflow/example_dags/tutorial_taskflow_api.py
[2024-12-29T00:06:05.721+0000] {logging_mixin.py:190} INFO - [2024-12-29T00:06:05.721+0000] {dag.py:3239} INFO - Sync 1 DAGs
[2024-12-29T00:06:05.738+0000] {logging_mixin.py:190} INFO - [2024-12-29T00:06:05.738+0000] {dag.py:4180} INFO - Setting next_dagrun for tutorial_taskflow_api to None, run_after=None
[2024-12-29T00:06:05.763+0000] {processor.py:208} INFO - Processing /home/airflow/.local/lib/python3.12/site-packages/airflow/example_dags/tutorial_taskflow_api.py took 0.083 seconds
[2024-12-29T00:06:37.224+0000] {processor.py:186} INFO - Started process (PID=447) to work on /home/airflow/.local/lib/python3.12/site-packages/airflow/example_dags/tutorial_taskflow_api.py
[2024-12-29T00:06:37.226+0000] {processor.py:914} INFO - Processing file /home/airflow/.local/lib/python3.12/site-packages/airflow/example_dags/tutorial_taskflow_api.py for tasks to queue
[2024-12-29T00:06:37.229+0000] {logging_mixin.py:190} INFO - [2024-12-29T00:06:37.228+0000] {dagbag.py:588} INFO - Filling up the DagBag from /home/airflow/.local/lib/python3.12/site-packages/airflow/example_dags/tutorial_taskflow_api.py
[2024-12-29T00:06:37.238+0000] {processor.py:925} INFO - DAG(s) 'tutorial_taskflow_api' retrieved from /home/airflow/.local/lib/python3.12/site-packages/airflow/example_dags/tutorial_taskflow_api.py
[2024-12-29T00:06:37.265+0000] {logging_mixin.py:190} INFO - [2024-12-29T00:06:37.265+0000] {dag.py:3239} INFO - Sync 1 DAGs
[2024-12-29T00:06:37.284+0000] {logging_mixin.py:190} INFO - [2024-12-29T00:06:37.284+0000] {dag.py:4180} INFO - Setting next_dagrun for tutorial_taskflow_api to None, run_after=None
[2024-12-29T00:06:37.313+0000] {processor.py:208} INFO - Processing /home/airflow/.local/lib/python3.12/site-packages/airflow/example_dags/tutorial_taskflow_api.py took 0.097 seconds
[2024-12-29T00:07:08.934+0000] {processor.py:186} INFO - Started process (PID=511) to work on /home/airflow/.local/lib/python3.12/site-packages/airflow/example_dags/tutorial_taskflow_api.py
[2024-12-29T00:07:08.936+0000] {processor.py:914} INFO - Processing file /home/airflow/.local/lib/python3.12/site-packages/airflow/example_dags/tutorial_taskflow_api.py for tasks to queue
[2024-12-29T00:07:08.939+0000] {logging_mixin.py:190} INFO - [2024-12-29T00:07:08.939+0000] {dagbag.py:588} INFO - Filling up the DagBag from /home/airflow/.local/lib/python3.12/site-packages/airflow/example_dags/tutorial_taskflow_api.py
[2024-12-29T00:07:08.952+0000] {processor.py:925} INFO - DAG(s) 'tutorial_taskflow_api' retrieved from /home/airflow/.local/lib/python3.12/site-packages/airflow/example_dags/tutorial_taskflow_api.py
[2024-12-29T00:07:08.983+0000] {logging_mixin.py:190} INFO - [2024-12-29T00:07:08.983+0000] {dag.py:3239} INFO - Sync 1 DAGs
[2024-12-29T00:07:09.004+0000] {logging_mixin.py:190} INFO - [2024-12-29T00:07:09.004+0000] {dag.py:4180} INFO - Setting next_dagrun for tutorial_taskflow_api to None, run_after=None
[2024-12-29T00:07:09.035+0000] {processor.py:208} INFO - Processing /home/airflow/.local/lib/python3.12/site-packages/airflow/example_dags/tutorial_taskflow_api.py took 0.108 seconds
[2024-12-29T00:07:40.794+0000] {processor.py:186} INFO - Started process (PID=576) to work on /home/airflow/.local/lib/python3.12/site-packages/airflow/example_dags/tutorial_taskflow_api.py
[2024-12-29T00:07:40.796+0000] {processor.py:914} INFO - Processing file /home/airflow/.local/lib/python3.12/site-packages/airflow/example_dags/tutorial_taskflow_api.py for tasks to queue
[2024-12-29T00:07:40.801+0000] {logging_mixin.py:190} INFO - [2024-12-29T00:07:40.800+0000] {dagbag.py:588} INFO - Filling up the DagBag from /home/airflow/.local/lib/python3.12/site-packages/airflow/example_dags/tutorial_taskflow_api.py
[2024-12-29T00:07:40.818+0000] {processor.py:925} INFO - DAG(s) 'tutorial_taskflow_api' retrieved from /home/airflow/.local/lib/python3.12/site-packages/airflow/example_dags/tutorial_taskflow_api.py
[2024-12-29T00:07:40.850+0000] {logging_mixin.py:190} INFO - [2024-12-29T00:07:40.850+0000] {dag.py:3239} INFO - Sync 1 DAGs
[2024-12-29T00:07:40.870+0000] {logging_mixin.py:190} INFO - [2024-12-29T00:07:40.869+0000] {dag.py:4180} INFO - Setting next_dagrun for tutorial_taskflow_api to None, run_after=None
[2024-12-29T00:07:40.899+0000] {processor.py:208} INFO - Processing /home/airflow/.local/lib/python3.12/site-packages/airflow/example_dags/tutorial_taskflow_api.py took 0.113 seconds
[2024-12-29T00:08:11.971+0000] {processor.py:186} INFO - Started process (PID=640) to work on /home/airflow/.local/lib/python3.12/site-packages/airflow/example_dags/tutorial_taskflow_api.py
[2024-12-29T00:08:11.972+0000] {processor.py:914} INFO - Processing file /home/airflow/.local/lib/python3.12/site-packages/airflow/example_dags/tutorial_taskflow_api.py for tasks to queue
[2024-12-29T00:08:11.975+0000] {logging_mixin.py:190} INFO - [2024-12-29T00:08:11.974+0000] {dagbag.py:588} INFO - Filling up the DagBag from /home/airflow/.local/lib/python3.12/site-packages/airflow/example_dags/tutorial_taskflow_api.py
[2024-12-29T00:08:11.982+0000] {processor.py:925} INFO - DAG(s) 'tutorial_taskflow_api' retrieved from /home/airflow/.local/lib/python3.12/site-packages/airflow/example_dags/tutorial_taskflow_api.py
[2024-12-29T00:08:12.004+0000] {logging_mixin.py:190} INFO - [2024-12-29T00:08:12.004+0000] {dag.py:3239} INFO - Sync 1 DAGs
[2024-12-29T00:08:12.019+0000] {logging_mixin.py:190} INFO - [2024-12-29T00:08:12.019+0000] {dag.py:4180} INFO - Setting next_dagrun for tutorial_taskflow_api to None, run_after=None
[2024-12-29T00:08:12.045+0000] {processor.py:208} INFO - Processing /home/airflow/.local/lib/python3.12/site-packages/airflow/example_dags/tutorial_taskflow_api.py took 0.079 seconds
[2024-12-29T00:08:44.139+0000] {processor.py:186} INFO - Started process (PID=709) to work on /home/airflow/.local/lib/python3.12/site-packages/airflow/example_dags/tutorial_taskflow_api.py
[2024-12-29T00:08:44.140+0000] {processor.py:914} INFO - Processing file /home/airflow/.local/lib/python3.12/site-packages/airflow/example_dags/tutorial_taskflow_api.py for tasks to queue
[2024-12-29T00:08:44.143+0000] {logging_mixin.py:190} INFO - [2024-12-29T00:08:44.142+0000] {dagbag.py:588} INFO - Filling up the DagBag from /home/airflow/.local/lib/python3.12/site-packages/airflow/example_dags/tutorial_taskflow_api.py
[2024-12-29T00:08:44.151+0000] {processor.py:925} INFO - DAG(s) 'tutorial_taskflow_api' retrieved from /home/airflow/.local/lib/python3.12/site-packages/airflow/example_dags/tutorial_taskflow_api.py
[2024-12-29T00:08:44.177+0000] {logging_mixin.py:190} INFO - [2024-12-29T00:08:44.177+0000] {dag.py:3239} INFO - Sync 1 DAGs
[2024-12-29T00:08:44.194+0000] {logging_mixin.py:190} INFO - [2024-12-29T00:08:44.194+0000] {dag.py:4180} INFO - Setting next_dagrun for tutorial_taskflow_api to None, run_after=None
[2024-12-29T00:08:44.222+0000] {processor.py:208} INFO - Processing /home/airflow/.local/lib/python3.12/site-packages/airflow/example_dags/tutorial_taskflow_api.py took 0.090 seconds
[2024-12-29T00:09:15.566+0000] {processor.py:186} INFO - Started process (PID=773) to work on /home/airflow/.local/lib/python3.12/site-packages/airflow/example_dags/tutorial_taskflow_api.py
[2024-12-29T00:09:15.568+0000] {processor.py:914} INFO - Processing file /home/airflow/.local/lib/python3.12/site-packages/airflow/example_dags/tutorial_taskflow_api.py for tasks to queue
[2024-12-29T00:09:15.571+0000] {logging_mixin.py:190} INFO - [2024-12-29T00:09:15.570+0000] {dagbag.py:588} INFO - Filling up the DagBag from /home/airflow/.local/lib/python3.12/site-packages/airflow/example_dags/tutorial_taskflow_api.py
[2024-12-29T00:09:15.580+0000] {processor.py:925} INFO - DAG(s) 'tutorial_taskflow_api' retrieved from /home/airflow/.local/lib/python3.12/site-packages/airflow/example_dags/tutorial_taskflow_api.py
[2024-12-29T00:09:15.612+0000] {logging_mixin.py:190} INFO - [2024-12-29T00:09:15.612+0000] {dag.py:3239} INFO - Sync 1 DAGs
[2024-12-29T00:09:15.643+0000] {logging_mixin.py:190} INFO - [2024-12-29T00:09:15.642+0000] {dag.py:4180} INFO - Setting next_dagrun for tutorial_taskflow_api to None, run_after=None
[2024-12-29T00:09:15.680+0000] {processor.py:208} INFO - Processing /home/airflow/.local/lib/python3.12/site-packages/airflow/example_dags/tutorial_taskflow_api.py took 0.121 seconds
[2024-12-29T00:09:46.894+0000] {processor.py:186} INFO - Started process (PID=837) to work on /home/airflow/.local/lib/python3.12/site-packages/airflow/example_dags/tutorial_taskflow_api.py
[2024-12-29T00:09:46.896+0000] {processor.py:914} INFO - Processing file /home/airflow/.local/lib/python3.12/site-packages/airflow/example_dags/tutorial_taskflow_api.py for tasks to queue
[2024-12-29T00:09:46.899+0000] {logging_mixin.py:190} INFO - [2024-12-29T00:09:46.898+0000] {dagbag.py:588} INFO - Filling up the DagBag from /home/airflow/.local/lib/python3.12/site-packages/airflow/example_dags/tutorial_taskflow_api.py
[2024-12-29T00:09:46.909+0000] {processor.py:925} INFO - DAG(s) 'tutorial_taskflow_api' retrieved from /home/airflow/.local/lib/python3.12/site-packages/airflow/example_dags/tutorial_taskflow_api.py
[2024-12-29T00:09:46.936+0000] {logging_mixin.py:190} INFO - [2024-12-29T00:09:46.936+0000] {dag.py:3239} INFO - Sync 1 DAGs
[2024-12-29T00:09:46.954+0000] {logging_mixin.py:190} INFO - [2024-12-29T00:09:46.954+0000] {dag.py:4180} INFO - Setting next_dagrun for tutorial_taskflow_api to None, run_after=None
[2024-12-29T00:09:46.981+0000] {processor.py:208} INFO - Processing /home/airflow/.local/lib/python3.12/site-packages/airflow/example_dags/tutorial_taskflow_api.py took 0.093 seconds
[2024-12-29T00:10:18.707+0000] {processor.py:186} INFO - Started process (PID=901) to work on /home/airflow/.local/lib/python3.12/site-packages/airflow/example_dags/tutorial_taskflow_api.py
[2024-12-29T00:10:18.709+0000] {processor.py:914} INFO - Processing file /home/airflow/.local/lib/python3.12/site-packages/airflow/example_dags/tutorial_taskflow_api.py for tasks to queue
[2024-12-29T00:10:18.712+0000] {logging_mixin.py:190} INFO - [2024-12-29T00:10:18.712+0000] {dagbag.py:588} INFO - Filling up the DagBag from /home/airflow/.local/lib/python3.12/site-packages/airflow/example_dags/tutorial_taskflow_api.py
[2024-12-29T00:10:18.723+0000] {processor.py:925} INFO - DAG(s) 'tutorial_taskflow_api' retrieved from /home/airflow/.local/lib/python3.12/site-packages/airflow/example_dags/tutorial_taskflow_api.py
[2024-12-29T00:10:18.751+0000] {logging_mixin.py:190} INFO - [2024-12-29T00:10:18.751+0000] {dag.py:3239} INFO - Sync 1 DAGs
[2024-12-29T00:10:18.768+0000] {logging_mixin.py:190} INFO - [2024-12-29T00:10:18.768+0000] {dag.py:4180} INFO - Setting next_dagrun for tutorial_taskflow_api to None, run_after=None
[2024-12-29T00:10:18.791+0000] {processor.py:208} INFO - Processing /home/airflow/.local/lib/python3.12/site-packages/airflow/example_dags/tutorial_taskflow_api.py took 0.091 seconds
[2024-12-29T00:10:49.958+0000] {processor.py:186} INFO - Started process (PID=967) to work on /home/airflow/.local/lib/python3.12/site-packages/airflow/example_dags/tutorial_taskflow_api.py
[2024-12-29T00:10:49.961+0000] {processor.py:914} INFO - Processing file /home/airflow/.local/lib/python3.12/site-packages/airflow/example_dags/tutorial_taskflow_api.py for tasks to queue
[2024-12-29T00:10:49.963+0000] {logging_mixin.py:190} INFO - [2024-12-29T00:10:49.963+0000] {dagbag.py:588} INFO - Filling up the DagBag from /home/airflow/.local/lib/python3.12/site-packages/airflow/example_dags/tutorial_taskflow_api.py
[2024-12-29T00:10:49.972+0000] {processor.py:925} INFO - DAG(s) 'tutorial_taskflow_api' retrieved from /home/airflow/.local/lib/python3.12/site-packages/airflow/example_dags/tutorial_taskflow_api.py
[2024-12-29T00:10:50.002+0000] {logging_mixin.py:190} INFO - [2024-12-29T00:10:50.002+0000] {dag.py:3239} INFO - Sync 1 DAGs
[2024-12-29T00:10:50.018+0000] {logging_mixin.py:190} INFO - [2024-12-29T00:10:50.018+0000] {dag.py:4180} INFO - Setting next_dagrun for tutorial_taskflow_api to None, run_after=None
[2024-12-29T00:10:50.044+0000] {processor.py:208} INFO - Processing /home/airflow/.local/lib/python3.12/site-packages/airflow/example_dags/tutorial_taskflow_api.py took 0.092 seconds
[2024-12-29T00:11:21.661+0000] {processor.py:186} INFO - Started process (PID=1032) to work on /home/airflow/.local/lib/python3.12/site-packages/airflow/example_dags/tutorial_taskflow_api.py
[2024-12-29T00:11:21.662+0000] {processor.py:914} INFO - Processing file /home/airflow/.local/lib/python3.12/site-packages/airflow/example_dags/tutorial_taskflow_api.py for tasks to queue
[2024-12-29T00:11:21.664+0000] {logging_mixin.py:190} INFO - [2024-12-29T00:11:21.664+0000] {dagbag.py:588} INFO - Filling up the DagBag from /home/airflow/.local/lib/python3.12/site-packages/airflow/example_dags/tutorial_taskflow_api.py
[2024-12-29T00:11:21.674+0000] {processor.py:925} INFO - DAG(s) 'tutorial_taskflow_api' retrieved from /home/airflow/.local/lib/python3.12/site-packages/airflow/example_dags/tutorial_taskflow_api.py
[2024-12-29T00:11:21.701+0000] {logging_mixin.py:190} INFO - [2024-12-29T00:11:21.700+0000] {dag.py:3239} INFO - Sync 1 DAGs
[2024-12-29T00:11:21.716+0000] {logging_mixin.py:190} INFO - [2024-12-29T00:11:21.716+0000] {dag.py:4180} INFO - Setting next_dagrun for tutorial_taskflow_api to None, run_after=None
[2024-12-29T00:11:21.745+0000] {processor.py:208} INFO - Processing /home/airflow/.local/lib/python3.12/site-packages/airflow/example_dags/tutorial_taskflow_api.py took 0.091 seconds
[2024-12-29T00:11:54.246+0000] {processor.py:186} INFO - Started process (PID=1103) to work on /home/airflow/.local/lib/python3.12/site-packages/airflow/example_dags/tutorial_taskflow_api.py
[2024-12-29T00:11:54.248+0000] {processor.py:914} INFO - Processing file /home/airflow/.local/lib/python3.12/site-packages/airflow/example_dags/tutorial_taskflow_api.py for tasks to queue
[2024-12-29T00:11:54.251+0000] {logging_mixin.py:190} INFO - [2024-12-29T00:11:54.250+0000] {dagbag.py:588} INFO - Filling up the DagBag from /home/airflow/.local/lib/python3.12/site-packages/airflow/example_dags/tutorial_taskflow_api.py
[2024-12-29T00:11:54.261+0000] {processor.py:925} INFO - DAG(s) 'tutorial_taskflow_api' retrieved from /home/airflow/.local/lib/python3.12/site-packages/airflow/example_dags/tutorial_taskflow_api.py
[2024-12-29T00:11:54.289+0000] {logging_mixin.py:190} INFO - [2024-12-29T00:11:54.288+0000] {dag.py:3239} INFO - Sync 1 DAGs
[2024-12-29T00:11:54.304+0000] {logging_mixin.py:190} INFO - [2024-12-29T00:11:54.304+0000] {dag.py:4180} INFO - Setting next_dagrun for tutorial_taskflow_api to None, run_after=None
[2024-12-29T00:11:54.330+0000] {processor.py:208} INFO - Processing /home/airflow/.local/lib/python3.12/site-packages/airflow/example_dags/tutorial_taskflow_api.py took 0.090 seconds
[2024-12-29T00:12:28.810+0000] {processor.py:186} INFO - Started process (PID=1167) to work on /home/airflow/.local/lib/python3.12/site-packages/airflow/example_dags/tutorial_taskflow_api.py
[2024-12-29T00:12:28.811+0000] {processor.py:914} INFO - Processing file /home/airflow/.local/lib/python3.12/site-packages/airflow/example_dags/tutorial_taskflow_api.py for tasks to queue
[2024-12-29T00:12:28.813+0000] {logging_mixin.py:190} INFO - [2024-12-29T00:12:28.813+0000] {dagbag.py:588} INFO - Filling up the DagBag from /home/airflow/.local/lib/python3.12/site-packages/airflow/example_dags/tutorial_taskflow_api.py
[2024-12-29T00:12:28.825+0000] {processor.py:925} INFO - DAG(s) 'tutorial_taskflow_api' retrieved from /home/airflow/.local/lib/python3.12/site-packages/airflow/example_dags/tutorial_taskflow_api.py
[2024-12-29T00:12:28.852+0000] {logging_mixin.py:190} INFO - [2024-12-29T00:12:28.851+0000] {dag.py:3239} INFO - Sync 1 DAGs
[2024-12-29T00:12:28.868+0000] {logging_mixin.py:190} INFO - [2024-12-29T00:12:28.868+0000] {dag.py:4180} INFO - Setting next_dagrun for tutorial_taskflow_api to None, run_after=None
[2024-12-29T00:12:28.901+0000] {processor.py:208} INFO - Processing /home/airflow/.local/lib/python3.12/site-packages/airflow/example_dags/tutorial_taskflow_api.py took 0.097 seconds
[2024-12-29T00:12:59.624+0000] {processor.py:186} INFO - Started process (PID=1231) to work on /home/airflow/.local/lib/python3.12/site-packages/airflow/example_dags/tutorial_taskflow_api.py
[2024-12-29T00:12:59.625+0000] {processor.py:914} INFO - Processing file /home/airflow/.local/lib/python3.12/site-packages/airflow/example_dags/tutorial_taskflow_api.py for tasks to queue
[2024-12-29T00:12:59.627+0000] {logging_mixin.py:190} INFO - [2024-12-29T00:12:59.627+0000] {dagbag.py:588} INFO - Filling up the DagBag from /home/airflow/.local/lib/python3.12/site-packages/airflow/example_dags/tutorial_taskflow_api.py
[2024-12-29T00:12:59.636+0000] {processor.py:925} INFO - DAG(s) 'tutorial_taskflow_api' retrieved from /home/airflow/.local/lib/python3.12/site-packages/airflow/example_dags/tutorial_taskflow_api.py
[2024-12-29T00:12:59.664+0000] {logging_mixin.py:190} INFO - [2024-12-29T00:12:59.663+0000] {dag.py:3239} INFO - Sync 1 DAGs
[2024-12-29T00:12:59.682+0000] {logging_mixin.py:190} INFO - [2024-12-29T00:12:59.682+0000] {dag.py:4180} INFO - Setting next_dagrun for tutorial_taskflow_api to None, run_after=None
[2024-12-29T00:12:59.712+0000] {processor.py:208} INFO - Processing /home/airflow/.local/lib/python3.12/site-packages/airflow/example_dags/tutorial_taskflow_api.py took 0.094 seconds
[2024-12-29T00:13:29.915+0000] {processor.py:186} INFO - Started process (PID=1296) to work on /home/airflow/.local/lib/python3.12/site-packages/airflow/example_dags/tutorial_taskflow_api.py
[2024-12-29T00:13:29.917+0000] {processor.py:914} INFO - Processing file /home/airflow/.local/lib/python3.12/site-packages/airflow/example_dags/tutorial_taskflow_api.py for tasks to queue
[2024-12-29T00:13:29.920+0000] {logging_mixin.py:190} INFO - [2024-12-29T00:13:29.920+0000] {dagbag.py:588} INFO - Filling up the DagBag from /home/airflow/.local/lib/python3.12/site-packages/airflow/example_dags/tutorial_taskflow_api.py
[2024-12-29T00:13:29.929+0000] {processor.py:925} INFO - DAG(s) 'tutorial_taskflow_api' retrieved from /home/airflow/.local/lib/python3.12/site-packages/airflow/example_dags/tutorial_taskflow_api.py
[2024-12-29T00:13:29.957+0000] {logging_mixin.py:190} INFO - [2024-12-29T00:13:29.957+0000] {dag.py:3239} INFO - Sync 1 DAGs
[2024-12-29T00:13:29.976+0000] {logging_mixin.py:190} INFO - [2024-12-29T00:13:29.976+0000] {dag.py:4180} INFO - Setting next_dagrun for tutorial_taskflow_api to None, run_after=None
[2024-12-29T00:13:30.005+0000] {processor.py:208} INFO - Processing /home/airflow/.local/lib/python3.12/site-packages/airflow/example_dags/tutorial_taskflow_api.py took 0.097 seconds
[2024-12-29T00:14:00.451+0000] {processor.py:186} INFO - Started process (PID=1361) to work on /home/airflow/.local/lib/python3.12/site-packages/airflow/example_dags/tutorial_taskflow_api.py
[2024-12-29T00:14:00.453+0000] {processor.py:914} INFO - Processing file /home/airflow/.local/lib/python3.12/site-packages/airflow/example_dags/tutorial_taskflow_api.py for tasks to queue
[2024-12-29T00:14:00.456+0000] {logging_mixin.py:190} INFO - [2024-12-29T00:14:00.456+0000] {dagbag.py:588} INFO - Filling up the DagBag from /home/airflow/.local/lib/python3.12/site-packages/airflow/example_dags/tutorial_taskflow_api.py
[2024-12-29T00:14:00.467+0000] {processor.py:925} INFO - DAG(s) 'tutorial_taskflow_api' retrieved from /home/airflow/.local/lib/python3.12/site-packages/airflow/example_dags/tutorial_taskflow_api.py
[2024-12-29T00:14:00.498+0000] {logging_mixin.py:190} INFO - [2024-12-29T00:14:00.498+0000] {dag.py:3239} INFO - Sync 1 DAGs
[2024-12-29T00:14:00.519+0000] {logging_mixin.py:190} INFO - [2024-12-29T00:14:00.519+0000] {dag.py:4180} INFO - Setting next_dagrun for tutorial_taskflow_api to None, run_after=None
[2024-12-29T00:14:00.553+0000] {processor.py:208} INFO - Processing /home/airflow/.local/lib/python3.12/site-packages/airflow/example_dags/tutorial_taskflow_api.py took 0.109 seconds
[2024-12-29T00:14:32.126+0000] {processor.py:186} INFO - Started process (PID=1426) to work on /home/airflow/.local/lib/python3.12/site-packages/airflow/example_dags/tutorial_taskflow_api.py
[2024-12-29T00:14:32.128+0000] {processor.py:914} INFO - Processing file /home/airflow/.local/lib/python3.12/site-packages/airflow/example_dags/tutorial_taskflow_api.py for tasks to queue
[2024-12-29T00:14:32.131+0000] {logging_mixin.py:190} INFO - [2024-12-29T00:14:32.130+0000] {dagbag.py:588} INFO - Filling up the DagBag from /home/airflow/.local/lib/python3.12/site-packages/airflow/example_dags/tutorial_taskflow_api.py
[2024-12-29T00:14:32.139+0000] {processor.py:925} INFO - DAG(s) 'tutorial_taskflow_api' retrieved from /home/airflow/.local/lib/python3.12/site-packages/airflow/example_dags/tutorial_taskflow_api.py
[2024-12-29T00:14:32.170+0000] {logging_mixin.py:190} INFO - [2024-12-29T00:14:32.170+0000] {dag.py:3239} INFO - Sync 1 DAGs
[2024-12-29T00:14:32.187+0000] {logging_mixin.py:190} INFO - [2024-12-29T00:14:32.187+0000] {dag.py:4180} INFO - Setting next_dagrun for tutorial_taskflow_api to None, run_after=None
[2024-12-29T00:14:32.217+0000] {processor.py:208} INFO - Processing /home/airflow/.local/lib/python3.12/site-packages/airflow/example_dags/tutorial_taskflow_api.py took 0.097 seconds
[2024-12-29T00:15:02.968+0000] {processor.py:186} INFO - Started process (PID=1491) to work on /home/airflow/.local/lib/python3.12/site-packages/airflow/example_dags/tutorial_taskflow_api.py
[2024-12-29T00:15:02.970+0000] {processor.py:914} INFO - Processing file /home/airflow/.local/lib/python3.12/site-packages/airflow/example_dags/tutorial_taskflow_api.py for tasks to queue
[2024-12-29T00:15:02.975+0000] {logging_mixin.py:190} INFO - [2024-12-29T00:15:02.974+0000] {dagbag.py:588} INFO - Filling up the DagBag from /home/airflow/.local/lib/python3.12/site-packages/airflow/example_dags/tutorial_taskflow_api.py
[2024-12-29T00:15:02.994+0000] {processor.py:925} INFO - DAG(s) 'tutorial_taskflow_api' retrieved from /home/airflow/.local/lib/python3.12/site-packages/airflow/example_dags/tutorial_taskflow_api.py
[2024-12-29T00:15:03.037+0000] {logging_mixin.py:190} INFO - [2024-12-29T00:15:03.037+0000] {dag.py:3239} INFO - Sync 1 DAGs
[2024-12-29T00:15:03.072+0000] {logging_mixin.py:190} INFO - [2024-12-29T00:15:03.072+0000] {dag.py:4180} INFO - Setting next_dagrun for tutorial_taskflow_api to None, run_after=None
[2024-12-29T00:15:03.114+0000] {processor.py:208} INFO - Processing /home/airflow/.local/lib/python3.12/site-packages/airflow/example_dags/tutorial_taskflow_api.py took 0.158 seconds
[2024-12-29T00:15:34.826+0000] {processor.py:186} INFO - Started process (PID=1561) to work on /home/airflow/.local/lib/python3.12/site-packages/airflow/example_dags/tutorial_taskflow_api.py
[2024-12-29T00:15:34.828+0000] {processor.py:914} INFO - Processing file /home/airflow/.local/lib/python3.12/site-packages/airflow/example_dags/tutorial_taskflow_api.py for tasks to queue
[2024-12-29T00:15:34.832+0000] {logging_mixin.py:190} INFO - [2024-12-29T00:15:34.831+0000] {dagbag.py:588} INFO - Filling up the DagBag from /home/airflow/.local/lib/python3.12/site-packages/airflow/example_dags/tutorial_taskflow_api.py
[2024-12-29T00:15:34.849+0000] {processor.py:925} INFO - DAG(s) 'tutorial_taskflow_api' retrieved from /home/airflow/.local/lib/python3.12/site-packages/airflow/example_dags/tutorial_taskflow_api.py
[2024-12-29T00:15:34.894+0000] {logging_mixin.py:190} INFO - [2024-12-29T00:15:34.893+0000] {dag.py:3239} INFO - Sync 1 DAGs
[2024-12-29T00:15:34.922+0000] {logging_mixin.py:190} INFO - [2024-12-29T00:15:34.921+0000] {dag.py:4180} INFO - Setting next_dagrun for tutorial_taskflow_api to None, run_after=None
[2024-12-29T00:15:34.966+0000] {processor.py:208} INFO - Processing /home/airflow/.local/lib/python3.12/site-packages/airflow/example_dags/tutorial_taskflow_api.py took 0.148 seconds
[2024-12-29T00:16:06.150+0000] {processor.py:186} INFO - Started process (PID=1627) to work on /home/airflow/.local/lib/python3.12/site-packages/airflow/example_dags/tutorial_taskflow_api.py
[2024-12-29T00:16:06.152+0000] {processor.py:914} INFO - Processing file /home/airflow/.local/lib/python3.12/site-packages/airflow/example_dags/tutorial_taskflow_api.py for tasks to queue
[2024-12-29T00:16:06.156+0000] {logging_mixin.py:190} INFO - [2024-12-29T00:16:06.155+0000] {dagbag.py:588} INFO - Filling up the DagBag from /home/airflow/.local/lib/python3.12/site-packages/airflow/example_dags/tutorial_taskflow_api.py
[2024-12-29T00:16:06.167+0000] {processor.py:925} INFO - DAG(s) 'tutorial_taskflow_api' retrieved from /home/airflow/.local/lib/python3.12/site-packages/airflow/example_dags/tutorial_taskflow_api.py
[2024-12-29T00:16:06.196+0000] {logging_mixin.py:190} INFO - [2024-12-29T00:16:06.196+0000] {dag.py:3239} INFO - Sync 1 DAGs
[2024-12-29T00:16:06.216+0000] {logging_mixin.py:190} INFO - [2024-12-29T00:16:06.215+0000] {dag.py:4180} INFO - Setting next_dagrun for tutorial_taskflow_api to None, run_after=None
[2024-12-29T00:16:06.246+0000] {processor.py:208} INFO - Processing /home/airflow/.local/lib/python3.12/site-packages/airflow/example_dags/tutorial_taskflow_api.py took 0.103 seconds
[2024-12-29T00:16:37.673+0000] {processor.py:186} INFO - Started process (PID=1692) to work on /home/airflow/.local/lib/python3.12/site-packages/airflow/example_dags/tutorial_taskflow_api.py
[2024-12-29T00:16:37.675+0000] {processor.py:914} INFO - Processing file /home/airflow/.local/lib/python3.12/site-packages/airflow/example_dags/tutorial_taskflow_api.py for tasks to queue
[2024-12-29T00:16:37.677+0000] {logging_mixin.py:190} INFO - [2024-12-29T00:16:37.677+0000] {dagbag.py:588} INFO - Filling up the DagBag from /home/airflow/.local/lib/python3.12/site-packages/airflow/example_dags/tutorial_taskflow_api.py
[2024-12-29T00:16:37.687+0000] {processor.py:925} INFO - DAG(s) 'tutorial_taskflow_api' retrieved from /home/airflow/.local/lib/python3.12/site-packages/airflow/example_dags/tutorial_taskflow_api.py
[2024-12-29T00:16:37.712+0000] {logging_mixin.py:190} INFO - [2024-12-29T00:16:37.712+0000] {dag.py:3239} INFO - Sync 1 DAGs
[2024-12-29T00:16:37.731+0000] {logging_mixin.py:190} INFO - [2024-12-29T00:16:37.731+0000] {dag.py:4180} INFO - Setting next_dagrun for tutorial_taskflow_api to None, run_after=None
[2024-12-29T00:16:37.759+0000] {processor.py:208} INFO - Processing /home/airflow/.local/lib/python3.12/site-packages/airflow/example_dags/tutorial_taskflow_api.py took 0.092 seconds
[2024-12-29T00:20:01.147+0000] {processor.py:186} INFO - Started process (PID=125) to work on /home/airflow/.local/lib/python3.12/site-packages/airflow/example_dags/tutorial_taskflow_api.py
[2024-12-29T00:20:01.150+0000] {processor.py:914} INFO - Processing file /home/airflow/.local/lib/python3.12/site-packages/airflow/example_dags/tutorial_taskflow_api.py for tasks to queue
[2024-12-29T00:20:01.155+0000] {logging_mixin.py:190} INFO - [2024-12-29T00:20:01.154+0000] {dagbag.py:588} INFO - Filling up the DagBag from /home/airflow/.local/lib/python3.12/site-packages/airflow/example_dags/tutorial_taskflow_api.py
[2024-12-29T00:20:01.173+0000] {processor.py:925} INFO - DAG(s) 'tutorial_taskflow_api' retrieved from /home/airflow/.local/lib/python3.12/site-packages/airflow/example_dags/tutorial_taskflow_api.py
[2024-12-29T00:20:01.214+0000] {logging_mixin.py:190} INFO - [2024-12-29T00:20:01.213+0000] {dag.py:3239} INFO - Sync 1 DAGs
[2024-12-29T00:20:01.238+0000] {logging_mixin.py:190} INFO - [2024-12-29T00:20:01.238+0000] {dag.py:4180} INFO - Setting next_dagrun for tutorial_taskflow_api to None, run_after=None
[2024-12-29T00:20:01.270+0000] {processor.py:208} INFO - Processing /home/airflow/.local/lib/python3.12/site-packages/airflow/example_dags/tutorial_taskflow_api.py took 0.133 seconds
[2024-12-29T00:20:33.164+0000] {processor.py:186} INFO - Started process (PID=190) to work on /home/airflow/.local/lib/python3.12/site-packages/airflow/example_dags/tutorial_taskflow_api.py
[2024-12-29T00:20:33.166+0000] {processor.py:914} INFO - Processing file /home/airflow/.local/lib/python3.12/site-packages/airflow/example_dags/tutorial_taskflow_api.py for tasks to queue
[2024-12-29T00:20:33.168+0000] {logging_mixin.py:190} INFO - [2024-12-29T00:20:33.168+0000] {dagbag.py:588} INFO - Filling up the DagBag from /home/airflow/.local/lib/python3.12/site-packages/airflow/example_dags/tutorial_taskflow_api.py
[2024-12-29T00:20:33.175+0000] {processor.py:925} INFO - DAG(s) 'tutorial_taskflow_api' retrieved from /home/airflow/.local/lib/python3.12/site-packages/airflow/example_dags/tutorial_taskflow_api.py
[2024-12-29T00:20:33.200+0000] {logging_mixin.py:190} INFO - [2024-12-29T00:20:33.200+0000] {dag.py:3239} INFO - Sync 1 DAGs
[2024-12-29T00:20:33.216+0000] {logging_mixin.py:190} INFO - [2024-12-29T00:20:33.215+0000] {dag.py:4180} INFO - Setting next_dagrun for tutorial_taskflow_api to None, run_after=None
[2024-12-29T00:20:33.241+0000] {processor.py:208} INFO - Processing /home/airflow/.local/lib/python3.12/site-packages/airflow/example_dags/tutorial_taskflow_api.py took 0.082 seconds
[2024-12-29T00:21:05.583+0000] {processor.py:186} INFO - Started process (PID=255) to work on /home/airflow/.local/lib/python3.12/site-packages/airflow/example_dags/tutorial_taskflow_api.py
[2024-12-29T00:21:05.585+0000] {processor.py:914} INFO - Processing file /home/airflow/.local/lib/python3.12/site-packages/airflow/example_dags/tutorial_taskflow_api.py for tasks to queue
[2024-12-29T00:21:05.588+0000] {logging_mixin.py:190} INFO - [2024-12-29T00:21:05.588+0000] {dagbag.py:588} INFO - Filling up the DagBag from /home/airflow/.local/lib/python3.12/site-packages/airflow/example_dags/tutorial_taskflow_api.py
[2024-12-29T00:21:05.596+0000] {processor.py:925} INFO - DAG(s) 'tutorial_taskflow_api' retrieved from /home/airflow/.local/lib/python3.12/site-packages/airflow/example_dags/tutorial_taskflow_api.py
[2024-12-29T00:21:05.621+0000] {logging_mixin.py:190} INFO - [2024-12-29T00:21:05.621+0000] {dag.py:3239} INFO - Sync 1 DAGs
[2024-12-29T00:21:05.635+0000] {logging_mixin.py:190} INFO - [2024-12-29T00:21:05.635+0000] {dag.py:4180} INFO - Setting next_dagrun for tutorial_taskflow_api to None, run_after=None
[2024-12-29T00:21:05.659+0000] {processor.py:208} INFO - Processing /home/airflow/.local/lib/python3.12/site-packages/airflow/example_dags/tutorial_taskflow_api.py took 0.081 seconds
[2024-12-29T00:21:36.899+0000] {processor.py:186} INFO - Started process (PID=320) to work on /home/airflow/.local/lib/python3.12/site-packages/airflow/example_dags/tutorial_taskflow_api.py
[2024-12-29T00:21:36.901+0000] {processor.py:914} INFO - Processing file /home/airflow/.local/lib/python3.12/site-packages/airflow/example_dags/tutorial_taskflow_api.py for tasks to queue
[2024-12-29T00:21:36.903+0000] {logging_mixin.py:190} INFO - [2024-12-29T00:21:36.903+0000] {dagbag.py:588} INFO - Filling up the DagBag from /home/airflow/.local/lib/python3.12/site-packages/airflow/example_dags/tutorial_taskflow_api.py
[2024-12-29T00:21:36.913+0000] {processor.py:925} INFO - DAG(s) 'tutorial_taskflow_api' retrieved from /home/airflow/.local/lib/python3.12/site-packages/airflow/example_dags/tutorial_taskflow_api.py
[2024-12-29T00:21:36.942+0000] {logging_mixin.py:190} INFO - [2024-12-29T00:21:36.942+0000] {dag.py:3239} INFO - Sync 1 DAGs
[2024-12-29T00:21:36.962+0000] {logging_mixin.py:190} INFO - [2024-12-29T00:21:36.961+0000] {dag.py:4180} INFO - Setting next_dagrun for tutorial_taskflow_api to None, run_after=None
[2024-12-29T00:21:36.990+0000] {processor.py:208} INFO - Processing /home/airflow/.local/lib/python3.12/site-packages/airflow/example_dags/tutorial_taskflow_api.py took 0.098 seconds
[2024-12-29T00:22:08.526+0000] {processor.py:186} INFO - Started process (PID=385) to work on /home/airflow/.local/lib/python3.12/site-packages/airflow/example_dags/tutorial_taskflow_api.py
[2024-12-29T00:22:08.533+0000] {processor.py:914} INFO - Processing file /home/airflow/.local/lib/python3.12/site-packages/airflow/example_dags/tutorial_taskflow_api.py for tasks to queue
[2024-12-29T00:22:08.537+0000] {logging_mixin.py:190} INFO - [2024-12-29T00:22:08.536+0000] {dagbag.py:588} INFO - Filling up the DagBag from /home/airflow/.local/lib/python3.12/site-packages/airflow/example_dags/tutorial_taskflow_api.py
[2024-12-29T00:22:08.549+0000] {processor.py:925} INFO - DAG(s) 'tutorial_taskflow_api' retrieved from /home/airflow/.local/lib/python3.12/site-packages/airflow/example_dags/tutorial_taskflow_api.py
[2024-12-29T00:22:08.581+0000] {logging_mixin.py:190} INFO - [2024-12-29T00:22:08.581+0000] {dag.py:3239} INFO - Sync 1 DAGs
[2024-12-29T00:22:08.601+0000] {logging_mixin.py:190} INFO - [2024-12-29T00:22:08.600+0000] {dag.py:4180} INFO - Setting next_dagrun for tutorial_taskflow_api to None, run_after=None
[2024-12-29T00:22:08.639+0000] {processor.py:208} INFO - Processing /home/airflow/.local/lib/python3.12/site-packages/airflow/example_dags/tutorial_taskflow_api.py took 0.120 seconds
[2024-12-29T00:22:39.433+0000] {processor.py:186} INFO - Started process (PID=456) to work on /home/airflow/.local/lib/python3.12/site-packages/airflow/example_dags/tutorial_taskflow_api.py
[2024-12-29T00:22:39.436+0000] {processor.py:914} INFO - Processing file /home/airflow/.local/lib/python3.12/site-packages/airflow/example_dags/tutorial_taskflow_api.py for tasks to queue
[2024-12-29T00:22:39.439+0000] {logging_mixin.py:190} INFO - [2024-12-29T00:22:39.438+0000] {dagbag.py:588} INFO - Filling up the DagBag from /home/airflow/.local/lib/python3.12/site-packages/airflow/example_dags/tutorial_taskflow_api.py
[2024-12-29T00:22:39.450+0000] {processor.py:925} INFO - DAG(s) 'tutorial_taskflow_api' retrieved from /home/airflow/.local/lib/python3.12/site-packages/airflow/example_dags/tutorial_taskflow_api.py
[2024-12-29T00:22:39.480+0000] {logging_mixin.py:190} INFO - [2024-12-29T00:22:39.480+0000] {dag.py:3239} INFO - Sync 1 DAGs
[2024-12-29T00:22:39.506+0000] {logging_mixin.py:190} INFO - [2024-12-29T00:22:39.505+0000] {dag.py:4180} INFO - Setting next_dagrun for tutorial_taskflow_api to None, run_after=None
[2024-12-29T00:22:39.555+0000] {processor.py:208} INFO - Processing /home/airflow/.local/lib/python3.12/site-packages/airflow/example_dags/tutorial_taskflow_api.py took 0.129 seconds
[2024-12-29T00:23:12.347+0000] {processor.py:186} INFO - Started process (PID=521) to work on /home/airflow/.local/lib/python3.12/site-packages/airflow/example_dags/tutorial_taskflow_api.py
[2024-12-29T00:23:12.349+0000] {processor.py:914} INFO - Processing file /home/airflow/.local/lib/python3.12/site-packages/airflow/example_dags/tutorial_taskflow_api.py for tasks to queue
[2024-12-29T00:23:12.352+0000] {logging_mixin.py:190} INFO - [2024-12-29T00:23:12.351+0000] {dagbag.py:588} INFO - Filling up the DagBag from /home/airflow/.local/lib/python3.12/site-packages/airflow/example_dags/tutorial_taskflow_api.py
[2024-12-29T00:23:12.362+0000] {processor.py:925} INFO - DAG(s) 'tutorial_taskflow_api' retrieved from /home/airflow/.local/lib/python3.12/site-packages/airflow/example_dags/tutorial_taskflow_api.py
[2024-12-29T00:23:12.392+0000] {logging_mixin.py:190} INFO - [2024-12-29T00:23:12.392+0000] {dag.py:3239} INFO - Sync 1 DAGs
[2024-12-29T00:23:12.412+0000] {logging_mixin.py:190} INFO - [2024-12-29T00:23:12.411+0000] {dag.py:4180} INFO - Setting next_dagrun for tutorial_taskflow_api to None, run_after=None
[2024-12-29T00:23:12.442+0000] {processor.py:208} INFO - Processing /home/airflow/.local/lib/python3.12/site-packages/airflow/example_dags/tutorial_taskflow_api.py took 0.102 seconds
[2024-12-29T00:23:43.892+0000] {processor.py:186} INFO - Started process (PID=587) to work on /home/airflow/.local/lib/python3.12/site-packages/airflow/example_dags/tutorial_taskflow_api.py
[2024-12-29T00:23:43.894+0000] {processor.py:914} INFO - Processing file /home/airflow/.local/lib/python3.12/site-packages/airflow/example_dags/tutorial_taskflow_api.py for tasks to queue
[2024-12-29T00:23:43.897+0000] {logging_mixin.py:190} INFO - [2024-12-29T00:23:43.896+0000] {dagbag.py:588} INFO - Filling up the DagBag from /home/airflow/.local/lib/python3.12/site-packages/airflow/example_dags/tutorial_taskflow_api.py
[2024-12-29T00:23:43.908+0000] {processor.py:925} INFO - DAG(s) 'tutorial_taskflow_api' retrieved from /home/airflow/.local/lib/python3.12/site-packages/airflow/example_dags/tutorial_taskflow_api.py
[2024-12-29T00:23:43.938+0000] {logging_mixin.py:190} INFO - [2024-12-29T00:23:43.938+0000] {dag.py:3239} INFO - Sync 1 DAGs
[2024-12-29T00:23:43.957+0000] {logging_mixin.py:190} INFO - [2024-12-29T00:23:43.956+0000] {dag.py:4180} INFO - Setting next_dagrun for tutorial_taskflow_api to None, run_after=None
[2024-12-29T00:23:43.986+0000] {processor.py:208} INFO - Processing /home/airflow/.local/lib/python3.12/site-packages/airflow/example_dags/tutorial_taskflow_api.py took 0.102 seconds
[2024-12-29T00:24:14.812+0000] {processor.py:186} INFO - Started process (PID=652) to work on /home/airflow/.local/lib/python3.12/site-packages/airflow/example_dags/tutorial_taskflow_api.py
[2024-12-29T00:24:14.813+0000] {processor.py:914} INFO - Processing file /home/airflow/.local/lib/python3.12/site-packages/airflow/example_dags/tutorial_taskflow_api.py for tasks to queue
[2024-12-29T00:24:14.815+0000] {logging_mixin.py:190} INFO - [2024-12-29T00:24:14.815+0000] {dagbag.py:588} INFO - Filling up the DagBag from /home/airflow/.local/lib/python3.12/site-packages/airflow/example_dags/tutorial_taskflow_api.py
[2024-12-29T00:24:14.823+0000] {processor.py:925} INFO - DAG(s) 'tutorial_taskflow_api' retrieved from /home/airflow/.local/lib/python3.12/site-packages/airflow/example_dags/tutorial_taskflow_api.py
[2024-12-29T00:24:14.845+0000] {logging_mixin.py:190} INFO - [2024-12-29T00:24:14.845+0000] {dag.py:3239} INFO - Sync 1 DAGs
[2024-12-29T00:24:14.861+0000] {logging_mixin.py:190} INFO - [2024-12-29T00:24:14.861+0000] {dag.py:4180} INFO - Setting next_dagrun for tutorial_taskflow_api to None, run_after=None
[2024-12-29T00:24:14.885+0000] {processor.py:208} INFO - Processing /home/airflow/.local/lib/python3.12/site-packages/airflow/example_dags/tutorial_taskflow_api.py took 0.079 seconds
[2024-12-29T00:24:46.144+0000] {processor.py:186} INFO - Started process (PID=717) to work on /home/airflow/.local/lib/python3.12/site-packages/airflow/example_dags/tutorial_taskflow_api.py
[2024-12-29T00:24:46.145+0000] {processor.py:914} INFO - Processing file /home/airflow/.local/lib/python3.12/site-packages/airflow/example_dags/tutorial_taskflow_api.py for tasks to queue
[2024-12-29T00:24:46.149+0000] {logging_mixin.py:190} INFO - [2024-12-29T00:24:46.148+0000] {dagbag.py:588} INFO - Filling up the DagBag from /home/airflow/.local/lib/python3.12/site-packages/airflow/example_dags/tutorial_taskflow_api.py
[2024-12-29T00:24:46.162+0000] {processor.py:925} INFO - DAG(s) 'tutorial_taskflow_api' retrieved from /home/airflow/.local/lib/python3.12/site-packages/airflow/example_dags/tutorial_taskflow_api.py
[2024-12-29T00:24:46.198+0000] {logging_mixin.py:190} INFO - [2024-12-29T00:24:46.197+0000] {dag.py:3239} INFO - Sync 1 DAGs
[2024-12-29T00:24:46.221+0000] {logging_mixin.py:190} INFO - [2024-12-29T00:24:46.221+0000] {dag.py:4180} INFO - Setting next_dagrun for tutorial_taskflow_api to None, run_after=None
[2024-12-29T00:24:46.253+0000] {processor.py:208} INFO - Processing /home/airflow/.local/lib/python3.12/site-packages/airflow/example_dags/tutorial_taskflow_api.py took 0.118 seconds
[2024-12-29T00:25:17.214+0000] {processor.py:186} INFO - Started process (PID=782) to work on /home/airflow/.local/lib/python3.12/site-packages/airflow/example_dags/tutorial_taskflow_api.py
[2024-12-29T00:25:17.215+0000] {processor.py:914} INFO - Processing file /home/airflow/.local/lib/python3.12/site-packages/airflow/example_dags/tutorial_taskflow_api.py for tasks to queue
[2024-12-29T00:25:17.217+0000] {logging_mixin.py:190} INFO - [2024-12-29T00:25:17.217+0000] {dagbag.py:588} INFO - Filling up the DagBag from /home/airflow/.local/lib/python3.12/site-packages/airflow/example_dags/tutorial_taskflow_api.py
[2024-12-29T00:25:17.226+0000] {processor.py:925} INFO - DAG(s) 'tutorial_taskflow_api' retrieved from /home/airflow/.local/lib/python3.12/site-packages/airflow/example_dags/tutorial_taskflow_api.py
[2024-12-29T00:25:17.249+0000] {logging_mixin.py:190} INFO - [2024-12-29T00:25:17.249+0000] {dag.py:3239} INFO - Sync 1 DAGs
[2024-12-29T00:25:17.266+0000] {logging_mixin.py:190} INFO - [2024-12-29T00:25:17.266+0000] {dag.py:4180} INFO - Setting next_dagrun for tutorial_taskflow_api to None, run_after=None
[2024-12-29T00:25:17.294+0000] {processor.py:208} INFO - Processing /home/airflow/.local/lib/python3.12/site-packages/airflow/example_dags/tutorial_taskflow_api.py took 0.086 seconds
[2024-12-29T00:25:48.830+0000] {processor.py:186} INFO - Started process (PID=847) to work on /home/airflow/.local/lib/python3.12/site-packages/airflow/example_dags/tutorial_taskflow_api.py
[2024-12-29T00:25:48.832+0000] {processor.py:914} INFO - Processing file /home/airflow/.local/lib/python3.12/site-packages/airflow/example_dags/tutorial_taskflow_api.py for tasks to queue
[2024-12-29T00:25:48.835+0000] {logging_mixin.py:190} INFO - [2024-12-29T00:25:48.834+0000] {dagbag.py:588} INFO - Filling up the DagBag from /home/airflow/.local/lib/python3.12/site-packages/airflow/example_dags/tutorial_taskflow_api.py
[2024-12-29T00:25:48.845+0000] {processor.py:925} INFO - DAG(s) 'tutorial_taskflow_api' retrieved from /home/airflow/.local/lib/python3.12/site-packages/airflow/example_dags/tutorial_taskflow_api.py
[2024-12-29T00:25:48.874+0000] {logging_mixin.py:190} INFO - [2024-12-29T00:25:48.873+0000] {dag.py:3239} INFO - Sync 1 DAGs
[2024-12-29T00:25:48.896+0000] {logging_mixin.py:190} INFO - [2024-12-29T00:25:48.895+0000] {dag.py:4180} INFO - Setting next_dagrun for tutorial_taskflow_api to None, run_after=None
[2024-12-29T00:25:48.925+0000] {processor.py:208} INFO - Processing /home/airflow/.local/lib/python3.12/site-packages/airflow/example_dags/tutorial_taskflow_api.py took 0.101 seconds
[2024-12-29T00:26:19.821+0000] {processor.py:186} INFO - Started process (PID=912) to work on /home/airflow/.local/lib/python3.12/site-packages/airflow/example_dags/tutorial_taskflow_api.py
[2024-12-29T00:26:19.823+0000] {processor.py:914} INFO - Processing file /home/airflow/.local/lib/python3.12/site-packages/airflow/example_dags/tutorial_taskflow_api.py for tasks to queue
[2024-12-29T00:26:19.825+0000] {logging_mixin.py:190} INFO - [2024-12-29T00:26:19.825+0000] {dagbag.py:588} INFO - Filling up the DagBag from /home/airflow/.local/lib/python3.12/site-packages/airflow/example_dags/tutorial_taskflow_api.py
[2024-12-29T00:26:19.834+0000] {processor.py:925} INFO - DAG(s) 'tutorial_taskflow_api' retrieved from /home/airflow/.local/lib/python3.12/site-packages/airflow/example_dags/tutorial_taskflow_api.py
[2024-12-29T00:26:19.858+0000] {logging_mixin.py:190} INFO - [2024-12-29T00:26:19.858+0000] {dag.py:3239} INFO - Sync 1 DAGs
[2024-12-29T00:26:19.875+0000] {logging_mixin.py:190} INFO - [2024-12-29T00:26:19.875+0000] {dag.py:4180} INFO - Setting next_dagrun for tutorial_taskflow_api to None, run_after=None
[2024-12-29T00:26:19.903+0000] {processor.py:208} INFO - Processing /home/airflow/.local/lib/python3.12/site-packages/airflow/example_dags/tutorial_taskflow_api.py took 0.088 seconds
[2024-12-29T00:26:51.307+0000] {processor.py:186} INFO - Started process (PID=977) to work on /home/airflow/.local/lib/python3.12/site-packages/airflow/example_dags/tutorial_taskflow_api.py
[2024-12-29T00:26:51.309+0000] {processor.py:914} INFO - Processing file /home/airflow/.local/lib/python3.12/site-packages/airflow/example_dags/tutorial_taskflow_api.py for tasks to queue
[2024-12-29T00:26:51.311+0000] {logging_mixin.py:190} INFO - [2024-12-29T00:26:51.311+0000] {dagbag.py:588} INFO - Filling up the DagBag from /home/airflow/.local/lib/python3.12/site-packages/airflow/example_dags/tutorial_taskflow_api.py
[2024-12-29T00:26:51.320+0000] {processor.py:925} INFO - DAG(s) 'tutorial_taskflow_api' retrieved from /home/airflow/.local/lib/python3.12/site-packages/airflow/example_dags/tutorial_taskflow_api.py
[2024-12-29T00:26:51.347+0000] {logging_mixin.py:190} INFO - [2024-12-29T00:26:51.347+0000] {dag.py:3239} INFO - Sync 1 DAGs
[2024-12-29T00:26:51.365+0000] {logging_mixin.py:190} INFO - [2024-12-29T00:26:51.365+0000] {dag.py:4180} INFO - Setting next_dagrun for tutorial_taskflow_api to None, run_after=None
[2024-12-29T00:26:51.393+0000] {processor.py:208} INFO - Processing /home/airflow/.local/lib/python3.12/site-packages/airflow/example_dags/tutorial_taskflow_api.py took 0.096 seconds
[2024-12-29T00:27:23.138+0000] {processor.py:186} INFO - Started process (PID=1042) to work on /home/airflow/.local/lib/python3.12/site-packages/airflow/example_dags/tutorial_taskflow_api.py
[2024-12-29T00:27:23.140+0000] {processor.py:914} INFO - Processing file /home/airflow/.local/lib/python3.12/site-packages/airflow/example_dags/tutorial_taskflow_api.py for tasks to queue
[2024-12-29T00:27:23.143+0000] {logging_mixin.py:190} INFO - [2024-12-29T00:27:23.142+0000] {dagbag.py:588} INFO - Filling up the DagBag from /home/airflow/.local/lib/python3.12/site-packages/airflow/example_dags/tutorial_taskflow_api.py
[2024-12-29T00:27:23.161+0000] {processor.py:925} INFO - DAG(s) 'tutorial_taskflow_api' retrieved from /home/airflow/.local/lib/python3.12/site-packages/airflow/example_dags/tutorial_taskflow_api.py
[2024-12-29T00:27:23.198+0000] {logging_mixin.py:190} INFO - [2024-12-29T00:27:23.198+0000] {dag.py:3239} INFO - Sync 1 DAGs
[2024-12-29T00:27:23.220+0000] {logging_mixin.py:190} INFO - [2024-12-29T00:27:23.220+0000] {dag.py:4180} INFO - Setting next_dagrun for tutorial_taskflow_api to None, run_after=None
[2024-12-29T00:27:23.252+0000] {processor.py:208} INFO - Processing /home/airflow/.local/lib/python3.12/site-packages/airflow/example_dags/tutorial_taskflow_api.py took 0.123 seconds
[2024-12-29T00:27:53.866+0000] {processor.py:186} INFO - Started process (PID=1107) to work on /home/airflow/.local/lib/python3.12/site-packages/airflow/example_dags/tutorial_taskflow_api.py
[2024-12-29T00:27:53.867+0000] {processor.py:914} INFO - Processing file /home/airflow/.local/lib/python3.12/site-packages/airflow/example_dags/tutorial_taskflow_api.py for tasks to queue
[2024-12-29T00:27:53.870+0000] {logging_mixin.py:190} INFO - [2024-12-29T00:27:53.870+0000] {dagbag.py:588} INFO - Filling up the DagBag from /home/airflow/.local/lib/python3.12/site-packages/airflow/example_dags/tutorial_taskflow_api.py
[2024-12-29T00:27:53.881+0000] {processor.py:925} INFO - DAG(s) 'tutorial_taskflow_api' retrieved from /home/airflow/.local/lib/python3.12/site-packages/airflow/example_dags/tutorial_taskflow_api.py
[2024-12-29T00:27:53.913+0000] {logging_mixin.py:190} INFO - [2024-12-29T00:27:53.912+0000] {dag.py:3239} INFO - Sync 1 DAGs
[2024-12-29T00:27:53.937+0000] {logging_mixin.py:190} INFO - [2024-12-29T00:27:53.936+0000] {dag.py:4180} INFO - Setting next_dagrun for tutorial_taskflow_api to None, run_after=None
[2024-12-29T00:27:53.969+0000] {processor.py:208} INFO - Processing /home/airflow/.local/lib/python3.12/site-packages/airflow/example_dags/tutorial_taskflow_api.py took 0.110 seconds
[2024-12-29T00:28:24.742+0000] {processor.py:186} INFO - Started process (PID=1173) to work on /home/airflow/.local/lib/python3.12/site-packages/airflow/example_dags/tutorial_taskflow_api.py
[2024-12-29T00:28:24.743+0000] {processor.py:914} INFO - Processing file /home/airflow/.local/lib/python3.12/site-packages/airflow/example_dags/tutorial_taskflow_api.py for tasks to queue
[2024-12-29T00:28:24.745+0000] {logging_mixin.py:190} INFO - [2024-12-29T00:28:24.745+0000] {dagbag.py:588} INFO - Filling up the DagBag from /home/airflow/.local/lib/python3.12/site-packages/airflow/example_dags/tutorial_taskflow_api.py
[2024-12-29T00:28:24.754+0000] {processor.py:925} INFO - DAG(s) 'tutorial_taskflow_api' retrieved from /home/airflow/.local/lib/python3.12/site-packages/airflow/example_dags/tutorial_taskflow_api.py
[2024-12-29T00:28:24.780+0000] {logging_mixin.py:190} INFO - [2024-12-29T00:28:24.779+0000] {dag.py:3239} INFO - Sync 1 DAGs
[2024-12-29T00:28:24.795+0000] {logging_mixin.py:190} INFO - [2024-12-29T00:28:24.795+0000] {dag.py:4180} INFO - Setting next_dagrun for tutorial_taskflow_api to None, run_after=None
[2024-12-29T00:28:24.820+0000] {processor.py:208} INFO - Processing /home/airflow/.local/lib/python3.12/site-packages/airflow/example_dags/tutorial_taskflow_api.py took 0.086 seconds
[2024-12-29T00:28:55.940+0000] {processor.py:186} INFO - Started process (PID=1238) to work on /home/airflow/.local/lib/python3.12/site-packages/airflow/example_dags/tutorial_taskflow_api.py
[2024-12-29T00:28:55.942+0000] {processor.py:914} INFO - Processing file /home/airflow/.local/lib/python3.12/site-packages/airflow/example_dags/tutorial_taskflow_api.py for tasks to queue
[2024-12-29T00:28:55.945+0000] {logging_mixin.py:190} INFO - [2024-12-29T00:28:55.945+0000] {dagbag.py:588} INFO - Filling up the DagBag from /home/airflow/.local/lib/python3.12/site-packages/airflow/example_dags/tutorial_taskflow_api.py
[2024-12-29T00:28:55.954+0000] {processor.py:925} INFO - DAG(s) 'tutorial_taskflow_api' retrieved from /home/airflow/.local/lib/python3.12/site-packages/airflow/example_dags/tutorial_taskflow_api.py
[2024-12-29T00:28:55.978+0000] {logging_mixin.py:190} INFO - [2024-12-29T00:28:55.978+0000] {dag.py:3239} INFO - Sync 1 DAGs
[2024-12-29T00:28:55.995+0000] {logging_mixin.py:190} INFO - [2024-12-29T00:28:55.995+0000] {dag.py:4180} INFO - Setting next_dagrun for tutorial_taskflow_api to None, run_after=None
[2024-12-29T00:28:56.019+0000] {processor.py:208} INFO - Processing /home/airflow/.local/lib/python3.12/site-packages/airflow/example_dags/tutorial_taskflow_api.py took 0.085 seconds
[2024-12-29T00:29:27.712+0000] {processor.py:186} INFO - Started process (PID=1303) to work on /home/airflow/.local/lib/python3.12/site-packages/airflow/example_dags/tutorial_taskflow_api.py
[2024-12-29T00:29:27.714+0000] {processor.py:914} INFO - Processing file /home/airflow/.local/lib/python3.12/site-packages/airflow/example_dags/tutorial_taskflow_api.py for tasks to queue
[2024-12-29T00:29:27.716+0000] {logging_mixin.py:190} INFO - [2024-12-29T00:29:27.716+0000] {dagbag.py:588} INFO - Filling up the DagBag from /home/airflow/.local/lib/python3.12/site-packages/airflow/example_dags/tutorial_taskflow_api.py
[2024-12-29T00:29:27.725+0000] {processor.py:925} INFO - DAG(s) 'tutorial_taskflow_api' retrieved from /home/airflow/.local/lib/python3.12/site-packages/airflow/example_dags/tutorial_taskflow_api.py
[2024-12-29T00:29:27.748+0000] {logging_mixin.py:190} INFO - [2024-12-29T00:29:27.748+0000] {dag.py:3239} INFO - Sync 1 DAGs
[2024-12-29T00:29:27.763+0000] {logging_mixin.py:190} INFO - [2024-12-29T00:29:27.763+0000] {dag.py:4180} INFO - Setting next_dagrun for tutorial_taskflow_api to None, run_after=None
[2024-12-29T00:29:27.791+0000] {processor.py:208} INFO - Processing /home/airflow/.local/lib/python3.12/site-packages/airflow/example_dags/tutorial_taskflow_api.py took 0.085 seconds
[2024-12-29T00:29:58.427+0000] {processor.py:186} INFO - Started process (PID=1368) to work on /home/airflow/.local/lib/python3.12/site-packages/airflow/example_dags/tutorial_taskflow_api.py
[2024-12-29T00:29:58.429+0000] {processor.py:914} INFO - Processing file /home/airflow/.local/lib/python3.12/site-packages/airflow/example_dags/tutorial_taskflow_api.py for tasks to queue
[2024-12-29T00:29:58.432+0000] {logging_mixin.py:190} INFO - [2024-12-29T00:29:58.431+0000] {dagbag.py:588} INFO - Filling up the DagBag from /home/airflow/.local/lib/python3.12/site-packages/airflow/example_dags/tutorial_taskflow_api.py
[2024-12-29T00:29:58.440+0000] {processor.py:925} INFO - DAG(s) 'tutorial_taskflow_api' retrieved from /home/airflow/.local/lib/python3.12/site-packages/airflow/example_dags/tutorial_taskflow_api.py
[2024-12-29T00:29:58.466+0000] {logging_mixin.py:190} INFO - [2024-12-29T00:29:58.466+0000] {dag.py:3239} INFO - Sync 1 DAGs
[2024-12-29T00:29:58.480+0000] {logging_mixin.py:190} INFO - [2024-12-29T00:29:58.480+0000] {dag.py:4180} INFO - Setting next_dagrun for tutorial_taskflow_api to None, run_after=None
[2024-12-29T00:29:58.505+0000] {processor.py:208} INFO - Processing /home/airflow/.local/lib/python3.12/site-packages/airflow/example_dags/tutorial_taskflow_api.py took 0.083 seconds
[2024-12-29T00:30:29.327+0000] {processor.py:186} INFO - Started process (PID=1433) to work on /home/airflow/.local/lib/python3.12/site-packages/airflow/example_dags/tutorial_taskflow_api.py
[2024-12-29T00:30:29.328+0000] {processor.py:914} INFO - Processing file /home/airflow/.local/lib/python3.12/site-packages/airflow/example_dags/tutorial_taskflow_api.py for tasks to queue
[2024-12-29T00:30:29.331+0000] {logging_mixin.py:190} INFO - [2024-12-29T00:30:29.330+0000] {dagbag.py:588} INFO - Filling up the DagBag from /home/airflow/.local/lib/python3.12/site-packages/airflow/example_dags/tutorial_taskflow_api.py
[2024-12-29T00:30:29.338+0000] {processor.py:925} INFO - DAG(s) 'tutorial_taskflow_api' retrieved from /home/airflow/.local/lib/python3.12/site-packages/airflow/example_dags/tutorial_taskflow_api.py
[2024-12-29T00:30:29.362+0000] {logging_mixin.py:190} INFO - [2024-12-29T00:30:29.362+0000] {dag.py:3239} INFO - Sync 1 DAGs
[2024-12-29T00:30:29.378+0000] {logging_mixin.py:190} INFO - [2024-12-29T00:30:29.377+0000] {dag.py:4180} INFO - Setting next_dagrun for tutorial_taskflow_api to None, run_after=None
[2024-12-29T00:30:29.401+0000] {processor.py:208} INFO - Processing /home/airflow/.local/lib/python3.12/site-packages/airflow/example_dags/tutorial_taskflow_api.py took 0.080 seconds
[2024-12-29T00:31:01.315+0000] {processor.py:186} INFO - Started process (PID=1500) to work on /home/airflow/.local/lib/python3.12/site-packages/airflow/example_dags/tutorial_taskflow_api.py
[2024-12-29T00:31:01.317+0000] {processor.py:914} INFO - Processing file /home/airflow/.local/lib/python3.12/site-packages/airflow/example_dags/tutorial_taskflow_api.py for tasks to queue
[2024-12-29T00:31:01.320+0000] {logging_mixin.py:190} INFO - [2024-12-29T00:31:01.319+0000] {dagbag.py:588} INFO - Filling up the DagBag from /home/airflow/.local/lib/python3.12/site-packages/airflow/example_dags/tutorial_taskflow_api.py
[2024-12-29T00:31:01.331+0000] {processor.py:925} INFO - DAG(s) 'tutorial_taskflow_api' retrieved from /home/airflow/.local/lib/python3.12/site-packages/airflow/example_dags/tutorial_taskflow_api.py
[2024-12-29T00:31:01.370+0000] {logging_mixin.py:190} INFO - [2024-12-29T00:31:01.370+0000] {dag.py:3239} INFO - Sync 1 DAGs
[2024-12-29T00:31:01.392+0000] {logging_mixin.py:190} INFO - [2024-12-29T00:31:01.392+0000] {dag.py:4180} INFO - Setting next_dagrun for tutorial_taskflow_api to None, run_after=None
[2024-12-29T00:31:01.422+0000] {processor.py:208} INFO - Processing /home/airflow/.local/lib/python3.12/site-packages/airflow/example_dags/tutorial_taskflow_api.py took 0.118 seconds
[2024-12-29T00:31:32.419+0000] {processor.py:186} INFO - Started process (PID=1566) to work on /home/airflow/.local/lib/python3.12/site-packages/airflow/example_dags/tutorial_taskflow_api.py
[2024-12-29T00:31:32.421+0000] {processor.py:914} INFO - Processing file /home/airflow/.local/lib/python3.12/site-packages/airflow/example_dags/tutorial_taskflow_api.py for tasks to queue
[2024-12-29T00:31:32.425+0000] {logging_mixin.py:190} INFO - [2024-12-29T00:31:32.424+0000] {dagbag.py:588} INFO - Filling up the DagBag from /home/airflow/.local/lib/python3.12/site-packages/airflow/example_dags/tutorial_taskflow_api.py
[2024-12-29T00:31:32.436+0000] {processor.py:925} INFO - DAG(s) 'tutorial_taskflow_api' retrieved from /home/airflow/.local/lib/python3.12/site-packages/airflow/example_dags/tutorial_taskflow_api.py
[2024-12-29T00:31:32.466+0000] {logging_mixin.py:190} INFO - [2024-12-29T00:31:32.466+0000] {dag.py:3239} INFO - Sync 1 DAGs
[2024-12-29T00:31:32.486+0000] {logging_mixin.py:190} INFO - [2024-12-29T00:31:32.486+0000] {dag.py:4180} INFO - Setting next_dagrun for tutorial_taskflow_api to None, run_after=None
[2024-12-29T00:31:32.516+0000] {processor.py:208} INFO - Processing /home/airflow/.local/lib/python3.12/site-packages/airflow/example_dags/tutorial_taskflow_api.py took 0.104 seconds
[2024-12-29T00:32:03.533+0000] {processor.py:186} INFO - Started process (PID=1632) to work on /home/airflow/.local/lib/python3.12/site-packages/airflow/example_dags/tutorial_taskflow_api.py
[2024-12-29T00:32:03.535+0000] {processor.py:914} INFO - Processing file /home/airflow/.local/lib/python3.12/site-packages/airflow/example_dags/tutorial_taskflow_api.py for tasks to queue
[2024-12-29T00:32:03.538+0000] {logging_mixin.py:190} INFO - [2024-12-29T00:32:03.538+0000] {dagbag.py:588} INFO - Filling up the DagBag from /home/airflow/.local/lib/python3.12/site-packages/airflow/example_dags/tutorial_taskflow_api.py
[2024-12-29T00:32:03.546+0000] {processor.py:925} INFO - DAG(s) 'tutorial_taskflow_api' retrieved from /home/airflow/.local/lib/python3.12/site-packages/airflow/example_dags/tutorial_taskflow_api.py
[2024-12-29T00:32:03.572+0000] {logging_mixin.py:190} INFO - [2024-12-29T00:32:03.571+0000] {dag.py:3239} INFO - Sync 1 DAGs
[2024-12-29T00:32:03.589+0000] {logging_mixin.py:190} INFO - [2024-12-29T00:32:03.589+0000] {dag.py:4180} INFO - Setting next_dagrun for tutorial_taskflow_api to None, run_after=None
[2024-12-29T00:32:03.615+0000] {processor.py:208} INFO - Processing /home/airflow/.local/lib/python3.12/site-packages/airflow/example_dags/tutorial_taskflow_api.py took 0.090 seconds
[2024-12-29T00:32:35.998+0000] {processor.py:186} INFO - Started process (PID=1705) to work on /home/airflow/.local/lib/python3.12/site-packages/airflow/example_dags/tutorial_taskflow_api.py
[2024-12-29T00:32:36.000+0000] {processor.py:914} INFO - Processing file /home/airflow/.local/lib/python3.12/site-packages/airflow/example_dags/tutorial_taskflow_api.py for tasks to queue
[2024-12-29T00:32:36.002+0000] {logging_mixin.py:190} INFO - [2024-12-29T00:32:36.002+0000] {dagbag.py:588} INFO - Filling up the DagBag from /home/airflow/.local/lib/python3.12/site-packages/airflow/example_dags/tutorial_taskflow_api.py
[2024-12-29T00:32:36.012+0000] {processor.py:925} INFO - DAG(s) 'tutorial_taskflow_api' retrieved from /home/airflow/.local/lib/python3.12/site-packages/airflow/example_dags/tutorial_taskflow_api.py
[2024-12-29T00:32:36.037+0000] {logging_mixin.py:190} INFO - [2024-12-29T00:32:36.037+0000] {dag.py:3239} INFO - Sync 1 DAGs
[2024-12-29T00:32:36.055+0000] {logging_mixin.py:190} INFO - [2024-12-29T00:32:36.055+0000] {dag.py:4180} INFO - Setting next_dagrun for tutorial_taskflow_api to None, run_after=None
[2024-12-29T00:32:36.083+0000] {processor.py:208} INFO - Processing /home/airflow/.local/lib/python3.12/site-packages/airflow/example_dags/tutorial_taskflow_api.py took 0.091 seconds
[2024-12-29T00:33:07.143+0000] {processor.py:186} INFO - Started process (PID=1770) to work on /home/airflow/.local/lib/python3.12/site-packages/airflow/example_dags/tutorial_taskflow_api.py
[2024-12-29T00:33:07.145+0000] {processor.py:914} INFO - Processing file /home/airflow/.local/lib/python3.12/site-packages/airflow/example_dags/tutorial_taskflow_api.py for tasks to queue
[2024-12-29T00:33:07.148+0000] {logging_mixin.py:190} INFO - [2024-12-29T00:33:07.148+0000] {dagbag.py:588} INFO - Filling up the DagBag from /home/airflow/.local/lib/python3.12/site-packages/airflow/example_dags/tutorial_taskflow_api.py
[2024-12-29T00:33:07.158+0000] {processor.py:925} INFO - DAG(s) 'tutorial_taskflow_api' retrieved from /home/airflow/.local/lib/python3.12/site-packages/airflow/example_dags/tutorial_taskflow_api.py
[2024-12-29T00:33:07.185+0000] {logging_mixin.py:190} INFO - [2024-12-29T00:33:07.185+0000] {dag.py:3239} INFO - Sync 1 DAGs
[2024-12-29T00:33:07.203+0000] {logging_mixin.py:190} INFO - [2024-12-29T00:33:07.203+0000] {dag.py:4180} INFO - Setting next_dagrun for tutorial_taskflow_api to None, run_after=None
[2024-12-29T00:33:07.230+0000] {processor.py:208} INFO - Processing /home/airflow/.local/lib/python3.12/site-packages/airflow/example_dags/tutorial_taskflow_api.py took 0.094 seconds
[2024-12-29T00:33:39.024+0000] {processor.py:186} INFO - Started process (PID=1835) to work on /home/airflow/.local/lib/python3.12/site-packages/airflow/example_dags/tutorial_taskflow_api.py
[2024-12-29T00:33:39.026+0000] {processor.py:914} INFO - Processing file /home/airflow/.local/lib/python3.12/site-packages/airflow/example_dags/tutorial_taskflow_api.py for tasks to queue
[2024-12-29T00:33:39.029+0000] {logging_mixin.py:190} INFO - [2024-12-29T00:33:39.029+0000] {dagbag.py:588} INFO - Filling up the DagBag from /home/airflow/.local/lib/python3.12/site-packages/airflow/example_dags/tutorial_taskflow_api.py
[2024-12-29T00:33:39.040+0000] {processor.py:925} INFO - DAG(s) 'tutorial_taskflow_api' retrieved from /home/airflow/.local/lib/python3.12/site-packages/airflow/example_dags/tutorial_taskflow_api.py
[2024-12-29T00:33:39.071+0000] {logging_mixin.py:190} INFO - [2024-12-29T00:33:39.071+0000] {dag.py:3239} INFO - Sync 1 DAGs
[2024-12-29T00:33:39.092+0000] {logging_mixin.py:190} INFO - [2024-12-29T00:33:39.092+0000] {dag.py:4180} INFO - Setting next_dagrun for tutorial_taskflow_api to None, run_after=None
[2024-12-29T00:33:39.125+0000] {processor.py:208} INFO - Processing /home/airflow/.local/lib/python3.12/site-packages/airflow/example_dags/tutorial_taskflow_api.py took 0.108 seconds
[2024-12-29T00:34:10.108+0000] {processor.py:186} INFO - Started process (PID=1906) to work on /home/airflow/.local/lib/python3.12/site-packages/airflow/example_dags/tutorial_taskflow_api.py
[2024-12-29T00:34:10.110+0000] {processor.py:914} INFO - Processing file /home/airflow/.local/lib/python3.12/site-packages/airflow/example_dags/tutorial_taskflow_api.py for tasks to queue
[2024-12-29T00:34:10.114+0000] {logging_mixin.py:190} INFO - [2024-12-29T00:34:10.113+0000] {dagbag.py:588} INFO - Filling up the DagBag from /home/airflow/.local/lib/python3.12/site-packages/airflow/example_dags/tutorial_taskflow_api.py
[2024-12-29T00:34:10.129+0000] {processor.py:925} INFO - DAG(s) 'tutorial_taskflow_api' retrieved from /home/airflow/.local/lib/python3.12/site-packages/airflow/example_dags/tutorial_taskflow_api.py
[2024-12-29T00:34:10.158+0000] {logging_mixin.py:190} INFO - [2024-12-29T00:34:10.157+0000] {dag.py:3239} INFO - Sync 1 DAGs
[2024-12-29T00:34:10.179+0000] {logging_mixin.py:190} INFO - [2024-12-29T00:34:10.178+0000] {dag.py:4180} INFO - Setting next_dagrun for tutorial_taskflow_api to None, run_after=None
[2024-12-29T00:34:10.211+0000] {processor.py:208} INFO - Processing /home/airflow/.local/lib/python3.12/site-packages/airflow/example_dags/tutorial_taskflow_api.py took 0.110 seconds
[2024-12-29T00:34:41.661+0000] {processor.py:186} INFO - Started process (PID=1971) to work on /home/airflow/.local/lib/python3.12/site-packages/airflow/example_dags/tutorial_taskflow_api.py
[2024-12-29T00:34:41.662+0000] {processor.py:914} INFO - Processing file /home/airflow/.local/lib/python3.12/site-packages/airflow/example_dags/tutorial_taskflow_api.py for tasks to queue
[2024-12-29T00:34:41.666+0000] {logging_mixin.py:190} INFO - [2024-12-29T00:34:41.665+0000] {dagbag.py:588} INFO - Filling up the DagBag from /home/airflow/.local/lib/python3.12/site-packages/airflow/example_dags/tutorial_taskflow_api.py
[2024-12-29T00:34:41.675+0000] {processor.py:925} INFO - DAG(s) 'tutorial_taskflow_api' retrieved from /home/airflow/.local/lib/python3.12/site-packages/airflow/example_dags/tutorial_taskflow_api.py
[2024-12-29T00:34:41.702+0000] {logging_mixin.py:190} INFO - [2024-12-29T00:34:41.701+0000] {dag.py:3239} INFO - Sync 1 DAGs
[2024-12-29T00:34:41.720+0000] {logging_mixin.py:190} INFO - [2024-12-29T00:34:41.720+0000] {dag.py:4180} INFO - Setting next_dagrun for tutorial_taskflow_api to None, run_after=None
[2024-12-29T00:34:41.751+0000] {processor.py:208} INFO - Processing /home/airflow/.local/lib/python3.12/site-packages/airflow/example_dags/tutorial_taskflow_api.py took 0.097 seconds
[2024-12-29T00:35:12.766+0000] {processor.py:186} INFO - Started process (PID=2036) to work on /home/airflow/.local/lib/python3.12/site-packages/airflow/example_dags/tutorial_taskflow_api.py
[2024-12-29T00:35:12.768+0000] {processor.py:914} INFO - Processing file /home/airflow/.local/lib/python3.12/site-packages/airflow/example_dags/tutorial_taskflow_api.py for tasks to queue
[2024-12-29T00:35:12.772+0000] {logging_mixin.py:190} INFO - [2024-12-29T00:35:12.771+0000] {dagbag.py:588} INFO - Filling up the DagBag from /home/airflow/.local/lib/python3.12/site-packages/airflow/example_dags/tutorial_taskflow_api.py
[2024-12-29T00:35:12.782+0000] {processor.py:925} INFO - DAG(s) 'tutorial_taskflow_api' retrieved from /home/airflow/.local/lib/python3.12/site-packages/airflow/example_dags/tutorial_taskflow_api.py
[2024-12-29T00:35:12.812+0000] {logging_mixin.py:190} INFO - [2024-12-29T00:35:12.812+0000] {dag.py:3239} INFO - Sync 1 DAGs
[2024-12-29T00:35:12.840+0000] {logging_mixin.py:190} INFO - [2024-12-29T00:35:12.839+0000] {dag.py:4180} INFO - Setting next_dagrun for tutorial_taskflow_api to None, run_after=None
[2024-12-29T00:35:12.881+0000] {processor.py:208} INFO - Processing /home/airflow/.local/lib/python3.12/site-packages/airflow/example_dags/tutorial_taskflow_api.py took 0.123 seconds
[2024-12-29T00:35:43.277+0000] {processor.py:186} INFO - Started process (PID=2101) to work on /home/airflow/.local/lib/python3.12/site-packages/airflow/example_dags/tutorial_taskflow_api.py
[2024-12-29T00:35:43.279+0000] {processor.py:914} INFO - Processing file /home/airflow/.local/lib/python3.12/site-packages/airflow/example_dags/tutorial_taskflow_api.py for tasks to queue
[2024-12-29T00:35:43.283+0000] {logging_mixin.py:190} INFO - [2024-12-29T00:35:43.282+0000] {dagbag.py:588} INFO - Filling up the DagBag from /home/airflow/.local/lib/python3.12/site-packages/airflow/example_dags/tutorial_taskflow_api.py
[2024-12-29T00:35:43.292+0000] {processor.py:925} INFO - DAG(s) 'tutorial_taskflow_api' retrieved from /home/airflow/.local/lib/python3.12/site-packages/airflow/example_dags/tutorial_taskflow_api.py
[2024-12-29T00:35:43.319+0000] {logging_mixin.py:190} INFO - [2024-12-29T00:35:43.318+0000] {dag.py:3239} INFO - Sync 1 DAGs
[2024-12-29T00:35:43.335+0000] {logging_mixin.py:190} INFO - [2024-12-29T00:35:43.335+0000] {dag.py:4180} INFO - Setting next_dagrun for tutorial_taskflow_api to None, run_after=None
[2024-12-29T00:35:43.362+0000] {processor.py:208} INFO - Processing /home/airflow/.local/lib/python3.12/site-packages/airflow/example_dags/tutorial_taskflow_api.py took 0.091 seconds
[2024-12-29T00:36:14.293+0000] {processor.py:186} INFO - Started process (PID=2166) to work on /home/airflow/.local/lib/python3.12/site-packages/airflow/example_dags/tutorial_taskflow_api.py
[2024-12-29T00:36:14.294+0000] {processor.py:914} INFO - Processing file /home/airflow/.local/lib/python3.12/site-packages/airflow/example_dags/tutorial_taskflow_api.py for tasks to queue
[2024-12-29T00:36:14.297+0000] {logging_mixin.py:190} INFO - [2024-12-29T00:36:14.296+0000] {dagbag.py:588} INFO - Filling up the DagBag from /home/airflow/.local/lib/python3.12/site-packages/airflow/example_dags/tutorial_taskflow_api.py
[2024-12-29T00:36:14.306+0000] {processor.py:925} INFO - DAG(s) 'tutorial_taskflow_api' retrieved from /home/airflow/.local/lib/python3.12/site-packages/airflow/example_dags/tutorial_taskflow_api.py
[2024-12-29T00:36:14.334+0000] {logging_mixin.py:190} INFO - [2024-12-29T00:36:14.333+0000] {dag.py:3239} INFO - Sync 1 DAGs
[2024-12-29T00:36:14.352+0000] {logging_mixin.py:190} INFO - [2024-12-29T00:36:14.352+0000] {dag.py:4180} INFO - Setting next_dagrun for tutorial_taskflow_api to None, run_after=None
[2024-12-29T00:36:14.383+0000] {processor.py:208} INFO - Processing /home/airflow/.local/lib/python3.12/site-packages/airflow/example_dags/tutorial_taskflow_api.py took 0.097 seconds
[2024-12-29T00:36:45.190+0000] {processor.py:186} INFO - Started process (PID=2231) to work on /home/airflow/.local/lib/python3.12/site-packages/airflow/example_dags/tutorial_taskflow_api.py
[2024-12-29T00:36:45.192+0000] {processor.py:914} INFO - Processing file /home/airflow/.local/lib/python3.12/site-packages/airflow/example_dags/tutorial_taskflow_api.py for tasks to queue
[2024-12-29T00:36:45.196+0000] {logging_mixin.py:190} INFO - [2024-12-29T00:36:45.195+0000] {dagbag.py:588} INFO - Filling up the DagBag from /home/airflow/.local/lib/python3.12/site-packages/airflow/example_dags/tutorial_taskflow_api.py
[2024-12-29T00:36:45.205+0000] {processor.py:925} INFO - DAG(s) 'tutorial_taskflow_api' retrieved from /home/airflow/.local/lib/python3.12/site-packages/airflow/example_dags/tutorial_taskflow_api.py
[2024-12-29T00:36:45.235+0000] {logging_mixin.py:190} INFO - [2024-12-29T00:36:45.234+0000] {dag.py:3239} INFO - Sync 1 DAGs
[2024-12-29T00:36:45.253+0000] {logging_mixin.py:190} INFO - [2024-12-29T00:36:45.252+0000] {dag.py:4180} INFO - Setting next_dagrun for tutorial_taskflow_api to None, run_after=None
[2024-12-29T00:36:45.283+0000] {processor.py:208} INFO - Processing /home/airflow/.local/lib/python3.12/site-packages/airflow/example_dags/tutorial_taskflow_api.py took 0.099 seconds
[2024-12-29T00:37:16.203+0000] {processor.py:186} INFO - Started process (PID=2296) to work on /home/airflow/.local/lib/python3.12/site-packages/airflow/example_dags/tutorial_taskflow_api.py
[2024-12-29T00:37:16.204+0000] {processor.py:914} INFO - Processing file /home/airflow/.local/lib/python3.12/site-packages/airflow/example_dags/tutorial_taskflow_api.py for tasks to queue
[2024-12-29T00:37:16.207+0000] {logging_mixin.py:190} INFO - [2024-12-29T00:37:16.206+0000] {dagbag.py:588} INFO - Filling up the DagBag from /home/airflow/.local/lib/python3.12/site-packages/airflow/example_dags/tutorial_taskflow_api.py
[2024-12-29T00:37:16.215+0000] {processor.py:925} INFO - DAG(s) 'tutorial_taskflow_api' retrieved from /home/airflow/.local/lib/python3.12/site-packages/airflow/example_dags/tutorial_taskflow_api.py
[2024-12-29T00:37:16.240+0000] {logging_mixin.py:190} INFO - [2024-12-29T00:37:16.239+0000] {dag.py:3239} INFO - Sync 1 DAGs
[2024-12-29T00:37:16.254+0000] {logging_mixin.py:190} INFO - [2024-12-29T00:37:16.254+0000] {dag.py:4180} INFO - Setting next_dagrun for tutorial_taskflow_api to None, run_after=None
[2024-12-29T00:37:16.285+0000] {processor.py:208} INFO - Processing /home/airflow/.local/lib/python3.12/site-packages/airflow/example_dags/tutorial_taskflow_api.py took 0.088 seconds
[2024-12-29T00:37:48.171+0000] {processor.py:186} INFO - Started process (PID=2362) to work on /home/airflow/.local/lib/python3.12/site-packages/airflow/example_dags/tutorial_taskflow_api.py
[2024-12-29T00:37:48.174+0000] {processor.py:914} INFO - Processing file /home/airflow/.local/lib/python3.12/site-packages/airflow/example_dags/tutorial_taskflow_api.py for tasks to queue
[2024-12-29T00:37:48.177+0000] {logging_mixin.py:190} INFO - [2024-12-29T00:37:48.177+0000] {dagbag.py:588} INFO - Filling up the DagBag from /home/airflow/.local/lib/python3.12/site-packages/airflow/example_dags/tutorial_taskflow_api.py
[2024-12-29T00:37:48.190+0000] {processor.py:925} INFO - DAG(s) 'tutorial_taskflow_api' retrieved from /home/airflow/.local/lib/python3.12/site-packages/airflow/example_dags/tutorial_taskflow_api.py
[2024-12-29T00:37:48.247+0000] {logging_mixin.py:190} INFO - [2024-12-29T00:37:48.247+0000] {dag.py:3239} INFO - Sync 1 DAGs
[2024-12-29T00:37:48.278+0000] {logging_mixin.py:190} INFO - [2024-12-29T00:37:48.277+0000] {dag.py:4180} INFO - Setting next_dagrun for tutorial_taskflow_api to None, run_after=None
[2024-12-29T00:37:48.323+0000] {processor.py:208} INFO - Processing /home/airflow/.local/lib/python3.12/site-packages/airflow/example_dags/tutorial_taskflow_api.py took 0.159 seconds
[2024-12-29T00:38:19.178+0000] {processor.py:186} INFO - Started process (PID=2427) to work on /home/airflow/.local/lib/python3.12/site-packages/airflow/example_dags/tutorial_taskflow_api.py
[2024-12-29T00:38:19.180+0000] {processor.py:914} INFO - Processing file /home/airflow/.local/lib/python3.12/site-packages/airflow/example_dags/tutorial_taskflow_api.py for tasks to queue
[2024-12-29T00:38:19.182+0000] {logging_mixin.py:190} INFO - [2024-12-29T00:38:19.182+0000] {dagbag.py:588} INFO - Filling up the DagBag from /home/airflow/.local/lib/python3.12/site-packages/airflow/example_dags/tutorial_taskflow_api.py
[2024-12-29T00:38:19.190+0000] {processor.py:925} INFO - DAG(s) 'tutorial_taskflow_api' retrieved from /home/airflow/.local/lib/python3.12/site-packages/airflow/example_dags/tutorial_taskflow_api.py
[2024-12-29T00:38:19.218+0000] {logging_mixin.py:190} INFO - [2024-12-29T00:38:19.218+0000] {dag.py:3239} INFO - Sync 1 DAGs
[2024-12-29T00:38:19.236+0000] {logging_mixin.py:190} INFO - [2024-12-29T00:38:19.235+0000] {dag.py:4180} INFO - Setting next_dagrun for tutorial_taskflow_api to None, run_after=None
[2024-12-29T00:38:19.264+0000] {processor.py:208} INFO - Processing /home/airflow/.local/lib/python3.12/site-packages/airflow/example_dags/tutorial_taskflow_api.py took 0.092 seconds
