[2024-12-29T00:03:41.374+0000] {processor.py:186} INFO - Started process (PID=81) to work on /home/airflow/.local/lib/python3.12/site-packages/airflow/example_dags/tutorial_dag.py
[2024-12-29T00:03:41.376+0000] {processor.py:914} INFO - Processing file /home/airflow/.local/lib/python3.12/site-packages/airflow/example_dags/tutorial_dag.py for tasks to queue
[2024-12-29T00:03:41.382+0000] {logging_mixin.py:190} INFO - [2024-12-29T00:03:41.380+0000] {dagbag.py:588} INFO - Filling up the DagBag from /home/airflow/.local/lib/python3.12/site-packages/airflow/example_dags/tutorial_dag.py
[2024-12-29T00:03:41.414+0000] {processor.py:925} INFO - DAG(s) 'tutorial_dag' retrieved from /home/airflow/.local/lib/python3.12/site-packages/airflow/example_dags/tutorial_dag.py
[2024-12-29T00:03:41.720+0000] {logging_mixin.py:190} INFO - [2024-12-29T00:03:41.719+0000] {override.py:1911} INFO - Created Permission View: can read on DAG:tutorial_dag
[2024-12-29T00:03:41.748+0000] {logging_mixin.py:190} INFO - [2024-12-29T00:03:41.746+0000] {override.py:1911} INFO - Created Permission View: can edit on DAG:tutorial_dag
[2024-12-29T00:03:41.766+0000] {logging_mixin.py:190} INFO - [2024-12-29T00:03:41.766+0000] {override.py:1911} INFO - Created Permission View: can delete on DAG:tutorial_dag
[2024-12-29T00:03:41.787+0000] {logging_mixin.py:190} INFO - [2024-12-29T00:03:41.786+0000] {override.py:1911} INFO - Created Permission View: can create on DAG Run:tutorial_dag
[2024-12-29T00:03:41.861+0000] {logging_mixin.py:190} INFO - [2024-12-29T00:03:41.861+0000] {override.py:1911} INFO - Created Permission View: can read on DAG Run:tutorial_dag
[2024-12-29T00:03:41.876+0000] {logging_mixin.py:190} INFO - [2024-12-29T00:03:41.875+0000] {override.py:1911} INFO - Created Permission View: can delete on DAG Run:tutorial_dag
[2024-12-29T00:03:41.891+0000] {logging_mixin.py:190} INFO - [2024-12-29T00:03:41.890+0000] {override.py:1911} INFO - Created Permission View: menu access on DAG Run:tutorial_dag
[2024-12-29T00:03:41.892+0000] {logging_mixin.py:190} INFO - [2024-12-29T00:03:41.891+0000] {dag.py:3239} INFO - Sync 1 DAGs
[2024-12-29T00:03:41.942+0000] {logging_mixin.py:190} INFO - [2024-12-29T00:03:41.942+0000] {dag.py:3262} INFO - Creating ORM DAG for tutorial_dag
[2024-12-29T00:03:41.944+0000] {logging_mixin.py:190} INFO - [2024-12-29T00:03:41.944+0000] {dag.py:4180} INFO - Setting next_dagrun for tutorial_dag to None, run_after=None
[2024-12-29T00:03:42.002+0000] {processor.py:208} INFO - Processing /home/airflow/.local/lib/python3.12/site-packages/airflow/example_dags/tutorial_dag.py took 0.646 seconds
[2024-12-29T00:04:13.100+0000] {processor.py:186} INFO - Started process (PID=151) to work on /home/airflow/.local/lib/python3.12/site-packages/airflow/example_dags/tutorial_dag.py
[2024-12-29T00:04:13.101+0000] {processor.py:914} INFO - Processing file /home/airflow/.local/lib/python3.12/site-packages/airflow/example_dags/tutorial_dag.py for tasks to queue
[2024-12-29T00:04:13.103+0000] {logging_mixin.py:190} INFO - [2024-12-29T00:04:13.102+0000] {dagbag.py:588} INFO - Filling up the DagBag from /home/airflow/.local/lib/python3.12/site-packages/airflow/example_dags/tutorial_dag.py
[2024-12-29T00:04:13.110+0000] {processor.py:925} INFO - DAG(s) 'tutorial_dag' retrieved from /home/airflow/.local/lib/python3.12/site-packages/airflow/example_dags/tutorial_dag.py
[2024-12-29T00:04:13.134+0000] {logging_mixin.py:190} INFO - [2024-12-29T00:04:13.134+0000] {dag.py:3239} INFO - Sync 1 DAGs
[2024-12-29T00:04:13.149+0000] {logging_mixin.py:190} INFO - [2024-12-29T00:04:13.149+0000] {dag.py:4180} INFO - Setting next_dagrun for tutorial_dag to None, run_after=None
[2024-12-29T00:04:13.176+0000] {processor.py:208} INFO - Processing /home/airflow/.local/lib/python3.12/site-packages/airflow/example_dags/tutorial_dag.py took 0.082 seconds
[2024-12-29T00:04:44.096+0000] {processor.py:186} INFO - Started process (PID=215) to work on /home/airflow/.local/lib/python3.12/site-packages/airflow/example_dags/tutorial_dag.py
[2024-12-29T00:04:44.097+0000] {processor.py:914} INFO - Processing file /home/airflow/.local/lib/python3.12/site-packages/airflow/example_dags/tutorial_dag.py for tasks to queue
[2024-12-29T00:04:44.100+0000] {logging_mixin.py:190} INFO - [2024-12-29T00:04:44.099+0000] {dagbag.py:588} INFO - Filling up the DagBag from /home/airflow/.local/lib/python3.12/site-packages/airflow/example_dags/tutorial_dag.py
[2024-12-29T00:04:44.108+0000] {processor.py:925} INFO - DAG(s) 'tutorial_dag' retrieved from /home/airflow/.local/lib/python3.12/site-packages/airflow/example_dags/tutorial_dag.py
[2024-12-29T00:04:44.130+0000] {logging_mixin.py:190} INFO - [2024-12-29T00:04:44.129+0000] {dag.py:3239} INFO - Sync 1 DAGs
[2024-12-29T00:04:44.144+0000] {logging_mixin.py:190} INFO - [2024-12-29T00:04:44.144+0000] {dag.py:4180} INFO - Setting next_dagrun for tutorial_dag to None, run_after=None
[2024-12-29T00:04:44.169+0000] {processor.py:208} INFO - Processing /home/airflow/.local/lib/python3.12/site-packages/airflow/example_dags/tutorial_dag.py took 0.078 seconds
[2024-12-29T00:05:14.493+0000] {processor.py:186} INFO - Started process (PID=279) to work on /home/airflow/.local/lib/python3.12/site-packages/airflow/example_dags/tutorial_dag.py
[2024-12-29T00:05:14.494+0000] {processor.py:914} INFO - Processing file /home/airflow/.local/lib/python3.12/site-packages/airflow/example_dags/tutorial_dag.py for tasks to queue
[2024-12-29T00:05:14.496+0000] {logging_mixin.py:190} INFO - [2024-12-29T00:05:14.496+0000] {dagbag.py:588} INFO - Filling up the DagBag from /home/airflow/.local/lib/python3.12/site-packages/airflow/example_dags/tutorial_dag.py
[2024-12-29T00:05:14.505+0000] {processor.py:925} INFO - DAG(s) 'tutorial_dag' retrieved from /home/airflow/.local/lib/python3.12/site-packages/airflow/example_dags/tutorial_dag.py
[2024-12-29T00:05:14.531+0000] {logging_mixin.py:190} INFO - [2024-12-29T00:05:14.530+0000] {dag.py:3239} INFO - Sync 1 DAGs
[2024-12-29T00:05:14.547+0000] {logging_mixin.py:190} INFO - [2024-12-29T00:05:14.547+0000] {dag.py:4180} INFO - Setting next_dagrun for tutorial_dag to None, run_after=None
[2024-12-29T00:05:14.575+0000] {processor.py:208} INFO - Processing /home/airflow/.local/lib/python3.12/site-packages/airflow/example_dags/tutorial_dag.py took 0.087 seconds
[2024-12-29T00:05:44.673+0000] {processor.py:186} INFO - Started process (PID=343) to work on /home/airflow/.local/lib/python3.12/site-packages/airflow/example_dags/tutorial_dag.py
[2024-12-29T00:05:44.675+0000] {processor.py:914} INFO - Processing file /home/airflow/.local/lib/python3.12/site-packages/airflow/example_dags/tutorial_dag.py for tasks to queue
[2024-12-29T00:05:44.677+0000] {logging_mixin.py:190} INFO - [2024-12-29T00:05:44.677+0000] {dagbag.py:588} INFO - Filling up the DagBag from /home/airflow/.local/lib/python3.12/site-packages/airflow/example_dags/tutorial_dag.py
[2024-12-29T00:05:44.686+0000] {processor.py:925} INFO - DAG(s) 'tutorial_dag' retrieved from /home/airflow/.local/lib/python3.12/site-packages/airflow/example_dags/tutorial_dag.py
[2024-12-29T00:05:44.713+0000] {logging_mixin.py:190} INFO - [2024-12-29T00:05:44.713+0000] {dag.py:3239} INFO - Sync 1 DAGs
[2024-12-29T00:05:44.730+0000] {logging_mixin.py:190} INFO - [2024-12-29T00:05:44.729+0000] {dag.py:4180} INFO - Setting next_dagrun for tutorial_dag to None, run_after=None
[2024-12-29T00:05:44.758+0000] {processor.py:208} INFO - Processing /home/airflow/.local/lib/python3.12/site-packages/airflow/example_dags/tutorial_dag.py took 0.091 seconds
[2024-12-29T00:06:15.381+0000] {processor.py:186} INFO - Started process (PID=407) to work on /home/airflow/.local/lib/python3.12/site-packages/airflow/example_dags/tutorial_dag.py
[2024-12-29T00:06:15.384+0000] {processor.py:914} INFO - Processing file /home/airflow/.local/lib/python3.12/site-packages/airflow/example_dags/tutorial_dag.py for tasks to queue
[2024-12-29T00:06:15.386+0000] {logging_mixin.py:190} INFO - [2024-12-29T00:06:15.386+0000] {dagbag.py:588} INFO - Filling up the DagBag from /home/airflow/.local/lib/python3.12/site-packages/airflow/example_dags/tutorial_dag.py
[2024-12-29T00:06:15.393+0000] {processor.py:925} INFO - DAG(s) 'tutorial_dag' retrieved from /home/airflow/.local/lib/python3.12/site-packages/airflow/example_dags/tutorial_dag.py
[2024-12-29T00:06:15.419+0000] {logging_mixin.py:190} INFO - [2024-12-29T00:06:15.419+0000] {dag.py:3239} INFO - Sync 1 DAGs
[2024-12-29T00:06:15.434+0000] {logging_mixin.py:190} INFO - [2024-12-29T00:06:15.434+0000] {dag.py:4180} INFO - Setting next_dagrun for tutorial_dag to None, run_after=None
[2024-12-29T00:06:15.463+0000] {processor.py:208} INFO - Processing /home/airflow/.local/lib/python3.12/site-packages/airflow/example_dags/tutorial_dag.py took 0.087 seconds
[2024-12-29T00:06:46.388+0000] {processor.py:186} INFO - Started process (PID=471) to work on /home/airflow/.local/lib/python3.12/site-packages/airflow/example_dags/tutorial_dag.py
[2024-12-29T00:06:46.390+0000] {processor.py:914} INFO - Processing file /home/airflow/.local/lib/python3.12/site-packages/airflow/example_dags/tutorial_dag.py for tasks to queue
[2024-12-29T00:06:46.393+0000] {logging_mixin.py:190} INFO - [2024-12-29T00:06:46.393+0000] {dagbag.py:588} INFO - Filling up the DagBag from /home/airflow/.local/lib/python3.12/site-packages/airflow/example_dags/tutorial_dag.py
[2024-12-29T00:06:46.400+0000] {processor.py:925} INFO - DAG(s) 'tutorial_dag' retrieved from /home/airflow/.local/lib/python3.12/site-packages/airflow/example_dags/tutorial_dag.py
[2024-12-29T00:06:46.427+0000] {logging_mixin.py:190} INFO - [2024-12-29T00:06:46.426+0000] {dag.py:3239} INFO - Sync 1 DAGs
[2024-12-29T00:06:46.442+0000] {logging_mixin.py:190} INFO - [2024-12-29T00:06:46.442+0000] {dag.py:4180} INFO - Setting next_dagrun for tutorial_dag to None, run_after=None
[2024-12-29T00:06:46.469+0000] {processor.py:208} INFO - Processing /home/airflow/.local/lib/python3.12/site-packages/airflow/example_dags/tutorial_dag.py took 0.088 seconds
[2024-12-29T00:07:17.371+0000] {processor.py:186} INFO - Started process (PID=535) to work on /home/airflow/.local/lib/python3.12/site-packages/airflow/example_dags/tutorial_dag.py
[2024-12-29T00:07:17.373+0000] {processor.py:914} INFO - Processing file /home/airflow/.local/lib/python3.12/site-packages/airflow/example_dags/tutorial_dag.py for tasks to queue
[2024-12-29T00:07:17.375+0000] {logging_mixin.py:190} INFO - [2024-12-29T00:07:17.375+0000] {dagbag.py:588} INFO - Filling up the DagBag from /home/airflow/.local/lib/python3.12/site-packages/airflow/example_dags/tutorial_dag.py
[2024-12-29T00:07:17.382+0000] {processor.py:925} INFO - DAG(s) 'tutorial_dag' retrieved from /home/airflow/.local/lib/python3.12/site-packages/airflow/example_dags/tutorial_dag.py
[2024-12-29T00:07:17.406+0000] {logging_mixin.py:190} INFO - [2024-12-29T00:07:17.405+0000] {dag.py:3239} INFO - Sync 1 DAGs
[2024-12-29T00:07:17.421+0000] {logging_mixin.py:190} INFO - [2024-12-29T00:07:17.421+0000] {dag.py:4180} INFO - Setting next_dagrun for tutorial_dag to None, run_after=None
[2024-12-29T00:07:17.446+0000] {processor.py:208} INFO - Processing /home/airflow/.local/lib/python3.12/site-packages/airflow/example_dags/tutorial_dag.py took 0.080 seconds
[2024-12-29T00:07:47.975+0000] {processor.py:186} INFO - Started process (PID=599) to work on /home/airflow/.local/lib/python3.12/site-packages/airflow/example_dags/tutorial_dag.py
[2024-12-29T00:07:47.977+0000] {processor.py:914} INFO - Processing file /home/airflow/.local/lib/python3.12/site-packages/airflow/example_dags/tutorial_dag.py for tasks to queue
[2024-12-29T00:07:47.980+0000] {logging_mixin.py:190} INFO - [2024-12-29T00:07:47.979+0000] {dagbag.py:588} INFO - Filling up the DagBag from /home/airflow/.local/lib/python3.12/site-packages/airflow/example_dags/tutorial_dag.py
[2024-12-29T00:07:47.988+0000] {processor.py:925} INFO - DAG(s) 'tutorial_dag' retrieved from /home/airflow/.local/lib/python3.12/site-packages/airflow/example_dags/tutorial_dag.py
[2024-12-29T00:07:48.013+0000] {logging_mixin.py:190} INFO - [2024-12-29T00:07:48.013+0000] {dag.py:3239} INFO - Sync 1 DAGs
[2024-12-29T00:07:48.031+0000] {logging_mixin.py:190} INFO - [2024-12-29T00:07:48.030+0000] {dag.py:4180} INFO - Setting next_dagrun for tutorial_dag to None, run_after=None
[2024-12-29T00:07:48.061+0000] {processor.py:208} INFO - Processing /home/airflow/.local/lib/python3.12/site-packages/airflow/example_dags/tutorial_dag.py took 0.091 seconds
[2024-12-29T00:08:18.191+0000] {processor.py:186} INFO - Started process (PID=662) to work on /home/airflow/.local/lib/python3.12/site-packages/airflow/example_dags/tutorial_dag.py
[2024-12-29T00:08:18.193+0000] {processor.py:914} INFO - Processing file /home/airflow/.local/lib/python3.12/site-packages/airflow/example_dags/tutorial_dag.py for tasks to queue
[2024-12-29T00:08:18.196+0000] {logging_mixin.py:190} INFO - [2024-12-29T00:08:18.196+0000] {dagbag.py:588} INFO - Filling up the DagBag from /home/airflow/.local/lib/python3.12/site-packages/airflow/example_dags/tutorial_dag.py
[2024-12-29T00:08:18.206+0000] {processor.py:925} INFO - DAG(s) 'tutorial_dag' retrieved from /home/airflow/.local/lib/python3.12/site-packages/airflow/example_dags/tutorial_dag.py
[2024-12-29T00:08:18.234+0000] {logging_mixin.py:190} INFO - [2024-12-29T00:08:18.234+0000] {dag.py:3239} INFO - Sync 1 DAGs
[2024-12-29T00:08:18.253+0000] {logging_mixin.py:190} INFO - [2024-12-29T00:08:18.252+0000] {dag.py:4180} INFO - Setting next_dagrun for tutorial_dag to None, run_after=None
[2024-12-29T00:08:18.284+0000] {processor.py:208} INFO - Processing /home/airflow/.local/lib/python3.12/site-packages/airflow/example_dags/tutorial_dag.py took 0.100 seconds
[2024-12-29T00:08:48.341+0000] {processor.py:186} INFO - Started process (PID=726) to work on /home/airflow/.local/lib/python3.12/site-packages/airflow/example_dags/tutorial_dag.py
[2024-12-29T00:08:48.342+0000] {processor.py:914} INFO - Processing file /home/airflow/.local/lib/python3.12/site-packages/airflow/example_dags/tutorial_dag.py for tasks to queue
[2024-12-29T00:08:48.345+0000] {logging_mixin.py:190} INFO - [2024-12-29T00:08:48.345+0000] {dagbag.py:588} INFO - Filling up the DagBag from /home/airflow/.local/lib/python3.12/site-packages/airflow/example_dags/tutorial_dag.py
[2024-12-29T00:08:48.355+0000] {processor.py:925} INFO - DAG(s) 'tutorial_dag' retrieved from /home/airflow/.local/lib/python3.12/site-packages/airflow/example_dags/tutorial_dag.py
[2024-12-29T00:08:48.385+0000] {logging_mixin.py:190} INFO - [2024-12-29T00:08:48.385+0000] {dag.py:3239} INFO - Sync 1 DAGs
[2024-12-29T00:08:48.403+0000] {logging_mixin.py:190} INFO - [2024-12-29T00:08:48.403+0000] {dag.py:4180} INFO - Setting next_dagrun for tutorial_dag to None, run_after=None
[2024-12-29T00:08:48.437+0000] {processor.py:208} INFO - Processing /home/airflow/.local/lib/python3.12/site-packages/airflow/example_dags/tutorial_dag.py took 0.104 seconds
[2024-12-29T00:09:18.700+0000] {processor.py:186} INFO - Started process (PID=790) to work on /home/airflow/.local/lib/python3.12/site-packages/airflow/example_dags/tutorial_dag.py
[2024-12-29T00:09:18.702+0000] {processor.py:914} INFO - Processing file /home/airflow/.local/lib/python3.12/site-packages/airflow/example_dags/tutorial_dag.py for tasks to queue
[2024-12-29T00:09:18.705+0000] {logging_mixin.py:190} INFO - [2024-12-29T00:09:18.705+0000] {dagbag.py:588} INFO - Filling up the DagBag from /home/airflow/.local/lib/python3.12/site-packages/airflow/example_dags/tutorial_dag.py
[2024-12-29T00:09:18.712+0000] {processor.py:925} INFO - DAG(s) 'tutorial_dag' retrieved from /home/airflow/.local/lib/python3.12/site-packages/airflow/example_dags/tutorial_dag.py
[2024-12-29T00:09:18.736+0000] {logging_mixin.py:190} INFO - [2024-12-29T00:09:18.736+0000] {dag.py:3239} INFO - Sync 1 DAGs
[2024-12-29T00:09:18.750+0000] {logging_mixin.py:190} INFO - [2024-12-29T00:09:18.750+0000] {dag.py:4180} INFO - Setting next_dagrun for tutorial_dag to None, run_after=None
[2024-12-29T00:09:18.774+0000] {processor.py:208} INFO - Processing /home/airflow/.local/lib/python3.12/site-packages/airflow/example_dags/tutorial_dag.py took 0.080 seconds
[2024-12-29T00:09:48.904+0000] {processor.py:186} INFO - Started process (PID=853) to work on /home/airflow/.local/lib/python3.12/site-packages/airflow/example_dags/tutorial_dag.py
[2024-12-29T00:09:48.906+0000] {processor.py:914} INFO - Processing file /home/airflow/.local/lib/python3.12/site-packages/airflow/example_dags/tutorial_dag.py for tasks to queue
[2024-12-29T00:09:48.909+0000] {logging_mixin.py:190} INFO - [2024-12-29T00:09:48.908+0000] {dagbag.py:588} INFO - Filling up the DagBag from /home/airflow/.local/lib/python3.12/site-packages/airflow/example_dags/tutorial_dag.py
[2024-12-29T00:09:48.919+0000] {processor.py:925} INFO - DAG(s) 'tutorial_dag' retrieved from /home/airflow/.local/lib/python3.12/site-packages/airflow/example_dags/tutorial_dag.py
[2024-12-29T00:09:48.949+0000] {logging_mixin.py:190} INFO - [2024-12-29T00:09:48.948+0000] {dag.py:3239} INFO - Sync 1 DAGs
[2024-12-29T00:09:48.968+0000] {logging_mixin.py:190} INFO - [2024-12-29T00:09:48.968+0000] {dag.py:4180} INFO - Setting next_dagrun for tutorial_dag to None, run_after=None
[2024-12-29T00:09:48.998+0000] {processor.py:208} INFO - Processing /home/airflow/.local/lib/python3.12/site-packages/airflow/example_dags/tutorial_dag.py took 0.100 seconds
[2024-12-29T00:10:19.897+0000] {processor.py:186} INFO - Started process (PID=917) to work on /home/airflow/.local/lib/python3.12/site-packages/airflow/example_dags/tutorial_dag.py
[2024-12-29T00:10:19.899+0000] {processor.py:914} INFO - Processing file /home/airflow/.local/lib/python3.12/site-packages/airflow/example_dags/tutorial_dag.py for tasks to queue
[2024-12-29T00:10:19.902+0000] {logging_mixin.py:190} INFO - [2024-12-29T00:10:19.902+0000] {dagbag.py:588} INFO - Filling up the DagBag from /home/airflow/.local/lib/python3.12/site-packages/airflow/example_dags/tutorial_dag.py
[2024-12-29T00:10:19.912+0000] {processor.py:925} INFO - DAG(s) 'tutorial_dag' retrieved from /home/airflow/.local/lib/python3.12/site-packages/airflow/example_dags/tutorial_dag.py
[2024-12-29T00:10:19.941+0000] {logging_mixin.py:190} INFO - [2024-12-29T00:10:19.941+0000] {dag.py:3239} INFO - Sync 1 DAGs
[2024-12-29T00:10:19.959+0000] {logging_mixin.py:190} INFO - [2024-12-29T00:10:19.959+0000] {dag.py:4180} INFO - Setting next_dagrun for tutorial_dag to None, run_after=None
[2024-12-29T00:10:19.989+0000] {processor.py:208} INFO - Processing /home/airflow/.local/lib/python3.12/site-packages/airflow/example_dags/tutorial_dag.py took 0.099 seconds
[2024-12-29T00:10:50.507+0000] {processor.py:186} INFO - Started process (PID=973) to work on /home/airflow/.local/lib/python3.12/site-packages/airflow/example_dags/tutorial_dag.py
[2024-12-29T00:10:50.510+0000] {processor.py:914} INFO - Processing file /home/airflow/.local/lib/python3.12/site-packages/airflow/example_dags/tutorial_dag.py for tasks to queue
[2024-12-29T00:10:50.512+0000] {logging_mixin.py:190} INFO - [2024-12-29T00:10:50.512+0000] {dagbag.py:588} INFO - Filling up the DagBag from /home/airflow/.local/lib/python3.12/site-packages/airflow/example_dags/tutorial_dag.py
[2024-12-29T00:10:50.521+0000] {processor.py:925} INFO - DAG(s) 'tutorial_dag' retrieved from /home/airflow/.local/lib/python3.12/site-packages/airflow/example_dags/tutorial_dag.py
[2024-12-29T00:10:50.545+0000] {logging_mixin.py:190} INFO - [2024-12-29T00:10:50.545+0000] {dag.py:3239} INFO - Sync 1 DAGs
[2024-12-29T00:10:50.562+0000] {logging_mixin.py:190} INFO - [2024-12-29T00:10:50.561+0000] {dag.py:4180} INFO - Setting next_dagrun for tutorial_dag to None, run_after=None
[2024-12-29T00:10:50.586+0000] {processor.py:208} INFO - Processing /home/airflow/.local/lib/python3.12/site-packages/airflow/example_dags/tutorial_dag.py took 0.085 seconds
[2024-12-29T00:11:21.308+0000] {processor.py:186} INFO - Started process (PID=1026) to work on /home/airflow/.local/lib/python3.12/site-packages/airflow/example_dags/tutorial_dag.py
[2024-12-29T00:11:21.310+0000] {processor.py:914} INFO - Processing file /home/airflow/.local/lib/python3.12/site-packages/airflow/example_dags/tutorial_dag.py for tasks to queue
[2024-12-29T00:11:21.312+0000] {logging_mixin.py:190} INFO - [2024-12-29T00:11:21.312+0000] {dagbag.py:588} INFO - Filling up the DagBag from /home/airflow/.local/lib/python3.12/site-packages/airflow/example_dags/tutorial_dag.py
[2024-12-29T00:11:21.319+0000] {processor.py:925} INFO - DAG(s) 'tutorial_dag' retrieved from /home/airflow/.local/lib/python3.12/site-packages/airflow/example_dags/tutorial_dag.py
[2024-12-29T00:11:21.342+0000] {logging_mixin.py:190} INFO - [2024-12-29T00:11:21.342+0000] {dag.py:3239} INFO - Sync 1 DAGs
[2024-12-29T00:11:21.356+0000] {logging_mixin.py:190} INFO - [2024-12-29T00:11:21.356+0000] {dag.py:4180} INFO - Setting next_dagrun for tutorial_dag to None, run_after=None
[2024-12-29T00:11:21.379+0000] {processor.py:208} INFO - Processing /home/airflow/.local/lib/python3.12/site-packages/airflow/example_dags/tutorial_dag.py took 0.076 seconds
[2024-12-29T00:11:51.729+0000] {processor.py:186} INFO - Started process (PID=1087) to work on /home/airflow/.local/lib/python3.12/site-packages/airflow/example_dags/tutorial_dag.py
[2024-12-29T00:11:51.731+0000] {processor.py:914} INFO - Processing file /home/airflow/.local/lib/python3.12/site-packages/airflow/example_dags/tutorial_dag.py for tasks to queue
[2024-12-29T00:11:51.734+0000] {logging_mixin.py:190} INFO - [2024-12-29T00:11:51.734+0000] {dagbag.py:588} INFO - Filling up the DagBag from /home/airflow/.local/lib/python3.12/site-packages/airflow/example_dags/tutorial_dag.py
[2024-12-29T00:11:51.745+0000] {processor.py:925} INFO - DAG(s) 'tutorial_dag' retrieved from /home/airflow/.local/lib/python3.12/site-packages/airflow/example_dags/tutorial_dag.py
[2024-12-29T00:11:51.778+0000] {logging_mixin.py:190} INFO - [2024-12-29T00:11:51.777+0000] {dag.py:3239} INFO - Sync 1 DAGs
[2024-12-29T00:11:51.798+0000] {logging_mixin.py:190} INFO - [2024-12-29T00:11:51.798+0000] {dag.py:4180} INFO - Setting next_dagrun for tutorial_dag to None, run_after=None
[2024-12-29T00:11:51.830+0000] {processor.py:208} INFO - Processing /home/airflow/.local/lib/python3.12/site-packages/airflow/example_dags/tutorial_dag.py took 0.109 seconds
[2024-12-29T00:12:22.001+0000] {processor.py:186} INFO - Started process (PID=1150) to work on /home/airflow/.local/lib/python3.12/site-packages/airflow/example_dags/tutorial_dag.py
[2024-12-29T00:12:22.004+0000] {processor.py:914} INFO - Processing file /home/airflow/.local/lib/python3.12/site-packages/airflow/example_dags/tutorial_dag.py for tasks to queue
[2024-12-29T00:12:22.010+0000] {logging_mixin.py:190} INFO - [2024-12-29T00:12:22.009+0000] {dagbag.py:588} INFO - Filling up the DagBag from /home/airflow/.local/lib/python3.12/site-packages/airflow/example_dags/tutorial_dag.py
[2024-12-29T00:12:22.030+0000] {processor.py:925} INFO - DAG(s) 'tutorial_dag' retrieved from /home/airflow/.local/lib/python3.12/site-packages/airflow/example_dags/tutorial_dag.py
[2024-12-29T00:12:22.073+0000] {logging_mixin.py:190} INFO - [2024-12-29T00:12:22.072+0000] {dag.py:3239} INFO - Sync 1 DAGs
[2024-12-29T00:12:22.098+0000] {logging_mixin.py:190} INFO - [2024-12-29T00:12:22.097+0000] {dag.py:4180} INFO - Setting next_dagrun for tutorial_dag to None, run_after=None
[2024-12-29T00:12:22.141+0000] {processor.py:208} INFO - Processing /home/airflow/.local/lib/python3.12/site-packages/airflow/example_dags/tutorial_dag.py took 0.151 seconds
[2024-12-29T00:12:52.763+0000] {processor.py:186} INFO - Started process (PID=1211) to work on /home/airflow/.local/lib/python3.12/site-packages/airflow/example_dags/tutorial_dag.py
[2024-12-29T00:12:52.765+0000] {processor.py:914} INFO - Processing file /home/airflow/.local/lib/python3.12/site-packages/airflow/example_dags/tutorial_dag.py for tasks to queue
[2024-12-29T00:12:52.771+0000] {logging_mixin.py:190} INFO - [2024-12-29T00:12:52.771+0000] {dagbag.py:588} INFO - Filling up the DagBag from /home/airflow/.local/lib/python3.12/site-packages/airflow/example_dags/tutorial_dag.py
[2024-12-29T00:12:52.794+0000] {processor.py:925} INFO - DAG(s) 'tutorial_dag' retrieved from /home/airflow/.local/lib/python3.12/site-packages/airflow/example_dags/tutorial_dag.py
[2024-12-29T00:12:52.862+0000] {logging_mixin.py:190} INFO - [2024-12-29T00:12:52.861+0000] {dag.py:3239} INFO - Sync 1 DAGs
[2024-12-29T00:12:52.900+0000] {logging_mixin.py:190} INFO - [2024-12-29T00:12:52.899+0000] {dag.py:4180} INFO - Setting next_dagrun for tutorial_dag to None, run_after=None
[2024-12-29T00:12:52.951+0000] {processor.py:208} INFO - Processing /home/airflow/.local/lib/python3.12/site-packages/airflow/example_dags/tutorial_dag.py took 0.201 seconds
[2024-12-29T00:13:23.064+0000] {processor.py:186} INFO - Started process (PID=1276) to work on /home/airflow/.local/lib/python3.12/site-packages/airflow/example_dags/tutorial_dag.py
[2024-12-29T00:13:23.066+0000] {processor.py:914} INFO - Processing file /home/airflow/.local/lib/python3.12/site-packages/airflow/example_dags/tutorial_dag.py for tasks to queue
[2024-12-29T00:13:23.069+0000] {logging_mixin.py:190} INFO - [2024-12-29T00:13:23.068+0000] {dagbag.py:588} INFO - Filling up the DagBag from /home/airflow/.local/lib/python3.12/site-packages/airflow/example_dags/tutorial_dag.py
[2024-12-29T00:13:23.076+0000] {processor.py:925} INFO - DAG(s) 'tutorial_dag' retrieved from /home/airflow/.local/lib/python3.12/site-packages/airflow/example_dags/tutorial_dag.py
[2024-12-29T00:13:23.102+0000] {logging_mixin.py:190} INFO - [2024-12-29T00:13:23.101+0000] {dag.py:3239} INFO - Sync 1 DAGs
[2024-12-29T00:13:23.117+0000] {logging_mixin.py:190} INFO - [2024-12-29T00:13:23.117+0000] {dag.py:4180} INFO - Setting next_dagrun for tutorial_dag to None, run_after=None
[2024-12-29T00:13:23.143+0000] {processor.py:208} INFO - Processing /home/airflow/.local/lib/python3.12/site-packages/airflow/example_dags/tutorial_dag.py took 0.085 seconds
[2024-12-29T00:13:53.510+0000] {processor.py:186} INFO - Started process (PID=1341) to work on /home/airflow/.local/lib/python3.12/site-packages/airflow/example_dags/tutorial_dag.py
[2024-12-29T00:13:53.516+0000] {processor.py:914} INFO - Processing file /home/airflow/.local/lib/python3.12/site-packages/airflow/example_dags/tutorial_dag.py for tasks to queue
[2024-12-29T00:13:53.520+0000] {logging_mixin.py:190} INFO - [2024-12-29T00:13:53.520+0000] {dagbag.py:588} INFO - Filling up the DagBag from /home/airflow/.local/lib/python3.12/site-packages/airflow/example_dags/tutorial_dag.py
[2024-12-29T00:13:53.532+0000] {processor.py:925} INFO - DAG(s) 'tutorial_dag' retrieved from /home/airflow/.local/lib/python3.12/site-packages/airflow/example_dags/tutorial_dag.py
[2024-12-29T00:13:53.564+0000] {logging_mixin.py:190} INFO - [2024-12-29T00:13:53.563+0000] {dag.py:3239} INFO - Sync 1 DAGs
[2024-12-29T00:13:53.586+0000] {logging_mixin.py:190} INFO - [2024-12-29T00:13:53.586+0000] {dag.py:4180} INFO - Setting next_dagrun for tutorial_dag to None, run_after=None
[2024-12-29T00:13:53.622+0000] {processor.py:208} INFO - Processing /home/airflow/.local/lib/python3.12/site-packages/airflow/example_dags/tutorial_dag.py took 0.121 seconds
[2024-12-29T00:14:24.432+0000] {processor.py:186} INFO - Started process (PID=1406) to work on /home/airflow/.local/lib/python3.12/site-packages/airflow/example_dags/tutorial_dag.py
[2024-12-29T00:14:24.435+0000] {processor.py:914} INFO - Processing file /home/airflow/.local/lib/python3.12/site-packages/airflow/example_dags/tutorial_dag.py for tasks to queue
[2024-12-29T00:14:24.437+0000] {logging_mixin.py:190} INFO - [2024-12-29T00:14:24.437+0000] {dagbag.py:588} INFO - Filling up the DagBag from /home/airflow/.local/lib/python3.12/site-packages/airflow/example_dags/tutorial_dag.py
[2024-12-29T00:14:24.445+0000] {processor.py:925} INFO - DAG(s) 'tutorial_dag' retrieved from /home/airflow/.local/lib/python3.12/site-packages/airflow/example_dags/tutorial_dag.py
[2024-12-29T00:14:24.471+0000] {logging_mixin.py:190} INFO - [2024-12-29T00:14:24.470+0000] {dag.py:3239} INFO - Sync 1 DAGs
[2024-12-29T00:14:24.486+0000] {logging_mixin.py:190} INFO - [2024-12-29T00:14:24.486+0000] {dag.py:4180} INFO - Setting next_dagrun for tutorial_dag to None, run_after=None
[2024-12-29T00:14:24.512+0000] {processor.py:208} INFO - Processing /home/airflow/.local/lib/python3.12/site-packages/airflow/example_dags/tutorial_dag.py took 0.085 seconds
[2024-12-29T00:14:55.118+0000] {processor.py:186} INFO - Started process (PID=1471) to work on /home/airflow/.local/lib/python3.12/site-packages/airflow/example_dags/tutorial_dag.py
[2024-12-29T00:14:55.120+0000] {processor.py:914} INFO - Processing file /home/airflow/.local/lib/python3.12/site-packages/airflow/example_dags/tutorial_dag.py for tasks to queue
[2024-12-29T00:14:55.124+0000] {logging_mixin.py:190} INFO - [2024-12-29T00:14:55.123+0000] {dagbag.py:588} INFO - Filling up the DagBag from /home/airflow/.local/lib/python3.12/site-packages/airflow/example_dags/tutorial_dag.py
[2024-12-29T00:14:55.133+0000] {processor.py:925} INFO - DAG(s) 'tutorial_dag' retrieved from /home/airflow/.local/lib/python3.12/site-packages/airflow/example_dags/tutorial_dag.py
[2024-12-29T00:14:55.162+0000] {logging_mixin.py:190} INFO - [2024-12-29T00:14:55.161+0000] {dag.py:3239} INFO - Sync 1 DAGs
[2024-12-29T00:14:55.180+0000] {logging_mixin.py:190} INFO - [2024-12-29T00:14:55.179+0000] {dag.py:4180} INFO - Setting next_dagrun for tutorial_dag to None, run_after=None
[2024-12-29T00:14:55.213+0000] {processor.py:208} INFO - Processing /home/airflow/.local/lib/python3.12/site-packages/airflow/example_dags/tutorial_dag.py took 0.102 seconds
[2024-12-29T00:15:25.402+0000] {processor.py:186} INFO - Started process (PID=1536) to work on /home/airflow/.local/lib/python3.12/site-packages/airflow/example_dags/tutorial_dag.py
[2024-12-29T00:15:25.404+0000] {processor.py:914} INFO - Processing file /home/airflow/.local/lib/python3.12/site-packages/airflow/example_dags/tutorial_dag.py for tasks to queue
[2024-12-29T00:15:25.406+0000] {logging_mixin.py:190} INFO - [2024-12-29T00:15:25.406+0000] {dagbag.py:588} INFO - Filling up the DagBag from /home/airflow/.local/lib/python3.12/site-packages/airflow/example_dags/tutorial_dag.py
[2024-12-29T00:15:25.416+0000] {processor.py:925} INFO - DAG(s) 'tutorial_dag' retrieved from /home/airflow/.local/lib/python3.12/site-packages/airflow/example_dags/tutorial_dag.py
[2024-12-29T00:15:25.445+0000] {logging_mixin.py:190} INFO - [2024-12-29T00:15:25.444+0000] {dag.py:3239} INFO - Sync 1 DAGs
[2024-12-29T00:15:25.467+0000] {logging_mixin.py:190} INFO - [2024-12-29T00:15:25.467+0000] {dag.py:4180} INFO - Setting next_dagrun for tutorial_dag to None, run_after=None
[2024-12-29T00:15:25.499+0000] {processor.py:208} INFO - Processing /home/airflow/.local/lib/python3.12/site-packages/airflow/example_dags/tutorial_dag.py took 0.105 seconds
[2024-12-29T00:15:58.155+0000] {processor.py:186} INFO - Started process (PID=1598) to work on /home/airflow/.local/lib/python3.12/site-packages/airflow/example_dags/tutorial_dag.py
[2024-12-29T00:15:58.157+0000] {processor.py:914} INFO - Processing file /home/airflow/.local/lib/python3.12/site-packages/airflow/example_dags/tutorial_dag.py for tasks to queue
[2024-12-29T00:15:58.160+0000] {logging_mixin.py:190} INFO - [2024-12-29T00:15:58.160+0000] {dagbag.py:588} INFO - Filling up the DagBag from /home/airflow/.local/lib/python3.12/site-packages/airflow/example_dags/tutorial_dag.py
[2024-12-29T00:15:58.170+0000] {processor.py:925} INFO - DAG(s) 'tutorial_dag' retrieved from /home/airflow/.local/lib/python3.12/site-packages/airflow/example_dags/tutorial_dag.py
[2024-12-29T00:15:58.204+0000] {logging_mixin.py:190} INFO - [2024-12-29T00:15:58.204+0000] {dag.py:3239} INFO - Sync 1 DAGs
[2024-12-29T00:15:58.224+0000] {logging_mixin.py:190} INFO - [2024-12-29T00:15:58.224+0000] {dag.py:4180} INFO - Setting next_dagrun for tutorial_dag to None, run_after=None
[2024-12-29T00:15:58.255+0000] {processor.py:208} INFO - Processing /home/airflow/.local/lib/python3.12/site-packages/airflow/example_dags/tutorial_dag.py took 0.107 seconds
[2024-12-29T00:16:29.667+0000] {processor.py:186} INFO - Started process (PID=1658) to work on /home/airflow/.local/lib/python3.12/site-packages/airflow/example_dags/tutorial_dag.py
[2024-12-29T00:16:29.669+0000] {processor.py:914} INFO - Processing file /home/airflow/.local/lib/python3.12/site-packages/airflow/example_dags/tutorial_dag.py for tasks to queue
[2024-12-29T00:16:29.672+0000] {logging_mixin.py:190} INFO - [2024-12-29T00:16:29.672+0000] {dagbag.py:588} INFO - Filling up the DagBag from /home/airflow/.local/lib/python3.12/site-packages/airflow/example_dags/tutorial_dag.py
[2024-12-29T00:16:29.680+0000] {processor.py:925} INFO - DAG(s) 'tutorial_dag' retrieved from /home/airflow/.local/lib/python3.12/site-packages/airflow/example_dags/tutorial_dag.py
[2024-12-29T00:16:29.706+0000] {logging_mixin.py:190} INFO - [2024-12-29T00:16:29.705+0000] {dag.py:3239} INFO - Sync 1 DAGs
[2024-12-29T00:16:29.721+0000] {logging_mixin.py:190} INFO - [2024-12-29T00:16:29.721+0000] {dag.py:4180} INFO - Setting next_dagrun for tutorial_dag to None, run_after=None
[2024-12-29T00:16:29.746+0000] {processor.py:208} INFO - Processing /home/airflow/.local/lib/python3.12/site-packages/airflow/example_dags/tutorial_dag.py took 0.084 seconds
[2024-12-29T00:17:00.486+0000] {processor.py:186} INFO - Started process (PID=1721) to work on /home/airflow/.local/lib/python3.12/site-packages/airflow/example_dags/tutorial_dag.py
[2024-12-29T00:17:00.487+0000] {processor.py:914} INFO - Processing file /home/airflow/.local/lib/python3.12/site-packages/airflow/example_dags/tutorial_dag.py for tasks to queue
[2024-12-29T00:17:00.490+0000] {logging_mixin.py:190} INFO - [2024-12-29T00:17:00.490+0000] {dagbag.py:588} INFO - Filling up the DagBag from /home/airflow/.local/lib/python3.12/site-packages/airflow/example_dags/tutorial_dag.py
[2024-12-29T00:17:00.503+0000] {processor.py:925} INFO - DAG(s) 'tutorial_dag' retrieved from /home/airflow/.local/lib/python3.12/site-packages/airflow/example_dags/tutorial_dag.py
[2024-12-29T00:17:00.545+0000] {logging_mixin.py:190} INFO - [2024-12-29T00:17:00.545+0000] {dag.py:3239} INFO - Sync 1 DAGs
[2024-12-29T00:17:00.569+0000] {logging_mixin.py:190} INFO - [2024-12-29T00:17:00.569+0000] {dag.py:4180} INFO - Setting next_dagrun for tutorial_dag to None, run_after=None
[2024-12-29T00:17:00.612+0000] {processor.py:208} INFO - Processing /home/airflow/.local/lib/python3.12/site-packages/airflow/example_dags/tutorial_dag.py took 0.136 seconds
[2024-12-29T00:19:51.899+0000] {processor.py:186} INFO - Started process (PID=86) to work on /home/airflow/.local/lib/python3.12/site-packages/airflow/example_dags/tutorial_dag.py
[2024-12-29T00:19:51.901+0000] {processor.py:914} INFO - Processing file /home/airflow/.local/lib/python3.12/site-packages/airflow/example_dags/tutorial_dag.py for tasks to queue
[2024-12-29T00:19:51.905+0000] {logging_mixin.py:190} INFO - [2024-12-29T00:19:51.905+0000] {dagbag.py:588} INFO - Filling up the DagBag from /home/airflow/.local/lib/python3.12/site-packages/airflow/example_dags/tutorial_dag.py
[2024-12-29T00:19:51.918+0000] {processor.py:925} INFO - DAG(s) 'tutorial_dag' retrieved from /home/airflow/.local/lib/python3.12/site-packages/airflow/example_dags/tutorial_dag.py
[2024-12-29T00:19:51.959+0000] {logging_mixin.py:190} INFO - [2024-12-29T00:19:51.959+0000] {dag.py:3239} INFO - Sync 1 DAGs
[2024-12-29T00:19:51.984+0000] {logging_mixin.py:190} INFO - [2024-12-29T00:19:51.983+0000] {dag.py:4180} INFO - Setting next_dagrun for tutorial_dag to None, run_after=None
[2024-12-29T00:19:52.018+0000] {processor.py:208} INFO - Processing /home/airflow/.local/lib/python3.12/site-packages/airflow/example_dags/tutorial_dag.py took 0.126 seconds
[2024-12-29T00:20:22.245+0000] {processor.py:186} INFO - Started process (PID=150) to work on /home/airflow/.local/lib/python3.12/site-packages/airflow/example_dags/tutorial_dag.py
[2024-12-29T00:20:22.246+0000] {processor.py:914} INFO - Processing file /home/airflow/.local/lib/python3.12/site-packages/airflow/example_dags/tutorial_dag.py for tasks to queue
[2024-12-29T00:20:22.248+0000] {logging_mixin.py:190} INFO - [2024-12-29T00:20:22.248+0000] {dagbag.py:588} INFO - Filling up the DagBag from /home/airflow/.local/lib/python3.12/site-packages/airflow/example_dags/tutorial_dag.py
[2024-12-29T00:20:22.256+0000] {processor.py:925} INFO - DAG(s) 'tutorial_dag' retrieved from /home/airflow/.local/lib/python3.12/site-packages/airflow/example_dags/tutorial_dag.py
[2024-12-29T00:20:22.282+0000] {logging_mixin.py:190} INFO - [2024-12-29T00:20:22.281+0000] {dag.py:3239} INFO - Sync 1 DAGs
[2024-12-29T00:20:22.299+0000] {logging_mixin.py:190} INFO - [2024-12-29T00:20:22.299+0000] {dag.py:4180} INFO - Setting next_dagrun for tutorial_dag to None, run_after=None
[2024-12-29T00:20:22.329+0000] {processor.py:208} INFO - Processing /home/airflow/.local/lib/python3.12/site-packages/airflow/example_dags/tutorial_dag.py took 0.090 seconds
[2024-12-29T00:20:52.505+0000] {processor.py:186} INFO - Started process (PID=215) to work on /home/airflow/.local/lib/python3.12/site-packages/airflow/example_dags/tutorial_dag.py
[2024-12-29T00:20:52.507+0000] {processor.py:914} INFO - Processing file /home/airflow/.local/lib/python3.12/site-packages/airflow/example_dags/tutorial_dag.py for tasks to queue
[2024-12-29T00:20:52.509+0000] {logging_mixin.py:190} INFO - [2024-12-29T00:20:52.509+0000] {dagbag.py:588} INFO - Filling up the DagBag from /home/airflow/.local/lib/python3.12/site-packages/airflow/example_dags/tutorial_dag.py
[2024-12-29T00:20:52.520+0000] {processor.py:925} INFO - DAG(s) 'tutorial_dag' retrieved from /home/airflow/.local/lib/python3.12/site-packages/airflow/example_dags/tutorial_dag.py
[2024-12-29T00:20:52.549+0000] {logging_mixin.py:190} INFO - [2024-12-29T00:20:52.549+0000] {dag.py:3239} INFO - Sync 1 DAGs
[2024-12-29T00:20:52.567+0000] {logging_mixin.py:190} INFO - [2024-12-29T00:20:52.566+0000] {dag.py:4180} INFO - Setting next_dagrun for tutorial_dag to None, run_after=None
[2024-12-29T00:20:52.594+0000] {processor.py:208} INFO - Processing /home/airflow/.local/lib/python3.12/site-packages/airflow/example_dags/tutorial_dag.py took 0.096 seconds
[2024-12-29T00:21:23.213+0000] {processor.py:186} INFO - Started process (PID=280) to work on /home/airflow/.local/lib/python3.12/site-packages/airflow/example_dags/tutorial_dag.py
[2024-12-29T00:21:23.214+0000] {processor.py:914} INFO - Processing file /home/airflow/.local/lib/python3.12/site-packages/airflow/example_dags/tutorial_dag.py for tasks to queue
[2024-12-29T00:21:23.216+0000] {logging_mixin.py:190} INFO - [2024-12-29T00:21:23.216+0000] {dagbag.py:588} INFO - Filling up the DagBag from /home/airflow/.local/lib/python3.12/site-packages/airflow/example_dags/tutorial_dag.py
[2024-12-29T00:21:23.223+0000] {processor.py:925} INFO - DAG(s) 'tutorial_dag' retrieved from /home/airflow/.local/lib/python3.12/site-packages/airflow/example_dags/tutorial_dag.py
[2024-12-29T00:21:23.249+0000] {logging_mixin.py:190} INFO - [2024-12-29T00:21:23.249+0000] {dag.py:3239} INFO - Sync 1 DAGs
[2024-12-29T00:21:23.265+0000] {logging_mixin.py:190} INFO - [2024-12-29T00:21:23.265+0000] {dag.py:4180} INFO - Setting next_dagrun for tutorial_dag to None, run_after=None
[2024-12-29T00:21:23.292+0000] {processor.py:208} INFO - Processing /home/airflow/.local/lib/python3.12/site-packages/airflow/example_dags/tutorial_dag.py took 0.085 seconds
[2024-12-29T00:21:53.463+0000] {processor.py:186} INFO - Started process (PID=345) to work on /home/airflow/.local/lib/python3.12/site-packages/airflow/example_dags/tutorial_dag.py
[2024-12-29T00:21:53.464+0000] {processor.py:914} INFO - Processing file /home/airflow/.local/lib/python3.12/site-packages/airflow/example_dags/tutorial_dag.py for tasks to queue
[2024-12-29T00:21:53.467+0000] {logging_mixin.py:190} INFO - [2024-12-29T00:21:53.467+0000] {dagbag.py:588} INFO - Filling up the DagBag from /home/airflow/.local/lib/python3.12/site-packages/airflow/example_dags/tutorial_dag.py
[2024-12-29T00:21:53.475+0000] {processor.py:925} INFO - DAG(s) 'tutorial_dag' retrieved from /home/airflow/.local/lib/python3.12/site-packages/airflow/example_dags/tutorial_dag.py
[2024-12-29T00:21:53.500+0000] {logging_mixin.py:190} INFO - [2024-12-29T00:21:53.499+0000] {dag.py:3239} INFO - Sync 1 DAGs
[2024-12-29T00:21:53.515+0000] {logging_mixin.py:190} INFO - [2024-12-29T00:21:53.515+0000] {dag.py:4180} INFO - Setting next_dagrun for tutorial_dag to None, run_after=None
[2024-12-29T00:21:53.542+0000] {processor.py:208} INFO - Processing /home/airflow/.local/lib/python3.12/site-packages/airflow/example_dags/tutorial_dag.py took 0.086 seconds
[2024-12-29T00:22:24.268+0000] {processor.py:186} INFO - Started process (PID=410) to work on /home/airflow/.local/lib/python3.12/site-packages/airflow/example_dags/tutorial_dag.py
[2024-12-29T00:22:24.270+0000] {processor.py:914} INFO - Processing file /home/airflow/.local/lib/python3.12/site-packages/airflow/example_dags/tutorial_dag.py for tasks to queue
[2024-12-29T00:22:24.272+0000] {logging_mixin.py:190} INFO - [2024-12-29T00:22:24.272+0000] {dagbag.py:588} INFO - Filling up the DagBag from /home/airflow/.local/lib/python3.12/site-packages/airflow/example_dags/tutorial_dag.py
[2024-12-29T00:22:24.281+0000] {processor.py:925} INFO - DAG(s) 'tutorial_dag' retrieved from /home/airflow/.local/lib/python3.12/site-packages/airflow/example_dags/tutorial_dag.py
[2024-12-29T00:22:24.310+0000] {logging_mixin.py:190} INFO - [2024-12-29T00:22:24.310+0000] {dag.py:3239} INFO - Sync 1 DAGs
[2024-12-29T00:22:24.329+0000] {logging_mixin.py:190} INFO - [2024-12-29T00:22:24.329+0000] {dag.py:4180} INFO - Setting next_dagrun for tutorial_dag to None, run_after=None
[2024-12-29T00:22:24.358+0000] {processor.py:208} INFO - Processing /home/airflow/.local/lib/python3.12/site-packages/airflow/example_dags/tutorial_dag.py took 0.096 seconds
[2024-12-29T00:22:54.888+0000] {processor.py:186} INFO - Started process (PID=475) to work on /home/airflow/.local/lib/python3.12/site-packages/airflow/example_dags/tutorial_dag.py
[2024-12-29T00:22:54.890+0000] {processor.py:914} INFO - Processing file /home/airflow/.local/lib/python3.12/site-packages/airflow/example_dags/tutorial_dag.py for tasks to queue
[2024-12-29T00:22:54.892+0000] {logging_mixin.py:190} INFO - [2024-12-29T00:22:54.892+0000] {dagbag.py:588} INFO - Filling up the DagBag from /home/airflow/.local/lib/python3.12/site-packages/airflow/example_dags/tutorial_dag.py
[2024-12-29T00:22:54.900+0000] {processor.py:925} INFO - DAG(s) 'tutorial_dag' retrieved from /home/airflow/.local/lib/python3.12/site-packages/airflow/example_dags/tutorial_dag.py
[2024-12-29T00:22:54.927+0000] {logging_mixin.py:190} INFO - [2024-12-29T00:22:54.927+0000] {dag.py:3239} INFO - Sync 1 DAGs
[2024-12-29T00:22:54.943+0000] {logging_mixin.py:190} INFO - [2024-12-29T00:22:54.942+0000] {dag.py:4180} INFO - Setting next_dagrun for tutorial_dag to None, run_after=None
[2024-12-29T00:22:54.966+0000] {processor.py:208} INFO - Processing /home/airflow/.local/lib/python3.12/site-packages/airflow/example_dags/tutorial_dag.py took 0.085 seconds
[2024-12-29T00:23:25.124+0000] {processor.py:186} INFO - Started process (PID=540) to work on /home/airflow/.local/lib/python3.12/site-packages/airflow/example_dags/tutorial_dag.py
[2024-12-29T00:23:25.125+0000] {processor.py:914} INFO - Processing file /home/airflow/.local/lib/python3.12/site-packages/airflow/example_dags/tutorial_dag.py for tasks to queue
[2024-12-29T00:23:25.127+0000] {logging_mixin.py:190} INFO - [2024-12-29T00:23:25.127+0000] {dagbag.py:588} INFO - Filling up the DagBag from /home/airflow/.local/lib/python3.12/site-packages/airflow/example_dags/tutorial_dag.py
[2024-12-29T00:23:25.134+0000] {processor.py:925} INFO - DAG(s) 'tutorial_dag' retrieved from /home/airflow/.local/lib/python3.12/site-packages/airflow/example_dags/tutorial_dag.py
[2024-12-29T00:23:25.157+0000] {logging_mixin.py:190} INFO - [2024-12-29T00:23:25.156+0000] {dag.py:3239} INFO - Sync 1 DAGs
[2024-12-29T00:23:25.172+0000] {logging_mixin.py:190} INFO - [2024-12-29T00:23:25.172+0000] {dag.py:4180} INFO - Setting next_dagrun for tutorial_dag to None, run_after=None
[2024-12-29T00:23:25.197+0000] {processor.py:208} INFO - Processing /home/airflow/.local/lib/python3.12/site-packages/airflow/example_dags/tutorial_dag.py took 0.078 seconds
[2024-12-29T00:23:55.478+0000] {processor.py:186} INFO - Started process (PID=606) to work on /home/airflow/.local/lib/python3.12/site-packages/airflow/example_dags/tutorial_dag.py
[2024-12-29T00:23:55.480+0000] {processor.py:914} INFO - Processing file /home/airflow/.local/lib/python3.12/site-packages/airflow/example_dags/tutorial_dag.py for tasks to queue
[2024-12-29T00:23:55.482+0000] {logging_mixin.py:190} INFO - [2024-12-29T00:23:55.482+0000] {dagbag.py:588} INFO - Filling up the DagBag from /home/airflow/.local/lib/python3.12/site-packages/airflow/example_dags/tutorial_dag.py
[2024-12-29T00:23:55.489+0000] {processor.py:925} INFO - DAG(s) 'tutorial_dag' retrieved from /home/airflow/.local/lib/python3.12/site-packages/airflow/example_dags/tutorial_dag.py
[2024-12-29T00:23:55.513+0000] {logging_mixin.py:190} INFO - [2024-12-29T00:23:55.512+0000] {dag.py:3239} INFO - Sync 1 DAGs
[2024-12-29T00:23:55.529+0000] {logging_mixin.py:190} INFO - [2024-12-29T00:23:55.529+0000] {dag.py:4180} INFO - Setting next_dagrun for tutorial_dag to None, run_after=None
[2024-12-29T00:23:55.560+0000] {processor.py:208} INFO - Processing /home/airflow/.local/lib/python3.12/site-packages/airflow/example_dags/tutorial_dag.py took 0.087 seconds
[2024-12-29T00:24:26.038+0000] {processor.py:186} INFO - Started process (PID=671) to work on /home/airflow/.local/lib/python3.12/site-packages/airflow/example_dags/tutorial_dag.py
[2024-12-29T00:24:26.040+0000] {processor.py:914} INFO - Processing file /home/airflow/.local/lib/python3.12/site-packages/airflow/example_dags/tutorial_dag.py for tasks to queue
[2024-12-29T00:24:26.043+0000] {logging_mixin.py:190} INFO - [2024-12-29T00:24:26.042+0000] {dagbag.py:588} INFO - Filling up the DagBag from /home/airflow/.local/lib/python3.12/site-packages/airflow/example_dags/tutorial_dag.py
[2024-12-29T00:24:26.050+0000] {processor.py:925} INFO - DAG(s) 'tutorial_dag' retrieved from /home/airflow/.local/lib/python3.12/site-packages/airflow/example_dags/tutorial_dag.py
[2024-12-29T00:24:26.077+0000] {logging_mixin.py:190} INFO - [2024-12-29T00:24:26.077+0000] {dag.py:3239} INFO - Sync 1 DAGs
[2024-12-29T00:24:26.094+0000] {logging_mixin.py:190} INFO - [2024-12-29T00:24:26.094+0000] {dag.py:4180} INFO - Setting next_dagrun for tutorial_dag to None, run_after=None
[2024-12-29T00:24:26.121+0000] {processor.py:208} INFO - Processing /home/airflow/.local/lib/python3.12/site-packages/airflow/example_dags/tutorial_dag.py took 0.088 seconds
[2024-12-29T00:24:56.290+0000] {processor.py:186} INFO - Started process (PID=736) to work on /home/airflow/.local/lib/python3.12/site-packages/airflow/example_dags/tutorial_dag.py
[2024-12-29T00:24:56.292+0000] {processor.py:914} INFO - Processing file /home/airflow/.local/lib/python3.12/site-packages/airflow/example_dags/tutorial_dag.py for tasks to queue
[2024-12-29T00:24:56.294+0000] {logging_mixin.py:190} INFO - [2024-12-29T00:24:56.294+0000] {dagbag.py:588} INFO - Filling up the DagBag from /home/airflow/.local/lib/python3.12/site-packages/airflow/example_dags/tutorial_dag.py
[2024-12-29T00:24:56.302+0000] {processor.py:925} INFO - DAG(s) 'tutorial_dag' retrieved from /home/airflow/.local/lib/python3.12/site-packages/airflow/example_dags/tutorial_dag.py
[2024-12-29T00:24:56.327+0000] {logging_mixin.py:190} INFO - [2024-12-29T00:24:56.327+0000] {dag.py:3239} INFO - Sync 1 DAGs
[2024-12-29T00:24:56.344+0000] {logging_mixin.py:190} INFO - [2024-12-29T00:24:56.344+0000] {dag.py:4180} INFO - Setting next_dagrun for tutorial_dag to None, run_after=None
[2024-12-29T00:24:56.373+0000] {processor.py:208} INFO - Processing /home/airflow/.local/lib/python3.12/site-packages/airflow/example_dags/tutorial_dag.py took 0.090 seconds
[2024-12-29T00:25:26.579+0000] {processor.py:186} INFO - Started process (PID=801) to work on /home/airflow/.local/lib/python3.12/site-packages/airflow/example_dags/tutorial_dag.py
[2024-12-29T00:25:26.581+0000] {processor.py:914} INFO - Processing file /home/airflow/.local/lib/python3.12/site-packages/airflow/example_dags/tutorial_dag.py for tasks to queue
[2024-12-29T00:25:26.583+0000] {logging_mixin.py:190} INFO - [2024-12-29T00:25:26.583+0000] {dagbag.py:588} INFO - Filling up the DagBag from /home/airflow/.local/lib/python3.12/site-packages/airflow/example_dags/tutorial_dag.py
[2024-12-29T00:25:26.590+0000] {processor.py:925} INFO - DAG(s) 'tutorial_dag' retrieved from /home/airflow/.local/lib/python3.12/site-packages/airflow/example_dags/tutorial_dag.py
[2024-12-29T00:25:26.612+0000] {logging_mixin.py:190} INFO - [2024-12-29T00:25:26.612+0000] {dag.py:3239} INFO - Sync 1 DAGs
[2024-12-29T00:25:26.627+0000] {logging_mixin.py:190} INFO - [2024-12-29T00:25:26.627+0000] {dag.py:4180} INFO - Setting next_dagrun for tutorial_dag to None, run_after=None
[2024-12-29T00:25:26.650+0000] {processor.py:208} INFO - Processing /home/airflow/.local/lib/python3.12/site-packages/airflow/example_dags/tutorial_dag.py took 0.077 seconds
[2024-12-29T00:25:56.814+0000] {processor.py:186} INFO - Started process (PID=866) to work on /home/airflow/.local/lib/python3.12/site-packages/airflow/example_dags/tutorial_dag.py
[2024-12-29T00:25:56.816+0000] {processor.py:914} INFO - Processing file /home/airflow/.local/lib/python3.12/site-packages/airflow/example_dags/tutorial_dag.py for tasks to queue
[2024-12-29T00:25:56.818+0000] {logging_mixin.py:190} INFO - [2024-12-29T00:25:56.818+0000] {dagbag.py:588} INFO - Filling up the DagBag from /home/airflow/.local/lib/python3.12/site-packages/airflow/example_dags/tutorial_dag.py
[2024-12-29T00:25:56.826+0000] {processor.py:925} INFO - DAG(s) 'tutorial_dag' retrieved from /home/airflow/.local/lib/python3.12/site-packages/airflow/example_dags/tutorial_dag.py
[2024-12-29T00:25:56.854+0000] {logging_mixin.py:190} INFO - [2024-12-29T00:25:56.854+0000] {dag.py:3239} INFO - Sync 1 DAGs
[2024-12-29T00:25:56.870+0000] {logging_mixin.py:190} INFO - [2024-12-29T00:25:56.870+0000] {dag.py:4180} INFO - Setting next_dagrun for tutorial_dag to None, run_after=None
[2024-12-29T00:25:56.900+0000] {processor.py:208} INFO - Processing /home/airflow/.local/lib/python3.12/site-packages/airflow/example_dags/tutorial_dag.py took 0.091 seconds
[2024-12-29T00:26:26.956+0000] {processor.py:186} INFO - Started process (PID=931) to work on /home/airflow/.local/lib/python3.12/site-packages/airflow/example_dags/tutorial_dag.py
[2024-12-29T00:26:26.958+0000] {processor.py:914} INFO - Processing file /home/airflow/.local/lib/python3.12/site-packages/airflow/example_dags/tutorial_dag.py for tasks to queue
[2024-12-29T00:26:26.961+0000] {logging_mixin.py:190} INFO - [2024-12-29T00:26:26.960+0000] {dagbag.py:588} INFO - Filling up the DagBag from /home/airflow/.local/lib/python3.12/site-packages/airflow/example_dags/tutorial_dag.py
[2024-12-29T00:26:26.970+0000] {processor.py:925} INFO - DAG(s) 'tutorial_dag' retrieved from /home/airflow/.local/lib/python3.12/site-packages/airflow/example_dags/tutorial_dag.py
[2024-12-29T00:26:26.997+0000] {logging_mixin.py:190} INFO - [2024-12-29T00:26:26.997+0000] {dag.py:3239} INFO - Sync 1 DAGs
[2024-12-29T00:26:27.016+0000] {logging_mixin.py:190} INFO - [2024-12-29T00:26:27.016+0000] {dag.py:4180} INFO - Setting next_dagrun for tutorial_dag to None, run_after=None
[2024-12-29T00:26:27.045+0000] {processor.py:208} INFO - Processing /home/airflow/.local/lib/python3.12/site-packages/airflow/example_dags/tutorial_dag.py took 0.096 seconds
[2024-12-29T00:26:57.431+0000] {processor.py:186} INFO - Started process (PID=996) to work on /home/airflow/.local/lib/python3.12/site-packages/airflow/example_dags/tutorial_dag.py
[2024-12-29T00:26:57.433+0000] {processor.py:914} INFO - Processing file /home/airflow/.local/lib/python3.12/site-packages/airflow/example_dags/tutorial_dag.py for tasks to queue
[2024-12-29T00:26:57.436+0000] {logging_mixin.py:190} INFO - [2024-12-29T00:26:57.435+0000] {dagbag.py:588} INFO - Filling up the DagBag from /home/airflow/.local/lib/python3.12/site-packages/airflow/example_dags/tutorial_dag.py
[2024-12-29T00:26:57.443+0000] {processor.py:925} INFO - DAG(s) 'tutorial_dag' retrieved from /home/airflow/.local/lib/python3.12/site-packages/airflow/example_dags/tutorial_dag.py
[2024-12-29T00:26:57.467+0000] {logging_mixin.py:190} INFO - [2024-12-29T00:26:57.467+0000] {dag.py:3239} INFO - Sync 1 DAGs
[2024-12-29T00:26:57.482+0000] {logging_mixin.py:190} INFO - [2024-12-29T00:26:57.482+0000] {dag.py:4180} INFO - Setting next_dagrun for tutorial_dag to None, run_after=None
[2024-12-29T00:26:57.507+0000] {processor.py:208} INFO - Processing /home/airflow/.local/lib/python3.12/site-packages/airflow/example_dags/tutorial_dag.py took 0.082 seconds
[2024-12-29T00:27:27.662+0000] {processor.py:186} INFO - Started process (PID=1061) to work on /home/airflow/.local/lib/python3.12/site-packages/airflow/example_dags/tutorial_dag.py
[2024-12-29T00:27:27.664+0000] {processor.py:914} INFO - Processing file /home/airflow/.local/lib/python3.12/site-packages/airflow/example_dags/tutorial_dag.py for tasks to queue
[2024-12-29T00:27:27.667+0000] {logging_mixin.py:190} INFO - [2024-12-29T00:27:27.666+0000] {dagbag.py:588} INFO - Filling up the DagBag from /home/airflow/.local/lib/python3.12/site-packages/airflow/example_dags/tutorial_dag.py
[2024-12-29T00:27:27.675+0000] {processor.py:925} INFO - DAG(s) 'tutorial_dag' retrieved from /home/airflow/.local/lib/python3.12/site-packages/airflow/example_dags/tutorial_dag.py
[2024-12-29T00:27:27.702+0000] {logging_mixin.py:190} INFO - [2024-12-29T00:27:27.702+0000] {dag.py:3239} INFO - Sync 1 DAGs
[2024-12-29T00:27:27.721+0000] {logging_mixin.py:190} INFO - [2024-12-29T00:27:27.721+0000] {dag.py:4180} INFO - Setting next_dagrun for tutorial_dag to None, run_after=None
[2024-12-29T00:27:27.750+0000] {processor.py:208} INFO - Processing /home/airflow/.local/lib/python3.12/site-packages/airflow/example_dags/tutorial_dag.py took 0.094 seconds
[2024-12-29T00:27:58.130+0000] {processor.py:186} INFO - Started process (PID=1126) to work on /home/airflow/.local/lib/python3.12/site-packages/airflow/example_dags/tutorial_dag.py
[2024-12-29T00:27:58.132+0000] {processor.py:914} INFO - Processing file /home/airflow/.local/lib/python3.12/site-packages/airflow/example_dags/tutorial_dag.py for tasks to queue
[2024-12-29T00:27:58.135+0000] {logging_mixin.py:190} INFO - [2024-12-29T00:27:58.134+0000] {dagbag.py:588} INFO - Filling up the DagBag from /home/airflow/.local/lib/python3.12/site-packages/airflow/example_dags/tutorial_dag.py
[2024-12-29T00:27:58.144+0000] {processor.py:925} INFO - DAG(s) 'tutorial_dag' retrieved from /home/airflow/.local/lib/python3.12/site-packages/airflow/example_dags/tutorial_dag.py
[2024-12-29T00:27:58.171+0000] {logging_mixin.py:190} INFO - [2024-12-29T00:27:58.171+0000] {dag.py:3239} INFO - Sync 1 DAGs
[2024-12-29T00:27:58.188+0000] {logging_mixin.py:190} INFO - [2024-12-29T00:27:58.187+0000] {dag.py:4180} INFO - Setting next_dagrun for tutorial_dag to None, run_after=None
[2024-12-29T00:27:58.216+0000] {processor.py:208} INFO - Processing /home/airflow/.local/lib/python3.12/site-packages/airflow/example_dags/tutorial_dag.py took 0.092 seconds
[2024-12-29T00:28:28.658+0000] {processor.py:186} INFO - Started process (PID=1192) to work on /home/airflow/.local/lib/python3.12/site-packages/airflow/example_dags/tutorial_dag.py
[2024-12-29T00:28:28.660+0000] {processor.py:914} INFO - Processing file /home/airflow/.local/lib/python3.12/site-packages/airflow/example_dags/tutorial_dag.py for tasks to queue
[2024-12-29T00:28:28.663+0000] {logging_mixin.py:190} INFO - [2024-12-29T00:28:28.662+0000] {dagbag.py:588} INFO - Filling up the DagBag from /home/airflow/.local/lib/python3.12/site-packages/airflow/example_dags/tutorial_dag.py
[2024-12-29T00:28:28.670+0000] {processor.py:925} INFO - DAG(s) 'tutorial_dag' retrieved from /home/airflow/.local/lib/python3.12/site-packages/airflow/example_dags/tutorial_dag.py
[2024-12-29T00:28:28.694+0000] {logging_mixin.py:190} INFO - [2024-12-29T00:28:28.693+0000] {dag.py:3239} INFO - Sync 1 DAGs
[2024-12-29T00:28:28.709+0000] {logging_mixin.py:190} INFO - [2024-12-29T00:28:28.709+0000] {dag.py:4180} INFO - Setting next_dagrun for tutorial_dag to None, run_after=None
[2024-12-29T00:28:28.736+0000] {processor.py:208} INFO - Processing /home/airflow/.local/lib/python3.12/site-packages/airflow/example_dags/tutorial_dag.py took 0.084 seconds
[2024-12-29T00:28:59.111+0000] {processor.py:186} INFO - Started process (PID=1256) to work on /home/airflow/.local/lib/python3.12/site-packages/airflow/example_dags/tutorial_dag.py
[2024-12-29T00:28:59.112+0000] {processor.py:914} INFO - Processing file /home/airflow/.local/lib/python3.12/site-packages/airflow/example_dags/tutorial_dag.py for tasks to queue
[2024-12-29T00:28:59.115+0000] {logging_mixin.py:190} INFO - [2024-12-29T00:28:59.114+0000] {dagbag.py:588} INFO - Filling up the DagBag from /home/airflow/.local/lib/python3.12/site-packages/airflow/example_dags/tutorial_dag.py
[2024-12-29T00:28:59.122+0000] {processor.py:925} INFO - DAG(s) 'tutorial_dag' retrieved from /home/airflow/.local/lib/python3.12/site-packages/airflow/example_dags/tutorial_dag.py
[2024-12-29T00:28:59.149+0000] {logging_mixin.py:190} INFO - [2024-12-29T00:28:59.148+0000] {dag.py:3239} INFO - Sync 1 DAGs
[2024-12-29T00:28:59.166+0000] {logging_mixin.py:190} INFO - [2024-12-29T00:28:59.165+0000] {dag.py:4180} INFO - Setting next_dagrun for tutorial_dag to None, run_after=None
[2024-12-29T00:28:59.190+0000] {processor.py:208} INFO - Processing /home/airflow/.local/lib/python3.12/site-packages/airflow/example_dags/tutorial_dag.py took 0.086 seconds
[2024-12-29T00:29:29.825+0000] {processor.py:186} INFO - Started process (PID=1321) to work on /home/airflow/.local/lib/python3.12/site-packages/airflow/example_dags/tutorial_dag.py
[2024-12-29T00:29:29.826+0000] {processor.py:914} INFO - Processing file /home/airflow/.local/lib/python3.12/site-packages/airflow/example_dags/tutorial_dag.py for tasks to queue
[2024-12-29T00:29:29.829+0000] {logging_mixin.py:190} INFO - [2024-12-29T00:29:29.828+0000] {dagbag.py:588} INFO - Filling up the DagBag from /home/airflow/.local/lib/python3.12/site-packages/airflow/example_dags/tutorial_dag.py
[2024-12-29T00:29:29.838+0000] {processor.py:925} INFO - DAG(s) 'tutorial_dag' retrieved from /home/airflow/.local/lib/python3.12/site-packages/airflow/example_dags/tutorial_dag.py
[2024-12-29T00:29:29.865+0000] {logging_mixin.py:190} INFO - [2024-12-29T00:29:29.865+0000] {dag.py:3239} INFO - Sync 1 DAGs
[2024-12-29T00:29:29.883+0000] {logging_mixin.py:190} INFO - [2024-12-29T00:29:29.882+0000] {dag.py:4180} INFO - Setting next_dagrun for tutorial_dag to None, run_after=None
[2024-12-29T00:29:29.914+0000] {processor.py:208} INFO - Processing /home/airflow/.local/lib/python3.12/site-packages/airflow/example_dags/tutorial_dag.py took 0.096 seconds
[2024-12-29T00:30:00.637+0000] {processor.py:186} INFO - Started process (PID=1386) to work on /home/airflow/.local/lib/python3.12/site-packages/airflow/example_dags/tutorial_dag.py
[2024-12-29T00:30:00.640+0000] {processor.py:914} INFO - Processing file /home/airflow/.local/lib/python3.12/site-packages/airflow/example_dags/tutorial_dag.py for tasks to queue
[2024-12-29T00:30:00.644+0000] {logging_mixin.py:190} INFO - [2024-12-29T00:30:00.643+0000] {dagbag.py:588} INFO - Filling up the DagBag from /home/airflow/.local/lib/python3.12/site-packages/airflow/example_dags/tutorial_dag.py
[2024-12-29T00:30:00.656+0000] {processor.py:925} INFO - DAG(s) 'tutorial_dag' retrieved from /home/airflow/.local/lib/python3.12/site-packages/airflow/example_dags/tutorial_dag.py
[2024-12-29T00:30:00.699+0000] {logging_mixin.py:190} INFO - [2024-12-29T00:30:00.698+0000] {dag.py:3239} INFO - Sync 1 DAGs
[2024-12-29T00:30:00.730+0000] {logging_mixin.py:190} INFO - [2024-12-29T00:30:00.729+0000] {dag.py:4180} INFO - Setting next_dagrun for tutorial_dag to None, run_after=None
[2024-12-29T00:30:00.835+0000] {processor.py:208} INFO - Processing /home/airflow/.local/lib/python3.12/site-packages/airflow/example_dags/tutorial_dag.py took 0.209 seconds
[2024-12-29T00:30:31.430+0000] {processor.py:186} INFO - Started process (PID=1451) to work on /home/airflow/.local/lib/python3.12/site-packages/airflow/example_dags/tutorial_dag.py
[2024-12-29T00:30:31.432+0000] {processor.py:914} INFO - Processing file /home/airflow/.local/lib/python3.12/site-packages/airflow/example_dags/tutorial_dag.py for tasks to queue
[2024-12-29T00:30:31.436+0000] {logging_mixin.py:190} INFO - [2024-12-29T00:30:31.435+0000] {dagbag.py:588} INFO - Filling up the DagBag from /home/airflow/.local/lib/python3.12/site-packages/airflow/example_dags/tutorial_dag.py
[2024-12-29T00:30:31.446+0000] {processor.py:925} INFO - DAG(s) 'tutorial_dag' retrieved from /home/airflow/.local/lib/python3.12/site-packages/airflow/example_dags/tutorial_dag.py
[2024-12-29T00:30:31.477+0000] {logging_mixin.py:190} INFO - [2024-12-29T00:30:31.476+0000] {dag.py:3239} INFO - Sync 1 DAGs
[2024-12-29T00:30:31.497+0000] {logging_mixin.py:190} INFO - [2024-12-29T00:30:31.497+0000] {dag.py:4180} INFO - Setting next_dagrun for tutorial_dag to None, run_after=None
[2024-12-29T00:30:31.528+0000] {processor.py:208} INFO - Processing /home/airflow/.local/lib/python3.12/site-packages/airflow/example_dags/tutorial_dag.py took 0.105 seconds
[2024-12-29T00:31:02.640+0000] {processor.py:186} INFO - Started process (PID=1516) to work on /home/airflow/.local/lib/python3.12/site-packages/airflow/example_dags/tutorial_dag.py
[2024-12-29T00:31:02.642+0000] {processor.py:914} INFO - Processing file /home/airflow/.local/lib/python3.12/site-packages/airflow/example_dags/tutorial_dag.py for tasks to queue
[2024-12-29T00:31:02.644+0000] {logging_mixin.py:190} INFO - [2024-12-29T00:31:02.644+0000] {dagbag.py:588} INFO - Filling up the DagBag from /home/airflow/.local/lib/python3.12/site-packages/airflow/example_dags/tutorial_dag.py
[2024-12-29T00:31:02.651+0000] {processor.py:925} INFO - DAG(s) 'tutorial_dag' retrieved from /home/airflow/.local/lib/python3.12/site-packages/airflow/example_dags/tutorial_dag.py
[2024-12-29T00:31:02.676+0000] {logging_mixin.py:190} INFO - [2024-12-29T00:31:02.675+0000] {dag.py:3239} INFO - Sync 1 DAGs
[2024-12-29T00:31:02.693+0000] {logging_mixin.py:190} INFO - [2024-12-29T00:31:02.693+0000] {dag.py:4180} INFO - Setting next_dagrun for tutorial_dag to None, run_after=None
[2024-12-29T00:31:02.724+0000] {processor.py:208} INFO - Processing /home/airflow/.local/lib/python3.12/site-packages/airflow/example_dags/tutorial_dag.py took 0.093 seconds
[2024-12-29T00:31:33.429+0000] {processor.py:186} INFO - Started process (PID=1582) to work on /home/airflow/.local/lib/python3.12/site-packages/airflow/example_dags/tutorial_dag.py
[2024-12-29T00:31:33.431+0000] {processor.py:914} INFO - Processing file /home/airflow/.local/lib/python3.12/site-packages/airflow/example_dags/tutorial_dag.py for tasks to queue
[2024-12-29T00:31:33.435+0000] {logging_mixin.py:190} INFO - [2024-12-29T00:31:33.434+0000] {dagbag.py:588} INFO - Filling up the DagBag from /home/airflow/.local/lib/python3.12/site-packages/airflow/example_dags/tutorial_dag.py
[2024-12-29T00:31:33.444+0000] {processor.py:925} INFO - DAG(s) 'tutorial_dag' retrieved from /home/airflow/.local/lib/python3.12/site-packages/airflow/example_dags/tutorial_dag.py
[2024-12-29T00:31:33.472+0000] {logging_mixin.py:190} INFO - [2024-12-29T00:31:33.472+0000] {dag.py:3239} INFO - Sync 1 DAGs
[2024-12-29T00:31:33.491+0000] {logging_mixin.py:190} INFO - [2024-12-29T00:31:33.490+0000] {dag.py:4180} INFO - Setting next_dagrun for tutorial_dag to None, run_after=None
[2024-12-29T00:31:33.517+0000] {processor.py:208} INFO - Processing /home/airflow/.local/lib/python3.12/site-packages/airflow/example_dags/tutorial_dag.py took 0.096 seconds
[2024-12-29T00:32:03.776+0000] {processor.py:186} INFO - Started process (PID=1636) to work on /home/airflow/.local/lib/python3.12/site-packages/airflow/example_dags/tutorial_dag.py
[2024-12-29T00:32:03.777+0000] {processor.py:914} INFO - Processing file /home/airflow/.local/lib/python3.12/site-packages/airflow/example_dags/tutorial_dag.py for tasks to queue
[2024-12-29T00:32:03.780+0000] {logging_mixin.py:190} INFO - [2024-12-29T00:32:03.780+0000] {dagbag.py:588} INFO - Filling up the DagBag from /home/airflow/.local/lib/python3.12/site-packages/airflow/example_dags/tutorial_dag.py
[2024-12-29T00:32:03.787+0000] {processor.py:925} INFO - DAG(s) 'tutorial_dag' retrieved from /home/airflow/.local/lib/python3.12/site-packages/airflow/example_dags/tutorial_dag.py
[2024-12-29T00:32:03.810+0000] {logging_mixin.py:190} INFO - [2024-12-29T00:32:03.810+0000] {dag.py:3239} INFO - Sync 1 DAGs
[2024-12-29T00:32:03.826+0000] {logging_mixin.py:190} INFO - [2024-12-29T00:32:03.825+0000] {dag.py:4180} INFO - Setting next_dagrun for tutorial_dag to None, run_after=None
[2024-12-29T00:32:03.849+0000] {processor.py:208} INFO - Processing /home/airflow/.local/lib/python3.12/site-packages/airflow/example_dags/tutorial_dag.py took 0.080 seconds
[2024-12-29T00:32:35.157+0000] {processor.py:186} INFO - Started process (PID=1695) to work on /home/airflow/.local/lib/python3.12/site-packages/airflow/example_dags/tutorial_dag.py
[2024-12-29T00:32:35.161+0000] {processor.py:914} INFO - Processing file /home/airflow/.local/lib/python3.12/site-packages/airflow/example_dags/tutorial_dag.py for tasks to queue
[2024-12-29T00:32:35.164+0000] {logging_mixin.py:190} INFO - [2024-12-29T00:32:35.164+0000] {dagbag.py:588} INFO - Filling up the DagBag from /home/airflow/.local/lib/python3.12/site-packages/airflow/example_dags/tutorial_dag.py
[2024-12-29T00:32:35.173+0000] {processor.py:925} INFO - DAG(s) 'tutorial_dag' retrieved from /home/airflow/.local/lib/python3.12/site-packages/airflow/example_dags/tutorial_dag.py
[2024-12-29T00:32:35.201+0000] {logging_mixin.py:190} INFO - [2024-12-29T00:32:35.201+0000] {dag.py:3239} INFO - Sync 1 DAGs
[2024-12-29T00:32:35.218+0000] {logging_mixin.py:190} INFO - [2024-12-29T00:32:35.218+0000] {dag.py:4180} INFO - Setting next_dagrun for tutorial_dag to None, run_after=None
[2024-12-29T00:32:35.247+0000] {processor.py:208} INFO - Processing /home/airflow/.local/lib/python3.12/site-packages/airflow/example_dags/tutorial_dag.py took 0.097 seconds
[2024-12-29T00:33:05.681+0000] {processor.py:186} INFO - Started process (PID=1754) to work on /home/airflow/.local/lib/python3.12/site-packages/airflow/example_dags/tutorial_dag.py
[2024-12-29T00:33:05.683+0000] {processor.py:914} INFO - Processing file /home/airflow/.local/lib/python3.12/site-packages/airflow/example_dags/tutorial_dag.py for tasks to queue
[2024-12-29T00:33:05.685+0000] {logging_mixin.py:190} INFO - [2024-12-29T00:33:05.685+0000] {dagbag.py:588} INFO - Filling up the DagBag from /home/airflow/.local/lib/python3.12/site-packages/airflow/example_dags/tutorial_dag.py
[2024-12-29T00:33:05.693+0000] {processor.py:925} INFO - DAG(s) 'tutorial_dag' retrieved from /home/airflow/.local/lib/python3.12/site-packages/airflow/example_dags/tutorial_dag.py
[2024-12-29T00:33:05.718+0000] {logging_mixin.py:190} INFO - [2024-12-29T00:33:05.718+0000] {dag.py:3239} INFO - Sync 1 DAGs
[2024-12-29T00:33:05.733+0000] {logging_mixin.py:190} INFO - [2024-12-29T00:33:05.732+0000] {dag.py:4180} INFO - Setting next_dagrun for tutorial_dag to None, run_after=None
[2024-12-29T00:33:05.758+0000] {processor.py:208} INFO - Processing /home/airflow/.local/lib/python3.12/site-packages/airflow/example_dags/tutorial_dag.py took 0.083 seconds
[2024-12-29T00:33:36.367+0000] {processor.py:186} INFO - Started process (PID=1816) to work on /home/airflow/.local/lib/python3.12/site-packages/airflow/example_dags/tutorial_dag.py
[2024-12-29T00:33:36.370+0000] {processor.py:914} INFO - Processing file /home/airflow/.local/lib/python3.12/site-packages/airflow/example_dags/tutorial_dag.py for tasks to queue
[2024-12-29T00:33:36.373+0000] {logging_mixin.py:190} INFO - [2024-12-29T00:33:36.372+0000] {dagbag.py:588} INFO - Filling up the DagBag from /home/airflow/.local/lib/python3.12/site-packages/airflow/example_dags/tutorial_dag.py
[2024-12-29T00:33:36.383+0000] {processor.py:925} INFO - DAG(s) 'tutorial_dag' retrieved from /home/airflow/.local/lib/python3.12/site-packages/airflow/example_dags/tutorial_dag.py
[2024-12-29T00:33:36.417+0000] {logging_mixin.py:190} INFO - [2024-12-29T00:33:36.416+0000] {dag.py:3239} INFO - Sync 1 DAGs
[2024-12-29T00:33:36.435+0000] {logging_mixin.py:190} INFO - [2024-12-29T00:33:36.435+0000] {dag.py:4180} INFO - Setting next_dagrun for tutorial_dag to None, run_after=None
[2024-12-29T00:33:36.467+0000] {processor.py:208} INFO - Processing /home/airflow/.local/lib/python3.12/site-packages/airflow/example_dags/tutorial_dag.py took 0.108 seconds
[2024-12-29T00:34:06.775+0000] {processor.py:186} INFO - Started process (PID=1881) to work on /home/airflow/.local/lib/python3.12/site-packages/airflow/example_dags/tutorial_dag.py
[2024-12-29T00:34:06.777+0000] {processor.py:914} INFO - Processing file /home/airflow/.local/lib/python3.12/site-packages/airflow/example_dags/tutorial_dag.py for tasks to queue
[2024-12-29T00:34:06.779+0000] {logging_mixin.py:190} INFO - [2024-12-29T00:34:06.779+0000] {dagbag.py:588} INFO - Filling up the DagBag from /home/airflow/.local/lib/python3.12/site-packages/airflow/example_dags/tutorial_dag.py
[2024-12-29T00:34:06.789+0000] {processor.py:925} INFO - DAG(s) 'tutorial_dag' retrieved from /home/airflow/.local/lib/python3.12/site-packages/airflow/example_dags/tutorial_dag.py
[2024-12-29T00:34:06.819+0000] {logging_mixin.py:190} INFO - [2024-12-29T00:34:06.818+0000] {dag.py:3239} INFO - Sync 1 DAGs
[2024-12-29T00:34:06.838+0000] {logging_mixin.py:190} INFO - [2024-12-29T00:34:06.838+0000] {dag.py:4180} INFO - Setting next_dagrun for tutorial_dag to None, run_after=None
[2024-12-29T00:34:06.869+0000] {processor.py:208} INFO - Processing /home/airflow/.local/lib/python3.12/site-packages/airflow/example_dags/tutorial_dag.py took 0.101 seconds
[2024-12-29T00:34:38.001+0000] {processor.py:186} INFO - Started process (PID=1946) to work on /home/airflow/.local/lib/python3.12/site-packages/airflow/example_dags/tutorial_dag.py
[2024-12-29T00:34:38.003+0000] {processor.py:914} INFO - Processing file /home/airflow/.local/lib/python3.12/site-packages/airflow/example_dags/tutorial_dag.py for tasks to queue
[2024-12-29T00:34:38.006+0000] {logging_mixin.py:190} INFO - [2024-12-29T00:34:38.005+0000] {dagbag.py:588} INFO - Filling up the DagBag from /home/airflow/.local/lib/python3.12/site-packages/airflow/example_dags/tutorial_dag.py
[2024-12-29T00:34:38.018+0000] {processor.py:925} INFO - DAG(s) 'tutorial_dag' retrieved from /home/airflow/.local/lib/python3.12/site-packages/airflow/example_dags/tutorial_dag.py
[2024-12-29T00:34:38.051+0000] {logging_mixin.py:190} INFO - [2024-12-29T00:34:38.051+0000] {dag.py:3239} INFO - Sync 1 DAGs
[2024-12-29T00:34:38.073+0000] {logging_mixin.py:190} INFO - [2024-12-29T00:34:38.072+0000] {dag.py:4180} INFO - Setting next_dagrun for tutorial_dag to None, run_after=None
[2024-12-29T00:34:38.106+0000] {processor.py:208} INFO - Processing /home/airflow/.local/lib/python3.12/site-packages/airflow/example_dags/tutorial_dag.py took 0.113 seconds
[2024-12-29T00:35:08.394+0000] {processor.py:186} INFO - Started process (PID=2009) to work on /home/airflow/.local/lib/python3.12/site-packages/airflow/example_dags/tutorial_dag.py
[2024-12-29T00:35:08.396+0000] {processor.py:914} INFO - Processing file /home/airflow/.local/lib/python3.12/site-packages/airflow/example_dags/tutorial_dag.py for tasks to queue
[2024-12-29T00:35:08.398+0000] {logging_mixin.py:190} INFO - [2024-12-29T00:35:08.397+0000] {dagbag.py:588} INFO - Filling up the DagBag from /home/airflow/.local/lib/python3.12/site-packages/airflow/example_dags/tutorial_dag.py
[2024-12-29T00:35:08.405+0000] {processor.py:925} INFO - DAG(s) 'tutorial_dag' retrieved from /home/airflow/.local/lib/python3.12/site-packages/airflow/example_dags/tutorial_dag.py
[2024-12-29T00:35:08.430+0000] {logging_mixin.py:190} INFO - [2024-12-29T00:35:08.429+0000] {dag.py:3239} INFO - Sync 1 DAGs
[2024-12-29T00:35:08.448+0000] {logging_mixin.py:190} INFO - [2024-12-29T00:35:08.448+0000] {dag.py:4180} INFO - Setting next_dagrun for tutorial_dag to None, run_after=None
[2024-12-29T00:35:08.478+0000] {processor.py:208} INFO - Processing /home/airflow/.local/lib/python3.12/site-packages/airflow/example_dags/tutorial_dag.py took 0.090 seconds
[2024-12-29T00:35:38.557+0000] {processor.py:186} INFO - Started process (PID=2073) to work on /home/airflow/.local/lib/python3.12/site-packages/airflow/example_dags/tutorial_dag.py
[2024-12-29T00:35:38.559+0000] {processor.py:914} INFO - Processing file /home/airflow/.local/lib/python3.12/site-packages/airflow/example_dags/tutorial_dag.py for tasks to queue
[2024-12-29T00:35:38.562+0000] {logging_mixin.py:190} INFO - [2024-12-29T00:35:38.561+0000] {dagbag.py:588} INFO - Filling up the DagBag from /home/airflow/.local/lib/python3.12/site-packages/airflow/example_dags/tutorial_dag.py
[2024-12-29T00:35:38.570+0000] {processor.py:925} INFO - DAG(s) 'tutorial_dag' retrieved from /home/airflow/.local/lib/python3.12/site-packages/airflow/example_dags/tutorial_dag.py
[2024-12-29T00:35:38.596+0000] {logging_mixin.py:190} INFO - [2024-12-29T00:35:38.596+0000] {dag.py:3239} INFO - Sync 1 DAGs
[2024-12-29T00:35:38.615+0000] {logging_mixin.py:190} INFO - [2024-12-29T00:35:38.615+0000] {dag.py:4180} INFO - Setting next_dagrun for tutorial_dag to None, run_after=None
[2024-12-29T00:35:38.645+0000] {processor.py:208} INFO - Processing /home/airflow/.local/lib/python3.12/site-packages/airflow/example_dags/tutorial_dag.py took 0.093 seconds
[2024-12-29T00:36:09.350+0000] {processor.py:186} INFO - Started process (PID=2138) to work on /home/airflow/.local/lib/python3.12/site-packages/airflow/example_dags/tutorial_dag.py
[2024-12-29T00:36:09.351+0000] {processor.py:914} INFO - Processing file /home/airflow/.local/lib/python3.12/site-packages/airflow/example_dags/tutorial_dag.py for tasks to queue
[2024-12-29T00:36:09.354+0000] {logging_mixin.py:190} INFO - [2024-12-29T00:36:09.353+0000] {dagbag.py:588} INFO - Filling up the DagBag from /home/airflow/.local/lib/python3.12/site-packages/airflow/example_dags/tutorial_dag.py
[2024-12-29T00:36:09.361+0000] {processor.py:925} INFO - DAG(s) 'tutorial_dag' retrieved from /home/airflow/.local/lib/python3.12/site-packages/airflow/example_dags/tutorial_dag.py
[2024-12-29T00:36:09.385+0000] {logging_mixin.py:190} INFO - [2024-12-29T00:36:09.385+0000] {dag.py:3239} INFO - Sync 1 DAGs
[2024-12-29T00:36:09.400+0000] {logging_mixin.py:190} INFO - [2024-12-29T00:36:09.400+0000] {dag.py:4180} INFO - Setting next_dagrun for tutorial_dag to None, run_after=None
[2024-12-29T00:36:09.424+0000] {processor.py:208} INFO - Processing /home/airflow/.local/lib/python3.12/site-packages/airflow/example_dags/tutorial_dag.py took 0.080 seconds
[2024-12-29T00:36:39.728+0000] {processor.py:186} INFO - Started process (PID=2203) to work on /home/airflow/.local/lib/python3.12/site-packages/airflow/example_dags/tutorial_dag.py
[2024-12-29T00:36:39.730+0000] {processor.py:914} INFO - Processing file /home/airflow/.local/lib/python3.12/site-packages/airflow/example_dags/tutorial_dag.py for tasks to queue
[2024-12-29T00:36:39.733+0000] {logging_mixin.py:190} INFO - [2024-12-29T00:36:39.732+0000] {dagbag.py:588} INFO - Filling up the DagBag from /home/airflow/.local/lib/python3.12/site-packages/airflow/example_dags/tutorial_dag.py
[2024-12-29T00:36:39.741+0000] {processor.py:925} INFO - DAG(s) 'tutorial_dag' retrieved from /home/airflow/.local/lib/python3.12/site-packages/airflow/example_dags/tutorial_dag.py
[2024-12-29T00:36:39.767+0000] {logging_mixin.py:190} INFO - [2024-12-29T00:36:39.767+0000] {dag.py:3239} INFO - Sync 1 DAGs
[2024-12-29T00:36:39.786+0000] {logging_mixin.py:190} INFO - [2024-12-29T00:36:39.785+0000] {dag.py:4180} INFO - Setting next_dagrun for tutorial_dag to None, run_after=None
[2024-12-29T00:36:39.814+0000] {processor.py:208} INFO - Processing /home/airflow/.local/lib/python3.12/site-packages/airflow/example_dags/tutorial_dag.py took 0.092 seconds
[2024-12-29T00:37:09.877+0000] {processor.py:186} INFO - Started process (PID=2269) to work on /home/airflow/.local/lib/python3.12/site-packages/airflow/example_dags/tutorial_dag.py
[2024-12-29T00:37:09.879+0000] {processor.py:914} INFO - Processing file /home/airflow/.local/lib/python3.12/site-packages/airflow/example_dags/tutorial_dag.py for tasks to queue
[2024-12-29T00:37:09.882+0000] {logging_mixin.py:190} INFO - [2024-12-29T00:37:09.881+0000] {dagbag.py:588} INFO - Filling up the DagBag from /home/airflow/.local/lib/python3.12/site-packages/airflow/example_dags/tutorial_dag.py
[2024-12-29T00:37:09.890+0000] {processor.py:925} INFO - DAG(s) 'tutorial_dag' retrieved from /home/airflow/.local/lib/python3.12/site-packages/airflow/example_dags/tutorial_dag.py
[2024-12-29T00:37:09.919+0000] {logging_mixin.py:190} INFO - [2024-12-29T00:37:09.919+0000] {dag.py:3239} INFO - Sync 1 DAGs
[2024-12-29T00:37:09.936+0000] {logging_mixin.py:190} INFO - [2024-12-29T00:37:09.935+0000] {dag.py:4180} INFO - Setting next_dagrun for tutorial_dag to None, run_after=None
[2024-12-29T00:37:09.966+0000] {processor.py:208} INFO - Processing /home/airflow/.local/lib/python3.12/site-packages/airflow/example_dags/tutorial_dag.py took 0.096 seconds
[2024-12-29T00:37:40.191+0000] {processor.py:186} INFO - Started process (PID=2334) to work on /home/airflow/.local/lib/python3.12/site-packages/airflow/example_dags/tutorial_dag.py
[2024-12-29T00:37:40.192+0000] {processor.py:914} INFO - Processing file /home/airflow/.local/lib/python3.12/site-packages/airflow/example_dags/tutorial_dag.py for tasks to queue
[2024-12-29T00:37:40.195+0000] {logging_mixin.py:190} INFO - [2024-12-29T00:37:40.194+0000] {dagbag.py:588} INFO - Filling up the DagBag from /home/airflow/.local/lib/python3.12/site-packages/airflow/example_dags/tutorial_dag.py
[2024-12-29T00:37:40.202+0000] {processor.py:925} INFO - DAG(s) 'tutorial_dag' retrieved from /home/airflow/.local/lib/python3.12/site-packages/airflow/example_dags/tutorial_dag.py
[2024-12-29T00:37:40.228+0000] {logging_mixin.py:190} INFO - [2024-12-29T00:37:40.227+0000] {dag.py:3239} INFO - Sync 1 DAGs
[2024-12-29T00:37:40.244+0000] {logging_mixin.py:190} INFO - [2024-12-29T00:37:40.243+0000] {dag.py:4180} INFO - Setting next_dagrun for tutorial_dag to None, run_after=None
[2024-12-29T00:37:40.271+0000] {processor.py:208} INFO - Processing /home/airflow/.local/lib/python3.12/site-packages/airflow/example_dags/tutorial_dag.py took 0.086 seconds
[2024-12-29T00:38:10.930+0000] {processor.py:186} INFO - Started process (PID=2405) to work on /home/airflow/.local/lib/python3.12/site-packages/airflow/example_dags/tutorial_dag.py
[2024-12-29T00:38:10.931+0000] {processor.py:914} INFO - Processing file /home/airflow/.local/lib/python3.12/site-packages/airflow/example_dags/tutorial_dag.py for tasks to queue
[2024-12-29T00:38:10.934+0000] {logging_mixin.py:190} INFO - [2024-12-29T00:38:10.934+0000] {dagbag.py:588} INFO - Filling up the DagBag from /home/airflow/.local/lib/python3.12/site-packages/airflow/example_dags/tutorial_dag.py
[2024-12-29T00:38:10.945+0000] {processor.py:925} INFO - DAG(s) 'tutorial_dag' retrieved from /home/airflow/.local/lib/python3.12/site-packages/airflow/example_dags/tutorial_dag.py
[2024-12-29T00:38:10.978+0000] {logging_mixin.py:190} INFO - [2024-12-29T00:38:10.977+0000] {dag.py:3239} INFO - Sync 1 DAGs
[2024-12-29T00:38:10.997+0000] {logging_mixin.py:190} INFO - [2024-12-29T00:38:10.997+0000] {dag.py:4180} INFO - Setting next_dagrun for tutorial_dag to None, run_after=None
[2024-12-29T00:38:11.031+0000] {processor.py:208} INFO - Processing /home/airflow/.local/lib/python3.12/site-packages/airflow/example_dags/tutorial_dag.py took 0.109 seconds
