[2024-12-29T00:13:36.166+0000] {processor.py:186} INFO - Started process (PID=1319) to work on /opt/airflow/dags/scripts/create_table.py
[2024-12-29T00:13:36.167+0000] {processor.py:914} INFO - Processing file /opt/airflow/dags/scripts/create_table.py for tasks to queue
[2024-12-29T00:13:36.170+0000] {logging_mixin.py:190} INFO - [2024-12-29T00:13:36.169+0000] {dagbag.py:588} INFO - Filling up the DagBag from /opt/airflow/dags/scripts/create_table.py
[2024-12-29T00:13:36.204+0000] {processor.py:925} INFO - DAG(s) 'create_table_dag' retrieved from /opt/airflow/dags/scripts/create_table.py
[2024-12-29T00:13:36.344+0000] {logging_mixin.py:190} INFO - [2024-12-29T00:13:36.343+0000] {override.py:1911} INFO - Created Permission View: can read on DAG:create_table_dag
[2024-12-29T00:13:36.362+0000] {logging_mixin.py:190} INFO - [2024-12-29T00:13:36.362+0000] {override.py:1911} INFO - Created Permission View: can edit on DAG:create_table_dag
[2024-12-29T00:13:36.375+0000] {logging_mixin.py:190} INFO - [2024-12-29T00:13:36.375+0000] {override.py:1911} INFO - Created Permission View: can delete on DAG:create_table_dag
[2024-12-29T00:13:36.391+0000] {logging_mixin.py:190} INFO - [2024-12-29T00:13:36.391+0000] {override.py:1911} INFO - Created Permission View: can create on DAG Run:create_table_dag
[2024-12-29T00:13:36.405+0000] {logging_mixin.py:190} INFO - [2024-12-29T00:13:36.405+0000] {override.py:1911} INFO - Created Permission View: can read on DAG Run:create_table_dag
[2024-12-29T00:13:36.419+0000] {logging_mixin.py:190} INFO - [2024-12-29T00:13:36.419+0000] {override.py:1911} INFO - Created Permission View: can delete on DAG Run:create_table_dag
[2024-12-29T00:13:36.433+0000] {logging_mixin.py:190} INFO - [2024-12-29T00:13:36.433+0000] {override.py:1911} INFO - Created Permission View: menu access on DAG Run:create_table_dag
[2024-12-29T00:13:36.434+0000] {logging_mixin.py:190} INFO - [2024-12-29T00:13:36.434+0000] {dag.py:3239} INFO - Sync 1 DAGs
[2024-12-29T00:13:36.453+0000] {logging_mixin.py:190} INFO - [2024-12-29T00:13:36.452+0000] {dag.py:3262} INFO - Creating ORM DAG for create_table_dag
[2024-12-29T00:13:36.454+0000] {logging_mixin.py:190} INFO - [2024-12-29T00:13:36.454+0000] {dag.py:4180} INFO - Setting next_dagrun for create_table_dag to None, run_after=None
[2024-12-29T00:13:36.482+0000] {processor.py:208} INFO - Processing /opt/airflow/dags/scripts/create_table.py took 0.322 seconds
[2024-12-29T00:14:06.608+0000] {processor.py:186} INFO - Started process (PID=1384) to work on /opt/airflow/dags/scripts/create_table.py
[2024-12-29T00:14:06.611+0000] {processor.py:914} INFO - Processing file /opt/airflow/dags/scripts/create_table.py for tasks to queue
[2024-12-29T00:14:06.614+0000] {logging_mixin.py:190} INFO - [2024-12-29T00:14:06.613+0000] {dagbag.py:588} INFO - Filling up the DagBag from /opt/airflow/dags/scripts/create_table.py
[2024-12-29T00:14:06.632+0000] {processor.py:925} INFO - DAG(s) 'create_table_dag' retrieved from /opt/airflow/dags/scripts/create_table.py
[2024-12-29T00:14:06.657+0000] {logging_mixin.py:190} INFO - [2024-12-29T00:14:06.656+0000] {dag.py:3239} INFO - Sync 1 DAGs
[2024-12-29T00:14:06.671+0000] {logging_mixin.py:190} INFO - [2024-12-29T00:14:06.671+0000] {dag.py:4180} INFO - Setting next_dagrun for create_table_dag to None, run_after=None
[2024-12-29T00:14:06.697+0000] {processor.py:208} INFO - Processing /opt/airflow/dags/scripts/create_table.py took 0.095 seconds
[2024-12-29T00:14:37.000+0000] {processor.py:186} INFO - Started process (PID=1449) to work on /opt/airflow/dags/scripts/create_table.py
[2024-12-29T00:14:37.003+0000] {processor.py:914} INFO - Processing file /opt/airflow/dags/scripts/create_table.py for tasks to queue
[2024-12-29T00:14:37.006+0000] {logging_mixin.py:190} INFO - [2024-12-29T00:14:37.006+0000] {dagbag.py:588} INFO - Filling up the DagBag from /opt/airflow/dags/scripts/create_table.py
[2024-12-29T00:14:37.019+0000] {processor.py:925} INFO - DAG(s) 'create_table_dag' retrieved from /opt/airflow/dags/scripts/create_table.py
[2024-12-29T00:14:37.044+0000] {logging_mixin.py:190} INFO - [2024-12-29T00:14:37.043+0000] {dag.py:3239} INFO - Sync 1 DAGs
[2024-12-29T00:14:37.060+0000] {logging_mixin.py:190} INFO - [2024-12-29T00:14:37.060+0000] {dag.py:4180} INFO - Setting next_dagrun for create_table_dag to None, run_after=None
[2024-12-29T00:14:37.085+0000] {processor.py:208} INFO - Processing /opt/airflow/dags/scripts/create_table.py took 0.091 seconds
[2024-12-29T00:15:07.144+0000] {processor.py:186} INFO - Started process (PID=1514) to work on /opt/airflow/dags/scripts/create_table.py
[2024-12-29T00:15:07.146+0000] {processor.py:914} INFO - Processing file /opt/airflow/dags/scripts/create_table.py for tasks to queue
[2024-12-29T00:15:07.149+0000] {logging_mixin.py:190} INFO - [2024-12-29T00:15:07.148+0000] {dagbag.py:588} INFO - Filling up the DagBag from /opt/airflow/dags/scripts/create_table.py
[2024-12-29T00:15:07.166+0000] {processor.py:925} INFO - DAG(s) 'create_table_dag' retrieved from /opt/airflow/dags/scripts/create_table.py
[2024-12-29T00:15:07.196+0000] {logging_mixin.py:190} INFO - [2024-12-29T00:15:07.196+0000] {dag.py:3239} INFO - Sync 1 DAGs
[2024-12-29T00:15:07.212+0000] {logging_mixin.py:190} INFO - [2024-12-29T00:15:07.212+0000] {dag.py:4180} INFO - Setting next_dagrun for create_table_dag to None, run_after=None
[2024-12-29T00:15:07.239+0000] {processor.py:208} INFO - Processing /opt/airflow/dags/scripts/create_table.py took 0.103 seconds
[2024-12-29T00:15:37.658+0000] {processor.py:186} INFO - Started process (PID=1579) to work on /opt/airflow/dags/scripts/create_table.py
[2024-12-29T00:15:37.660+0000] {processor.py:914} INFO - Processing file /opt/airflow/dags/scripts/create_table.py for tasks to queue
[2024-12-29T00:15:37.664+0000] {logging_mixin.py:190} INFO - [2024-12-29T00:15:37.663+0000] {dagbag.py:588} INFO - Filling up the DagBag from /opt/airflow/dags/scripts/create_table.py
[2024-12-29T00:15:37.691+0000] {processor.py:925} INFO - DAG(s) 'create_table_dag' retrieved from /opt/airflow/dags/scripts/create_table.py
[2024-12-29T00:15:37.766+0000] {logging_mixin.py:190} INFO - [2024-12-29T00:15:37.766+0000] {dag.py:3239} INFO - Sync 1 DAGs
[2024-12-29T00:15:37.792+0000] {logging_mixin.py:190} INFO - [2024-12-29T00:15:37.791+0000] {dag.py:4180} INFO - Setting next_dagrun for create_table_dag to None, run_after=None
[2024-12-29T00:15:37.823+0000] {processor.py:208} INFO - Processing /opt/airflow/dags/scripts/create_table.py took 0.172 seconds
[2024-12-29T00:16:08.535+0000] {processor.py:186} INFO - Started process (PID=1644) to work on /opt/airflow/dags/scripts/create_table.py
[2024-12-29T00:16:08.537+0000] {processor.py:914} INFO - Processing file /opt/airflow/dags/scripts/create_table.py for tasks to queue
[2024-12-29T00:16:08.540+0000] {logging_mixin.py:190} INFO - [2024-12-29T00:16:08.539+0000] {dagbag.py:588} INFO - Filling up the DagBag from /opt/airflow/dags/scripts/create_table.py
[2024-12-29T00:16:08.561+0000] {processor.py:925} INFO - DAG(s) 'create_table_dag' retrieved from /opt/airflow/dags/scripts/create_table.py
[2024-12-29T00:16:08.589+0000] {logging_mixin.py:190} INFO - [2024-12-29T00:16:08.588+0000] {dag.py:3239} INFO - Sync 1 DAGs
[2024-12-29T00:16:08.606+0000] {logging_mixin.py:190} INFO - [2024-12-29T00:16:08.606+0000] {dag.py:4180} INFO - Setting next_dagrun for create_table_dag to None, run_after=None
[2024-12-29T00:16:08.632+0000] {processor.py:208} INFO - Processing /opt/airflow/dags/scripts/create_table.py took 0.103 seconds
[2024-12-29T00:16:39.108+0000] {processor.py:186} INFO - Started process (PID=1709) to work on /opt/airflow/dags/scripts/create_table.py
[2024-12-29T00:16:39.110+0000] {processor.py:914} INFO - Processing file /opt/airflow/dags/scripts/create_table.py for tasks to queue
[2024-12-29T00:16:39.115+0000] {logging_mixin.py:190} INFO - [2024-12-29T00:16:39.114+0000] {dagbag.py:588} INFO - Filling up the DagBag from /opt/airflow/dags/scripts/create_table.py
[2024-12-29T00:16:39.178+0000] {processor.py:925} INFO - DAG(s) 'create_table_dag' retrieved from /opt/airflow/dags/scripts/create_table.py
[2024-12-29T00:16:39.235+0000] {logging_mixin.py:190} INFO - [2024-12-29T00:16:39.234+0000] {dag.py:3239} INFO - Sync 1 DAGs
[2024-12-29T00:16:39.270+0000] {logging_mixin.py:190} INFO - [2024-12-29T00:16:39.269+0000] {dag.py:4180} INFO - Setting next_dagrun for create_table_dag to None, run_after=None
[2024-12-29T00:16:39.320+0000] {processor.py:208} INFO - Processing /opt/airflow/dags/scripts/create_table.py took 0.224 seconds
[2024-12-29T00:19:50.318+0000] {processor.py:186} INFO - Started process (PID=81) to work on /opt/airflow/dags/scripts/create_table.py
[2024-12-29T00:19:50.341+0000] {processor.py:914} INFO - Processing file /opt/airflow/dags/scripts/create_table.py for tasks to queue
[2024-12-29T00:19:50.345+0000] {logging_mixin.py:190} INFO - [2024-12-29T00:19:50.344+0000] {dagbag.py:588} INFO - Filling up the DagBag from /opt/airflow/dags/scripts/create_table.py
[2024-12-29T00:19:50.461+0000] {processor.py:925} INFO - DAG(s) 'create_table_dag' retrieved from /opt/airflow/dags/scripts/create_table.py
[2024-12-29T00:19:50.579+0000] {logging_mixin.py:190} INFO - [2024-12-29T00:19:50.578+0000] {dag.py:3239} INFO - Sync 1 DAGs
[2024-12-29T00:19:50.617+0000] {logging_mixin.py:190} INFO - [2024-12-29T00:19:50.616+0000] {dag.py:4180} INFO - Setting next_dagrun for create_table_dag to None, run_after=None
[2024-12-29T00:19:50.682+0000] {processor.py:208} INFO - Processing /opt/airflow/dags/scripts/create_table.py took 0.371 seconds
[2024-12-29T00:20:21.034+0000] {processor.py:186} INFO - Started process (PID=146) to work on /opt/airflow/dags/scripts/create_table.py
[2024-12-29T00:20:21.035+0000] {processor.py:914} INFO - Processing file /opt/airflow/dags/scripts/create_table.py for tasks to queue
[2024-12-29T00:20:21.038+0000] {logging_mixin.py:190} INFO - [2024-12-29T00:20:21.038+0000] {dagbag.py:588} INFO - Filling up the DagBag from /opt/airflow/dags/scripts/create_table.py
[2024-12-29T00:20:21.058+0000] {processor.py:925} INFO - DAG(s) 'create_table_dag' retrieved from /opt/airflow/dags/scripts/create_table.py
[2024-12-29T00:20:21.082+0000] {logging_mixin.py:190} INFO - [2024-12-29T00:20:21.082+0000] {dag.py:3239} INFO - Sync 1 DAGs
[2024-12-29T00:20:21.109+0000] {logging_mixin.py:190} INFO - [2024-12-29T00:20:21.109+0000] {dag.py:4180} INFO - Setting next_dagrun for create_table_dag to None, run_after=None
[2024-12-29T00:20:21.135+0000] {processor.py:208} INFO - Processing /opt/airflow/dags/scripts/create_table.py took 0.107 seconds
[2024-12-29T00:20:51.268+0000] {processor.py:186} INFO - Started process (PID=211) to work on /opt/airflow/dags/scripts/create_table.py
[2024-12-29T00:20:51.271+0000] {processor.py:914} INFO - Processing file /opt/airflow/dags/scripts/create_table.py for tasks to queue
[2024-12-29T00:20:51.274+0000] {logging_mixin.py:190} INFO - [2024-12-29T00:20:51.274+0000] {dagbag.py:588} INFO - Filling up the DagBag from /opt/airflow/dags/scripts/create_table.py
[2024-12-29T00:20:51.289+0000] {processor.py:925} INFO - DAG(s) 'create_table_dag' retrieved from /opt/airflow/dags/scripts/create_table.py
[2024-12-29T00:20:51.316+0000] {logging_mixin.py:190} INFO - [2024-12-29T00:20:51.315+0000] {dag.py:3239} INFO - Sync 1 DAGs
[2024-12-29T00:20:51.334+0000] {logging_mixin.py:190} INFO - [2024-12-29T00:20:51.334+0000] {dag.py:4180} INFO - Setting next_dagrun for create_table_dag to None, run_after=None
[2024-12-29T00:20:51.362+0000] {processor.py:208} INFO - Processing /opt/airflow/dags/scripts/create_table.py took 0.101 seconds
[2024-12-29T00:21:22.009+0000] {processor.py:186} INFO - Started process (PID=276) to work on /opt/airflow/dags/scripts/create_table.py
[2024-12-29T00:21:22.011+0000] {processor.py:914} INFO - Processing file /opt/airflow/dags/scripts/create_table.py for tasks to queue
[2024-12-29T00:21:22.013+0000] {logging_mixin.py:190} INFO - [2024-12-29T00:21:22.013+0000] {dagbag.py:588} INFO - Filling up the DagBag from /opt/airflow/dags/scripts/create_table.py
[2024-12-29T00:21:22.028+0000] {processor.py:925} INFO - DAG(s) 'create_table_dag' retrieved from /opt/airflow/dags/scripts/create_table.py
[2024-12-29T00:21:22.054+0000] {logging_mixin.py:190} INFO - [2024-12-29T00:21:22.053+0000] {dag.py:3239} INFO - Sync 1 DAGs
[2024-12-29T00:21:22.073+0000] {logging_mixin.py:190} INFO - [2024-12-29T00:21:22.073+0000] {dag.py:4180} INFO - Setting next_dagrun for create_table_dag to None, run_after=None
[2024-12-29T00:21:22.101+0000] {processor.py:208} INFO - Processing /opt/airflow/dags/scripts/create_table.py took 0.098 seconds
[2024-12-29T00:21:52.235+0000] {processor.py:186} INFO - Started process (PID=341) to work on /opt/airflow/dags/scripts/create_table.py
[2024-12-29T00:21:52.238+0000] {processor.py:914} INFO - Processing file /opt/airflow/dags/scripts/create_table.py for tasks to queue
[2024-12-29T00:21:52.240+0000] {logging_mixin.py:190} INFO - [2024-12-29T00:21:52.240+0000] {dagbag.py:588} INFO - Filling up the DagBag from /opt/airflow/dags/scripts/create_table.py
[2024-12-29T00:21:52.253+0000] {processor.py:925} INFO - DAG(s) 'create_table_dag' retrieved from /opt/airflow/dags/scripts/create_table.py
[2024-12-29T00:21:52.279+0000] {logging_mixin.py:190} INFO - [2024-12-29T00:21:52.279+0000] {dag.py:3239} INFO - Sync 1 DAGs
[2024-12-29T00:21:52.296+0000] {logging_mixin.py:190} INFO - [2024-12-29T00:21:52.296+0000] {dag.py:4180} INFO - Setting next_dagrun for create_table_dag to None, run_after=None
[2024-12-29T00:21:52.326+0000] {processor.py:208} INFO - Processing /opt/airflow/dags/scripts/create_table.py took 0.097 seconds
[2024-12-29T00:22:23.047+0000] {processor.py:186} INFO - Started process (PID=406) to work on /opt/airflow/dags/scripts/create_table.py
[2024-12-29T00:22:23.050+0000] {processor.py:914} INFO - Processing file /opt/airflow/dags/scripts/create_table.py for tasks to queue
[2024-12-29T00:22:23.053+0000] {logging_mixin.py:190} INFO - [2024-12-29T00:22:23.053+0000] {dagbag.py:588} INFO - Filling up the DagBag from /opt/airflow/dags/scripts/create_table.py
[2024-12-29T00:22:23.065+0000] {processor.py:925} INFO - DAG(s) 'create_table_dag' retrieved from /opt/airflow/dags/scripts/create_table.py
[2024-12-29T00:22:23.088+0000] {logging_mixin.py:190} INFO - [2024-12-29T00:22:23.087+0000] {dag.py:3239} INFO - Sync 1 DAGs
[2024-12-29T00:22:23.103+0000] {logging_mixin.py:190} INFO - [2024-12-29T00:22:23.103+0000] {dag.py:4180} INFO - Setting next_dagrun for create_table_dag to None, run_after=None
[2024-12-29T00:22:23.126+0000] {processor.py:208} INFO - Processing /opt/airflow/dags/scripts/create_table.py took 0.084 seconds
[2024-12-29T00:22:53.587+0000] {processor.py:186} INFO - Started process (PID=471) to work on /opt/airflow/dags/scripts/create_table.py
[2024-12-29T00:22:53.590+0000] {processor.py:914} INFO - Processing file /opt/airflow/dags/scripts/create_table.py for tasks to queue
[2024-12-29T00:22:53.595+0000] {logging_mixin.py:190} INFO - [2024-12-29T00:22:53.594+0000] {dagbag.py:588} INFO - Filling up the DagBag from /opt/airflow/dags/scripts/create_table.py
[2024-12-29T00:22:53.617+0000] {processor.py:925} INFO - DAG(s) 'create_table_dag' retrieved from /opt/airflow/dags/scripts/create_table.py
[2024-12-29T00:22:53.654+0000] {logging_mixin.py:190} INFO - [2024-12-29T00:22:53.654+0000] {dag.py:3239} INFO - Sync 1 DAGs
[2024-12-29T00:22:53.681+0000] {logging_mixin.py:190} INFO - [2024-12-29T00:22:53.680+0000] {dag.py:4180} INFO - Setting next_dagrun for create_table_dag to None, run_after=None
[2024-12-29T00:22:53.716+0000] {processor.py:208} INFO - Processing /opt/airflow/dags/scripts/create_table.py took 0.139 seconds
[2024-12-29T00:23:23.909+0000] {processor.py:186} INFO - Started process (PID=536) to work on /opt/airflow/dags/scripts/create_table.py
[2024-12-29T00:23:23.911+0000] {processor.py:914} INFO - Processing file /opt/airflow/dags/scripts/create_table.py for tasks to queue
[2024-12-29T00:23:23.915+0000] {logging_mixin.py:190} INFO - [2024-12-29T00:23:23.914+0000] {dagbag.py:588} INFO - Filling up the DagBag from /opt/airflow/dags/scripts/create_table.py
[2024-12-29T00:23:23.931+0000] {processor.py:925} INFO - DAG(s) 'create_table_dag' retrieved from /opt/airflow/dags/scripts/create_table.py
[2024-12-29T00:23:23.958+0000] {logging_mixin.py:190} INFO - [2024-12-29T00:23:23.958+0000] {dag.py:3239} INFO - Sync 1 DAGs
[2024-12-29T00:23:23.975+0000] {logging_mixin.py:190} INFO - [2024-12-29T00:23:23.974+0000] {dag.py:4180} INFO - Setting next_dagrun for create_table_dag to None, run_after=None
[2024-12-29T00:23:24.003+0000] {processor.py:208} INFO - Processing /opt/airflow/dags/scripts/create_table.py took 0.102 seconds
[2024-12-29T00:23:54.275+0000] {processor.py:186} INFO - Started process (PID=602) to work on /opt/airflow/dags/scripts/create_table.py
[2024-12-29T00:23:54.277+0000] {processor.py:914} INFO - Processing file /opt/airflow/dags/scripts/create_table.py for tasks to queue
[2024-12-29T00:23:54.280+0000] {logging_mixin.py:190} INFO - [2024-12-29T00:23:54.279+0000] {dagbag.py:588} INFO - Filling up the DagBag from /opt/airflow/dags/scripts/create_table.py
[2024-12-29T00:23:54.292+0000] {processor.py:925} INFO - DAG(s) 'create_table_dag' retrieved from /opt/airflow/dags/scripts/create_table.py
[2024-12-29T00:23:54.315+0000] {logging_mixin.py:190} INFO - [2024-12-29T00:23:54.315+0000] {dag.py:3239} INFO - Sync 1 DAGs
[2024-12-29T00:23:54.331+0000] {logging_mixin.py:190} INFO - [2024-12-29T00:23:54.331+0000] {dag.py:4180} INFO - Setting next_dagrun for create_table_dag to None, run_after=None
[2024-12-29T00:23:54.353+0000] {processor.py:208} INFO - Processing /opt/airflow/dags/scripts/create_table.py took 0.084 seconds
[2024-12-29T00:24:24.770+0000] {processor.py:186} INFO - Started process (PID=667) to work on /opt/airflow/dags/scripts/create_table.py
[2024-12-29T00:24:24.773+0000] {processor.py:914} INFO - Processing file /opt/airflow/dags/scripts/create_table.py for tasks to queue
[2024-12-29T00:24:24.777+0000] {logging_mixin.py:190} INFO - [2024-12-29T00:24:24.776+0000] {dagbag.py:588} INFO - Filling up the DagBag from /opt/airflow/dags/scripts/create_table.py
[2024-12-29T00:24:24.794+0000] {processor.py:925} INFO - DAG(s) 'create_table_dag' retrieved from /opt/airflow/dags/scripts/create_table.py
[2024-12-29T00:24:24.829+0000] {logging_mixin.py:190} INFO - [2024-12-29T00:24:24.829+0000] {dag.py:3239} INFO - Sync 1 DAGs
[2024-12-29T00:24:24.851+0000] {logging_mixin.py:190} INFO - [2024-12-29T00:24:24.850+0000] {dag.py:4180} INFO - Setting next_dagrun for create_table_dag to None, run_after=None
[2024-12-29T00:24:24.881+0000] {processor.py:208} INFO - Processing /opt/airflow/dags/scripts/create_table.py took 0.119 seconds
[2024-12-29T00:24:55.065+0000] {processor.py:186} INFO - Started process (PID=732) to work on /opt/airflow/dags/scripts/create_table.py
[2024-12-29T00:24:55.067+0000] {processor.py:914} INFO - Processing file /opt/airflow/dags/scripts/create_table.py for tasks to queue
[2024-12-29T00:24:55.071+0000] {logging_mixin.py:190} INFO - [2024-12-29T00:24:55.070+0000] {dagbag.py:588} INFO - Filling up the DagBag from /opt/airflow/dags/scripts/create_table.py
[2024-12-29T00:24:55.084+0000] {processor.py:925} INFO - DAG(s) 'create_table_dag' retrieved from /opt/airflow/dags/scripts/create_table.py
[2024-12-29T00:24:55.111+0000] {logging_mixin.py:190} INFO - [2024-12-29T00:24:55.111+0000] {dag.py:3239} INFO - Sync 1 DAGs
[2024-12-29T00:24:55.131+0000] {logging_mixin.py:190} INFO - [2024-12-29T00:24:55.131+0000] {dag.py:4180} INFO - Setting next_dagrun for create_table_dag to None, run_after=None
[2024-12-29T00:24:55.160+0000] {processor.py:208} INFO - Processing /opt/airflow/dags/scripts/create_table.py took 0.101 seconds
[2024-12-29T00:25:25.367+0000] {processor.py:186} INFO - Started process (PID=797) to work on /opt/airflow/dags/scripts/create_table.py
[2024-12-29T00:25:25.370+0000] {processor.py:914} INFO - Processing file /opt/airflow/dags/scripts/create_table.py for tasks to queue
[2024-12-29T00:25:25.373+0000] {logging_mixin.py:190} INFO - [2024-12-29T00:25:25.372+0000] {dagbag.py:588} INFO - Filling up the DagBag from /opt/airflow/dags/scripts/create_table.py
[2024-12-29T00:25:25.388+0000] {processor.py:925} INFO - DAG(s) 'create_table_dag' retrieved from /opt/airflow/dags/scripts/create_table.py
[2024-12-29T00:25:25.415+0000] {logging_mixin.py:190} INFO - [2024-12-29T00:25:25.415+0000] {dag.py:3239} INFO - Sync 1 DAGs
[2024-12-29T00:25:25.431+0000] {logging_mixin.py:190} INFO - [2024-12-29T00:25:25.431+0000] {dag.py:4180} INFO - Setting next_dagrun for create_table_dag to None, run_after=None
[2024-12-29T00:25:25.458+0000] {processor.py:208} INFO - Processing /opt/airflow/dags/scripts/create_table.py took 0.097 seconds
[2024-12-29T00:25:55.578+0000] {processor.py:186} INFO - Started process (PID=862) to work on /opt/airflow/dags/scripts/create_table.py
[2024-12-29T00:25:55.580+0000] {processor.py:914} INFO - Processing file /opt/airflow/dags/scripts/create_table.py for tasks to queue
[2024-12-29T00:25:55.583+0000] {logging_mixin.py:190} INFO - [2024-12-29T00:25:55.583+0000] {dagbag.py:588} INFO - Filling up the DagBag from /opt/airflow/dags/scripts/create_table.py
[2024-12-29T00:25:55.599+0000] {processor.py:925} INFO - DAG(s) 'create_table_dag' retrieved from /opt/airflow/dags/scripts/create_table.py
[2024-12-29T00:25:55.624+0000] {logging_mixin.py:190} INFO - [2024-12-29T00:25:55.624+0000] {dag.py:3239} INFO - Sync 1 DAGs
[2024-12-29T00:25:55.644+0000] {logging_mixin.py:190} INFO - [2024-12-29T00:25:55.643+0000] {dag.py:4180} INFO - Setting next_dagrun for create_table_dag to None, run_after=None
[2024-12-29T00:25:55.674+0000] {processor.py:208} INFO - Processing /opt/airflow/dags/scripts/create_table.py took 0.102 seconds
[2024-12-29T00:26:25.724+0000] {processor.py:186} INFO - Started process (PID=927) to work on /opt/airflow/dags/scripts/create_table.py
[2024-12-29T00:26:25.726+0000] {processor.py:914} INFO - Processing file /opt/airflow/dags/scripts/create_table.py for tasks to queue
[2024-12-29T00:26:25.730+0000] {logging_mixin.py:190} INFO - [2024-12-29T00:26:25.729+0000] {dagbag.py:588} INFO - Filling up the DagBag from /opt/airflow/dags/scripts/create_table.py
[2024-12-29T00:26:25.743+0000] {processor.py:925} INFO - DAG(s) 'create_table_dag' retrieved from /opt/airflow/dags/scripts/create_table.py
[2024-12-29T00:26:25.767+0000] {logging_mixin.py:190} INFO - [2024-12-29T00:26:25.767+0000] {dag.py:3239} INFO - Sync 1 DAGs
[2024-12-29T00:26:25.784+0000] {logging_mixin.py:190} INFO - [2024-12-29T00:26:25.784+0000] {dag.py:4180} INFO - Setting next_dagrun for create_table_dag to None, run_after=None
[2024-12-29T00:26:25.810+0000] {processor.py:208} INFO - Processing /opt/airflow/dags/scripts/create_table.py took 0.092 seconds
[2024-12-29T00:26:56.180+0000] {processor.py:186} INFO - Started process (PID=992) to work on /opt/airflow/dags/scripts/create_table.py
[2024-12-29T00:26:56.183+0000] {processor.py:914} INFO - Processing file /opt/airflow/dags/scripts/create_table.py for tasks to queue
[2024-12-29T00:26:56.186+0000] {logging_mixin.py:190} INFO - [2024-12-29T00:26:56.186+0000] {dagbag.py:588} INFO - Filling up the DagBag from /opt/airflow/dags/scripts/create_table.py
[2024-12-29T00:26:56.201+0000] {processor.py:925} INFO - DAG(s) 'create_table_dag' retrieved from /opt/airflow/dags/scripts/create_table.py
[2024-12-29T00:26:56.228+0000] {logging_mixin.py:190} INFO - [2024-12-29T00:26:56.228+0000] {dag.py:3239} INFO - Sync 1 DAGs
[2024-12-29T00:26:56.248+0000] {logging_mixin.py:190} INFO - [2024-12-29T00:26:56.247+0000] {dag.py:4180} INFO - Setting next_dagrun for create_table_dag to None, run_after=None
[2024-12-29T00:26:56.277+0000] {processor.py:208} INFO - Processing /opt/airflow/dags/scripts/create_table.py took 0.104 seconds
[2024-12-29T00:27:26.430+0000] {processor.py:186} INFO - Started process (PID=1057) to work on /opt/airflow/dags/scripts/create_table.py
[2024-12-29T00:27:26.432+0000] {processor.py:914} INFO - Processing file /opt/airflow/dags/scripts/create_table.py for tasks to queue
[2024-12-29T00:27:26.435+0000] {logging_mixin.py:190} INFO - [2024-12-29T00:27:26.434+0000] {dagbag.py:588} INFO - Filling up the DagBag from /opt/airflow/dags/scripts/create_table.py
[2024-12-29T00:27:26.449+0000] {processor.py:925} INFO - DAG(s) 'create_table_dag' retrieved from /opt/airflow/dags/scripts/create_table.py
[2024-12-29T00:27:26.474+0000] {logging_mixin.py:190} INFO - [2024-12-29T00:27:26.473+0000] {dag.py:3239} INFO - Sync 1 DAGs
[2024-12-29T00:27:26.490+0000] {logging_mixin.py:190} INFO - [2024-12-29T00:27:26.490+0000] {dag.py:4180} INFO - Setting next_dagrun for create_table_dag to None, run_after=None
[2024-12-29T00:27:26.516+0000] {processor.py:208} INFO - Processing /opt/airflow/dags/scripts/create_table.py took 0.092 seconds
[2024-12-29T00:27:56.892+0000] {processor.py:186} INFO - Started process (PID=1122) to work on /opt/airflow/dags/scripts/create_table.py
[2024-12-29T00:27:56.894+0000] {processor.py:914} INFO - Processing file /opt/airflow/dags/scripts/create_table.py for tasks to queue
[2024-12-29T00:27:56.898+0000] {logging_mixin.py:190} INFO - [2024-12-29T00:27:56.898+0000] {dagbag.py:588} INFO - Filling up the DagBag from /opt/airflow/dags/scripts/create_table.py
[2024-12-29T00:27:56.915+0000] {processor.py:925} INFO - DAG(s) 'create_table_dag' retrieved from /opt/airflow/dags/scripts/create_table.py
[2024-12-29T00:27:56.946+0000] {logging_mixin.py:190} INFO - [2024-12-29T00:27:56.945+0000] {dag.py:3239} INFO - Sync 1 DAGs
[2024-12-29T00:27:56.968+0000] {logging_mixin.py:190} INFO - [2024-12-29T00:27:56.968+0000] {dag.py:4180} INFO - Setting next_dagrun for create_table_dag to None, run_after=None
[2024-12-29T00:27:57.005+0000] {processor.py:208} INFO - Processing /opt/airflow/dags/scripts/create_table.py took 0.123 seconds
[2024-12-29T00:28:27.671+0000] {processor.py:186} INFO - Started process (PID=1187) to work on /opt/airflow/dags/scripts/create_table.py
[2024-12-29T00:28:27.674+0000] {processor.py:914} INFO - Processing file /opt/airflow/dags/scripts/create_table.py for tasks to queue
[2024-12-29T00:28:27.676+0000] {logging_mixin.py:190} INFO - [2024-12-29T00:28:27.676+0000] {dagbag.py:588} INFO - Filling up the DagBag from /opt/airflow/dags/scripts/create_table.py
[2024-12-29T00:28:27.688+0000] {processor.py:925} INFO - DAG(s) 'create_table_dag' retrieved from /opt/airflow/dags/scripts/create_table.py
[2024-12-29T00:28:27.711+0000] {logging_mixin.py:190} INFO - [2024-12-29T00:28:27.710+0000] {dag.py:3239} INFO - Sync 1 DAGs
[2024-12-29T00:28:27.726+0000] {logging_mixin.py:190} INFO - [2024-12-29T00:28:27.726+0000] {dag.py:4180} INFO - Setting next_dagrun for create_table_dag to None, run_after=None
[2024-12-29T00:28:27.750+0000] {processor.py:208} INFO - Processing /opt/airflow/dags/scripts/create_table.py took 0.084 seconds
[2024-12-29T00:28:57.900+0000] {processor.py:186} INFO - Started process (PID=1252) to work on /opt/airflow/dags/scripts/create_table.py
[2024-12-29T00:28:57.902+0000] {processor.py:914} INFO - Processing file /opt/airflow/dags/scripts/create_table.py for tasks to queue
[2024-12-29T00:28:57.905+0000] {logging_mixin.py:190} INFO - [2024-12-29T00:28:57.904+0000] {dagbag.py:588} INFO - Filling up the DagBag from /opt/airflow/dags/scripts/create_table.py
[2024-12-29T00:28:57.918+0000] {processor.py:925} INFO - DAG(s) 'create_table_dag' retrieved from /opt/airflow/dags/scripts/create_table.py
[2024-12-29T00:28:57.943+0000] {logging_mixin.py:190} INFO - [2024-12-29T00:28:57.943+0000] {dag.py:3239} INFO - Sync 1 DAGs
[2024-12-29T00:28:57.958+0000] {logging_mixin.py:190} INFO - [2024-12-29T00:28:57.958+0000] {dag.py:4180} INFO - Setting next_dagrun for create_table_dag to None, run_after=None
[2024-12-29T00:28:57.983+0000] {processor.py:208} INFO - Processing /opt/airflow/dags/scripts/create_table.py took 0.088 seconds
[2024-12-29T00:29:28.541+0000] {processor.py:186} INFO - Started process (PID=1317) to work on /opt/airflow/dags/scripts/create_table.py
[2024-12-29T00:29:28.543+0000] {processor.py:914} INFO - Processing file /opt/airflow/dags/scripts/create_table.py for tasks to queue
[2024-12-29T00:29:28.546+0000] {logging_mixin.py:190} INFO - [2024-12-29T00:29:28.545+0000] {dagbag.py:588} INFO - Filling up the DagBag from /opt/airflow/dags/scripts/create_table.py
[2024-12-29T00:29:28.561+0000] {processor.py:925} INFO - DAG(s) 'create_table_dag' retrieved from /opt/airflow/dags/scripts/create_table.py
[2024-12-29T00:29:28.588+0000] {logging_mixin.py:190} INFO - [2024-12-29T00:29:28.588+0000] {dag.py:3239} INFO - Sync 1 DAGs
[2024-12-29T00:29:28.606+0000] {logging_mixin.py:190} INFO - [2024-12-29T00:29:28.605+0000] {dag.py:4180} INFO - Setting next_dagrun for create_table_dag to None, run_after=None
[2024-12-29T00:29:28.637+0000] {processor.py:208} INFO - Processing /opt/airflow/dags/scripts/create_table.py took 0.102 seconds
[2024-12-29T00:29:59.217+0000] {processor.py:186} INFO - Started process (PID=1381) to work on /opt/airflow/dags/scripts/create_table.py
[2024-12-29T00:29:59.219+0000] {processor.py:914} INFO - Processing file /opt/airflow/dags/scripts/create_table.py for tasks to queue
[2024-12-29T00:29:59.222+0000] {logging_mixin.py:190} INFO - [2024-12-29T00:29:59.221+0000] {dagbag.py:588} INFO - Filling up the DagBag from /opt/airflow/dags/scripts/create_table.py
[2024-12-29T00:29:59.236+0000] {processor.py:925} INFO - DAG(s) 'create_table_dag' retrieved from /opt/airflow/dags/scripts/create_table.py
[2024-12-29T00:29:59.264+0000] {logging_mixin.py:190} INFO - [2024-12-29T00:29:59.264+0000] {dag.py:3239} INFO - Sync 1 DAGs
[2024-12-29T00:29:59.283+0000] {logging_mixin.py:190} INFO - [2024-12-29T00:29:59.283+0000] {dag.py:4180} INFO - Setting next_dagrun for create_table_dag to None, run_after=None
[2024-12-29T00:29:59.313+0000] {processor.py:208} INFO - Processing /opt/airflow/dags/scripts/create_table.py took 0.103 seconds
[2024-12-29T00:30:29.349+0000] {processor.py:186} INFO - Started process (PID=1434) to work on /opt/airflow/dags/scripts/create_table.py
[2024-12-29T00:30:29.351+0000] {processor.py:914} INFO - Processing file /opt/airflow/dags/scripts/create_table.py for tasks to queue
[2024-12-29T00:30:29.354+0000] {logging_mixin.py:190} INFO - [2024-12-29T00:30:29.353+0000] {dagbag.py:588} INFO - Filling up the DagBag from /opt/airflow/dags/scripts/create_table.py
[2024-12-29T00:30:29.366+0000] {processor.py:925} INFO - DAG(s) 'create_table_dag' retrieved from /opt/airflow/dags/scripts/create_table.py
[2024-12-29T00:30:29.389+0000] {logging_mixin.py:190} INFO - [2024-12-29T00:30:29.389+0000] {dag.py:3239} INFO - Sync 1 DAGs
[2024-12-29T00:30:29.404+0000] {logging_mixin.py:190} INFO - [2024-12-29T00:30:29.404+0000] {dag.py:4180} INFO - Setting next_dagrun for create_table_dag to None, run_after=None
[2024-12-29T00:30:29.429+0000] {processor.py:208} INFO - Processing /opt/airflow/dags/scripts/create_table.py took 0.085 seconds
[2024-12-29T00:31:00.845+0000] {processor.py:186} INFO - Started process (PID=1495) to work on /opt/airflow/dags/scripts/create_table.py
[2024-12-29T00:31:00.847+0000] {processor.py:914} INFO - Processing file /opt/airflow/dags/scripts/create_table.py for tasks to queue
[2024-12-29T00:31:00.851+0000] {logging_mixin.py:190} INFO - [2024-12-29T00:31:00.850+0000] {dagbag.py:588} INFO - Filling up the DagBag from /opt/airflow/dags/scripts/create_table.py
[2024-12-29T00:31:00.883+0000] {processor.py:925} INFO - DAG(s) 'create_table_dag' retrieved from /opt/airflow/dags/scripts/create_table.py
[2024-12-29T00:31:00.926+0000] {logging_mixin.py:190} INFO - [2024-12-29T00:31:00.925+0000] {dag.py:3239} INFO - Sync 1 DAGs
[2024-12-29T00:31:00.963+0000] {logging_mixin.py:190} INFO - [2024-12-29T00:31:00.963+0000] {dag.py:4180} INFO - Setting next_dagrun for create_table_dag to None, run_after=None
[2024-12-29T00:31:01.000+0000] {processor.py:208} INFO - Processing /opt/airflow/dags/scripts/create_table.py took 0.164 seconds
[2024-12-29T00:31:31.803+0000] {processor.py:186} INFO - Started process (PID=1558) to work on /opt/airflow/dags/scripts/create_table.py
[2024-12-29T00:31:31.805+0000] {processor.py:914} INFO - Processing file /opt/airflow/dags/scripts/create_table.py for tasks to queue
[2024-12-29T00:31:31.809+0000] {logging_mixin.py:190} INFO - [2024-12-29T00:31:31.808+0000] {dagbag.py:588} INFO - Filling up the DagBag from /opt/airflow/dags/scripts/create_table.py
[2024-12-29T00:31:31.825+0000] {processor.py:925} INFO - DAG(s) 'create_table_dag' retrieved from /opt/airflow/dags/scripts/create_table.py
[2024-12-29T00:31:31.854+0000] {logging_mixin.py:190} INFO - [2024-12-29T00:31:31.854+0000] {dag.py:3239} INFO - Sync 1 DAGs
[2024-12-29T00:31:31.876+0000] {logging_mixin.py:190} INFO - [2024-12-29T00:31:31.876+0000] {dag.py:4180} INFO - Setting next_dagrun for create_table_dag to None, run_after=None
[2024-12-29T00:31:31.913+0000] {processor.py:208} INFO - Processing /opt/airflow/dags/scripts/create_table.py took 0.117 seconds
[2024-12-29T00:32:02.886+0000] {processor.py:186} INFO - Started process (PID=1622) to work on /opt/airflow/dags/scripts/create_table.py
[2024-12-29T00:32:02.888+0000] {processor.py:914} INFO - Processing file /opt/airflow/dags/scripts/create_table.py for tasks to queue
[2024-12-29T00:32:02.891+0000] {logging_mixin.py:190} INFO - [2024-12-29T00:32:02.890+0000] {dagbag.py:588} INFO - Filling up the DagBag from /opt/airflow/dags/scripts/create_table.py
[2024-12-29T00:32:02.904+0000] {processor.py:925} INFO - DAG(s) 'create_table_dag' retrieved from /opt/airflow/dags/scripts/create_table.py
[2024-12-29T00:32:02.930+0000] {logging_mixin.py:190} INFO - [2024-12-29T00:32:02.929+0000] {dag.py:3239} INFO - Sync 1 DAGs
[2024-12-29T00:32:02.945+0000] {logging_mixin.py:190} INFO - [2024-12-29T00:32:02.945+0000] {dag.py:4180} INFO - Setting next_dagrun for create_table_dag to None, run_after=None
[2024-12-29T00:32:02.972+0000] {processor.py:208} INFO - Processing /opt/airflow/dags/scripts/create_table.py took 0.091 seconds
[2024-12-29T00:32:33.444+0000] {processor.py:186} INFO - Started process (PID=1682) to work on /opt/airflow/dags/scripts/create_table.py
[2024-12-29T00:32:33.447+0000] {processor.py:914} INFO - Processing file /opt/airflow/dags/scripts/create_table.py for tasks to queue
[2024-12-29T00:32:33.449+0000] {logging_mixin.py:190} INFO - [2024-12-29T00:32:33.449+0000] {dagbag.py:588} INFO - Filling up the DagBag from /opt/airflow/dags/scripts/create_table.py
[2024-12-29T00:32:33.461+0000] {processor.py:925} INFO - DAG(s) 'create_table_dag' retrieved from /opt/airflow/dags/scripts/create_table.py
[2024-12-29T00:32:33.487+0000] {logging_mixin.py:190} INFO - [2024-12-29T00:32:33.487+0000] {dag.py:3239} INFO - Sync 1 DAGs
[2024-12-29T00:32:33.502+0000] {logging_mixin.py:190} INFO - [2024-12-29T00:32:33.502+0000] {dag.py:4180} INFO - Setting next_dagrun for create_table_dag to None, run_after=None
[2024-12-29T00:32:33.530+0000] {processor.py:208} INFO - Processing /opt/airflow/dags/scripts/create_table.py took 0.092 seconds
[2024-12-29T00:33:04.345+0000] {processor.py:186} INFO - Started process (PID=1747) to work on /opt/airflow/dags/scripts/create_table.py
[2024-12-29T00:33:04.348+0000] {processor.py:914} INFO - Processing file /opt/airflow/dags/scripts/create_table.py for tasks to queue
[2024-12-29T00:33:04.352+0000] {logging_mixin.py:190} INFO - [2024-12-29T00:33:04.351+0000] {dagbag.py:588} INFO - Filling up the DagBag from /opt/airflow/dags/scripts/create_table.py
[2024-12-29T00:33:04.373+0000] {processor.py:925} INFO - DAG(s) 'create_table_dag' retrieved from /opt/airflow/dags/scripts/create_table.py
[2024-12-29T00:33:04.406+0000] {logging_mixin.py:190} INFO - [2024-12-29T00:33:04.405+0000] {dag.py:3239} INFO - Sync 1 DAGs
[2024-12-29T00:33:04.427+0000] {logging_mixin.py:190} INFO - [2024-12-29T00:33:04.426+0000] {dag.py:4180} INFO - Setting next_dagrun for create_table_dag to None, run_after=None
[2024-12-29T00:33:04.458+0000] {processor.py:208} INFO - Processing /opt/airflow/dags/scripts/create_table.py took 0.119 seconds
[2024-12-29T00:33:35.194+0000] {processor.py:186} INFO - Started process (PID=1812) to work on /opt/airflow/dags/scripts/create_table.py
[2024-12-29T00:33:35.196+0000] {processor.py:914} INFO - Processing file /opt/airflow/dags/scripts/create_table.py for tasks to queue
[2024-12-29T00:33:35.198+0000] {logging_mixin.py:190} INFO - [2024-12-29T00:33:35.198+0000] {dagbag.py:588} INFO - Filling up the DagBag from /opt/airflow/dags/scripts/create_table.py
[2024-12-29T00:33:35.213+0000] {processor.py:925} INFO - DAG(s) 'create_table_dag' retrieved from /opt/airflow/dags/scripts/create_table.py
[2024-12-29T00:33:35.244+0000] {logging_mixin.py:190} INFO - [2024-12-29T00:33:35.243+0000] {dag.py:3239} INFO - Sync 1 DAGs
[2024-12-29T00:33:35.264+0000] {logging_mixin.py:190} INFO - [2024-12-29T00:33:35.263+0000] {dag.py:4180} INFO - Setting next_dagrun for create_table_dag to None, run_after=None
[2024-12-29T00:33:35.297+0000] {processor.py:208} INFO - Processing /opt/airflow/dags/scripts/create_table.py took 0.109 seconds
[2024-12-29T00:34:05.646+0000] {processor.py:186} INFO - Started process (PID=1874) to work on /opt/airflow/dags/scripts/create_table.py
[2024-12-29T00:34:05.648+0000] {processor.py:914} INFO - Processing file /opt/airflow/dags/scripts/create_table.py for tasks to queue
[2024-12-29T00:34:05.651+0000] {logging_mixin.py:190} INFO - [2024-12-29T00:34:05.650+0000] {dagbag.py:588} INFO - Filling up the DagBag from /opt/airflow/dags/scripts/create_table.py
[2024-12-29T00:34:05.666+0000] {processor.py:925} INFO - DAG(s) 'create_table_dag' retrieved from /opt/airflow/dags/scripts/create_table.py
[2024-12-29T00:34:05.692+0000] {logging_mixin.py:190} INFO - [2024-12-29T00:34:05.692+0000] {dag.py:3239} INFO - Sync 1 DAGs
[2024-12-29T00:34:05.710+0000] {logging_mixin.py:190} INFO - [2024-12-29T00:34:05.710+0000] {dag.py:4180} INFO - Setting next_dagrun for create_table_dag to None, run_after=None
[2024-12-29T00:34:05.740+0000] {processor.py:208} INFO - Processing /opt/airflow/dags/scripts/create_table.py took 0.100 seconds
[2024-12-29T00:34:36.597+0000] {processor.py:186} INFO - Started process (PID=1939) to work on /opt/airflow/dags/scripts/create_table.py
[2024-12-29T00:34:36.600+0000] {processor.py:914} INFO - Processing file /opt/airflow/dags/scripts/create_table.py for tasks to queue
[2024-12-29T00:34:36.605+0000] {logging_mixin.py:190} INFO - [2024-12-29T00:34:36.604+0000] {dagbag.py:588} INFO - Filling up the DagBag from /opt/airflow/dags/scripts/create_table.py
[2024-12-29T00:34:36.633+0000] {processor.py:925} INFO - DAG(s) 'create_table_dag' retrieved from /opt/airflow/dags/scripts/create_table.py
[2024-12-29T00:34:36.673+0000] {logging_mixin.py:190} INFO - [2024-12-29T00:34:36.672+0000] {dag.py:3239} INFO - Sync 1 DAGs
[2024-12-29T00:34:36.707+0000] {logging_mixin.py:190} INFO - [2024-12-29T00:34:36.706+0000] {dag.py:4180} INFO - Setting next_dagrun for create_table_dag to None, run_after=None
[2024-12-29T00:34:36.739+0000] {processor.py:208} INFO - Processing /opt/airflow/dags/scripts/create_table.py took 0.154 seconds
[2024-12-29T00:35:07.119+0000] {processor.py:186} INFO - Started process (PID=2004) to work on /opt/airflow/dags/scripts/create_table.py
[2024-12-29T00:35:07.121+0000] {processor.py:914} INFO - Processing file /opt/airflow/dags/scripts/create_table.py for tasks to queue
[2024-12-29T00:35:07.124+0000] {logging_mixin.py:190} INFO - [2024-12-29T00:35:07.123+0000] {dagbag.py:588} INFO - Filling up the DagBag from /opt/airflow/dags/scripts/create_table.py
[2024-12-29T00:35:07.136+0000] {processor.py:925} INFO - DAG(s) 'create_table_dag' retrieved from /opt/airflow/dags/scripts/create_table.py
[2024-12-29T00:35:07.163+0000] {logging_mixin.py:190} INFO - [2024-12-29T00:35:07.162+0000] {dag.py:3239} INFO - Sync 1 DAGs
[2024-12-29T00:35:07.180+0000] {logging_mixin.py:190} INFO - [2024-12-29T00:35:07.180+0000] {dag.py:4180} INFO - Setting next_dagrun for create_table_dag to None, run_after=None
[2024-12-29T00:35:07.210+0000] {processor.py:208} INFO - Processing /opt/airflow/dags/scripts/create_table.py took 0.097 seconds
[2024-12-29T00:35:37.396+0000] {processor.py:186} INFO - Started process (PID=2069) to work on /opt/airflow/dags/scripts/create_table.py
[2024-12-29T00:35:37.398+0000] {processor.py:914} INFO - Processing file /opt/airflow/dags/scripts/create_table.py for tasks to queue
[2024-12-29T00:35:37.401+0000] {logging_mixin.py:190} INFO - [2024-12-29T00:35:37.400+0000] {dagbag.py:588} INFO - Filling up the DagBag from /opt/airflow/dags/scripts/create_table.py
[2024-12-29T00:35:37.415+0000] {processor.py:925} INFO - DAG(s) 'create_table_dag' retrieved from /opt/airflow/dags/scripts/create_table.py
[2024-12-29T00:35:37.437+0000] {logging_mixin.py:190} INFO - [2024-12-29T00:35:37.437+0000] {dag.py:3239} INFO - Sync 1 DAGs
[2024-12-29T00:35:37.453+0000] {logging_mixin.py:190} INFO - [2024-12-29T00:35:37.452+0000] {dag.py:4180} INFO - Setting next_dagrun for create_table_dag to None, run_after=None
[2024-12-29T00:35:37.492+0000] {processor.py:208} INFO - Processing /opt/airflow/dags/scripts/create_table.py took 0.102 seconds
[2024-12-29T00:36:08.210+0000] {processor.py:186} INFO - Started process (PID=2134) to work on /opt/airflow/dags/scripts/create_table.py
[2024-12-29T00:36:08.212+0000] {processor.py:914} INFO - Processing file /opt/airflow/dags/scripts/create_table.py for tasks to queue
[2024-12-29T00:36:08.215+0000] {logging_mixin.py:190} INFO - [2024-12-29T00:36:08.214+0000] {dagbag.py:588} INFO - Filling up the DagBag from /opt/airflow/dags/scripts/create_table.py
[2024-12-29T00:36:08.227+0000] {processor.py:925} INFO - DAG(s) 'create_table_dag' retrieved from /opt/airflow/dags/scripts/create_table.py
[2024-12-29T00:36:08.253+0000] {logging_mixin.py:190} INFO - [2024-12-29T00:36:08.252+0000] {dag.py:3239} INFO - Sync 1 DAGs
[2024-12-29T00:36:08.268+0000] {logging_mixin.py:190} INFO - [2024-12-29T00:36:08.268+0000] {dag.py:4180} INFO - Setting next_dagrun for create_table_dag to None, run_after=None
[2024-12-29T00:36:08.292+0000] {processor.py:208} INFO - Processing /opt/airflow/dags/scripts/create_table.py took 0.087 seconds
[2024-12-29T00:36:38.589+0000] {processor.py:186} INFO - Started process (PID=2199) to work on /opt/airflow/dags/scripts/create_table.py
[2024-12-29T00:36:38.591+0000] {processor.py:914} INFO - Processing file /opt/airflow/dags/scripts/create_table.py for tasks to queue
[2024-12-29T00:36:38.594+0000] {logging_mixin.py:190} INFO - [2024-12-29T00:36:38.594+0000] {dagbag.py:588} INFO - Filling up the DagBag from /opt/airflow/dags/scripts/create_table.py
[2024-12-29T00:36:38.606+0000] {processor.py:925} INFO - DAG(s) 'create_table_dag' retrieved from /opt/airflow/dags/scripts/create_table.py
[2024-12-29T00:36:38.629+0000] {logging_mixin.py:190} INFO - [2024-12-29T00:36:38.629+0000] {dag.py:3239} INFO - Sync 1 DAGs
[2024-12-29T00:36:38.644+0000] {logging_mixin.py:190} INFO - [2024-12-29T00:36:38.643+0000] {dag.py:4180} INFO - Setting next_dagrun for create_table_dag to None, run_after=None
[2024-12-29T00:36:38.668+0000] {processor.py:208} INFO - Processing /opt/airflow/dags/scripts/create_table.py took 0.084 seconds
[2024-12-29T00:37:08.723+0000] {processor.py:186} INFO - Started process (PID=2265) to work on /opt/airflow/dags/scripts/create_table.py
[2024-12-29T00:37:08.725+0000] {processor.py:914} INFO - Processing file /opt/airflow/dags/scripts/create_table.py for tasks to queue
[2024-12-29T00:37:08.728+0000] {logging_mixin.py:190} INFO - [2024-12-29T00:37:08.728+0000] {dagbag.py:588} INFO - Filling up the DagBag from /opt/airflow/dags/scripts/create_table.py
[2024-12-29T00:37:08.740+0000] {processor.py:925} INFO - DAG(s) 'create_table_dag' retrieved from /opt/airflow/dags/scripts/create_table.py
[2024-12-29T00:37:08.767+0000] {logging_mixin.py:190} INFO - [2024-12-29T00:37:08.767+0000] {dag.py:3239} INFO - Sync 1 DAGs
[2024-12-29T00:37:08.785+0000] {logging_mixin.py:190} INFO - [2024-12-29T00:37:08.785+0000] {dag.py:4180} INFO - Setting next_dagrun for create_table_dag to None, run_after=None
[2024-12-29T00:37:08.814+0000] {processor.py:208} INFO - Processing /opt/airflow/dags/scripts/create_table.py took 0.098 seconds
[2024-12-29T00:37:39.012+0000] {processor.py:186} INFO - Started process (PID=2330) to work on /opt/airflow/dags/scripts/create_table.py
[2024-12-29T00:37:39.029+0000] {processor.py:914} INFO - Processing file /opt/airflow/dags/scripts/create_table.py for tasks to queue
[2024-12-29T00:37:39.032+0000] {logging_mixin.py:190} INFO - [2024-12-29T00:37:39.032+0000] {dagbag.py:588} INFO - Filling up the DagBag from /opt/airflow/dags/scripts/create_table.py
[2024-12-29T00:37:39.048+0000] {processor.py:925} INFO - DAG(s) 'create_table_dag' retrieved from /opt/airflow/dags/scripts/create_table.py
[2024-12-29T00:37:39.074+0000] {logging_mixin.py:190} INFO - [2024-12-29T00:37:39.074+0000] {dag.py:3239} INFO - Sync 1 DAGs
[2024-12-29T00:37:39.093+0000] {logging_mixin.py:190} INFO - [2024-12-29T00:37:39.093+0000] {dag.py:4180} INFO - Setting next_dagrun for create_table_dag to None, run_after=None
[2024-12-29T00:37:39.122+0000] {processor.py:208} INFO - Processing /opt/airflow/dags/scripts/create_table.py took 0.117 seconds
[2024-12-29T00:38:09.761+0000] {processor.py:186} INFO - Started process (PID=2395) to work on /opt/airflow/dags/scripts/create_table.py
[2024-12-29T00:38:09.764+0000] {processor.py:914} INFO - Processing file /opt/airflow/dags/scripts/create_table.py for tasks to queue
[2024-12-29T00:38:09.767+0000] {logging_mixin.py:190} INFO - [2024-12-29T00:38:09.767+0000] {dagbag.py:588} INFO - Filling up the DagBag from /opt/airflow/dags/scripts/create_table.py
[2024-12-29T00:38:09.783+0000] {processor.py:925} INFO - DAG(s) 'create_table_dag' retrieved from /opt/airflow/dags/scripts/create_table.py
[2024-12-29T00:38:09.812+0000] {logging_mixin.py:190} INFO - [2024-12-29T00:38:09.811+0000] {dag.py:3239} INFO - Sync 1 DAGs
[2024-12-29T00:38:09.830+0000] {logging_mixin.py:190} INFO - [2024-12-29T00:38:09.829+0000] {dag.py:4180} INFO - Setting next_dagrun for create_table_dag to None, run_after=None
[2024-12-29T00:38:09.860+0000] {processor.py:208} INFO - Processing /opt/airflow/dags/scripts/create_table.py took 0.106 seconds
